np.random.permutation(males)[0:n_mar]
[ 4  0 14 22 20 18 11  5  8]
np.random.permutation(males)[0:n_mar]
[ 3  2 12 19 14 13  6 22 16]
np.random.permutation(males)[0:n_mar]
[10  2 19 16 23  9 22 13  3]
np.random.permutation(males)[0:n_mar]
[17  8  9  3 11 10  5 22 20]
np.random.permutation(males)[0:n_mar]
[17  1 14 19 15  5  4  0 13]
np.random.permutation(males)[0:n_mar]
[ 3 20  2  1 18  0  9 15  7]
np.random.permutation(males)[0:n_mar]
[13  9 23 21 12  2 16  4 18]
np.random.permutation(males)[0:n_mar]
[15 13  9  3  6 23 14 21 18]
np.random.permutation(males)[0:n_mar]
[23 13 17  1 18 20 22  3  0]
np.random.permutation(males)[0:n_mar]
[ 8  6 20 10 23  5  0  4  7]
np.random.permutation(males)[0:n_mar]
[ 8  6 23  4 22 17  1 16 18]
np.random.permutation(males)[0:n_mar]
[17 22  1 18 10 15 14  3  4]
np.random.permutation(males)[0:n_mar]
[15 12 11  2  1  6 17  8  3]
np.random.permutation(males)[0:n_mar]
[23 13 21  2 14 19 15 16 22]
np.random.permutation(males)[0:n_mar]
[10  0 20  2  4  9 17  8 12]
np.random.permutation(males)[0:n_mar]
[ 9  6  5 19  7  8  4 12 10]
np.random.permutation(males)[0:n_mar]
[19 23  1  8  7 10 22 13 20]
np.random.permutation(males)[0:n_mar]
[21  2  0 11  6 19 17 23 20]
np.random.permutation(males)[0:n_mar]
[ 1 22 20  4 15  3  6  0 10]
np.random.permutation(males)[0:n_mar]
[22 16 20  9  1  5 18  2  6]
np.random.permutation(males)[0:n_mar]
[19  8  9 21  5 23  3 14  6]
np.random.permutation(males)[0:n_mar]
[ 2 18  7  5  1  0 16 15 14]
np.random.permutation(males)[0:n_mar]
[18 14  2 23 16  8 13 15  9]
np.random.permutation(males)[0:n_mar]
[ 0 21 16  6 23 12 13 22 14]
np.random.permutation(males)[0:n_mar]
[11  5  2 13 21  4 10 14 15]
np.random.permutation(males)[0:n_mar]
[15 17 19 16 14  2  8 13 22]
np.random.permutation(males)[0:n_mar]
[ 1  2 19  5  6 13 10 12  9]
np.random.permutation(males)[0:n_mar]
[ 7 11  9 23 22  5 15  4 21]
np.random.permutation(males)[0:n_mar]
[19 12 13 21 18  4 23 20  6]
np.random.permutation(males)[0:n_mar]
[22  7 21 14 12 20  4 13 15]
np.random.permutation(males)[0:n_mar]
[13  6 23  4  7 16 18  2 17]
np.random.permutation(males)[0:n_mar]
[ 8  7  4 20 10  9  2 15  1]
np.random.permutation(males)[0:n_mar]
[23  0 22 20 21  8 14 16 12]
np.random.permutation(males)[0:n_mar]
[11  5  8 20  7 19  1 12  3]
np.random.permutation(males)[0:n_mar]
[17  5 21 16  0  2  4 23 18]
np.random.permutation(males)[0:n_mar]
[22  3  9  4 20  7 13 18  2]
np.random.permutation(males)[0:n_mar]
[ 9 18  2 20  7 14 12 23  6]
np.random.permutation(males)[0:n_mar]
[ 4  6 18 14 21  0  3  7 17]
np.random.permutation(males)[0:n_mar]
[20 23 12 16 21 14  0 22 13]
np.random.permutation(males)[0:n_mar]
[ 9 15  3  7 22  8 18  4 12]
np.random.permutation(males)[0:n_mar]
[20 10 17 21  7 13 19  5 16]
np.random.permutation(males)[0:n_mar]
[22  5  0 14 18 20 10  8 16]
np.random.permutation(males)[0:n_mar]
[ 2  4 21  3 20  0  7  8 11]
np.random.permutation(males)[0:n_mar]
[10 22 13 16  5 11 23  4 19]
np.random.permutation(males)[0:n_mar]
[20  6 10 21 16  5  1 22 18]
np.random.permutation(males)[0:n_mar]
[ 5  6  7  3 10  2  9 20  1]
np.random.permutation(males)[0:n_mar]
[20  0 17  5  4 15 22  9  1]
np.random.permutation(males)[0:n_mar]
[ 4  8 12 21  0  9 14 11  6]
np.random.permutation(males)[0:n_mar]
[13  5 16 17 22  2  6  4  7]
np.random.permutation(males)[0:n_mar]
[17 12 16  3  8  4 18  1  2]
np.random.permutation(males)[0:n_mar]
[21  5 15 16 19  3 23  7 10]
np.random.permutation(males)[0:n_mar]
[ 9 18 23 15  6 12  7  1  5]
np.random.permutation(males)[0:n_mar]
[20  7  9 17  6  2 18  1 14]
np.random.permutation(males)[0:n_mar]
[ 8  2  3 17  4  5  0 11  7]
np.random.permutation(males)[0:n_mar]
[ 7 17 19 20 22 15  2  6  5]
np.random.permutation(males)[0:n_mar]
[14 15  3 18 17 21  5  1 10]
np.random.permutation(males)[0:n_mar]
[16  2 22 19 20  3 10 12  5]
np.random.permutation(males)[0:n_mar]
[21 16 10  6 19  1  9  4 22]
np.random.permutation(males)[0:n_mar]
[17  9  1 20 16 18  6  4  3]
np.random.permutation(males)[0:n_mar]
[22  9 13 20  0  1 16  7 14]
np.random.permutation(males)[0:n_mar]
[ 8 17 13 14  5  3  0 15 18]
np.random.permutation(males)[0:n_mar]
[13  4 11 23 17 19  5 20  3]
np.random.permutation(males)[0:n_mar]
[13  9  7 21  0 16 15 11 12]
np.random.permutation(males)[0:n_mar]
[ 3 10  1  0 20 18 12  2  7]
np.random.permutation(males)[0:n_mar]
[14 23 18 13  7  1  3 12 15]
np.random.permutation(males)[0:n_mar]
[10 18 17  1 12 16 23 20  6]
np.random.permutation(males)[0:n_mar]
[ 3 20 23 22 17 12  2 19 18]
np.random.permutation(males)[0:n_mar]
[12  2 18 10 23  3 13  7 21]
np.random.permutation(males)[0:n_mar]
[18 21 12 15  2 13  8 22  1]
np.random.permutation(males)[0:n_mar]
[20  5 18 22  9  7  1 15 10]
np.random.permutation(males)[0:n_mar]
[ 6 12 11  8  2 13  1 16  7]
np.random.permutation(males)[0:n_mar]
[16  2 22  8  9 10 20 21  4]
np.random.permutation(males)[0:n_mar]
[15  2 22 13  4  0 12  3 21]
np.random.permutation(males)[0:n_mar]
[ 1  9  6  5 20 22  2 12 21]
np.random.permutation(males)[0:n_mar]
[20 21 14  9  3 22  1  8 10]
np.random.permutation(males)[0:n_mar]
[23  8  0 16  2 21 11 13  6]
np.random.permutation(males)[0:n_mar]
[ 7  3  5 13  1 21  9 16 20]
np.random.permutation(males)[0:n_mar]
[ 5 21  6 20 12 16 19 22  8]
np.random.permutation(males)[0:n_mar]
[ 7  2 12  5 13 23 19  6  8]
np.random.permutation(males)[0:n_mar]
[ 9 13 23 16  3 22  0  6  2]
np.random.permutation(males)[0:n_mar]
[ 6  8 13 20 14 17  7  1  4]
np.random.permutation(males)[0:n_mar]
[18  6  9 15  2 20  3 11 19]
np.random.permutation(males)[0:n_mar]
[ 9 16 12  3 17 15 22  4  5]
np.random.permutation(males)[0:n_mar]
[23  2 19  4 11 20 10 22  1]
np.random.permutation(males)[0:n_mar]
[18  4  1 10 11 21  5  6 22]
np.random.permutation(males)[0:n_mar]
[14  8 18  9 19  2 11 12  1]
np.random.permutation(males)[0:n_mar]
[ 7 16  5  1 21  4 12  6 13]
np.random.permutation(males)[0:n_mar]
[16 20  3 13  5  1 21 10 23]
np.random.permutation(males)[0:n_mar]
[21 19  6  9 18  7 10  0 14]
np.random.permutation(males)[0:n_mar]
[ 5 14 10  9 11 22  1 15  3]
np.random.permutation(males)[0:n_mar]
[16 21 20 18  0 14  9 13 22]
np.random.permutation(males)[0:n_mar]
[ 5 12 18  0  2 11  3  7 16]
np.random.permutation(males)[0:n_mar]
[23 19 10  9 21 11 13 16 22]
np.random.permutation(males)[0:n_mar]
[13  8 17 15  2 14 11  3 12]
np.random.permutation(males)[0:n_mar]
[21 11  6  7 20  9 23 13 22]
np.random.permutation(males)[0:n_mar]
[ 2 18 20 23  6 10 22 19  4]
np.random.permutation(males)[0:n_mar]
[ 6 13  1 17  5 15  9  2  3]
np.random.permutation(males)[0:n_mar]
[ 3 22  5  0  9 13 17 11 15]
np.random.permutation(males)[0:n_mar]
[10 20  5 12 17 11 18  3 15]
np.random.permutation(males)[0:n_mar]
[ 7 16 18  2 23 13 22 21 12]
np.random.permutation(males)[0:n_mar]
[ 5  8 19  6 21 23 22  3 10]
np.random.permutation(males)[0:n_mar]
[14  2  5 22  4 13  8  1 21]
np.random.permutation(males)[0:n_mar]
[11 18 15 13  7  4 17  5 21]
np.random.permutation(males)[0:n_mar]
[ 9 20 18  2 12  6 11 19 21]
np.random.permutation(males)[0:n_mar]
[ 3 12 15  8  4 23  2  6  0]
np.random.permutation(males)[0:n_mar]
[18 17 13  0 12 15 23  7 21]
np.random.permutation(males)[0:n_mar]
[11  2  5  4 19 10  6 22  0]
np.random.permutation(males)[0:n_mar]
[20  1  7 17 21  2 16 18  3]
np.random.permutation(males)[0:n_mar]
[ 5 22 13 12 20 21  2  1 17]
np.random.permutation(males)[0:n_mar]
[18 16 10  9  8  6  5  1  0]
np.random.permutation(males)[0:n_mar]
[18  9 20 14  3 16 21 10  8]
np.random.permutation(males)[0:n_mar]
[21  0 23  7 11 18  3  9 22]
np.random.permutation(males)[0:n_mar]
[ 5  4 14 13 19 15  8 22 16]
np.random.permutation(males)[0:n_mar]
[10 17 16 18  9 22  6 13  7]
np.random.permutation(males)[0:n_mar]
[19  4 23 12 16  2 21  1 22]
np.random.permutation(males)[0:n_mar]
[ 5  8  1  0 19 16 15 23 10]
np.random.permutation(males)[0:n_mar]
[10  1 17  8 14 22  7 18  6]
np.random.permutation(males)[0:n_mar]
[23 19  7  0 10  1 21 16 17]
np.random.permutation(males)[0:n_mar]
[ 8  1  9  3  2 14 15 20 10]
np.random.permutation(males)[0:n_mar]
[ 1  5  8 21  4  9 10 18  7]
np.random.permutation(males)[0:n_mar]
[10 20  6 17 23  4  5  0  7]
np.random.permutation(males)[0:n_mar]
[12  3 15 23 10 11  4 17  2]
np.random.permutation(males)[0:n_mar]
[ 9  7 16 15  0  5  2 18  4]
np.random.permutation(males)[0:n_mar]
[18 13 14  3 16  0  5  6  2]
np.random.permutation(males)[0:n_mar]
[16 18 20 22  8 14 17  5  0]
np.random.permutation(males)[0:n_mar]
[ 3  6 17  8 12  5 19 15 11]
np.random.permutation(males)[0:n_mar]
[12 10 17 22  3  0 23  2  1]
np.random.permutation(males)[0:n_mar]
[ 7 10 21  2 19 20  1  4 13]
np.random.permutation(males)[0:n_mar]
[13 10  2  6 18  0 15  4  1]
np.random.permutation(males)[0:n_mar]
[ 9  7 14 12 11 15 17  4 22]
np.random.permutation(males)[0:n_mar]
[23 10  5  2  8 16  7  4  3]
np.random.permutation(males)[0:n_mar]
[ 5  9  6  1 23 20 19  8 17]
np.random.permutation(males)[0:n_mar]
[ 1  5 11 13 20 21  2 16  4]
np.random.permutation(males)[0:n_mar]
[10 12 22 16 21 19 23 17 11]
np.random.permutation(males)[0:n_mar]
[ 3  6  9 19 16 11  4 17 15]
np.random.permutation(males)[0:n_mar]
[16  7  9  6 17 12 23  0 14]
np.random.permutation(males)[0:n_mar]
[18  9  2 14 10 22  3 21 13]
np.random.permutation(males)[0:n_mar]
[11  4 10 16 14 15  8  6  5]
np.random.permutation(males)[0:n_mar]
[13  7  5  1 22 10 20  3 21]
np.random.permutation(males)[0:n_mar]
[13  4  7 19 21  9 10  0 22]
np.random.permutation(males)[0:n_mar]
[21 10 15  2 22  1  6  5 13]
np.random.permutation(males)[0:n_mar]
[20  4 10 12 21 11  2 22  6]
np.random.permutation(males)[0:n_mar]
[10 22  3  5 16  0  8 13  4]
np.random.permutation(males)[0:n_mar]
[12 17 19  4 13 11 10 14  2]
np.random.permutation(males)[0:n_mar]
[17 13  7 21 14  0  6 16  9]
np.random.permutation(males)[0:n_mar]
[ 2  5 10 13 22 19  7 21 15]
np.random.permutation(males)[0:n_mar]
[15  9 22 18 11 14  7 16 12]
np.random.permutation(males)[0:n_mar]
[20  1 11  9 16 14 23 12  4]
np.random.permutation(males)[0:n_mar]
[ 7  3 11 19 18  2 13  8 23]
np.random.permutation(males)[0:n_mar]
[18 12 10  1  9 22 13  8  5]
np.random.permutation(males)[0:n_mar]
[10 13  1 11 15  5 14 20  2]
np.random.permutation(males)[0:n_mar]
[20  3  1 15  5  2 22 13 14]
np.random.permutation(males)[0:n_mar]
[11  2 17 20 14 15 22  7  5]
np.random.permutation(males)[0:n_mar]
[ 4  1  9 14 19  8  6 11 15]
np.random.permutation(males)[0:n_mar]
[16 14 18  1 17 11  6  3 10]
np.random.permutation(males)[0:n_mar]
[12 15 22  2  6  4 17 14 16]
np.random.permutation(males)[0:n_mar]
[ 5  1 23 18 22 10  9  4  6]
np.random.permutation(males)[0:n_mar]
[ 3 15  5 16  6 18 10  0  4]
np.random.permutation(males)[0:n_mar]
[19 18 20 15  2  4  3 12 14]
np.random.permutation(males)[0:n_mar]
[13  3 12 10 22  8  7  5  1]
np.random.permutation(males)[0:n_mar]
[ 3 21  9 23 11 22 20 13 14]
np.random.permutation(males)[0:n_mar]
[ 9 13 11 20 18 16 23  8  1]
np.random.permutation(males)[0:n_mar]
[ 3 16 13 21 10  7  0 15  8]
np.random.permutation(males)[0:n_mar]
[11 17  3  9  6 12  8 23  0]
np.random.permutation(males)[0:n_mar]
[20 15 16 11  9  0 17  1  6]
np.random.permutation(males)[0:n_mar]
[10  1 13  6  7 20 17 18 23]
np.random.permutation(males)[0:n_mar]
[ 5  8 20 14  0 22 18 17 10]
np.random.permutation(males)[0:n_mar]
[11 12 19  2 21  5  9 10 23]
np.random.permutation(males)[0:n_mar]
[20 10 13  0 15 12 17 22 14]
np.random.permutation(males)[0:n_mar]
[ 7  3 22 20  0  1  4  9 21]
np.random.permutation(males)[0:n_mar]
[ 6  5  8 13 21  0 16 20 12]
np.random.permutation(males)[0:n_mar]
[23 13 12  9  1 18  3  4 17]
np.random.permutation(males)[0:n_mar]
[23 22 17 20 21 10 16  5  2]
np.random.permutation(males)[0:n_mar]
[20 19 18  1  8 21  5  4  3]
np.random.permutation(males)[0:n_mar]
[11  7 21 13 18 23 16  6 12]
np.random.permutation(males)[0:n_mar]
[19 16  4 20  8 18 21 23 17]
np.random.permutation(males)[0:n_mar]
[ 4  8 18 11 19  1 22 13 12]
np.random.permutation(males)[0:n_mar]
[10  3 17 21 11  6 12 13 14]
np.random.permutation(males)[0:n_mar]
[16 22 10  5 20  3  7  2  4]
np.random.permutation(males)[0:n_mar]
[ 9 23 19 13  1  6 15  4  5]
np.random.permutation(males)[0:n_mar]
[13  9  4 17  6 16 15 21  1]
np.random.permutation(males)[0:n_mar]
[13  0 14  5 12  2 18 15 21]
np.random.permutation(males)[0:n_mar]
[21 16  9 20 14  0 11  8 12]
np.random.permutation(males)[0:n_mar]
[19  4 17 21  9  7  1 18  2]
np.random.permutation(males)[0:n_mar]
[ 5 21 16  1  7 11  3 12 22]
np.random.permutation(males)[0:n_mar]
[ 3  6 15 23  2  8  9 22  4]
np.random.permutation(males)[0:n_mar]
[ 2  5 15 19 12  0  6 17 22]
np.random.permutation(males)[0:n_mar]
[17 14 13  9  8  7 23  5 22]
np.random.permutation(males)[0:n_mar]
[ 7  9 19  8 22 20  4 16  2]
np.random.permutation(males)[0:n_mar]
[21  3 12  4 17  1  6  8 20]
np.random.permutation(males)[0:n_mar]
[12 11 10  8  6 21  7  0 19]
np.random.permutation(males)[0:n_mar]
[16  0 17 18 21 12  3  4 14]
np.random.permutation(males)[0:n_mar]
[16 19  7  9  1  5  4 18  2]
np.random.permutation(males)[0:n_mar]
[20 16 15  0  5  8 11 23 21]
np.random.permutation(males)[0:n_mar]
[ 8 18  0 19  2 21 14 10 16]
np.random.permutation(males)[0:n_mar]
[15 19  7  6 16 13  3 10  2]
np.random.permutation(males)[0:n_mar]
[14  8 20 16  2 17  9 22  3]
np.random.permutation(males)[0:n_mar]
[ 9  7 13  1 11 23 15 10 20]
np.random.permutation(males)[0:n_mar]
[ 4 22 17 18 15 11 12  5  1]
np.random.permutation(males)[0:n_mar]
[20 15  3 12 13  0 14 17  4]
np.random.permutation(males)[0:n_mar]
[10 14 19  3  9  4 16  7  6]
np.random.permutation(males)[0:n_mar]
[11 21 23  5  1  0  7  8 20]
np.random.permutation(males)[0:n_mar]
[11  9 13  6 19 23  3 15  1]
np.random.permutation(males)[0:n_mar]
[23  6 16 13 19  0 10  5 14]
np.random.permutation(males)[0:n_mar]
[ 8 15 22 16 11 13  1 10  5]
np.random.permutation(males)[0:n_mar]
[12  5  4  6 22 13 15 16  8]
np.random.permutation(males)[0:n_mar]
[ 4 21 22 15  1  9 16 19  8]
np.random.permutation(males)[0:n_mar]
[12 11 16  5  8 10 22  7 23]
np.random.permutation(males)[0:n_mar]
[18  1  0 16 13  5 15  6  8]
np.random.permutation(males)[0:n_mar]
[23  8 15  1  4  6 18  2 14]
np.random.permutation(males)[0:n_mar]
[23 18  9 14 19 21  2 11  1]
np.random.permutation(males)[0:n_mar]
[18  6  2 22 11 16 13  4 15]
np.random.permutation(males)[0:n_mar]
[15 20  5  4 18 14 22 23  6]
np.random.permutation(males)[0:n_mar]
[ 9  2 12 22 23 15 17 20  1]
np.random.permutation(males)[0:n_mar]
[21 11  6 22  5 20  3 18  8]
np.random.permutation(males)[0:n_mar]
[14  4  6 18 13  5 10 22 12]
np.random.permutation(males)[0:n_mar]
[10  2  0 14  8 23  7 19 20]
np.random.permutation(males)[0:n_mar]
[ 7 20 21 17  4 22 13  8 19]
np.random.permutation(males)[0:n_mar]
[23  1  8 19 15  0 21  7 14]
np.random.permutation(males)[0:n_mar]
[ 7 22  8  0 12 10 15 18  6]
np.random.permutation(males)[0:n_mar]
[11  1  6 22  9 18 23  0  8]
np.random.permutation(males)[0:n_mar]
[ 7  6 20 10 12 18  8 19 11]
np.random.permutation(males)[0:n_mar]
[22 11 20  1  3  2 18 15  8]
np.random.permutation(males)[0:n_mar]
[23  2 20  6 12  9 16 22  1]
np.random.permutation(males)[0:n_mar]
[ 5  2 13 21 11  8 17  7 20]
np.random.permutation(males)[0:n_mar]
[ 1 13 22 14 10  8 11  5  6]
np.random.permutation(males)[0:n_mar]
[19 11  3  6 12 23 10 13 17]
np.random.permutation(males)[0:n_mar]
[ 7 12 17 23 19  8  3 15 22]
np.random.permutation(males)[0:n_mar]
[ 9  0 21 11 19  4  7  5 13]
np.random.permutation(males)[0:n_mar]
[16  1  8 10 19 21 14  2 22]
np.random.permutation(males)[0:n_mar]
[18  1  4 17 22 13 15 20  6]
np.random.permutation(males)[0:n_mar]
[ 4 15  7 20 22 21 12 14 13]
np.random.permutation(males)[0:n_mar]
[22  2  5  8 14 12  6 13 11]
np.random.permutation(males)[0:n_mar]
[ 5 10  8 19  1 12  4  0  2]
np.random.permutation(males)[0:n_mar]
[ 5 16  0 12 13 21  6  2  1]
np.random.permutation(males)[0:n_mar]
[11 23 13  4 16 17  1  6 18]
np.random.permutation(males)[0:n_mar]
[14  7 22  5 23 21  6 15 16]
np.random.permutation(males)[0:n_mar]
[21  2 12 22  5 20 10  9 15]
np.random.permutation(males)[0:n_mar]
[18  5 11  8 12  1  6 17  2]
np.random.permutation(males)[0:n_mar]
[ 6 12 23 22 16  8  3 14  0]
np.random.permutation(males)[0:n_mar]
[11  0 12 18 10  6  5  4 15]
np.random.permutation(males)[0:n_mar]
[ 3 13  4 17  2 21  8  1 15]
np.random.permutation(males)[0:n_mar]
[11  0 18  2  3  6  9 15  8]
np.random.permutation(males)[0:n_mar]
[ 1  5 21 20 16  3 22 10 15]
np.random.permutation(males)[0:n_mar]
[ 1 21  8  4  5 14 10 20 19]
np.random.permutation(males)[0:n_mar]
[16 12 13  8  1 18  7 21  9]
np.random.permutation(males)[0:n_mar]
[ 7 17 21  8  3 11 23  1 22]
np.random.permutation(males)[0:n_mar]
[ 2 11 17  8  3  0 14 20  6]
np.random.permutation(males)[0:n_mar]
[18  8 17  7 20 23 10 16  0]
np.random.permutation(males)[0:n_mar]
[11 15 13  9 20  6 19  4 16]
np.random.permutation(males)[0:n_mar]
[ 9 13 23 15 12  3  7  4  8]
np.random.permutation(males)[0:n_mar]
[12 17  2  9 16 10 11 13 22]
np.random.permutation(males)[0:n_mar]
[22  1  6 20  7  2  4  0 15]
np.random.permutation(males)[0:n_mar]
[12  6 13  9  7 18 17 20  1]
np.random.permutation(males)[0:n_mar]
[10 12  0 22 11 20  7  5 21]
np.random.permutation(males)[0:n_mar]
[ 6 11  0 10 22  1 21  8 12]
np.random.permutation(males)[0:n_mar]
[23  4 17 20 16 19  9 13  3]
np.random.permutation(males)[0:n_mar]
[ 1 11  9 16 17 14 21 13 15]
np.random.permutation(males)[0:n_mar]
[ 9  1 18 23  6  0  2 10  7]
np.random.permutation(males)[0:n_mar]
[ 6 12  5  7 11  8 13 23 14]
np.random.permutation(males)[0:n_mar]
[18 22 19 14 16  4 17 21  1]
np.random.permutation(males)[0:n_mar]
[16 11 19  5 10  7 18 22 23]
np.random.permutation(males)[0:n_mar]
[ 4  9 10  8 20 13 14 19  0]
np.random.permutation(males)[0:n_mar]
[ 2 15  5 17 20 13 16  3  6]
np.random.permutation(males)[0:n_mar]
[ 3  5 16  6 23  8  1 17 20]
np.random.permutation(males)[0:n_mar]
[ 1 17  7 14  5  8 21 13  0]
np.random.permutation(males)[0:n_mar]
[ 8  3  4  1  2 16  9 10 14]
np.random.permutation(males)[0:n_mar]
[18  9 17 15  4 12  1 13 19]
np.random.permutation(males)[0:n_mar]
[15 22  4 11  8 13 17  9 14]
np.random.permutation(males)[0:n_mar]
[ 6 22  9 13 10 21 16  4  5]
np.random.permutation(males)[0:n_mar]
[16  9 18 23  4 20 13 14 15]
np.random.permutation(males)[0:n_mar]
[14 13 19  9  2  1 23  4 20]
np.random.permutation(males)[0:n_mar]
[ 9 17 12 19 21 14  1  2 23]
np.random.permutation(males)[0:n_mar]
[ 1  7 13 22 14  3 11 16 17]
np.random.permutation(males)[0:n_mar]
[12 10 17 13  8  5  4 16 19]
np.random.permutation(males)[0:n_mar]
[ 5 20 13 18 23 14  8  0  6]
np.random.permutation(males)[0:n_mar]
[10 19  5 16  1 22 14  2 23]
np.random.permutation(males)[0:n_mar]
[ 3  5 16 10 23 21 13  9 17]
np.random.permutation(males)[0:n_mar]
[22  0 11 15  7  5 12 13  9]
np.random.permutation(males)[0:n_mar]
[ 5  8  9 15  6 14 10  1 22]
np.random.permutation(males)[0:n_mar]
[14 22 21  4 20 11  7 23 12]
np.random.permutation(males)[0:n_mar]
[ 4 12 13 14  5 11 21 19 17]
np.random.permutation(males)[0:n_mar]
[10 11  5  4 23 15  6 20  1]
np.random.permutation(males)[0:n_mar]
[13 22  7  4  3 15 14  8  9]
np.random.permutation(males)[0:n_mar]
[ 1  9 17 15 13  4 11  7 19]
np.random.permutation(males)[0:n_mar]
[ 2 22 19 12  0 10  4 15 14]
np.random.permutation(males)[0:n_mar]
[ 2  5 11  3 20 22  9  1 23]
np.random.permutation(males)[0:n_mar]
[ 1  6 12  2 22 21  9  0 10]
np.random.permutation(males)[0:n_mar]
[17 13  5 10  7 11 15  1 23]
np.random.permutation(males)[0:n_mar]
[14  4 21 17  2  1  3  7 19]
np.random.permutation(males)[0:n_mar]
[ 7 22  5  3 12  8  6 18 11]
np.random.permutation(males)[0:n_mar]
[ 9 11  4 16 18  3  5  1 17]
np.random.permutation(males)[0:n_mar]
[18  3  7 12 22  8  5  0 16]
np.random.permutation(males)[0:n_mar]
[ 2 22 10 18 12  0  1  5  8]
np.random.permutation(males)[0:n_mar]
[15 20  5 12  8 14 10  4 22]
np.random.permutation(males)[0:n_mar]
[21 11  8 19 18  9  7 10 22]
np.random.permutation(males)[0:n_mar]
[16 17  4 15  8  6 13  2 18]
np.random.permutation(males)[0:n_mar]
[ 1 14 13 21  2 11  3 20 19]
np.random.permutation(males)[0:n_mar]
[13  3 15 18 12  1  6 23 10]
np.random.permutation(males)[0:n_mar]
[15 21  5 11  0  1  9  2 13]
np.random.permutation(males)[0:n_mar]
[ 6 12 18 19 11  0  2 21  3]
np.random.permutation(males)[0:n_mar]
[17  6 15  9 21 16 19 22 18]
np.random.permutation(males)[0:n_mar]
[ 3 17  5 11 13 21  4  9 18]
np.random.permutation(males)[0:n_mar]
[ 8 18  9  7 19 20 23 21 11]
np.random.permutation(males)[0:n_mar]
[ 5 14  8 22  2  4 10 16 21]
np.random.permutation(males)[0:n_mar]
[21  6 17 18  3  9 13  5 19]
np.random.permutation(males)[0:n_mar]
[22 18  9 20  8 13 17 14  7]
np.random.permutation(males)[0:n_mar]
[23  2  6  0 11 15 12 18  3]
np.random.permutation(males)[0:n_mar]
[ 2  6  1 15 13 19 22  4  7]
np.random.permutation(males)[0:n_mar]
[16  0 20 22  3 14  7 12  2]
np.random.permutation(males)[0:n_mar]
[19 21 12 14  4 11  3  0 15]
np.random.permutation(males)[0:n_mar]
[22 17  1 18  7 21 14  9  6]
np.random.permutation(males)[0:n_mar]
[11 18  5  2 23  7  6 10 16]
np.random.permutation(males)[0:n_mar]
[17 14  3 15 12 22 21 13 11]
np.random.permutation(males)[0:n_mar]
[15 11  2 13  9  8 21  6  0]
np.random.permutation(males)[0:n_mar]
[13 20  4 22  5  0 10 21  6]
np.random.permutation(males)[0:n_mar]
[ 8  5 19 21 17  6 14 15 10]
np.random.permutation(males)[0:n_mar]
[16 23 17 13 22  3  5 14  6]
np.random.permutation(males)[0:n_mar]
[19 23 22  7  2 21 11 10 18]
np.random.permutation(males)[0:n_mar]
[ 8 22  3 18 16  7 10  5 21]
np.random.permutation(males)[0:n_mar]
[ 0  3  1 14  9 12 13  2 23]
np.random.permutation(males)[0:n_mar]
[ 9 12 21 22 20  4 15  6  2]
np.random.permutation(males)[0:n_mar]
[13 17  2  1  0  5 14  8  7]
np.random.permutation(males)[0:n_mar]
[18 16 19  0  4  6  7 11 14]
np.random.permutation(males)[0:n_mar]
[ 5  8 15  7  1 23 14  6 11]
np.random.permutation(males)[0:n_mar]
[ 4 18 12  2 23 22 10 17  7]
np.random.permutation(males)[0:n_mar]
[ 1 18  6 15 19 13  5  0 22]
np.random.permutation(males)[0:n_mar]
[ 6  4  3 13  9 22  0 23  1]
np.random.permutation(males)[0:n_mar]
[ 5  0 20  9 23 14 13 18 16]
np.random.permutation(males)[0:n_mar]
[ 0  1  6 16  5 13  4 18 19]
np.random.permutation(males)[0:n_mar]
[13  2  5 16 15 12 21 17  4]
np.random.permutation(males)[0:n_mar]
[19 11  7  0  1 10  6  2 13]
np.random.permutation(males)[0:n_mar]
[ 3 22  2 19  4 21  5 17  9]
np.random.permutation(males)[0:n_mar]
[10 22  9 11 23 19  3 16  7]
np.random.permutation(males)[0:n_mar]
[ 2 13  9 22 11 10  7 21 18]
np.random.permutation(males)[0:n_mar]
[ 9 10  7 20 19  3 23  1  0]
np.random.permutation(males)[0:n_mar]
[16 21  3 22 19  5  2 14  6]
np.random.permutation(males)[0:n_mar]
[ 0 20  9 18 14 21  8 22  4]
np.random.permutation(males)[0:n_mar]
[ 9 19 18  7  4  1 20  2 13]
np.random.permutation(males)[0:n_mar]
[ 6  4 23 14  1 15 19 17  7]
np.random.permutation(males)[0:n_mar]
[ 2 21 13  7 14 19 10 23  0]
np.random.permutation(males)[0:n_mar]
[18 14  4  3  7 21 12  5 13]
np.random.permutation(males)[0:n_mar]
[ 5  9 15  2 14 17 13  8  6]
np.random.permutation(males)[0:n_mar]
[10 21  7 23  1 22  0 13  9]
np.random.permutation(males)[0:n_mar]
[ 7  2 23  0  9  3 13 22 18]
np.random.permutation(males)[0:n_mar]
[ 1  4  9 20  0  2 23 12 14]
np.random.permutation(males)[0:n_mar]
[ 3 11  6  0  5 22 15  4 12]
np.random.permutation(males)[0:n_mar]
[11  0 17 15  6  2  7 20  3]
np.random.permutation(males)[0:n_mar]
[10  0 17 11  9 16 15  8 23]
np.random.permutation(males)[0:n_mar]
[22 12 16  8 14 13  2  3 23]
np.random.permutation(males)[0:n_mar]
[14 15 17 22  6  8 12  2 18]
np.random.permutation(males)[0:n_mar]
[11  1  0  5 22 20  3 17 12]
np.random.permutation(males)[0:n_mar]
[ 7  8 19 17  1 10 21 14  2]
np.random.permutation(males)[0:n_mar]
[18 11 23 21  2 15  4  8  1]
np.random.permutation(males)[0:n_mar]
[ 3  6  9  2  1  5 18 19 11]
np.random.permutation(males)[0:n_mar]
[13  7 11 14 21  0  5  6  9]
np.random.permutation(males)[0:n_mar]
[ 8 21  6 13  0  5 18  3 12]
np.random.permutation(males)[0:n_mar]
[ 0 15 23  8  4 22 16 14  7]
np.random.permutation(males)[0:n_mar]
[22 20  4  1  5 11 12 19  2]
np.random.permutation(males)[0:n_mar]
[ 0 15  9 23 17  6 12  8  5]
np.random.permutation(males)[0:n_mar]
[11 23  1  0 22  3  5 15  4]
np.random.permutation(males)[0:n_mar]
[ 3 12  1  8  9 21  2 18 13]
np.random.permutation(males)[0:n_mar]
[ 6 16  3 22 20 18 19 13  4]
np.random.permutation(males)[0:n_mar]
[23 11 16 19 17  4 22 20 18]
np.random.permutation(males)[0:n_mar]
[ 8 15 16  6 22 13 21 12 20]
np.random.permutation(males)[0:n_mar]
[ 7 21 15 10  6 23 19 11 13]
np.random.permutation(males)[0:n_mar]
[22  2 16  3  9 20 17  8 14]
np.random.permutation(males)[0:n_mar]
[ 8 19 20 12  4 11  6  0 21]
np.random.permutation(males)[0:n_mar]
[ 7  9 13 18 19 14 17  2 23]
np.random.permutation(males)[0:n_mar]
[23 12 20 17  0  3 21 13  5]
np.random.permutation(males)[0:n_mar]
[ 7 10  3 22 17  5 12 23 14]
np.random.permutation(males)[0:n_mar]
[10  3 20 16  9  1  2 13  5]
np.random.permutation(males)[0:n_mar]
[22 17  4 10 12  0  9  5 21]
np.random.permutation(males)[0:n_mar]
[ 8 14  6  4  7 10 17 16 21]
np.random.permutation(males)[0:n_mar]
[15 21  2  8 17 19  6 10 13]
np.random.permutation(males)[0:n_mar]
[ 0  7  2  1 19 11 14 20 23]
np.random.permutation(males)[0:n_mar]
[21  7 15 13  6 10 19  2 20]
np.random.permutation(males)[0:n_mar]
[13  6 11 15 16 12  3  9 18]
np.random.permutation(males)[0:n_mar]
[ 6  0  1  4  2 17 11 12  9]
np.random.permutation(males)[0:n_mar]
[15  1  6  5 18 16 19 23  4]
np.random.permutation(males)[0:n_mar]
[16  3  7  5 15  8 14  2 21]
np.random.permutation(males)[0:n_mar]
[21  3  8 10  6 13  7  4 11]
np.random.permutation(males)[0:n_mar]
[10 19  4 23  2  8 13  0  5]
np.random.permutation(males)[0:n_mar]
[17 13  0  8 18  1 21 23 12]
np.random.permutation(males)[0:n_mar]
[15 20 12 16  5  2 13  8 14]
np.random.permutation(males)[0:n_mar]
[20 14 17  6  9  5 19  2  3]
np.random.permutation(males)[0:n_mar]
[22  1  2  8 17  0  9  3 10]
np.random.permutation(males)[0:n_mar]
[16 23 18 17 19  7  5 15 11]
np.random.permutation(males)[0:n_mar]
[20  6 13  5 11 18 12 14  3]
np.random.permutation(males)[0:n_mar]
[15  6 23  8 16 11 12  2  9]
np.random.permutation(males)[0:n_mar]
[22 21 23  2 11  0  9 12 16]
np.random.permutation(males)[0:n_mar]
[17 11 23  6 13 22  9 15  8]
np.random.permutation(males)[0:n_mar]
[ 0 11  8  7 15  2 23  6 18]
np.random.permutation(males)[0:n_mar]
[ 0  8 18 22  7  3  5 14 16]
np.random.permutation(males)[0:n_mar]
[12 23 14 11  2  3  6 20 22]
np.random.permutation(males)[0:n_mar]
[15  1  7 22 20  5  8  9 23]
np.random.permutation(males)[0:n_mar]
[13 12 10 19 18  2  7  3  8]
np.random.permutation(males)[0:n_mar]
[21 12  8  6 19  9  4 23  7]
np.random.permutation(males)[0:n_mar]
[ 7 11  9  3 10  1 16  6 17]
np.random.permutation(males)[0:n_mar]
[11  2  5  6 10 12  7 17  9]
np.random.permutation(males)[0:n_mar]
[18  9 22  8  7 17 19 23 21]
np.random.permutation(males)[0:n_mar]
[ 2 18 15 23 12 17 19 21  3]
np.random.permutation(males)[0:n_mar]
[ 5 22  2 19 20 18 21  1 14]
np.random.permutation(males)[0:n_mar]
[ 3 16  5 10 15  7 22  9 23]
np.random.permutation(males)[0:n_mar]
[14  8 18  1 12 15 20 16  9]
np.random.permutation(males)[0:n_mar]
[21  3 16 19  8  7  2 12 11]
np.random.permutation(males)[0:n_mar]
[21  5  4  6 10 22  7  0 14]
np.random.permutation(males)[0:n_mar]
[15 11 21  8 17 18  9 22 20]
np.random.permutation(males)[0:n_mar]
[ 5 12 23 10 14  7 17 13 11]
np.random.permutation(males)[0:n_mar]
[15 10 18 19  2  1  0 11 13]
np.random.permutation(males)[0:n_mar]
[ 9  1 21  8 12 19  3 11  7]
np.random.permutation(males)[0:n_mar]
[21  4 19  8  5  6 16 22 12]
np.random.permutation(males)[0:n_mar]
[ 5 19  0  1  2  3  6 10 21]
np.random.permutation(males)[0:n_mar]
[ 0 18 10 17 16 20  5  8  1]
np.random.permutation(males)[0:n_mar]
[14  2 20 12 15 11 19  4  7]
np.random.permutation(males)[0:n_mar]
[ 6 15 14 11  5 23  3  7  9]
np.random.permutation(males)[0:n_mar]
[13 21 18  0  4 12  2  7 23]
np.random.permutation(males)[0:n_mar]
[14 15 18  0  9 22  5 17 21]
np.random.permutation(males)[0:n_mar]
[11 21  0  9 19 23  8 17 13]
np.random.permutation(males)[0:n_mar]
[16 17 10  1  8  2 19 12  0]
np.random.permutation(males)[0:n_mar]
[ 1  5 20  3  6  7 14 22  9]
np.random.permutation(males)[0:n_mar]
[21  5  2 12 22  3  1 11 18]
np.random.permutation(males)[0:n_mar]
[11  2 12  1  4 22  0 20  6]
np.random.permutation(males)[0:n_mar]
[21 16  1 15  7  5  2 14  4]
np.random.permutation(males)[0:n_mar]
[23 21 10 14  2 13  7 19  6]
np.random.permutation(males)[0:n_mar]
[15 10  0  6 21 16 12  5 18]
np.random.permutation(males)[0:n_mar]
[20  4 12  1 15  2  0 14  6]
np.random.permutation(males)[0:n_mar]
[ 6  2 22  1  8 19 15 10  9]
np.random.permutation(males)[0:n_mar]
[16 21 20  7  6 19  3  8 10]
np.random.permutation(males)[0:n_mar]
[10 22  5  6 21  4 12 13 20]
np.random.permutation(males)[0:n_mar]
[11  3  2  1  7 23 18 14 16]
np.random.permutation(males)[0:n_mar]
[16  0  7 13  3  2  4 23  9]
np.random.permutation(males)[0:n_mar]
[ 4 13  6  1  0  9  3 11  5]
np.random.permutation(males)[0:n_mar]
[22 23 15  5 10  1  8  4  6]
np.random.permutation(males)[0:n_mar]
[17 19 14  6 23 12 21 22  4]
np.random.permutation(males)[0:n_mar]
[14 12 15  1 16 22 21  3 23]
np.random.permutation(males)[0:n_mar]
[ 2 22  5 23 12 21  8 20 14]
np.random.permutation(males)[0:n_mar]
[ 4 17 21  8 20 15 14 10  1]
np.random.permutation(males)[0:n_mar]
[20  0 16 21 14  9 22  5  3]
np.random.permutation(males)[0:n_mar]
[21  0  5 14 19 23 15  6 20]
np.random.permutation(males)[0:n_mar]
[ 5 23 13  6 10  9 12 19  0]
np.random.permutation(males)[0:n_mar]
[19  8  3 23  4  0 14 16 20]
np.random.permutation(males)[0:n_mar]
[15  4  8 13  3 19  0 14  6]
np.random.permutation(males)[0:n_mar]
[ 0 22 18  3 17  8  2  4  9]
np.random.permutation(males)[0:n_mar]
[ 1  2  5 10 14 20 18 11  0]
np.random.permutation(males)[0:n_mar]
[ 2  6 19 18 13 20 11  7  3]
np.random.permutation(males)[0:n_mar]
[ 0 12  7 21 17 15  5 16 11]
np.random.permutation(males)[0:n_mar]
[ 5 19 17  1 20 21 10 23 13]
np.random.permutation(males)[0:n_mar]
[ 2 14  7  6  0  8  4  1  9]
np.random.permutation(males)[0:n_mar]
[18  6 22 21  8 20  3  7 12]
np.random.permutation(males)[0:n_mar]
[17 16 22  4 11 21  7  3  0]
np.random.permutation(males)[0:n_mar]
[ 5 15  6 21  9 12 14 19 20]
np.random.permutation(males)[0:n_mar]
[ 0  8 10 16 22 13 11  2 18]
np.random.permutation(males)[0:n_mar]
[ 3  4 15 10  0  7 16 22 21]
np.random.permutation(males)[0:n_mar]
[ 1 12 10 13 16  2  0 20 14]
np.random.permutation(males)[0:n_mar]
[ 3  6 18 19 15 23 13  9 11]
np.random.permutation(males)[0:n_mar]
[ 8 15  5 14  7  9 13 18 21]
np.random.permutation(males)[0:n_mar]
[ 9 19  6 11 10 12 18  8 22]
np.random.permutation(males)[0:n_mar]
[10  9  0 18 21  6 15 20 17]
np.random.permutation(males)[0:n_mar]
[13 19  3 18  8 15 11  5 20]
np.random.permutation(males)[0:n_mar]
[ 0  7  3 16  5  8  6 22  1]
np.random.permutation(males)[0:n_mar]
[ 9 10 22 21  5 11 12  3 16]
np.random.permutation(males)[0:n_mar]
[20  3  8 15 18 23  5 12 10]
np.random.permutation(males)[0:n_mar]
[23  7 15 19  2 17  1 22  0]
np.random.permutation(males)[0:n_mar]
[17  5  0  1  7 14 16 10  4]
np.random.permutation(males)[0:n_mar]
[12  1 10  7  3 21 18  5 23]
np.random.permutation(males)[0:n_mar]
[15 23  9  8  4 17 20 11 16]
np.random.permutation(males)[0:n_mar]
[12 11 17  8 23  2 22 16  9]
np.random.permutation(males)[0:n_mar]
[ 9  5  4  2 11  7 13 15 22]
np.random.permutation(males)[0:n_mar]
[17  2 14  8 21 11  9  4  7]
np.random.permutation(males)[0:n_mar]
[12  1  2  7 11  4 14 15 22]
np.random.permutation(males)[0:n_mar]
[18 20  8 16  7 10  9 11 23]
np.random.permutation(males)[0:n_mar]
[12 11  0  2 17 22  1 16 14]
np.random.permutation(males)[0:n_mar]
[12 14  6 15  5 11 22  2  3]
np.random.permutation(males)[0:n_mar]
[ 2  1  9 18 14  5  3 11 10]
np.random.permutation(males)[0:n_mar]
[11 16 13 18  9  5  4  2  7]
np.random.permutation(males)[0:n_mar]
[12  1 23 13  7 18 11 22 21]
np.random.permutation(males)[0:n_mar]
[ 2  1 22  4 21  3 17  8 18]
np.random.permutation(males)[0:n_mar]
[ 7 14 17  5  6 15  4 20 18]
np.random.permutation(males)[0:n_mar]
[17  3 21 14 19 12  4  6 16]
np.random.permutation(males)[0:n_mar]
[ 5 10 18  4 11 22  2 16 17]
np.random.permutation(males)[0:n_mar]
[15  1 10  8 21  2 19  7 18]
np.random.permutation(males)[0:n_mar]
[19 17 13 21 22  5  4  7 18]
np.random.permutation(males)[0:n_mar]
[22 11  9  1 17 13  8 23 12]
np.random.permutation(males)[0:n_mar]
[ 3  5  9 15  6  4 16 18 14]
np.random.permutation(males)[0:n_mar]
[13 10  2 18 12 20  8 16  5]
np.random.permutation(males)[0:n_mar]
[ 2 13  5 20  3 15  4  6 19]
np.random.permutation(males)[0:n_mar]
[ 0 16 23 13  1 11 22 20 14]
np.random.permutation(males)[0:n_mar]
[ 8  5 17 11  0  1 14 22 16]
np.random.permutation(males)[0:n_mar]
[21 22 11  9  0  2  5 12  7]
np.random.permutation(males)[0:n_mar]
[22  4 13 11  3 19 15  0  1]
np.random.permutation(males)[0:n_mar]
[13 14  8 20  0 19 16  9 10]
np.random.permutation(males)[0:n_mar]
[11  9  2  5  4  6 20 10 13]
np.random.permutation(males)[0:n_mar]
[13 17 18  2 23 15 20  3 19]
np.random.permutation(males)[0:n_mar]
[15  5 10  7  4 21 13 20 19]
np.random.permutation(males)[0:n_mar]
[ 5 22 21 18  7 16  0  1  9]
np.random.permutation(males)[0:n_mar]
[ 5  9 20 23 13 19  4 22  7]
np.random.permutation(males)[0:n_mar]
[12  2 21  7 11  6  5  9  0]
np.random.permutation(males)[0:n_mar]
[21 23 19 10 14  4 12  5  0]
np.random.permutation(males)[0:n_mar]
[ 2 22 23 11 14  8 16  6 17]
np.random.permutation(males)[0:n_mar]
[20  2 16  8 18  9  0 11 14]
np.random.permutation(males)[0:n_mar]
[22 15 10  2 14  1 20 23  7]
np.random.permutation(males)[0:n_mar]
[ 4  5 12 15  1 11  6  2 17]
np.random.permutation(males)[0:n_mar]
[23  7 16  0 18  4  8  5 21]
np.random.permutation(males)[0:n_mar]
[ 9  8 13 12  1 11 23 10 17]
np.random.permutation(males)[0:n_mar]
[10  0 15  5 11 18 22  7 14]
np.random.permutation(males)[0:n_mar]
[10 16  6 13 14 17  1 21  4]
np.random.permutation(males)[0:n_mar]
[ 7 19  8 16 13  5 21 12 15]
np.random.permutation(males)[0:n_mar]
[13 12 19  4  2 17 23 15 22]
np.random.permutation(males)[0:n_mar]
[19 10  3  1 12  0 22  7  8]
np.random.permutation(males)[0:n_mar]
[ 0 11 15 14 20 13 18 17  3]
np.random.permutation(males)[0:n_mar]
[14 22  6  4 17 20  1 13 12]
np.random.permutation(males)[0:n_mar]
[21 10 12 22  0 17 11  9 14]
np.random.permutation(males)[0:n_mar]
[18 10 21  6 15 14  0 12 16]
np.random.permutation(males)[0:n_mar]
[20 12 22 14 11  0  1 17 18]
np.random.permutation(males)[0:n_mar]
[17  5 10  9  6 21 23 22  1]
np.random.permutation(males)[0:n_mar]
[21  5 18  0  6 13 17  8  3]
np.random.permutation(males)[0:n_mar]
[ 8 10 11 23 20 18  9  6 16]
np.random.permutation(males)[0:n_mar]
[16 12  1  0 10  4 19 11  5]
np.random.permutation(males)[0:n_mar]
[12 18  7 17 10  4  2  8  0]
np.random.permutation(males)[0:n_mar]
[16 12 13  6  5  1 21  7  3]
np.random.permutation(males)[0:n_mar]
[19 21 10 13  7  2 17  3 15]
np.random.permutation(males)[0:n_mar]
[ 8 12  2 11 16 10 20 21  7]
np.random.permutation(males)[0:n_mar]
[ 5 12 21 19  9  3 20 10 23]
np.random.permutation(males)[0:n_mar]
[ 2 16  0 23 18 21  6 10  4]
np.random.permutation(males)[0:n_mar]
[23 19 13 10 20 17 11 16  2]
np.random.permutation(males)[0:n_mar]
[23  8 15 14  6  0  7  3  5]
np.random.permutation(males)[0:n_mar]
[21  7  0 18 13  5 20 22 16]
np.random.permutation(males)[0:n_mar]
[17 19 18 21 23 20 22  5 13]
np.random.permutation(males)[0:n_mar]
[ 8 16 10 21 14 20  6 22  0]
np.random.permutation(males)[0:n_mar]
[12 19  3 10 13  0  2 22 18]
np.random.permutation(males)[0:n_mar]
[ 1  9 23 12  0  4 22  6 10]
np.random.permutation(males)[0:n_mar]
[21 15  3  8 19  2  0 12 16]
np.random.permutation(males)[0:n_mar]
[17  5 22  7  6  1  2  0 10]
np.random.permutation(males)[0:n_mar]
[13 16 19 22 15 21  3  4  9]
np.random.permutation(males)[0:n_mar]
[22  1 12  9 19 20  8 11  2]
np.random.permutation(males)[0:n_mar]
[21 16  3 10 13 19 15  9 12]
np.random.permutation(males)[0:n_mar]
[ 2 10 11 22  3 19 15 12  1]
np.random.permutation(males)[0:n_mar]
[23  2 21  5  8  9 14 20 22]
np.random.permutation(males)[0:n_mar]
[ 7 16  9 10  5 22  0 18 20]
np.random.permutation(males)[0:n_mar]
[11  0 12 17  2  5 15  3 23]
np.random.permutation(males)[0:n_mar]
[19 10  0  1 18  3  4  5 11]
np.random.permutation(males)[0:n_mar]
[19 23  3 13 21 18 17  0 16]
np.random.permutation(males)[0:n_mar]
[ 3 12 23 11 10  6 18  5  1]
np.random.permutation(males)[0:n_mar]
[ 0  8 23  2  4 15 14 13 10]
np.random.permutation(males)[0:n_mar]
[ 1  9 23  2 14  8 21 12 15]
np.random.permutation(males)[0:n_mar]
[12 17 13  7 23  1 18 11  9]
np.random.permutation(males)[0:n_mar]
[16  4 15 13 10 12 22  0 21]
np.random.permutation(males)[0:n_mar]
[ 2  9 15 11 17  8 23  7 10]
np.random.permutation(males)[0:n_mar]
[20 14 13 18 16 12  8 21  2]
np.random.permutation(males)[0:n_mar]
[11  8 22 23 14  6  0 21  4]
np.random.permutation(males)[0:n_mar]
[10  6 20 17  4 11  2 12  7]
np.random.permutation(males)[0:n_mar]
[23 11  5 10 20  3  0  1  2]
np.random.permutation(males)[0:n_mar]
[16  9 22  5  8  0 11 20 18]
np.random.permutation(males)[0:n_mar]
[18 11  8  7  4 15  9 16 17]
np.random.permutation(males)[0:n_mar]
[ 9 14  0  2 10 12 16  4  1]
np.random.permutation(males)[0:n_mar]
[20 17  1 14 18 11 16  3  7]
np.random.permutation(males)[0:n_mar]
[21 14  0  6 11  3 18  7 13]
np.random.permutation(males)[0:n_mar]
[22 19  7 15  1  5 11  0 10]
np.random.permutation(males)[0:n_mar]
[ 0 21  4  8 10 14 11  7 20]
np.random.permutation(males)[0:n_mar]
[13  4  3 10  1  8 21 22 23]
np.random.permutation(males)[0:n_mar]
[ 4 14  9 10  1 11  7 18 13]
np.random.permutation(males)[0:n_mar]
[ 1 10  6  2  8 14  3  5 18]
np.random.permutation(males)[0:n_mar]
[ 5 19  4  2 18  8 12 16 20]
np.random.permutation(males)[0:n_mar]
[16  8 13  7  2 21  3  5 12]
np.random.permutation(males)[0:n_mar]
[23 20 11 14 12  9 18  1 21]
np.random.permutation(males)[0:n_mar]
[ 7  8  0 10 14  3  5  6  4]
np.random.permutation(males)[0:n_mar]
[19 17  3 12  7 18 22 14  2]
np.random.permutation(males)[0:n_mar]
[21  7 16  4 18 22  5 14 12]
np.random.permutation(males)[0:n_mar]
[ 6  0 13 15  5 22 20  8  2]
np.random.permutation(males)[0:n_mar]
[23  8 17 13  9 12  7  2 21]
np.random.permutation(males)[0:n_mar]
[17 12 14  9 10 18  3  6  2]
np.random.permutation(males)[0:n_mar]
[13 19 12 21  2  5 22 20 16]
np.random.permutation(males)[0:n_mar]
[ 3 20  7  1  8 23  5 22  2]
np.random.permutation(males)[0:n_mar]
[ 2  4  9  0 22 23 17 12 14]
np.random.permutation(males)[0:n_mar]
[10  8  9 13 19 15  6 22  4]
np.random.permutation(males)[0:n_mar]
[ 3 14 11  7 18 20  5 19 16]
np.random.permutation(males)[0:n_mar]
[ 8  1 14 18  5 20 19 12  0]
np.random.permutation(males)[0:n_mar]
[ 6 22  0  4 19 16 21 14 17]
np.random.permutation(males)[0:n_mar]
[ 5 13 16 18 12  1 10 23  6]
np.random.permutation(males)[0:n_mar]
[15  9  4 16  6  5  3 13  1]
np.random.permutation(males)[0:n_mar]
[12  4 16  6 15  2 11  0  8]
np.random.permutation(males)[0:n_mar]
[ 3 21  4 22 19 20 13 16 10]
np.random.permutation(males)[0:n_mar]
[ 3 11  5 18 20 22  1 14 16]
np.random.permutation(males)[0:n_mar]
[ 7 11 17 23 18  2  0 14 10]
np.random.permutation(males)[0:n_mar]
[11  0 14 22 10 23 20 18  3]
np.random.permutation(males)[0:n_mar]
[12 19  7  5 14 13  6  0 16]
np.random.permutation(males)[0:n_mar]
[13  8 22  7  9  2 21  1 14]
np.random.permutation(males)[0:n_mar]
[ 5 11 22 10 15  9 17 12 21]
np.random.permutation(males)[0:n_mar]
[ 4 23  8  3 13 14 18 11 21]
np.random.permutation(males)[0:n_mar]
[17  6 22 21  5  0 13 15  7]
np.random.permutation(males)[0:n_mar]
[19  1  5 15 14 20 22 13  2]
np.random.permutation(males)[0:n_mar]
[ 9  8  4  1  2 23  0  7 12]
np.random.permutation(males)[0:n_mar]
[21 23  5 19  2 17  3  9 22]
np.random.permutation(males)[0:n_mar]
[10 21  3 12  1 23 20 22 15]
np.random.permutation(males)[0:n_mar]
[17 18 11  3 10  5 22 21 13]
np.random.permutation(males)[0:n_mar]
[15 10 16 11  6 18  4  7 12]
np.random.permutation(males)[0:n_mar]
[ 9  1 18 13 15  5  8  4 16]
np.random.permutation(males)[0:n_mar]
[21 17 20 11 10  7  3 19 18]
np.random.permutation(males)[0:n_mar]
[ 2 14 13 12 23  0 11  5  3]
np.random.permutation(males)[0:n_mar]
[ 9  7 10 15  8  5  0 14  6]
np.random.permutation(males)[0:n_mar]
[22  2  8 21 20  4 15 13  1]
np.random.permutation(males)[0:n_mar]
[11 17 14 10 23 18 16 13 12]
np.random.permutation(males)[0:n_mar]
[18 12  2 15  5  0  8  7 13]
np.random.permutation(males)[0:n_mar]
[10  6  5 22  3  2 19  0 17]
np.random.permutation(males)[0:n_mar]
[ 7  1  2  0 10  4 16 13 15]
np.random.permutation(males)[0:n_mar]
[18 14  6  3  8 21 10 19  1]
np.random.permutation(males)[0:n_mar]
[16 20  7  6 23 15  8 22  2]
np.random.permutation(males)[0:n_mar]
[17  8 22 14 23  6  5 20  9]
np.random.permutation(males)[0:n_mar]
[ 1  7 17  4 15  0  3 16 23]
np.random.permutation(males)[0:n_mar]
[ 6  4 11 19 13 20 18  8  9]
np.random.permutation(males)[0:n_mar]
[17 12  7  0  2 21  4  1 13]
np.random.permutation(males)[0:n_mar]
[10  0 16  4  6 15 12  2 21]
np.random.permutation(males)[0:n_mar]
[ 8  3 18 22 14  5  2 17  4]
np.random.permutation(males)[0:n_mar]
[ 8 20 11  7 21  4 18  2 10]
np.random.permutation(males)[0:n_mar]
[14 19 20 12  6 15 17 10  8]
np.random.permutation(males)[0:n_mar]
[ 0 14  5 17  3 18 13 20  4]
np.random.permutation(males)[0:n_mar]
[22 19  8  9 17  1  0  4 13]
np.random.permutation(males)[0:n_mar]
[ 4 12 11  8  6 19 21 10  2]
np.random.permutation(males)[0:n_mar]
[18 23 21 13 15  5  6 11  7]
np.random.permutation(males)[0:n_mar]
[ 3 13 19 10  5 12 14 17 18]
np.random.permutation(males)[0:n_mar]
[23 20 13 17  4  7 22  6 16]
np.random.permutation(males)[0:n_mar]
[ 0 18  7  2 15  4  1 12 14]
np.random.permutation(males)[0:n_mar]
[13 12 23 16  1 18 10  5 14]
np.random.permutation(males)[0:n_mar]
[23 18 17 21 14 19  3 15 13]
np.random.permutation(males)[0:n_mar]
[14  6  5 13  8 15  9 11 17]
np.random.permutation(males)[0:n_mar]
[12 10 19  3  2 11  1  0 18]
np.random.permutation(males)[0:n_mar]
[15 12  8 18  2 13 17  1 11]
np.random.permutation(males)[0:n_mar]
[ 4  2  9  8 18  3  0 11 14]
np.random.permutation(males)[0:n_mar]
[19  4 14 22 20  3 23  1  7]
np.random.permutation(males)[0:n_mar]
[ 4 11  7 13  3 15 22  2  9]
np.random.permutation(males)[0:n_mar]
[18  4  9 19 11 13 21 22 14]
np.random.permutation(males)[0:n_mar]
[ 7 16 17 10  0 12  8 13 21]
np.random.permutation(males)[0:n_mar]
[22 11 18  9 10 14  3 20 17]
np.random.permutation(males)[0:n_mar]
[14  6  7 12 20 10 18 11 21]
np.random.permutation(males)[0:n_mar]
[ 2  7 20 17 11 23 22  1  6]
np.random.permutation(males)[0:n_mar]
[ 4  5 18  9  3 13 19 12 22]
np.random.permutation(males)[0:n_mar]
[13  8  0  3 17  7 20  9 22]
np.random.permutation(males)[0:n_mar]
[17  0 22 11 18 19  9 12  8]
np.random.permutation(males)[0:n_mar]
[20 23 15  4 22 11 13  8  7]
np.random.permutation(males)[0:n_mar]
[ 7 14  0 16  2 10 21 23  6]
np.random.permutation(males)[0:n_mar]
[10 12 17  3 15  9  0 20 14]
np.random.permutation(males)[0:n_mar]
[ 3 18  5  7  6 14 17 11 16]
np.random.permutation(males)[0:n_mar]
[11  5 21  8  2  1 19 15 16]
np.random.permutation(males)[0:n_mar]
[ 2 23 22 16  1  4 14 10 15]
np.random.permutation(males)[0:n_mar]
[ 9  1 15 11  4  7  8  3 21]
np.random.permutation(males)[0:n_mar]
[21 14 23  2 17 15  4 22  1]
np.random.permutation(males)[0:n_mar]
[ 1  3  4 18 17 21 16  8 11]
np.random.permutation(males)[0:n_mar]
[ 7  6  5 11 16  3 14 18  8]
np.random.permutation(males)[0:n_mar]
[ 1 18 15 22  7  8 17  5  3]
np.random.permutation(males)[0:n_mar]
[ 3  0 18  6 12  5  9  1 23]
np.random.permutation(males)[0:n_mar]
[ 7 16  6 10  1 13  0 20 18]
np.random.permutation(males)[0:n_mar]
[15 10  8 20  5 17  1 21 23]
np.random.permutation(males)[0:n_mar]
[21 22 23 18 10  7  9 17  3]
np.random.permutation(males)[0:n_mar]
[23 11 15 10 18  3 13  5 21]
np.random.permutation(males)[0:n_mar]
[ 6 23 20  2 11  3 21 19  5]
np.random.permutation(males)[0:n_mar]
[ 0 23 22 19  8 12  9 14  2]
np.random.permutation(males)[0:n_mar]
[22  0 13  2 18 19  8 15 11]
np.random.permutation(males)[0:n_mar]
[ 2  8 10  5 17  9  0  6 20]
np.random.permutation(males)[0:n_mar]
[ 8 23 12  5  7 17  3 16 19]
np.random.permutation(males)[0:n_mar]
[ 4 11  2 15 19  3 23 12 10]
np.random.permutation(males)[0:n_mar]
[14 13  3 17 11 15 18 20 19]
np.random.permutation(males)[0:n_mar]
[ 2  1 16 12  7  3 13  0 19]
np.random.permutation(males)[0:n_mar]
[19 12 20 11  3 14 22  4 15]
np.random.permutation(males)[0:n_mar]
[ 7  2  0  3 15 22 12  4  6]
np.random.permutation(males)[0:n_mar]
[20 23 14  5 16 22  0 13 12]
np.random.permutation(males)[0:n_mar]
[13  8  7 11 18  5  2  9 14]
np.random.permutation(males)[0:n_mar]
[ 4  8 11  7 15  5 12 22  6]
np.random.permutation(males)[0:n_mar]
[21  5  3  0 17 10  7  9  2]
np.random.permutation(males)[0:n_mar]
[18  9  3 21 11 20  4 12  7]
np.random.permutation(males)[0:n_mar]
[ 0  9 19 12  7 14  1 16  6]
np.random.permutation(males)[0:n_mar]
[11 16 22  6 18  2 19 15  3]
np.random.permutation(males)[0:n_mar]
[ 0 14 23 20 16 10  9 15 22]
np.random.permutation(males)[0:n_mar]
[ 9 17  2  5  3 14  6 10  4]
np.random.permutation(males)[0:n_mar]
[ 1 22  9 23 14 15 13 20  3]
np.random.permutation(males)[0:n_mar]
[17  1  2 15 23  6  3 21 12]
np.random.permutation(males)[0:n_mar]
[ 4 14 12 20  9 19 23  5 22]
np.random.permutation(males)[0:n_mar]
[ 7  2  1  3  5 22  9 14 21]
np.random.permutation(males)[0:n_mar]
[14 13 23  1 10 15  6 11  5]
np.random.permutation(males)[0:n_mar]
[ 6 22  2 10  3  4  9 20  8]
np.random.permutation(males)[0:n_mar]
[ 2  5  0 13 11 22 12 21  7]
np.random.permutation(males)[0:n_mar]
[15 12 17 20  3  8  7 18 13]
np.random.permutation(males)[0:n_mar]
[13 14  8  7 10  9 22 17  5]
np.random.permutation(males)[0:n_mar]
[14  0 11  3  1 20 13  7 19]
np.random.permutation(males)[0:n_mar]
[23  5 12 15 10 21 16 14  6]
np.random.permutation(males)[0:n_mar]
[23 10 13 19 12  5  1  6 18]
np.random.permutation(males)[0:n_mar]
[ 9 17 14  3 11 22 20  1 15]
np.random.permutation(males)[0:n_mar]
[ 0 14 11  1 21 15 10  7 19]
np.random.permutation(males)[0:n_mar]
[ 5 18 16  7  9  3  8  6  4]
np.random.permutation(males)[0:n_mar]
[ 7  9  2 23 10 19  6  1  4]
np.random.permutation(males)[0:n_mar]
[14  2 12  6 10 18  4 16 23]
np.random.permutation(males)[0:n_mar]
[ 3 11 18 19 13 16  2  9 15]
np.random.permutation(males)[0:n_mar]
[17 15  3 23  2 13  9 19 22]
np.random.permutation(males)[0:n_mar]
[ 4 21 12  9 18 20 15  3  1]
np.random.permutation(males)[0:n_mar]
[10 13 21 11  5 15 19 12  7]
np.random.permutation(males)[0:n_mar]
[ 7 20  1 23  3 15  0  4 21]
np.random.permutation(males)[0:n_mar]
[22 18 20 13 17  2  6 12 19]
np.random.permutation(males)[0:n_mar]
[14  0 11 18 23  4  2 17 13]
np.random.permutation(males)[0:n_mar]
[20  8 11  1 13  5 23  6  3]
np.random.permutation(males)[0:n_mar]
[15 19  2 14  3 22 21  8 18]
np.random.permutation(males)[0:n_mar]
[22 14 19  8 12  6 10  1 17]
np.random.permutation(males)[0:n_mar]
[16  1  5 18 15 19 20 17 23]
np.random.permutation(males)[0:n_mar]
[ 5 10 15 19 21  8 18  4  3]
np.random.permutation(males)[0:n_mar]
[ 6 23  8 18 11 17 20 13 12]
np.random.permutation(males)[0:n_mar]
[ 9 14  0 17  1  7 13 15 19]
np.random.permutation(males)[0:n_mar]
[23  8 15 16 19 10  2  5 21]
np.random.permutation(males)[0:n_mar]
[23 13  2  5  1  4  8 15  0]
np.random.permutation(males)[0:n_mar]
[14 23 10  0 17 13  8 21 11]
np.random.permutation(males)[0:n_mar]
[ 9 19  5 15  6 13 16 10 18]
np.random.permutation(males)[0:n_mar]
[18 21 13 17  2 12  5  8 14]
np.random.permutation(males)[0:n_mar]
[17 14 15  6 19  5 13  3 21]
np.random.permutation(males)[0:n_mar]
[ 2 15  6 21  1 14  3 17  7]
np.random.permutation(males)[0:n_mar]
[ 7  5  8 16 22  0  1 11 10]
np.random.permutation(males)[0:n_mar]
[ 2 19  3 17  9  5 18 20  7]
np.random.permutation(males)[0:n_mar]
[ 2 19 11 13  4 16  1 10  3]
np.random.permutation(males)[0:n_mar]
[17 20 18  3 22 16 10 12  2]
np.random.permutation(males)[0:n_mar]
[17 16 12  2 13  7 11  1 23]
np.random.permutation(males)[0:n_mar]
[15  5 17 22 11 14  1 18 12]
np.random.permutation(males)[0:n_mar]
[17 20 10 21 13 12 15 23 11]
np.random.permutation(males)[0:n_mar]
[10 13 20 12 23 11 18 16  9]
np.random.permutation(males)[0:n_mar]
[21  4  3 20  1 11  2  0 16]
np.random.permutation(males)[0:n_mar]
[ 7 10  4 15 21 17  2  9 14]
np.random.permutation(males)[0:n_mar]
[ 9 10 16  6  2  4 21  3 18]
np.random.permutation(males)[0:n_mar]
[ 8  6  3  4 14 19 16 13 12]
np.random.permutation(males)[0:n_mar]
[ 6 16  2 17  9  3 19  8  1]
np.random.permutation(males)[0:n_mar]
[ 6  3 15 13 12  9  4  8  5]
np.random.permutation(males)[0:n_mar]
[ 2  5  9 14  0 17  7 11 13]
np.random.permutation(males)[0:n_mar]
[17  5 15  3 12 10 14  7 20]
np.random.permutation(males)[0:n_mar]
[ 3 18  9  1 19  6 20 23  2]
np.random.permutation(males)[0:n_mar]
[ 0  9  5 17  1 22 21 18 11]
np.random.permutation(males)[0:n_mar]
[17 15 13 22 18 11 21  0  4]
np.random.permutation(males)[0:n_mar]
[ 0  3  4  8 16 17 11 12  6]
np.random.permutation(males)[0:n_mar]
[18 22 16 11  1  6 13 12  4]
np.random.permutation(males)[0:n_mar]
[14  4 10 20 11 18 15 17 23]
np.random.permutation(males)[0:n_mar]
[ 4 22 15 18 23  7  3  0 16]
np.random.permutation(males)[0:n_mar]
[14  1 13 22 15 11 12  4  5]
np.random.permutation(males)[0:n_mar]
[17  6  5 23 12 10 20  8 19]
np.random.permutation(males)[0:n_mar]
[14 15 22  8 10 17 18  2 16]
np.random.permutation(males)[0:n_mar]
[12 14 18 10 17 15  3  6 21]
np.random.permutation(males)[0:n_mar]
[ 3 16 15 17 21 11 22  2 18]
np.random.permutation(males)[0:n_mar]
[18 16 15 21  9 17 19 20  1]
np.random.permutation(males)[0:n_mar]
[18 22  7  6 20  0 11 19 21]
np.random.permutation(males)[0:n_mar]
[ 8 21  2 18 12  9  5 11 22]
np.random.permutation(males)[0:n_mar]
[19  1  7 11  2 18  3 14  0]
np.random.permutation(males)[0:n_mar]
[14 23 20  9  4 11 16 17 21]
np.random.permutation(males)[0:n_mar]
[ 4 17 13 20  2 22  0  9 11]
np.random.permutation(males)[0:n_mar]
[18 16 14  5  2 10 17 12 11]
np.random.permutation(males)[0:n_mar]
[11  2  8 14  4  7 13  3 23]
np.random.permutation(males)[0:n_mar]
[18  3 12 15  1 14 11 17  6]
np.random.permutation(males)[0:n_mar]
[ 9  5  3 14 16  4 18 11 20]
np.random.permutation(males)[0:n_mar]
[ 2 18  6 13  9 20 12  4 23]
np.random.permutation(males)[0:n_mar]
[17 23  2 13 18  4  5  8 22]
np.random.permutation(males)[0:n_mar]
[ 8 21  3  7  5  0 17 20 11]
np.random.permutation(males)[0:n_mar]
[10 22 11  4  9  6  1 14 15]
np.random.permutation(males)[0:n_mar]
[16  4  2  0  3 20  7 12 17]
np.random.permutation(males)[0:n_mar]
[20 10 23 18  0  6 22 15 12]
np.random.permutation(males)[0:n_mar]
[16  5 23 13  8 11 10 17 19]
np.random.permutation(males)[0:n_mar]
[ 7 21  8 22  4 20 13 11  5]
np.random.permutation(males)[0:n_mar]
[20 23  7  9 13 14 17 21  1]
np.random.permutation(males)[0:n_mar]
[13  7 23 17  3 14 10 21 12]
np.random.permutation(males)[0:n_mar]
[ 2  1 22 19  8  4 11 18 16]
np.random.permutation(males)[0:n_mar]
[13  3 20 14 23 22 10 18 19]
np.random.permutation(males)[0:n_mar]
[ 3 11 20  5 23 10 14  2 12]
np.random.permutation(males)[0:n_mar]
[18 19  5  6 21 12 20 17  2]
np.random.permutation(males)[0:n_mar]
[15 17  4 14 23  0  1 22 11]
np.random.permutation(males)[0:n_mar]
[11 17 21 10  5 18  4 12  8]
np.random.permutation(males)[0:n_mar]
[ 1 22  4  0 20 19 16  8 11]
np.random.permutation(males)[0:n_mar]
[ 2 11 21  4 18 17  9  5  3]
np.random.permutation(males)[0:n_mar]
[ 2  8 12 13  5  6  7  1 10]
np.random.permutation(males)[0:n_mar]
[ 5  8  2 23 17 12 16 10 13]
np.random.permutation(males)[0:n_mar]
[16 14  7 13  4 10  3 11 20]
np.random.permutation(males)[0:n_mar]
[14 10 22 11 19 23  8  9  0]
np.random.permutation(males)[0:n_mar]
[10  1  2  7 23  6 12 13 16]
np.random.permutation(males)[0:n_mar]
[ 7 22 13 21 18 14 12 19 10]
np.random.permutation(males)[0:n_mar]
[18 13 14  0  7  1  4 23 16]
np.random.permutation(males)[0:n_mar]
[ 2  1 17  6 11  7  9 18 22]
np.random.permutation(males)[0:n_mar]
[17 23 11 18 19 14 22  5  8]
np.random.permutation(males)[0:n_mar]
[12  4 10  8  6  2  5  1 17]
np.random.permutation(males)[0:n_mar]
[ 3 20  6 18 17 13 23 21  2]
np.random.permutation(males)[0:n_mar]
[21 23  4 18  6  5 11  3  8]
np.random.permutation(males)[0:n_mar]
[18 23  2 21  0  4 16 14  3]
np.random.permutation(males)[0:n_mar]
[18 10  0 21 17 22 15  4  1]
np.random.permutation(males)[0:n_mar]
[13  1  5 16  3  6 22  7 20]
np.random.permutation(males)[0:n_mar]
[ 1 16 23  0  2  8 17 22 18]
np.random.permutation(males)[0:n_mar]
[10  6  3 20  0 14 12 16  2]
np.random.permutation(males)[0:n_mar]
[ 9  6 13  1 16 19  8 14  7]
np.random.permutation(males)[0:n_mar]
[15  8 12  0  6 20 10  7 14]
np.random.permutation(males)[0:n_mar]
[13 15 20 12 11 10  0  2  5]
np.random.permutation(males)[0:n_mar]
[20 23 17 15  6  1 14 22 21]
np.random.permutation(males)[0:n_mar]
[19 20  1 11 22 18 21  0 23]
np.random.permutation(males)[0:n_mar]
[13 23 15  3  9 17  6 18  5]
np.random.permutation(males)[0:n_mar]
[ 2  0 15 12 20  6  8  3 11]
np.random.permutation(males)[0:n_mar]
[ 7  5 20 22 18 16 12  9  0]
np.random.permutation(males)[0:n_mar]
[ 9  7  3  1 12  5  2  6 22]
np.random.permutation(males)[0:n_mar]
[ 0  8 19 20  6 23  9 10  7]
np.random.permutation(males)[0:n_mar]
[18  4 12 21  1 20 15  5 11]
np.random.permutation(males)[0:n_mar]
[20  1 22  7 15  5 18  2  8]
np.random.permutation(males)[0:n_mar]
[16 14 20 15 22  7 18  1  9]
np.random.permutation(males)[0:n_mar]
[ 9 21  4 17 22 18  3 16  1]
np.random.permutation(males)[0:n_mar]
[18 14  1 12  5  8 13  2 16]
np.random.permutation(males)[0:n_mar]
[15  8  2 22  1 13 11 19 16]
np.random.permutation(males)[0:n_mar]
[12 23 22 21  1  2  3 16 19]
np.random.permutation(males)[0:n_mar]
[ 8 22 11 21  1 18  9  7  4]
np.random.permutation(males)[0:n_mar]
[14  6  2  5  4 19 21  0 18]
np.random.permutation(males)[0:n_mar]
[ 6 10 14  3 11  0  5 16 13]
np.random.permutation(males)[0:n_mar]
[14 13 18 21 20  5  2  6  9]
np.random.permutation(males)[0:n_mar]
[15  6 10 19  9  2 11 21  0]
np.random.permutation(males)[0:n_mar]
[ 5  4 21  6 12  7 11  8 18]
np.random.permutation(males)[0:n_mar]
[18  3  2 10  9 19 13  0  7]
np.random.permutation(males)[0:n_mar]
[ 7  0 19  5 11  8 21  1 23]
np.random.permutation(males)[0:n_mar]
[13 10 18  1  2  0 20  3  9]
np.random.permutation(males)[0:n_mar]
[20 21  1 17 10  2  9  7  3]
np.random.permutation(males)[0:n_mar]
[ 5  4 21 22  0  3  9 18 17]
np.random.permutation(males)[0:n_mar]
[14  7  9 10  6 19  8  2 20]
np.random.permutation(males)[0:n_mar]
[19 23  4  2  7  0  9 22 13]
np.random.permutation(males)[0:n_mar]
[ 8  2 18 15 19 13 21  5 23]
np.random.permutation(males)[0:n_mar]
[ 9  5 19 10 16 12  7 20 14]
np.random.permutation(males)[0:n_mar]
[22  7  1 10  4 18  3 20 16]
np.random.permutation(males)[0:n_mar]
[ 0  9 22 23 15 14  5  6 13]
np.random.permutation(males)[0:n_mar]
[ 3  1  6 18 22 21 12  5 23]
np.random.permutation(males)[0:n_mar]
[ 3 19 23 21 15 14  7  2  5]
np.random.permutation(males)[0:n_mar]
[ 1 16 19  8  7 10  4 21 14]
np.random.permutation(males)[0:n_mar]
[14  9  5 12  6 15  2  8 13]
np.random.permutation(males)[0:n_mar]
[15  9  2  4 18 21  7  6 23]
np.random.permutation(males)[0:n_mar]
[12 10 21  0 14 15 16 17 19]
np.random.permutation(males)[0:n_mar]
[ 7 13  4 21  8 23  0 11 16]
np.random.permutation(males)[0:n_mar]
[18 21 15 10  7 13  6  9  3]
np.random.permutation(males)[0:n_mar]
[ 4  0  8 16 12 17 10 14 13]
np.random.permutation(males)[0:n_mar]
[15 21 22  0 14  6 16 12 23]
np.random.permutation(males)[0:n_mar]
[10 22 23 17 14 18  4  2 15]
np.random.permutation(males)[0:n_mar]
[ 6 11 15 23  9 14 13 21  7]
np.random.permutation(males)[0:n_mar]
[20  5 22 13  1  0  3  2 12]
np.random.permutation(males)[0:n_mar]
[19  4 13 22  7 12 20 21  8]
np.random.permutation(males)[0:n_mar]
[16 21  9 19 17 14 10  1 20]
np.random.permutation(males)[0:n_mar]
[17 21 12  0 11 14  5 22 20]
np.random.permutation(males)[0:n_mar]
[ 1 12 21 14  0  9 10 23 13]
np.random.permutation(males)[0:n_mar]
[ 7 17 12  2  1  6  3 13 19]
np.random.permutation(males)[0:n_mar]
[ 9 17 22  4 10  3 13 23 20]
np.random.permutation(males)[0:n_mar]
[16  2  4  1 11  0 20  5  6]
np.random.permutation(males)[0:n_mar]
[ 1  5  4 10 18  0 19  6  3]
np.random.permutation(males)[0:n_mar]
[ 1  6 21 11  3 12  2 20 17]
np.random.permutation(males)[0:n_mar]
[13  5  4  8  3 15 23 22 19]
np.random.permutation(males)[0:n_mar]
[ 1  7  4 13 20  5 10  6  2]
np.random.permutation(males)[0:n_mar]
[ 9  5  2 15  4  6  3 10 16]
np.random.permutation(males)[0:n_mar]
[19 11  2 17  5  3  4  1 20]
np.random.permutation(males)[0:n_mar]
[ 3  1  0  7  8 23 19 12 17]
np.random.permutation(males)[0:n_mar]
[ 6  7 10 15 11 17 22 14  3]
np.random.permutation(males)[0:n_mar]
[ 4 12 14 11 21 13 18 17  7]
np.random.permutation(males)[0:n_mar]
[ 0  2 20  8 10 23  5 18 21]
np.random.permutation(males)[0:n_mar]
[20 16  7  5 14 15 22  9  1]
np.random.permutation(males)[0:n_mar]
[13 18 23  8 10  9 11  4 20]
np.random.permutation(males)[0:n_mar]
[16  0  7 14  4 13  2 15  3]
np.random.permutation(males)[0:n_mar]
[ 5 10 11 13  0  1 14 16  9]
np.random.permutation(males)[0:n_mar]
[13 10  1 18  4 16 17 20 22]
np.random.permutation(males)[0:n_mar]
[17  3  1  5 22 11  4 23  2]
np.random.permutation(males)[0:n_mar]
[21  2 22 19 13  0  4  6 10]
np.random.permutation(males)[0:n_mar]
[12 11  9 19 14 23 16 22  0]
np.random.permutation(males)[0:n_mar]
[ 9  7 23  0 18  2 20  4 17]
np.random.permutation(males)[0:n_mar]
[20  5  4  0 17  7 19 21 12]
np.random.permutation(males)[0:n_mar]
[18  1  7 15  4 11  2 16 20]
np.random.permutation(males)[0:n_mar]
[ 1  3 11 20  9 13  6 12 23]
np.random.permutation(males)[0:n_mar]
[ 5 18 17 20  9  8 23 22  0]
np.random.permutation(males)[0:n_mar]
[18  5 11 12  9 19 21  8 22]
np.random.permutation(males)[0:n_mar]
[23 17 11 10  8 15  1  3  5]
np.random.permutation(males)[0:n_mar]
[ 7 18  0  8 11  2 19  1  9]
np.random.permutation(males)[0:n_mar]
[18  1 22 12 16 10  8 15  9]
np.random.permutation(males)[0:n_mar]
[ 6 10  3 14  5  8 22 23  0]
np.random.permutation(males)[0:n_mar]
[ 0 14 19  7 17  9 20 23 11]
np.random.permutation(males)[0:n_mar]
[19  3 18  8 15  7  2 11 17]
np.random.permutation(males)[0:n_mar]
[13  8  6  1 17 19 22  0 11]
np.random.permutation(males)[0:n_mar]
[20 18 19 10 23  3 21  5  1]
np.random.permutation(males)[0:n_mar]
[22 13  1 16 17  2 10  6 19]
np.random.permutation(males)[0:n_mar]
[14  5  3 17 12  4  8  0 11]
np.random.permutation(males)[0:n_mar]
[16  7 10  8 13 23 12 21 19]
np.random.permutation(males)[0:n_mar]
[19 17  1 22  2 12  6 21  9]
np.random.permutation(males)[0:n_mar]
[10 12 17  3  8  7 11 23 22]
np.random.permutation(males)[0:n_mar]
[ 1 11 14 21 19 13 20  5 22]
np.random.permutation(males)[0:n_mar]
[19 11  4 20  3 21  2 16 18]
np.random.permutation(males)[0:n_mar]
[23 22  5 21 15 11  1  7 13]
np.random.permutation(males)[0:n_mar]
[18  5  3 20  6 16 11 23 22]
np.random.permutation(males)[0:n_mar]
[ 3  4  0  9 19 15 10 11 23]
np.random.permutation(males)[0:n_mar]
[ 6  1  4 22 18  3 20 14 11]
np.random.permutation(males)[0:n_mar]
[11 12 14 22 18  2  9  4 13]
np.random.permutation(males)[0:n_mar]
[18  8 13 14 20 23  7  0  4]
np.random.permutation(males)[0:n_mar]
[ 9 20 21 14  6 13  5 18 10]
np.random.permutation(males)[0:n_mar]
[ 2 13  1  9 10  3 19 12  8]
np.random.permutation(males)[0:n_mar]
[14  4 11 19 20 12 18  7  9]
np.random.permutation(males)[0:n_mar]
[ 8 17 12  2 20 19 11 22 15]
np.random.permutation(males)[0:n_mar]
[16 18  2  6 20 15 14 11 17]
np.random.permutation(males)[0:n_mar]
[17  2 12 10 21  4  5 19 15]
np.random.permutation(males)[0:n_mar]
[ 2  5 17  9 11 13  6 21  0]
np.random.permutation(males)[0:n_mar]
[13 14 19  6 15  7  3 23 11]
np.random.permutation(males)[0:n_mar]
[17 14 22  9 16  3 19 15 12]
np.random.permutation(males)[0:n_mar]
[21  6  4  0  7 23 19  8 15]
np.random.permutation(males)[0:n_mar]
[15  0  3  8  6 19 14 12 16]
np.random.permutation(males)[0:n_mar]
[ 9 10  7  2 13  1  5  0 22]
np.random.permutation(males)[0:n_mar]
[15 21 16 13  7  1 23  4 14]
np.random.permutation(males)[0:n_mar]
[23  2  5 20  9 17  6  8 12]
np.random.permutation(males)[0:n_mar]
[ 0  2 14  9  6 16 11 10  3]
np.random.permutation(males)[0:n_mar]
[13  2 21 22 11 16  4 19 17]
np.random.permutation(males)[0:n_mar]
[ 6 22  2  1 19 12 11 18 13]
np.random.permutation(males)[0:n_mar]
[ 2 16  9 23 12 14  1 20  5]
np.random.permutation(males)[0:n_mar]
[17 21 11 13 18  5 12  7 10]
np.random.permutation(males)[0:n_mar]
[ 4 19  3  9 12 10  2 17 15]
np.random.permutation(males)[0:n_mar]
[ 5 10  0 19  6 21  1  8  9]
np.random.permutation(males)[0:n_mar]
[17  6 19  8 22  2 21  0 13]
np.random.permutation(males)[0:n_mar]
[ 5  2  8  3 13 14 20  9 10]
np.random.permutation(males)[0:n_mar]
[16 20  7 11 19 22  6 10 12]
np.random.permutation(males)[0:n_mar]
[ 5  7 23  8 19 10 17 20 18]
np.random.permutation(males)[0:n_mar]
[ 4 16 19  7 21  0 23 17  2]
np.random.permutation(males)[0:n_mar]
[ 9 19 23 11 20  0  8  7  1]
np.random.permutation(males)[0:n_mar]
[19 10  0 22 23 18 16  8 12]
np.random.permutation(males)[0:n_mar]
[15  2 14 13 21  8  5 11 22]
np.random.permutation(males)[0:n_mar]
[23  0 17 13 22  6  8 15  7]
np.random.permutation(males)[0:n_mar]
[23  5  3 12 11 15 19  7 10]
np.random.permutation(males)[0:n_mar]
[ 8 11 15 12 13  4 17  6 10]
np.random.permutation(males)[0:n_mar]
[22 19 20  8 10 23 12  0 13]
np.random.permutation(males)[0:n_mar]
[ 7 23  3  5  0  9  8 22  2]
np.random.permutation(males)[0:n_mar]
[ 4 15  6 21 17  0 14  8  3]
np.random.permutation(males)[0:n_mar]
[17  3  7 13 11  4 23 12  2]
np.random.permutation(males)[0:n_mar]
[ 4  8 13 14  6 21  7  1 16]
np.random.permutation(males)[0:n_mar]
[ 8  2  7  5 23  3 21  6  1]
np.random.permutation(males)[0:n_mar]
[13  2 10  5  4 19  1 14  7]
np.random.permutation(males)[0:n_mar]
[ 9  2 17 23 19 13  3  7 16]
np.random.permutation(males)[0:n_mar]
[17 11 22 20  4 18 15  7 13]
np.random.permutation(males)[0:n_mar]
[13  7 23  4  9 21 17 11  0]
np.random.permutation(males)[0:n_mar]
[11  1  9 22 20 16  3  2 14]
np.random.permutation(males)[0:n_mar]
[15 11  4  9  2  3 20 16 12]
np.random.permutation(males)[0:n_mar]
[ 3  0  5 21  9 19  2  1 11]
np.random.permutation(males)[0:n_mar]
[20  0 12  3  8 18 21  9 15]
np.random.permutation(males)[0:n_mar]
[ 3  5  7  1 22  8 13 18  0]
np.random.permutation(males)[0:n_mar]
[12  3 19  1 11  7  0  8  6]
np.random.permutation(males)[0:n_mar]
[14 11  5  1  9 19 18  3  0]
np.random.permutation(males)[0:n_mar]
[ 4  9 12 18  2 21 17 22  5]
np.random.permutation(males)[0:n_mar]
[19 16 15  2  1  5  0  9 21]
np.random.permutation(males)[0:n_mar]
[14  2 18  0 21 22 19  4 20]
np.random.permutation(males)[0:n_mar]
[19 14 22  5  2  3 15 10  7]
np.random.permutation(males)[0:n_mar]
[ 0  3  5  8 18 13 12 16 15]
np.random.permutation(males)[0:n_mar]
[21 17 11 19 16  4 15 20  8]
np.random.permutation(males)[0:n_mar]
[11 16  2 12 14 22  4 18 17]
np.random.permutation(males)[0:n_mar]
[22  6  8 13  5 20 15  2 10]
np.random.permutation(males)[0:n_mar]
[16 14  5 12 21  6  1  7  3]
np.random.permutation(males)[0:n_mar]
[ 6 16 10 19 13  5  3  7 22]
np.random.permutation(males)[0:n_mar]
[ 9  4  1  5 21 22 17 18 11]
np.random.permutation(males)[0:n_mar]
[20 13 18  9  1 14 21 15  8]
np.random.permutation(males)[0:n_mar]
[ 0 20 19  1 18  9  3  6 13]
np.random.permutation(males)[0:n_mar]
[16  4 10 11 15 12 14 17  1]
np.random.permutation(males)[0:n_mar]
[18  7 12 17  5 16 22 15  4]
np.random.permutation(males)[0:n_mar]
[23 19 14  5  1  8 17 11  3]
np.random.permutation(males)[0:n_mar]
[14  6  3 16  7 13  2  5 21]
np.random.permutation(males)[0:n_mar]
[ 1 10 11  5  8 18 23 17  6]
np.random.permutation(males)[0:n_mar]
[19  9 17  7 11  4 18 21 16]
np.random.permutation(males)[0:n_mar]
[ 4 16  0 15 17  5  2 12 10]
np.random.permutation(males)[0:n_mar]
[22 20 15  7  4  1  8  3 10]
np.random.permutation(males)[0:n_mar]
[22  7 11  5 19 21 23 13 14]
np.random.permutation(males)[0:n_mar]
[21  0 12  2 22  7 18 23  9]
np.random.permutation(males)[0:n_mar]
[ 1 11 20  7  8  4 10 21 13]
np.random.permutation(males)[0:n_mar]
[ 6 10 22 16  8  9 12 14  3]
np.random.permutation(males)[0:n_mar]
[18 20 14  3  4 11  1  7  9]
np.random.permutation(males)[0:n_mar]
[ 1  2 16 19 11 23 12 17  7]
np.random.permutation(males)[0:n_mar]
[ 7 13 21 10 16  9  2  6 12]
np.random.permutation(males)[0:n_mar]
[ 9 21 13  6 14  1 20  3  5]
np.random.permutation(males)[0:n_mar]
[ 4 14 19 10  5  6  2 23 11]
np.random.permutation(males)[0:n_mar]
[19  0  5 21 11 17  9  3  2]
np.random.permutation(males)[0:n_mar]
[ 5  0  9 17 16  4 22 18  6]
np.random.permutation(males)[0:n_mar]
[ 5 23 14 22  7 10 19  1  4]
np.random.permutation(males)[0:n_mar]
[11 17 12  9  8 10 21 15  0]
np.random.permutation(males)[0:n_mar]
[ 5  0 17  3 20 16  6 18  7]
np.random.permutation(males)[0:n_mar]
[12 14  8  6 18 20 17  3  0]
np.random.permutation(males)[0:n_mar]
[ 3 10 16 20  5 22 23 18  2]
np.random.permutation(males)[0:n_mar]
[21 20 23  9  6 19 22 18 14]
np.random.permutation(males)[0:n_mar]
[18  8  5 21  0  7 19 22 14]
np.random.permutation(males)[0:n_mar]
[22 15 17 18  3 11  1 19 21]
np.random.permutation(males)[0:n_mar]
[20  8 10 12 16 14 13 21  5]
np.random.permutation(males)[0:n_mar]
[ 4  1 23 20 12  6 10  9 11]
np.random.permutation(males)[0:n_mar]
[10 16 20  7 18 19  3  9  6]
np.random.permutation(males)[0:n_mar]
[18  5 11 21  6 19 20  8  4]
np.random.permutation(males)[0:n_mar]
[ 4 17  7  1 21  6  2  9 11]
np.random.permutation(males)[0:n_mar]
[ 4 23 18 19 22 10 14  9 20]
np.random.permutation(males)[0:n_mar]
[14 21  8  4  5  1 12 20  7]
np.random.permutation(males)[0:n_mar]
[13  0  8 16  1 17 14  5 21]
np.random.permutation(males)[0:n_mar]
[11  2 17  1  3  8 23 22  0]
np.random.permutation(males)[0:n_mar]
[14  9 16 19 17  0  8  2 15]
np.random.permutation(males)[0:n_mar]
[ 8  4  6 16 23  9 10 21 19]
np.random.permutation(males)[0:n_mar]
[ 6 15 13 12 20  8  3  5 21]
np.random.permutation(males)[0:n_mar]
[ 8 21 20 18 22 12  9 23  6]
np.random.permutation(males)[0:n_mar]
[21  5  6  9  4 15 20 16  2]
np.random.permutation(males)[0:n_mar]
[ 9  8 19 16 10 13 20 18  3]
np.random.permutation(males)[0:n_mar]
[ 8 16  2 13 23  7  0 18 20]
np.random.permutation(males)[0:n_mar]
[11  7 23 22 10  2 18  1  6]
np.random.permutation(males)[0:n_mar]
[ 0  3  9 10 11 23  6 20 17]
np.random.permutation(males)[0:n_mar]
[17 22 20 18 12 10  6 23 21]
np.random.permutation(males)[0:n_mar]
[ 6  4 13 10 22 15 12  2 20]
np.random.permutation(males)[0:n_mar]
[12 22  0 14  2  8  6 10 18]
np.random.permutation(males)[0:n_mar]
[12 14 13  1 19  5  6 17  0]
np.random.permutation(males)[0:n_mar]
[ 0 15 11 20 14 10 18  7  4]
np.random.permutation(males)[0:n_mar]
[ 7 16 20  0 23  1 14 17  8]
np.random.permutation(males)[0:n_mar]
[18 22  1  4  3 19 11 16 20]
np.random.permutation(males)[0:n_mar]
[14 19 12 10 16 11  1 17  2]
np.random.permutation(males)[0:n_mar]
[ 4 22 14 11  6 21  8 17  9]
