np.random.permutation(males)[0:n_mar]
[11 19  3  6 20]
np.random.permutation(males)[0:n_mar]
[10  5  2 21 12]
np.random.permutation(males)[0:n_mar]
[11 12 20  9  5]
np.random.permutation(males)[0:n_mar]
[23  0 16 14 20]
np.random.permutation(males)[0:n_mar]
[11  9  2 15 12]
np.random.permutation(males)[0:n_mar]
[12  4 22 16 13]
np.random.permutation(males)[0:n_mar]
[15 13 18 17  7]
np.random.permutation(males)[0:n_mar]
[16  0  6 10  3]
np.random.permutation(males)[0:n_mar]
[ 5  0 11 14  9]
np.random.permutation(males)[0:n_mar]
[11  4 10  2  1]
np.random.permutation(males)[0:n_mar]
[ 8 12  3  4 20]
np.random.permutation(males)[0:n_mar]
[ 2 22  3 19 20]
np.random.permutation(males)[0:n_mar]
[17  4  3 10 23]
np.random.permutation(males)[0:n_mar]
[19 15  0  9 13]
np.random.permutation(males)[0:n_mar]
[ 9 18 17  5 22]
np.random.permutation(males)[0:n_mar]
[10  3  4  9 23]
np.random.permutation(males)[0:n_mar]
[ 0 18 22 14  5]
np.random.permutation(males)[0:n_mar]
[ 1  2 10 18 12]
np.random.permutation(males)[0:n_mar]
[19  9  4  3 22]
np.random.permutation(males)[0:n_mar]
[23  7 20  2 16]
np.random.permutation(males)[0:n_mar]
[ 6 23 12  8 13]
np.random.permutation(males)[0:n_mar]
[23 17 12 18 15]
np.random.permutation(males)[0:n_mar]
[15 13 21 14  7]
np.random.permutation(males)[0:n_mar]
[ 5 19  8 22 12]
np.random.permutation(males)[0:n_mar]
[16 11 21 14  6]
np.random.permutation(males)[0:n_mar]
[23  6 21  3 18]
np.random.permutation(males)[0:n_mar]
[16  3 15  0  4]
np.random.permutation(males)[0:n_mar]
[ 6  9  5 18 21]
np.random.permutation(males)[0:n_mar]
[ 1 23 16 18  4]
np.random.permutation(males)[0:n_mar]
[ 4 19 12  8 10]
np.random.permutation(males)[0:n_mar]
[ 2  5 18 14  4]
np.random.permutation(males)[0:n_mar]
[ 7 21 19 10 16]
np.random.permutation(males)[0:n_mar]
[20  2 14 22 12]
np.random.permutation(males)[0:n_mar]
[ 9 13 18 16  0]
np.random.permutation(males)[0:n_mar]
[10  1  0  6  8]
np.random.permutation(males)[0:n_mar]
[13 22 16 18 15]
np.random.permutation(males)[0:n_mar]
[12  8 19 11  5]
np.random.permutation(males)[0:n_mar]
[ 1  4  5 23 16]
np.random.permutation(males)[0:n_mar]
[11  0 12 17  9]
np.random.permutation(males)[0:n_mar]
[23 21  3 11  8]
np.random.permutation(males)[0:n_mar]
[21  2 13  7  8]
np.random.permutation(males)[0:n_mar]
[16 19 17 10  4]
np.random.permutation(males)[0:n_mar]
[15 20  3 11 23]
np.random.permutation(males)[0:n_mar]
[14 16  5 19 22]
np.random.permutation(males)[0:n_mar]
[ 0 18 22 21  7]
np.random.permutation(males)[0:n_mar]
[10 15 18 21  0]
np.random.permutation(males)[0:n_mar]
[17  6 15  5 11]
np.random.permutation(males)[0:n_mar]
[15  5 13 14 10]
np.random.permutation(males)[0:n_mar]
[17 22 16 10  4]
np.random.permutation(males)[0:n_mar]
[16  2  4 18 11]
np.random.permutation(males)[0:n_mar]
[22 11  9 23  8]
np.random.permutation(males)[0:n_mar]
[ 0 18  8 12  4]
np.random.permutation(males)[0:n_mar]
[15 22  6  8 18]
np.random.permutation(males)[0:n_mar]
[19 18 22  4 23]
np.random.permutation(males)[0:n_mar]
[23 19  4  2 12]
np.random.permutation(males)[0:n_mar]
[13 12  5  8 16]
np.random.permutation(males)[0:n_mar]
[14  2  4  8  5]
np.random.permutation(males)[0:n_mar]
[13 22 19  2  0]
np.random.permutation(males)[0:n_mar]
[20 21  5 19 14]
np.random.permutation(males)[0:n_mar]
[11 19 13  5  8]
np.random.permutation(males)[0:n_mar]
[20 12 11  8 23]
np.random.permutation(males)[0:n_mar]
[17 18  2  4 16]
np.random.permutation(males)[0:n_mar]
[ 0 20  9 22  2]
np.random.permutation(males)[0:n_mar]
[16 18 19  8  2]
np.random.permutation(males)[0:n_mar]
[22  4  9 13 18]
np.random.permutation(males)[0:n_mar]
[16 18 19  6  9]
np.random.permutation(males)[0:n_mar]
[ 8 22 17  7  9]
np.random.permutation(males)[0:n_mar]
[ 0 16 23 13  8]
np.random.permutation(males)[0:n_mar]
[ 4 14  6 22 16]
np.random.permutation(males)[0:n_mar]
[ 9  2 20  5  6]
np.random.permutation(males)[0:n_mar]
[ 5 22 13 10  2]
np.random.permutation(males)[0:n_mar]
[20 23 22  3 15]
np.random.permutation(males)[0:n_mar]
[ 7  6 18  5 22]
np.random.permutation(males)[0:n_mar]
[ 1 23  0  6 14]
np.random.permutation(males)[0:n_mar]
[16 10  2  8 12]
np.random.permutation(males)[0:n_mar]
[ 0 20 10 13 23]
np.random.permutation(males)[0:n_mar]
[12  0 18  7  2]
np.random.permutation(males)[0:n_mar]
[ 6  8 12 19 18]
np.random.permutation(males)[0:n_mar]
[ 3 22 19 18  4]
np.random.permutation(males)[0:n_mar]
[ 4 21 10  7 16]
np.random.permutation(males)[0:n_mar]
[11  2  1  7  9]
np.random.permutation(males)[0:n_mar]
[ 0  6 19  5  1]
np.random.permutation(males)[0:n_mar]
[ 6  9 10  3  4]
np.random.permutation(males)[0:n_mar]
[ 6 23  0 15 10]
np.random.permutation(males)[0:n_mar]
[14 20 18  6 16]
np.random.permutation(males)[0:n_mar]
[19 23 15 14  0]
np.random.permutation(males)[0:n_mar]
[ 8 10 19 14 12]
np.random.permutation(males)[0:n_mar]
[17 18  5  1 10]
np.random.permutation(males)[0:n_mar]
[15  5 19  1  7]
np.random.permutation(males)[0:n_mar]
[21 17  7  9 14]
np.random.permutation(males)[0:n_mar]
[18 16 23 10 14]
np.random.permutation(males)[0:n_mar]
[ 9 11  6 20  1]
np.random.permutation(males)[0:n_mar]
[ 3  1 13 11 19]
np.random.permutation(males)[0:n_mar]
[ 4  5  9 20 18]
np.random.permutation(males)[0:n_mar]
[18 17 15 14  6]
np.random.permutation(males)[0:n_mar]
[ 9 16  1 10  2]
np.random.permutation(males)[0:n_mar]
[ 9 13 19 12 20]
np.random.permutation(males)[0:n_mar]
[11 12  5  3 14]
np.random.permutation(males)[0:n_mar]
[16 23 14  1 21]
np.random.permutation(males)[0:n_mar]
[ 1 16 18 14  7]
np.random.permutation(males)[0:n_mar]
[22 10  3 21 15]
np.random.permutation(males)[0:n_mar]
[13 17  2 12 16]
np.random.permutation(males)[0:n_mar]
[12 10  2 11 20]
np.random.permutation(males)[0:n_mar]
[14 19 12  8 10]
np.random.permutation(males)[0:n_mar]
[10 21 20  0 12]
np.random.permutation(males)[0:n_mar]
[20 22 21 17  7]
np.random.permutation(males)[0:n_mar]
[23 13  2 20 12]
np.random.permutation(males)[0:n_mar]
[20  8 16 22 10]
np.random.permutation(males)[0:n_mar]
[ 1 15 22  0 18]
np.random.permutation(males)[0:n_mar]
[19 13  4 17 23]
np.random.permutation(males)[0:n_mar]
[ 1  4 23 13 11]
np.random.permutation(males)[0:n_mar]
[23  7  5  0 20]
np.random.permutation(males)[0:n_mar]
[ 0 16  5  2 21]
np.random.permutation(males)[0:n_mar]
[ 1 18 11 19 12]
np.random.permutation(males)[0:n_mar]
[22 19 18  4  7]
np.random.permutation(males)[0:n_mar]
[ 7  2  5  1 20]
np.random.permutation(males)[0:n_mar]
[14 20 13 15  5]
np.random.permutation(males)[0:n_mar]
[17  7 10 22 11]
np.random.permutation(males)[0:n_mar]
[ 8  0 15 13  4]
np.random.permutation(males)[0:n_mar]
[ 3 14 22  1 10]
np.random.permutation(males)[0:n_mar]
[10 23 18 16  9]
np.random.permutation(males)[0:n_mar]
[13 21  6  4  5]
np.random.permutation(males)[0:n_mar]
[21  8 12 23 19]
np.random.permutation(males)[0:n_mar]
[14 22 12 19 16]
np.random.permutation(males)[0:n_mar]
[ 9 11  5 16 12]
np.random.permutation(males)[0:n_mar]
[23  3 12  7 11]
np.random.permutation(males)[0:n_mar]
[16  6 17 13 11]
np.random.permutation(males)[0:n_mar]
[13  1 16 12  3]
np.random.permutation(males)[0:n_mar]
[ 5 19 18 21 16]
np.random.permutation(males)[0:n_mar]
[18 17  5  1 14]
np.random.permutation(males)[0:n_mar]
[ 0  1  9 14  6]
np.random.permutation(males)[0:n_mar]
[ 4 14 16 13 17]
np.random.permutation(males)[0:n_mar]
[ 2  3 14 13 15]
np.random.permutation(males)[0:n_mar]
[12  3  8  5 20]
np.random.permutation(males)[0:n_mar]
[ 7 23 13  4 19]
np.random.permutation(males)[0:n_mar]
[23  8  0 17  9]
np.random.permutation(males)[0:n_mar]
[ 3 18  7 10 19]
np.random.permutation(males)[0:n_mar]
[ 3 14  2 10 20]
np.random.permutation(males)[0:n_mar]
[13 21  8  0  4]
np.random.permutation(males)[0:n_mar]
[ 4 14 12  3 22]
np.random.permutation(males)[0:n_mar]
[1 8 2 3 0]
np.random.permutation(males)[0:n_mar]
[ 3 15 18  1  4]
np.random.permutation(males)[0:n_mar]
[12 13  8  2  6]
np.random.permutation(males)[0:n_mar]
[ 1 15 10  9  7]
np.random.permutation(males)[0:n_mar]
[ 3  4  2 10 23]
np.random.permutation(males)[0:n_mar]
[ 5  3 20  4 18]
np.random.permutation(males)[0:n_mar]
[18 12  9 13 19]
np.random.permutation(males)[0:n_mar]
[22 16 12 17  3]
np.random.permutation(males)[0:n_mar]
[23 16 15 20 19]
np.random.permutation(males)[0:n_mar]
[14 23  8 16 15]
np.random.permutation(males)[0:n_mar]
[ 9 23 17 21  5]
np.random.permutation(males)[0:n_mar]
[ 1  6 10 11  3]
np.random.permutation(males)[0:n_mar]
[ 9 21 18 23 17]
np.random.permutation(males)[0:n_mar]
[ 1  8 18 21  0]
np.random.permutation(males)[0:n_mar]
[20 21 22 14 15]
np.random.permutation(males)[0:n_mar]
[ 7  4 16 14  6]
np.random.permutation(males)[0:n_mar]
[ 7 10 20  0 19]
np.random.permutation(males)[0:n_mar]
[22  3 12  0 13]
np.random.permutation(males)[0:n_mar]
[ 2 10 12 11 16]
np.random.permutation(males)[0:n_mar]
[17  2 18  9 22]
np.random.permutation(males)[0:n_mar]
[ 9  2 18  3 23]
np.random.permutation(males)[0:n_mar]
[17 11 21  7 16]
np.random.permutation(males)[0:n_mar]
[ 4 15 10 23 12]
np.random.permutation(males)[0:n_mar]
[11  3 14 21  1]
np.random.permutation(males)[0:n_mar]
[ 6  1 21 19 11]
np.random.permutation(males)[0:n_mar]
[ 0 18 14 11 16]
np.random.permutation(males)[0:n_mar]
[ 9  3  2 22  1]
np.random.permutation(males)[0:n_mar]
[ 2  5 19  8 23]
np.random.permutation(males)[0:n_mar]
[11  6 17 23 16]
np.random.permutation(males)[0:n_mar]
[ 4 12 18 23 17]
np.random.permutation(males)[0:n_mar]
[20  3  9 23 19]
np.random.permutation(males)[0:n_mar]
[ 2  3  5  9 16]
np.random.permutation(males)[0:n_mar]
[ 2 14 11  1 21]
np.random.permutation(males)[0:n_mar]
[ 3  9  5 12  8]
np.random.permutation(males)[0:n_mar]
[23  0 15 22 20]
np.random.permutation(males)[0:n_mar]
[22 19  9 18  7]
np.random.permutation(males)[0:n_mar]
[ 7  5 15  1  6]
np.random.permutation(males)[0:n_mar]
[ 5  7 12  8 15]
np.random.permutation(males)[0:n_mar]
[10  5 21 15  7]
np.random.permutation(males)[0:n_mar]
[15  7 14 21 18]
np.random.permutation(males)[0:n_mar]
[ 9 13  3 23 12]
np.random.permutation(males)[0:n_mar]
[20 22  8 14 17]
np.random.permutation(males)[0:n_mar]
[ 1 18  7 17 11]
np.random.permutation(males)[0:n_mar]
[ 9 23 10  3 17]
np.random.permutation(males)[0:n_mar]
[ 9 16  2 21 20]
np.random.permutation(males)[0:n_mar]
[ 0 12 18 13  4]
np.random.permutation(males)[0:n_mar]
[12  6 14 20 19]
np.random.permutation(males)[0:n_mar]
[21 14 10 17  4]
np.random.permutation(males)[0:n_mar]
[11  0  7 20 21]
np.random.permutation(males)[0:n_mar]
[ 6 18  3 14 20]
np.random.permutation(males)[0:n_mar]
[22 13 18 19  6]
np.random.permutation(males)[0:n_mar]
[ 3 14 18  4  0]
np.random.permutation(males)[0:n_mar]
[ 4  0 21 14 23]
np.random.permutation(males)[0:n_mar]
[19  7  6 11 13]
np.random.permutation(males)[0:n_mar]
[ 6 17  9 11 19]
np.random.permutation(males)[0:n_mar]
[19  2 13  7 22]
np.random.permutation(males)[0:n_mar]
[14  0 22 11 10]
np.random.permutation(males)[0:n_mar]
[22  0  6  1 13]
np.random.permutation(males)[0:n_mar]
[ 8 16 12 14  7]
np.random.permutation(males)[0:n_mar]
[ 4 15  2 12 21]
np.random.permutation(males)[0:n_mar]
[ 7  0 11  6  5]
np.random.permutation(males)[0:n_mar]
[21 17 10 11  5]
np.random.permutation(males)[0:n_mar]
[20 14 12 21 18]
np.random.permutation(males)[0:n_mar]
[11  7  3  1 19]
np.random.permutation(males)[0:n_mar]
[11 21  3  5  1]
np.random.permutation(males)[0:n_mar]
[21  5  8 12  6]
np.random.permutation(males)[0:n_mar]
[14 12  1  6 21]
np.random.permutation(males)[0:n_mar]
[14 21  4 13 18]
np.random.permutation(males)[0:n_mar]
[ 6 21  7 10  1]
np.random.permutation(males)[0:n_mar]
[ 2 19 23 11 18]
np.random.permutation(males)[0:n_mar]
[11 13  5 15  4]
np.random.permutation(males)[0:n_mar]
[14 23  7 16 18]
np.random.permutation(males)[0:n_mar]
[15 22 17 16 13]
np.random.permutation(males)[0:n_mar]
[ 5 16 10 11 19]
np.random.permutation(males)[0:n_mar]
[11 10  1  7 16]
np.random.permutation(males)[0:n_mar]
[20  7 15  3 19]
np.random.permutation(males)[0:n_mar]
[19 14  3 10 11]
np.random.permutation(males)[0:n_mar]
[16 17 15  3  9]
np.random.permutation(males)[0:n_mar]
[ 5 17 12 11 20]
np.random.permutation(males)[0:n_mar]
[11 16  8  1  6]
np.random.permutation(males)[0:n_mar]
[ 2 13  3 18  9]
np.random.permutation(males)[0:n_mar]
[ 0 10 22  5 15]
np.random.permutation(males)[0:n_mar]
[20  7 13 15 19]
np.random.permutation(males)[0:n_mar]
[12 14  5 18  3]
np.random.permutation(males)[0:n_mar]
[ 7 16 21 20 15]
np.random.permutation(males)[0:n_mar]
[13 19  1 15  7]
np.random.permutation(males)[0:n_mar]
[23 21  0 15 17]
np.random.permutation(males)[0:n_mar]
[ 0  9 12 15 11]
np.random.permutation(males)[0:n_mar]
[18 23  4 13  0]
np.random.permutation(males)[0:n_mar]
[ 8  2  7 18 11]
np.random.permutation(males)[0:n_mar]
[20 17  8 23 12]
np.random.permutation(males)[0:n_mar]
[11 15 19  9  0]
np.random.permutation(males)[0:n_mar]
[14 15 18 12 13]
np.random.permutation(males)[0:n_mar]
[20 23 12 17  6]
np.random.permutation(males)[0:n_mar]
[ 5 21 10  2 19]
np.random.permutation(males)[0:n_mar]
[ 3 22  5  2 10]
np.random.permutation(males)[0:n_mar]
[10 22 16  2 20]
np.random.permutation(males)[0:n_mar]
[ 4  7 11 20  5]
np.random.permutation(males)[0:n_mar]
[13  1 18  7  0]
np.random.permutation(males)[0:n_mar]
[ 8  7 22  9 13]
np.random.permutation(males)[0:n_mar]
[ 6  3 20  8 18]
np.random.permutation(males)[0:n_mar]
[11  8  9 20 21]
np.random.permutation(males)[0:n_mar]
[ 8  0 10 20  4]
np.random.permutation(males)[0:n_mar]
[21 20 14 17  2]
np.random.permutation(males)[0:n_mar]
[21 23 18  8 15]
np.random.permutation(males)[0:n_mar]
[ 3 16  2 11 10]
np.random.permutation(males)[0:n_mar]
[ 9  1  6  7 13]
np.random.permutation(males)[0:n_mar]
[22  2 14  1  4]
np.random.permutation(males)[0:n_mar]
[12 17 18 23 15]
np.random.permutation(males)[0:n_mar]
[13 23 12 15 14]
np.random.permutation(males)[0:n_mar]
[ 0 10 13  7 15]
np.random.permutation(males)[0:n_mar]
[16  8  2 19 13]
np.random.permutation(males)[0:n_mar]
[ 3 15 11 14  6]
np.random.permutation(males)[0:n_mar]
[ 5  6 14 16 19]
np.random.permutation(males)[0:n_mar]
[ 7 10 17 11  8]
np.random.permutation(males)[0:n_mar]
[ 0 13  7  3 14]
np.random.permutation(males)[0:n_mar]
[ 5 23 19 13  8]
np.random.permutation(males)[0:n_mar]
[17 19 11 14 16]
np.random.permutation(males)[0:n_mar]
[ 1  0 20  4  6]
np.random.permutation(males)[0:n_mar]
[16  9  7 22 19]
np.random.permutation(males)[0:n_mar]
[20  2  3 23 19]
np.random.permutation(males)[0:n_mar]
[16  6 19 10  2]
np.random.permutation(males)[0:n_mar]
[14  0 17 11  3]
np.random.permutation(males)[0:n_mar]
[ 4 10  0 23 19]
np.random.permutation(males)[0:n_mar]
[ 6 17 16  5  9]
np.random.permutation(males)[0:n_mar]
[11 10 18 22 13]
np.random.permutation(males)[0:n_mar]
[20 21 17 14  5]
np.random.permutation(males)[0:n_mar]
[ 9  8 22 18 16]
np.random.permutation(males)[0:n_mar]
[19 13  1 22  3]
np.random.permutation(males)[0:n_mar]
[ 4 15  3 13 17]
np.random.permutation(males)[0:n_mar]
[ 1 10 19  6 11]
np.random.permutation(males)[0:n_mar]
[14  0 21 17 12]
np.random.permutation(males)[0:n_mar]
[11  1  6 12 17]
np.random.permutation(males)[0:n_mar]
[ 6 10  5 20  7]
np.random.permutation(males)[0:n_mar]
[ 4  6  2 10 22]
np.random.permutation(males)[0:n_mar]
[ 2 11 16 12 17]
np.random.permutation(males)[0:n_mar]
[10 23 12 19 11]
np.random.permutation(males)[0:n_mar]
[ 2  0  7 21  6]
np.random.permutation(males)[0:n_mar]
[11  4  7  9 10]
np.random.permutation(males)[0:n_mar]
[16 22  3  0 11]
np.random.permutation(males)[0:n_mar]
[14 15  1 12 23]
np.random.permutation(males)[0:n_mar]
[ 1 23  9  2 22]
np.random.permutation(males)[0:n_mar]
[11 21 12 20 22]
np.random.permutation(males)[0:n_mar]
[11  1 10 15 13]
np.random.permutation(males)[0:n_mar]
[12 23 13  8 20]
np.random.permutation(males)[0:n_mar]
[11 13 16 10 21]
np.random.permutation(males)[0:n_mar]
[ 9 17 14  1 16]
np.random.permutation(males)[0:n_mar]
[ 4  3 19 23 20]
np.random.permutation(males)[0:n_mar]
[ 3  8 23  4 15]
np.random.permutation(males)[0:n_mar]
[18  2  5 10  0]
np.random.permutation(males)[0:n_mar]
[ 6 16 12  4 22]
np.random.permutation(males)[0:n_mar]
[ 2 10 12  0  6]
np.random.permutation(males)[0:n_mar]
[ 3  9  5 13  4]
np.random.permutation(males)[0:n_mar]
[16  2 21  8  5]
np.random.permutation(males)[0:n_mar]
[18  8 15 19  6]
np.random.permutation(males)[0:n_mar]
[10  2 15 22 14]
np.random.permutation(males)[0:n_mar]
[ 2  6  0 18 13]
np.random.permutation(males)[0:n_mar]
[22  2 20 21  0]
np.random.permutation(males)[0:n_mar]
[18 20 21  1 14]
np.random.permutation(males)[0:n_mar]
[21  1 17  3 10]
np.random.permutation(males)[0:n_mar]
[19  6 13  0 16]
np.random.permutation(males)[0:n_mar]
[15 19 17 10  8]
np.random.permutation(males)[0:n_mar]
[18 17  9 19 20]
np.random.permutation(males)[0:n_mar]
[16  8 19 17 22]
np.random.permutation(males)[0:n_mar]
[12 21  7  9 13]
np.random.permutation(males)[0:n_mar]
[ 4  2 18  9 16]
np.random.permutation(males)[0:n_mar]
[ 5 21 19 15 14]
np.random.permutation(males)[0:n_mar]
[ 7 23 11 12  3]
np.random.permutation(males)[0:n_mar]
[19 15  1 14  8]
np.random.permutation(males)[0:n_mar]
[ 5 20  3  2 13]
np.random.permutation(males)[0:n_mar]
[11  0  5  9 16]
np.random.permutation(males)[0:n_mar]
[12  1 17  5  3]
np.random.permutation(males)[0:n_mar]
[15  8  7  5 18]
np.random.permutation(males)[0:n_mar]
[13 18 15  1  2]
np.random.permutation(males)[0:n_mar]
[ 9 20  8  2 23]
np.random.permutation(males)[0:n_mar]
[ 4  8 20 21 17]
np.random.permutation(males)[0:n_mar]
[21 14 11  1 20]
np.random.permutation(males)[0:n_mar]
[16 17 23  7  0]
np.random.permutation(males)[0:n_mar]
[ 9 16  6 14  8]
np.random.permutation(males)[0:n_mar]
[ 1  2 21  5  8]
np.random.permutation(males)[0:n_mar]
[12 14  8  1 19]
np.random.permutation(males)[0:n_mar]
[ 3  7  6 22  5]
np.random.permutation(males)[0:n_mar]
[11  8 15 13  1]
np.random.permutation(males)[0:n_mar]
[ 3 14  2  8 21]
np.random.permutation(males)[0:n_mar]
[19 20  3  2  4]
np.random.permutation(males)[0:n_mar]
[ 8  5 15  4  6]
np.random.permutation(males)[0:n_mar]
[22 14 16 15  8]
np.random.permutation(males)[0:n_mar]
[ 8 22 18 10  4]
np.random.permutation(males)[0:n_mar]
[14 16  3 22 17]
np.random.permutation(males)[0:n_mar]
[12  5 16 21  8]
np.random.permutation(males)[0:n_mar]
[14 13  3 16 18]
np.random.permutation(males)[0:n_mar]
[ 6  3 10 18 12]
np.random.permutation(males)[0:n_mar]
[23  4 12  0 21]
np.random.permutation(males)[0:n_mar]
[14  2  3 18  5]
np.random.permutation(males)[0:n_mar]
[14  1 20  8 16]
np.random.permutation(males)[0:n_mar]
[ 0  4 11 15 13]
np.random.permutation(males)[0:n_mar]
[ 4 19 10  1  0]
np.random.permutation(males)[0:n_mar]
[15 21  3  2  0]
np.random.permutation(males)[0:n_mar]
[ 7  6 16 23  8]
np.random.permutation(males)[0:n_mar]
[17 21 19  4 12]
np.random.permutation(males)[0:n_mar]
[17 13  9 10 16]
np.random.permutation(males)[0:n_mar]
[ 6 12  5 19 14]
np.random.permutation(males)[0:n_mar]
[ 8 14 12 21 23]
np.random.permutation(males)[0:n_mar]
[13  4  3  8 17]
np.random.permutation(males)[0:n_mar]
[23 11  7 14  1]
np.random.permutation(males)[0:n_mar]
[13  5 12 19 10]
np.random.permutation(males)[0:n_mar]
[22  8  9  7  5]
np.random.permutation(males)[0:n_mar]
[15  2 13 14  3]
np.random.permutation(males)[0:n_mar]
[ 6 15  3 20  0]
np.random.permutation(males)[0:n_mar]
[ 3  2  6  8 17]
np.random.permutation(males)[0:n_mar]
[ 0 20 14  7 16]
np.random.permutation(males)[0:n_mar]
[ 7  5 12 21 10]
np.random.permutation(males)[0:n_mar]
[ 9 17 19 11  6]
np.random.permutation(males)[0:n_mar]
[10  7 16  1  9]
np.random.permutation(males)[0:n_mar]
[21  8  5 17 11]
np.random.permutation(males)[0:n_mar]
[13  6 16 17 19]
np.random.permutation(males)[0:n_mar]
[ 2  8  0  6 22]
np.random.permutation(males)[0:n_mar]
[ 7  1  9 19 15]
np.random.permutation(males)[0:n_mar]
[ 9 19 13  5 17]
np.random.permutation(males)[0:n_mar]
[ 0  2  8 14  1]
np.random.permutation(males)[0:n_mar]
[17 15  9 21  7]
np.random.permutation(males)[0:n_mar]
[ 9 23  7  6 12]
np.random.permutation(males)[0:n_mar]
[23  9 13  1  4]
np.random.permutation(males)[0:n_mar]
[21 10  4  9 22]
np.random.permutation(males)[0:n_mar]
[ 6 16 21 23 11]
np.random.permutation(males)[0:n_mar]
[ 8 16 18  9  0]
np.random.permutation(males)[0:n_mar]
[ 6 15 16 14 10]
np.random.permutation(males)[0:n_mar]
[12 18  5 11  7]
np.random.permutation(males)[0:n_mar]
[23  0  3 15  9]
np.random.permutation(males)[0:n_mar]
[ 4  3  6 11  1]
np.random.permutation(males)[0:n_mar]
[21  6 23  2  5]
np.random.permutation(males)[0:n_mar]
[ 3 21 13 15 23]
np.random.permutation(males)[0:n_mar]
[21 22  2  5 11]
np.random.permutation(males)[0:n_mar]
[14  8 13 10 11]
np.random.permutation(males)[0:n_mar]
[ 8 18 11 17  2]
np.random.permutation(males)[0:n_mar]
[19  6  2 20 21]
np.random.permutation(males)[0:n_mar]
[18 23 22 19 12]
np.random.permutation(males)[0:n_mar]
[11 13  7 20 23]
np.random.permutation(males)[0:n_mar]
[19 16 20 11  7]
np.random.permutation(males)[0:n_mar]
[17 12 14  8 20]
np.random.permutation(males)[0:n_mar]
[11 10  5  0 19]
np.random.permutation(males)[0:n_mar]
[22 16 13 20 18]
np.random.permutation(males)[0:n_mar]
[7 2 6 3 4]
np.random.permutation(males)[0:n_mar]
[12 14  2  5  9]
np.random.permutation(males)[0:n_mar]
[15 13  1  8  4]
np.random.permutation(males)[0:n_mar]
[18 10  9 15  8]
np.random.permutation(males)[0:n_mar]
[ 9  7 21 14 16]
np.random.permutation(males)[0:n_mar]
[ 4 23 16 22 21]
np.random.permutation(males)[0:n_mar]
[ 2  4 16  5  9]
np.random.permutation(males)[0:n_mar]
[ 8 19  0 23 22]
np.random.permutation(males)[0:n_mar]
[11  8 20 15 18]
np.random.permutation(males)[0:n_mar]
[19  0  9 16  8]
np.random.permutation(males)[0:n_mar]
[ 4 23  5 17 20]
np.random.permutation(males)[0:n_mar]
[13  9 21  8 10]
np.random.permutation(males)[0:n_mar]
[19 17  2  7 12]
np.random.permutation(males)[0:n_mar]
[11  7 22 15 19]
np.random.permutation(males)[0:n_mar]
[17  0 12 21  8]
np.random.permutation(males)[0:n_mar]
[ 8  3  6 20  2]
np.random.permutation(males)[0:n_mar]
[12 14  1 10 11]
np.random.permutation(males)[0:n_mar]
[13 10 19 21  6]
np.random.permutation(males)[0:n_mar]
[ 8 19 14 13  2]
np.random.permutation(males)[0:n_mar]
[17 14  0  9  4]
np.random.permutation(males)[0:n_mar]
[ 9 15  7  3 23]
np.random.permutation(males)[0:n_mar]
[ 1 23 18 20 13]
np.random.permutation(males)[0:n_mar]
[ 6 22  7  9 18]
np.random.permutation(males)[0:n_mar]
[17 12  0 16 11]
np.random.permutation(males)[0:n_mar]
[ 1 16  9 20 13]
np.random.permutation(males)[0:n_mar]
[ 5 18 14 10 20]
np.random.permutation(males)[0:n_mar]
[ 3 19 13 18  9]
np.random.permutation(males)[0:n_mar]
[13 10 22 18  0]
np.random.permutation(males)[0:n_mar]
[ 1 21 23 12 17]
np.random.permutation(males)[0:n_mar]
[10  2 23 22 11]
np.random.permutation(males)[0:n_mar]
[ 9 22 23  6 21]
np.random.permutation(males)[0:n_mar]
[19  5  8 12  7]
np.random.permutation(males)[0:n_mar]
[ 4 15 21  2 23]
np.random.permutation(males)[0:n_mar]
[19  1  6  0 11]
np.random.permutation(males)[0:n_mar]
[13  1  4  6 22]
np.random.permutation(males)[0:n_mar]
[ 8 12 14 21  1]
np.random.permutation(males)[0:n_mar]
[13 10 21  6  4]
np.random.permutation(males)[0:n_mar]
[ 4 17 22 18  8]
np.random.permutation(males)[0:n_mar]
[18 16  0 17  9]
np.random.permutation(males)[0:n_mar]
[13  7 16 23 14]
np.random.permutation(males)[0:n_mar]
[21 14 15 20 11]
np.random.permutation(males)[0:n_mar]
[18 19 10 14  2]
np.random.permutation(males)[0:n_mar]
[13  3  0 18 21]
np.random.permutation(males)[0:n_mar]
[12 23 21 11 19]
np.random.permutation(males)[0:n_mar]
[23  1  9 13 14]
np.random.permutation(males)[0:n_mar]
[20 15 19  1  2]
np.random.permutation(males)[0:n_mar]
[17 16  6 20  3]
np.random.permutation(males)[0:n_mar]
[10 20 21 15  1]
np.random.permutation(males)[0:n_mar]
[20 23 22 14  5]
np.random.permutation(males)[0:n_mar]
[22 19 11 21  2]
np.random.permutation(males)[0:n_mar]
[14 11 16 12 21]
np.random.permutation(males)[0:n_mar]
[ 9  1  4  3 11]
np.random.permutation(males)[0:n_mar]
[16  5 18 10  9]
np.random.permutation(males)[0:n_mar]
[ 2 14 13  7  9]
np.random.permutation(males)[0:n_mar]
[ 3 20  4 16 23]
np.random.permutation(males)[0:n_mar]
[18 16 15  9 13]
np.random.permutation(males)[0:n_mar]
[22 20 11  2  9]
np.random.permutation(males)[0:n_mar]
[19  6  2 22 13]
np.random.permutation(males)[0:n_mar]
[13 23 10  6 16]
np.random.permutation(males)[0:n_mar]
[ 3 17 11  9  1]
np.random.permutation(males)[0:n_mar]
[11 10 14 17 18]
np.random.permutation(males)[0:n_mar]
[15 20  6 14 11]
np.random.permutation(males)[0:n_mar]
[10 16  5 22 15]
np.random.permutation(males)[0:n_mar]
[20  2 15 16  1]
np.random.permutation(males)[0:n_mar]
[ 9  3  4  7 15]
np.random.permutation(males)[0:n_mar]
[ 5 13 11 15 21]
np.random.permutation(males)[0:n_mar]
[15  7 23  1  0]
np.random.permutation(males)[0:n_mar]
[ 2 12  3 14 17]
np.random.permutation(males)[0:n_mar]
[21 10 18 23  9]
np.random.permutation(males)[0:n_mar]
[ 7 11 22  0  2]
np.random.permutation(males)[0:n_mar]
[14 17  5 15  1]
np.random.permutation(males)[0:n_mar]
[ 8 22 23 12  2]
np.random.permutation(males)[0:n_mar]
[ 8  4  7 22 11]
np.random.permutation(males)[0:n_mar]
[21 18 12 23 19]
np.random.permutation(males)[0:n_mar]
[ 4 13  3 17  9]
np.random.permutation(males)[0:n_mar]
[ 9  5  7 16 17]
np.random.permutation(males)[0:n_mar]
[ 8 14 12  6  4]
np.random.permutation(males)[0:n_mar]
[ 9 20 17  6 15]
np.random.permutation(males)[0:n_mar]
[ 7 20 10  5  3]
np.random.permutation(males)[0:n_mar]
[ 6  2 23 10 17]
np.random.permutation(males)[0:n_mar]
[11  8  1 23 14]
np.random.permutation(males)[0:n_mar]
[ 4  9 13  2 11]
np.random.permutation(males)[0:n_mar]
[14  2  3 16 11]
np.random.permutation(males)[0:n_mar]
[ 7 10  0 13  4]
np.random.permutation(males)[0:n_mar]
[21 17  1  7  8]
np.random.permutation(males)[0:n_mar]
[22 12  0 20  6]
np.random.permutation(males)[0:n_mar]
[13 23  6 15  1]
np.random.permutation(males)[0:n_mar]
[18  6 19  8  5]
np.random.permutation(males)[0:n_mar]
[10  3 13  0 14]
np.random.permutation(males)[0:n_mar]
[11 12 17 15 13]
np.random.permutation(males)[0:n_mar]
[ 7 12 23 21 14]
np.random.permutation(males)[0:n_mar]
[ 4  8  6 17  2]
np.random.permutation(males)[0:n_mar]
[20 14  5 22 13]
np.random.permutation(males)[0:n_mar]
[ 6 14 22  2  7]
np.random.permutation(males)[0:n_mar]
[13  8 15  3 23]
np.random.permutation(males)[0:n_mar]
[ 5  6 12 13 14]
np.random.permutation(males)[0:n_mar]
[19 13  8 17 16]
np.random.permutation(males)[0:n_mar]
[19 11 17  3 13]
np.random.permutation(males)[0:n_mar]
[17 18 19  4  2]
np.random.permutation(males)[0:n_mar]
[12  5 22 19 21]
np.random.permutation(males)[0:n_mar]
[ 9 19  5 10 11]
np.random.permutation(males)[0:n_mar]
[ 6 14 21  8  9]
np.random.permutation(males)[0:n_mar]
[20 16 11 21  9]
np.random.permutation(males)[0:n_mar]
[15  7  9 16  4]
np.random.permutation(males)[0:n_mar]
[17 21  3 15 13]
np.random.permutation(males)[0:n_mar]
[16 19  3 13  1]
np.random.permutation(males)[0:n_mar]
[20  3 15 16 23]
np.random.permutation(males)[0:n_mar]
[17 20 15 14  8]
np.random.permutation(males)[0:n_mar]
[11 22 12 16 19]
np.random.permutation(males)[0:n_mar]
[23  7  4 14  2]
np.random.permutation(males)[0:n_mar]
[ 4 14 16 18 17]
np.random.permutation(males)[0:n_mar]
[14  0  1 22 20]
np.random.permutation(males)[0:n_mar]
[14  9  2  8 10]
np.random.permutation(males)[0:n_mar]
[ 3 17  2 23 16]
np.random.permutation(males)[0:n_mar]
[16 17  3  2 18]
np.random.permutation(males)[0:n_mar]
[ 0 15 22  5 23]
np.random.permutation(males)[0:n_mar]
[17  9  5 20  3]
np.random.permutation(males)[0:n_mar]
[ 4 21  6  8 15]
np.random.permutation(males)[0:n_mar]
[ 6  2 23  3  5]
np.random.permutation(males)[0:n_mar]
[ 5 19 21 18 10]
np.random.permutation(males)[0:n_mar]
[12 16 11 17 21]
np.random.permutation(males)[0:n_mar]
[12 14 11  6 20]
np.random.permutation(males)[0:n_mar]
[22 15 18 16  9]
np.random.permutation(males)[0:n_mar]
[20  2 23  0  7]
np.random.permutation(males)[0:n_mar]
[ 8 21 23 14 10]
np.random.permutation(males)[0:n_mar]
[ 4 10 13 22 19]
np.random.permutation(males)[0:n_mar]
[ 5 19 18 10 15]
np.random.permutation(males)[0:n_mar]
[23  6 16 18 19]
np.random.permutation(males)[0:n_mar]
[15  9 12 16 22]
np.random.permutation(males)[0:n_mar]
[ 6  4 18 19 13]
np.random.permutation(males)[0:n_mar]
[16 15 22  7 21]
np.random.permutation(males)[0:n_mar]
[ 6 16  9 20 10]
np.random.permutation(males)[0:n_mar]
[ 0 17 19  6 16]
np.random.permutation(males)[0:n_mar]
[ 2  0 16  6  1]
np.random.permutation(males)[0:n_mar]
[ 5 22 17 10 11]
np.random.permutation(males)[0:n_mar]
[17  7  8 23 21]
np.random.permutation(males)[0:n_mar]
[16  8 13  5  4]
np.random.permutation(males)[0:n_mar]
[11 19 20 18 16]
np.random.permutation(males)[0:n_mar]
[13 19  9  2  8]
np.random.permutation(males)[0:n_mar]
[13 18 20 21 19]
np.random.permutation(males)[0:n_mar]
[ 2  3 10 20  6]
np.random.permutation(males)[0:n_mar]
[ 3 19 10  1  7]
np.random.permutation(males)[0:n_mar]
[ 7 10 22 17  3]
np.random.permutation(males)[0:n_mar]
[19  0 21 11  2]
np.random.permutation(males)[0:n_mar]
[11 18  8 15 14]
np.random.permutation(males)[0:n_mar]
[ 3  7 15 14  6]
np.random.permutation(males)[0:n_mar]
[14 17 19  5  0]
np.random.permutation(males)[0:n_mar]
[12  7  8 22  2]
np.random.permutation(males)[0:n_mar]
[ 3  2  7 18  1]
np.random.permutation(males)[0:n_mar]
[16 21  8 18 20]
np.random.permutation(males)[0:n_mar]
[13  9 10 19 23]
np.random.permutation(males)[0:n_mar]
[ 1 14 20  0 22]
np.random.permutation(males)[0:n_mar]
[16 14 20 19  6]
np.random.permutation(males)[0:n_mar]
[ 4  9 20  5  6]
np.random.permutation(males)[0:n_mar]
[14 11  0 16 19]
np.random.permutation(males)[0:n_mar]
[10  4  7 20 13]
np.random.permutation(males)[0:n_mar]
[18 13 19 20 22]
np.random.permutation(males)[0:n_mar]
[21 15 22 18 11]
np.random.permutation(males)[0:n_mar]
[ 8 23  0 13  5]
np.random.permutation(males)[0:n_mar]
[ 3  2  9  4 23]
np.random.permutation(males)[0:n_mar]
[ 1 14 16 18  2]
np.random.permutation(males)[0:n_mar]
[ 7  8  4 19  0]
np.random.permutation(males)[0:n_mar]
[11 10 23  2 22]
np.random.permutation(males)[0:n_mar]
[ 7 17 16  4  3]
np.random.permutation(males)[0:n_mar]
[ 1 12 10 16  4]
np.random.permutation(males)[0:n_mar]
[18  2  5 20 12]
np.random.permutation(males)[0:n_mar]
[11 16 14  9 13]
np.random.permutation(males)[0:n_mar]
[14  3 19 15  2]
np.random.permutation(males)[0:n_mar]
[14  3 18 20  5]
np.random.permutation(males)[0:n_mar]
[18  8 20 22 13]
np.random.permutation(males)[0:n_mar]
[ 6 14  7 16 18]
np.random.permutation(males)[0:n_mar]
[21 20  4  3 11]
np.random.permutation(males)[0:n_mar]
[ 9  7  8 12 15]
np.random.permutation(males)[0:n_mar]
[12 17 22  6 19]
np.random.permutation(males)[0:n_mar]
[11  4 16 14  3]
np.random.permutation(males)[0:n_mar]
[11 20 22  6  2]
np.random.permutation(males)[0:n_mar]
[ 4  2  8 19  5]
np.random.permutation(males)[0:n_mar]
[20  6 17 18 10]
np.random.permutation(males)[0:n_mar]
[19  0 15 20  4]
np.random.permutation(males)[0:n_mar]
[18 10  0 14 17]
np.random.permutation(males)[0:n_mar]
[22 17  5 19  3]
np.random.permutation(males)[0:n_mar]
[10  3  0  6  7]
np.random.permutation(males)[0:n_mar]
[23 15  5 19  0]
np.random.permutation(males)[0:n_mar]
[ 3  8  1 10 21]
np.random.permutation(males)[0:n_mar]
[ 1 17  6 11 18]
np.random.permutation(males)[0:n_mar]
[15  8 22 18 20]
np.random.permutation(males)[0:n_mar]
[17  5  2 18  9]
np.random.permutation(males)[0:n_mar]
[ 5 16 18  7 10]
np.random.permutation(males)[0:n_mar]
[12 22 14 17  8]
np.random.permutation(males)[0:n_mar]
[ 5 22 15  2  6]
np.random.permutation(males)[0:n_mar]
[15 13 22 10 17]
np.random.permutation(males)[0:n_mar]
[ 6 10  4  3 13]
np.random.permutation(males)[0:n_mar]
[15 23 10 14 12]
np.random.permutation(males)[0:n_mar]
[18  7 12 16  1]
np.random.permutation(males)[0:n_mar]
[ 4 23 16  2 18]
np.random.permutation(males)[0:n_mar]
[ 9 14 13 22 17]
np.random.permutation(males)[0:n_mar]
[ 7 17  5 15  2]
np.random.permutation(males)[0:n_mar]
[ 0  3 19 16 22]
np.random.permutation(males)[0:n_mar]
[16 10  6  7 11]
np.random.permutation(males)[0:n_mar]
[ 9  3  5 13 20]
np.random.permutation(males)[0:n_mar]
[ 9 12 18  7 14]
np.random.permutation(males)[0:n_mar]
[17  4  3 23  0]
np.random.permutation(males)[0:n_mar]
[ 8  4 11  7 21]
np.random.permutation(males)[0:n_mar]
[23  5 18 22  1]
np.random.permutation(males)[0:n_mar]
[ 0 18  7  8 20]
np.random.permutation(males)[0:n_mar]
[22 20  0 12 17]
np.random.permutation(males)[0:n_mar]
[19  1  9  8  5]
np.random.permutation(males)[0:n_mar]
[15 12  2  6 20]
np.random.permutation(males)[0:n_mar]
[13  8 14 16 18]
np.random.permutation(males)[0:n_mar]
[19 13  6 17  8]
np.random.permutation(males)[0:n_mar]
[12  6 16 17  2]
np.random.permutation(males)[0:n_mar]
[ 6  4  0  5 11]
np.random.permutation(males)[0:n_mar]
[18  9 14 16  5]
np.random.permutation(males)[0:n_mar]
[ 5  6 21 10  8]
np.random.permutation(males)[0:n_mar]
[12  5 22 19  3]
np.random.permutation(males)[0:n_mar]
[20 17 19  0  3]
np.random.permutation(males)[0:n_mar]
[ 2 21 15 22 20]
np.random.permutation(males)[0:n_mar]
[20  4 23 18 16]
np.random.permutation(males)[0:n_mar]
[ 3 19  0 15  9]
np.random.permutation(males)[0:n_mar]
[ 6 23  5  7 20]
np.random.permutation(males)[0:n_mar]
[19 10  2 16 17]
np.random.permutation(males)[0:n_mar]
[23 13  4  0 15]
np.random.permutation(males)[0:n_mar]
[ 6 22  9  8 16]
np.random.permutation(males)[0:n_mar]
[ 7  0 19 16 21]
np.random.permutation(males)[0:n_mar]
[14 11 21  6  0]
np.random.permutation(males)[0:n_mar]
[15  9  0 21  2]
np.random.permutation(males)[0:n_mar]
[15  6 16 17 14]
np.random.permutation(males)[0:n_mar]
[12 13  0 22  3]
np.random.permutation(males)[0:n_mar]
[11  4  2  7 19]
np.random.permutation(males)[0:n_mar]
[ 0 13  8  1 12]
np.random.permutation(males)[0:n_mar]
[23  5  9  3 17]
np.random.permutation(males)[0:n_mar]
[17 10 16 23  4]
np.random.permutation(males)[0:n_mar]
[10 14  2 19  7]
np.random.permutation(males)[0:n_mar]
[ 8  7 13  1 23]
np.random.permutation(males)[0:n_mar]
[ 1 18 11  5 10]
np.random.permutation(males)[0:n_mar]
[16 14  1 15 11]
np.random.permutation(males)[0:n_mar]
[14 12 16  2  9]
np.random.permutation(males)[0:n_mar]
[12  7 20  1 17]
np.random.permutation(males)[0:n_mar]
[18  5  3 16 17]
np.random.permutation(males)[0:n_mar]
[12 18  5 22  6]
np.random.permutation(males)[0:n_mar]
[14 13 20 23  0]
np.random.permutation(males)[0:n_mar]
[ 5 15  7 19 14]
np.random.permutation(males)[0:n_mar]
[ 3 16 15  8  2]
np.random.permutation(males)[0:n_mar]
[15  6 19  7  0]
np.random.permutation(males)[0:n_mar]
[ 6 19 23  3 14]
np.random.permutation(males)[0:n_mar]
[ 9 23  3  2 21]
np.random.permutation(males)[0:n_mar]
[14  5  2 12 15]
np.random.permutation(males)[0:n_mar]
[ 1 19 14  3  9]
np.random.permutation(males)[0:n_mar]
[ 0  3 14 11 17]
np.random.permutation(males)[0:n_mar]
[15 12 16  5  7]
np.random.permutation(males)[0:n_mar]
[ 8 15 12  9 18]
np.random.permutation(males)[0:n_mar]
[19 21  0  4 12]
np.random.permutation(males)[0:n_mar]
[ 5 19  7  8 16]
np.random.permutation(males)[0:n_mar]
[14 13  0  3  8]
np.random.permutation(males)[0:n_mar]
[17 10  9 11  8]
np.random.permutation(males)[0:n_mar]
[ 5 14 22  9 12]
np.random.permutation(males)[0:n_mar]
[17 20  3  7 15]
np.random.permutation(males)[0:n_mar]
[ 4  2 14  9  0]
np.random.permutation(males)[0:n_mar]
[ 1 16 23 15 18]
np.random.permutation(males)[0:n_mar]
[ 9 23  5 17  8]
np.random.permutation(males)[0:n_mar]
[15 23 20  1 11]
np.random.permutation(males)[0:n_mar]
[17 14  5  9 18]
np.random.permutation(males)[0:n_mar]
[ 4  0 16  7 17]
np.random.permutation(males)[0:n_mar]
[ 4 22 13 20 15]
np.random.permutation(males)[0:n_mar]
[11 22 23  8  5]
np.random.permutation(males)[0:n_mar]
[ 7 20 10  6 19]
np.random.permutation(males)[0:n_mar]
[ 4 21 15 18  7]
np.random.permutation(males)[0:n_mar]
[ 6 14 18 17 16]
np.random.permutation(males)[0:n_mar]
[21  4 15  1 14]
np.random.permutation(males)[0:n_mar]
[ 2 23  0 18 22]
np.random.permutation(males)[0:n_mar]
[11  1  6  5  8]
np.random.permutation(males)[0:n_mar]
[14  6 20  3  9]
np.random.permutation(males)[0:n_mar]
[12  0 20 23 14]
np.random.permutation(males)[0:n_mar]
[ 1 12  3 19  6]
np.random.permutation(males)[0:n_mar]
[ 8  0  9 12  6]
np.random.permutation(males)[0:n_mar]
[15  7 19  8 14]
np.random.permutation(males)[0:n_mar]
[13  3 21  1  5]
np.random.permutation(males)[0:n_mar]
[ 7 21 23 22  5]
np.random.permutation(males)[0:n_mar]
[16  8 11  2 13]
np.random.permutation(males)[0:n_mar]
[10 13  6  0 12]
np.random.permutation(males)[0:n_mar]
[11 12  8  2 19]
np.random.permutation(males)[0:n_mar]
[16 19  0 12 22]
np.random.permutation(males)[0:n_mar]
[ 1 12  5 17 16]
np.random.permutation(males)[0:n_mar]
[ 6  7 18 23  5]
np.random.permutation(males)[0:n_mar]
[10  4 19 18 15]
np.random.permutation(males)[0:n_mar]
[19  3 16 20  6]
np.random.permutation(males)[0:n_mar]
[ 5  0 22 21 17]
np.random.permutation(males)[0:n_mar]
[11 16  9  7  1]
np.random.permutation(males)[0:n_mar]
[ 3 12  4 18 19]
np.random.permutation(males)[0:n_mar]
[ 1 20  0 13  4]
np.random.permutation(males)[0:n_mar]
[21 20  4 15  3]
np.random.permutation(males)[0:n_mar]
[12  1  5 21 10]
np.random.permutation(males)[0:n_mar]
[23  3 13  8 17]
np.random.permutation(males)[0:n_mar]
[18  6  1  8 20]
np.random.permutation(males)[0:n_mar]
[ 7  3  6  4 19]
np.random.permutation(males)[0:n_mar]
[ 6 17  1 21  9]
np.random.permutation(males)[0:n_mar]
[13  3  0  7 12]
np.random.permutation(males)[0:n_mar]
[17  1 22 23  7]
np.random.permutation(males)[0:n_mar]
[ 6  5 21 12  8]
np.random.permutation(males)[0:n_mar]
[17  7 14  0 18]
np.random.permutation(males)[0:n_mar]
[ 3 17  5 13 23]
np.random.permutation(males)[0:n_mar]
[12  3 18 11 15]
np.random.permutation(males)[0:n_mar]
[11  8 18 14  1]
np.random.permutation(males)[0:n_mar]
[19 21 18  2 16]
np.random.permutation(males)[0:n_mar]
[ 2 16  3  5 12]
np.random.permutation(males)[0:n_mar]
[12  3  1 11  7]
np.random.permutation(males)[0:n_mar]
[23  5  3 12 10]
np.random.permutation(males)[0:n_mar]
[10  8  7 17  6]
np.random.permutation(males)[0:n_mar]
[ 1  0 10 12  8]
np.random.permutation(males)[0:n_mar]
[13 16  9  6  3]
np.random.permutation(males)[0:n_mar]
[14 17 12  2  7]
np.random.permutation(males)[0:n_mar]
[ 4 13  9  3 12]
np.random.permutation(males)[0:n_mar]
[14 19 17 15 16]
np.random.permutation(males)[0:n_mar]
[ 4  5  9  1 14]
np.random.permutation(males)[0:n_mar]
[ 4 11  7  5 18]
np.random.permutation(males)[0:n_mar]
[ 7 13  6 17  2]
np.random.permutation(males)[0:n_mar]
[ 6  1  9 16 17]
np.random.permutation(males)[0:n_mar]
[13 12 23 18  7]
np.random.permutation(males)[0:n_mar]
[14 22  2  8  7]
np.random.permutation(males)[0:n_mar]
[11  9  2 12 21]
np.random.permutation(males)[0:n_mar]
[10  6 19  4 23]
np.random.permutation(males)[0:n_mar]
[22 14 13  2  1]
np.random.permutation(males)[0:n_mar]
[ 6 12 21 11  2]
np.random.permutation(males)[0:n_mar]
[23 11  8 12 19]
np.random.permutation(males)[0:n_mar]
[14 23  2 15 16]
np.random.permutation(males)[0:n_mar]
[ 9 11  4 12  0]
np.random.permutation(males)[0:n_mar]
[ 6 19 23 17 10]
np.random.permutation(males)[0:n_mar]
[13  3 19 16  9]
np.random.permutation(males)[0:n_mar]
[16 12 18 13  3]
np.random.permutation(males)[0:n_mar]
[ 2  4 20  1 17]
np.random.permutation(males)[0:n_mar]
[14  5  1  2 12]
np.random.permutation(males)[0:n_mar]
[ 4 18 13 10 17]
np.random.permutation(males)[0:n_mar]
[18 14  7  1 16]
np.random.permutation(males)[0:n_mar]
[ 9 21  8  1 19]
np.random.permutation(males)[0:n_mar]
[12 16 19  2  5]
np.random.permutation(males)[0:n_mar]
[23  4  2 13  5]
np.random.permutation(males)[0:n_mar]
[19 22 12 17 10]
np.random.permutation(males)[0:n_mar]
[19  6 12 20 11]
np.random.permutation(males)[0:n_mar]
[14  9  1 18 10]
np.random.permutation(males)[0:n_mar]
[22  6 20  0  1]
np.random.permutation(males)[0:n_mar]
[23 16 14 20 18]
np.random.permutation(males)[0:n_mar]
[ 1 23 19 17  6]
np.random.permutation(males)[0:n_mar]
[ 7 13 14 15  1]
np.random.permutation(males)[0:n_mar]
[13 11 18  4  6]
np.random.permutation(males)[0:n_mar]
[22 20 23 15  5]
np.random.permutation(males)[0:n_mar]
[ 3 20  4 18 15]
np.random.permutation(males)[0:n_mar]
[23  9  4 13 21]
np.random.permutation(males)[0:n_mar]
[19  9 15  0 23]
np.random.permutation(males)[0:n_mar]
[23 20  3 13 18]
np.random.permutation(males)[0:n_mar]
[17  8  9  3  2]
np.random.permutation(males)[0:n_mar]
[19  1 17  7 12]
np.random.permutation(males)[0:n_mar]
[17  2 15  4  5]
np.random.permutation(males)[0:n_mar]
[ 3  6  7 23 19]
np.random.permutation(males)[0:n_mar]
[22 20  7 11  3]
np.random.permutation(males)[0:n_mar]
[ 3 21  1 15 13]
np.random.permutation(males)[0:n_mar]
[14  8 12  4  0]
np.random.permutation(males)[0:n_mar]
[13 20  6  9  8]
np.random.permutation(males)[0:n_mar]
[13 17 11  2 20]
np.random.permutation(males)[0:n_mar]
[ 6  1 12 20  3]
np.random.permutation(males)[0:n_mar]
[ 4  9 22  1 17]
np.random.permutation(males)[0:n_mar]
[16 11  7 14  6]
np.random.permutation(males)[0:n_mar]
[21 17  7  8 23]
np.random.permutation(males)[0:n_mar]
[ 6  0 17 11 18]
np.random.permutation(males)[0:n_mar]
[11  9  0 18 22]
np.random.permutation(males)[0:n_mar]
[ 5 15 19 18 13]
np.random.permutation(males)[0:n_mar]
[22  1 18 13  3]
np.random.permutation(males)[0:n_mar]
[ 9  7 16 19 11]
np.random.permutation(males)[0:n_mar]
[ 3 11  2 21 22]
np.random.permutation(males)[0:n_mar]
[ 8  4 17  5 12]
np.random.permutation(males)[0:n_mar]
[11 20  3 23 22]
np.random.permutation(males)[0:n_mar]
[20 15  0  6 11]
np.random.permutation(males)[0:n_mar]
[12 11 14 23  7]
np.random.permutation(males)[0:n_mar]
[13  9  3 11  1]
np.random.permutation(males)[0:n_mar]
[17 14  9 11  2]
np.random.permutation(males)[0:n_mar]
[22 12  8 13 23]
np.random.permutation(males)[0:n_mar]
[ 3  2 17 10 20]
np.random.permutation(males)[0:n_mar]
[15 16 22 19 18]
np.random.permutation(males)[0:n_mar]
[13  2  4 18  3]
np.random.permutation(males)[0:n_mar]
[9 8 3 1 0]
np.random.permutation(males)[0:n_mar]
[21 23 10 11  3]
np.random.permutation(males)[0:n_mar]
[ 3 12  1 17 22]
np.random.permutation(males)[0:n_mar]
[19  5 12 11 15]
np.random.permutation(males)[0:n_mar]
[ 2  8 23  5 14]
np.random.permutation(males)[0:n_mar]
[ 2  5  1  8 22]
np.random.permutation(males)[0:n_mar]
[21 22 12 17 20]
np.random.permutation(males)[0:n_mar]
[ 6 18  2 15 16]
np.random.permutation(males)[0:n_mar]
[19 17 21  4  6]
np.random.permutation(males)[0:n_mar]
[ 5 14 17  7  0]
np.random.permutation(males)[0:n_mar]
[ 4  6 21 17  8]
np.random.permutation(males)[0:n_mar]
[20 11  3 21 18]
np.random.permutation(males)[0:n_mar]
[23  5  7  4  9]
np.random.permutation(males)[0:n_mar]
[ 8 23  7 17  4]
np.random.permutation(males)[0:n_mar]
[ 7 15 12  1  2]
np.random.permutation(males)[0:n_mar]
[14 12  6 17 16]
np.random.permutation(males)[0:n_mar]
[16  7 13  3 14]
np.random.permutation(males)[0:n_mar]
[18 16  2 10 15]
np.random.permutation(males)[0:n_mar]
[10 13 14  2 19]
np.random.permutation(males)[0:n_mar]
[16 17  2  5 19]
np.random.permutation(males)[0:n_mar]
[ 8 14  7  6 19]
np.random.permutation(males)[0:n_mar]
[ 4  9 19  8 23]
np.random.permutation(males)[0:n_mar]
[13  2  5  8 23]
np.random.permutation(males)[0:n_mar]
[17  5  1  6  9]
np.random.permutation(males)[0:n_mar]
[ 3 15  1  4 22]
np.random.permutation(males)[0:n_mar]
[21 19  7 17 10]
np.random.permutation(males)[0:n_mar]
[ 9 17  3  0 13]
np.random.permutation(males)[0:n_mar]
[ 4  7  8 19 16]
np.random.permutation(males)[0:n_mar]
[ 8 16  0 19  6]
np.random.permutation(males)[0:n_mar]
[ 5 22 10 14 21]
np.random.permutation(males)[0:n_mar]
[ 2  9  6  3 10]
np.random.permutation(males)[0:n_mar]
[12  7 10 13  9]
np.random.permutation(males)[0:n_mar]
[ 9 21 23 12 20]
np.random.permutation(males)[0:n_mar]
[18 13  5  3 19]
np.random.permutation(males)[0:n_mar]
[12 21  9  7  1]
np.random.permutation(males)[0:n_mar]
[12 14 16 17 20]
np.random.permutation(males)[0:n_mar]
[ 2  0 23 14  5]
np.random.permutation(males)[0:n_mar]
[14  7 22  5 20]
np.random.permutation(males)[0:n_mar]
[19  3  0  4 21]
np.random.permutation(males)[0:n_mar]
[ 6 23 18 11  3]
np.random.permutation(males)[0:n_mar]
[14  5  8  6  3]
np.random.permutation(males)[0:n_mar]
[ 5 12  0 17 21]
np.random.permutation(males)[0:n_mar]
[14 15  1 19 16]
np.random.permutation(males)[0:n_mar]
[ 6 13 14  0 18]
np.random.permutation(males)[0:n_mar]
[ 7 11  5 15  1]
np.random.permutation(males)[0:n_mar]
[21 13 14  4 17]
np.random.permutation(males)[0:n_mar]
[11 20 18 21  6]
np.random.permutation(males)[0:n_mar]
[20 11 19  9 13]
np.random.permutation(males)[0:n_mar]
[ 9  6  1 18 19]
np.random.permutation(males)[0:n_mar]
[18  3 14  7 13]
np.random.permutation(males)[0:n_mar]
[14 23 20  9  5]
np.random.permutation(males)[0:n_mar]
[22  1 15  2  4]
np.random.permutation(males)[0:n_mar]
[ 4  6 20 10  7]
np.random.permutation(males)[0:n_mar]
[ 4  3 13 16 23]
np.random.permutation(males)[0:n_mar]
[ 5 12 22 23 18]
np.random.permutation(males)[0:n_mar]
[15 16 19 18  5]
np.random.permutation(males)[0:n_mar]
[23 13  7  1 17]
np.random.permutation(males)[0:n_mar]
[13  2  0 16 21]
np.random.permutation(males)[0:n_mar]
[ 3  0 10  4  8]
np.random.permutation(males)[0:n_mar]
[ 0 16  6 19 17]
np.random.permutation(males)[0:n_mar]
[22 16  6  8 14]
np.random.permutation(males)[0:n_mar]
[18 13 19  9 10]
np.random.permutation(males)[0:n_mar]
[ 3  1 10  9 16]
np.random.permutation(males)[0:n_mar]
[ 8 19 10  7  4]
np.random.permutation(males)[0:n_mar]
[17  3 13 19 11]
np.random.permutation(males)[0:n_mar]
[ 5 15  4  6 12]
np.random.permutation(males)[0:n_mar]
[12  8  4 19  5]
np.random.permutation(males)[0:n_mar]
[15  2  6 11 12]
np.random.permutation(males)[0:n_mar]
[22  5  9 17 16]
np.random.permutation(males)[0:n_mar]
[20 18  5  7  8]
np.random.permutation(males)[0:n_mar]
[12  7 18  6 23]
np.random.permutation(males)[0:n_mar]
[ 1 10 13 19 17]
np.random.permutation(males)[0:n_mar]
[ 6 20 12  3  9]
np.random.permutation(males)[0:n_mar]
[20  6 15  1  5]
np.random.permutation(males)[0:n_mar]
[ 0 11 13 22 18]
np.random.permutation(males)[0:n_mar]
[18  3  2 22  1]
np.random.permutation(males)[0:n_mar]
[ 2 11 23 17 12]
np.random.permutation(males)[0:n_mar]
[ 9  4 12 21  3]
np.random.permutation(males)[0:n_mar]
[15 10 11 23  5]
np.random.permutation(males)[0:n_mar]
[ 3 13  4 20 18]
np.random.permutation(males)[0:n_mar]
[ 6  9  7  5 16]
np.random.permutation(males)[0:n_mar]
[16 21 15 17 22]
np.random.permutation(males)[0:n_mar]
[ 6 10  5  7 19]
np.random.permutation(males)[0:n_mar]
[ 1 13 11 19  7]
np.random.permutation(males)[0:n_mar]
[ 0  7 20 10 21]
np.random.permutation(males)[0:n_mar]
[ 0 13  4 12 17]
np.random.permutation(males)[0:n_mar]
[16  0  4 22  2]
np.random.permutation(males)[0:n_mar]
[13  9  3 16  0]
np.random.permutation(males)[0:n_mar]
[14 11 22 19 16]
np.random.permutation(males)[0:n_mar]
[ 4 14  8  2 23]
np.random.permutation(males)[0:n_mar]
[ 1  4  8 14 20]
np.random.permutation(males)[0:n_mar]
[13  0  6  5 21]
np.random.permutation(males)[0:n_mar]
[11 23  1  5  3]
np.random.permutation(males)[0:n_mar]
[12  9  0 15  1]
np.random.permutation(males)[0:n_mar]
[15 17  7 18  1]
np.random.permutation(males)[0:n_mar]
[11  1  2 12  0]
np.random.permutation(males)[0:n_mar]
[ 3  4 17 12  5]
np.random.permutation(males)[0:n_mar]
[12  1 13 10 23]
np.random.permutation(males)[0:n_mar]
[16 12 23 13  1]
np.random.permutation(males)[0:n_mar]
[16  9  8 10  4]
np.random.permutation(males)[0:n_mar]
[17 13  0 19  5]
np.random.permutation(males)[0:n_mar]
[ 7  5 11 16 19]
np.random.permutation(males)[0:n_mar]
[ 0 16 22  8 15]
np.random.permutation(males)[0:n_mar]
[ 3 12 20  8  7]
np.random.permutation(males)[0:n_mar]
[10 21  6  8 19]
np.random.permutation(males)[0:n_mar]
[17 21 15 22 14]
np.random.permutation(males)[0:n_mar]
[ 1  0 12  9  6]
np.random.permutation(males)[0:n_mar]
[ 3 10 20  9 21]
np.random.permutation(males)[0:n_mar]
[ 8 14 13  0  9]
np.random.permutation(males)[0:n_mar]
[21 19 11 14 20]
np.random.permutation(males)[0:n_mar]
[20 16 11  2  0]
np.random.permutation(males)[0:n_mar]
[10  0 12 16  9]
np.random.permutation(males)[0:n_mar]
[13 23 17 14 11]
np.random.permutation(males)[0:n_mar]
[ 5  3 18 11 12]
np.random.permutation(males)[0:n_mar]
[ 0 16 17 18  2]
np.random.permutation(males)[0:n_mar]
[ 6  4  8  5 21]
np.random.permutation(males)[0:n_mar]
[ 1 12  6 17  5]
np.random.permutation(males)[0:n_mar]
[17 15 21 16 11]
np.random.permutation(males)[0:n_mar]
[13 23  1 21 18]
np.random.permutation(males)[0:n_mar]
[ 7 10 11 21  1]
np.random.permutation(males)[0:n_mar]
[13  3 20  5  4]
np.random.permutation(males)[0:n_mar]
[ 3  6  4 15 11]
np.random.permutation(males)[0:n_mar]
[14 12 19 23  6]
np.random.permutation(males)[0:n_mar]
[21  4  6  0  8]
np.random.permutation(males)[0:n_mar]
[ 9 17 11  8 10]
np.random.permutation(males)[0:n_mar]
[ 6 18  5 16  0]
np.random.permutation(males)[0:n_mar]
[12  9 13 22 16]
np.random.permutation(males)[0:n_mar]
[ 5  9 22 11 13]
np.random.permutation(males)[0:n_mar]
[13 11  7  5  4]
np.random.permutation(males)[0:n_mar]
[15 23  1  8 11]
np.random.permutation(males)[0:n_mar]
[ 8 15  9 16  5]
np.random.permutation(males)[0:n_mar]
[12  9 21 10 13]
np.random.permutation(males)[0:n_mar]
[ 3  2 12 21  4]
np.random.permutation(males)[0:n_mar]
[22 12  7 16 11]
np.random.permutation(males)[0:n_mar]
[ 9  8 10 19 20]
np.random.permutation(males)[0:n_mar]
[13 17 10 15  9]
np.random.permutation(males)[0:n_mar]
[19 10  4 18 13]
np.random.permutation(males)[0:n_mar]
[17 16 22  9  6]
np.random.permutation(males)[0:n_mar]
[ 8 10  9  3 11]
np.random.permutation(males)[0:n_mar]
[19 15 10 14  1]
np.random.permutation(males)[0:n_mar]
[12  7  8 19  5]
np.random.permutation(males)[0:n_mar]
[ 9 20 10  8 23]
np.random.permutation(males)[0:n_mar]
[21 11 10  0 18]
np.random.permutation(males)[0:n_mar]
[ 2 13  0 16  4]
np.random.permutation(males)[0:n_mar]
[16  2  3 18  1]
np.random.permutation(males)[0:n_mar]
[20 21 14  3  7]
np.random.permutation(males)[0:n_mar]
[ 3  0 18 15 20]
np.random.permutation(males)[0:n_mar]
[ 5  7  2 21 20]
np.random.permutation(males)[0:n_mar]
[ 5 20 19  4 10]
np.random.permutation(males)[0:n_mar]
[18  1 23 16  9]
np.random.permutation(males)[0:n_mar]
[ 7  3 12 19 20]
np.random.permutation(males)[0:n_mar]
[14 11  0 21 23]
np.random.permutation(males)[0:n_mar]
[18  1  8 15 10]
np.random.permutation(males)[0:n_mar]
[13 22  8 19 18]
np.random.permutation(males)[0:n_mar]
[12 17 21 20  9]
np.random.permutation(males)[0:n_mar]
[20 14 15  7  6]
np.random.permutation(males)[0:n_mar]
[10  9 20  6 19]
np.random.permutation(males)[0:n_mar]
[ 4 17 10  6 19]
np.random.permutation(males)[0:n_mar]
[14 13  8  1 20]
np.random.permutation(males)[0:n_mar]
[22 13  4  3 10]
np.random.permutation(males)[0:n_mar]
[17  6 11 23  5]
np.random.permutation(males)[0:n_mar]
[15 22  5  6 10]
np.random.permutation(males)[0:n_mar]
[ 9  0  5 16 12]
np.random.permutation(males)[0:n_mar]
[16  6 18 11 20]
np.random.permutation(males)[0:n_mar]
[15 20  6 12 10]
np.random.permutation(males)[0:n_mar]
[12  8  5 18 13]
np.random.permutation(males)[0:n_mar]
[ 7 19 16 11  8]
np.random.permutation(males)[0:n_mar]
[18 11 17 15  5]
np.random.permutation(males)[0:n_mar]
[22 10 15 11  8]
np.random.permutation(males)[0:n_mar]
[22 19 23  6  3]
np.random.permutation(males)[0:n_mar]
[18 13  8  4 22]
np.random.permutation(males)[0:n_mar]
[23 22 19  7  9]
np.random.permutation(males)[0:n_mar]
[ 6 16 17 10 11]
np.random.permutation(males)[0:n_mar]
[11 22  9 10 19]
np.random.permutation(males)[0:n_mar]
[16 22  9  3  8]
np.random.permutation(males)[0:n_mar]
[ 8 22 20 16 10]
np.random.permutation(males)[0:n_mar]
[ 6 21 14  5 13]
np.random.permutation(males)[0:n_mar]
[12 18 13 22 17]
np.random.permutation(males)[0:n_mar]
[15 17  8 11 12]
np.random.permutation(males)[0:n_mar]
[20 11  9  6  5]
np.random.permutation(males)[0:n_mar]
[18 16 19 11 15]
np.random.permutation(males)[0:n_mar]
[18 15 21 19 13]
np.random.permutation(males)[0:n_mar]
[ 9  5  4 19 21]
np.random.permutation(males)[0:n_mar]
[ 7 23  3 18  4]
np.random.permutation(males)[0:n_mar]
[14 22 11  4 10]
np.random.permutation(males)[0:n_mar]
[16  7  9 20 12]
np.random.permutation(males)[0:n_mar]
[14 21 20  7 10]
np.random.permutation(males)[0:n_mar]
[10 20  8  6 22]
np.random.permutation(males)[0:n_mar]
[ 7 18 15  4 21]
np.random.permutation(males)[0:n_mar]
[15 10 16  9 22]
np.random.permutation(males)[0:n_mar]
[12 21  2  1 10]
np.random.permutation(males)[0:n_mar]
[15 19 20 21 23]
np.random.permutation(males)[0:n_mar]
[10  3 22  5 17]
np.random.permutation(males)[0:n_mar]
[18 21 17  2  1]
np.random.permutation(males)[0:n_mar]
[21 23 11 13 10]
np.random.permutation(males)[0:n_mar]
[ 7 18 19  3  4]
np.random.permutation(males)[0:n_mar]
[23 22  1 21  2]
np.random.permutation(males)[0:n_mar]
[11  3 20 18 12]
np.random.permutation(males)[0:n_mar]
[18  8 13  0  1]
np.random.permutation(males)[0:n_mar]
[ 0 14  2 19  1]
np.random.permutation(males)[0:n_mar]
[18 20 10  3 17]
np.random.permutation(males)[0:n_mar]
[17  0  4 10 20]
np.random.permutation(males)[0:n_mar]
[ 9 22 16  8 13]
np.random.permutation(males)[0:n_mar]
[16 23 21  5 22]
np.random.permutation(males)[0:n_mar]
[21  8 19 17 10]
np.random.permutation(males)[0:n_mar]
[11  0  5 21 10]
np.random.permutation(males)[0:n_mar]
[ 6 13 19  1 20]
np.random.permutation(males)[0:n_mar]
[ 0 19  5 15  4]
np.random.permutation(males)[0:n_mar]
[22 15  6  7  2]
np.random.permutation(males)[0:n_mar]
[ 0  4  9  1 12]
np.random.permutation(males)[0:n_mar]
[23  2 13 19  9]
np.random.permutation(males)[0:n_mar]
[15 17  5 19 11]
np.random.permutation(males)[0:n_mar]
[ 5  3  0 16 18]
np.random.permutation(males)[0:n_mar]
[13 23 19  9  7]
np.random.permutation(males)[0:n_mar]
[ 3 19  6 11  4]
np.random.permutation(males)[0:n_mar]
[ 2 14 19 21  8]
np.random.permutation(males)[0:n_mar]
[18 16 22  9 23]
np.random.permutation(males)[0:n_mar]
[22 20  6 19 11]
np.random.permutation(males)[0:n_mar]
[19 13 16  1 22]
np.random.permutation(males)[0:n_mar]
[ 8 14 21  5  7]
np.random.permutation(males)[0:n_mar]
[ 6  4 14 20 15]
np.random.permutation(males)[0:n_mar]
[11 12 14  6  3]
np.random.permutation(males)[0:n_mar]
[ 9 18  8 15  5]
np.random.permutation(males)[0:n_mar]
[13 21 18 20  5]
np.random.permutation(males)[0:n_mar]
[22 21  2  8 18]
np.random.permutation(males)[0:n_mar]
[ 3  5  7 18  4]
np.random.permutation(males)[0:n_mar]
[ 9 11 19  2 16]
np.random.permutation(males)[0:n_mar]
[ 2  6  9 20 21]
np.random.permutation(males)[0:n_mar]
[18 16  5 12 13]
np.random.permutation(males)[0:n_mar]
[12 15 14  4  0]
np.random.permutation(males)[0:n_mar]
[ 0 22  4 23  1]
np.random.permutation(males)[0:n_mar]
[12  0  5 18 14]
np.random.permutation(males)[0:n_mar]
[13  6 16 23  2]
np.random.permutation(males)[0:n_mar]
[ 1 13 12  0 21]
np.random.permutation(males)[0:n_mar]
[10 23  5 17  4]
np.random.permutation(males)[0:n_mar]
[18  7  2  5  9]
np.random.permutation(males)[0:n_mar]
[19 22  8 18  0]
np.random.permutation(males)[0:n_mar]
[10 19  7 12  2]
np.random.permutation(males)[0:n_mar]
[ 9 22  6  0  2]
np.random.permutation(males)[0:n_mar]
[19 16 12 11  1]
