np.random.permutation(males)[0:n_mar]
[10  7  9]
np.random.permutation(males)[0:n_mar]
[11  2 14]
np.random.permutation(males)[0:n_mar]
[12 22  8]
np.random.permutation(males)[0:n_mar]
[13 21  4]
np.random.permutation(males)[0:n_mar]
[20 13 18]
np.random.permutation(males)[0:n_mar]
[13 16  8]
np.random.permutation(males)[0:n_mar]
[20  9  1]
np.random.permutation(males)[0:n_mar]
[1 2 8]
np.random.permutation(males)[0:n_mar]
[ 3 20 10]
np.random.permutation(males)[0:n_mar]
[10 11 21]
np.random.permutation(males)[0:n_mar]
[14  7 16]
np.random.permutation(males)[0:n_mar]
[15 14 17]
np.random.permutation(males)[0:n_mar]
[21 19 16]
np.random.permutation(males)[0:n_mar]
[ 1 12 14]
np.random.permutation(males)[0:n_mar]
[ 8  7 11]
np.random.permutation(males)[0:n_mar]
[17 18 23]
np.random.permutation(males)[0:n_mar]
[13 17 15]
np.random.permutation(males)[0:n_mar]
[ 5  1 15]
np.random.permutation(males)[0:n_mar]
[ 7  8 18]
np.random.permutation(males)[0:n_mar]
[ 3 20  5]
np.random.permutation(males)[0:n_mar]
[20  4  6]
np.random.permutation(males)[0:n_mar]
[23 13  9]
np.random.permutation(males)[0:n_mar]
[14 23  9]
np.random.permutation(males)[0:n_mar]
[10 14  9]
np.random.permutation(males)[0:n_mar]
[ 4 21 20]
np.random.permutation(males)[0:n_mar]
[15 10  3]
np.random.permutation(males)[0:n_mar]
[11  2  4]
np.random.permutation(males)[0:n_mar]
[ 0  3 12]
np.random.permutation(males)[0:n_mar]
[ 2 12  3]
np.random.permutation(males)[0:n_mar]
[16 19  2]
np.random.permutation(males)[0:n_mar]
[20 16 15]
np.random.permutation(males)[0:n_mar]
[ 1  9 10]
np.random.permutation(males)[0:n_mar]
[ 3  1 10]
np.random.permutation(males)[0:n_mar]
[18 13 19]
np.random.permutation(males)[0:n_mar]
[22 19  8]
np.random.permutation(males)[0:n_mar]
[7 0 3]
np.random.permutation(males)[0:n_mar]
[19 16  6]
np.random.permutation(males)[0:n_mar]
[ 2 17 21]
np.random.permutation(males)[0:n_mar]
[ 2  5 11]
np.random.permutation(males)[0:n_mar]
[13  4  8]
np.random.permutation(males)[0:n_mar]
[23 17  0]
np.random.permutation(males)[0:n_mar]
[12  3 21]
np.random.permutation(males)[0:n_mar]
[21  1  6]
np.random.permutation(males)[0:n_mar]
[ 4 16 17]
np.random.permutation(males)[0:n_mar]
[22 23 15]
np.random.permutation(males)[0:n_mar]
[21  8 10]
np.random.permutation(males)[0:n_mar]
[ 0 21  5]
np.random.permutation(males)[0:n_mar]
[10  6  3]
np.random.permutation(males)[0:n_mar]
[ 5 15 11]
np.random.permutation(males)[0:n_mar]
[ 5  9 14]
np.random.permutation(males)[0:n_mar]
[23 22 10]
np.random.permutation(males)[0:n_mar]
[ 5  2 21]
np.random.permutation(males)[0:n_mar]
[18 12 19]
np.random.permutation(males)[0:n_mar]
[0 6 1]
np.random.permutation(males)[0:n_mar]
[12 19  3]
np.random.permutation(males)[0:n_mar]
[16  2 18]
np.random.permutation(males)[0:n_mar]
[22  3 14]
np.random.permutation(males)[0:n_mar]
[22 15  6]
np.random.permutation(males)[0:n_mar]
[ 9 11  5]
np.random.permutation(males)[0:n_mar]
[14 15  0]
np.random.permutation(males)[0:n_mar]
[13  1 23]
np.random.permutation(males)[0:n_mar]
[13 21 17]
np.random.permutation(males)[0:n_mar]
[11 15 14]
np.random.permutation(males)[0:n_mar]
[18 19  0]
np.random.permutation(males)[0:n_mar]
[22 20  5]
np.random.permutation(males)[0:n_mar]
[9 5 8]
np.random.permutation(males)[0:n_mar]
[ 7 15  2]
np.random.permutation(males)[0:n_mar]
[11 15 20]
np.random.permutation(males)[0:n_mar]
[ 6 18 21]
np.random.permutation(males)[0:n_mar]
[ 0  6 14]
np.random.permutation(males)[0:n_mar]
[20 19 16]
np.random.permutation(males)[0:n_mar]
[ 0  6 11]
np.random.permutation(males)[0:n_mar]
[ 8 17  5]
np.random.permutation(males)[0:n_mar]
[ 6  2 21]
np.random.permutation(males)[0:n_mar]
[ 0 13  9]
np.random.permutation(males)[0:n_mar]
[14  3 15]
np.random.permutation(males)[0:n_mar]
[10 22 14]
np.random.permutation(males)[0:n_mar]
[ 1 20 14]
np.random.permutation(males)[0:n_mar]
[19  1  5]
np.random.permutation(males)[0:n_mar]
[16 19 21]
np.random.permutation(males)[0:n_mar]
[0 9 7]
np.random.permutation(males)[0:n_mar]
[22  5  8]
np.random.permutation(males)[0:n_mar]
[21 22 11]
np.random.permutation(males)[0:n_mar]
[12 11  6]
np.random.permutation(males)[0:n_mar]
[17 12  0]
np.random.permutation(males)[0:n_mar]
[23 16 19]
np.random.permutation(males)[0:n_mar]
[ 1 10  3]
np.random.permutation(males)[0:n_mar]
[1 3 4]
np.random.permutation(males)[0:n_mar]
[ 4 19 16]
np.random.permutation(males)[0:n_mar]
[17 15 21]
np.random.permutation(males)[0:n_mar]
[5 4 0]
np.random.permutation(males)[0:n_mar]
[16 17 21]
np.random.permutation(males)[0:n_mar]
[10  7  4]
np.random.permutation(males)[0:n_mar]
[ 9  3 14]
np.random.permutation(males)[0:n_mar]
[15 19 22]
np.random.permutation(males)[0:n_mar]
[ 9 13  7]
np.random.permutation(males)[0:n_mar]
[23  2  5]
np.random.permutation(males)[0:n_mar]
[18  3 19]
np.random.permutation(males)[0:n_mar]
[23  3 15]
np.random.permutation(males)[0:n_mar]
[11  3 12]
np.random.permutation(males)[0:n_mar]
[ 1  8 22]
np.random.permutation(males)[0:n_mar]
[22 17 16]
np.random.permutation(males)[0:n_mar]
[15 20 19]
np.random.permutation(males)[0:n_mar]
[ 4 15  7]
np.random.permutation(males)[0:n_mar]
[19 12 15]
np.random.permutation(males)[0:n_mar]
[23  6 12]
np.random.permutation(males)[0:n_mar]
[11  8 17]
np.random.permutation(males)[0:n_mar]
[11 14 16]
np.random.permutation(males)[0:n_mar]
[14 18 13]
np.random.permutation(males)[0:n_mar]
[ 6 19 16]
np.random.permutation(males)[0:n_mar]
[17  2 13]
np.random.permutation(males)[0:n_mar]
[21  0  8]
np.random.permutation(males)[0:n_mar]
[22  0 11]
np.random.permutation(males)[0:n_mar]
[22  8 13]
np.random.permutation(males)[0:n_mar]
[ 9 22  5]
np.random.permutation(males)[0:n_mar]
[ 9 21 18]
np.random.permutation(males)[0:n_mar]
[1 9 6]
np.random.permutation(males)[0:n_mar]
[19  0 11]
np.random.permutation(males)[0:n_mar]
[14 17  0]
np.random.permutation(males)[0:n_mar]
[18 15  2]
np.random.permutation(males)[0:n_mar]
[ 0 14  1]
np.random.permutation(males)[0:n_mar]
[18 12 20]
np.random.permutation(males)[0:n_mar]
[ 1 10  4]
np.random.permutation(males)[0:n_mar]
[12 14  5]
np.random.permutation(males)[0:n_mar]
[15 11 10]
np.random.permutation(males)[0:n_mar]
[12 21 13]
np.random.permutation(males)[0:n_mar]
[13 22 12]
np.random.permutation(males)[0:n_mar]
[ 2 15  4]
np.random.permutation(males)[0:n_mar]
[22  4 15]
np.random.permutation(males)[0:n_mar]
[18 19  7]
np.random.permutation(males)[0:n_mar]
[13  2 16]
np.random.permutation(males)[0:n_mar]
[13  6 22]
np.random.permutation(males)[0:n_mar]
[14  6  5]
np.random.permutation(males)[0:n_mar]
[16  8  3]
np.random.permutation(males)[0:n_mar]
[13  9 21]
np.random.permutation(males)[0:n_mar]
[22 23  3]
np.random.permutation(males)[0:n_mar]
[ 2 10  7]
np.random.permutation(males)[0:n_mar]
[17  0  2]
np.random.permutation(males)[0:n_mar]
[10  1 11]
np.random.permutation(males)[0:n_mar]
[14 18 10]
np.random.permutation(males)[0:n_mar]
[14 20 12]
np.random.permutation(males)[0:n_mar]
[15 10 18]
np.random.permutation(males)[0:n_mar]
[19 14  8]
np.random.permutation(males)[0:n_mar]
[12 14 16]
np.random.permutation(males)[0:n_mar]
[ 9 23  4]
np.random.permutation(males)[0:n_mar]
[ 1 15 10]
np.random.permutation(males)[0:n_mar]
[15 18  0]
np.random.permutation(males)[0:n_mar]
[ 1  6 14]
np.random.permutation(males)[0:n_mar]
[ 3 19 21]
np.random.permutation(males)[0:n_mar]
[ 7  1 11]
np.random.permutation(males)[0:n_mar]
[ 1 22  3]
np.random.permutation(males)[0:n_mar]
[ 0 13  9]
np.random.permutation(males)[0:n_mar]
[15  4  9]
np.random.permutation(males)[0:n_mar]
[18  9 19]
np.random.permutation(males)[0:n_mar]
[16  6  9]
np.random.permutation(males)[0:n_mar]
[ 1  5 12]
np.random.permutation(males)[0:n_mar]
[13  4  0]
np.random.permutation(males)[0:n_mar]
[ 2 14 15]
np.random.permutation(males)[0:n_mar]
[ 9 13 16]
np.random.permutation(males)[0:n_mar]
[22  5 12]
np.random.permutation(males)[0:n_mar]
[20  4 21]
np.random.permutation(males)[0:n_mar]
[15  4  7]
np.random.permutation(males)[0:n_mar]
[11  3  2]
np.random.permutation(males)[0:n_mar]
[ 0 15  6]
np.random.permutation(males)[0:n_mar]
[ 3 16 20]
np.random.permutation(males)[0:n_mar]
[7 1 0]
np.random.permutation(males)[0:n_mar]
[ 0 22 23]
np.random.permutation(males)[0:n_mar]
[ 9  6 10]
np.random.permutation(males)[0:n_mar]
[23 12 11]
np.random.permutation(males)[0:n_mar]
[11  2 19]
np.random.permutation(males)[0:n_mar]
[18 21 12]
np.random.permutation(males)[0:n_mar]
[ 0  2 17]
np.random.permutation(males)[0:n_mar]
[ 4 14 21]
np.random.permutation(males)[0:n_mar]
[ 1  3 22]
np.random.permutation(males)[0:n_mar]
[ 1 23 15]
np.random.permutation(males)[0:n_mar]
[12 20 16]
np.random.permutation(males)[0:n_mar]
[ 1  2 15]
np.random.permutation(males)[0:n_mar]
[13 12 23]
np.random.permutation(males)[0:n_mar]
[ 4 10  2]
np.random.permutation(males)[0:n_mar]
[21  2  8]
np.random.permutation(males)[0:n_mar]
[ 3 17  7]
np.random.permutation(males)[0:n_mar]
[19  1  9]
np.random.permutation(males)[0:n_mar]
[11  0 23]
np.random.permutation(males)[0:n_mar]
[ 9 16  7]
np.random.permutation(males)[0:n_mar]
[22  6  3]
np.random.permutation(males)[0:n_mar]
[7 9 1]
np.random.permutation(males)[0:n_mar]
[ 8 17 14]
np.random.permutation(males)[0:n_mar]
[ 7 16 20]
np.random.permutation(males)[0:n_mar]
[20  0 18]
np.random.permutation(males)[0:n_mar]
[ 1 13 22]
np.random.permutation(males)[0:n_mar]
[17 18  2]
np.random.permutation(males)[0:n_mar]
[23  2  9]
np.random.permutation(males)[0:n_mar]
[ 8 15 14]
np.random.permutation(males)[0:n_mar]
[14  9 16]
np.random.permutation(males)[0:n_mar]
[18 16  5]
np.random.permutation(males)[0:n_mar]
[14 16 13]
np.random.permutation(males)[0:n_mar]
[11 12  8]
np.random.permutation(males)[0:n_mar]
[20  2  3]
np.random.permutation(males)[0:n_mar]
[ 5 11 19]
np.random.permutation(males)[0:n_mar]
[ 6  9 12]
np.random.permutation(males)[0:n_mar]
[19  7 18]
np.random.permutation(males)[0:n_mar]
[10 16  7]
np.random.permutation(males)[0:n_mar]
[ 7 12  1]
np.random.permutation(males)[0:n_mar]
[22 19 23]
np.random.permutation(males)[0:n_mar]
[23  2 12]
np.random.permutation(males)[0:n_mar]
[ 7 18  3]
np.random.permutation(males)[0:n_mar]
[15  9  7]
np.random.permutation(males)[0:n_mar]
[16 17 18]
np.random.permutation(males)[0:n_mar]
[18 13  5]
np.random.permutation(males)[0:n_mar]
[17  2  7]
np.random.permutation(males)[0:n_mar]
[ 4  8 16]
np.random.permutation(males)[0:n_mar]
[18 13 10]
np.random.permutation(males)[0:n_mar]
[11  4  0]
np.random.permutation(males)[0:n_mar]
[20 21 10]
np.random.permutation(males)[0:n_mar]
[13 10 18]
np.random.permutation(males)[0:n_mar]
[23 21  3]
np.random.permutation(males)[0:n_mar]
[18  9  4]
np.random.permutation(males)[0:n_mar]
[16 21  3]
np.random.permutation(males)[0:n_mar]
[13 22 11]
np.random.permutation(males)[0:n_mar]
[8 7 9]
np.random.permutation(males)[0:n_mar]
[ 1  7 13]
np.random.permutation(males)[0:n_mar]
[ 7 10 20]
np.random.permutation(males)[0:n_mar]
[12  7  3]
np.random.permutation(males)[0:n_mar]
[11 16  1]
np.random.permutation(males)[0:n_mar]
[ 5  7 21]
np.random.permutation(males)[0:n_mar]
[22 16 20]
np.random.permutation(males)[0:n_mar]
[20  4  0]
np.random.permutation(males)[0:n_mar]
[ 6 15  7]
np.random.permutation(males)[0:n_mar]
[16 19 13]
np.random.permutation(males)[0:n_mar]
[ 2 23 16]
np.random.permutation(males)[0:n_mar]
[11 18  2]
np.random.permutation(males)[0:n_mar]
[ 4 23 15]
np.random.permutation(males)[0:n_mar]
[ 3 11  0]
np.random.permutation(males)[0:n_mar]
[ 8 13 12]
np.random.permutation(males)[0:n_mar]
[8 5 6]
np.random.permutation(males)[0:n_mar]
[21 17  6]
np.random.permutation(males)[0:n_mar]
[18 23 11]
np.random.permutation(males)[0:n_mar]
[15 12 20]
np.random.permutation(males)[0:n_mar]
[23 13 16]
np.random.permutation(males)[0:n_mar]
[ 9 15 21]
np.random.permutation(males)[0:n_mar]
[15 10  3]
np.random.permutation(males)[0:n_mar]
[ 4 12 17]
np.random.permutation(males)[0:n_mar]
[ 7 16 19]
np.random.permutation(males)[0:n_mar]
[19 12 10]
np.random.permutation(males)[0:n_mar]
[23 17  5]
np.random.permutation(males)[0:n_mar]
[20  5 16]
np.random.permutation(males)[0:n_mar]
[18 13  8]
np.random.permutation(males)[0:n_mar]
[14  3 12]
np.random.permutation(males)[0:n_mar]
[ 6  5 17]
np.random.permutation(males)[0:n_mar]
[ 8  3 21]
np.random.permutation(males)[0:n_mar]
[18 13  5]
np.random.permutation(males)[0:n_mar]
[13  2  9]
np.random.permutation(males)[0:n_mar]
[ 0 13  5]
np.random.permutation(males)[0:n_mar]
[12 11  1]
np.random.permutation(males)[0:n_mar]
[20 18 19]
np.random.permutation(males)[0:n_mar]
[21 11  3]
np.random.permutation(males)[0:n_mar]
[ 1 16 18]
np.random.permutation(males)[0:n_mar]
[ 7 15 11]
np.random.permutation(males)[0:n_mar]
[21  3 14]
np.random.permutation(males)[0:n_mar]
[17 22 18]
np.random.permutation(males)[0:n_mar]
[ 5  9 11]
np.random.permutation(males)[0:n_mar]
[12 10 16]
np.random.permutation(males)[0:n_mar]
[14 12 10]
np.random.permutation(males)[0:n_mar]
[2 8 7]
np.random.permutation(males)[0:n_mar]
[ 0 18 22]
np.random.permutation(males)[0:n_mar]
[ 1  0 15]
np.random.permutation(males)[0:n_mar]
[10 20 22]
np.random.permutation(males)[0:n_mar]
[ 4  0 15]
np.random.permutation(males)[0:n_mar]
[16 21 12]
np.random.permutation(males)[0:n_mar]
[10 14  7]
np.random.permutation(males)[0:n_mar]
[ 0 13 15]
np.random.permutation(males)[0:n_mar]
[16  8 20]
np.random.permutation(males)[0:n_mar]
[17  2 23]
np.random.permutation(males)[0:n_mar]
[18 10  4]
np.random.permutation(males)[0:n_mar]
[ 0 18 14]
np.random.permutation(males)[0:n_mar]
[17  0 14]
np.random.permutation(males)[0:n_mar]
[14  9 13]
np.random.permutation(males)[0:n_mar]
[ 3 23 11]
np.random.permutation(males)[0:n_mar]
[ 3 19 16]
np.random.permutation(males)[0:n_mar]
[13  5 18]
np.random.permutation(males)[0:n_mar]
[ 1  9 11]
np.random.permutation(males)[0:n_mar]
[ 6  8 12]
np.random.permutation(males)[0:n_mar]
[ 4  3 17]
np.random.permutation(males)[0:n_mar]
[10  8 23]
np.random.permutation(males)[0:n_mar]
[22  7  8]
np.random.permutation(males)[0:n_mar]
[15  7 10]
np.random.permutation(males)[0:n_mar]
[11  6 23]
np.random.permutation(males)[0:n_mar]
[21  1 22]
np.random.permutation(males)[0:n_mar]
[ 8 20  3]
np.random.permutation(males)[0:n_mar]
[18  8  7]
np.random.permutation(males)[0:n_mar]
[ 2 16 14]
np.random.permutation(males)[0:n_mar]
[ 6  3 17]
np.random.permutation(males)[0:n_mar]
[16  6 15]
np.random.permutation(males)[0:n_mar]
[ 5 16  7]
np.random.permutation(males)[0:n_mar]
[3 1 8]
np.random.permutation(males)[0:n_mar]
[14 20 23]
np.random.permutation(males)[0:n_mar]
[23  4 22]
np.random.permutation(males)[0:n_mar]
[14  4 23]
np.random.permutation(males)[0:n_mar]
[11  8 13]
np.random.permutation(males)[0:n_mar]
[18  8 20]
np.random.permutation(males)[0:n_mar]
[10  9 13]
np.random.permutation(males)[0:n_mar]
[15 19  2]
np.random.permutation(males)[0:n_mar]
[ 4 18  1]
np.random.permutation(males)[0:n_mar]
[ 2 15 11]
np.random.permutation(males)[0:n_mar]
[3 0 1]
np.random.permutation(males)[0:n_mar]
[22  7  6]
np.random.permutation(males)[0:n_mar]
[14 17  4]
np.random.permutation(males)[0:n_mar]
[21 20 16]
np.random.permutation(males)[0:n_mar]
[ 4  5 17]
np.random.permutation(males)[0:n_mar]
[ 8 17 15]
np.random.permutation(males)[0:n_mar]
[12 19  8]
np.random.permutation(males)[0:n_mar]
[20 12 22]
np.random.permutation(males)[0:n_mar]
[13  0 23]
np.random.permutation(males)[0:n_mar]
[14  5 10]
np.random.permutation(males)[0:n_mar]
[14 18  2]
np.random.permutation(males)[0:n_mar]
[ 9 18 21]
np.random.permutation(males)[0:n_mar]
[ 5 23 12]
np.random.permutation(males)[0:n_mar]
[ 0 21 15]
np.random.permutation(males)[0:n_mar]
[21  6 17]
np.random.permutation(males)[0:n_mar]
[17  1 16]
np.random.permutation(males)[0:n_mar]
[20  8 14]
np.random.permutation(males)[0:n_mar]
[ 1 21 11]
np.random.permutation(males)[0:n_mar]
[11  3  9]
np.random.permutation(males)[0:n_mar]
[23 13 16]
np.random.permutation(males)[0:n_mar]
[15  8  1]
np.random.permutation(males)[0:n_mar]
[ 3  0 11]
np.random.permutation(males)[0:n_mar]
[23  5 20]
np.random.permutation(males)[0:n_mar]
[ 2 12 13]
np.random.permutation(males)[0:n_mar]
[22 20  6]
np.random.permutation(males)[0:n_mar]
[17  4 21]
np.random.permutation(males)[0:n_mar]
[23  7  9]
np.random.permutation(males)[0:n_mar]
[ 8  3 11]
np.random.permutation(males)[0:n_mar]
[ 1 15  4]
np.random.permutation(males)[0:n_mar]
[19 18  3]
np.random.permutation(males)[0:n_mar]
[12 21  2]
np.random.permutation(males)[0:n_mar]
[21 19 22]
np.random.permutation(males)[0:n_mar]
[2 0 3]
np.random.permutation(males)[0:n_mar]
[19 15 17]
np.random.permutation(males)[0:n_mar]
[19 12  8]
np.random.permutation(males)[0:n_mar]
[14 16  2]
np.random.permutation(males)[0:n_mar]
[ 2 14 11]
np.random.permutation(males)[0:n_mar]
[22  7 11]
np.random.permutation(males)[0:n_mar]
[19 11 18]
np.random.permutation(males)[0:n_mar]
[16  4  1]
np.random.permutation(males)[0:n_mar]
[ 1 20 13]
np.random.permutation(males)[0:n_mar]
[12  1 21]
np.random.permutation(males)[0:n_mar]
[16  8 11]
np.random.permutation(males)[0:n_mar]
[15  4 13]
np.random.permutation(males)[0:n_mar]
[ 6 16 17]
np.random.permutation(males)[0:n_mar]
[16  6 19]
np.random.permutation(males)[0:n_mar]
[ 0 17 22]
np.random.permutation(males)[0:n_mar]
[21 19  7]
np.random.permutation(males)[0:n_mar]
[12  7 11]
np.random.permutation(males)[0:n_mar]
[13  4  7]
np.random.permutation(males)[0:n_mar]
[18 20 22]
np.random.permutation(males)[0:n_mar]
[ 8 21 10]
np.random.permutation(males)[0:n_mar]
[ 6  7 16]
np.random.permutation(males)[0:n_mar]
[23 17  7]
np.random.permutation(males)[0:n_mar]
[ 6 12 15]
np.random.permutation(males)[0:n_mar]
[ 1 20 13]
np.random.permutation(males)[0:n_mar]
[ 2 17 10]
np.random.permutation(males)[0:n_mar]
[17  6 19]
np.random.permutation(males)[0:n_mar]
[16 18 13]
np.random.permutation(males)[0:n_mar]
[19  6 23]
np.random.permutation(males)[0:n_mar]
[ 9  1 21]
np.random.permutation(males)[0:n_mar]
[23  7 14]
np.random.permutation(males)[0:n_mar]
[ 4 22 13]
np.random.permutation(males)[0:n_mar]
[11 23 18]
np.random.permutation(males)[0:n_mar]
[17 16 15]
np.random.permutation(males)[0:n_mar]
[ 7 19  2]
np.random.permutation(males)[0:n_mar]
[ 9  3 19]
np.random.permutation(males)[0:n_mar]
[15 18  1]
np.random.permutation(males)[0:n_mar]
[ 6 13  2]
np.random.permutation(males)[0:n_mar]
[11  1  4]
np.random.permutation(males)[0:n_mar]
[10  2  8]
np.random.permutation(males)[0:n_mar]
[12 16 14]
np.random.permutation(males)[0:n_mar]
[14 23 18]
np.random.permutation(males)[0:n_mar]
[16  7  3]
np.random.permutation(males)[0:n_mar]
[ 5 21 13]
np.random.permutation(males)[0:n_mar]
[ 9 19 11]
np.random.permutation(males)[0:n_mar]
[14 11  8]
np.random.permutation(males)[0:n_mar]
[ 3 19 11]
np.random.permutation(males)[0:n_mar]
[17  0 10]
np.random.permutation(males)[0:n_mar]
[ 9 17 18]
np.random.permutation(males)[0:n_mar]
[ 4 11 19]
np.random.permutation(males)[0:n_mar]
[ 5 23 20]
np.random.permutation(males)[0:n_mar]
[ 3 19 10]
np.random.permutation(males)[0:n_mar]
[15  4  8]
np.random.permutation(males)[0:n_mar]
[21 16 14]
np.random.permutation(males)[0:n_mar]
[18 22 20]
np.random.permutation(males)[0:n_mar]
[ 0  4 14]
np.random.permutation(males)[0:n_mar]
[20  2 13]
np.random.permutation(males)[0:n_mar]
[ 7 18 20]
np.random.permutation(males)[0:n_mar]
[3 2 4]
np.random.permutation(males)[0:n_mar]
[20 19 11]
np.random.permutation(males)[0:n_mar]
[ 8 23 11]
np.random.permutation(males)[0:n_mar]
[13  2  5]
np.random.permutation(males)[0:n_mar]
[ 3  2 22]
np.random.permutation(males)[0:n_mar]
[ 0 20  3]
np.random.permutation(males)[0:n_mar]
[19  2  7]
np.random.permutation(males)[0:n_mar]
[15  9 23]
np.random.permutation(males)[0:n_mar]
[23  5 18]
np.random.permutation(males)[0:n_mar]
[12  5  3]
np.random.permutation(males)[0:n_mar]
[19 21  8]
np.random.permutation(males)[0:n_mar]
[ 6 17  5]
np.random.permutation(males)[0:n_mar]
[ 9  4 16]
np.random.permutation(males)[0:n_mar]
[ 2 22  8]
np.random.permutation(males)[0:n_mar]
[ 6 13 16]
np.random.permutation(males)[0:n_mar]
[11 13  3]
np.random.permutation(males)[0:n_mar]
[4 9 2]
np.random.permutation(males)[0:n_mar]
[22  8 17]
np.random.permutation(males)[0:n_mar]
[22 17  3]
np.random.permutation(males)[0:n_mar]
[22 19 15]
np.random.permutation(males)[0:n_mar]
[18  8  1]
np.random.permutation(males)[0:n_mar]
[11 17  8]
np.random.permutation(males)[0:n_mar]
[10 11 16]
np.random.permutation(males)[0:n_mar]
[19  3  2]
np.random.permutation(males)[0:n_mar]
[ 4  5 22]
np.random.permutation(males)[0:n_mar]
[20  3 23]
np.random.permutation(males)[0:n_mar]
[15 18  3]
np.random.permutation(males)[0:n_mar]
[19 16 23]
np.random.permutation(males)[0:n_mar]
[13 23 18]
np.random.permutation(males)[0:n_mar]
[ 7 13 18]
np.random.permutation(males)[0:n_mar]
[ 2 12  5]
np.random.permutation(males)[0:n_mar]
[ 2 16 14]
np.random.permutation(males)[0:n_mar]
[17  2 10]
np.random.permutation(males)[0:n_mar]
[10  6 11]
np.random.permutation(males)[0:n_mar]
[21 16 14]
np.random.permutation(males)[0:n_mar]
[14  7 20]
np.random.permutation(males)[0:n_mar]
[ 4  5 18]
np.random.permutation(males)[0:n_mar]
[3 9 8]
np.random.permutation(males)[0:n_mar]
[12 13 15]
np.random.permutation(males)[0:n_mar]
[ 8  1 10]
np.random.permutation(males)[0:n_mar]
[ 0 12 10]
np.random.permutation(males)[0:n_mar]
[15 10 11]
np.random.permutation(males)[0:n_mar]
[ 3 20 12]
np.random.permutation(males)[0:n_mar]
[ 3  6 11]
np.random.permutation(males)[0:n_mar]
[18  9  4]
np.random.permutation(males)[0:n_mar]
[19 21 10]
np.random.permutation(males)[0:n_mar]
[10 13 15]
np.random.permutation(males)[0:n_mar]
[1 2 8]
np.random.permutation(males)[0:n_mar]
[20 10  1]
np.random.permutation(males)[0:n_mar]
[18 23  5]
np.random.permutation(males)[0:n_mar]
[ 8  0 10]
np.random.permutation(males)[0:n_mar]
[10 18  4]
np.random.permutation(males)[0:n_mar]
[ 7 15 17]
np.random.permutation(males)[0:n_mar]
[ 2 20  8]
np.random.permutation(males)[0:n_mar]
[ 5 14 13]
np.random.permutation(males)[0:n_mar]
[20 17  5]
np.random.permutation(males)[0:n_mar]
[ 4 19 15]
np.random.permutation(males)[0:n_mar]
[15  5 14]
np.random.permutation(males)[0:n_mar]
[ 3 13  9]
np.random.permutation(males)[0:n_mar]
[ 7  4 16]
np.random.permutation(males)[0:n_mar]
[15 20  8]
np.random.permutation(males)[0:n_mar]
[3 7 2]
np.random.permutation(males)[0:n_mar]
[20 10 14]
np.random.permutation(males)[0:n_mar]
[21 11 14]
np.random.permutation(males)[0:n_mar]
[ 8 21 16]
np.random.permutation(males)[0:n_mar]
[22  9  0]
np.random.permutation(males)[0:n_mar]
[ 6 19 17]
np.random.permutation(males)[0:n_mar]
[20  4  9]
np.random.permutation(males)[0:n_mar]
[11 21 17]
np.random.permutation(males)[0:n_mar]
[16 18 15]
np.random.permutation(males)[0:n_mar]
[ 7  3 16]
np.random.permutation(males)[0:n_mar]
[22 23 16]
np.random.permutation(males)[0:n_mar]
[ 4 17  7]
np.random.permutation(males)[0:n_mar]
[21  1 22]
np.random.permutation(males)[0:n_mar]
[7 0 6]
np.random.permutation(males)[0:n_mar]
[ 7  3 23]
np.random.permutation(males)[0:n_mar]
[22 13  1]
np.random.permutation(males)[0:n_mar]
[ 0 15 21]
np.random.permutation(males)[0:n_mar]
[12  2 10]
np.random.permutation(males)[0:n_mar]
[19 22 20]
np.random.permutation(males)[0:n_mar]
[18 10 15]
np.random.permutation(males)[0:n_mar]
[ 8 12 16]
np.random.permutation(males)[0:n_mar]
[18  1 15]
np.random.permutation(males)[0:n_mar]
[13 21 14]
np.random.permutation(males)[0:n_mar]
[ 9 16 15]
np.random.permutation(males)[0:n_mar]
[17 14  2]
np.random.permutation(males)[0:n_mar]
[15  8 16]
np.random.permutation(males)[0:n_mar]
[13 14 15]
np.random.permutation(males)[0:n_mar]
[ 3 21  4]
np.random.permutation(males)[0:n_mar]
[16  7 15]
np.random.permutation(males)[0:n_mar]
[16 11 21]
np.random.permutation(males)[0:n_mar]
[21 22  2]
np.random.permutation(males)[0:n_mar]
[18 16  0]
np.random.permutation(males)[0:n_mar]
[ 2 10 14]
np.random.permutation(males)[0:n_mar]
[17  8  7]
np.random.permutation(males)[0:n_mar]
[20 16  6]
np.random.permutation(males)[0:n_mar]
[21 18 13]
np.random.permutation(males)[0:n_mar]
[19  5  2]
np.random.permutation(males)[0:n_mar]
[22 21  4]
np.random.permutation(males)[0:n_mar]
[18  2  8]
np.random.permutation(males)[0:n_mar]
[ 7  6 15]
np.random.permutation(males)[0:n_mar]
[4 8 3]
np.random.permutation(males)[0:n_mar]
[ 0  3 17]
np.random.permutation(males)[0:n_mar]
[16 10 17]
np.random.permutation(males)[0:n_mar]
[11 22  2]
np.random.permutation(males)[0:n_mar]
[ 4  6 21]
np.random.permutation(males)[0:n_mar]
[ 6 13 21]
np.random.permutation(males)[0:n_mar]
[ 8 13 20]
np.random.permutation(males)[0:n_mar]
[15 11 17]
np.random.permutation(males)[0:n_mar]
[ 0 21  5]
np.random.permutation(males)[0:n_mar]
[8 2 9]
np.random.permutation(males)[0:n_mar]
[14 23 11]
np.random.permutation(males)[0:n_mar]
[16 22 10]
np.random.permutation(males)[0:n_mar]
[ 9 12 17]
np.random.permutation(males)[0:n_mar]
[16 13  7]
np.random.permutation(males)[0:n_mar]
[7 6 4]
np.random.permutation(males)[0:n_mar]
[14 15  6]
np.random.permutation(males)[0:n_mar]
[14 18  9]
np.random.permutation(males)[0:n_mar]
[ 2 10  3]
np.random.permutation(males)[0:n_mar]
[ 4 20 13]
np.random.permutation(males)[0:n_mar]
[23  7 17]
np.random.permutation(males)[0:n_mar]
[ 8  6 11]
np.random.permutation(males)[0:n_mar]
[17  0 18]
np.random.permutation(males)[0:n_mar]
[ 3  7 18]
np.random.permutation(males)[0:n_mar]
[18  7 14]
np.random.permutation(males)[0:n_mar]
[ 0  2 14]
np.random.permutation(males)[0:n_mar]
[ 6  1 13]
np.random.permutation(males)[0:n_mar]
[ 5  1 10]
np.random.permutation(males)[0:n_mar]
[ 9 15  7]
np.random.permutation(males)[0:n_mar]
[ 1  8 10]
np.random.permutation(males)[0:n_mar]
[ 6  1 19]
np.random.permutation(males)[0:n_mar]
[13  7  5]
np.random.permutation(males)[0:n_mar]
[10  5 20]
np.random.permutation(males)[0:n_mar]
[17 15 13]
np.random.permutation(males)[0:n_mar]
[20 16  3]
np.random.permutation(males)[0:n_mar]
[1 3 5]
np.random.permutation(males)[0:n_mar]
[19  4 16]
np.random.permutation(males)[0:n_mar]
[14  0  5]
np.random.permutation(males)[0:n_mar]
[22 15 19]
np.random.permutation(males)[0:n_mar]
[11 13 20]
np.random.permutation(males)[0:n_mar]
[10 20  7]
np.random.permutation(males)[0:n_mar]
[ 0 11  6]
np.random.permutation(males)[0:n_mar]
[22 15 19]
np.random.permutation(males)[0:n_mar]
[22  4  1]
np.random.permutation(males)[0:n_mar]
[ 6 15  0]
np.random.permutation(males)[0:n_mar]
[13  7 15]
np.random.permutation(males)[0:n_mar]
[18  2  7]
np.random.permutation(males)[0:n_mar]
[16 21 13]
np.random.permutation(males)[0:n_mar]
[6 4 3]
np.random.permutation(males)[0:n_mar]
[20  0 16]
np.random.permutation(males)[0:n_mar]
[15 20 19]
np.random.permutation(males)[0:n_mar]
[ 6 23 19]
np.random.permutation(males)[0:n_mar]
[ 4 21  8]
np.random.permutation(males)[0:n_mar]
[13 22  3]
np.random.permutation(males)[0:n_mar]
[17 14  7]
np.random.permutation(males)[0:n_mar]
[21 10 18]
np.random.permutation(males)[0:n_mar]
[ 4  2 18]
np.random.permutation(males)[0:n_mar]
[16 12  6]
np.random.permutation(males)[0:n_mar]
[22 21 14]
np.random.permutation(males)[0:n_mar]
[21  8 17]
np.random.permutation(males)[0:n_mar]
[ 8 21  9]
np.random.permutation(males)[0:n_mar]
[11  3 16]
np.random.permutation(males)[0:n_mar]
[ 2 19  9]
np.random.permutation(males)[0:n_mar]
[23 20  6]
np.random.permutation(males)[0:n_mar]
[15 16  9]
np.random.permutation(males)[0:n_mar]
[18 17  2]
np.random.permutation(males)[0:n_mar]
[ 5 13  3]
np.random.permutation(males)[0:n_mar]
[14 19  5]
np.random.permutation(males)[0:n_mar]
[ 1 13 23]
np.random.permutation(males)[0:n_mar]
[21 10  2]
np.random.permutation(males)[0:n_mar]
[18 11  7]
np.random.permutation(males)[0:n_mar]
[10 15 13]
np.random.permutation(males)[0:n_mar]
[ 6 15  7]
np.random.permutation(males)[0:n_mar]
[10 12  4]
np.random.permutation(males)[0:n_mar]
[ 7 22  0]
np.random.permutation(males)[0:n_mar]
[11 13  7]
np.random.permutation(males)[0:n_mar]
[ 2 10 13]
np.random.permutation(males)[0:n_mar]
[23  0 15]
np.random.permutation(males)[0:n_mar]
[16 10  0]
np.random.permutation(males)[0:n_mar]
[12  4 20]
np.random.permutation(males)[0:n_mar]
[17 23 18]
np.random.permutation(males)[0:n_mar]
[ 0 16 13]
np.random.permutation(males)[0:n_mar]
[ 9 16 15]
np.random.permutation(males)[0:n_mar]
[16  6 12]
np.random.permutation(males)[0:n_mar]
[ 3 23  2]
np.random.permutation(males)[0:n_mar]
[15  6  3]
np.random.permutation(males)[0:n_mar]
[ 5 16 22]
np.random.permutation(males)[0:n_mar]
[17  6 13]
np.random.permutation(males)[0:n_mar]
[0 9 2]
np.random.permutation(males)[0:n_mar]
[ 8 16 15]
np.random.permutation(males)[0:n_mar]
[13 10  5]
np.random.permutation(males)[0:n_mar]
[13 19 22]
np.random.permutation(males)[0:n_mar]
[14  0  9]
np.random.permutation(males)[0:n_mar]
[23 13  9]
np.random.permutation(males)[0:n_mar]
[15  3  8]
np.random.permutation(males)[0:n_mar]
[23  9  0]
np.random.permutation(males)[0:n_mar]
[15  9  7]
np.random.permutation(males)[0:n_mar]
[14 23  3]
np.random.permutation(males)[0:n_mar]
[ 5 12 20]
np.random.permutation(males)[0:n_mar]
[23 13 14]
np.random.permutation(males)[0:n_mar]
[ 8  3 18]
np.random.permutation(males)[0:n_mar]
[10  7 15]
np.random.permutation(males)[0:n_mar]
[ 1 12 21]
np.random.permutation(males)[0:n_mar]
[21 12  5]
np.random.permutation(males)[0:n_mar]
[10 20  6]
np.random.permutation(males)[0:n_mar]
[13  9 22]
np.random.permutation(males)[0:n_mar]
[23 20 19]
np.random.permutation(males)[0:n_mar]
[ 1 15  4]
np.random.permutation(males)[0:n_mar]
[ 2 15  3]
np.random.permutation(males)[0:n_mar]
[9 8 5]
np.random.permutation(males)[0:n_mar]
[ 6  1 15]
np.random.permutation(males)[0:n_mar]
[17  5  2]
np.random.permutation(males)[0:n_mar]
[12 15  6]
np.random.permutation(males)[0:n_mar]
[23  3  5]
np.random.permutation(males)[0:n_mar]
[12  5 23]
np.random.permutation(males)[0:n_mar]
[11 23 14]
np.random.permutation(males)[0:n_mar]
[13 23  9]
np.random.permutation(males)[0:n_mar]
[23 13 22]
np.random.permutation(males)[0:n_mar]
[20  7 23]
np.random.permutation(males)[0:n_mar]
[12  8 23]
np.random.permutation(males)[0:n_mar]
[17 10  3]
np.random.permutation(males)[0:n_mar]
[23 13 11]
np.random.permutation(males)[0:n_mar]
[ 9 16  5]
np.random.permutation(males)[0:n_mar]
[19 14 15]
np.random.permutation(males)[0:n_mar]
[18 22  5]
np.random.permutation(males)[0:n_mar]
[ 6  2 15]
np.random.permutation(males)[0:n_mar]
[10  6 20]
np.random.permutation(males)[0:n_mar]
[9 6 3]
np.random.permutation(males)[0:n_mar]
[ 4 10  5]
np.random.permutation(males)[0:n_mar]
[22  9  3]
np.random.permutation(males)[0:n_mar]
[ 6 11 16]
np.random.permutation(males)[0:n_mar]
[ 6  8 10]
np.random.permutation(males)[0:n_mar]
[16  1  5]
np.random.permutation(males)[0:n_mar]
[21 18  5]
np.random.permutation(males)[0:n_mar]
[14  3 21]
np.random.permutation(males)[0:n_mar]
[16 17 23]
np.random.permutation(males)[0:n_mar]
[22  5 15]
np.random.permutation(males)[0:n_mar]
[20  7 15]
np.random.permutation(males)[0:n_mar]
[15 17 10]
np.random.permutation(males)[0:n_mar]
[22  5 20]
np.random.permutation(males)[0:n_mar]
[ 8 19 11]
np.random.permutation(males)[0:n_mar]
[19 12  4]
np.random.permutation(males)[0:n_mar]
[ 3 12 21]
np.random.permutation(males)[0:n_mar]
[ 9  8 10]
np.random.permutation(males)[0:n_mar]
[10  6  8]
np.random.permutation(males)[0:n_mar]
[11  0 17]
np.random.permutation(males)[0:n_mar]
[11  6 15]
np.random.permutation(males)[0:n_mar]
[20  5  9]
np.random.permutation(males)[0:n_mar]
[ 0  9 10]
np.random.permutation(males)[0:n_mar]
[ 8  9 16]
np.random.permutation(males)[0:n_mar]
[19  8 18]
np.random.permutation(males)[0:n_mar]
[ 8 20  6]
np.random.permutation(males)[0:n_mar]
[ 4  3 10]
np.random.permutation(males)[0:n_mar]
[21 23  4]
np.random.permutation(males)[0:n_mar]
[16 23  1]
np.random.permutation(males)[0:n_mar]
[12 10  4]
np.random.permutation(males)[0:n_mar]
[ 5 17  3]
np.random.permutation(males)[0:n_mar]
[11 18 14]
np.random.permutation(males)[0:n_mar]
[12 17 16]
np.random.permutation(males)[0:n_mar]
[20 14 13]
np.random.permutation(males)[0:n_mar]
[ 7 23 21]
np.random.permutation(males)[0:n_mar]
[ 0 18 16]
np.random.permutation(males)[0:n_mar]
[ 6 14  4]
np.random.permutation(males)[0:n_mar]
[14  2 12]
np.random.permutation(males)[0:n_mar]
[23 14 20]
np.random.permutation(males)[0:n_mar]
[ 9  1 10]
np.random.permutation(males)[0:n_mar]
[ 2  8 21]
np.random.permutation(males)[0:n_mar]
[11 16  6]
np.random.permutation(males)[0:n_mar]
[ 7 10 21]
np.random.permutation(males)[0:n_mar]
[ 8  7 20]
np.random.permutation(males)[0:n_mar]
[11 15 14]
np.random.permutation(males)[0:n_mar]
[ 0 22 20]
np.random.permutation(males)[0:n_mar]
[ 6 19 14]
np.random.permutation(males)[0:n_mar]
[ 2 19  0]
np.random.permutation(males)[0:n_mar]
[19  1  0]
np.random.permutation(males)[0:n_mar]
[1 0 9]
np.random.permutation(males)[0:n_mar]
[16  3 23]
np.random.permutation(males)[0:n_mar]
[23  3 12]
np.random.permutation(males)[0:n_mar]
[22  5 13]
np.random.permutation(males)[0:n_mar]
[21 17 16]
np.random.permutation(males)[0:n_mar]
[3 9 5]
np.random.permutation(males)[0:n_mar]
[13  4 22]
np.random.permutation(males)[0:n_mar]
[7 3 1]
np.random.permutation(males)[0:n_mar]
[ 9 19  3]
np.random.permutation(males)[0:n_mar]
[15 18 10]
np.random.permutation(males)[0:n_mar]
[22 10 16]
np.random.permutation(males)[0:n_mar]
[17 23 16]
np.random.permutation(males)[0:n_mar]
[20 15  4]
np.random.permutation(males)[0:n_mar]
[ 0 22  8]
np.random.permutation(males)[0:n_mar]
[18  2 11]
np.random.permutation(males)[0:n_mar]
[ 2 15 16]
np.random.permutation(males)[0:n_mar]
[ 7 12  4]
np.random.permutation(males)[0:n_mar]
[20 22  0]
np.random.permutation(males)[0:n_mar]
[ 2 15  9]
np.random.permutation(males)[0:n_mar]
[16  5 14]
np.random.permutation(males)[0:n_mar]
[11 20  7]
np.random.permutation(males)[0:n_mar]
[ 5 17 21]
np.random.permutation(males)[0:n_mar]
[14 12  6]
np.random.permutation(males)[0:n_mar]
[16 13  3]
np.random.permutation(males)[0:n_mar]
[ 3  6 18]
np.random.permutation(males)[0:n_mar]
[ 3 17  1]
np.random.permutation(males)[0:n_mar]
[11  7 12]
np.random.permutation(males)[0:n_mar]
[ 8 11 13]
np.random.permutation(males)[0:n_mar]
[ 1  0 10]
np.random.permutation(males)[0:n_mar]
[ 3 15  5]
np.random.permutation(males)[0:n_mar]
[7 4 5]
np.random.permutation(males)[0:n_mar]
[7 5 6]
np.random.permutation(males)[0:n_mar]
[22 16 20]
np.random.permutation(males)[0:n_mar]
[14  7  3]
np.random.permutation(males)[0:n_mar]
[15  0 12]
np.random.permutation(males)[0:n_mar]
[10 11  2]
np.random.permutation(males)[0:n_mar]
[13 11 12]
np.random.permutation(males)[0:n_mar]
[11  7 17]
np.random.permutation(males)[0:n_mar]
[20 13 17]
np.random.permutation(males)[0:n_mar]
[12 16  4]
np.random.permutation(males)[0:n_mar]
[ 7 10  6]
np.random.permutation(males)[0:n_mar]
[17 14 19]
np.random.permutation(males)[0:n_mar]
[13  8 10]
np.random.permutation(males)[0:n_mar]
[3 1 5]
np.random.permutation(males)[0:n_mar]
[15 16  0]
np.random.permutation(males)[0:n_mar]
[15  4 12]
np.random.permutation(males)[0:n_mar]
[16  0 23]
np.random.permutation(males)[0:n_mar]
[15 13 22]
np.random.permutation(males)[0:n_mar]
[17  3  0]
np.random.permutation(males)[0:n_mar]
[20 10 15]
np.random.permutation(males)[0:n_mar]
[ 0 18 19]
np.random.permutation(males)[0:n_mar]
[13  7  0]
np.random.permutation(males)[0:n_mar]
[23  3 15]
np.random.permutation(males)[0:n_mar]
[11 13 12]
np.random.permutation(males)[0:n_mar]
[ 6 18 12]
np.random.permutation(males)[0:n_mar]
[22  1 12]
np.random.permutation(males)[0:n_mar]
[22 19 12]
np.random.permutation(males)[0:n_mar]
[ 2 16 13]
np.random.permutation(males)[0:n_mar]
[19 22 12]
np.random.permutation(males)[0:n_mar]
[9 1 8]
np.random.permutation(males)[0:n_mar]
[18  1 20]
np.random.permutation(males)[0:n_mar]
[16 21  6]
np.random.permutation(males)[0:n_mar]
[21 15  4]
np.random.permutation(males)[0:n_mar]
[19 20  4]
np.random.permutation(males)[0:n_mar]
[12 11 21]
np.random.permutation(males)[0:n_mar]
[14 12  0]
np.random.permutation(males)[0:n_mar]
[ 1 10 23]
np.random.permutation(males)[0:n_mar]
[7 0 3]
np.random.permutation(males)[0:n_mar]
[21 23 11]
np.random.permutation(males)[0:n_mar]
[23 21  7]
np.random.permutation(males)[0:n_mar]
[ 2 23 18]
np.random.permutation(males)[0:n_mar]
[23  9 11]
np.random.permutation(males)[0:n_mar]
[ 6 13 14]
np.random.permutation(males)[0:n_mar]
[ 2 13 21]
np.random.permutation(males)[0:n_mar]
[22 13  6]
np.random.permutation(males)[0:n_mar]
[19  9 10]
np.random.permutation(males)[0:n_mar]
[ 0 22  9]
np.random.permutation(males)[0:n_mar]
[ 1  8 12]
np.random.permutation(males)[0:n_mar]
[17 13  7]
np.random.permutation(males)[0:n_mar]
[15  7 10]
np.random.permutation(males)[0:n_mar]
[15 11  4]
np.random.permutation(males)[0:n_mar]
[ 7 19  9]
np.random.permutation(males)[0:n_mar]
[15  3  6]
np.random.permutation(males)[0:n_mar]
[20 21 12]
np.random.permutation(males)[0:n_mar]
[ 4  7 18]
np.random.permutation(males)[0:n_mar]
[ 0  4 14]
np.random.permutation(males)[0:n_mar]
[ 3 16 23]
np.random.permutation(males)[0:n_mar]
[16  9 19]
np.random.permutation(males)[0:n_mar]
[11 17 21]
np.random.permutation(males)[0:n_mar]
[19 17  2]
np.random.permutation(males)[0:n_mar]
[ 1 14  5]
np.random.permutation(males)[0:n_mar]
[17  6 18]
np.random.permutation(males)[0:n_mar]
[19  7 20]
np.random.permutation(males)[0:n_mar]
[ 7  2 17]
np.random.permutation(males)[0:n_mar]
[18 17 12]
np.random.permutation(males)[0:n_mar]
[ 3 13 12]
np.random.permutation(males)[0:n_mar]
[ 8 12  4]
np.random.permutation(males)[0:n_mar]
[16 20  2]
np.random.permutation(males)[0:n_mar]
[18  4 12]
np.random.permutation(males)[0:n_mar]
[ 0 12  8]
np.random.permutation(males)[0:n_mar]
[ 9 22  3]
np.random.permutation(males)[0:n_mar]
[ 7 14  2]
np.random.permutation(males)[0:n_mar]
[ 7 22 23]
np.random.permutation(males)[0:n_mar]
[16  8 17]
np.random.permutation(males)[0:n_mar]
[ 5 14 11]
np.random.permutation(males)[0:n_mar]
[10 13 19]
np.random.permutation(males)[0:n_mar]
[ 1 15 19]
np.random.permutation(males)[0:n_mar]
[0 7 2]
np.random.permutation(males)[0:n_mar]
[9 4 1]
np.random.permutation(males)[0:n_mar]
[14 12 16]
np.random.permutation(males)[0:n_mar]
[18  6  1]
np.random.permutation(males)[0:n_mar]
[20 19 16]
np.random.permutation(males)[0:n_mar]
[ 8 15  6]
np.random.permutation(males)[0:n_mar]
[ 0 13 17]
np.random.permutation(males)[0:n_mar]
[23  3  0]
np.random.permutation(males)[0:n_mar]
[16  1 14]
np.random.permutation(males)[0:n_mar]
[14  6 12]
np.random.permutation(males)[0:n_mar]
[16 12 22]
np.random.permutation(males)[0:n_mar]
[14 18  0]
np.random.permutation(males)[0:n_mar]
[ 7 22  4]
np.random.permutation(males)[0:n_mar]
[23 16 22]
np.random.permutation(males)[0:n_mar]
[15  2 16]
np.random.permutation(males)[0:n_mar]
[ 2  9 10]
np.random.permutation(males)[0:n_mar]
[10 13  6]
np.random.permutation(males)[0:n_mar]
[0 4 1]
np.random.permutation(males)[0:n_mar]
[ 3 17 18]
np.random.permutation(males)[0:n_mar]
[19 21  1]
np.random.permutation(males)[0:n_mar]
[23  6 21]
np.random.permutation(males)[0:n_mar]
[15 11 10]
np.random.permutation(males)[0:n_mar]
[ 1 23 13]
np.random.permutation(males)[0:n_mar]
[4 5 8]
np.random.permutation(males)[0:n_mar]
[10 16  7]
np.random.permutation(males)[0:n_mar]
[ 3  6 16]
np.random.permutation(males)[0:n_mar]
[10 12  2]
np.random.permutation(males)[0:n_mar]
[0 3 8]
np.random.permutation(males)[0:n_mar]
[ 3 21  1]
np.random.permutation(males)[0:n_mar]
[ 2 21 18]
np.random.permutation(males)[0:n_mar]
[19  5  7]
np.random.permutation(males)[0:n_mar]
[15 12 20]
np.random.permutation(males)[0:n_mar]
[10 22  8]
np.random.permutation(males)[0:n_mar]
[ 0 20  5]
np.random.permutation(males)[0:n_mar]
[14 19  1]
np.random.permutation(males)[0:n_mar]
[17 16 22]
np.random.permutation(males)[0:n_mar]
[ 5 23  6]
np.random.permutation(males)[0:n_mar]
[21  9 18]
np.random.permutation(males)[0:n_mar]
[14 13 15]
np.random.permutation(males)[0:n_mar]
[18 14 22]
np.random.permutation(males)[0:n_mar]
[20  2 14]
np.random.permutation(males)[0:n_mar]
[17  3 18]
np.random.permutation(males)[0:n_mar]
[ 9 21 16]
np.random.permutation(males)[0:n_mar]
[ 0 12  8]
np.random.permutation(males)[0:n_mar]
[3 0 6]
np.random.permutation(males)[0:n_mar]
[21  7  1]
np.random.permutation(males)[0:n_mar]
[20  8  1]
np.random.permutation(males)[0:n_mar]
[12  8 16]
np.random.permutation(males)[0:n_mar]
[15 12 17]
np.random.permutation(males)[0:n_mar]
[ 3 21 22]
np.random.permutation(males)[0:n_mar]
[13 22 17]
np.random.permutation(males)[0:n_mar]
[18 12  7]
np.random.permutation(males)[0:n_mar]
[20 15  1]
np.random.permutation(males)[0:n_mar]
[20 11 21]
np.random.permutation(males)[0:n_mar]
[17  0 13]
np.random.permutation(males)[0:n_mar]
[16  9 21]
np.random.permutation(males)[0:n_mar]
[18 19 12]
np.random.permutation(males)[0:n_mar]
[ 1  7 13]
np.random.permutation(males)[0:n_mar]
[11 17  8]
np.random.permutation(males)[0:n_mar]
[10 20 15]
np.random.permutation(males)[0:n_mar]
[13  9 14]
np.random.permutation(males)[0:n_mar]
[ 7 11 14]
np.random.permutation(males)[0:n_mar]
[ 8 13 14]
np.random.permutation(males)[0:n_mar]
[19 20 16]
np.random.permutation(males)[0:n_mar]
[ 9 19 23]
np.random.permutation(males)[0:n_mar]
[ 5 18  3]
np.random.permutation(males)[0:n_mar]
[16 13  2]
np.random.permutation(males)[0:n_mar]
[ 0 20 11]
np.random.permutation(males)[0:n_mar]
[5 9 0]
np.random.permutation(males)[0:n_mar]
[23  4 17]
np.random.permutation(males)[0:n_mar]
[13 11  1]
np.random.permutation(males)[0:n_mar]
[7 5 8]
np.random.permutation(males)[0:n_mar]
[18 17  3]
np.random.permutation(males)[0:n_mar]
[ 1 14  6]
np.random.permutation(males)[0:n_mar]
[11  3  0]
np.random.permutation(males)[0:n_mar]
[18 22 15]
np.random.permutation(males)[0:n_mar]
[11  1  5]
np.random.permutation(males)[0:n_mar]
[ 3 19  8]
np.random.permutation(males)[0:n_mar]
[20  0 14]
np.random.permutation(males)[0:n_mar]
[11  1 23]
np.random.permutation(males)[0:n_mar]
[17 21 13]
np.random.permutation(males)[0:n_mar]
[14 12 21]
np.random.permutation(males)[0:n_mar]
[3 6 2]
np.random.permutation(males)[0:n_mar]
[10  9 13]
np.random.permutation(males)[0:n_mar]
[3 2 6]
np.random.permutation(males)[0:n_mar]
[6 4 7]
np.random.permutation(males)[0:n_mar]
[ 2  5 22]
np.random.permutation(males)[0:n_mar]
[ 2 14  1]
np.random.permutation(males)[0:n_mar]
[ 2 11  1]
np.random.permutation(males)[0:n_mar]
[ 3 22  4]
np.random.permutation(males)[0:n_mar]
[23  5 21]
np.random.permutation(males)[0:n_mar]
[13 20  2]
np.random.permutation(males)[0:n_mar]
[18 19  6]
np.random.permutation(males)[0:n_mar]
[17  0 11]
np.random.permutation(males)[0:n_mar]
[ 1  3 18]
np.random.permutation(males)[0:n_mar]
[18 17 14]
np.random.permutation(males)[0:n_mar]
[17  0 12]
np.random.permutation(males)[0:n_mar]
[14 21  8]
np.random.permutation(males)[0:n_mar]
[ 0 23  5]
np.random.permutation(males)[0:n_mar]
[10  3  7]
np.random.permutation(males)[0:n_mar]
[ 6 22  7]
np.random.permutation(males)[0:n_mar]
[ 6 17  2]
np.random.permutation(males)[0:n_mar]
[12 11 23]
np.random.permutation(males)[0:n_mar]
[11  4  6]
np.random.permutation(males)[0:n_mar]
[15 22 23]
np.random.permutation(males)[0:n_mar]
[13  4  9]
np.random.permutation(males)[0:n_mar]
[21  4  0]
np.random.permutation(males)[0:n_mar]
[18 11  5]
np.random.permutation(males)[0:n_mar]
[15  3  8]
np.random.permutation(males)[0:n_mar]
[18  2 19]
np.random.permutation(males)[0:n_mar]
[ 4 12  3]
np.random.permutation(males)[0:n_mar]
[23  6  8]
np.random.permutation(males)[0:n_mar]
[9 2 8]
np.random.permutation(males)[0:n_mar]
[ 7 21 22]
np.random.permutation(males)[0:n_mar]
[20 10  0]
np.random.permutation(males)[0:n_mar]
[12  2 11]
np.random.permutation(males)[0:n_mar]
[ 3 21  0]
np.random.permutation(males)[0:n_mar]
[14 15  6]
np.random.permutation(males)[0:n_mar]
[21  0  9]
np.random.permutation(males)[0:n_mar]
[ 5  7 19]
np.random.permutation(males)[0:n_mar]
[ 8  5 16]
np.random.permutation(males)[0:n_mar]
[19  3 15]
np.random.permutation(males)[0:n_mar]
[7 0 5]
np.random.permutation(males)[0:n_mar]
[23  5 21]
np.random.permutation(males)[0:n_mar]
[ 6 16 10]
np.random.permutation(males)[0:n_mar]
[8 3 6]
np.random.permutation(males)[0:n_mar]
[19 13  2]
np.random.permutation(males)[0:n_mar]
[18 17 13]
np.random.permutation(males)[0:n_mar]
[ 0  5 16]
np.random.permutation(males)[0:n_mar]
[18 20  8]
np.random.permutation(males)[0:n_mar]
[6 3 0]
np.random.permutation(males)[0:n_mar]
[ 9 12  1]
np.random.permutation(males)[0:n_mar]
[18 23 16]
np.random.permutation(males)[0:n_mar]
[23  1  3]
np.random.permutation(males)[0:n_mar]
[ 6 21 10]
np.random.permutation(males)[0:n_mar]
[21  2  8]
np.random.permutation(males)[0:n_mar]
[11 18  7]
np.random.permutation(males)[0:n_mar]
[15 20 19]
np.random.permutation(males)[0:n_mar]
[13  9 23]
np.random.permutation(males)[0:n_mar]
[18  2 23]
np.random.permutation(males)[0:n_mar]
[ 0 13 20]
np.random.permutation(males)[0:n_mar]
[1 3 6]
np.random.permutation(males)[0:n_mar]
[22  4 18]
np.random.permutation(males)[0:n_mar]
[23  6  4]
np.random.permutation(males)[0:n_mar]
[11 16 19]
np.random.permutation(males)[0:n_mar]
[12 14 11]
np.random.permutation(males)[0:n_mar]
[ 2  5 10]
np.random.permutation(males)[0:n_mar]
[ 4 10  0]
np.random.permutation(males)[0:n_mar]
[23 19 13]
np.random.permutation(males)[0:n_mar]
[11  8 17]
np.random.permutation(males)[0:n_mar]
[16 15 23]
np.random.permutation(males)[0:n_mar]
[21 10  5]
np.random.permutation(males)[0:n_mar]
[13  3 19]
np.random.permutation(males)[0:n_mar]
[12  2 19]
np.random.permutation(males)[0:n_mar]
[23 10  0]
np.random.permutation(males)[0:n_mar]
[ 6  4 14]
np.random.permutation(males)[0:n_mar]
[ 5 13  7]
np.random.permutation(males)[0:n_mar]
[ 0  4 10]
np.random.permutation(males)[0:n_mar]
[13 20 11]
np.random.permutation(males)[0:n_mar]
[14 18  8]
np.random.permutation(males)[0:n_mar]
[ 6 17 15]
np.random.permutation(males)[0:n_mar]
[19 23 21]
np.random.permutation(males)[0:n_mar]
[17  7  3]
np.random.permutation(males)[0:n_mar]
[15 17 14]
np.random.permutation(males)[0:n_mar]
[ 9 22 20]
np.random.permutation(males)[0:n_mar]
[17 18  0]
np.random.permutation(males)[0:n_mar]
[21 16  3]
np.random.permutation(males)[0:n_mar]
[16 10  6]
np.random.permutation(males)[0:n_mar]
[ 4 16 10]
np.random.permutation(males)[0:n_mar]
[20 21 23]
np.random.permutation(males)[0:n_mar]
[ 8 21  4]
np.random.permutation(males)[0:n_mar]
[14 17 18]
np.random.permutation(males)[0:n_mar]
[7 8 4]
np.random.permutation(males)[0:n_mar]
[13 11 14]
np.random.permutation(males)[0:n_mar]
[11  8  9]
np.random.permutation(males)[0:n_mar]
[23  2 12]
np.random.permutation(males)[0:n_mar]
[22 11  6]
np.random.permutation(males)[0:n_mar]
[16 17 18]
np.random.permutation(males)[0:n_mar]
[21  8 17]
np.random.permutation(males)[0:n_mar]
[14 17 13]
np.random.permutation(males)[0:n_mar]
[13  6 22]
np.random.permutation(males)[0:n_mar]
[ 3  1 23]
np.random.permutation(males)[0:n_mar]
[ 6 15 19]
np.random.permutation(males)[0:n_mar]
[5 0 3]
np.random.permutation(males)[0:n_mar]
[ 3 23 12]
np.random.permutation(males)[0:n_mar]
[21  2  0]
np.random.permutation(males)[0:n_mar]
[ 7 12  2]
np.random.permutation(males)[0:n_mar]
[1 9 2]
np.random.permutation(males)[0:n_mar]
[ 3  5 12]
np.random.permutation(males)[0:n_mar]
[21 18 12]
np.random.permutation(males)[0:n_mar]
[ 7 20  4]
np.random.permutation(males)[0:n_mar]
[14 10  4]
np.random.permutation(males)[0:n_mar]
[ 8 11  3]
np.random.permutation(males)[0:n_mar]
[21 14  2]
np.random.permutation(males)[0:n_mar]
[18 21 19]
np.random.permutation(males)[0:n_mar]
[ 8  7 14]
np.random.permutation(males)[0:n_mar]
[ 9 15 17]
np.random.permutation(males)[0:n_mar]
[10  2  0]
np.random.permutation(males)[0:n_mar]
[ 8 16  4]
np.random.permutation(males)[0:n_mar]
[18  6 16]
np.random.permutation(males)[0:n_mar]
[11  6 23]
np.random.permutation(males)[0:n_mar]
[23 12 14]
np.random.permutation(males)[0:n_mar]
[22 23 16]
np.random.permutation(males)[0:n_mar]
[23  9 18]
np.random.permutation(males)[0:n_mar]
[17 15  9]
np.random.permutation(males)[0:n_mar]
[19 23  5]
np.random.permutation(males)[0:n_mar]
[17 15 14]
np.random.permutation(males)[0:n_mar]
[ 5 23 22]
np.random.permutation(males)[0:n_mar]
[ 4  0 10]
np.random.permutation(males)[0:n_mar]
[11  3 16]
np.random.permutation(males)[0:n_mar]
[10  8 16]
np.random.permutation(males)[0:n_mar]
[11  2  1]
np.random.permutation(males)[0:n_mar]
[22 11 10]
np.random.permutation(males)[0:n_mar]
[20 13  0]
np.random.permutation(males)[0:n_mar]
[ 7  8 12]
np.random.permutation(males)[0:n_mar]
[ 9 17 16]
np.random.permutation(males)[0:n_mar]
[13 12 18]
np.random.permutation(males)[0:n_mar]
[23  2 20]
np.random.permutation(males)[0:n_mar]
[23  5 17]
np.random.permutation(males)[0:n_mar]
[ 9 16  7]
np.random.permutation(males)[0:n_mar]
[21 11 15]
np.random.permutation(males)[0:n_mar]
[0 1 7]
np.random.permutation(males)[0:n_mar]
[ 2 18 19]
np.random.permutation(males)[0:n_mar]
[ 6 17 11]
np.random.permutation(males)[0:n_mar]
[19 22 14]
