np.random.permutation(males)[0:n_mar]
[20  5]
np.random.permutation(males)[0:n_mar]
[ 1 19]
np.random.permutation(males)[0:n_mar]
[19 22]
np.random.permutation(males)[0:n_mar]
[21 16]
np.random.permutation(males)[0:n_mar]
[ 6 14]
np.random.permutation(males)[0:n_mar]
[8 2]
np.random.permutation(males)[0:n_mar]
[ 1 22]
np.random.permutation(males)[0:n_mar]
[11  3]
np.random.permutation(males)[0:n_mar]
[15  7]
np.random.permutation(males)[0:n_mar]
[ 8 10]
np.random.permutation(males)[0:n_mar]
[12 22]
np.random.permutation(males)[0:n_mar]
[15 13]
np.random.permutation(males)[0:n_mar]
[10 22]
np.random.permutation(males)[0:n_mar]
[3 0]
np.random.permutation(males)[0:n_mar]
[18  3]
np.random.permutation(males)[0:n_mar]
[12 10]
np.random.permutation(males)[0:n_mar]
[ 5 17]
np.random.permutation(males)[0:n_mar]
[ 7 20]
np.random.permutation(males)[0:n_mar]
[ 7 22]
np.random.permutation(males)[0:n_mar]
[ 5 23]
np.random.permutation(males)[0:n_mar]
[19  2]
np.random.permutation(males)[0:n_mar]
[ 8 13]
np.random.permutation(males)[0:n_mar]
[12 15]
np.random.permutation(males)[0:n_mar]
[13 18]
np.random.permutation(males)[0:n_mar]
[22  7]
np.random.permutation(males)[0:n_mar]
[11  4]
np.random.permutation(males)[0:n_mar]
[23 12]
np.random.permutation(males)[0:n_mar]
[14  4]
np.random.permutation(males)[0:n_mar]
[7 6]
np.random.permutation(males)[0:n_mar]
[0 1]
np.random.permutation(males)[0:n_mar]
[ 6 23]
np.random.permutation(males)[0:n_mar]
[14  6]
np.random.permutation(males)[0:n_mar]
[15  6]
np.random.permutation(males)[0:n_mar]
[ 4 10]
np.random.permutation(males)[0:n_mar]
[ 8 21]
np.random.permutation(males)[0:n_mar]
[10  2]
np.random.permutation(males)[0:n_mar]
[20 11]
np.random.permutation(males)[0:n_mar]
[22 17]
np.random.permutation(males)[0:n_mar]
[15  8]
np.random.permutation(males)[0:n_mar]
[4 3]
np.random.permutation(males)[0:n_mar]
[ 4 15]
np.random.permutation(males)[0:n_mar]
[11 22]
np.random.permutation(males)[0:n_mar]
[2 7]
np.random.permutation(males)[0:n_mar]
[7 5]
np.random.permutation(males)[0:n_mar]
[19 23]
np.random.permutation(males)[0:n_mar]
[12  7]
np.random.permutation(males)[0:n_mar]
[19  0]
np.random.permutation(males)[0:n_mar]
[12  6]
np.random.permutation(males)[0:n_mar]
[16 19]
np.random.permutation(males)[0:n_mar]
[ 1 23]
np.random.permutation(males)[0:n_mar]
[22  4]
np.random.permutation(males)[0:n_mar]
[ 4 13]
np.random.permutation(males)[0:n_mar]
[ 6 18]
np.random.permutation(males)[0:n_mar]
[18 16]
np.random.permutation(males)[0:n_mar]
[20 17]
np.random.permutation(males)[0:n_mar]
[9 1]
np.random.permutation(males)[0:n_mar]
[19 10]
np.random.permutation(males)[0:n_mar]
[ 8 20]
np.random.permutation(males)[0:n_mar]
[21 15]
np.random.permutation(males)[0:n_mar]
[8 2]
np.random.permutation(males)[0:n_mar]
[19  3]
np.random.permutation(males)[0:n_mar]
[10 12]
np.random.permutation(males)[0:n_mar]
[12 17]
np.random.permutation(males)[0:n_mar]
[2 8]
np.random.permutation(males)[0:n_mar]
[15 13]
np.random.permutation(males)[0:n_mar]
[ 6 10]
np.random.permutation(males)[0:n_mar]
[8 5]
np.random.permutation(males)[0:n_mar]
[ 7 13]
np.random.permutation(males)[0:n_mar]
[20  7]
np.random.permutation(males)[0:n_mar]
[ 3 22]
np.random.permutation(males)[0:n_mar]
[ 1 12]
np.random.permutation(males)[0:n_mar]
[11 16]
np.random.permutation(males)[0:n_mar]
[7 8]
np.random.permutation(males)[0:n_mar]
[ 8 21]
np.random.permutation(males)[0:n_mar]
[10  3]
np.random.permutation(males)[0:n_mar]
[7 3]
np.random.permutation(males)[0:n_mar]
[20 15]
np.random.permutation(males)[0:n_mar]
[23 16]
np.random.permutation(males)[0:n_mar]
[ 9 13]
np.random.permutation(males)[0:n_mar]
[0 1]
np.random.permutation(males)[0:n_mar]
[14 20]
np.random.permutation(males)[0:n_mar]
[17 20]
np.random.permutation(males)[0:n_mar]
[22 20]
np.random.permutation(males)[0:n_mar]
[20 22]
np.random.permutation(males)[0:n_mar]
[15  5]
np.random.permutation(males)[0:n_mar]
[18  1]
np.random.permutation(males)[0:n_mar]
[ 5 22]
np.random.permutation(males)[0:n_mar]
[10  5]
np.random.permutation(males)[0:n_mar]
[11  2]
np.random.permutation(males)[0:n_mar]
[5 7]
np.random.permutation(males)[0:n_mar]
[8 0]
np.random.permutation(males)[0:n_mar]
[21 12]
np.random.permutation(males)[0:n_mar]
[20 12]
np.random.permutation(males)[0:n_mar]
[ 0 13]
np.random.permutation(males)[0:n_mar]
[22 23]
np.random.permutation(males)[0:n_mar]
[ 0 21]
np.random.permutation(males)[0:n_mar]
[21  4]
np.random.permutation(males)[0:n_mar]
[11 20]
np.random.permutation(males)[0:n_mar]
[0 4]
np.random.permutation(males)[0:n_mar]
[19 16]
np.random.permutation(males)[0:n_mar]
[ 4 21]
np.random.permutation(males)[0:n_mar]
[13  4]
np.random.permutation(males)[0:n_mar]
[10  5]
np.random.permutation(males)[0:n_mar]
[17  0]
np.random.permutation(males)[0:n_mar]
[14 15]
np.random.permutation(males)[0:n_mar]
[14  1]
np.random.permutation(males)[0:n_mar]
[4 3]
np.random.permutation(males)[0:n_mar]
[ 2 19]
np.random.permutation(males)[0:n_mar]
[16  3]
np.random.permutation(males)[0:n_mar]
[21 14]
np.random.permutation(males)[0:n_mar]
[18 11]
np.random.permutation(males)[0:n_mar]
[17  5]
np.random.permutation(males)[0:n_mar]
[10 12]
np.random.permutation(males)[0:n_mar]
[12 16]
np.random.permutation(males)[0:n_mar]
[ 5 21]
np.random.permutation(males)[0:n_mar]
[ 8 12]
np.random.permutation(males)[0:n_mar]
[13 18]
np.random.permutation(males)[0:n_mar]
[13 23]
np.random.permutation(males)[0:n_mar]
[ 7 22]
np.random.permutation(males)[0:n_mar]
[ 3 10]
np.random.permutation(males)[0:n_mar]
[9 7]
np.random.permutation(males)[0:n_mar]
[14 23]
np.random.permutation(males)[0:n_mar]
[13 16]
np.random.permutation(males)[0:n_mar]
[13 21]
np.random.permutation(males)[0:n_mar]
[7 2]
np.random.permutation(males)[0:n_mar]
[13 22]
np.random.permutation(males)[0:n_mar]
[5 0]
np.random.permutation(males)[0:n_mar]
[11  9]
np.random.permutation(males)[0:n_mar]
[17  5]
np.random.permutation(males)[0:n_mar]
[19  6]
np.random.permutation(males)[0:n_mar]
[ 0 17]
np.random.permutation(males)[0:n_mar]
[10 12]
np.random.permutation(males)[0:n_mar]
[10 13]
np.random.permutation(males)[0:n_mar]
[13  4]
np.random.permutation(males)[0:n_mar]
[16  5]
np.random.permutation(males)[0:n_mar]
[22 16]
np.random.permutation(males)[0:n_mar]
[11 20]
np.random.permutation(males)[0:n_mar]
[ 7 11]
np.random.permutation(males)[0:n_mar]
[23 22]
np.random.permutation(males)[0:n_mar]
[11 15]
np.random.permutation(males)[0:n_mar]
[ 9 19]
np.random.permutation(males)[0:n_mar]
[5 9]
np.random.permutation(males)[0:n_mar]
[20  6]
np.random.permutation(males)[0:n_mar]
[2 4]
np.random.permutation(males)[0:n_mar]
[17  5]
np.random.permutation(males)[0:n_mar]
[ 4 20]
np.random.permutation(males)[0:n_mar]
[10 22]
np.random.permutation(males)[0:n_mar]
[ 2 13]
np.random.permutation(males)[0:n_mar]
[ 8 22]
np.random.permutation(males)[0:n_mar]
[12  7]
np.random.permutation(males)[0:n_mar]
[14 21]
np.random.permutation(males)[0:n_mar]
[13 20]
np.random.permutation(males)[0:n_mar]
[0 2]
np.random.permutation(males)[0:n_mar]
[ 8 20]
np.random.permutation(males)[0:n_mar]
[ 8 22]
np.random.permutation(males)[0:n_mar]
[14  8]
np.random.permutation(males)[0:n_mar]
[23  3]
np.random.permutation(males)[0:n_mar]
[23 20]
np.random.permutation(males)[0:n_mar]
[23 20]
np.random.permutation(males)[0:n_mar]
[ 9 11]
np.random.permutation(males)[0:n_mar]
[10 20]
np.random.permutation(males)[0:n_mar]
[ 8 23]
np.random.permutation(males)[0:n_mar]
[1 0]
np.random.permutation(males)[0:n_mar]
[21  6]
np.random.permutation(males)[0:n_mar]
[10  1]
np.random.permutation(males)[0:n_mar]
[2 7]
np.random.permutation(males)[0:n_mar]
[17 11]
np.random.permutation(males)[0:n_mar]
[13  0]
np.random.permutation(males)[0:n_mar]
[3 4]
np.random.permutation(males)[0:n_mar]
[ 4 22]
np.random.permutation(males)[0:n_mar]
[17 14]
np.random.permutation(males)[0:n_mar]
[ 1 20]
np.random.permutation(males)[0:n_mar]
[14 15]
np.random.permutation(males)[0:n_mar]
[15 17]
np.random.permutation(males)[0:n_mar]
[ 0 13]
np.random.permutation(males)[0:n_mar]
[22 14]
np.random.permutation(males)[0:n_mar]
[4 6]
np.random.permutation(males)[0:n_mar]
[19  7]
np.random.permutation(males)[0:n_mar]
[19 15]
np.random.permutation(males)[0:n_mar]
[ 1 12]
np.random.permutation(males)[0:n_mar]
[ 9 19]
np.random.permutation(males)[0:n_mar]
[21 12]
np.random.permutation(males)[0:n_mar]
[14 10]
np.random.permutation(males)[0:n_mar]
[15  3]
np.random.permutation(males)[0:n_mar]
[13  1]
np.random.permutation(males)[0:n_mar]
[6 4]
np.random.permutation(males)[0:n_mar]
[14 18]
np.random.permutation(males)[0:n_mar]
[14 12]
np.random.permutation(males)[0:n_mar]
[ 6 23]
np.random.permutation(males)[0:n_mar]
[ 4 15]
np.random.permutation(males)[0:n_mar]
[ 4 10]
np.random.permutation(males)[0:n_mar]
[6 0]
np.random.permutation(males)[0:n_mar]
[ 6 22]
np.random.permutation(males)[0:n_mar]
[4 7]
np.random.permutation(males)[0:n_mar]
[17 11]
np.random.permutation(males)[0:n_mar]
[ 1 15]
np.random.permutation(males)[0:n_mar]
[ 1 19]
np.random.permutation(males)[0:n_mar]
[22  8]
np.random.permutation(males)[0:n_mar]
[9 7]
np.random.permutation(males)[0:n_mar]
[ 3 23]
np.random.permutation(males)[0:n_mar]
[ 2 10]
np.random.permutation(males)[0:n_mar]
[ 8 12]
np.random.permutation(males)[0:n_mar]
[3 1]
np.random.permutation(males)[0:n_mar]
[10 21]
np.random.permutation(males)[0:n_mar]
[10 16]
np.random.permutation(males)[0:n_mar]
[0 8]
np.random.permutation(males)[0:n_mar]
[18 22]
np.random.permutation(males)[0:n_mar]
[8 7]
np.random.permutation(males)[0:n_mar]
[22 11]
np.random.permutation(males)[0:n_mar]
[20 23]
np.random.permutation(males)[0:n_mar]
[17  4]
np.random.permutation(males)[0:n_mar]
[15 20]
np.random.permutation(males)[0:n_mar]
[20 23]
np.random.permutation(males)[0:n_mar]
[20  9]
np.random.permutation(males)[0:n_mar]
[13 10]
np.random.permutation(males)[0:n_mar]
[22  1]
np.random.permutation(males)[0:n_mar]
[17  2]
np.random.permutation(males)[0:n_mar]
[8 3]
np.random.permutation(males)[0:n_mar]
[4 9]
np.random.permutation(males)[0:n_mar]
[10  1]
np.random.permutation(males)[0:n_mar]
[ 7 18]
np.random.permutation(males)[0:n_mar]
[ 5 12]
np.random.permutation(males)[0:n_mar]
[ 4 18]
np.random.permutation(males)[0:n_mar]
[11 13]
np.random.permutation(males)[0:n_mar]
[ 3 23]
np.random.permutation(males)[0:n_mar]
[ 9 19]
np.random.permutation(males)[0:n_mar]
[20 22]
np.random.permutation(males)[0:n_mar]
[23  6]
np.random.permutation(males)[0:n_mar]
[12 17]
np.random.permutation(males)[0:n_mar]
[ 4 23]
np.random.permutation(males)[0:n_mar]
[20  2]
np.random.permutation(males)[0:n_mar]
[20  6]
np.random.permutation(males)[0:n_mar]
[ 7 12]
np.random.permutation(males)[0:n_mar]
[ 7 13]
np.random.permutation(males)[0:n_mar]
[ 9 16]
np.random.permutation(males)[0:n_mar]
[16 19]
np.random.permutation(males)[0:n_mar]
[11 20]
np.random.permutation(males)[0:n_mar]
[ 7 14]
np.random.permutation(males)[0:n_mar]
[7 2]
np.random.permutation(males)[0:n_mar]
[ 3 12]
np.random.permutation(males)[0:n_mar]
[18 16]
np.random.permutation(males)[0:n_mar]
[ 2 12]
np.random.permutation(males)[0:n_mar]
[ 6 20]
np.random.permutation(males)[0:n_mar]
[ 2 21]
np.random.permutation(males)[0:n_mar]
[19 12]
np.random.permutation(males)[0:n_mar]
[22 17]
np.random.permutation(males)[0:n_mar]
[ 2 22]
np.random.permutation(males)[0:n_mar]
[23  0]
np.random.permutation(males)[0:n_mar]
[ 4 15]
np.random.permutation(males)[0:n_mar]
[22 19]
np.random.permutation(males)[0:n_mar]
[6 8]
np.random.permutation(males)[0:n_mar]
[12 14]
np.random.permutation(males)[0:n_mar]
[23 11]
np.random.permutation(males)[0:n_mar]
[23  6]
np.random.permutation(males)[0:n_mar]
[ 3 17]
np.random.permutation(males)[0:n_mar]
[ 1 15]
np.random.permutation(males)[0:n_mar]
[19  5]
np.random.permutation(males)[0:n_mar]
[17 15]
np.random.permutation(males)[0:n_mar]
[ 2 17]
np.random.permutation(males)[0:n_mar]
[5 4]
np.random.permutation(males)[0:n_mar]
[ 5 21]
np.random.permutation(males)[0:n_mar]
[13 20]
np.random.permutation(males)[0:n_mar]
[ 1 10]
np.random.permutation(males)[0:n_mar]
[10  4]
np.random.permutation(males)[0:n_mar]
[13  9]
np.random.permutation(males)[0:n_mar]
[ 0 23]
np.random.permutation(males)[0:n_mar]
[15 23]
np.random.permutation(males)[0:n_mar]
[ 2 14]
np.random.permutation(males)[0:n_mar]
[22  4]
np.random.permutation(males)[0:n_mar]
[20  4]
np.random.permutation(males)[0:n_mar]
[19  6]
np.random.permutation(males)[0:n_mar]
[11  9]
np.random.permutation(males)[0:n_mar]
[ 0 18]
np.random.permutation(males)[0:n_mar]
[17  0]
np.random.permutation(males)[0:n_mar]
[ 5 17]
np.random.permutation(males)[0:n_mar]
[11  1]
np.random.permutation(males)[0:n_mar]
[ 7 21]
np.random.permutation(males)[0:n_mar]
[11  1]
np.random.permutation(males)[0:n_mar]
[7 0]
np.random.permutation(males)[0:n_mar]
[ 9 13]
np.random.permutation(males)[0:n_mar]
[12 14]
np.random.permutation(males)[0:n_mar]
[0 4]
np.random.permutation(males)[0:n_mar]
[20 16]
np.random.permutation(males)[0:n_mar]
[17 22]
np.random.permutation(males)[0:n_mar]
[3 4]
np.random.permutation(males)[0:n_mar]
[15 17]
np.random.permutation(males)[0:n_mar]
[12 22]
np.random.permutation(males)[0:n_mar]
[21  4]
np.random.permutation(males)[0:n_mar]
[23 17]
np.random.permutation(males)[0:n_mar]
[ 2 10]
np.random.permutation(males)[0:n_mar]
[ 2 19]
np.random.permutation(males)[0:n_mar]
[9 5]
np.random.permutation(males)[0:n_mar]
[6 9]
np.random.permutation(males)[0:n_mar]
[ 1 15]
np.random.permutation(males)[0:n_mar]
[ 5 23]
np.random.permutation(males)[0:n_mar]
[18  1]
np.random.permutation(males)[0:n_mar]
[17 11]
np.random.permutation(males)[0:n_mar]
[ 4 22]
np.random.permutation(males)[0:n_mar]
[0 4]
np.random.permutation(males)[0:n_mar]
[19 15]
np.random.permutation(males)[0:n_mar]
[0 2]
np.random.permutation(males)[0:n_mar]
[10 19]
np.random.permutation(males)[0:n_mar]
[5 1]
np.random.permutation(males)[0:n_mar]
[11  7]
np.random.permutation(males)[0:n_mar]
[23 17]
np.random.permutation(males)[0:n_mar]
[16 13]
np.random.permutation(males)[0:n_mar]
[11 19]
np.random.permutation(males)[0:n_mar]
[22  4]
np.random.permutation(males)[0:n_mar]
[7 3]
np.random.permutation(males)[0:n_mar]
[21 18]
np.random.permutation(males)[0:n_mar]
[12 18]
np.random.permutation(males)[0:n_mar]
[11 20]
np.random.permutation(males)[0:n_mar]
[11 21]
np.random.permutation(males)[0:n_mar]
[ 5 15]
np.random.permutation(males)[0:n_mar]
[14 16]
np.random.permutation(males)[0:n_mar]
[15 19]
np.random.permutation(males)[0:n_mar]
[4 6]
np.random.permutation(males)[0:n_mar]
[ 2 21]
np.random.permutation(males)[0:n_mar]
[23  3]
np.random.permutation(males)[0:n_mar]
[17  1]
np.random.permutation(males)[0:n_mar]
[12 18]
np.random.permutation(males)[0:n_mar]
[10  8]
np.random.permutation(males)[0:n_mar]
[ 8 15]
np.random.permutation(males)[0:n_mar]
[20  7]
np.random.permutation(males)[0:n_mar]
[ 2 15]
np.random.permutation(males)[0:n_mar]
[7 3]
np.random.permutation(males)[0:n_mar]
[16  8]
np.random.permutation(males)[0:n_mar]
[ 8 10]
np.random.permutation(males)[0:n_mar]
[22  2]
np.random.permutation(males)[0:n_mar]
[12 16]
np.random.permutation(males)[0:n_mar]
[15  8]
np.random.permutation(males)[0:n_mar]
[15  2]
np.random.permutation(males)[0:n_mar]
[ 5 21]
np.random.permutation(males)[0:n_mar]
[ 8 16]
np.random.permutation(males)[0:n_mar]
[17 16]
np.random.permutation(males)[0:n_mar]
[19 10]
np.random.permutation(males)[0:n_mar]
[3 9]
np.random.permutation(males)[0:n_mar]
[ 5 19]
np.random.permutation(males)[0:n_mar]
[18 12]
np.random.permutation(males)[0:n_mar]
[1 0]
np.random.permutation(males)[0:n_mar]
[ 7 16]
np.random.permutation(males)[0:n_mar]
[21  6]
np.random.permutation(males)[0:n_mar]
[9 0]
np.random.permutation(males)[0:n_mar]
[15 19]
np.random.permutation(males)[0:n_mar]
[20 13]
np.random.permutation(males)[0:n_mar]
[14  4]
np.random.permutation(males)[0:n_mar]
[ 2 15]
np.random.permutation(males)[0:n_mar]
[17 21]
np.random.permutation(males)[0:n_mar]
[ 6 13]
np.random.permutation(males)[0:n_mar]
[4 8]
np.random.permutation(males)[0:n_mar]
[0 7]
np.random.permutation(males)[0:n_mar]
[12 17]
np.random.permutation(males)[0:n_mar]
[13 22]
np.random.permutation(males)[0:n_mar]
[19 21]
np.random.permutation(males)[0:n_mar]
[10  0]
np.random.permutation(males)[0:n_mar]
[ 0 21]
np.random.permutation(males)[0:n_mar]
[8 4]
np.random.permutation(males)[0:n_mar]
[10  6]
np.random.permutation(males)[0:n_mar]
[18 17]
np.random.permutation(males)[0:n_mar]
[ 1 19]
np.random.permutation(males)[0:n_mar]
[13  8]
np.random.permutation(males)[0:n_mar]
[15 16]
np.random.permutation(males)[0:n_mar]
[20 15]
np.random.permutation(males)[0:n_mar]
[12 14]
np.random.permutation(males)[0:n_mar]
[2 1]
np.random.permutation(males)[0:n_mar]
[16  0]
np.random.permutation(males)[0:n_mar]
[ 3 14]
np.random.permutation(males)[0:n_mar]
[15  4]
np.random.permutation(males)[0:n_mar]
[23  5]
np.random.permutation(males)[0:n_mar]
[12 18]
np.random.permutation(males)[0:n_mar]
[15 23]
np.random.permutation(males)[0:n_mar]
[20 23]
np.random.permutation(males)[0:n_mar]
[1 0]
np.random.permutation(males)[0:n_mar]
[ 3 17]
np.random.permutation(males)[0:n_mar]
[2 1]
np.random.permutation(males)[0:n_mar]
[7 6]
np.random.permutation(males)[0:n_mar]
[13  0]
np.random.permutation(males)[0:n_mar]
[23 20]
np.random.permutation(males)[0:n_mar]
[23 13]
np.random.permutation(males)[0:n_mar]
[0 4]
np.random.permutation(males)[0:n_mar]
[2 7]
np.random.permutation(males)[0:n_mar]
[17 22]
np.random.permutation(males)[0:n_mar]
[17  9]
np.random.permutation(males)[0:n_mar]
[ 1 19]
np.random.permutation(males)[0:n_mar]
[ 3 21]
np.random.permutation(males)[0:n_mar]
[ 0 23]
np.random.permutation(males)[0:n_mar]
[10 17]
np.random.permutation(males)[0:n_mar]
[ 6 22]
np.random.permutation(males)[0:n_mar]
[17  3]
np.random.permutation(males)[0:n_mar]
[4 0]
np.random.permutation(males)[0:n_mar]
[ 8 21]
np.random.permutation(males)[0:n_mar]
[22 12]
np.random.permutation(males)[0:n_mar]
[16 19]
np.random.permutation(males)[0:n_mar]
[22 10]
np.random.permutation(males)[0:n_mar]
[18 12]
np.random.permutation(males)[0:n_mar]
[20  0]
np.random.permutation(males)[0:n_mar]
[ 8 13]
np.random.permutation(males)[0:n_mar]
[16  5]
np.random.permutation(males)[0:n_mar]
[13 18]
np.random.permutation(males)[0:n_mar]
[8 4]
np.random.permutation(males)[0:n_mar]
[1 5]
np.random.permutation(males)[0:n_mar]
[ 5 19]
np.random.permutation(males)[0:n_mar]
[ 8 13]
np.random.permutation(males)[0:n_mar]
[13 22]
np.random.permutation(males)[0:n_mar]
[20  8]
np.random.permutation(males)[0:n_mar]
[22 17]
np.random.permutation(males)[0:n_mar]
[13  9]
np.random.permutation(males)[0:n_mar]
[ 7 20]
np.random.permutation(males)[0:n_mar]
[ 1 23]
np.random.permutation(males)[0:n_mar]
[ 0 13]
np.random.permutation(males)[0:n_mar]
[ 4 17]
np.random.permutation(males)[0:n_mar]
[ 9 12]
np.random.permutation(males)[0:n_mar]
[17  3]
np.random.permutation(males)[0:n_mar]
[12  6]
np.random.permutation(males)[0:n_mar]
[11  7]
np.random.permutation(males)[0:n_mar]
[11 22]
np.random.permutation(males)[0:n_mar]
[10 15]
np.random.permutation(males)[0:n_mar]
[20  7]
np.random.permutation(males)[0:n_mar]
[ 3 19]
np.random.permutation(males)[0:n_mar]
[16  7]
np.random.permutation(males)[0:n_mar]
[ 9 17]
np.random.permutation(males)[0:n_mar]
[13 21]
np.random.permutation(males)[0:n_mar]
[11 15]
np.random.permutation(males)[0:n_mar]
[6 9]
np.random.permutation(males)[0:n_mar]
[13 17]
np.random.permutation(males)[0:n_mar]
[ 5 11]
np.random.permutation(males)[0:n_mar]
[ 4 14]
np.random.permutation(males)[0:n_mar]
[6 9]
np.random.permutation(males)[0:n_mar]
[19 18]
np.random.permutation(males)[0:n_mar]
[17 19]
np.random.permutation(males)[0:n_mar]
[22  2]
np.random.permutation(males)[0:n_mar]
[10 14]
np.random.permutation(males)[0:n_mar]
[ 1 22]
np.random.permutation(males)[0:n_mar]
[12  2]
np.random.permutation(males)[0:n_mar]
[15 19]
np.random.permutation(males)[0:n_mar]
[22  8]
np.random.permutation(males)[0:n_mar]
[12  2]
np.random.permutation(males)[0:n_mar]
[12  3]
np.random.permutation(males)[0:n_mar]
[21 17]
np.random.permutation(males)[0:n_mar]
[14  8]
np.random.permutation(males)[0:n_mar]
[5 1]
np.random.permutation(males)[0:n_mar]
[ 8 21]
np.random.permutation(males)[0:n_mar]
[15 10]
np.random.permutation(males)[0:n_mar]
[11  6]
np.random.permutation(males)[0:n_mar]
[13 20]
np.random.permutation(males)[0:n_mar]
[22  9]
np.random.permutation(males)[0:n_mar]
[3 6]
np.random.permutation(males)[0:n_mar]
[15  9]
np.random.permutation(males)[0:n_mar]
[10 20]
np.random.permutation(males)[0:n_mar]
[14  4]
np.random.permutation(males)[0:n_mar]
[19  3]
np.random.permutation(males)[0:n_mar]
[ 8 21]
np.random.permutation(males)[0:n_mar]
[ 3 22]
np.random.permutation(males)[0:n_mar]
[22  9]
np.random.permutation(males)[0:n_mar]
[14 18]
np.random.permutation(males)[0:n_mar]
[16 14]
np.random.permutation(males)[0:n_mar]
[ 2 15]
np.random.permutation(males)[0:n_mar]
[21 20]
np.random.permutation(males)[0:n_mar]
[15  4]
np.random.permutation(males)[0:n_mar]
[ 1 23]
np.random.permutation(males)[0:n_mar]
[20  4]
np.random.permutation(males)[0:n_mar]
[19  8]
np.random.permutation(males)[0:n_mar]
[10 12]
np.random.permutation(males)[0:n_mar]
[21  2]
np.random.permutation(males)[0:n_mar]
[20  0]
np.random.permutation(males)[0:n_mar]
[21 11]
np.random.permutation(males)[0:n_mar]
[ 6 20]
np.random.permutation(males)[0:n_mar]
[16 18]
np.random.permutation(males)[0:n_mar]
[ 4 20]
np.random.permutation(males)[0:n_mar]
[ 2 11]
np.random.permutation(males)[0:n_mar]
[23  2]
np.random.permutation(males)[0:n_mar]
[16  1]
np.random.permutation(males)[0:n_mar]
[ 9 17]
np.random.permutation(males)[0:n_mar]
[ 9 14]
np.random.permutation(males)[0:n_mar]
[23  3]
np.random.permutation(males)[0:n_mar]
[21  1]
np.random.permutation(males)[0:n_mar]
[19  3]
np.random.permutation(males)[0:n_mar]
[14 20]
np.random.permutation(males)[0:n_mar]
[12  2]
np.random.permutation(males)[0:n_mar]
[ 9 15]
np.random.permutation(males)[0:n_mar]
[ 9 14]
np.random.permutation(males)[0:n_mar]
[16  3]
np.random.permutation(males)[0:n_mar]
[22  5]
np.random.permutation(males)[0:n_mar]
[13  9]
np.random.permutation(males)[0:n_mar]
[21 23]
np.random.permutation(males)[0:n_mar]
[8 2]
np.random.permutation(males)[0:n_mar]
[ 5 19]
np.random.permutation(males)[0:n_mar]
[9 8]
np.random.permutation(males)[0:n_mar]
[16 20]
np.random.permutation(males)[0:n_mar]
[0 1]
np.random.permutation(males)[0:n_mar]
[ 8 14]
np.random.permutation(males)[0:n_mar]
[ 8 18]
np.random.permutation(males)[0:n_mar]
[ 5 10]
np.random.permutation(males)[0:n_mar]
[13 10]
np.random.permutation(males)[0:n_mar]
[ 4 20]
np.random.permutation(males)[0:n_mar]
[ 0 23]
np.random.permutation(males)[0:n_mar]
[16 10]
np.random.permutation(males)[0:n_mar]
[ 4 23]
np.random.permutation(males)[0:n_mar]
[22  3]
np.random.permutation(males)[0:n_mar]
[10  3]
np.random.permutation(males)[0:n_mar]
[23  0]
np.random.permutation(males)[0:n_mar]
[1 3]
np.random.permutation(males)[0:n_mar]
[15 11]
np.random.permutation(males)[0:n_mar]
[20  3]
np.random.permutation(males)[0:n_mar]
[13 19]
np.random.permutation(males)[0:n_mar]
[22 14]
np.random.permutation(males)[0:n_mar]
[ 6 13]
np.random.permutation(males)[0:n_mar]
[13  6]
np.random.permutation(males)[0:n_mar]
[5 3]
np.random.permutation(males)[0:n_mar]
[ 0 17]
np.random.permutation(males)[0:n_mar]
[ 9 13]
np.random.permutation(males)[0:n_mar]
[ 9 20]
np.random.permutation(males)[0:n_mar]
[11  4]
np.random.permutation(males)[0:n_mar]
[8 9]
np.random.permutation(males)[0:n_mar]
[21  5]
np.random.permutation(males)[0:n_mar]
[10 14]
np.random.permutation(males)[0:n_mar]
[17  1]
np.random.permutation(males)[0:n_mar]
[3 2]
np.random.permutation(males)[0:n_mar]
[ 2 19]
np.random.permutation(males)[0:n_mar]
[16  6]
np.random.permutation(males)[0:n_mar]
[7 1]
np.random.permutation(males)[0:n_mar]
[21 20]
np.random.permutation(males)[0:n_mar]
[16 22]
np.random.permutation(males)[0:n_mar]
[16 12]
np.random.permutation(males)[0:n_mar]
[ 3 15]
np.random.permutation(males)[0:n_mar]
[4 2]
np.random.permutation(males)[0:n_mar]
[0 9]
np.random.permutation(males)[0:n_mar]
[19 23]
np.random.permutation(males)[0:n_mar]
[3 6]
np.random.permutation(males)[0:n_mar]
[ 1 16]
np.random.permutation(males)[0:n_mar]
[18  8]
np.random.permutation(males)[0:n_mar]
[ 4 16]
np.random.permutation(males)[0:n_mar]
[7 2]
np.random.permutation(males)[0:n_mar]
[13 20]
np.random.permutation(males)[0:n_mar]
[8 2]
np.random.permutation(males)[0:n_mar]
[23  1]
np.random.permutation(males)[0:n_mar]
[6 2]
np.random.permutation(males)[0:n_mar]
[17 15]
np.random.permutation(males)[0:n_mar]
[3 7]
np.random.permutation(males)[0:n_mar]
[ 3 11]
np.random.permutation(males)[0:n_mar]
[10  1]
np.random.permutation(males)[0:n_mar]
[ 6 12]
np.random.permutation(males)[0:n_mar]
[ 1 11]
np.random.permutation(males)[0:n_mar]
[22 10]
np.random.permutation(males)[0:n_mar]
[23 17]
np.random.permutation(males)[0:n_mar]
[19  5]
np.random.permutation(males)[0:n_mar]
[ 6 21]
np.random.permutation(males)[0:n_mar]
[19 22]
np.random.permutation(males)[0:n_mar]
[0 4]
np.random.permutation(males)[0:n_mar]
[16  0]
np.random.permutation(males)[0:n_mar]
[ 6 15]
np.random.permutation(males)[0:n_mar]
[12  9]
np.random.permutation(males)[0:n_mar]
[ 5 20]
np.random.permutation(males)[0:n_mar]
[ 0 21]
np.random.permutation(males)[0:n_mar]
[15 20]
np.random.permutation(males)[0:n_mar]
[13 14]
np.random.permutation(males)[0:n_mar]
[15  5]
np.random.permutation(males)[0:n_mar]
[ 9 14]
np.random.permutation(males)[0:n_mar]
[19  0]
np.random.permutation(males)[0:n_mar]
[19 22]
np.random.permutation(males)[0:n_mar]
[15  8]
np.random.permutation(males)[0:n_mar]
[9 0]
np.random.permutation(males)[0:n_mar]
[ 5 18]
np.random.permutation(males)[0:n_mar]
[17  0]
np.random.permutation(males)[0:n_mar]
[14 12]
np.random.permutation(males)[0:n_mar]
[13 11]
np.random.permutation(males)[0:n_mar]
[ 9 12]
np.random.permutation(males)[0:n_mar]
[16  8]
np.random.permutation(males)[0:n_mar]
[10  5]
np.random.permutation(males)[0:n_mar]
[20  0]
np.random.permutation(males)[0:n_mar]
[22  5]
np.random.permutation(males)[0:n_mar]
[10 15]
np.random.permutation(males)[0:n_mar]
[20  2]
np.random.permutation(males)[0:n_mar]
[22 12]
np.random.permutation(males)[0:n_mar]
[ 6 21]
np.random.permutation(males)[0:n_mar]
[ 2 16]
np.random.permutation(males)[0:n_mar]
[ 9 18]
np.random.permutation(males)[0:n_mar]
[ 1 10]
np.random.permutation(males)[0:n_mar]
[1 2]
np.random.permutation(males)[0:n_mar]
[ 6 13]
np.random.permutation(males)[0:n_mar]
[3 0]
np.random.permutation(males)[0:n_mar]
[21 15]
np.random.permutation(males)[0:n_mar]
[22  4]
np.random.permutation(males)[0:n_mar]
[ 0 23]
np.random.permutation(males)[0:n_mar]
[4 7]
np.random.permutation(males)[0:n_mar]
[5 7]
np.random.permutation(males)[0:n_mar]
[21 23]
np.random.permutation(males)[0:n_mar]
[17 13]
np.random.permutation(males)[0:n_mar]
[23  5]
np.random.permutation(males)[0:n_mar]
[ 0 22]
np.random.permutation(males)[0:n_mar]
[20 22]
np.random.permutation(males)[0:n_mar]
[13  9]
np.random.permutation(males)[0:n_mar]
[20 13]
np.random.permutation(males)[0:n_mar]
[21 20]
np.random.permutation(males)[0:n_mar]
[10  7]
np.random.permutation(males)[0:n_mar]
[13  5]
np.random.permutation(males)[0:n_mar]
[6 0]
np.random.permutation(males)[0:n_mar]
[11  5]
np.random.permutation(males)[0:n_mar]
[12 18]
np.random.permutation(males)[0:n_mar]
[ 9 21]
np.random.permutation(males)[0:n_mar]
[ 7 19]
np.random.permutation(males)[0:n_mar]
[ 2 14]
np.random.permutation(males)[0:n_mar]
[0 5]
np.random.permutation(males)[0:n_mar]
[18 13]
np.random.permutation(males)[0:n_mar]
[ 0 19]
np.random.permutation(males)[0:n_mar]
[5 3]
np.random.permutation(males)[0:n_mar]
[ 4 23]
np.random.permutation(males)[0:n_mar]
[17  9]
np.random.permutation(males)[0:n_mar]
[ 7 23]
np.random.permutation(males)[0:n_mar]
[13  9]
np.random.permutation(males)[0:n_mar]
[23  8]
np.random.permutation(males)[0:n_mar]
[11  1]
np.random.permutation(males)[0:n_mar]
[18 11]
np.random.permutation(males)[0:n_mar]
[10  4]
np.random.permutation(males)[0:n_mar]
[19  3]
np.random.permutation(males)[0:n_mar]
[ 2 14]
np.random.permutation(males)[0:n_mar]
[ 7 22]
np.random.permutation(males)[0:n_mar]
[ 9 13]
np.random.permutation(males)[0:n_mar]
[ 6 22]
np.random.permutation(males)[0:n_mar]
[15 13]
np.random.permutation(males)[0:n_mar]
[3 5]
np.random.permutation(males)[0:n_mar]
[14  1]
np.random.permutation(males)[0:n_mar]
[22 18]
np.random.permutation(males)[0:n_mar]
[14 22]
np.random.permutation(males)[0:n_mar]
[15  1]
np.random.permutation(males)[0:n_mar]
[14  8]
np.random.permutation(males)[0:n_mar]
[ 9 21]
np.random.permutation(males)[0:n_mar]
[18  0]
np.random.permutation(males)[0:n_mar]
[ 0 11]
np.random.permutation(males)[0:n_mar]
[17  9]
np.random.permutation(males)[0:n_mar]
[ 2 16]
np.random.permutation(males)[0:n_mar]
[1 5]
np.random.permutation(males)[0:n_mar]
[21  0]
np.random.permutation(males)[0:n_mar]
[ 9 21]
np.random.permutation(males)[0:n_mar]
[ 8 22]
np.random.permutation(males)[0:n_mar]
[ 3 20]
np.random.permutation(males)[0:n_mar]
[14 17]
np.random.permutation(males)[0:n_mar]
[14  9]
np.random.permutation(males)[0:n_mar]
[11 15]
np.random.permutation(males)[0:n_mar]
[6 3]
np.random.permutation(males)[0:n_mar]
[11 22]
np.random.permutation(males)[0:n_mar]
[ 6 21]
np.random.permutation(males)[0:n_mar]
[ 9 17]
np.random.permutation(males)[0:n_mar]
[ 6 17]
np.random.permutation(males)[0:n_mar]
[6 8]
np.random.permutation(males)[0:n_mar]
[10  2]
np.random.permutation(males)[0:n_mar]
[22 19]
np.random.permutation(males)[0:n_mar]
[15  2]
np.random.permutation(males)[0:n_mar]
[11 17]
np.random.permutation(males)[0:n_mar]
[22  6]
np.random.permutation(males)[0:n_mar]
[ 9 23]
np.random.permutation(males)[0:n_mar]
[23 10]
np.random.permutation(males)[0:n_mar]
[19  4]
np.random.permutation(males)[0:n_mar]
[4 0]
np.random.permutation(males)[0:n_mar]
[20 19]
np.random.permutation(males)[0:n_mar]
[3 6]
np.random.permutation(males)[0:n_mar]
[ 0 14]
np.random.permutation(males)[0:n_mar]
[ 4 10]
np.random.permutation(males)[0:n_mar]
[ 0 19]
np.random.permutation(males)[0:n_mar]
[6 1]
np.random.permutation(males)[0:n_mar]
[17 12]
np.random.permutation(males)[0:n_mar]
[22  2]
np.random.permutation(males)[0:n_mar]
[8 5]
np.random.permutation(males)[0:n_mar]
[13 21]
np.random.permutation(males)[0:n_mar]
[5 9]
np.random.permutation(males)[0:n_mar]
[8 1]
np.random.permutation(males)[0:n_mar]
[ 0 13]
np.random.permutation(males)[0:n_mar]
[21  8]
np.random.permutation(males)[0:n_mar]
[11  9]
np.random.permutation(males)[0:n_mar]
[20 13]
np.random.permutation(males)[0:n_mar]
[ 4 20]
np.random.permutation(males)[0:n_mar]
[9 7]
np.random.permutation(males)[0:n_mar]
[ 6 19]
np.random.permutation(males)[0:n_mar]
[23  0]
np.random.permutation(males)[0:n_mar]
[21 13]
np.random.permutation(males)[0:n_mar]
[ 7 19]
np.random.permutation(males)[0:n_mar]
[ 6 18]
np.random.permutation(males)[0:n_mar]
[2 8]
np.random.permutation(males)[0:n_mar]
[17 10]
np.random.permutation(males)[0:n_mar]
[12  3]
np.random.permutation(males)[0:n_mar]
[10  9]
np.random.permutation(males)[0:n_mar]
[ 2 10]
np.random.permutation(males)[0:n_mar]
[17 18]
np.random.permutation(males)[0:n_mar]
[23 19]
np.random.permutation(males)[0:n_mar]
[20 12]
np.random.permutation(males)[0:n_mar]
[ 0 10]
np.random.permutation(males)[0:n_mar]
[5 9]
np.random.permutation(males)[0:n_mar]
[17  0]
np.random.permutation(males)[0:n_mar]
[ 9 19]
np.random.permutation(males)[0:n_mar]
[13 17]
np.random.permutation(males)[0:n_mar]
[11 21]
np.random.permutation(males)[0:n_mar]
[22 23]
np.random.permutation(males)[0:n_mar]
[22  5]
np.random.permutation(males)[0:n_mar]
[23 10]
np.random.permutation(males)[0:n_mar]
[ 4 19]
np.random.permutation(males)[0:n_mar]
[12  4]
np.random.permutation(males)[0:n_mar]
[0 2]
np.random.permutation(males)[0:n_mar]
[23  7]
np.random.permutation(males)[0:n_mar]
[11 22]
np.random.permutation(males)[0:n_mar]
[ 2 23]
np.random.permutation(males)[0:n_mar]
[17 20]
np.random.permutation(males)[0:n_mar]
[1 3]
np.random.permutation(males)[0:n_mar]
[8 1]
np.random.permutation(males)[0:n_mar]
[19 22]
np.random.permutation(males)[0:n_mar]
[21 12]
np.random.permutation(males)[0:n_mar]
[14  1]
np.random.permutation(males)[0:n_mar]
[14 17]
np.random.permutation(males)[0:n_mar]
[21  7]
np.random.permutation(males)[0:n_mar]
[ 1 11]
np.random.permutation(males)[0:n_mar]
[ 3 20]
np.random.permutation(males)[0:n_mar]
[ 6 16]
np.random.permutation(males)[0:n_mar]
[18  4]
np.random.permutation(males)[0:n_mar]
[3 9]
np.random.permutation(males)[0:n_mar]
[21 12]
np.random.permutation(males)[0:n_mar]
[18 10]
np.random.permutation(males)[0:n_mar]
[22 11]
np.random.permutation(males)[0:n_mar]
[18 11]
np.random.permutation(males)[0:n_mar]
[22 17]
np.random.permutation(males)[0:n_mar]
[18  8]
np.random.permutation(males)[0:n_mar]
[8 6]
np.random.permutation(males)[0:n_mar]
[16 20]
np.random.permutation(males)[0:n_mar]
[22  2]
np.random.permutation(males)[0:n_mar]
[14  8]
np.random.permutation(males)[0:n_mar]
[13  6]
np.random.permutation(males)[0:n_mar]
[18 10]
np.random.permutation(males)[0:n_mar]
[ 7 22]
np.random.permutation(males)[0:n_mar]
[6 2]
np.random.permutation(males)[0:n_mar]
[14 22]
np.random.permutation(males)[0:n_mar]
[ 2 15]
np.random.permutation(males)[0:n_mar]
[16  4]
np.random.permutation(males)[0:n_mar]
[22 12]
np.random.permutation(males)[0:n_mar]
[10  2]
np.random.permutation(males)[0:n_mar]
[22 23]
np.random.permutation(males)[0:n_mar]
[13  1]
np.random.permutation(males)[0:n_mar]
[17 11]
np.random.permutation(males)[0:n_mar]
[ 9 14]
np.random.permutation(males)[0:n_mar]
[12 11]
np.random.permutation(males)[0:n_mar]
[8 6]
np.random.permutation(males)[0:n_mar]
[23 10]
np.random.permutation(males)[0:n_mar]
[10  1]
np.random.permutation(males)[0:n_mar]
[ 2 18]
np.random.permutation(males)[0:n_mar]
[17 10]
np.random.permutation(males)[0:n_mar]
[12 10]
np.random.permutation(males)[0:n_mar]
[12  3]
np.random.permutation(males)[0:n_mar]
[14  5]
np.random.permutation(males)[0:n_mar]
[18 15]
np.random.permutation(males)[0:n_mar]
[ 7 22]
np.random.permutation(males)[0:n_mar]
[ 3 10]
np.random.permutation(males)[0:n_mar]
[12  3]
np.random.permutation(males)[0:n_mar]
[19 14]
np.random.permutation(males)[0:n_mar]
[22  9]
np.random.permutation(males)[0:n_mar]
[ 5 21]
np.random.permutation(males)[0:n_mar]
[ 7 23]
np.random.permutation(males)[0:n_mar]
[18 17]
np.random.permutation(males)[0:n_mar]
[23  0]
np.random.permutation(males)[0:n_mar]
[20  5]
np.random.permutation(males)[0:n_mar]
[11 12]
np.random.permutation(males)[0:n_mar]
[19  4]
np.random.permutation(males)[0:n_mar]
[17 18]
np.random.permutation(males)[0:n_mar]
[18 10]
np.random.permutation(males)[0:n_mar]
[19 12]
np.random.permutation(males)[0:n_mar]
[19  8]
np.random.permutation(males)[0:n_mar]
[18 10]
np.random.permutation(males)[0:n_mar]
[7 5]
np.random.permutation(males)[0:n_mar]
[11  8]
np.random.permutation(males)[0:n_mar]
[16  0]
np.random.permutation(males)[0:n_mar]
[16  6]
np.random.permutation(males)[0:n_mar]
[3 4]
np.random.permutation(males)[0:n_mar]
[12  6]
np.random.permutation(males)[0:n_mar]
[ 6 10]
np.random.permutation(males)[0:n_mar]
[20 23]
np.random.permutation(males)[0:n_mar]
[1 9]
np.random.permutation(males)[0:n_mar]
[23 22]
np.random.permutation(males)[0:n_mar]
[ 0 12]
np.random.permutation(males)[0:n_mar]
[14  2]
np.random.permutation(males)[0:n_mar]
[13 19]
np.random.permutation(males)[0:n_mar]
[ 8 16]
np.random.permutation(males)[0:n_mar]
[ 4 15]
np.random.permutation(males)[0:n_mar]
[13 15]
np.random.permutation(males)[0:n_mar]
[6 4]
np.random.permutation(males)[0:n_mar]
[ 0 15]
np.random.permutation(males)[0:n_mar]
[ 9 10]
np.random.permutation(males)[0:n_mar]
[4 5]
np.random.permutation(males)[0:n_mar]
[ 5 21]
np.random.permutation(males)[0:n_mar]
[16 22]
np.random.permutation(males)[0:n_mar]
[6 0]
np.random.permutation(males)[0:n_mar]
[10 22]
np.random.permutation(males)[0:n_mar]
[17  5]
np.random.permutation(males)[0:n_mar]
[14  7]
np.random.permutation(males)[0:n_mar]
[4 6]
np.random.permutation(males)[0:n_mar]
[13  9]
np.random.permutation(males)[0:n_mar]
[16  2]
np.random.permutation(males)[0:n_mar]
[ 5 15]
np.random.permutation(males)[0:n_mar]
[21  7]
np.random.permutation(males)[0:n_mar]
[15 20]
np.random.permutation(males)[0:n_mar]
[13  9]
np.random.permutation(males)[0:n_mar]
[15 16]
np.random.permutation(males)[0:n_mar]
[ 4 10]
np.random.permutation(males)[0:n_mar]
[20 13]
np.random.permutation(males)[0:n_mar]
[18 17]
np.random.permutation(males)[0:n_mar]
[21  0]
np.random.permutation(males)[0:n_mar]
[11 22]
np.random.permutation(males)[0:n_mar]
[ 1 16]
np.random.permutation(males)[0:n_mar]
[14 17]
np.random.permutation(males)[0:n_mar]
[ 1 13]
np.random.permutation(males)[0:n_mar]
[11 23]
np.random.permutation(males)[0:n_mar]
[ 1 18]
np.random.permutation(males)[0:n_mar]
[22  6]
np.random.permutation(males)[0:n_mar]
[3 6]
np.random.permutation(males)[0:n_mar]
[20 12]
np.random.permutation(males)[0:n_mar]
[13 11]
np.random.permutation(males)[0:n_mar]
[16 15]
np.random.permutation(males)[0:n_mar]
[3 2]
np.random.permutation(males)[0:n_mar]
[21  9]
np.random.permutation(males)[0:n_mar]
[ 9 18]
np.random.permutation(males)[0:n_mar]
[0 3]
np.random.permutation(males)[0:n_mar]
[ 8 10]
np.random.permutation(males)[0:n_mar]
[10 12]
np.random.permutation(males)[0:n_mar]
[22 18]
np.random.permutation(males)[0:n_mar]
[17  9]
np.random.permutation(males)[0:n_mar]
[14 22]
np.random.permutation(males)[0:n_mar]
[21  1]
np.random.permutation(males)[0:n_mar]
[15  2]
np.random.permutation(males)[0:n_mar]
[1 6]
np.random.permutation(males)[0:n_mar]
[10 21]
np.random.permutation(males)[0:n_mar]
[9 5]
np.random.permutation(males)[0:n_mar]
[ 2 15]
np.random.permutation(males)[0:n_mar]
[ 8 18]
np.random.permutation(males)[0:n_mar]
[ 8 11]
np.random.permutation(males)[0:n_mar]
[ 0 21]
np.random.permutation(males)[0:n_mar]
[17 22]
np.random.permutation(males)[0:n_mar]
[17  7]
np.random.permutation(males)[0:n_mar]
[21  2]
np.random.permutation(males)[0:n_mar]
[23  2]
np.random.permutation(males)[0:n_mar]
[6 7]
np.random.permutation(males)[0:n_mar]
[13 21]
np.random.permutation(males)[0:n_mar]
[16  5]
np.random.permutation(males)[0:n_mar]
[11  5]
np.random.permutation(males)[0:n_mar]
[ 6 23]
np.random.permutation(males)[0:n_mar]
[13 21]
np.random.permutation(males)[0:n_mar]
[15  8]
np.random.permutation(males)[0:n_mar]
[17 19]
np.random.permutation(males)[0:n_mar]
[ 2 12]
np.random.permutation(males)[0:n_mar]
[11 22]
np.random.permutation(males)[0:n_mar]
[20 13]
np.random.permutation(males)[0:n_mar]
[11  1]
np.random.permutation(males)[0:n_mar]
[12  8]
np.random.permutation(males)[0:n_mar]
[11 14]
np.random.permutation(males)[0:n_mar]
[5 8]
np.random.permutation(males)[0:n_mar]
[10  8]
np.random.permutation(males)[0:n_mar]
[16  3]
np.random.permutation(males)[0:n_mar]
[9 6]
np.random.permutation(males)[0:n_mar]
[12  7]
np.random.permutation(males)[0:n_mar]
[10  9]
np.random.permutation(males)[0:n_mar]
[ 3 13]
np.random.permutation(males)[0:n_mar]
[14 10]
np.random.permutation(males)[0:n_mar]
[ 9 20]
np.random.permutation(males)[0:n_mar]
[8 1]
np.random.permutation(males)[0:n_mar]
[19  2]
np.random.permutation(males)[0:n_mar]
[16 15]
np.random.permutation(males)[0:n_mar]
[15  9]
np.random.permutation(males)[0:n_mar]
[11 20]
np.random.permutation(males)[0:n_mar]
[15 19]
np.random.permutation(males)[0:n_mar]
[7 8]
np.random.permutation(males)[0:n_mar]
[10  8]
np.random.permutation(males)[0:n_mar]
[17  0]
np.random.permutation(males)[0:n_mar]
[ 4 13]
np.random.permutation(males)[0:n_mar]
[12 14]
np.random.permutation(males)[0:n_mar]
[ 9 16]
np.random.permutation(males)[0:n_mar]
[6 5]
np.random.permutation(males)[0:n_mar]
[8 9]
np.random.permutation(males)[0:n_mar]
[22 13]
np.random.permutation(males)[0:n_mar]
[8 5]
np.random.permutation(males)[0:n_mar]
[ 5 14]
np.random.permutation(males)[0:n_mar]
[15  8]
np.random.permutation(males)[0:n_mar]
[ 2 17]
np.random.permutation(males)[0:n_mar]
[12 23]
np.random.permutation(males)[0:n_mar]
[23 14]
np.random.permutation(males)[0:n_mar]
[13  5]
np.random.permutation(males)[0:n_mar]
[14 21]
np.random.permutation(males)[0:n_mar]
[ 2 14]
np.random.permutation(males)[0:n_mar]
[13  0]
np.random.permutation(males)[0:n_mar]
[ 5 10]
np.random.permutation(males)[0:n_mar]
[ 7 23]
np.random.permutation(males)[0:n_mar]
[23 13]
np.random.permutation(males)[0:n_mar]
[20  7]
np.random.permutation(males)[0:n_mar]
[17  7]
np.random.permutation(males)[0:n_mar]
[19  1]
np.random.permutation(males)[0:n_mar]
[22  8]
np.random.permutation(males)[0:n_mar]
[16 20]
np.random.permutation(males)[0:n_mar]
[0 2]
np.random.permutation(males)[0:n_mar]
[21 17]
np.random.permutation(males)[0:n_mar]
[ 6 20]
np.random.permutation(males)[0:n_mar]
[8 6]
np.random.permutation(males)[0:n_mar]
[ 6 11]
np.random.permutation(males)[0:n_mar]
[2 8]
np.random.permutation(males)[0:n_mar]
[14  7]
np.random.permutation(males)[0:n_mar]
[0 4]
np.random.permutation(males)[0:n_mar]
[10 12]
np.random.permutation(males)[0:n_mar]
[6 1]
np.random.permutation(males)[0:n_mar]
[14 10]
np.random.permutation(males)[0:n_mar]
[ 5 22]
np.random.permutation(males)[0:n_mar]
[16 20]
np.random.permutation(males)[0:n_mar]
[17  5]
np.random.permutation(males)[0:n_mar]
[12 19]
np.random.permutation(males)[0:n_mar]
[19 15]
np.random.permutation(males)[0:n_mar]
[12  2]
np.random.permutation(males)[0:n_mar]
[23 17]
np.random.permutation(males)[0:n_mar]
[ 4 10]
np.random.permutation(males)[0:n_mar]
[22  4]
np.random.permutation(males)[0:n_mar]
[ 4 17]
np.random.permutation(males)[0:n_mar]
[9 0]
np.random.permutation(males)[0:n_mar]
[ 5 23]
np.random.permutation(males)[0:n_mar]
[20 19]
np.random.permutation(males)[0:n_mar]
[7 6]
np.random.permutation(males)[0:n_mar]
[ 3 12]
np.random.permutation(males)[0:n_mar]
[16 12]
np.random.permutation(males)[0:n_mar]
[ 6 23]
np.random.permutation(males)[0:n_mar]
[ 8 21]
np.random.permutation(males)[0:n_mar]
[20  3]
np.random.permutation(males)[0:n_mar]
[1 0]
np.random.permutation(males)[0:n_mar]
[7 1]
np.random.permutation(males)[0:n_mar]
[1 2]
np.random.permutation(males)[0:n_mar]
[16 14]
np.random.permutation(males)[0:n_mar]
[18 10]
np.random.permutation(males)[0:n_mar]
[ 0 17]
np.random.permutation(males)[0:n_mar]
[13 14]
np.random.permutation(males)[0:n_mar]
[ 4 21]
np.random.permutation(males)[0:n_mar]
[ 2 10]
np.random.permutation(males)[0:n_mar]
[17  0]
np.random.permutation(males)[0:n_mar]
[ 0 21]
np.random.permutation(males)[0:n_mar]
[16  3]
np.random.permutation(males)[0:n_mar]
[9 2]
np.random.permutation(males)[0:n_mar]
[12 19]
np.random.permutation(males)[0:n_mar]
[3 5]
np.random.permutation(males)[0:n_mar]
[11  6]
np.random.permutation(males)[0:n_mar]
[2 5]
np.random.permutation(males)[0:n_mar]
[22 15]
np.random.permutation(males)[0:n_mar]
[ 4 18]
np.random.permutation(males)[0:n_mar]
[17 18]
np.random.permutation(males)[0:n_mar]
[ 6 20]
np.random.permutation(males)[0:n_mar]
[23 20]
np.random.permutation(males)[0:n_mar]
[ 0 14]
np.random.permutation(males)[0:n_mar]
[16 21]
np.random.permutation(males)[0:n_mar]
[ 5 11]
np.random.permutation(males)[0:n_mar]
[2 6]
np.random.permutation(males)[0:n_mar]
[15  4]
np.random.permutation(males)[0:n_mar]
[16  6]
np.random.permutation(males)[0:n_mar]
[10 19]
np.random.permutation(males)[0:n_mar]
[12 22]
np.random.permutation(males)[0:n_mar]
[ 7 19]
np.random.permutation(males)[0:n_mar]
[18 11]
np.random.permutation(males)[0:n_mar]
[10  0]
np.random.permutation(males)[0:n_mar]
[18 19]
np.random.permutation(males)[0:n_mar]
[ 5 20]
np.random.permutation(males)[0:n_mar]
[3 5]
np.random.permutation(males)[0:n_mar]
[14 19]
np.random.permutation(males)[0:n_mar]
[6 8]
np.random.permutation(males)[0:n_mar]
[4 0]
np.random.permutation(males)[0:n_mar]
[ 8 19]
np.random.permutation(males)[0:n_mar]
[6 1]
np.random.permutation(males)[0:n_mar]
[13 17]
np.random.permutation(males)[0:n_mar]
[8 4]
np.random.permutation(males)[0:n_mar]
[ 0 13]
np.random.permutation(males)[0:n_mar]
[19 13]
np.random.permutation(males)[0:n_mar]
[23 21]
np.random.permutation(males)[0:n_mar]
[ 7 12]
np.random.permutation(males)[0:n_mar]
[17  6]
np.random.permutation(males)[0:n_mar]
[21  5]
np.random.permutation(males)[0:n_mar]
[11  8]
np.random.permutation(males)[0:n_mar]
[11  8]
np.random.permutation(males)[0:n_mar]
[2 6]
np.random.permutation(males)[0:n_mar]
[12  6]
np.random.permutation(males)[0:n_mar]
[19 17]
np.random.permutation(males)[0:n_mar]
[20  6]
np.random.permutation(males)[0:n_mar]
[20 12]
np.random.permutation(males)[0:n_mar]
[13  6]
np.random.permutation(males)[0:n_mar]
[15 12]
np.random.permutation(males)[0:n_mar]
[18 23]
np.random.permutation(males)[0:n_mar]
[13  7]
np.random.permutation(males)[0:n_mar]
[13  9]
np.random.permutation(males)[0:n_mar]
[ 1 17]
np.random.permutation(males)[0:n_mar]
[21 14]
np.random.permutation(males)[0:n_mar]
[ 1 22]
np.random.permutation(males)[0:n_mar]
[23 11]
np.random.permutation(males)[0:n_mar]
[21  8]
np.random.permutation(males)[0:n_mar]
[11 15]
np.random.permutation(males)[0:n_mar]
[23  7]
np.random.permutation(males)[0:n_mar]
[22  6]
np.random.permutation(males)[0:n_mar]
[4 3]
np.random.permutation(males)[0:n_mar]
[21  5]
np.random.permutation(males)[0:n_mar]
[20  3]
np.random.permutation(males)[0:n_mar]
[20 22]
np.random.permutation(males)[0:n_mar]
[6 2]
np.random.permutation(males)[0:n_mar]
[ 6 17]
np.random.permutation(males)[0:n_mar]
[23  2]
np.random.permutation(males)[0:n_mar]
[8 9]
np.random.permutation(males)[0:n_mar]
[15 16]
np.random.permutation(males)[0:n_mar]
[10 15]
np.random.permutation(males)[0:n_mar]
[ 5 17]
