np.random.permutation(males)[0:n_mar]
[23 19  7  4 21 13 20 16  0]
np.random.permutation(males)[0:n_mar]
[ 1 13 11  5  3  9  0 10 16]
np.random.permutation(males)[0:n_mar]
[19 10  0  3  5 22 16 12 11]
np.random.permutation(males)[0:n_mar]
[ 0  1 12  2 21  7  6  9 23]
np.random.permutation(males)[0:n_mar]
[ 0  3 20 22 16  5  4  9  1]
np.random.permutation(males)[0:n_mar]
[ 0  1 19 11  9 15 16 21  4]
np.random.permutation(males)[0:n_mar]
[16 18 15 11 23 14  3 13  1]
np.random.permutation(males)[0:n_mar]
[22 18 16  4  3  0 19 20  2]
np.random.permutation(males)[0:n_mar]
[15  4  7 23  5 18 20  0 16]
np.random.permutation(males)[0:n_mar]
[ 0  2 13 22  6 16 21  4  7]
np.random.permutation(males)[0:n_mar]
[15  9 13 16  7  0 21 14  6]
np.random.permutation(males)[0:n_mar]
[ 2 20 18  6 11  3  4 13  1]
np.random.permutation(males)[0:n_mar]
[13  9 19  6 12  5  2 10  4]
np.random.permutation(males)[0:n_mar]
[ 9  5  7  6  0 10 17 19 20]
np.random.permutation(males)[0:n_mar]
[19 12 14  7  0 18 22 20  6]
np.random.permutation(males)[0:n_mar]
[ 6 18 10 14 22  0  5 16  9]
np.random.permutation(males)[0:n_mar]
[ 6  1 20  3 13 10 23  5 16]
np.random.permutation(males)[0:n_mar]
[13 12 14 16 21  0  8  2 20]
np.random.permutation(males)[0:n_mar]
[17  1 10 16 12 14 23  4 21]
np.random.permutation(males)[0:n_mar]
[ 0  7 23 15 19  4 11  2 16]
np.random.permutation(males)[0:n_mar]
[ 5  8  2  9 11 23 19  4 13]
np.random.permutation(males)[0:n_mar]
[21  0  5  9  1 11  2 17 20]
np.random.permutation(males)[0:n_mar]
[ 7 16 20  5 23  1 14 19 15]
np.random.permutation(males)[0:n_mar]
[19 14 18  9 13 11 23  3  1]
np.random.permutation(males)[0:n_mar]
[13 19  7 22 21 11  0 14  9]
np.random.permutation(males)[0:n_mar]
[ 7 11 23 19 17 14  4  6 12]
np.random.permutation(males)[0:n_mar]
[ 1 22 13 20 17 11 18 14  3]
np.random.permutation(males)[0:n_mar]
[15  4  6 19  7 16  2 13  3]
np.random.permutation(males)[0:n_mar]
[18 20  5  6  8  7  4 17  1]
np.random.permutation(males)[0:n_mar]
[13  6 17 16  3  7 15  1  8]
np.random.permutation(males)[0:n_mar]
[21  0  3 19 12 20 11  7 18]
np.random.permutation(males)[0:n_mar]
[20  3 12 15  0 21 23  8  9]
np.random.permutation(males)[0:n_mar]
[16  3  8 20  5 22 12 10 14]
np.random.permutation(males)[0:n_mar]
[10  8 22  6  1  9  2  4 15]
np.random.permutation(males)[0:n_mar]
[11  2  1  6 10 21 14  0 13]
np.random.permutation(males)[0:n_mar]
[22 13 16  5  6 19 18 12  4]
np.random.permutation(males)[0:n_mar]
[17 19  3 21  7  5 20 22 16]
np.random.permutation(males)[0:n_mar]
[ 1 18  5  6 21 15 11 10  4]
np.random.permutation(males)[0:n_mar]
[ 6  8 12  3 18 15  9 16 23]
np.random.permutation(males)[0:n_mar]
[ 2 23 17 11  0  7 12 15 19]
np.random.permutation(males)[0:n_mar]
[11  9 19  2  5  8  7 22 20]
np.random.permutation(males)[0:n_mar]
[15  2 18  3 20  9  6 17  1]
np.random.permutation(males)[0:n_mar]
[20 18  8 13  7 12 14 16 15]
np.random.permutation(males)[0:n_mar]
[ 0 18 10  8 16  7 13  9 22]
np.random.permutation(males)[0:n_mar]
[11 12 22 19 18 15  5  3 23]
np.random.permutation(males)[0:n_mar]
[ 0 11  8  3  1 18  7  4 17]
np.random.permutation(males)[0:n_mar]
[ 5 23  8 18  0  9 19 21 20]
np.random.permutation(males)[0:n_mar]
[ 1  3 21 19 22 15  6 16 23]
np.random.permutation(males)[0:n_mar]
[ 9 22 17  0 21  1  6 13 10]
np.random.permutation(males)[0:n_mar]
[ 8  2 15 20 19 12 14 21 11]
np.random.permutation(males)[0:n_mar]
[ 7 22 17 13  6 11  8 14  4]
np.random.permutation(males)[0:n_mar]
[14 16  2  0 17 19 11 22  1]
np.random.permutation(males)[0:n_mar]
[ 1 13 22  9  3 17  5 19  4]
np.random.permutation(males)[0:n_mar]
[ 6  8  0  3 15 23 22 14  4]
np.random.permutation(males)[0:n_mar]
[ 3  0 21  9 18 10  4 19 17]
np.random.permutation(males)[0:n_mar]
[ 2  5 21 13 15 16  9  4  0]
np.random.permutation(males)[0:n_mar]
[17  8  6 16  3 18 23 10 19]
np.random.permutation(males)[0:n_mar]
[ 1  4  6 13 10  7  5 15  2]
np.random.permutation(males)[0:n_mar]
[ 3  4 13 20 17 19 11  0 18]
np.random.permutation(males)[0:n_mar]
[10  4  0 18 23 15 22  8  2]
np.random.permutation(males)[0:n_mar]
[ 0  2 17 14 18  4 16  1  6]
np.random.permutation(males)[0:n_mar]
[ 6 17  7 18  2  8 20 16  5]
np.random.permutation(males)[0:n_mar]
[ 5 16 18  4  7  0  3 19 21]
np.random.permutation(males)[0:n_mar]
[18 21 22 12  6 17 14 10  8]
np.random.permutation(males)[0:n_mar]
[ 0 11 13  1 18 17  4 16  9]
np.random.permutation(males)[0:n_mar]
[ 7 13  6 22  5  2 12 23  0]
np.random.permutation(males)[0:n_mar]
[20 15 22 16 17  2 13  3 14]
np.random.permutation(males)[0:n_mar]
[ 1  3 18 15 14  4  2  8 17]
np.random.permutation(males)[0:n_mar]
[ 5 11  1 18  4  2 23  8 16]
np.random.permutation(males)[0:n_mar]
[17  1  0 20  8 19  7 18  3]
np.random.permutation(males)[0:n_mar]
[14  8 20  9 21 11  1  0  4]
np.random.permutation(males)[0:n_mar]
[22 12 16 20  6 21 18  3 19]
np.random.permutation(males)[0:n_mar]
[16  6  2 14 21 12  7  8 15]
np.random.permutation(males)[0:n_mar]
[ 1  3  6 22 10 18 19  9 12]
np.random.permutation(males)[0:n_mar]
[11  2  0  8 13  9 15  1 21]
np.random.permutation(males)[0:n_mar]
[ 0  8 19 14  9 18 16  7  2]
np.random.permutation(males)[0:n_mar]
[13 14 15 12 11 18  4 10  8]
np.random.permutation(males)[0:n_mar]
[ 1 19 15  6  2  0 21  8 16]
np.random.permutation(males)[0:n_mar]
[ 9 11 10 20 18 12 19  7  2]
np.random.permutation(males)[0:n_mar]
[ 6 19 11  7  5 12  8 20  2]
np.random.permutation(males)[0:n_mar]
[ 1 18 14 12  0 21  8 23 22]
np.random.permutation(males)[0:n_mar]
[ 7 17 12  9  6 23 11  2 21]
np.random.permutation(males)[0:n_mar]
[ 5 14  3 18 13  2  6 21 10]
np.random.permutation(males)[0:n_mar]
[11 18 14 17 12 23  8 20  9]
np.random.permutation(males)[0:n_mar]
[ 6  9  5  1  0 13 12 21 10]
np.random.permutation(males)[0:n_mar]
[11 13  6 16 15 23 12  4 20]
np.random.permutation(males)[0:n_mar]
[ 9 10  7 11 22  4  2 19 13]
np.random.permutation(males)[0:n_mar]
[21 12 11 22 19 20  2 17 13]
np.random.permutation(males)[0:n_mar]
[ 5  6  1 17 12 11 16  0  3]
np.random.permutation(males)[0:n_mar]
[ 3 19 15 20 18  8 16 10 12]
np.random.permutation(males)[0:n_mar]
[ 5 22 12 19  2 23 15 16  0]
np.random.permutation(males)[0:n_mar]
[14  9 20 18 22  7  8 21 10]
np.random.permutation(males)[0:n_mar]
[ 7  1 14 17  2  9 21  5 22]
np.random.permutation(males)[0:n_mar]
[ 3 19 11 12 23  5  2 21  1]
np.random.permutation(males)[0:n_mar]
[ 3  7  2 21  5 12 18 15 17]
np.random.permutation(males)[0:n_mar]
[11 14 18  5 13 12  6  4 10]
np.random.permutation(males)[0:n_mar]
[19 17 23  3 15 21 10  2 20]
np.random.permutation(males)[0:n_mar]
[15 11 10  2  7 16 20  4 22]
np.random.permutation(males)[0:n_mar]
[13  0  2  6 17  5 14 18 10]
np.random.permutation(males)[0:n_mar]
[20  6  4  5  1  7 18 23  8]
np.random.permutation(males)[0:n_mar]
[21  4 11  6 18  0 14  7  3]
np.random.permutation(males)[0:n_mar]
[ 2 11  7 13 10 16 12  5  3]
np.random.permutation(males)[0:n_mar]
[ 2 11 13 10  4  6 22 16  0]
np.random.permutation(males)[0:n_mar]
[ 0 20 12 15  7 18  2  5 10]
np.random.permutation(males)[0:n_mar]
[ 6  5 17 21 16  7 20 19  8]
np.random.permutation(males)[0:n_mar]
[22 10 15 17 14  5 18 11  4]
np.random.permutation(males)[0:n_mar]
[ 0 18 19  8 10 23  3  4 16]
np.random.permutation(males)[0:n_mar]
[22 23  7 12 17  1  6 11  8]
np.random.permutation(males)[0:n_mar]
[22 14 13  6  2  0 20 15 10]
np.random.permutation(males)[0:n_mar]
[13 17  0 22  9 14 19  5 18]
np.random.permutation(males)[0:n_mar]
[ 6 16 17 19  7 15 21 14 22]
np.random.permutation(males)[0:n_mar]
[11 21 19  7  9 17 18 12  6]
np.random.permutation(males)[0:n_mar]
[23  0 10  7  8  4  6 19 16]
np.random.permutation(males)[0:n_mar]
[15 17  7  6 20 22 18  1  0]
np.random.permutation(males)[0:n_mar]
[ 2 19  9 20 22 21  3 14 11]
np.random.permutation(males)[0:n_mar]
[ 1 14 18  0 20  5  7 12 17]
np.random.permutation(males)[0:n_mar]
[ 9 13 16 17  2 22 20 12 19]
np.random.permutation(males)[0:n_mar]
[20 12 10 11  2  0 17 18 19]
np.random.permutation(males)[0:n_mar]
[16  4 21 14  2  5 19 15  0]
np.random.permutation(males)[0:n_mar]
[ 4  2 14 20 17 19 15  0  8]
np.random.permutation(males)[0:n_mar]
[20 14 18 16  3  8  0 22 12]
np.random.permutation(males)[0:n_mar]
[17 11 19 22 18  3 10  0 23]
np.random.permutation(males)[0:n_mar]
[12  8 11 19 16 10  7 15  6]
np.random.permutation(males)[0:n_mar]
[ 5  6 11 20 10  4 13  8 18]
np.random.permutation(males)[0:n_mar]
[ 4 12  5 14  3  0 11 13 10]
np.random.permutation(males)[0:n_mar]
[ 6 10  3 18 17 22 19  7  9]
np.random.permutation(males)[0:n_mar]
[18 13  4  8 16 14 12 15  0]
np.random.permutation(males)[0:n_mar]
[ 9  2 20  5 13 12  8  1 21]
np.random.permutation(males)[0:n_mar]
[ 9 10 20  0 15 13 21  1 23]
np.random.permutation(males)[0:n_mar]
[15 12 13 10 17  3  1 19  6]
np.random.permutation(males)[0:n_mar]
[11 16  9 13  5 23  8  2 21]
np.random.permutation(males)[0:n_mar]
[13  5  2 20 22  8 16  1  7]
np.random.permutation(males)[0:n_mar]
[18  6  5 21  0 10 19  7  3]
np.random.permutation(males)[0:n_mar]
[13  8 10 16 18  7 17  1  3]
np.random.permutation(males)[0:n_mar]
[ 9 19 10  3 22  1  8  2 15]
np.random.permutation(males)[0:n_mar]
[15  8 20  6 19 22 13 21 16]
np.random.permutation(males)[0:n_mar]
[16  0 13  6  1 20 15  8  4]
np.random.permutation(males)[0:n_mar]
[ 0  8 12 15 20 17  4 11 10]
np.random.permutation(males)[0:n_mar]
[ 7 20 13 22 23  5  1 15  6]
np.random.permutation(males)[0:n_mar]
[ 6 16  1 12  7 20 17  8  4]
np.random.permutation(males)[0:n_mar]
[21 12 16 22 17  4  1 15  5]
np.random.permutation(males)[0:n_mar]
[ 1 12 15 16  3  0 23 20  9]
np.random.permutation(males)[0:n_mar]
[22 21 23  3  9  4 12 16 19]
np.random.permutation(males)[0:n_mar]
[19  6 23 20  8 22  2  7  3]
np.random.permutation(males)[0:n_mar]
[22 18 21 16 20  1 15  6  7]
np.random.permutation(males)[0:n_mar]
[ 0 18  1  3  8 11  9 16 14]
np.random.permutation(males)[0:n_mar]
[16 13 15 12  3  4  1 18 23]
np.random.permutation(males)[0:n_mar]
[17  9 10  2 18  4 14 11  7]
np.random.permutation(males)[0:n_mar]
[23 18  1 15  6  8  0 12 20]
np.random.permutation(males)[0:n_mar]
[11  5 15 23 20 12 22  7  8]
np.random.permutation(males)[0:n_mar]
[ 6  4  8 21 16 14  3 10  5]
np.random.permutation(males)[0:n_mar]
[20  2  5  8 22 14 13  3 15]
np.random.permutation(males)[0:n_mar]
[ 2 11  9  7 22  6  0  3  1]
np.random.permutation(males)[0:n_mar]
[ 5 22  2 12 18 20 17 14 16]
np.random.permutation(males)[0:n_mar]
[ 1 15 18  5  4  9 10 23 22]
np.random.permutation(males)[0:n_mar]
[14 19 18  9 13 17 11  2  7]
np.random.permutation(males)[0:n_mar]
[15 12 11  2 22 14  9 23 21]
np.random.permutation(males)[0:n_mar]
[ 7 19 17 15 18 13  2 11 23]
np.random.permutation(males)[0:n_mar]
[13  9  1 10 18 16  6 15 11]
np.random.permutation(males)[0:n_mar]
[12 14 10  1 16 13  9 19  8]
np.random.permutation(males)[0:n_mar]
[11 13 17  7  8 18 21  1  6]
np.random.permutation(males)[0:n_mar]
[ 6 14  9  8  1 21 11 20 15]
np.random.permutation(males)[0:n_mar]
[ 3 20  4  8 21 23  1  0 10]
np.random.permutation(males)[0:n_mar]
[10 14 18 22  8 15  0  1 23]
np.random.permutation(males)[0:n_mar]
[16 10 15 21 22  2 13  5  4]
np.random.permutation(males)[0:n_mar]
[12  1 13  2 14  4 15 22 10]
np.random.permutation(males)[0:n_mar]
[11  1  8  4 21 12  2 19 20]
np.random.permutation(males)[0:n_mar]
[11 18  1 13  7 19  9 17  6]
np.random.permutation(males)[0:n_mar]
[17 14  6 18 12  3 20  5 16]
np.random.permutation(males)[0:n_mar]
[20 12 13  9  5 10 11 18 17]
np.random.permutation(males)[0:n_mar]
[ 7 15 11 20 13  9  6  1  5]
np.random.permutation(males)[0:n_mar]
[17 16 19  4 14 20 10  6  3]
np.random.permutation(males)[0:n_mar]
[ 8  4  6 17 22 19 21 12 18]
np.random.permutation(males)[0:n_mar]
[14  5  1 12 23  8  4 10 17]
np.random.permutation(males)[0:n_mar]
[23 15  7 18  2 21 20  0 17]
np.random.permutation(males)[0:n_mar]
[18 13 22  5  1 10 14 21  6]
np.random.permutation(males)[0:n_mar]
[ 8 14 16  3  6 23  9 18 10]
np.random.permutation(males)[0:n_mar]
[18  7 10 20 15 13  2  0 22]
np.random.permutation(males)[0:n_mar]
[ 9 19 22 21 13 20  5 16 23]
np.random.permutation(males)[0:n_mar]
[ 1 16 15 17 19 20 12 21  8]
np.random.permutation(males)[0:n_mar]
[ 3 11  9 17 10 19 13  5 18]
np.random.permutation(males)[0:n_mar]
[12 13  5 19 15 16  0  8 18]
np.random.permutation(males)[0:n_mar]
[22 19 17 12 13  0  5 11  8]
np.random.permutation(males)[0:n_mar]
[18 10 23 15 19 12  5  7  0]
np.random.permutation(males)[0:n_mar]
[ 1  6 17 10  7  0 15  8  3]
np.random.permutation(males)[0:n_mar]
[ 0 20 23 15 22  8 12 19 14]
np.random.permutation(males)[0:n_mar]
[21  0  9  4 17  6 16  7 23]
np.random.permutation(males)[0:n_mar]
[10 13  2  6 21 18 11  3 23]
np.random.permutation(males)[0:n_mar]
[22 10  3 20  8  1  6 11 23]
np.random.permutation(males)[0:n_mar]
[12  9  4 17  8  1 18 14 20]
np.random.permutation(males)[0:n_mar]
[13 12 11  1 18  2 21 23 19]
np.random.permutation(males)[0:n_mar]
[18 20 17  8 13 22 23  5  7]
np.random.permutation(males)[0:n_mar]
[14 13 12  2 16 21 20 15  5]
np.random.permutation(males)[0:n_mar]
[ 6  1  9 23  4 15  5 12 11]
np.random.permutation(males)[0:n_mar]
[ 1 13  6 21  9 19  2  5  8]
np.random.permutation(males)[0:n_mar]
[21  2 19  8 23  9  5 11 12]
np.random.permutation(males)[0:n_mar]
[ 7  5  1  8 16 10 13 23  4]
np.random.permutation(males)[0:n_mar]
[17 15  4 12 10  6 13 23  7]
np.random.permutation(males)[0:n_mar]
[ 9  4 11  1  6 23 17 16  3]
np.random.permutation(males)[0:n_mar]
[16  5  7 11 10  6  4 23 21]
np.random.permutation(males)[0:n_mar]
[18 19 21 15 13  4 14  3  0]
np.random.permutation(males)[0:n_mar]
[ 0 18  9 19 10  3 17  4  6]
np.random.permutation(males)[0:n_mar]
[12  2 16 19  4  0 10  1  9]
np.random.permutation(males)[0:n_mar]
[20 22 11 21 19  9  4  2 12]
np.random.permutation(males)[0:n_mar]
[ 1  7  6 23 22 18 11  8 21]
np.random.permutation(males)[0:n_mar]
[ 0  8 16  9 23 15 10 21  3]
np.random.permutation(males)[0:n_mar]
[ 6 12  3 21 20  0 11  5 10]
np.random.permutation(males)[0:n_mar]
[14  1 21 19 13 22  7  2  3]
np.random.permutation(males)[0:n_mar]
[10  4 18 11 13 21 15 17 19]
np.random.permutation(males)[0:n_mar]
[ 3 13 14 21 22  5 18 17  1]
np.random.permutation(males)[0:n_mar]
[13 10 20  3  5 14 17 18 15]
np.random.permutation(males)[0:n_mar]
[ 1 17  8  0 16  2 18  7 23]
np.random.permutation(males)[0:n_mar]
[23 13 21  5 14 12 16 10  4]
np.random.permutation(males)[0:n_mar]
[21 19  6  5  2 23 20  9 14]
np.random.permutation(males)[0:n_mar]
[21 17  7  5 19 16 14  3  6]
np.random.permutation(males)[0:n_mar]
[11  2  9 10  8  4 13 19 16]
np.random.permutation(males)[0:n_mar]
[ 2 20 13 19 21  9 18  0 10]
np.random.permutation(males)[0:n_mar]
[ 1 18 15 12  3  0 20 22 14]
np.random.permutation(males)[0:n_mar]
[18  4 14  9  7  5 23 15  2]
np.random.permutation(males)[0:n_mar]
[10 17 13  8  7 22 14  1 18]
np.random.permutation(males)[0:n_mar]
[ 2  6  9 11 13 16 20 10  3]
np.random.permutation(males)[0:n_mar]
[18 17 13 21 12 16 10 20  0]
np.random.permutation(males)[0:n_mar]
[ 0 22 10  5  7 19  4 14 13]
np.random.permutation(males)[0:n_mar]
[ 5 18 19 14 12 16 11 15  4]
np.random.permutation(males)[0:n_mar]
[17 19  2  8 23 20  9 12 11]
np.random.permutation(males)[0:n_mar]
[ 4 12 14  3 20  8  2  6 22]
np.random.permutation(males)[0:n_mar]
[16 17  4  5 23  9 13  6 22]
np.random.permutation(males)[0:n_mar]
[ 7 17  3  9  5 11  4  1  2]
np.random.permutation(males)[0:n_mar]
[ 3  4 21 14  7 10 11 19 22]
np.random.permutation(males)[0:n_mar]
[ 0 14 17  4  5 22  3  1  6]
np.random.permutation(males)[0:n_mar]
[12  6  4  0 16  5 18 13 11]
np.random.permutation(males)[0:n_mar]
[ 4 10 14 15 12  0 17  2 19]
np.random.permutation(males)[0:n_mar]
[ 4  2  6 17 14  1  0 21 22]
np.random.permutation(males)[0:n_mar]
[ 0  4  8 22 14  2 16 19  6]
np.random.permutation(males)[0:n_mar]
[23 12  9  1 17 16 21  5 19]
np.random.permutation(males)[0:n_mar]
[14  1 13 21  0 23 10 18 20]
np.random.permutation(males)[0:n_mar]
[ 4 13 15  6 11 23 19  7 20]
np.random.permutation(males)[0:n_mar]
[19  4 13  8 12 21 20 10 14]
np.random.permutation(males)[0:n_mar]
[20 22 12 16  1 13 19  4 14]
np.random.permutation(males)[0:n_mar]
[23 22 10  8 13  3 19 20  7]
np.random.permutation(males)[0:n_mar]
[21 10  5 18  2 13  7 20  6]
np.random.permutation(males)[0:n_mar]
[11 10 17  4 12 20 21 19  9]
np.random.permutation(males)[0:n_mar]
[16  1 11 20 10 19 18  0 22]
np.random.permutation(males)[0:n_mar]
[ 0  8 16 23 12  5 20  1 19]
np.random.permutation(males)[0:n_mar]
[21 22 20 15  9 17  7 11  0]
np.random.permutation(males)[0:n_mar]
[20 11 12 18 21 16 22 15  4]
np.random.permutation(males)[0:n_mar]
[ 1 21  8 20 11 12  7 17  2]
np.random.permutation(males)[0:n_mar]
[20  5 16 21 17 14  0 13 19]
np.random.permutation(males)[0:n_mar]
[15  1  8  0 10  3 17 20 19]
np.random.permutation(males)[0:n_mar]
[ 8  0  2  3 11 13 22  9 16]
np.random.permutation(males)[0:n_mar]
[ 1  3  8 19 13 23 14 17 10]
np.random.permutation(males)[0:n_mar]
[21  7 13 15 10 17  1  0 19]
np.random.permutation(males)[0:n_mar]
[ 5  9 11 15  2  7 17  4 22]
np.random.permutation(males)[0:n_mar]
[17  1  0 22  4  8 15 18 23]
np.random.permutation(males)[0:n_mar]
[17 11  2  6 20  0 22  8  3]
np.random.permutation(males)[0:n_mar]
[ 4 12 23 20  5  7  0 13 17]
np.random.permutation(males)[0:n_mar]
[ 5 16  9  8  3 23 15  7 22]
np.random.permutation(males)[0:n_mar]
[ 2  0 11 23 10 19  1 12  7]
np.random.permutation(males)[0:n_mar]
[ 0 12  4 17  8  5  2  3 10]
np.random.permutation(males)[0:n_mar]
[22 13  9  2 16  4 17  7 18]
np.random.permutation(males)[0:n_mar]
[ 8 19 12  1 13 23 11 15  2]
np.random.permutation(males)[0:n_mar]
[ 6 23 18  0 10 17 11  5 13]
np.random.permutation(males)[0:n_mar]
[ 0 14  2 12 20  9 11 21  6]
np.random.permutation(males)[0:n_mar]
[ 7 17  5  4  3 22  6  2 10]
np.random.permutation(males)[0:n_mar]
[12 23  0  4 13 14  6  8 15]
np.random.permutation(males)[0:n_mar]
[ 6  8  5  0  9 10  2 11 22]
np.random.permutation(males)[0:n_mar]
[ 3 15 19  4  0  7 14 16 22]
np.random.permutation(males)[0:n_mar]
[11  6 15  8 19 13 17 23  1]
np.random.permutation(males)[0:n_mar]
[ 2  4 12 14  8 23 13 15  9]
np.random.permutation(males)[0:n_mar]
[16 21  4 23  7  0 10 14 18]
np.random.permutation(males)[0:n_mar]
[ 8 11 13 20 23 10  3 21 22]
np.random.permutation(males)[0:n_mar]
[ 2  9 16 14 12  4  5 19 11]
np.random.permutation(males)[0:n_mar]
[12 15  6  2  3  4 11  1 20]
np.random.permutation(males)[0:n_mar]
[16 10  9  5  8 20 12 18 23]
np.random.permutation(males)[0:n_mar]
[ 9 19 22  0 20 12 23 13  6]
np.random.permutation(males)[0:n_mar]
[22 12 13  7 14 17 16  4 21]
np.random.permutation(males)[0:n_mar]
[ 2 23  3 16 21 14 13 15 18]
np.random.permutation(males)[0:n_mar]
[ 6  3 21  4 18 10  0  2  1]
np.random.permutation(males)[0:n_mar]
[18  1 17 16  7 10 23  6 20]
np.random.permutation(males)[0:n_mar]
[14  5 16 11  1 18 10  6 15]
np.random.permutation(males)[0:n_mar]
[15  3 19  5  0 18 10 23 20]
np.random.permutation(males)[0:n_mar]
[15 12 14 22 13  4 23 20 17]
np.random.permutation(males)[0:n_mar]
[23 10  2 21 19  7  6 18 13]
np.random.permutation(males)[0:n_mar]
[ 9  1 12 18  7 17  0  6  3]
np.random.permutation(males)[0:n_mar]
[18 17 21 22  6  9 13  5  4]
np.random.permutation(males)[0:n_mar]
[15 17  3  9 19  6 13 16  7]
np.random.permutation(males)[0:n_mar]
[17 23  1 14  4 13 19 15  0]
np.random.permutation(males)[0:n_mar]
[14 15 13  2  4  9  6 22 21]
np.random.permutation(males)[0:n_mar]
[18 20  4  6 19 10 11  3  2]
np.random.permutation(males)[0:n_mar]
[16 14  5 15 22 18 23 20  2]
np.random.permutation(males)[0:n_mar]
[20 18 14  5  6  3  2 23 13]
np.random.permutation(males)[0:n_mar]
[ 2  5  6 22  3  7 14  4 17]
np.random.permutation(males)[0:n_mar]
[13 19  1  0  3  4 23  7 10]
np.random.permutation(males)[0:n_mar]
[20 21 18 15  8 12 14  9 10]
np.random.permutation(males)[0:n_mar]
[16 10 21 15 19  6  7  5 18]
np.random.permutation(males)[0:n_mar]
[ 2 23 13  5 11 19 20 17  6]
np.random.permutation(males)[0:n_mar]
[12 10 22  1  8 13 18 17  4]
np.random.permutation(males)[0:n_mar]
[18  5  9 23 15 14  3  0 16]
np.random.permutation(males)[0:n_mar]
[ 1 15  7  3  2 11  8 12 13]
np.random.permutation(males)[0:n_mar]
[13  8 20  9  2  0 17 11  7]
np.random.permutation(males)[0:n_mar]
[12 22  9  1 15 17 20  8 16]
np.random.permutation(males)[0:n_mar]
[ 3  9 15 19  2 18 17  0  7]
np.random.permutation(males)[0:n_mar]
[16 15  8 21 17  6  7  1  4]
np.random.permutation(males)[0:n_mar]
[15  1  9 17 22 16 18  0  2]
np.random.permutation(males)[0:n_mar]
[11  1 17 22 10  5 16  9  0]
np.random.permutation(males)[0:n_mar]
[16 23 14  9 19  3 13  2  0]
np.random.permutation(males)[0:n_mar]
[18  6  0 16  7 12  4  9 23]
np.random.permutation(males)[0:n_mar]
[14 11 17 20  8  7 10 12  4]
np.random.permutation(males)[0:n_mar]
[ 1 17  2 11  6 13 18 21  0]
np.random.permutation(males)[0:n_mar]
[ 2 13 20 21  6  8  1 15 12]
np.random.permutation(males)[0:n_mar]
[16  8 20 23 17 18 11 19 14]
np.random.permutation(males)[0:n_mar]
[10 14 11  8 20 17 15  1 18]
np.random.permutation(males)[0:n_mar]
[13 19 11 15  1  8  2 20 23]
np.random.permutation(males)[0:n_mar]
[15 14 17  4 11 23 16  8 20]
np.random.permutation(males)[0:n_mar]
[15 14 16 17  4 22  2 12 13]
np.random.permutation(males)[0:n_mar]
[13 15 21 20 17 22 16  4 14]
np.random.permutation(males)[0:n_mar]
[ 8 18 22 12 11 15 23  2 14]
np.random.permutation(males)[0:n_mar]
[21  9 15 14 23  4 22  7 20]
np.random.permutation(males)[0:n_mar]
[14  1  4  9 13 19  6 15 17]
np.random.permutation(males)[0:n_mar]
[13  6 16 10  2 12  7 15  8]
np.random.permutation(males)[0:n_mar]
[13  9 16 19 10  0 18  3 17]
np.random.permutation(males)[0:n_mar]
[ 1 11 17 20 22 13  8 19  2]
np.random.permutation(males)[0:n_mar]
[12  0 15  3  6 13 14 17  7]
np.random.permutation(males)[0:n_mar]
[ 1 20 23 11 18 19 10  5 21]
np.random.permutation(males)[0:n_mar]
[21  2 13  1 10 16 18  5 23]
np.random.permutation(males)[0:n_mar]
[22 10 23 17  8  9  2  0 18]
np.random.permutation(males)[0:n_mar]
[ 0 22 13 14 11 17 23  8  4]
np.random.permutation(males)[0:n_mar]
[ 2 21  3 17  9  4 18 15 16]
np.random.permutation(males)[0:n_mar]
[ 6  0 19 12  8  2 14  7 21]
np.random.permutation(males)[0:n_mar]
[ 1 22  8  9 20 16 13 17 11]
np.random.permutation(males)[0:n_mar]
[21 22 19 16 20 11  6 10 23]
np.random.permutation(males)[0:n_mar]
[ 8 20 12  1 16 13 11 15 10]
np.random.permutation(males)[0:n_mar]
[16  7 22  0 23  4  6  8 21]
np.random.permutation(males)[0:n_mar]
[15  2 22  8 13  5 20  0 12]
np.random.permutation(males)[0:n_mar]
[ 2  1  7  6  0 11 17 18 20]
np.random.permutation(males)[0:n_mar]
[ 4  9 18  7 12  8  5 21  2]
np.random.permutation(males)[0:n_mar]
[19 20 10  2  4 12  3 13 23]
np.random.permutation(males)[0:n_mar]
[21  1  4 11  6 19 12  8  5]
np.random.permutation(males)[0:n_mar]
[21  3  8 19 14  2 18  1 22]
np.random.permutation(males)[0:n_mar]
[12 16 20  4 19 23  0  8 22]
np.random.permutation(males)[0:n_mar]
[ 0 23 11 12  5 16 22  8  1]
np.random.permutation(males)[0:n_mar]
[20 11 17 23 21  4  1 12  0]
np.random.permutation(males)[0:n_mar]
[ 0 19 13  8 22 21  3 15 11]
np.random.permutation(males)[0:n_mar]
[23 17  6  2 13  1  0  9 14]
np.random.permutation(males)[0:n_mar]
[ 5 20 21  2  7 22  8 18 16]
np.random.permutation(males)[0:n_mar]
[22 17 23 15 21 12 18  3  5]
np.random.permutation(males)[0:n_mar]
[20  8  9 12 11 23 10 13 19]
np.random.permutation(males)[0:n_mar]
[ 1  0  7 13 10 12 20  4 11]
np.random.permutation(males)[0:n_mar]
[10  6 18 13 21  1  0  2 15]
np.random.permutation(males)[0:n_mar]
[ 3  0  9 17  7  4 22 20  8]
np.random.permutation(males)[0:n_mar]
[22 16 21  2  6  0 12  7  3]
np.random.permutation(males)[0:n_mar]
[20  7 16 15  6 17 10 22  9]
np.random.permutation(males)[0:n_mar]
[10 22  5  4 17 20 14  9 13]
np.random.permutation(males)[0:n_mar]
[ 6 17  1 14 16 18  3 19  9]
np.random.permutation(males)[0:n_mar]
[ 0 23 20 17 16 22 15 11 14]
np.random.permutation(males)[0:n_mar]
[23 21 14 20  9 16 11  1 17]
np.random.permutation(males)[0:n_mar]
[17  6 20 16 12  9  8 21  5]
np.random.permutation(males)[0:n_mar]
[13 22 19  0 17 14 10  3  1]
np.random.permutation(males)[0:n_mar]
[15  8 12 11 10 20 22 18  0]
np.random.permutation(males)[0:n_mar]
[ 1  4  6  5 18 21 16 14  0]
np.random.permutation(males)[0:n_mar]
[ 6 17 23  8 10 14  5  1 16]
np.random.permutation(males)[0:n_mar]
[10 20  7 13 12 17 11  2  9]
np.random.permutation(males)[0:n_mar]
[19  0 18 20  9 11 13  2 10]
np.random.permutation(males)[0:n_mar]
[ 1 13 19  4 11  6  3  5 18]
np.random.permutation(males)[0:n_mar]
[21  4 19 11 23 20  8 18  7]
np.random.permutation(males)[0:n_mar]
[ 6 14 18 12 23 10 15 11 17]
np.random.permutation(males)[0:n_mar]
[13  6 17 10  3  7 23  0 14]
np.random.permutation(males)[0:n_mar]
[23 18 13 11  4  6  5 12  0]
np.random.permutation(males)[0:n_mar]
[19 11 12  3  8 21 14 15  1]
np.random.permutation(males)[0:n_mar]
[15 23  8  1 10  9  4  6 22]
np.random.permutation(males)[0:n_mar]
[23  5  7 16 17  9 12  4  2]
np.random.permutation(males)[0:n_mar]
[15 21  6 18 14  1 12 17 11]
np.random.permutation(males)[0:n_mar]
[ 8 14 15  0 17  5  7 21 10]
np.random.permutation(males)[0:n_mar]
[ 6  1 13  7 11 17  8 18 19]
np.random.permutation(males)[0:n_mar]
[ 1 23  4 20 16 14  5 17  9]
np.random.permutation(males)[0:n_mar]
[ 7 16 22  8  1 14 12  3 15]
np.random.permutation(males)[0:n_mar]
[11 17 18  8  6  5 10 19  0]
np.random.permutation(males)[0:n_mar]
[15  7 12 10  0 23  5 11 13]
np.random.permutation(males)[0:n_mar]
[13 15 19  6 22  8  1 14 20]
np.random.permutation(males)[0:n_mar]
[10  2  8 14  0  1  4 16 11]
np.random.permutation(males)[0:n_mar]
[16 12  5 18 19  6  2  9 23]
np.random.permutation(males)[0:n_mar]
[ 4 20  2 23 22 16 14  3  6]
np.random.permutation(males)[0:n_mar]
[19 14  0 18  4 10 15 17  1]
np.random.permutation(males)[0:n_mar]
[20 21 22 10  9  5  3 15  1]
np.random.permutation(males)[0:n_mar]
[ 1 23 20  0  2 21 10 11  8]
np.random.permutation(males)[0:n_mar]
[20 19 21 23  0  6 15 22  3]
np.random.permutation(males)[0:n_mar]
[11  0  9  6 21 14 20 10  2]
np.random.permutation(males)[0:n_mar]
[15 22 20  3 17  8 18 19 11]
np.random.permutation(males)[0:n_mar]
[ 3 13 10  2  0  4  5 19 15]
np.random.permutation(males)[0:n_mar]
[18 22  3 13 14  6 10  5  7]
np.random.permutation(males)[0:n_mar]
[ 7 18  8  9  2  3  5 17 22]
np.random.permutation(males)[0:n_mar]
[ 2 12 18  8 19  0 13 14  9]
np.random.permutation(males)[0:n_mar]
[ 7 20 14 12  6  0 22 16 23]
np.random.permutation(males)[0:n_mar]
[21 10  9 20  3  7  1  6  2]
np.random.permutation(males)[0:n_mar]
[ 0 12 15  1 17 10 11  4  6]
np.random.permutation(males)[0:n_mar]
[12 18 11  8  7  4  6 22 20]
np.random.permutation(males)[0:n_mar]
[11  2  6 21 20 16  7  4 23]
np.random.permutation(males)[0:n_mar]
[ 0 20 17  5  2 10 16 11  4]
np.random.permutation(males)[0:n_mar]
[10 13  3 21 11  0 19 18  5]
np.random.permutation(males)[0:n_mar]
[23  7 22  9 13 14 12  1  4]
np.random.permutation(males)[0:n_mar]
[19 15 10  7 17  0 14  1 21]
np.random.permutation(males)[0:n_mar]
[20  6 10  9 15 22 16 11 18]
np.random.permutation(males)[0:n_mar]
[21 20 18  8 19 13  3  9  6]
np.random.permutation(males)[0:n_mar]
[ 7 14 17  4 12  9 15  3  5]
np.random.permutation(males)[0:n_mar]
[ 8 18 21  7  9 15 17  6  4]
np.random.permutation(males)[0:n_mar]
[14  2  3 15  9 20 16 21 22]
np.random.permutation(males)[0:n_mar]
[ 9 12 21  7  6 15 11  5 10]
np.random.permutation(males)[0:n_mar]
[15 21 18  5 16  4 11 10  9]
np.random.permutation(males)[0:n_mar]
[22  7  8  4 18 16  2 15 13]
np.random.permutation(males)[0:n_mar]
[13  6 19 14  4 17  1 22 18]
np.random.permutation(males)[0:n_mar]
[ 0  8 14 20 15 17  9 18 19]
np.random.permutation(males)[0:n_mar]
[22 21 19  6 20  2 10 17  7]
np.random.permutation(males)[0:n_mar]
[ 8  7 22  3 13 17 20 19 12]
np.random.permutation(males)[0:n_mar]
[ 6 22 23 15  7  4 17  1  5]
np.random.permutation(males)[0:n_mar]
[11  4  9 21 13 10 16 20 12]
np.random.permutation(males)[0:n_mar]
[ 6 15 16 14  3 13 21 17  1]
np.random.permutation(males)[0:n_mar]
[ 5 19 18  6  4 14 17 21 10]
np.random.permutation(males)[0:n_mar]
[16 17  2  8  4 10  9 22 18]
np.random.permutation(males)[0:n_mar]
[14  9 20  7 11 22 19 12  6]
np.random.permutation(males)[0:n_mar]
[15 23  1 21 16  4 19 20  8]
np.random.permutation(males)[0:n_mar]
[18 10 16 15 20 12 13 17  6]
np.random.permutation(males)[0:n_mar]
[ 6  0 12 20  4 19 10  7  2]
np.random.permutation(males)[0:n_mar]
[12 16  5 11  7 14 22 15  2]
np.random.permutation(males)[0:n_mar]
[ 1  3 17  0 15 10  4  5  7]
np.random.permutation(males)[0:n_mar]
[20 11 15  6 12 23  0 16 19]
np.random.permutation(males)[0:n_mar]
[ 2 21 16 11  9  7 23 12  0]
np.random.permutation(males)[0:n_mar]
[ 8  9 16 22 12  6  5 13 23]
np.random.permutation(males)[0:n_mar]
[ 8  2 11  6  1  5 20  7  9]
np.random.permutation(males)[0:n_mar]
[14 15 16  5  8 19  0 18  7]
np.random.permutation(males)[0:n_mar]
[20 23  8  9  0  6 18  4 21]
np.random.permutation(males)[0:n_mar]
[19  4 23 10  7  1 18  3 12]
np.random.permutation(males)[0:n_mar]
[12 22 13 19  8 10 16  9 14]
np.random.permutation(males)[0:n_mar]
[17 13 23 10  5 20  0 18  6]
np.random.permutation(males)[0:n_mar]
[11  1  2 12 17 16  8 15 23]
np.random.permutation(males)[0:n_mar]
[ 7 16 19 15  6 20  3  8  2]
np.random.permutation(males)[0:n_mar]
[14 21 23  6 16  7  4 12  9]
np.random.permutation(males)[0:n_mar]
[17 20 16 18 12 15  8  5 13]
np.random.permutation(males)[0:n_mar]
[ 9  8 11 13 17  3 21 20 14]
np.random.permutation(males)[0:n_mar]
[22  2 19 15  7  3 12 17  5]
np.random.permutation(males)[0:n_mar]
[13  5  9 16 18 21 22 15 20]
np.random.permutation(males)[0:n_mar]
[16 15  7  3 18 14 17 20 10]
np.random.permutation(males)[0:n_mar]
[ 2  6  1 16  0 13 21  3  4]
np.random.permutation(males)[0:n_mar]
[17 10  0  4 12 14 22 21  3]
np.random.permutation(males)[0:n_mar]
[12 16 23 15 14 17 19 21 20]
np.random.permutation(males)[0:n_mar]
[23 12 14 16  6  5 20  7 10]
np.random.permutation(males)[0:n_mar]
[20  4  2 13 12  1  7 10  9]
np.random.permutation(males)[0:n_mar]
[14 19 16 21 13  5  4  1 11]
np.random.permutation(males)[0:n_mar]
[ 9  8 11 15 18 14  1 19 17]
np.random.permutation(males)[0:n_mar]
[19  3 11 10  0  4 22  6 15]
np.random.permutation(males)[0:n_mar]
[23 17 20 10  9  0  1 11 22]
np.random.permutation(males)[0:n_mar]
[ 9  6 17 18  5 12 13 21 22]
np.random.permutation(males)[0:n_mar]
[ 2 18 23 10  0  7 20 11  5]
np.random.permutation(males)[0:n_mar]
[ 6 22  2  4  5 15  9 12 14]
np.random.permutation(males)[0:n_mar]
[19  2  7 20  5 21 13  6 11]
np.random.permutation(males)[0:n_mar]
[ 2  4 17  8 23 16 20 15  6]
np.random.permutation(males)[0:n_mar]
[ 1 23 10 12  5 22  2  7  8]
np.random.permutation(males)[0:n_mar]
[23 21 12  2 14 17  9  0 11]
np.random.permutation(males)[0:n_mar]
[ 6  9 19 21  1 15 12 16  8]
np.random.permutation(males)[0:n_mar]
[20 15  6 13 22 19  8 16  4]
np.random.permutation(males)[0:n_mar]
[14 17 15  2 21 13 12  9 16]
np.random.permutation(males)[0:n_mar]
[ 4 15 20 19  8 17 10  6  1]
np.random.permutation(males)[0:n_mar]
[ 8 12 11  1  5  6  4 14 22]
np.random.permutation(males)[0:n_mar]
[13  1 16 14  2 22 18 21  7]
np.random.permutation(males)[0:n_mar]
[ 5  0 19  8 17  6  7 20 11]
np.random.permutation(males)[0:n_mar]
[19  4 22 13  6 11 21  2 17]
np.random.permutation(males)[0:n_mar]
[ 8 13 11 14 20  6 10 22 15]
np.random.permutation(males)[0:n_mar]
[14  9 20 11 13  8 18  0 19]
np.random.permutation(males)[0:n_mar]
[14 10 18  3  0  8 12  5  7]
np.random.permutation(males)[0:n_mar]
[ 3  9  4 10 15 21  0  5  8]
np.random.permutation(males)[0:n_mar]
[13 21  3 18  5 17 20 15  2]
np.random.permutation(males)[0:n_mar]
[21  0 20 14 15 22  4  2 18]
np.random.permutation(males)[0:n_mar]
[ 1  8  5 16  6 13 10 11  9]
np.random.permutation(males)[0:n_mar]
[22  8  2 20  0  5  9 13  7]
np.random.permutation(males)[0:n_mar]
[ 0  2 21 13 11 17 16  6 14]
np.random.permutation(males)[0:n_mar]
[ 5 10 17  3 22  4 19 13 20]
np.random.permutation(males)[0:n_mar]
[16 10 23 13 11  7  3 22 12]
np.random.permutation(males)[0:n_mar]
[16 20  6  2 21 10 12  7 15]
np.random.permutation(males)[0:n_mar]
[ 1  4 19  8 21  3 13 16 22]
np.random.permutation(males)[0:n_mar]
[20  5  9 16 10 21 11 18 23]
np.random.permutation(males)[0:n_mar]
[23 13  3  8 15 14  7 11 16]
np.random.permutation(males)[0:n_mar]
[10  3 12 19  9 16  6 21  1]
np.random.permutation(males)[0:n_mar]
[17  6 22 12  9  0 13  3 15]
np.random.permutation(males)[0:n_mar]
[12 13 20 18 23  1 16  5  8]
np.random.permutation(males)[0:n_mar]
[ 1  5 14 10 18  0  4 22 11]
np.random.permutation(males)[0:n_mar]
[23 15  3  7  0  4 10 18  1]
np.random.permutation(males)[0:n_mar]
[14  9 12 11  5  7 15 10 19]
np.random.permutation(males)[0:n_mar]
[ 3  0  8 20 17  2 15 10 11]
np.random.permutation(males)[0:n_mar]
[10 16 19 14 22  1  6  8  5]
np.random.permutation(males)[0:n_mar]
[21 14 19 15  6  3 11 17  1]
np.random.permutation(males)[0:n_mar]
[ 5  8 19  1  3 23  7  9 22]
np.random.permutation(males)[0:n_mar]
[15 16 21  5  2 23  1  7 12]
np.random.permutation(males)[0:n_mar]
[ 4 10 21  7  6  5 18 13 19]
np.random.permutation(males)[0:n_mar]
[21 10  5 22 20 17 16  6  3]
np.random.permutation(males)[0:n_mar]
[12 21 16 11 10  0 15 17  6]
np.random.permutation(males)[0:n_mar]
[13 19 16 20 18 12  2  8 11]
np.random.permutation(males)[0:n_mar]
[ 6 13 20 16  8 21 15  9  0]
np.random.permutation(males)[0:n_mar]
[ 9 17 18  1 16  7  3  0  6]
np.random.permutation(males)[0:n_mar]
[14  5  2  8 19  3 18 20 23]
np.random.permutation(males)[0:n_mar]
[12  3  4  7  6 21  9 11 23]
np.random.permutation(males)[0:n_mar]
[18  2  9 23  4  1 20  5 19]
np.random.permutation(males)[0:n_mar]
[ 6  8 15 19  1 13 22 10  3]
np.random.permutation(males)[0:n_mar]
[ 5 14 13 11 10 20  2  3  1]
np.random.permutation(males)[0:n_mar]
[13  9  2 21 20  3 17  0 19]
np.random.permutation(males)[0:n_mar]
[ 7  0 23  1  8  9 10 17 19]
np.random.permutation(males)[0:n_mar]
[ 2 16 15  1  6 18  9  7 13]
np.random.permutation(males)[0:n_mar]
[ 7 15 13 21 10 14 20  8 17]
np.random.permutation(males)[0:n_mar]
[ 7  9 11 16 22 21  8  5 20]
np.random.permutation(males)[0:n_mar]
[ 1 21 19 14  5 23 17 15 12]
np.random.permutation(males)[0:n_mar]
[18 10 20  4 19  5  0  9  3]
np.random.permutation(males)[0:n_mar]
[18  1  6  7 22  5 17  8 21]
np.random.permutation(males)[0:n_mar]
[19  2 23  4 15  1 20 16  8]
np.random.permutation(males)[0:n_mar]
[18  7 17  1  6 12 15 19 10]
np.random.permutation(males)[0:n_mar]
[11  1 15 20  4  3 13 22 10]
np.random.permutation(males)[0:n_mar]
[ 7 13 18 17 19 11 23 21 22]
np.random.permutation(males)[0:n_mar]
[17 16 22  0 21 12  9  3 14]
np.random.permutation(males)[0:n_mar]
[ 9 23 16 17  0 19 18  3  5]
np.random.permutation(males)[0:n_mar]
[ 1 11 16 12 20  7 15  5  2]
np.random.permutation(males)[0:n_mar]
[ 3 17  0 15 20  5 11 22 14]
np.random.permutation(males)[0:n_mar]
[15 18  7  6 11 23 16 14  3]
np.random.permutation(males)[0:n_mar]
[ 0  1 16 13 23  9  4 15 10]
np.random.permutation(males)[0:n_mar]
[15 18  6 17 23  5 13 20 10]
np.random.permutation(males)[0:n_mar]
[ 5 14 18 11  8  7  1  6 10]
np.random.permutation(males)[0:n_mar]
[15 18 11  5 19 16  6 23 10]
np.random.permutation(males)[0:n_mar]
[20 17 15  5  7  9 14 21 22]
np.random.permutation(males)[0:n_mar]
[19 20  1  8  7  4  9 14 13]
np.random.permutation(males)[0:n_mar]
[ 2 10  9 23 16 19 15  3 14]
np.random.permutation(males)[0:n_mar]
[ 7  1 12 16 10 22  2 21  8]
np.random.permutation(males)[0:n_mar]
[11  3 17 18 20 13 23  5 21]
np.random.permutation(males)[0:n_mar]
[ 0 23  3 17 12  7  8 16  5]
np.random.permutation(males)[0:n_mar]
[ 4 10  0 20  2  7  6  9  8]
np.random.permutation(males)[0:n_mar]
[13 15 14  4  5 21 12  2  8]
np.random.permutation(males)[0:n_mar]
[ 3 14 13 10 15 11  4  1 17]
np.random.permutation(males)[0:n_mar]
[15  1  2 21 16  9  5 22  6]
np.random.permutation(males)[0:n_mar]
[17 20  7 13 12 14  5 11 19]
np.random.permutation(males)[0:n_mar]
[ 9 15 23 21  7 14  1 12 19]
np.random.permutation(males)[0:n_mar]
[ 7 15 18 14  6  4 23 13 12]
np.random.permutation(males)[0:n_mar]
[ 4 20 12 16 10 18 11  8 15]
np.random.permutation(males)[0:n_mar]
[ 5 21 14  4  3 18 16 12  2]
np.random.permutation(males)[0:n_mar]
[ 2 17 23  6  1 21 16  4  8]
np.random.permutation(males)[0:n_mar]
[12 18 17 21 14  1 13 15 10]
np.random.permutation(males)[0:n_mar]
[20 21  0  5 12  7  3  9 11]
np.random.permutation(males)[0:n_mar]
[ 0 11  4 22  1  9  3 13  2]
np.random.permutation(males)[0:n_mar]
[11 18  0  3  7 19  6  5  9]
np.random.permutation(males)[0:n_mar]
[ 6 20 15 10  8 19 21 23  4]
np.random.permutation(males)[0:n_mar]
[ 5  9 22 15 17  7  0  2 10]
np.random.permutation(males)[0:n_mar]
[ 6 10  5 12  9 18  7  3 11]
np.random.permutation(males)[0:n_mar]
[19 12  9  7 16  0 22 17  2]
np.random.permutation(males)[0:n_mar]
[12  0 11  5 17 20  7  1 10]
np.random.permutation(males)[0:n_mar]
[14 19  3 11 22  8  0 13  6]
np.random.permutation(males)[0:n_mar]
[ 3  6  4 21  2 14 17  0 22]
np.random.permutation(males)[0:n_mar]
[12  5 10 13  7  6 16 14  1]
np.random.permutation(males)[0:n_mar]
[ 5  1 18  9  0  7 13 15 14]
np.random.permutation(males)[0:n_mar]
[14 10  6 13  7  0 23  1 16]
np.random.permutation(males)[0:n_mar]
[21  5  4 13 23  2 12 19 16]
np.random.permutation(males)[0:n_mar]
[16 12 21 11  6  8  0  4  7]
np.random.permutation(males)[0:n_mar]
[17  4 22 20  0  7  9  8 19]
np.random.permutation(males)[0:n_mar]
[20 21  9 19 22  7  6 16 13]
np.random.permutation(males)[0:n_mar]
[17 20 10 22  9 21 23  4  2]
np.random.permutation(males)[0:n_mar]
[ 8  7 14 11 23  0 16 10 19]
np.random.permutation(males)[0:n_mar]
[10  3 20 14 19 13  0  8  5]
np.random.permutation(males)[0:n_mar]
[22  1 12  6 23 11  2 10  7]
np.random.permutation(males)[0:n_mar]
[14 12 13  0 17 22 21 11  4]
np.random.permutation(males)[0:n_mar]
[ 5 22 23  2 18 21 14 13  7]
np.random.permutation(males)[0:n_mar]
[12  7  6  2  9 20  5 17 10]
np.random.permutation(males)[0:n_mar]
[14  0 17  1 19 18  7  3  2]
np.random.permutation(males)[0:n_mar]
[21 20  8  2 11  3 14  6 17]
np.random.permutation(males)[0:n_mar]
[13  5  3 14  2 20 18 15 17]
np.random.permutation(males)[0:n_mar]
[10  2  1  6  5  7 14  0  8]
np.random.permutation(males)[0:n_mar]
[23  9  2 14  4 11 19 22 15]
np.random.permutation(males)[0:n_mar]
[ 8  6  2 15  7 20 18 14 11]
np.random.permutation(males)[0:n_mar]
[23  8  5 13  1 19 10 14  7]
np.random.permutation(males)[0:n_mar]
[11  3  0 14 19  6 13 22 20]
np.random.permutation(males)[0:n_mar]
[ 5  8 23  3 19 16  4 21 22]
np.random.permutation(males)[0:n_mar]
[10 23 13  8  4 17  9  5  3]
np.random.permutation(males)[0:n_mar]
[18 10 15  1 13  5 17  0 22]
np.random.permutation(males)[0:n_mar]
[ 4 19 16 21  7 11 17 12  1]
np.random.permutation(males)[0:n_mar]
[ 8  5  0 12  1  9 20 17  3]
np.random.permutation(males)[0:n_mar]
[16  2 11  1  7 21 13  9  4]
np.random.permutation(males)[0:n_mar]
[13 21 22 10  8  7 18 17  4]
np.random.permutation(males)[0:n_mar]
[ 3  7 12 19 13  4 11 15 18]
np.random.permutation(males)[0:n_mar]
[23  5 21  6 22 20 19  7 16]
np.random.permutation(males)[0:n_mar]
[20  0 19  2 16  8  7 18  5]
np.random.permutation(males)[0:n_mar]
[22  3 18 15  5  7 11 13  8]
np.random.permutation(males)[0:n_mar]
[13 17 22 10 16  4 20  5 19]
np.random.permutation(males)[0:n_mar]
[11 15  2  0  5 16  7  8  4]
np.random.permutation(males)[0:n_mar]
[14  4  9 12 22 17 16  3 18]
np.random.permutation(males)[0:n_mar]
[22 11  6 13 23 16 20 10 14]
np.random.permutation(males)[0:n_mar]
[ 2 20  1 17 16 18 19 22  6]
np.random.permutation(males)[0:n_mar]
[12 13 10 21 16 15  4  3 17]
np.random.permutation(males)[0:n_mar]
[ 6 16  1  0  7 20 15 17  4]
np.random.permutation(males)[0:n_mar]
[ 2 20 13 17  3  0 23 18  6]
np.random.permutation(males)[0:n_mar]
[22  2 10 14 19 15  0 18 23]
np.random.permutation(males)[0:n_mar]
[ 6 23 20  5 10 16  4 18  8]
np.random.permutation(males)[0:n_mar]
[ 8  3 18 19 22 17 10  6 20]
np.random.permutation(males)[0:n_mar]
[ 0  7 13 15 18 11 10 14 22]
np.random.permutation(males)[0:n_mar]
[16 17  9 18  8 12  7  2 20]
np.random.permutation(males)[0:n_mar]
[15  5 18 21  6  0  4 16 11]
np.random.permutation(males)[0:n_mar]
[22  5 11 12  7 21 15 17 18]
np.random.permutation(males)[0:n_mar]
[12  6  2 11 15  4  0  9 22]
np.random.permutation(males)[0:n_mar]
[ 9  7 11 12  8 19  3 23  1]
np.random.permutation(males)[0:n_mar]
[12 17  7  5 13  6 20  2 21]
np.random.permutation(males)[0:n_mar]
[12 15 11  0 10  8 22  5 17]
np.random.permutation(males)[0:n_mar]
[21  6 23 20 16 13 10  2 11]
np.random.permutation(males)[0:n_mar]
[ 6 18  7 13 21  3  9 23 17]
np.random.permutation(males)[0:n_mar]
[ 3 10 14 23 13  9 16  0 21]
np.random.permutation(males)[0:n_mar]
[ 3 22 23  9 15  1  7 13 14]
np.random.permutation(males)[0:n_mar]
[10  6 18 15 16  9 21 20 12]
np.random.permutation(males)[0:n_mar]
[ 2  6  5 19 22  7 23 18  4]
np.random.permutation(males)[0:n_mar]
[ 5  3 20  0 12  7 14 16 11]
np.random.permutation(males)[0:n_mar]
[20 23  1 11 21 12 14  7 19]
np.random.permutation(males)[0:n_mar]
[14 20 16  6  7 13 23 15 21]
np.random.permutation(males)[0:n_mar]
[13  4 15 14  2 20  8  0 18]
np.random.permutation(males)[0:n_mar]
[ 4 14 22  2 23  5 19 16  1]
np.random.permutation(males)[0:n_mar]
[14 20  0 13 18  4  1 21 10]
np.random.permutation(males)[0:n_mar]
[21 17  2 22 16 14  3 11 18]
np.random.permutation(males)[0:n_mar]
[ 3 11 16  2 13  9  4  8 22]
np.random.permutation(males)[0:n_mar]
[ 6 18  7 13 19 12  5 16 23]
np.random.permutation(males)[0:n_mar]
[16 14  4  7 23 10 18 11 22]
np.random.permutation(males)[0:n_mar]
[ 3 21 11 16  1 17 14 19  6]
np.random.permutation(males)[0:n_mar]
[21  9 22 23 15 19 12  3 11]
np.random.permutation(males)[0:n_mar]
[ 3 17 10  1  4 14 16 21 11]
np.random.permutation(males)[0:n_mar]
[ 5 21  9  4  8 13  0 12  7]
np.random.permutation(males)[0:n_mar]
[ 7  0  6 21 15 22  8  9 11]
np.random.permutation(males)[0:n_mar]
[ 5 21 13 12 15  6 18 19 22]
np.random.permutation(males)[0:n_mar]
[ 0 18  1  3 12 20  7 14 23]
np.random.permutation(males)[0:n_mar]
[ 4 17 13  8 19  1 12  5  7]
np.random.permutation(males)[0:n_mar]
[ 8 22 10  4 17  1 12 14 21]
np.random.permutation(males)[0:n_mar]
[11  2  7 15  1 16  0 21 12]
np.random.permutation(males)[0:n_mar]
[ 3 19 13 22 17  4 21 16 18]
np.random.permutation(males)[0:n_mar]
[ 5  3  2 22 15 20 13  0 21]
np.random.permutation(males)[0:n_mar]
[18  6 19  0 21  4 10  7 23]
np.random.permutation(males)[0:n_mar]
[12  1  6 11 10 22 16 21  8]
np.random.permutation(males)[0:n_mar]
[ 4 13  0 15  6  5  2 11 12]
np.random.permutation(males)[0:n_mar]
[18  0  9  8 20  2 12 21 10]
np.random.permutation(males)[0:n_mar]
[ 0 12  3 11  5 14 19 13 16]
np.random.permutation(males)[0:n_mar]
[20  1 16 23  3  4 12 10 22]
np.random.permutation(males)[0:n_mar]
[ 9  4  2 20  0 13 23  7  8]
np.random.permutation(males)[0:n_mar]
[17 16  5 15 21 23 22  9  7]
np.random.permutation(males)[0:n_mar]
[ 6 21  5 18  9 16 22 20  1]
np.random.permutation(males)[0:n_mar]
[20 13  9 11 23 15 14 22 17]
np.random.permutation(males)[0:n_mar]
[16  6 13 18 17  1 21 14  5]
np.random.permutation(males)[0:n_mar]
[10 22  5 16  8  0  4  3 18]
np.random.permutation(males)[0:n_mar]
[13 12  5 19 11 16 15 10 20]
np.random.permutation(males)[0:n_mar]
[ 1 23  5  8 12  7 17 19  9]
np.random.permutation(males)[0:n_mar]
[ 4  3  6  8  9 22 13 12 16]
np.random.permutation(males)[0:n_mar]
[ 6 16  2 17 13  0 12  7  8]
np.random.permutation(males)[0:n_mar]
[20  7  0  4  1  5 14  2 23]
np.random.permutation(males)[0:n_mar]
[21  1 23 16 20 18 13 22  2]
np.random.permutation(males)[0:n_mar]
[ 4  7 21 12 23  2 11  1 19]
np.random.permutation(males)[0:n_mar]
[22 21  9  4 15  2  7 13 18]
np.random.permutation(males)[0:n_mar]
[15 16 11 12  6 10 22  3 20]
np.random.permutation(males)[0:n_mar]
[ 7  3  4  1 20 19  9  6  8]
np.random.permutation(males)[0:n_mar]
[10  0  7  2 17  8 22  1 11]
np.random.permutation(males)[0:n_mar]
[ 7 21 17  9  4 18 11  1 14]
np.random.permutation(males)[0:n_mar]
[14  7 16 21  8 17 22 23 12]
np.random.permutation(males)[0:n_mar]
[ 9 12 20 17 22  8 19 10 13]
np.random.permutation(males)[0:n_mar]
[12 15 13 17  9 20  8 14  6]
np.random.permutation(males)[0:n_mar]
[10 19 16 22  6 13  4  3 15]
np.random.permutation(males)[0:n_mar]
[ 0 20 11 19  3 23  5  8 15]
np.random.permutation(males)[0:n_mar]
[22  5  4 18 11  1 19 17 10]
np.random.permutation(males)[0:n_mar]
[13  9  7 12 18  5  2 14  6]
np.random.permutation(males)[0:n_mar]
[19 15  8  9 20  6 10  2 17]
np.random.permutation(males)[0:n_mar]
[23 13  4 16  0 10  2  8 19]
np.random.permutation(males)[0:n_mar]
[21 10 15  5  9  0 11  1 20]
np.random.permutation(males)[0:n_mar]
[17 23 14  6 18  8 11 13  0]
np.random.permutation(males)[0:n_mar]
[14 18  9 19  6  1 11  0  5]
np.random.permutation(males)[0:n_mar]
[18  7 14  2 12  9 17  6 22]
np.random.permutation(males)[0:n_mar]
[22 12 13  5 17 16  3 23 21]
np.random.permutation(males)[0:n_mar]
[22 17 13 11  7  3 20  6 14]
np.random.permutation(males)[0:n_mar]
[12  0 21  6 22  8 11  1  2]
np.random.permutation(males)[0:n_mar]
[20 21  4  2 14  9  1  3 15]
np.random.permutation(males)[0:n_mar]
[ 0  3 20  9 21 13  7 19 14]
np.random.permutation(males)[0:n_mar]
[23 21  2 11 19  5 16  1 17]
np.random.permutation(males)[0:n_mar]
[ 9  8  2 11 15 16  5 12  1]
np.random.permutation(males)[0:n_mar]
[15 18 22 19  7 23  6  3 13]
np.random.permutation(males)[0:n_mar]
[ 6 23 11  7  3  1  8 13 18]
np.random.permutation(males)[0:n_mar]
[ 7 16 12  0 19  8  2  9  1]
np.random.permutation(males)[0:n_mar]
[ 9 19 22  2  1 15 10 14 12]
np.random.permutation(males)[0:n_mar]
[13  6 19  2 10 21  7 11  4]
np.random.permutation(males)[0:n_mar]
[19 13  4 10 20 22  0  8 21]
np.random.permutation(males)[0:n_mar]
[ 0  6 11 15  4 21  8  9 22]
np.random.permutation(males)[0:n_mar]
[12 18  6 10  3  0 13  2 17]
np.random.permutation(males)[0:n_mar]
[21 20 14  4 13 16 19  9 10]
np.random.permutation(males)[0:n_mar]
[20 14 15  5 18  3 11  2 17]
np.random.permutation(males)[0:n_mar]
[ 9  8 22 14 15  7  0 12 16]
np.random.permutation(males)[0:n_mar]
[ 3  8 15 14  7 16 20 17  1]
np.random.permutation(males)[0:n_mar]
[16 20  7 14  0  5  6 23 11]
np.random.permutation(males)[0:n_mar]
[12 17  3 22 19 18  4 23 16]
np.random.permutation(males)[0:n_mar]
[11 16 18 21 13 12 20 10  7]
np.random.permutation(males)[0:n_mar]
[18  6  0 23 20  4 14 21 16]
np.random.permutation(males)[0:n_mar]
[ 5  9  8 21 23  3 17  6  0]
np.random.permutation(males)[0:n_mar]
[16  7 12  6 19 21 20 11 23]
np.random.permutation(males)[0:n_mar]
[ 7 22  0 18 16 14 19  3 10]
np.random.permutation(males)[0:n_mar]
[18 15 12 20  7  1 11 14 19]
np.random.permutation(males)[0:n_mar]
[ 2 17 11 20  7  1  6  0 22]
np.random.permutation(males)[0:n_mar]
[ 4 21  3  9 11 17  7 18  6]
np.random.permutation(males)[0:n_mar]
[14  7  6 19 13  1 22 11  4]
np.random.permutation(males)[0:n_mar]
[18  8 12  4 10 14 23 17  0]
np.random.permutation(males)[0:n_mar]
[17 23  5 19 16  0 12 10  6]
np.random.permutation(males)[0:n_mar]
[ 2 18 10 13  9 11  5  8 17]
np.random.permutation(males)[0:n_mar]
[ 2  5 11  6 21 20 17 23 13]
np.random.permutation(males)[0:n_mar]
[21 18  4  7  5  9  6 20  8]
np.random.permutation(males)[0:n_mar]
[10  2 16  1 22  9 19 21 20]
np.random.permutation(males)[0:n_mar]
[21 18  4 14  2 22 13  9 15]
np.random.permutation(males)[0:n_mar]
[ 0  1  5  3 10 15 14 16  4]
np.random.permutation(males)[0:n_mar]
[15  6  0  7 21 11 16 20  9]
np.random.permutation(males)[0:n_mar]
[ 6  3 22 16 14  8  9  5 11]
np.random.permutation(males)[0:n_mar]
[13 12  6 22  9 18 17 14  1]
np.random.permutation(males)[0:n_mar]
[17 14  9  5 16 15  0 23 10]
np.random.permutation(males)[0:n_mar]
[11 20 16  6 13  8  4  2 12]
np.random.permutation(males)[0:n_mar]
[ 0 22 10 16 14 11  5 12  2]
np.random.permutation(males)[0:n_mar]
[13  7  2 20  6 19 17  1  0]
np.random.permutation(males)[0:n_mar]
[21  8  1 15 14 19 20 16  3]
np.random.permutation(males)[0:n_mar]
[21 22  1  7 16  2 10 19 11]
np.random.permutation(males)[0:n_mar]
[11 21 22 15 10 17 16 19  2]
np.random.permutation(males)[0:n_mar]
[11 23  7 20  6  0  4 17  3]
np.random.permutation(males)[0:n_mar]
[18  2  6  7  3 22  4 20 12]
np.random.permutation(males)[0:n_mar]
[18 22  1 16 19 10  8  9 17]
np.random.permutation(males)[0:n_mar]
[ 6 20  8  3 18 19  2 11 17]
np.random.permutation(males)[0:n_mar]
[11  1  9  3 17 14  2 12 23]
np.random.permutation(males)[0:n_mar]
[ 9  2 16  5  3  4  8  0 11]
np.random.permutation(males)[0:n_mar]
[22 20  0 23  8 10 18 14 19]
np.random.permutation(males)[0:n_mar]
[ 6  5 17 21 11 16  4 23  9]
np.random.permutation(males)[0:n_mar]
[ 0 23 19 20 13 14 11  3 15]
np.random.permutation(males)[0:n_mar]
[ 4 16  7  8  5  6 21 11 19]
np.random.permutation(males)[0:n_mar]
[ 6  4 17 23 12 16 18 10 15]
np.random.permutation(males)[0:n_mar]
[21 19 23 18  3  2 16 13 17]
np.random.permutation(males)[0:n_mar]
[ 1  0 20  7  8 21 15 13 18]
np.random.permutation(males)[0:n_mar]
[ 1  6 11 22  5 18  4 14  9]
np.random.permutation(males)[0:n_mar]
[14 13  8 17 12 23  6 20  4]
np.random.permutation(males)[0:n_mar]
[11 17  3  2  9 18 21 23  7]
np.random.permutation(males)[0:n_mar]
[ 3 18 13  4  6  2 17  8 16]
np.random.permutation(males)[0:n_mar]
[18 11 13 10 19 12 17 22  8]
np.random.permutation(males)[0:n_mar]
[19 22 13 14  1 16  5  4 17]
np.random.permutation(males)[0:n_mar]
[16  3 13  5 20  2 21 10  4]
np.random.permutation(males)[0:n_mar]
[13  4  9  8 19 12 11  5  3]
np.random.permutation(males)[0:n_mar]
[ 6  0  5  4  9 23 19 15 20]
np.random.permutation(males)[0:n_mar]
[12 19  2 20 23  4 11 14 15]
np.random.permutation(males)[0:n_mar]
[ 1 23 21  4  0 17 18 10  2]
np.random.permutation(males)[0:n_mar]
[19  7 20 13  3 12  4 14 15]
np.random.permutation(males)[0:n_mar]
[ 1  4 16 10 21 14 20 19  7]
np.random.permutation(males)[0:n_mar]
[ 9  2 19 22 21 20 10 16 12]
np.random.permutation(males)[0:n_mar]
[ 6  7 12 20 19 17 22  2  1]
np.random.permutation(males)[0:n_mar]
[ 6 20 11 19 14 21  0  3  1]
np.random.permutation(males)[0:n_mar]
[ 8  6 14 19 22  7  3 21  9]
np.random.permutation(males)[0:n_mar]
[ 4  9  5 20 10 13 21 12 11]
np.random.permutation(males)[0:n_mar]
[ 1  3  2  9  5  0 10 19 15]
np.random.permutation(males)[0:n_mar]
[ 7  4 18 13  0 16 10 17  8]
np.random.permutation(males)[0:n_mar]
[21 15 12  5  4  1  3 13 16]
np.random.permutation(males)[0:n_mar]
[ 1 16 10 23  4 11 18  0 22]
np.random.permutation(males)[0:n_mar]
[ 1  9 15 14  0  3 17  7 18]
np.random.permutation(males)[0:n_mar]
[ 0 21  1 11 14  5  3  8 19]
np.random.permutation(males)[0:n_mar]
[18  1  6 17  2 15 16 10 14]
np.random.permutation(males)[0:n_mar]
[14  9  7  5  8 17 18  0 12]
np.random.permutation(males)[0:n_mar]
[11 22 21  2 10 15 14  4 17]
np.random.permutation(males)[0:n_mar]
[23 21 14  0  6  3  5 12 13]
np.random.permutation(males)[0:n_mar]
[ 8 13 20  3  0 11 19 15  9]
np.random.permutation(males)[0:n_mar]
[16 17 23 15  6 10  4 13 20]
np.random.permutation(males)[0:n_mar]
[18 16  0 21 10 13 15 23  5]
np.random.permutation(males)[0:n_mar]
[22 21 14  1 23 10  2 16 11]
np.random.permutation(males)[0:n_mar]
[10 16 17  6 15  2 20 19 23]
np.random.permutation(males)[0:n_mar]
[ 7 17 21 23  0 13 19 15 20]
np.random.permutation(males)[0:n_mar]
[ 7  5  1 14  4  8 18 20 16]
np.random.permutation(males)[0:n_mar]
[19 21  8  5 13 10  0 15 12]
np.random.permutation(males)[0:n_mar]
[ 2 13 11 20  8  3 18  7 23]
np.random.permutation(males)[0:n_mar]
[17  5 20  1  3  9 15  2 21]
np.random.permutation(males)[0:n_mar]
[ 4 12 10  3 23 13 14 17  2]
np.random.permutation(males)[0:n_mar]
[11  0 10 23 18  7 14 20 16]
np.random.permutation(males)[0:n_mar]
[21 10 19 17 14  6 20  4 18]
np.random.permutation(males)[0:n_mar]
[16 23 20  4  3  6  1  5  9]
np.random.permutation(males)[0:n_mar]
[ 4 19  0 22 17  9  2 16  1]
np.random.permutation(males)[0:n_mar]
[17 20  2  3 21 11 14 22  8]
np.random.permutation(males)[0:n_mar]
[11 16  8 15 22 14 18  7  4]
np.random.permutation(males)[0:n_mar]
[21 18 11 23  4 16 12  7  8]
np.random.permutation(males)[0:n_mar]
[22  7 19  8 12 16 23 18 11]
np.random.permutation(males)[0:n_mar]
[18 22  8 23 15 13  1 19  2]
np.random.permutation(males)[0:n_mar]
[18 13  8 16 10 21 17 23  7]
np.random.permutation(males)[0:n_mar]
[ 8 22 16 18 14  1 19 11  4]
np.random.permutation(males)[0:n_mar]
[13  8  9  4 23  7 20 22 10]
np.random.permutation(males)[0:n_mar]
[23  1 15 11  0  5 14 17 13]
np.random.permutation(males)[0:n_mar]
[ 6 12 10  5  2 14  3 20 22]
np.random.permutation(males)[0:n_mar]
[21  8 22  3 19 12 10 16 15]
np.random.permutation(males)[0:n_mar]
[ 0 21 20  8 14 10 16  6 17]
np.random.permutation(males)[0:n_mar]
[ 4 13 21  8 14 11  2  1 10]
np.random.permutation(males)[0:n_mar]
[ 3 13  9  5 18 17 23 12 21]
np.random.permutation(males)[0:n_mar]
[11 17 14 13 22 15  1  0  4]
np.random.permutation(males)[0:n_mar]
[12  3 10  8  2 16 15  0  5]
np.random.permutation(males)[0:n_mar]
[23  2 10 17  3  7 12 19 16]
np.random.permutation(males)[0:n_mar]
[23 16  1 15 22 20  9 19  3]
np.random.permutation(males)[0:n_mar]
[22 11 21  9  6  0 17 12  4]
np.random.permutation(males)[0:n_mar]
[ 4  7 15 11 12  9 22  1 16]
np.random.permutation(males)[0:n_mar]
[ 1 17 15  2  7  3 19 22  0]
np.random.permutation(males)[0:n_mar]
[23  8 18  5 14  7 15 21  4]
np.random.permutation(males)[0:n_mar]
[18 14  5 23 13 10 17  7  1]
np.random.permutation(males)[0:n_mar]
[ 9 13 17  0 11  8  7  5 10]
np.random.permutation(males)[0:n_mar]
[10 12  4 16 22 19 14  9 11]
np.random.permutation(males)[0:n_mar]
[ 6 16 22 18  0 10 20 21  1]
np.random.permutation(males)[0:n_mar]
[12  6 19 11 21  2 13 16  3]
np.random.permutation(males)[0:n_mar]
[14  5 15  6 11  9 16  8 21]
np.random.permutation(males)[0:n_mar]
[ 6 23  1 20  4 22  5  2 17]
np.random.permutation(males)[0:n_mar]
[ 9 14  6 18  4 12  5  1 22]
np.random.permutation(males)[0:n_mar]
[21  8 18  1 22  6 16  0  9]
np.random.permutation(males)[0:n_mar]
[ 4  1  3  0 20 16 10 21 23]
np.random.permutation(males)[0:n_mar]
[ 7 12  3 13  2 21 16 14 18]
np.random.permutation(males)[0:n_mar]
[ 3 14  0 17 12  9 19  2 10]
np.random.permutation(males)[0:n_mar]
[ 5  6 18 20  0  3  9 22 14]
np.random.permutation(males)[0:n_mar]
[22  0  5 21 10 18  8  6 17]
np.random.permutation(males)[0:n_mar]
[23 12 10  4  8  2 19 13  5]
np.random.permutation(males)[0:n_mar]
[ 7  0  1 20 17 14  2 10  3]
np.random.permutation(males)[0:n_mar]
[13  5 16  9 14  4  6 19 23]
np.random.permutation(males)[0:n_mar]
[16  4 11 23  1  0  5  6 15]
np.random.permutation(males)[0:n_mar]
[20 17 22  0  9  3 13 19  1]
np.random.permutation(males)[0:n_mar]
[16 15 18  3 22  0 23 19 14]
np.random.permutation(males)[0:n_mar]
[ 6 17 19  1  8 16  4  2 23]
np.random.permutation(males)[0:n_mar]
[11 23 15  5 19  2  8 22  0]
np.random.permutation(males)[0:n_mar]
[ 5  9 17 21  1  7 20 18  6]
np.random.permutation(males)[0:n_mar]
[ 6 13 10 18  1  7  0 22  8]
np.random.permutation(males)[0:n_mar]
[21 16 14  1 19  5 11 12  8]
np.random.permutation(males)[0:n_mar]
[17  3 15  7  6  2  8 18 10]
np.random.permutation(males)[0:n_mar]
[21  3  1 18 22  2 20 11 15]
np.random.permutation(males)[0:n_mar]
[15 19 10 11 12  0 20 21 22]
np.random.permutation(males)[0:n_mar]
[20 23  3 18 11 13 14  8 21]
np.random.permutation(males)[0:n_mar]
[11 18 16  7  4 23 20  5  1]
np.random.permutation(males)[0:n_mar]
[11 20  9  8 23 19 17 22 12]
np.random.permutation(males)[0:n_mar]
[20  7 10  4 21 22 17  6  5]
np.random.permutation(males)[0:n_mar]
[ 0 17  4  3 11  9 15  8 13]
np.random.permutation(males)[0:n_mar]
[10 14 17  5  2  7 11 19 12]
np.random.permutation(males)[0:n_mar]
[ 3 18 23  8 10 22  4 14 11]
np.random.permutation(males)[0:n_mar]
[22 23 10  2  5  3 17 16 13]
np.random.permutation(males)[0:n_mar]
[ 7 18 15  4  1  3 20 19  9]
np.random.permutation(males)[0:n_mar]
[ 0 15  9 18 10 23  4 11  1]
np.random.permutation(males)[0:n_mar]
[ 3  4 19  5  9  0 15  8 20]
np.random.permutation(males)[0:n_mar]
[17  8 15 21 13  1 10 11 16]
np.random.permutation(males)[0:n_mar]
[17 20  0 21 18  8 22 14  6]
np.random.permutation(males)[0:n_mar]
[ 7 12  0  6 11 18 15  2  9]
np.random.permutation(males)[0:n_mar]
[19 13  4  6 17  8 14 21 16]
np.random.permutation(males)[0:n_mar]
[ 0 16  3 14 20 17  6  9 23]
np.random.permutation(males)[0:n_mar]
[19 23  6  1 20 13  3  7 15]
np.random.permutation(males)[0:n_mar]
[ 9  0  5 12 22 11 20  4  7]
np.random.permutation(males)[0:n_mar]
[ 6  5 13 14  4  3 20 21  0]
np.random.permutation(males)[0:n_mar]
[ 7  8 20 19  6 11  5  0 14]
np.random.permutation(males)[0:n_mar]
[15 11  8  3 17  4 21 14 23]
np.random.permutation(males)[0:n_mar]
[10  7  5  2 15 19 12 22 14]
np.random.permutation(males)[0:n_mar]
[ 3 22  2 16  4 13 18 15  1]
np.random.permutation(males)[0:n_mar]
[ 6 23 15  7 22  0  9 11 18]
np.random.permutation(males)[0:n_mar]
[21  1  6 15 20 16 11 18 10]
np.random.permutation(males)[0:n_mar]
[ 6  7  4 22 15 16 14 10  3]
np.random.permutation(males)[0:n_mar]
[18 15  6  7  4  0 23 11 14]
np.random.permutation(males)[0:n_mar]
[18  8 10  1  5 23  2 19 13]
np.random.permutation(males)[0:n_mar]
[19 10  1  2 20  7 16  5  6]
np.random.permutation(males)[0:n_mar]
[15  6 21 13 17 11 22  9 18]
np.random.permutation(males)[0:n_mar]
[20 22 14 23  1  8 10 11  4]
np.random.permutation(males)[0:n_mar]
[ 2 18 21 16  0 23  9 15  3]
np.random.permutation(males)[0:n_mar]
[17  4 19 23 20  0  8 13 16]
np.random.permutation(males)[0:n_mar]
[20  0 13  8 14  7 19 23  5]
np.random.permutation(males)[0:n_mar]
[13 10 19 23 20  7 17  4  8]
np.random.permutation(males)[0:n_mar]
[16 13  4  6 20 23  1  0 17]
np.random.permutation(males)[0:n_mar]
[11  8 15  9  5  4  1 23 20]
np.random.permutation(males)[0:n_mar]
[ 9  7 19  2 15 21 22  5 23]
np.random.permutation(males)[0:n_mar]
[13  8 21 22  7  5 17 11 19]
np.random.permutation(males)[0:n_mar]
[ 6 13  3 22 17  7 16 10  0]
np.random.permutation(males)[0:n_mar]
[ 4 20 23 22 10 15  8 13  3]
np.random.permutation(males)[0:n_mar]
[16 13 14 20  1 21  5 22 12]
np.random.permutation(males)[0:n_mar]
[ 4  7  6 23 19 15  1 13 11]
np.random.permutation(males)[0:n_mar]
[10  8  4 20 14 12  2 19 11]
np.random.permutation(males)[0:n_mar]
[23  1 20  2 22 18 16 21  3]
np.random.permutation(males)[0:n_mar]
[15  2 14 23  1  0  8 16 11]
np.random.permutation(males)[0:n_mar]
[ 7  2 23 16 22  0 17  8 15]
np.random.permutation(males)[0:n_mar]
[ 7 12  4  6  9 21  5 20  0]
np.random.permutation(males)[0:n_mar]
[12 21 11 15  4  5 20 13  6]
np.random.permutation(males)[0:n_mar]
[10  8 15 22 17 12 13 18  0]
np.random.permutation(males)[0:n_mar]
[12  0  1 14  3 22 11  5  9]
np.random.permutation(males)[0:n_mar]
[ 9  1  7 21 13 20 22  8 17]
np.random.permutation(males)[0:n_mar]
[12 15 14 22  8  7 20  4  0]
np.random.permutation(males)[0:n_mar]
[ 1 16 11  2 14  5 21  6  9]
np.random.permutation(males)[0:n_mar]
[21 19 20  8 10 15  7  1 13]
np.random.permutation(males)[0:n_mar]
[ 4  1  6 15 20 13  3  2 21]
np.random.permutation(males)[0:n_mar]
[23  9 11 12  5 18 13 15  6]
np.random.permutation(males)[0:n_mar]
[20  2 16 11 23 10  8 18  4]
np.random.permutation(males)[0:n_mar]
[18  4  1 11 16 19 21  8  2]
np.random.permutation(males)[0:n_mar]
[16 14 21  4 17  3  7  8  2]
np.random.permutation(males)[0:n_mar]
[14 19 10  9 20  4  6 23 13]
np.random.permutation(males)[0:n_mar]
[19 17 21  2  8  5 16  6 23]
np.random.permutation(males)[0:n_mar]
[ 1  7 20 18 13  2 22  6 15]
np.random.permutation(males)[0:n_mar]
[12 22  3  8 20 23  4 18 15]
np.random.permutation(males)[0:n_mar]
[ 8  7 15 12 20  0 17  2  1]
np.random.permutation(males)[0:n_mar]
[22 18 12 14 15  2  0  8 10]
np.random.permutation(males)[0:n_mar]
[15 17 21 14  2 13  8 20 23]
np.random.permutation(males)[0:n_mar]
[13  5  1 11 15  4 10 18  8]
np.random.permutation(males)[0:n_mar]
[15 22 19  3 12 23 17 20 10]
np.random.permutation(males)[0:n_mar]
[ 9 15  1 22 19 23  7  0 14]
np.random.permutation(males)[0:n_mar]
[13 11 19  9  5 10 15  4 17]
np.random.permutation(males)[0:n_mar]
[14  9  1 18 12  0 13  5  7]
np.random.permutation(males)[0:n_mar]
[ 7 10 14  9  5 12 16  4  1]
np.random.permutation(males)[0:n_mar]
[23  0 14 10 13  4 16  7  5]
np.random.permutation(males)[0:n_mar]
[12  2  6 14  1 17  3 19 13]
np.random.permutation(males)[0:n_mar]
[22  3  1 10 21 11 19  4  5]
np.random.permutation(males)[0:n_mar]
[16 12 15 22  9 11  5 18  7]
np.random.permutation(males)[0:n_mar]
[ 8 14 16  0 12 17 18  1  2]
np.random.permutation(males)[0:n_mar]
[ 3 23 14 18  9 19  6 11 16]
np.random.permutation(males)[0:n_mar]
[ 8 17  4  7 13 12 11 14 19]
np.random.permutation(males)[0:n_mar]
[15 17  8  6  1 14  5 21  3]
np.random.permutation(males)[0:n_mar]
[11 10  9  7 21  4 20 17  0]
np.random.permutation(males)[0:n_mar]
[17 11 19 18 15 20 14  6  1]
np.random.permutation(males)[0:n_mar]
[ 4 23 10 17 12 15  1 20 22]
np.random.permutation(males)[0:n_mar]
[ 5  8 13  2  3 23 21 16 15]
np.random.permutation(males)[0:n_mar]
[13  2 20  0 14  6  4 11  3]
np.random.permutation(males)[0:n_mar]
[16  1 13 20  3 15 11 14 12]
np.random.permutation(males)[0:n_mar]
[19 11  9  2  5  6 17 10 16]
np.random.permutation(males)[0:n_mar]
[20 21 22 17  3  0  4  9 13]
np.random.permutation(males)[0:n_mar]
[11  2  1  0 10 18 14  3  8]
np.random.permutation(males)[0:n_mar]
[12 19  8 22  7  4 20  1 21]
np.random.permutation(males)[0:n_mar]
[ 0 10 23 16 17 14  2 21  3]
np.random.permutation(males)[0:n_mar]
[ 7  9 15  6 11  3 14  5  8]
np.random.permutation(males)[0:n_mar]
[ 2 16  7  0 17 22 23 12  6]
np.random.permutation(males)[0:n_mar]
[ 6 12  0 22 10  8  7 17  2]
np.random.permutation(males)[0:n_mar]
[ 7  6 17 12 21 13  0 19 18]
np.random.permutation(males)[0:n_mar]
[19 22 16  4 15 21 17  5  0]
np.random.permutation(males)[0:n_mar]
[21  0 22 15 10 23  7 13 20]
np.random.permutation(males)[0:n_mar]
[ 1  0 15 17 20 13  5  2 12]
np.random.permutation(males)[0:n_mar]
[ 8 17 16  5 19 22  2  4 14]
np.random.permutation(males)[0:n_mar]
[ 7 12  5  1 21 16  0 10 20]
np.random.permutation(males)[0:n_mar]
[ 0 16  3 10  2  1 15 13  5]
np.random.permutation(males)[0:n_mar]
[23 18  3  9 15  2  8  1  7]
np.random.permutation(males)[0:n_mar]
[17 18  9 23  2 21 15 11  8]
np.random.permutation(males)[0:n_mar]
[18 16 23  6  3  8 13  7 10]
np.random.permutation(males)[0:n_mar]
[14 15  8 20 13  6 18 17 22]
np.random.permutation(males)[0:n_mar]
[19 11  5 15  8 22  0 20 18]
np.random.permutation(males)[0:n_mar]
[ 2  5  0 13 11  7 14  3  9]
np.random.permutation(males)[0:n_mar]
[21 18  3 17  0 15  5  6 23]
np.random.permutation(males)[0:n_mar]
[ 5 18 17 23 11  4 10  6  8]
np.random.permutation(males)[0:n_mar]
[ 9  7 18 20 22 12 17 21 15]
np.random.permutation(males)[0:n_mar]
[ 5  7 21 15  0 23  8 16 12]
np.random.permutation(males)[0:n_mar]
[15  2 10 23 21 18  4 16 13]
np.random.permutation(males)[0:n_mar]
[21 15 22  6 14 23  5  8 16]
np.random.permutation(males)[0:n_mar]
[ 4 17 22 16  8 18 10  0  3]
np.random.permutation(males)[0:n_mar]
[ 2 21 13 16  8 14 20  0  4]
np.random.permutation(males)[0:n_mar]
[17 12 23  4  7 11 20 21  2]
np.random.permutation(males)[0:n_mar]
[13 14 21  4  8  6  9  7  1]
np.random.permutation(males)[0:n_mar]
[11 19  6 23 18  7 15 13  5]
np.random.permutation(males)[0:n_mar]
[ 6 23 17 10 19 12  3 18  5]
np.random.permutation(males)[0:n_mar]
[12  7 20 19  2  4  9 22 16]
np.random.permutation(males)[0:n_mar]
[ 9  4  1 20 16  5 19 18  2]
np.random.permutation(males)[0:n_mar]
[20 18  9  3 14 10 11 19  2]
np.random.permutation(males)[0:n_mar]
[15 23 16 22 11 12  5 18  8]
np.random.permutation(males)[0:n_mar]
[17  8 16 11 21 15  7  6 22]
np.random.permutation(males)[0:n_mar]
[21 11 12  7  9 23  8  6  3]
np.random.permutation(males)[0:n_mar]
[ 9 15  5 21  3 22  1 12 23]
np.random.permutation(males)[0:n_mar]
[21  4  3  2 19  8  0 13 15]
np.random.permutation(males)[0:n_mar]
[11 21 19 10 12  3  5  1  0]
np.random.permutation(males)[0:n_mar]
[19 10 18 13  4  7 12  2 15]
np.random.permutation(males)[0:n_mar]
[16  3  2  8  7  4 19  0 17]
np.random.permutation(males)[0:n_mar]
[ 6  2  4  9 20 12 21  5 11]
np.random.permutation(males)[0:n_mar]
[ 3 11 13 16  6 21 12 15 10]
np.random.permutation(males)[0:n_mar]
[ 6 11  2  7 16 21 18  5  1]
np.random.permutation(males)[0:n_mar]
[ 6 16  3 14  0 10 19 12 21]
np.random.permutation(males)[0:n_mar]
[14 23 18 10  5 16 17  4  7]
np.random.permutation(males)[0:n_mar]
[ 2 23  8 20  9  6  5 13 16]
np.random.permutation(males)[0:n_mar]
[22 11 15  2  0  9  4 13 20]
np.random.permutation(males)[0:n_mar]
[18  6 19  0 15 23  5 17  3]
np.random.permutation(males)[0:n_mar]
[20  7  5 10 22 23 16  6 11]
np.random.permutation(males)[0:n_mar]
[22  7  9 13 12 19 10  8 20]
np.random.permutation(males)[0:n_mar]
[ 8  2 15 11 16  3 17 14  5]
np.random.permutation(males)[0:n_mar]
[20 19 14 10  5  7 13 22  9]
np.random.permutation(males)[0:n_mar]
[ 3 10 12 16 13  6 17 20  1]
np.random.permutation(males)[0:n_mar]
[ 6  1 23  7 12 10  8 17  9]
np.random.permutation(males)[0:n_mar]
[21 20  0  6  9 15 18 23  7]
np.random.permutation(males)[0:n_mar]
[14  2 22  0  5 19  6 17 12]
np.random.permutation(males)[0:n_mar]
[ 5  7 10 20 11 19 13 16 14]
np.random.permutation(males)[0:n_mar]
[17  9  4  1 15 11 20  3 16]
np.random.permutation(males)[0:n_mar]
[ 9  7 10 19  4 11  3  8 18]
np.random.permutation(males)[0:n_mar]
[ 1  9 12  4 22  5 15 20 14]
np.random.permutation(males)[0:n_mar]
[ 5 23 15 12 22  8 13 10  7]
np.random.permutation(males)[0:n_mar]
[12  4 23  9  7 15  8 11  0]
np.random.permutation(males)[0:n_mar]
[ 4 12 14 13  8 20 16  2  1]
np.random.permutation(males)[0:n_mar]
[16 11  0 15  2 19  7 22 17]
np.random.permutation(males)[0:n_mar]
[ 6  9 23 10 22  0 20 18 15]
np.random.permutation(males)[0:n_mar]
[22 10 16  4 15 17  8 18  3]
np.random.permutation(males)[0:n_mar]
[14 20  5  7 16 23 11  0  3]
np.random.permutation(males)[0:n_mar]
[ 3 13 11 12  6  4 21  2  9]
np.random.permutation(males)[0:n_mar]
[ 7 21 12 19 17  3 22 20 11]
np.random.permutation(males)[0:n_mar]
[20 13 16 19 18 21  5  9 15]
np.random.permutation(males)[0:n_mar]
[19  4 20 14 17  6  8 10 22]
np.random.permutation(males)[0:n_mar]
[ 4  0 21 15  8  5  2 10 23]
np.random.permutation(males)[0:n_mar]
[21 15  2  4  7  1 14 16 10]
np.random.permutation(males)[0:n_mar]
[ 0 11 18 23  2  6 16  8 13]
np.random.permutation(males)[0:n_mar]
[12 22 21 15  3 19 23  8  0]
np.random.permutation(males)[0:n_mar]
[13  1 21  2 18  4  6  3 11]
np.random.permutation(males)[0:n_mar]
[23 13  2 22  7  6  8 16  0]
np.random.permutation(males)[0:n_mar]
[22  5 21 17  9 20 12 18 23]
np.random.permutation(males)[0:n_mar]
[ 3 20 15 23 16 10 21 18 12]
np.random.permutation(males)[0:n_mar]
[ 0 19 11  7 13  3  6 20  2]
np.random.permutation(males)[0:n_mar]
[21 23 11 12  8  3 20  0  5]
np.random.permutation(males)[0:n_mar]
[12  1  5 19  6  0 13  4  9]
np.random.permutation(males)[0:n_mar]
[22 16 15  8  7  3 17  0 20]
np.random.permutation(males)[0:n_mar]
[ 5 21 15 22  2  4  7 16 19]
np.random.permutation(males)[0:n_mar]
[13 19 11  3  5  8 10 12  7]
np.random.permutation(males)[0:n_mar]
[ 6 15 12 10 23  8 21  1 17]
np.random.permutation(males)[0:n_mar]
[23  7  9 18 14 10  4  3 21]
np.random.permutation(males)[0:n_mar]
[ 7 16  4  0 22 21 23 12 15]
