np.random.permutation(males)[0:n_mar]
[ 4  3 18  5 14 23  2]
np.random.permutation(males)[0:n_mar]
[ 4 11 21  5  0 23  7]
np.random.permutation(males)[0:n_mar]
[20 15 16 18 23 11  0]
np.random.permutation(males)[0:n_mar]
[ 6  1  7  9 13 19  0]
np.random.permutation(males)[0:n_mar]
[11  3 17  6 13 19 23]
np.random.permutation(males)[0:n_mar]
[ 3  0 23 22  2  6 10]
np.random.permutation(males)[0:n_mar]
[11 18  1 20 17  0 10]
np.random.permutation(males)[0:n_mar]
[ 2 11 17 23  5  6  8]
np.random.permutation(males)[0:n_mar]
[ 5 17 16 18 12  1 13]
np.random.permutation(males)[0:n_mar]
[ 9 20 15  6  1 21  5]
np.random.permutation(males)[0:n_mar]
[ 5 13 20 12 11  9  3]
np.random.permutation(males)[0:n_mar]
[ 9 13 20  3 22 10  4]
np.random.permutation(males)[0:n_mar]
[15 14 22  3  0 19 13]
np.random.permutation(males)[0:n_mar]
[18  3 15 17  1 11  5]
np.random.permutation(males)[0:n_mar]
[ 7 21 12  1 16 22 17]
np.random.permutation(males)[0:n_mar]
[17 18  6 14 16 22  9]
np.random.permutation(males)[0:n_mar]
[22 16  6  0  7 19 15]
np.random.permutation(males)[0:n_mar]
[11  5  0  6  8 10 19]
np.random.permutation(males)[0:n_mar]
[ 1  4  5  6 16 10  3]
np.random.permutation(males)[0:n_mar]
[14 12 10 19  6  4 22]
np.random.permutation(males)[0:n_mar]
[ 1 18 19 22 13 21 12]
np.random.permutation(males)[0:n_mar]
[21  4 17  0 20 14  3]
np.random.permutation(males)[0:n_mar]
[19  3 10 21  0  4 17]
np.random.permutation(males)[0:n_mar]
[10 21  4  8 11  6 15]
np.random.permutation(males)[0:n_mar]
[ 5 13  0 21 15 10  9]
np.random.permutation(males)[0:n_mar]
[ 7 17 14  2 12 19 22]
np.random.permutation(males)[0:n_mar]
[ 8 21  7 18 17 13  6]
np.random.permutation(males)[0:n_mar]
[ 4 16 18 11 13 12 20]
np.random.permutation(males)[0:n_mar]
[11  5 23 20  7  8 22]
np.random.permutation(males)[0:n_mar]
[15 11  6  0 16 23 18]
np.random.permutation(males)[0:n_mar]
[12  6 15  5 17  9 18]
np.random.permutation(males)[0:n_mar]
[17  0 22 10  7  1  9]
np.random.permutation(males)[0:n_mar]
[ 5 14  4 10 12 21 17]
np.random.permutation(males)[0:n_mar]
[15 13 17  1 10  0 16]
np.random.permutation(males)[0:n_mar]
[21 13 19  1  8 15 10]
np.random.permutation(males)[0:n_mar]
[ 0 11 20 15  5 14  9]
np.random.permutation(males)[0:n_mar]
[ 4 10  7  3  8 22 20]
np.random.permutation(males)[0:n_mar]
[22  2 21 16  1 10  3]
np.random.permutation(males)[0:n_mar]
[23 17  2  6 19 12  5]
np.random.permutation(males)[0:n_mar]
[13 16 23 14 22  4  9]
np.random.permutation(males)[0:n_mar]
[10 19 17  0 14 12  5]
np.random.permutation(males)[0:n_mar]
[19  8 17 10 13 21 23]
np.random.permutation(males)[0:n_mar]
[13  6 15 19 18  4 22]
np.random.permutation(males)[0:n_mar]
[ 5 14  2  0 21 23  3]
np.random.permutation(males)[0:n_mar]
[23  5  1 14 11 17  7]
np.random.permutation(males)[0:n_mar]
[ 8 19 20 18  3  5 15]
np.random.permutation(males)[0:n_mar]
[18  4 11 13  5  2  1]
np.random.permutation(males)[0:n_mar]
[21 12 16  3 17 13  4]
np.random.permutation(males)[0:n_mar]
[23 19  4 20  2 17 13]
np.random.permutation(males)[0:n_mar]
[ 6 11  3 20 23 12 17]
np.random.permutation(males)[0:n_mar]
[ 7  2  5 13 16 11 15]
np.random.permutation(males)[0:n_mar]
[19  8  1  0  2 11 18]
np.random.permutation(males)[0:n_mar]
[ 0  6 11 14  9 19 15]
np.random.permutation(males)[0:n_mar]
[ 7 22 16 12  2 17  6]
np.random.permutation(males)[0:n_mar]
[13  0  3 10  7 23 20]
np.random.permutation(males)[0:n_mar]
[11 10 20  6  8 23  3]
np.random.permutation(males)[0:n_mar]
[ 0  8 18  2 15  1 13]
np.random.permutation(males)[0:n_mar]
[19 17 18 14 11 12  8]
np.random.permutation(males)[0:n_mar]
[16 17  9  5 12 20  0]
np.random.permutation(males)[0:n_mar]
[23 12 11  5 20  8  3]
np.random.permutation(males)[0:n_mar]
[ 6 17  2  0 10  4 20]
np.random.permutation(males)[0:n_mar]
[20 18  5 23  6  9  7]
np.random.permutation(males)[0:n_mar]
[16  7 17 23  3 14 22]
np.random.permutation(males)[0:n_mar]
[17  8 19  4  1 18  3]
np.random.permutation(males)[0:n_mar]
[ 6 23 19 13 16  4  1]
np.random.permutation(males)[0:n_mar]
[ 5 17  9 12 20 15 10]
np.random.permutation(males)[0:n_mar]
[ 4 15 18 11  0 17 16]
np.random.permutation(males)[0:n_mar]
[13 10  7  5  6 14 12]
np.random.permutation(males)[0:n_mar]
[10  7 18  6 11 21  5]
np.random.permutation(males)[0:n_mar]
[ 0 17  8  4  7  1 23]
np.random.permutation(males)[0:n_mar]
[12 21 15 20  3 13  4]
np.random.permutation(males)[0:n_mar]
[14 19  0  3 17  2 23]
np.random.permutation(males)[0:n_mar]
[ 6 16 11 17 13  1  0]
np.random.permutation(males)[0:n_mar]
[ 9  3 16  2  6  1 18]
np.random.permutation(males)[0:n_mar]
[17  2 21  6 18 20 23]
np.random.permutation(males)[0:n_mar]
[ 9 13  8 22 10  2 15]
np.random.permutation(males)[0:n_mar]
[ 5  0 13  6  1 15 12]
np.random.permutation(males)[0:n_mar]
[16 10 11 13 12  1 23]
np.random.permutation(males)[0:n_mar]
[19  2 16 17 14 10 13]
np.random.permutation(males)[0:n_mar]
[11 22 12 10  4 17  1]
np.random.permutation(males)[0:n_mar]
[ 4 21 23 20  0  5  9]
np.random.permutation(males)[0:n_mar]
[21 22 11 14 23 10 12]
np.random.permutation(males)[0:n_mar]
[ 6 16  4 22 14 15 12]
np.random.permutation(males)[0:n_mar]
[13 12  4  2  3  0 19]
np.random.permutation(males)[0:n_mar]
[ 4 11  3 18  2  5 12]
np.random.permutation(males)[0:n_mar]
[ 2  8  3 13 20 21 23]
np.random.permutation(males)[0:n_mar]
[12 23  2 18  1 11 20]
np.random.permutation(males)[0:n_mar]
[ 2 13 18 20  7  6 21]
np.random.permutation(males)[0:n_mar]
[18  7  4 11  3  2 17]
np.random.permutation(males)[0:n_mar]
[ 9 13  0 22  4  6 16]
np.random.permutation(males)[0:n_mar]
[ 8 17  7 23 19  3 20]
np.random.permutation(males)[0:n_mar]
[16  2 22  8 20 23 14]
np.random.permutation(males)[0:n_mar]
[12  5 22 18 19 20  0]
np.random.permutation(males)[0:n_mar]
[20  8  7 12  9 11 13]
np.random.permutation(males)[0:n_mar]
[11 22 19 23 20  1 16]
np.random.permutation(males)[0:n_mar]
[10  0  3  4 14 17 11]
np.random.permutation(males)[0:n_mar]
[ 7 13  8 17 22 12 23]
np.random.permutation(males)[0:n_mar]
[ 0  8 16 18 22 13 19]
np.random.permutation(males)[0:n_mar]
[10  0 18  3 20  8 21]
np.random.permutation(males)[0:n_mar]
[13 19  1 18 22  3  4]
np.random.permutation(males)[0:n_mar]
[22 21 10 16  1 13  6]
np.random.permutation(males)[0:n_mar]
[ 7  8 16 21 10 15 11]
np.random.permutation(males)[0:n_mar]
[ 3  9 23  1 12 19  5]
np.random.permutation(males)[0:n_mar]
[14 21  4 15  9  1 13]
np.random.permutation(males)[0:n_mar]
[11  4  2 18 14 16 12]
np.random.permutation(males)[0:n_mar]
[18 23  6 14  5  2 13]
np.random.permutation(males)[0:n_mar]
[ 1 23 20  3 15 19  4]
np.random.permutation(males)[0:n_mar]
[ 6 11 18 14 10 12 22]
np.random.permutation(males)[0:n_mar]
[17  1  0 10 13 20 14]
np.random.permutation(males)[0:n_mar]
[22 10  4  8 23 21 13]
np.random.permutation(males)[0:n_mar]
[18 14 20  0 21  3  5]
np.random.permutation(males)[0:n_mar]
[ 1 10 19  3  0  2 20]
np.random.permutation(males)[0:n_mar]
[10 16 23 17 21  2  4]
np.random.permutation(males)[0:n_mar]
[17 14  0 10  2  7 16]
np.random.permutation(males)[0:n_mar]
[ 5 11  8 16  2 15 18]
np.random.permutation(males)[0:n_mar]
[ 6 16 17  0 21 20 10]
np.random.permutation(males)[0:n_mar]
[15  6 23 20  0 16 12]
np.random.permutation(males)[0:n_mar]
[15  8 13 14  6 22  5]
np.random.permutation(males)[0:n_mar]
[ 2 22 14 13  6 23 10]
np.random.permutation(males)[0:n_mar]
[ 0 18 19 11  9  8  5]
np.random.permutation(males)[0:n_mar]
[ 5  8 11 22 18 12 21]
np.random.permutation(males)[0:n_mar]
[16 19  7 14  2 11 12]
np.random.permutation(males)[0:n_mar]
[ 1  5  7 20 22  8 14]
np.random.permutation(males)[0:n_mar]
[17 12 21 18 11 20 19]
np.random.permutation(males)[0:n_mar]
[ 9  5 11 20  0  7 12]
np.random.permutation(males)[0:n_mar]
[11 16  1  4 10 18 13]
np.random.permutation(males)[0:n_mar]
[ 9  0 23  1 18 14 22]
np.random.permutation(males)[0:n_mar]
[ 0 20 18  5  4  3 21]
np.random.permutation(males)[0:n_mar]
[11  4  7 18 19  3  0]
np.random.permutation(males)[0:n_mar]
[12 13 14  2 11 21  6]
np.random.permutation(males)[0:n_mar]
[22  8 12  3 20 10  7]
np.random.permutation(males)[0:n_mar]
[11  1 15 18  7 21 19]
np.random.permutation(males)[0:n_mar]
[20  4 11  3 19  6 21]
np.random.permutation(males)[0:n_mar]
[17 15 20 23  9  1 10]
np.random.permutation(males)[0:n_mar]
[ 1 19 22 11  9 20 23]
np.random.permutation(males)[0:n_mar]
[16 22 23  6 11  4 10]
np.random.permutation(males)[0:n_mar]
[ 5 13  3 16 12  9 18]
np.random.permutation(males)[0:n_mar]
[ 5 10  4  2 14  9  1]
np.random.permutation(males)[0:n_mar]
[ 0 13 22 15  3 23  2]
np.random.permutation(males)[0:n_mar]
[22  4  7  2 16  6 15]
np.random.permutation(males)[0:n_mar]
[ 9 12  7 20 23 17 13]
np.random.permutation(males)[0:n_mar]
[17  1 14 19 22 23  7]
np.random.permutation(males)[0:n_mar]
[ 6  5 19 20  1 11 22]
np.random.permutation(males)[0:n_mar]
[ 8  1  0 12  4 11 16]
np.random.permutation(males)[0:n_mar]
[23  3 11 17  5  7 16]
np.random.permutation(males)[0:n_mar]
[11 18 12  5 22  4  8]
np.random.permutation(males)[0:n_mar]
[16  3 11 13 23 21  7]
np.random.permutation(males)[0:n_mar]
[20 17  3 16 21 11 10]
np.random.permutation(males)[0:n_mar]
[ 1 19 11 13 15  9  0]
np.random.permutation(males)[0:n_mar]
[18 23  5  2  6 17  7]
np.random.permutation(males)[0:n_mar]
[18 19 17  4 22  9 15]
np.random.permutation(males)[0:n_mar]
[16  4  6 13  0 20 17]
np.random.permutation(males)[0:n_mar]
[ 9  0 18 23  7 19 21]
np.random.permutation(males)[0:n_mar]
[16 20 15  5 10 23 21]
np.random.permutation(males)[0:n_mar]
[19 23  6 11  0  2  8]
np.random.permutation(males)[0:n_mar]
[22  4 21  3  2 11  1]
np.random.permutation(males)[0:n_mar]
[10  5 21  0 15  1 14]
np.random.permutation(males)[0:n_mar]
[22  2 15 12 16 11  7]
np.random.permutation(males)[0:n_mar]
[ 8 19 18  9 22 14 13]
np.random.permutation(males)[0:n_mar]
[18 21  1 19  7 13  0]
np.random.permutation(males)[0:n_mar]
[ 8  5  1 10 14  6  7]
np.random.permutation(males)[0:n_mar]
[ 3  5  8  2  9 19 18]
np.random.permutation(males)[0:n_mar]
[ 8  4  9 11 16 10 23]
np.random.permutation(males)[0:n_mar]
[ 1 18  3 14 19 21  6]
np.random.permutation(males)[0:n_mar]
[15 18  8 12 17 11  0]
np.random.permutation(males)[0:n_mar]
[ 3  9  4 13 20  6  5]
np.random.permutation(males)[0:n_mar]
[19 16 13  2 11 18  9]
np.random.permutation(males)[0:n_mar]
[23  0  4 20 14  8  3]
np.random.permutation(males)[0:n_mar]
[ 4  9  5  1 20 14  6]
np.random.permutation(males)[0:n_mar]
[14  2  3 23  1  4  0]
np.random.permutation(males)[0:n_mar]
[ 4 19  7 13  3 10 22]
np.random.permutation(males)[0:n_mar]
[15  8 16 20 22  0  9]
np.random.permutation(males)[0:n_mar]
[ 2  3 23  5  7 13 17]
np.random.permutation(males)[0:n_mar]
[20 22  7 14 10 23 18]
np.random.permutation(males)[0:n_mar]
[17  4 21  3 16  1  9]
np.random.permutation(males)[0:n_mar]
[ 6  9 23 20 16 19  8]
np.random.permutation(males)[0:n_mar]
[ 1  8 19  5 20 22  9]
np.random.permutation(males)[0:n_mar]
[15 14  3 10 21 11 12]
np.random.permutation(males)[0:n_mar]
[23 20  3  0  9 17 15]
np.random.permutation(males)[0:n_mar]
[17  9  3 14  4 22 18]
np.random.permutation(males)[0:n_mar]
[13  8 15 10 17 11  7]
np.random.permutation(males)[0:n_mar]
[15  5 12 23 11  0 21]
np.random.permutation(males)[0:n_mar]
[20 17  6 13 19  2  4]
np.random.permutation(males)[0:n_mar]
[ 6 12 16  5  9  3 20]
np.random.permutation(males)[0:n_mar]
[16 22  9  8 14  0  4]
np.random.permutation(males)[0:n_mar]
[18 15  4  1 21 17 10]
np.random.permutation(males)[0:n_mar]
[23  2  7 20  5 18 12]
np.random.permutation(males)[0:n_mar]
[14  9 17 23  3  4  0]
np.random.permutation(males)[0:n_mar]
[ 9  7 23  8 22  6 12]
np.random.permutation(males)[0:n_mar]
[15 11  6 21  2 18 17]
np.random.permutation(males)[0:n_mar]
[15 21  0  4  7  2 10]
np.random.permutation(males)[0:n_mar]
[19 12  2  5  6 21  4]
np.random.permutation(males)[0:n_mar]
[ 1 23  8  9 13 17  4]
np.random.permutation(males)[0:n_mar]
[ 1  2 10  8 16 15 22]
np.random.permutation(males)[0:n_mar]
[ 3 19 15  6 16 12 13]
np.random.permutation(males)[0:n_mar]
[19  9  4 13  5 18 16]
np.random.permutation(males)[0:n_mar]
[21 20 13  0  5 14  9]
np.random.permutation(males)[0:n_mar]
[ 3  9  0  7 20 15 21]
np.random.permutation(males)[0:n_mar]
[ 7 12  0  4 22 19 21]
np.random.permutation(males)[0:n_mar]
[12  9 21 11 23 22 18]
np.random.permutation(males)[0:n_mar]
[ 0  5  2  9  7 18 13]
np.random.permutation(males)[0:n_mar]
[11 18  4  6 22 14  1]
np.random.permutation(males)[0:n_mar]
[22 20  5 12 19  3 17]
np.random.permutation(males)[0:n_mar]
[ 6  9 11 10 20 22 19]
np.random.permutation(males)[0:n_mar]
[18 14  0  1 20 17 10]
np.random.permutation(males)[0:n_mar]
[ 2 17 19 16  5 22  9]
np.random.permutation(males)[0:n_mar]
[15  7 22 19  6 10 20]
np.random.permutation(males)[0:n_mar]
[ 1 22 21  8  0  9 23]
np.random.permutation(males)[0:n_mar]
[ 1 21 10 11 18 23  8]
np.random.permutation(males)[0:n_mar]
[ 6 10 11 22  4  7 18]
np.random.permutation(males)[0:n_mar]
[18 10  3 13  7  4  5]
np.random.permutation(males)[0:n_mar]
[ 6  8  4 21  3  9  7]
np.random.permutation(males)[0:n_mar]
[19  3 10  0 23  6  5]
np.random.permutation(males)[0:n_mar]
[11  2  3 22 18 13  4]
np.random.permutation(males)[0:n_mar]
[19 23 14  3 16  5 13]
np.random.permutation(males)[0:n_mar]
[ 4  8  6 13  1 12 14]
np.random.permutation(males)[0:n_mar]
[ 0 18  3 15  2 10  6]
np.random.permutation(males)[0:n_mar]
[ 7  1  8 13  0 11  9]
np.random.permutation(males)[0:n_mar]
[19 12 10  5 17 20  2]
np.random.permutation(males)[0:n_mar]
[19 16 14 11  2  9  0]
np.random.permutation(males)[0:n_mar]
[ 5 17  1  2 15  3  9]
np.random.permutation(males)[0:n_mar]
[ 0  8 13  6 23  5 18]
np.random.permutation(males)[0:n_mar]
[ 3 19 18 21 23  6 14]
np.random.permutation(males)[0:n_mar]
[22  0 16  1  8 17 12]
np.random.permutation(males)[0:n_mar]
[ 0 20 13 15  8 21 18]
np.random.permutation(males)[0:n_mar]
[21 19 16  0 10  9  4]
np.random.permutation(males)[0:n_mar]
[ 7  9 15 12  6 22 16]
np.random.permutation(males)[0:n_mar]
[19 12  1  8 17 14 15]
np.random.permutation(males)[0:n_mar]
[ 9 19 14 17 12 20  4]
np.random.permutation(males)[0:n_mar]
[10  8 15  6  5  3 18]
np.random.permutation(males)[0:n_mar]
[ 3  0  7  1  6 21 16]
np.random.permutation(males)[0:n_mar]
[15 12 19 14 22 13  3]
np.random.permutation(males)[0:n_mar]
[19  5  4  0 22 16 13]
np.random.permutation(males)[0:n_mar]
[23  0 15 10  6 11  3]
np.random.permutation(males)[0:n_mar]
[16 20  3  7  6  4  8]
np.random.permutation(males)[0:n_mar]
[ 6 17  3 12 10 18 19]
np.random.permutation(males)[0:n_mar]
[20 17  5  2 10 11 16]
np.random.permutation(males)[0:n_mar]
[12  6 16  3  0  4  8]
np.random.permutation(males)[0:n_mar]
[ 8  0 20 23 10  6 14]
np.random.permutation(males)[0:n_mar]
[ 0  1 23 20  5  7 17]
np.random.permutation(males)[0:n_mar]
[14 21 12 13 19 18  0]
np.random.permutation(males)[0:n_mar]
[ 2 17 11 10  6 14 20]
np.random.permutation(males)[0:n_mar]
[ 0 12 17 16 11 10  1]
np.random.permutation(males)[0:n_mar]
[19 22  4 15  2  8 23]
np.random.permutation(males)[0:n_mar]
[13 18  9 23  1  0  2]
np.random.permutation(males)[0:n_mar]
[13  0 14 16 18 23  9]
np.random.permutation(males)[0:n_mar]
[12 22 13  8 18  4  2]
np.random.permutation(males)[0:n_mar]
[ 8  9 17 19 21 23  7]
np.random.permutation(males)[0:n_mar]
[10  8 22 12  0 13 14]
np.random.permutation(males)[0:n_mar]
[ 9 11 21  7  0  1 16]
np.random.permutation(males)[0:n_mar]
[15  8 14 21 22 11  6]
np.random.permutation(males)[0:n_mar]
[ 1 21  4 13 10 16  7]
np.random.permutation(males)[0:n_mar]
[19 22  5 15 21  8 10]
np.random.permutation(males)[0:n_mar]
[14 23 10  2  3  9 13]
np.random.permutation(males)[0:n_mar]
[22 15  9 18  0 21 23]
np.random.permutation(males)[0:n_mar]
[19  7  4 15  3  5 21]
np.random.permutation(males)[0:n_mar]
[ 2  6 13 21 10 18  8]
np.random.permutation(males)[0:n_mar]
[11  7 16 15 13  1 17]
np.random.permutation(males)[0:n_mar]
[ 3 13 21  2 11 19  1]
np.random.permutation(males)[0:n_mar]
[ 8 21  9  4  7 16 15]
np.random.permutation(males)[0:n_mar]
[20  2  0 23  8 15 19]
np.random.permutation(males)[0:n_mar]
[20  6 23  0 16 13 15]
np.random.permutation(males)[0:n_mar]
[17  3 23  1  7  4 20]
np.random.permutation(males)[0:n_mar]
[ 6 12  8 20 11 15 21]
np.random.permutation(males)[0:n_mar]
[16  3 22  5  2  6  1]
np.random.permutation(males)[0:n_mar]
[10  7  1  2 16 11  8]
np.random.permutation(males)[0:n_mar]
[22 23 18  7 14  9 16]
np.random.permutation(males)[0:n_mar]
[14  2 11 21 19 15  5]
np.random.permutation(males)[0:n_mar]
[ 4 18 21 19  0  9 15]
np.random.permutation(males)[0:n_mar]
[23 14 11 10 22  3  1]
np.random.permutation(males)[0:n_mar]
[ 5 20  2 19 18 21  7]
np.random.permutation(males)[0:n_mar]
[13 19 11 22  8 21 17]
np.random.permutation(males)[0:n_mar]
[ 2 22 18 21  4 12  8]
np.random.permutation(males)[0:n_mar]
[20 16 14 12  3 22  6]
np.random.permutation(males)[0:n_mar]
[19  7 20  5  4  6  3]
np.random.permutation(males)[0:n_mar]
[22  5 16 10  8  6 17]
np.random.permutation(males)[0:n_mar]
[ 8  6 19 10 22 13 17]
np.random.permutation(males)[0:n_mar]
[21  6 17  3  9 23  5]
np.random.permutation(males)[0:n_mar]
[ 4 13 23 20 14 19  2]
np.random.permutation(males)[0:n_mar]
[19 17 18  5 12 15 11]
np.random.permutation(males)[0:n_mar]
[13  5  7  1 18 11  4]
np.random.permutation(males)[0:n_mar]
[22  9  1  4 19 12 10]
np.random.permutation(males)[0:n_mar]
[ 3 22  8 14 12 19 16]
np.random.permutation(males)[0:n_mar]
[ 6 10  1 19  9  2 22]
np.random.permutation(males)[0:n_mar]
[19 10  9 23 17  2  6]
np.random.permutation(males)[0:n_mar]
[22 20 15 17 16 19 12]
np.random.permutation(males)[0:n_mar]
[ 7 17  4 19  0  2 11]
np.random.permutation(males)[0:n_mar]
[10 12 19 23  1 18 17]
np.random.permutation(males)[0:n_mar]
[14 10 16 11  6 18 23]
np.random.permutation(males)[0:n_mar]
[ 2  7  8  0  1 14  9]
np.random.permutation(males)[0:n_mar]
[ 7 18  3 19  4 15 16]
np.random.permutation(males)[0:n_mar]
[ 3  5  2 16 15  6  9]
np.random.permutation(males)[0:n_mar]
[16  9 18 20  1  5  7]
np.random.permutation(males)[0:n_mar]
[ 6 18 15 14 22  8 20]
np.random.permutation(males)[0:n_mar]
[17  6  4 16 14  9 22]
np.random.permutation(males)[0:n_mar]
[ 7  5  6 22 21 14 11]
np.random.permutation(males)[0:n_mar]
[15 11 10 16  3 20  6]
np.random.permutation(males)[0:n_mar]
[ 2 19  7 23 12  3  9]
np.random.permutation(males)[0:n_mar]
[13  8  3 10  6  2 11]
np.random.permutation(males)[0:n_mar]
[ 5 16  6 15 10  3 21]
np.random.permutation(males)[0:n_mar]
[ 9 12 19 10 16 17  2]
np.random.permutation(males)[0:n_mar]
[21 17  2 15 16  5 12]
np.random.permutation(males)[0:n_mar]
[15  6  1 11 13 14 22]
np.random.permutation(males)[0:n_mar]
[18 16  0 22  5 12 19]
np.random.permutation(males)[0:n_mar]
[ 8 10 19 16 20 13  6]
np.random.permutation(males)[0:n_mar]
[ 0  6  7  8 20 11 14]
np.random.permutation(males)[0:n_mar]
[ 4 22 12  9 15 19 21]
np.random.permutation(males)[0:n_mar]
[ 0 20  2 19 22 23 14]
np.random.permutation(males)[0:n_mar]
[11  9  7 16  2  0 13]
np.random.permutation(males)[0:n_mar]
[ 2 10  4  9 15  7 11]
np.random.permutation(males)[0:n_mar]
[ 4  5  1  2 20 14 10]
np.random.permutation(males)[0:n_mar]
[23 10  2  9  6 15 21]
np.random.permutation(males)[0:n_mar]
[22  1 13  4 19 12 20]
np.random.permutation(males)[0:n_mar]
[ 5  6  3  7 13 16 12]
np.random.permutation(males)[0:n_mar]
[14  8 10  0  9 21  7]
np.random.permutation(males)[0:n_mar]
[10  6 16 19  9  1  3]
np.random.permutation(males)[0:n_mar]
[ 6  4 14  5 12 13 19]
np.random.permutation(males)[0:n_mar]
[16 23  5 12  7 17  3]
np.random.permutation(males)[0:n_mar]
[17 20 15  2  1  5  4]
np.random.permutation(males)[0:n_mar]
[14 21  7 20  6 23  5]
np.random.permutation(males)[0:n_mar]
[22  4 13  7 17 20 14]
np.random.permutation(males)[0:n_mar]
[22  9 18 15 20  0 17]
np.random.permutation(males)[0:n_mar]
[18 23 15 17 11  5 22]
np.random.permutation(males)[0:n_mar]
[23  7  6 14 22 10  3]
np.random.permutation(males)[0:n_mar]
[21 17  4  6  0 14  8]
np.random.permutation(males)[0:n_mar]
[23  0 14 19 16 17  1]
np.random.permutation(males)[0:n_mar]
[12 10 11  1 21  2  6]
np.random.permutation(males)[0:n_mar]
[10  7 22 11  6  0  5]
np.random.permutation(males)[0:n_mar]
[22 11 20 19  6  3 14]
np.random.permutation(males)[0:n_mar]
[ 1 12 18 23  4 20  2]
np.random.permutation(males)[0:n_mar]
[12  6  8 18 11  4 23]
np.random.permutation(males)[0:n_mar]
[ 2 20  1  6 16  7 19]
np.random.permutation(males)[0:n_mar]
[ 0  4  8 16  1  5  6]
np.random.permutation(males)[0:n_mar]
[ 2 12 15 22  3 23 19]
np.random.permutation(males)[0:n_mar]
[11 18 21  0 16 19  3]
np.random.permutation(males)[0:n_mar]
[ 2 13 23 16 22 11  7]
np.random.permutation(males)[0:n_mar]
[ 3 13 12 19 16 18  9]
np.random.permutation(males)[0:n_mar]
[ 8  3  5 19 14  1 23]
np.random.permutation(males)[0:n_mar]
[ 4 17  3 18 23 19  9]
np.random.permutation(males)[0:n_mar]
[22 17  1 10 20  4 18]
np.random.permutation(males)[0:n_mar]
[16  7 18 12  1 22 19]
np.random.permutation(males)[0:n_mar]
[10  0  1 19 16 18  3]
np.random.permutation(males)[0:n_mar]
[11  6  8 21  4 15 19]
np.random.permutation(males)[0:n_mar]
[20 16  0  2  9 22 23]
np.random.permutation(males)[0:n_mar]
[15  5  1 19 16 14  6]
np.random.permutation(males)[0:n_mar]
[ 4 14 20 13 19 15 12]
np.random.permutation(males)[0:n_mar]
[10 18  7 22 12  4 23]
np.random.permutation(males)[0:n_mar]
[14  6  9  8  2 16 10]
np.random.permutation(males)[0:n_mar]
[ 0  6 17 11  2 21  7]
np.random.permutation(males)[0:n_mar]
[ 1  8  3 10 18 13 16]
np.random.permutation(males)[0:n_mar]
[ 9 11 10  4 13 19  1]
np.random.permutation(males)[0:n_mar]
[13 20 22  7 15 23 16]
np.random.permutation(males)[0:n_mar]
[ 8 19 20  7 22 14 15]
np.random.permutation(males)[0:n_mar]
[ 6  5  7  3 14  8 23]
np.random.permutation(males)[0:n_mar]
[ 3 10  1 13 18  8  9]
np.random.permutation(males)[0:n_mar]
[16 22  9  5 20 14 12]
np.random.permutation(males)[0:n_mar]
[13 21 23  5 16  6 22]
np.random.permutation(males)[0:n_mar]
[16 12  2  5  0 17 22]
np.random.permutation(males)[0:n_mar]
[19 23  3 15  9 21  4]
np.random.permutation(males)[0:n_mar]
[21 19 10  1  2  7 14]
np.random.permutation(males)[0:n_mar]
[23  6 14  1  0 11  4]
np.random.permutation(males)[0:n_mar]
[ 9 20 21  5 19 18  0]
np.random.permutation(males)[0:n_mar]
[ 0  8 11 14 13 23 22]
np.random.permutation(males)[0:n_mar]
[18 21 16 12  7 11  1]
np.random.permutation(males)[0:n_mar]
[12 14  8  1 13  6 16]
np.random.permutation(males)[0:n_mar]
[20  3  6  0  4 18 17]
np.random.permutation(males)[0:n_mar]
[ 3 11 19 22 14  2  9]
np.random.permutation(males)[0:n_mar]
[13 23 19 17  7  6 20]
np.random.permutation(males)[0:n_mar]
[18  3 11 20  5  4 15]
np.random.permutation(males)[0:n_mar]
[ 6  9 13 15 20 12 18]
np.random.permutation(males)[0:n_mar]
[ 3 13 12  7  0 16  2]
np.random.permutation(males)[0:n_mar]
[15 17 14 11 22 19  9]
np.random.permutation(males)[0:n_mar]
[ 6  4 17 21 22 12 20]
np.random.permutation(males)[0:n_mar]
[ 9  4  1  2 21 20  6]
np.random.permutation(males)[0:n_mar]
[18  8  2 10 15  6 21]
np.random.permutation(males)[0:n_mar]
[16 12 10  2  5 19  4]
np.random.permutation(males)[0:n_mar]
[ 6 23 10 19  3 21 16]
np.random.permutation(males)[0:n_mar]
[17  7  3 23  0 16  8]
np.random.permutation(males)[0:n_mar]
[ 1 13  9 18  0 15  4]
np.random.permutation(males)[0:n_mar]
[ 9  4  3 17 21 13  6]
np.random.permutation(males)[0:n_mar]
[10 20  6 15 19 11 14]
np.random.permutation(males)[0:n_mar]
[ 8 23  0 14 19 20  1]
np.random.permutation(males)[0:n_mar]
[20 11  9  2 16  8 18]
np.random.permutation(males)[0:n_mar]
[14 20  9  2  5 18  4]
np.random.permutation(males)[0:n_mar]
[13 21 15  9 17 14 22]
np.random.permutation(males)[0:n_mar]
[14  8 16 23 18 11 22]
np.random.permutation(males)[0:n_mar]
[22 20 17 12 23 15 16]
np.random.permutation(males)[0:n_mar]
[ 6  8  7  5  2 14  1]
np.random.permutation(males)[0:n_mar]
[10  1  8 16  6 23  2]
np.random.permutation(males)[0:n_mar]
[15  7 21  2 16  1  0]
np.random.permutation(males)[0:n_mar]
[23  7 17 10 21 14  1]
np.random.permutation(males)[0:n_mar]
[ 4  2 15 12  6  7 18]
np.random.permutation(males)[0:n_mar]
[14  0 22  2 17 11  4]
np.random.permutation(males)[0:n_mar]
[22 18 10 19  1  4  6]
np.random.permutation(males)[0:n_mar]
[15  5 16 12  7  8 20]
np.random.permutation(males)[0:n_mar]
[19  5  2  1  4 14 11]
np.random.permutation(males)[0:n_mar]
[ 4  9 10  8 12 11 17]
np.random.permutation(males)[0:n_mar]
[23 15 17 14 20  3 13]
np.random.permutation(males)[0:n_mar]
[ 3  5  7  1 20  4  8]
np.random.permutation(males)[0:n_mar]
[18 16  3  1 22 23  4]
np.random.permutation(males)[0:n_mar]
[ 5 13 12  2  9 19  8]
np.random.permutation(males)[0:n_mar]
[14  6  0 15 21 18 19]
np.random.permutation(males)[0:n_mar]
[13 10 19  5 17 18 16]
np.random.permutation(males)[0:n_mar]
[14 15 19 12 11  7 22]
np.random.permutation(males)[0:n_mar]
[19  4 15  5 16 22 10]
np.random.permutation(males)[0:n_mar]
[ 1  3  0 11 22  2 23]
np.random.permutation(males)[0:n_mar]
[11 16 17 22  9 12 18]
np.random.permutation(males)[0:n_mar]
[23 16 22 21  8 15 12]
np.random.permutation(males)[0:n_mar]
[12 23 10 18  8  1  4]
np.random.permutation(males)[0:n_mar]
[ 7 11 22  2  9 12 15]
np.random.permutation(males)[0:n_mar]
[ 4  5  6 16 18  1  9]
np.random.permutation(males)[0:n_mar]
[12 17 15 16 18 13 23]
np.random.permutation(males)[0:n_mar]
[18 19  6 16 10  9 22]
np.random.permutation(males)[0:n_mar]
[12  3 17 11  1 16 13]
np.random.permutation(males)[0:n_mar]
[22 21 16 19  6  2 15]
np.random.permutation(males)[0:n_mar]
[ 1 17 20 11 18  4 13]
np.random.permutation(males)[0:n_mar]
[ 0 20 22  2  9 15 19]
np.random.permutation(males)[0:n_mar]
[ 1 21 22  5  8 19 20]
np.random.permutation(males)[0:n_mar]
[ 4 13 12  5  6  0  1]
np.random.permutation(males)[0:n_mar]
[ 6 17 16  2  8 15  1]
np.random.permutation(males)[0:n_mar]
[10 16 19  0  5 14  1]
np.random.permutation(males)[0:n_mar]
[18 12  1 11  7  8 21]
np.random.permutation(males)[0:n_mar]
[15 16  1  7 14 17  8]
np.random.permutation(males)[0:n_mar]
[11 22 14 17  0 10  8]
np.random.permutation(males)[0:n_mar]
[11 15  6 16  3 17 19]
np.random.permutation(males)[0:n_mar]
[10  9  2  6 20  1 11]
np.random.permutation(males)[0:n_mar]
[ 6  3 18  4 17 21  8]
np.random.permutation(males)[0:n_mar]
[ 1 17  6  3  0 18  7]
np.random.permutation(males)[0:n_mar]
[ 2 21 17  0  6 19 10]
np.random.permutation(males)[0:n_mar]
[20 17 22  5  1  2 14]
np.random.permutation(males)[0:n_mar]
[20  9 18 21  5 17 13]
np.random.permutation(males)[0:n_mar]
[ 4  2  5 11  6  9  3]
np.random.permutation(males)[0:n_mar]
[12 15  2 22  6 11  7]
np.random.permutation(males)[0:n_mar]
[ 9 18  3 16  0 23 13]
np.random.permutation(males)[0:n_mar]
[22  1 21  3 20  7 10]
np.random.permutation(males)[0:n_mar]
[22  5 19  3  6  8 23]
np.random.permutation(males)[0:n_mar]
[15  4 14  9 12  6 23]
np.random.permutation(males)[0:n_mar]
[20  7 23  4  1 11 18]
np.random.permutation(males)[0:n_mar]
[19 20  4  2 21  9  3]
np.random.permutation(males)[0:n_mar]
[17  8 22 13  9 15  2]
np.random.permutation(males)[0:n_mar]
[ 5 10  1 11  2  3 19]
np.random.permutation(males)[0:n_mar]
[20  3  4  2  1 13 11]
np.random.permutation(males)[0:n_mar]
[ 4  7 16  0 22  9 23]
np.random.permutation(males)[0:n_mar]
[17  1 23 21 22 19  2]
np.random.permutation(males)[0:n_mar]
[23 17  6 19  4 22  8]
np.random.permutation(males)[0:n_mar]
[22 16 11  9  5 13 21]
np.random.permutation(males)[0:n_mar]
[13 16  3  7  2 17 12]
np.random.permutation(males)[0:n_mar]
[11 10  2  6 12  4 18]
np.random.permutation(males)[0:n_mar]
[21 19  8 10 12  6  0]
np.random.permutation(males)[0:n_mar]
[ 7  2  4 23 13 21 10]
np.random.permutation(males)[0:n_mar]
[11 12 19 10 18  8 15]
np.random.permutation(males)[0:n_mar]
[23  4 10  3  7 12  2]
np.random.permutation(males)[0:n_mar]
[18  9 12  2 20 10 19]
np.random.permutation(males)[0:n_mar]
[15 12 18 13 22  4  8]
np.random.permutation(males)[0:n_mar]
[16 17  5  8  2  6  4]
np.random.permutation(males)[0:n_mar]
[21 12  0 18 16 20  2]
np.random.permutation(males)[0:n_mar]
[15 12 18 17  7 21  5]
np.random.permutation(males)[0:n_mar]
[20  0  2  7 23 13 16]
np.random.permutation(males)[0:n_mar]
[15 12 23  5  7  3 11]
np.random.permutation(males)[0:n_mar]
[13 22  2 11  1 12 23]
np.random.permutation(males)[0:n_mar]
[21 15  9 11 12  5  1]
np.random.permutation(males)[0:n_mar]
[ 9 16 19  7  0  5 22]
np.random.permutation(males)[0:n_mar]
[19  5 22  9 11 16  7]
np.random.permutation(males)[0:n_mar]
[15  1 21 14 22 20  3]
np.random.permutation(males)[0:n_mar]
[12 18 23 16 19  1 10]
np.random.permutation(males)[0:n_mar]
[ 1  2 14 11  5  6 16]
np.random.permutation(males)[0:n_mar]
[15  3 14 18  8  7 21]
np.random.permutation(males)[0:n_mar]
[11 21  7  4 14 15 16]
np.random.permutation(males)[0:n_mar]
[15  5  0 12 11  3  2]
np.random.permutation(males)[0:n_mar]
[ 8 13 20 15 19 23 22]
np.random.permutation(males)[0:n_mar]
[20  5 23  3 17 13 15]
np.random.permutation(males)[0:n_mar]
[ 5 14 16 10  1 20  7]
np.random.permutation(males)[0:n_mar]
[19  1  7 11  8 23 12]
np.random.permutation(males)[0:n_mar]
[10 21 15 13 22 19  3]
np.random.permutation(males)[0:n_mar]
[ 6 17  0  8  2  4 19]
np.random.permutation(males)[0:n_mar]
[15 16  2  1 20 10 23]
np.random.permutation(males)[0:n_mar]
[14 13  5  2  6 22 15]
np.random.permutation(males)[0:n_mar]
[ 5  9  7  2 11  6 14]
np.random.permutation(males)[0:n_mar]
[14 23  4  2 12  1  8]
np.random.permutation(males)[0:n_mar]
[ 6 23 17  5  8 16 18]
np.random.permutation(males)[0:n_mar]
[23 14 10 15  5 11 16]
np.random.permutation(males)[0:n_mar]
[ 6  7 19  1 16 20 14]
np.random.permutation(males)[0:n_mar]
[ 5 10  4 11 19  1 18]
np.random.permutation(males)[0:n_mar]
[12  3 18  2 21 11  0]
np.random.permutation(males)[0:n_mar]
[ 3 16 13  8 22 17 11]
np.random.permutation(males)[0:n_mar]
[ 8 10 15 13  5  6 14]
np.random.permutation(males)[0:n_mar]
[11 13  5  8  1 19 22]
np.random.permutation(males)[0:n_mar]
[13  4  8  1 16 22 18]
np.random.permutation(males)[0:n_mar]
[ 0 13 23  5  1  3 14]
np.random.permutation(males)[0:n_mar]
[16 18 23 12 19 14  1]
np.random.permutation(males)[0:n_mar]
[20  3 19 22 10 17 13]
np.random.permutation(males)[0:n_mar]
[ 2 21  7 13  0 17 12]
np.random.permutation(males)[0:n_mar]
[ 0 21  3 13  4 11  2]
np.random.permutation(males)[0:n_mar]
[15 13  8 21  6  7 19]
np.random.permutation(males)[0:n_mar]
[ 6 12 14  4  1 10 18]
np.random.permutation(males)[0:n_mar]
[22 12  5  8 10  1 11]
np.random.permutation(males)[0:n_mar]
[ 3 10 15  9 16 13  5]
np.random.permutation(males)[0:n_mar]
[22  3 15  1  9 23  7]
np.random.permutation(males)[0:n_mar]
[ 8  5  4  0 11  3 12]
np.random.permutation(males)[0:n_mar]
[ 2 17  3 12  5 19  0]
np.random.permutation(males)[0:n_mar]
[ 7  2 19 18 16  0  1]
np.random.permutation(males)[0:n_mar]
[20 21 10  9 11  0 16]
np.random.permutation(males)[0:n_mar]
[19  7 12  5 20 10 13]
np.random.permutation(males)[0:n_mar]
[17 12  7  5 19  3 10]
np.random.permutation(males)[0:n_mar]
[ 5 16  1 20 12 22  8]
np.random.permutation(males)[0:n_mar]
[ 3  1 14 13 16  8 15]
np.random.permutation(males)[0:n_mar]
[10  6 18 15  7 16  5]
np.random.permutation(males)[0:n_mar]
[19  2 22 13  6 10 16]
np.random.permutation(males)[0:n_mar]
[12 11 15 19 13 17 23]
np.random.permutation(males)[0:n_mar]
[ 6 12 19  3  4 15 17]
np.random.permutation(males)[0:n_mar]
[11 20  1 22  6 18 10]
np.random.permutation(males)[0:n_mar]
[ 7  4 11  6 15 17 14]
np.random.permutation(males)[0:n_mar]
[23  4  8 15 13 16  6]
np.random.permutation(males)[0:n_mar]
[ 5  2 20  3  4  7 12]
np.random.permutation(males)[0:n_mar]
[23  9  8 21  6 16  2]
np.random.permutation(males)[0:n_mar]
[14  6 19  7  0  2 12]
np.random.permutation(males)[0:n_mar]
[16 18 19  7  8 17 20]
np.random.permutation(males)[0:n_mar]
[ 6 21 16 12  8 15 17]
np.random.permutation(males)[0:n_mar]
[21  5 16  3 22 18  9]
np.random.permutation(males)[0:n_mar]
[11  8  4 20  7  5  3]
np.random.permutation(males)[0:n_mar]
[ 4 18  1 22  9  8 23]
np.random.permutation(males)[0:n_mar]
[ 6 21 15 14  3  5 11]
np.random.permutation(males)[0:n_mar]
[16 20  4  2 12 22 11]
np.random.permutation(males)[0:n_mar]
[18 22 17  2 15 19  9]
np.random.permutation(males)[0:n_mar]
[12 10 14  9 13 19  1]
np.random.permutation(males)[0:n_mar]
[10  7 20  5 13 14 23]
np.random.permutation(males)[0:n_mar]
[18 23 21  0  4  1  7]
np.random.permutation(males)[0:n_mar]
[11 22 15 10 12 13 23]
np.random.permutation(males)[0:n_mar]
[21  1 11 23 17 13 19]
np.random.permutation(males)[0:n_mar]
[17  7  9  4 15 19  0]
np.random.permutation(males)[0:n_mar]
[16 18  7  8 14  3 11]
np.random.permutation(males)[0:n_mar]
[ 7 12  0  2 16 17 20]
np.random.permutation(males)[0:n_mar]
[14 13 20 10 12 16 17]
np.random.permutation(males)[0:n_mar]
[16 19 14 23 18  3  7]
np.random.permutation(males)[0:n_mar]
[ 9 19 11 21  2 22 12]
np.random.permutation(males)[0:n_mar]
[ 5 14 11  2 16  7  1]
np.random.permutation(males)[0:n_mar]
[10 15  4 16  3  8  1]
np.random.permutation(males)[0:n_mar]
[ 6 14  9 10  0 17  1]
np.random.permutation(males)[0:n_mar]
[23 22  8  6 15  7 11]
np.random.permutation(males)[0:n_mar]
[ 1 12  3 22 15 21 17]
np.random.permutation(males)[0:n_mar]
[ 3 23 15  8  7  0 11]
np.random.permutation(males)[0:n_mar]
[14 12  1 22  5 19 20]
np.random.permutation(males)[0:n_mar]
[16  0  2  6 11  9 20]
np.random.permutation(males)[0:n_mar]
[19 12  5 22 23 10 20]
np.random.permutation(males)[0:n_mar]
[14 21 20 18 10 22 17]
np.random.permutation(males)[0:n_mar]
[ 1 15 20 14 10 23  0]
np.random.permutation(males)[0:n_mar]
[17  3  9 11  2 15  5]
np.random.permutation(males)[0:n_mar]
[ 7 12 16  1 13 11  4]
np.random.permutation(males)[0:n_mar]
[ 8 17 22 20 12  4 15]
np.random.permutation(males)[0:n_mar]
[13 11 23  4  0  3  9]
np.random.permutation(males)[0:n_mar]
[ 7  1 12 22 18 23 21]
np.random.permutation(males)[0:n_mar]
[19 14  3  9 22  8 16]
np.random.permutation(males)[0:n_mar]
[ 1  5  8 15 10 17  2]
np.random.permutation(males)[0:n_mar]
[17  0  9 22 23  1 11]
np.random.permutation(males)[0:n_mar]
[ 8 16 17 15 22  6 11]
np.random.permutation(males)[0:n_mar]
[ 6  2  9 18 22  0 10]
np.random.permutation(males)[0:n_mar]
[13  7  4 22 11 16 10]
np.random.permutation(males)[0:n_mar]
[17 13 18 23  6  8 16]
np.random.permutation(males)[0:n_mar]
[16  8 10 12 23  3  0]
np.random.permutation(males)[0:n_mar]
[18  4 16 15  0 14 23]
np.random.permutation(males)[0:n_mar]
[10 19  5 12 18 13 22]
np.random.permutation(males)[0:n_mar]
[20  9  1 22 17 19 13]
np.random.permutation(males)[0:n_mar]
[15 20 13  9 22 10  3]
np.random.permutation(males)[0:n_mar]
[15 13 10  5 12  2  7]
np.random.permutation(males)[0:n_mar]
[12 22 15 23  1 10  7]
np.random.permutation(males)[0:n_mar]
[ 7  2  4 14 21 19  6]
np.random.permutation(males)[0:n_mar]
[ 6 12 16 15  2 19 13]
np.random.permutation(males)[0:n_mar]
[20 21  9 19  6  5 16]
np.random.permutation(males)[0:n_mar]
[ 4  5 21 12 22  2  8]
np.random.permutation(males)[0:n_mar]
[14  8  9 11 20 17 13]
np.random.permutation(males)[0:n_mar]
[23 12 13 17 11 22 10]
np.random.permutation(males)[0:n_mar]
[10 16 21  7 11 15  4]
np.random.permutation(males)[0:n_mar]
[22  5 17  7 15 13 20]
np.random.permutation(males)[0:n_mar]
[13  3 21 23  8 22  9]
np.random.permutation(males)[0:n_mar]
[ 2 17 20 13 15 12 11]
np.random.permutation(males)[0:n_mar]
[ 3  5 11  8  6 23  7]
np.random.permutation(males)[0:n_mar]
[23  9  8 18 20  3 19]
np.random.permutation(males)[0:n_mar]
[ 0  6 15  4 10 11  5]
np.random.permutation(males)[0:n_mar]
[ 1 23 12 13  0 22  8]
np.random.permutation(males)[0:n_mar]
[ 6 15  1 12 16 22 17]
np.random.permutation(males)[0:n_mar]
[ 7 17  5  0 14 13 20]
np.random.permutation(males)[0:n_mar]
[ 1 13  2  7 16  3 23]
np.random.permutation(males)[0:n_mar]
[19 23 16 22  4 15  6]
np.random.permutation(males)[0:n_mar]
[14 12 20  0  8  9  6]
np.random.permutation(males)[0:n_mar]
[ 5 19  6 21 12  0 11]
np.random.permutation(males)[0:n_mar]
[ 7  4 13 20 19 11 15]
np.random.permutation(males)[0:n_mar]
[ 9 21  8 23 18  0  4]
np.random.permutation(males)[0:n_mar]
[14  9  6 17  3 23 18]
np.random.permutation(males)[0:n_mar]
[21  5  8  9 22  4 13]
np.random.permutation(males)[0:n_mar]
[22  3 12  2 14  0  1]
np.random.permutation(males)[0:n_mar]
[11  0  4 13  2  8  3]
np.random.permutation(males)[0:n_mar]
[17  1  3 22 20 13 11]
np.random.permutation(males)[0:n_mar]
[15  8  1 18  9  6  7]
np.random.permutation(males)[0:n_mar]
[ 3  2  7 11 20 21 16]
np.random.permutation(males)[0:n_mar]
[ 8  2 17  7 10 20  4]
np.random.permutation(males)[0:n_mar]
[ 4  1 18 22 17 19 20]
np.random.permutation(males)[0:n_mar]
[15 11 23  6 21  8 12]
np.random.permutation(males)[0:n_mar]
[ 6 12 22  3 20  4  1]
np.random.permutation(males)[0:n_mar]
[ 0 14  1 18 22 13  4]
np.random.permutation(males)[0:n_mar]
[11 20 19  5 10  8 13]
np.random.permutation(males)[0:n_mar]
[22 11 21  0 23 20  2]
np.random.permutation(males)[0:n_mar]
[ 6 14  0  8 10 20 11]
np.random.permutation(males)[0:n_mar]
[14 17  1  9 18  5 13]
np.random.permutation(males)[0:n_mar]
[ 1  2 16  8  7 12 19]
np.random.permutation(males)[0:n_mar]
[15 19  1  0  2 11  7]
np.random.permutation(males)[0:n_mar]
[ 1  4 15  3 12  7  5]
np.random.permutation(males)[0:n_mar]
[ 2 10 13 23 17 19 18]
np.random.permutation(males)[0:n_mar]
[ 1 22  3 13 11  6 20]
np.random.permutation(males)[0:n_mar]
[ 8 23 13 10  0 12 22]
np.random.permutation(males)[0:n_mar]
[22  4 21 20  3 14  7]
np.random.permutation(males)[0:n_mar]
[ 6  8 13 23 16  2  4]
np.random.permutation(males)[0:n_mar]
[22 10 12 23 13  4  6]
np.random.permutation(males)[0:n_mar]
[10 15 23 17  6  0 20]
np.random.permutation(males)[0:n_mar]
[ 5 21 14  4 13 17  3]
np.random.permutation(males)[0:n_mar]
[14  3 10  5 21 13 20]
np.random.permutation(males)[0:n_mar]
[ 6 19  3  5 15  9  8]
np.random.permutation(males)[0:n_mar]
[12  8 20 14  2  1 10]
np.random.permutation(males)[0:n_mar]
[19 20 12 15  7  1  8]
np.random.permutation(males)[0:n_mar]
[22 20  1 14  6  5  0]
np.random.permutation(males)[0:n_mar]
[ 2  0 10  3  9  6 21]
np.random.permutation(males)[0:n_mar]
[10  5 14 21  7 12 20]
np.random.permutation(males)[0:n_mar]
[ 5  2  9 16 17 10 22]
np.random.permutation(males)[0:n_mar]
[ 9 14 12 19 21 11 20]
np.random.permutation(males)[0:n_mar]
[14 18 16 15 10 22 21]
np.random.permutation(males)[0:n_mar]
[18 11 15  8  9  3  7]
np.random.permutation(males)[0:n_mar]
[ 1  6  7 15 10 21  0]
np.random.permutation(males)[0:n_mar]
[23 19 21  1 20 15  8]
np.random.permutation(males)[0:n_mar]
[17  2  5  9 15  3  8]
np.random.permutation(males)[0:n_mar]
[ 1 20 19 22  2 17  9]
np.random.permutation(males)[0:n_mar]
[ 3  4 18 23 10  8  7]
np.random.permutation(males)[0:n_mar]
[ 7 11 12 18 19  5  9]
np.random.permutation(males)[0:n_mar]
[19  0 15  3 10 14 18]
np.random.permutation(males)[0:n_mar]
[23 14 16 18  5 15  0]
np.random.permutation(males)[0:n_mar]
[13  5 22  9 12 14  0]
np.random.permutation(males)[0:n_mar]
[ 1  3  5  4  6 21  2]
np.random.permutation(males)[0:n_mar]
[ 2 13 17 20 22 12 14]
np.random.permutation(males)[0:n_mar]
[13  3  6  2 15  5 10]
np.random.permutation(males)[0:n_mar]
[23 15 20 11 14 18  4]
np.random.permutation(males)[0:n_mar]
[12 18 20  6 22  1 14]
np.random.permutation(males)[0:n_mar]
[ 1 10 22  7  9 20  3]
np.random.permutation(males)[0:n_mar]
[23  5 22 18  6 13  2]
np.random.permutation(males)[0:n_mar]
[ 8 15 23 12  5  1  0]
np.random.permutation(males)[0:n_mar]
[17  5 20 23  7 21  1]
np.random.permutation(males)[0:n_mar]
[10  3 22  2 19 13 12]
np.random.permutation(males)[0:n_mar]
[ 5  0 13  9  8  6 18]
np.random.permutation(males)[0:n_mar]
[18  6 12  3  7 17  2]
np.random.permutation(males)[0:n_mar]
[ 9 23 20 21 17 11 13]
np.random.permutation(males)[0:n_mar]
[20 17  3  6 12 22 14]
np.random.permutation(males)[0:n_mar]
[16 18 23 22  1  4 14]
np.random.permutation(males)[0:n_mar]
[18  0 16 15 20  3  2]
np.random.permutation(males)[0:n_mar]
[ 4  5  7  6 17  1  2]
np.random.permutation(males)[0:n_mar]
[10  9 20 12 22 14  3]
np.random.permutation(males)[0:n_mar]
[18 15  3  7  8 10 14]
np.random.permutation(males)[0:n_mar]
[21  4 23  0  6 11  2]
np.random.permutation(males)[0:n_mar]
[21  4 10 17 23 12 16]
np.random.permutation(males)[0:n_mar]
[ 8  3  7 16 19 22 10]
np.random.permutation(males)[0:n_mar]
[17 21  3  0 14  6  9]
np.random.permutation(males)[0:n_mar]
[15 22  6  4  0 13 21]
np.random.permutation(males)[0:n_mar]
[ 7 21  1  6 13  2 23]
np.random.permutation(males)[0:n_mar]
[ 2 21 20 17 22  9  1]
np.random.permutation(males)[0:n_mar]
[17 21  4 16  9  7  0]
np.random.permutation(males)[0:n_mar]
[ 0 10  7  3  2 21 12]
np.random.permutation(males)[0:n_mar]
[ 6  4 20  5  1 23 14]
np.random.permutation(males)[0:n_mar]
[15  6 17 20 16  9  1]
np.random.permutation(males)[0:n_mar]
[18  0 14  3 11  5  4]
np.random.permutation(males)[0:n_mar]
[11  5  9 18  8  1 19]
np.random.permutation(males)[0:n_mar]
[22  4 15 19  2 18 13]
np.random.permutation(males)[0:n_mar]
[20 11  9  8  2 14 16]
np.random.permutation(males)[0:n_mar]
[23 16 20  4 17  6 19]
np.random.permutation(males)[0:n_mar]
[ 5 20  9 19 23  2 10]
np.random.permutation(males)[0:n_mar]
[ 6  1  8  2  0 10 14]
np.random.permutation(males)[0:n_mar]
[19 18 10 14 21 20  1]
np.random.permutation(males)[0:n_mar]
[ 1 10 15  3  8 20 23]
np.random.permutation(males)[0:n_mar]
[ 8 20 17  3  6  5  9]
np.random.permutation(males)[0:n_mar]
[13 19  4  7 21 22 14]
np.random.permutation(males)[0:n_mar]
[14  7 19  8 22 21 16]
np.random.permutation(males)[0:n_mar]
[12  1 21 11 15  6 10]
np.random.permutation(males)[0:n_mar]
[10  9 21  6  3 22  4]
np.random.permutation(males)[0:n_mar]
[ 4  7  2 22 12 21 19]
np.random.permutation(males)[0:n_mar]
[ 4  8 17  0  5  9 18]
np.random.permutation(males)[0:n_mar]
[ 4  2 14 23  6 22 17]
np.random.permutation(males)[0:n_mar]
[21  6 12  2  7 11  1]
np.random.permutation(males)[0:n_mar]
[ 9 11  2 19 21  5 12]
np.random.permutation(males)[0:n_mar]
[ 9 15  0 20 19 11  6]
np.random.permutation(males)[0:n_mar]
[15 19 11  6 10 20  2]
np.random.permutation(males)[0:n_mar]
[18  3 14  2  1 13 12]
np.random.permutation(males)[0:n_mar]
[22 18 21 10  5  8  9]
np.random.permutation(males)[0:n_mar]
[ 5 23  9 21 10  7  8]
np.random.permutation(males)[0:n_mar]
[12 13  2  1 20  6  4]
np.random.permutation(males)[0:n_mar]
[10 13 16  0 17 15  3]
np.random.permutation(males)[0:n_mar]
[ 7  5  3 15 20 16  1]
np.random.permutation(males)[0:n_mar]
[ 5  0 19  7  8 18 21]
np.random.permutation(males)[0:n_mar]
[21 18 22 16 11 13 17]
np.random.permutation(males)[0:n_mar]
[18 16 13  6 21 22 10]
np.random.permutation(males)[0:n_mar]
[10 13  9  1 17 18 21]
np.random.permutation(males)[0:n_mar]
[ 9  5 11  2  0 21 23]
np.random.permutation(males)[0:n_mar]
[16  5  1 20 23  8 14]
np.random.permutation(males)[0:n_mar]
[ 4 18  1 15  0  5  6]
np.random.permutation(males)[0:n_mar]
[15 17 12  7 16 13  5]
np.random.permutation(males)[0:n_mar]
[ 0 16 21  6 23  3  2]
np.random.permutation(males)[0:n_mar]
[14  1  8 16 12 15  4]
np.random.permutation(males)[0:n_mar]
[13  7  0  1  9 18 10]
np.random.permutation(males)[0:n_mar]
[22 12  7 19  1  3  4]
np.random.permutation(males)[0:n_mar]
[14 22 18 17  6 13 12]
np.random.permutation(males)[0:n_mar]
[13  9 16  7  1 12  8]
np.random.permutation(males)[0:n_mar]
[ 4 16 12  2 21 18  8]
np.random.permutation(males)[0:n_mar]
[20  8 18 21 15  0  9]
np.random.permutation(males)[0:n_mar]
[19  0 15 13 10  3 11]
np.random.permutation(males)[0:n_mar]
[11 13  6 22 20  1 17]
np.random.permutation(males)[0:n_mar]
[ 8 11  1  0  2 10 14]
np.random.permutation(males)[0:n_mar]
[10  1 20  6 12 19  0]
np.random.permutation(males)[0:n_mar]
[11  0  2  1 22 21 13]
np.random.permutation(males)[0:n_mar]
[19 17  0 20  6 10  7]
np.random.permutation(males)[0:n_mar]
[19  7 11  5 21 13  2]
np.random.permutation(males)[0:n_mar]
[15  9 20  8 14 10 19]
np.random.permutation(males)[0:n_mar]
[ 2  5 13  9  8  0 15]
np.random.permutation(males)[0:n_mar]
[ 2 12  4 11 13  3 18]
np.random.permutation(males)[0:n_mar]
[10 18  0  6 11  8 15]
np.random.permutation(males)[0:n_mar]
[ 4  7  0  8 18 12  2]
np.random.permutation(males)[0:n_mar]
[18 16  8  6  7 22  1]
np.random.permutation(males)[0:n_mar]
[ 5 10  9  3 23  1 12]
np.random.permutation(males)[0:n_mar]
[22 20 11  5  0  4 15]
np.random.permutation(males)[0:n_mar]
[ 9  8 17 14 18  0 19]
np.random.permutation(males)[0:n_mar]
[ 2 17  9  6  8 20  3]
np.random.permutation(males)[0:n_mar]
[20  4  5 22  7  9  6]
np.random.permutation(males)[0:n_mar]
[21 22  0  5  9 19 16]
np.random.permutation(males)[0:n_mar]
[17 13  5 15  9  0 11]
np.random.permutation(males)[0:n_mar]
[22  9 12 13  5  4 17]
np.random.permutation(males)[0:n_mar]
[22 16 17 12  7 11  5]
np.random.permutation(males)[0:n_mar]
[10 15  4 20 14 12  1]
np.random.permutation(males)[0:n_mar]
[21  5 19  1 13  7  2]
np.random.permutation(males)[0:n_mar]
[14 19  3  8 17  6  0]
np.random.permutation(males)[0:n_mar]
[ 4  2  3 19  0 21 17]
np.random.permutation(males)[0:n_mar]
[ 3 20 23 10  0  6 22]
np.random.permutation(males)[0:n_mar]
[10 23  1 13 17 12 20]
np.random.permutation(males)[0:n_mar]
[13  8  9 17  6 20  2]
np.random.permutation(males)[0:n_mar]
[15  9 11  5 12 21 14]
np.random.permutation(males)[0:n_mar]
[ 4 15 14 13  3 10 16]
np.random.permutation(males)[0:n_mar]
[17  0  3  6  1 16 21]
np.random.permutation(males)[0:n_mar]
[21 15 11 19  0 22  7]
np.random.permutation(males)[0:n_mar]
[ 4  9 13 22 20 23  2]
np.random.permutation(males)[0:n_mar]
[21 22  5 17 18  9 13]
np.random.permutation(males)[0:n_mar]
[13  3 12 18  0 22 21]
np.random.permutation(males)[0:n_mar]
[ 1  5 19 12  9  2 13]
np.random.permutation(males)[0:n_mar]
[ 4  2  0 15  9 20  5]
np.random.permutation(males)[0:n_mar]
[19 15 20 11 14 16  9]
np.random.permutation(males)[0:n_mar]
[18  7 13 16 14 15 21]
np.random.permutation(males)[0:n_mar]
[23  3  6  7 15  8 20]
np.random.permutation(males)[0:n_mar]
[ 9 18  6 10  0  5 11]
np.random.permutation(males)[0:n_mar]
[ 8  9 18 14 12 20  2]
np.random.permutation(males)[0:n_mar]
[ 4  6 17  1  5 20 18]
np.random.permutation(males)[0:n_mar]
[ 6 15  1 12 18  3 19]
np.random.permutation(males)[0:n_mar]
[18  2 14 22 12  3 11]
np.random.permutation(males)[0:n_mar]
[15  7  3 17  4 21 19]
np.random.permutation(males)[0:n_mar]
[ 8 13 23 19  7 22  2]
np.random.permutation(males)[0:n_mar]
[ 2  7 12 14  9 22 19]
np.random.permutation(males)[0:n_mar]
[ 2  0  9  3  7 14 15]
np.random.permutation(males)[0:n_mar]
[10  3 19  0  4 12 22]
np.random.permutation(males)[0:n_mar]
[ 0  7  3  9 19 13 12]
np.random.permutation(males)[0:n_mar]
[ 3  1 12 15 22  6 14]
np.random.permutation(males)[0:n_mar]
[18  8  0 13  9 17 19]
np.random.permutation(males)[0:n_mar]
[10  3 17 16 19  8 22]
np.random.permutation(males)[0:n_mar]
[17  6  3 11  7  9  8]
np.random.permutation(males)[0:n_mar]
[20  9 11  6  0 22 12]
np.random.permutation(males)[0:n_mar]
[21 20 22  3  7 10 16]
np.random.permutation(males)[0:n_mar]
[16 23 17  9 15 10 14]
np.random.permutation(males)[0:n_mar]
[19 18 22 11  5 14 16]
np.random.permutation(males)[0:n_mar]
[13  9  4 16 10  3  1]
np.random.permutation(males)[0:n_mar]
[ 5 18  4  1 23 13 22]
np.random.permutation(males)[0:n_mar]
[17 13 12  6 23  7 14]
np.random.permutation(males)[0:n_mar]
[ 9 13 17 10 21 19  7]
np.random.permutation(males)[0:n_mar]
[12 16 18 13 14  6 17]
np.random.permutation(males)[0:n_mar]
[ 2 22 19 23 16 20 12]
np.random.permutation(males)[0:n_mar]
[23 15  6  1  0 21 16]
np.random.permutation(males)[0:n_mar]
[19 12 21  7 15 17  6]
np.random.permutation(males)[0:n_mar]
[22  7 12  4  8 17 19]
np.random.permutation(males)[0:n_mar]
[21  8 17  2  9  6 22]
np.random.permutation(males)[0:n_mar]
[16 20 14  1  0 22 15]
np.random.permutation(males)[0:n_mar]
[ 5 15  3 23 20 14  1]
np.random.permutation(males)[0:n_mar]
[16 17  5  0  3 23 15]
np.random.permutation(males)[0:n_mar]
[16 22 12  6 15 14  4]
np.random.permutation(males)[0:n_mar]
[20 16 17 15 11  2  1]
np.random.permutation(males)[0:n_mar]
[17  3  1 13  4 16 11]
np.random.permutation(males)[0:n_mar]
[ 4  8 21 15 11  7 14]
np.random.permutation(males)[0:n_mar]
[15 13 10  6  5  0 14]
np.random.permutation(males)[0:n_mar]
[13  6  8  0  2 12 22]
np.random.permutation(males)[0:n_mar]
[15  9 17  0 20  8  4]
np.random.permutation(males)[0:n_mar]
[18 12 19 21  4  3 13]
np.random.permutation(males)[0:n_mar]
[10 14 19  8  4 16  0]
np.random.permutation(males)[0:n_mar]
[21  5 23 20 11  8  7]
np.random.permutation(males)[0:n_mar]
[16 18  4 14  8  5 20]
np.random.permutation(males)[0:n_mar]
[14 22  6  7 17  3 13]
np.random.permutation(males)[0:n_mar]
[12  8 17  7 19  5 20]
np.random.permutation(males)[0:n_mar]
[22 19 23 17  0  9  1]
np.random.permutation(males)[0:n_mar]
[23  7 13 16  9  0  4]
np.random.permutation(males)[0:n_mar]
[ 8 13 15  9  6 11  4]
np.random.permutation(males)[0:n_mar]
[ 4  9  1 21 10 12 15]
np.random.permutation(males)[0:n_mar]
[20  5  9 13 11  3  0]
np.random.permutation(males)[0:n_mar]
[ 0 10  5  8  7 13 22]
np.random.permutation(males)[0:n_mar]
[18 20  7 13 10  1  6]
np.random.permutation(males)[0:n_mar]
[ 5  4  0 10 20  6 16]
np.random.permutation(males)[0:n_mar]
[11 15 13 16 19 10 22]
np.random.permutation(males)[0:n_mar]
[23 14  8 21  2 22  9]
np.random.permutation(males)[0:n_mar]
[ 7  3 13  9 19 22 11]
np.random.permutation(males)[0:n_mar]
[ 1 20 18  9 11 21 19]
np.random.permutation(males)[0:n_mar]
[ 4 11 22 18  2  1  5]
np.random.permutation(males)[0:n_mar]
[12 13 10  7  5 19 14]
np.random.permutation(males)[0:n_mar]
[20  9 15 12  4 18 19]
np.random.permutation(males)[0:n_mar]
[ 0  1 18 15  3 20  8]
np.random.permutation(males)[0:n_mar]
[23  2 21 17  7 14 15]
np.random.permutation(males)[0:n_mar]
[ 1  4  0  5  2 14  8]
np.random.permutation(males)[0:n_mar]
[13  0 23 11 22  2 15]
np.random.permutation(males)[0:n_mar]
[ 5 19 23 20  4  6  8]
np.random.permutation(males)[0:n_mar]
[ 7 15  4  3 10 23 18]
np.random.permutation(males)[0:n_mar]
[ 9 18 22  3 13 15  5]
np.random.permutation(males)[0:n_mar]
[16  1 12 14  4  0  6]
np.random.permutation(males)[0:n_mar]
[ 1 19  5 21 14 16  6]
np.random.permutation(males)[0:n_mar]
[23 16 21 22 20 13  6]
np.random.permutation(males)[0:n_mar]
[ 8 19 17  0  3  5 18]
np.random.permutation(males)[0:n_mar]
[20 12  2  7 23  4 18]
np.random.permutation(males)[0:n_mar]
[22 10 18  5  8  0  2]
np.random.permutation(males)[0:n_mar]
[12 13  8 22  5 20  6]
np.random.permutation(males)[0:n_mar]
[23 11  9 20 16 19 21]
np.random.permutation(males)[0:n_mar]
[20 15 17 12  1  0 22]
np.random.permutation(males)[0:n_mar]
[ 2 14  3 19  8  5  0]
np.random.permutation(males)[0:n_mar]
[ 8 10  0  6 17 14 15]
np.random.permutation(males)[0:n_mar]
[15 23 14 11  6  4  2]
np.random.permutation(males)[0:n_mar]
[20 21  5 14  7 22  9]
np.random.permutation(males)[0:n_mar]
[ 4 13 20 16  1  6  7]
np.random.permutation(males)[0:n_mar]
[19  6 15 17 14  8 22]
np.random.permutation(males)[0:n_mar]
[12 20 19 14  5  9 22]
np.random.permutation(males)[0:n_mar]
[12  0 10 22 17 19  1]
np.random.permutation(males)[0:n_mar]
[12  0 20  9 10  3  5]
np.random.permutation(males)[0:n_mar]
[21 16 22  3 10 15 17]
np.random.permutation(males)[0:n_mar]
[14  5 15 13  2 17 21]
np.random.permutation(males)[0:n_mar]
[ 8 11 15 17 23 13  3]
np.random.permutation(males)[0:n_mar]
[15 10  3  9 11  8  6]
np.random.permutation(males)[0:n_mar]
[14  3  7  9  4 19  6]
np.random.permutation(males)[0:n_mar]
[ 3  1 18 17 22 15  0]
np.random.permutation(males)[0:n_mar]
[21 12 19 14 15 11  4]
np.random.permutation(males)[0:n_mar]
[13 18 22  5  6  3 15]
np.random.permutation(males)[0:n_mar]
[11 10  1 22  0  7 23]
np.random.permutation(males)[0:n_mar]
[ 1  5 17  9  7  8 14]
np.random.permutation(males)[0:n_mar]
[22  4  1 20  9  6  7]
np.random.permutation(males)[0:n_mar]
[11  5  0 10 20 15 16]
np.random.permutation(males)[0:n_mar]
[20 19 10 21  4  7  8]
np.random.permutation(males)[0:n_mar]
[16 12 15 19 22  2 14]
np.random.permutation(males)[0:n_mar]
[12 22 19  5  1 13  8]
np.random.permutation(males)[0:n_mar]
[19 11 12  7 21 13  2]
np.random.permutation(males)[0:n_mar]
[19  5 14  4  1 10 23]
np.random.permutation(males)[0:n_mar]
[22  3  1 10 15 13  4]
np.random.permutation(males)[0:n_mar]
[ 3  2 22 18  7 14 19]
np.random.permutation(males)[0:n_mar]
[ 5 11  3  4 23 14 12]
np.random.permutation(males)[0:n_mar]
[ 7 13  6 12  1 10 18]
np.random.permutation(males)[0:n_mar]
[22 14 21  7  9 11  8]
np.random.permutation(males)[0:n_mar]
[21 15  8  6  1 14 19]
np.random.permutation(males)[0:n_mar]
[14  5 12 10  4  0 15]
np.random.permutation(males)[0:n_mar]
[12 15 13 10  6 22  0]
np.random.permutation(males)[0:n_mar]
[19 23 17  2 16  1 22]
np.random.permutation(males)[0:n_mar]
[19 11  9  4 14 20  2]
np.random.permutation(males)[0:n_mar]
[18 13  6 10  4  0 19]
np.random.permutation(males)[0:n_mar]
[ 0 22 11 17  1 23 10]
np.random.permutation(males)[0:n_mar]
[ 3 17  9 21 23 20 10]
np.random.permutation(males)[0:n_mar]
[22 23 20  7 16 12 18]
np.random.permutation(males)[0:n_mar]
[13 20  7 22 10  3  4]
np.random.permutation(males)[0:n_mar]
[16  6 12 14  7 11  0]
np.random.permutation(males)[0:n_mar]
[ 2 23 19  9 20 14  8]
np.random.permutation(males)[0:n_mar]
[ 3 14 11 12 16  6 21]
np.random.permutation(males)[0:n_mar]
[22 16  8 15 21  7 13]
np.random.permutation(males)[0:n_mar]
[13  7  1 22 14  5 18]
np.random.permutation(males)[0:n_mar]
[ 3  1  9 17 14 19 16]
np.random.permutation(males)[0:n_mar]
[13 12 18  0 16 22 19]
np.random.permutation(males)[0:n_mar]
[ 0 19 17  7  4 21 11]
np.random.permutation(males)[0:n_mar]
[11 17 21  3 16 20  0]
np.random.permutation(males)[0:n_mar]
[ 0  8  4  3  5  2 13]
np.random.permutation(males)[0:n_mar]
[ 8  1 18 10 22  4 13]
np.random.permutation(males)[0:n_mar]
[16 19 18 23  0  6  2]
np.random.permutation(males)[0:n_mar]
[ 7 14  2 11 10  0 12]
np.random.permutation(males)[0:n_mar]
[ 8 13 17 12 23  6 22]
np.random.permutation(males)[0:n_mar]
[10  7 13 18 20 14  3]
np.random.permutation(males)[0:n_mar]
[ 2  1 19 18  3  6 23]
np.random.permutation(males)[0:n_mar]
[ 6  4 11 12  1  9 18]
np.random.permutation(males)[0:n_mar]
[ 5  7  1 17 22 23 18]
np.random.permutation(males)[0:n_mar]
[ 7 20  3 16  5 14 11]
np.random.permutation(males)[0:n_mar]
[21  0  2 18 15 16 20]
np.random.permutation(males)[0:n_mar]
[18  9 21  3  8 14  4]
np.random.permutation(males)[0:n_mar]
[11  9  5 18 14 10 15]
np.random.permutation(males)[0:n_mar]
[ 6 17 21 20 12 19 14]
np.random.permutation(males)[0:n_mar]
[ 6 23 20  8 21  1  2]
np.random.permutation(males)[0:n_mar]
[ 5 21  9  7  3  1 18]
np.random.permutation(males)[0:n_mar]
[ 7 21 23 14 10  3 11]
np.random.permutation(males)[0:n_mar]
[ 7 23  9 15  1 11 22]
np.random.permutation(males)[0:n_mar]
[16 15  5 23  8  0  1]
np.random.permutation(males)[0:n_mar]
[ 7 23 10  8 12  1  6]
np.random.permutation(males)[0:n_mar]
[12  8 17 23 22  7  9]
np.random.permutation(males)[0:n_mar]
[ 4  5 15  3  6 12 11]
np.random.permutation(males)[0:n_mar]
[17  4  6  9 11 16 14]
np.random.permutation(males)[0:n_mar]
[16  9 17 22  8 23 21]
np.random.permutation(males)[0:n_mar]
[14 19 13 15  7 18  6]
np.random.permutation(males)[0:n_mar]
[23  3 11 14  8 19  2]
np.random.permutation(males)[0:n_mar]
[ 3 19 16  1 15 13 17]
np.random.permutation(males)[0:n_mar]
[18 14 23 19  2 16  1]
np.random.permutation(males)[0:n_mar]
[ 8  4 23 22 11  5 13]
np.random.permutation(males)[0:n_mar]
[22 14  3 18 12 15 23]
np.random.permutation(males)[0:n_mar]
[ 3 13 22  8  7  4 21]
np.random.permutation(males)[0:n_mar]
[14  1 16 18  6  0 20]
np.random.permutation(males)[0:n_mar]
[10  6  7  5  0 13  1]
np.random.permutation(males)[0:n_mar]
[21  7 15 18  6 22 12]
np.random.permutation(males)[0:n_mar]
[10 20 14 18  6 16 15]
np.random.permutation(males)[0:n_mar]
[ 4  0  2 10 21 15 20]
np.random.permutation(males)[0:n_mar]
[ 7 12 14 19 21 13  5]
np.random.permutation(males)[0:n_mar]
[22 15 20 10  0  1  5]
np.random.permutation(males)[0:n_mar]
[ 1 18  2  7  6 15 22]
np.random.permutation(males)[0:n_mar]
[ 7 18 21  8  0 22 16]
np.random.permutation(males)[0:n_mar]
[21 17 11  3 20  4  5]
np.random.permutation(males)[0:n_mar]
[17 23 21 14 19  3 13]
np.random.permutation(males)[0:n_mar]
[22 13 20 16 23 17  4]
np.random.permutation(males)[0:n_mar]
[ 2 12 18 17 15 13 20]
np.random.permutation(males)[0:n_mar]
[22  3  6 18 17 21 13]
np.random.permutation(males)[0:n_mar]
[ 1  0  4  2  5 19  7]
np.random.permutation(males)[0:n_mar]
[14 10  7  0  6 18 19]
np.random.permutation(males)[0:n_mar]
[19 14  6  1 22 16  2]
np.random.permutation(males)[0:n_mar]
[19  9  8  2 16  5 18]
np.random.permutation(males)[0:n_mar]
[18  9 13 22 15  8 10]
np.random.permutation(males)[0:n_mar]
[ 1 11  7 14  0 12  9]
np.random.permutation(males)[0:n_mar]
[21  9 15 11 13 22  6]
np.random.permutation(males)[0:n_mar]
[ 1 18 23 16  3 13  5]
np.random.permutation(males)[0:n_mar]
[20  4 17 15  3 19  7]
np.random.permutation(males)[0:n_mar]
[19  8  7 20 18  2 11]
np.random.permutation(males)[0:n_mar]
[13 20 14 18 19 22  6]
np.random.permutation(males)[0:n_mar]
[13  4 16  6  7 22 19]
np.random.permutation(males)[0:n_mar]
[22 16 12  9 18  2 11]
np.random.permutation(males)[0:n_mar]
[ 3 23  8 15 17 18  5]
np.random.permutation(males)[0:n_mar]
[12  3  2 22 11 13  0]
np.random.permutation(males)[0:n_mar]
[13 16 20 17 14 11  3]
np.random.permutation(males)[0:n_mar]
[ 5  7 14  4  9 18 15]
np.random.permutation(males)[0:n_mar]
[11 18  6  2  9  3 23]
np.random.permutation(males)[0:n_mar]
[ 2 21 10  4 23  0 12]
np.random.permutation(males)[0:n_mar]
[ 0 16  7  5  9 17 20]
np.random.permutation(males)[0:n_mar]
[15 14  1  4 23 17 20]
np.random.permutation(males)[0:n_mar]
[ 9  1 20  3 23 21 22]
np.random.permutation(males)[0:n_mar]
[12 23 11  4 10  8  7]
np.random.permutation(males)[0:n_mar]
[ 9 15  5  2 13 22 20]
np.random.permutation(males)[0:n_mar]
[18 23 11 10 13 22 21]
np.random.permutation(males)[0:n_mar]
[10 22 19  6  5  2  8]
np.random.permutation(males)[0:n_mar]
[20  3 17  5 16 10  0]
np.random.permutation(males)[0:n_mar]
[12 23 15 10  2 16  3]
np.random.permutation(males)[0:n_mar]
[11 13 17  7  4 22  0]
np.random.permutation(males)[0:n_mar]
[12 15 10  4 17  9  5]
np.random.permutation(males)[0:n_mar]
[ 2  6 19  7 12 22 23]
np.random.permutation(males)[0:n_mar]
[20 11 14  5 13 17  7]
np.random.permutation(males)[0:n_mar]
[20  8 14  4 11  5 12]
np.random.permutation(males)[0:n_mar]
[14 13  7 11  5  1 15]
np.random.permutation(males)[0:n_mar]
[21  9  2  1 11  0 15]
np.random.permutation(males)[0:n_mar]
[16  4 18  0 23 14  3]
np.random.permutation(males)[0:n_mar]
[ 8 21 14  5  0 12  2]
np.random.permutation(males)[0:n_mar]
[ 7 11 19  9 17 22  3]
np.random.permutation(males)[0:n_mar]
[13 20 12 11  4  2 16]
np.random.permutation(males)[0:n_mar]
[21  8 14 22 16 15  3]
np.random.permutation(males)[0:n_mar]
[ 4 21 11 10  7 16 20]
np.random.permutation(males)[0:n_mar]
[18 23 15  2  4  8 21]
np.random.permutation(males)[0:n_mar]
[ 1 19 13 12 20  8 21]
np.random.permutation(males)[0:n_mar]
[ 1 18 12  8  6 16 22]
np.random.permutation(males)[0:n_mar]
[21 22  5 19  6  7 10]
np.random.permutation(males)[0:n_mar]
[17 20 13 22 12 16  9]
np.random.permutation(males)[0:n_mar]
[17  9 14  8  6 10 23]
np.random.permutation(males)[0:n_mar]
[14  1  3 22 11 23 20]
np.random.permutation(males)[0:n_mar]
[ 2 13 21 16 14  5  3]
np.random.permutation(males)[0:n_mar]
[18  7 13  3  8  1  4]
np.random.permutation(males)[0:n_mar]
[22  9  5 15 23 17  4]
np.random.permutation(males)[0:n_mar]
[11  8 23 21 13  0 20]
np.random.permutation(males)[0:n_mar]
[22 20 21 15  4  6 19]
np.random.permutation(males)[0:n_mar]
[23 13 15 16 21 11  5]
np.random.permutation(males)[0:n_mar]
[14  7  5 15  1  3 12]
np.random.permutation(males)[0:n_mar]
[11  2 18 15  6  0 13]
np.random.permutation(males)[0:n_mar]
[ 1  0 22 16 12  6 14]
np.random.permutation(males)[0:n_mar]
[ 6 18 23 16 12 15  2]
np.random.permutation(males)[0:n_mar]
[13 17 19  2 11  1  0]
np.random.permutation(males)[0:n_mar]
[10 22 19  7  4  0 14]
np.random.permutation(males)[0:n_mar]
[22 20 10 23 14 16  0]
np.random.permutation(males)[0:n_mar]
[17  6  8 18 10  3 21]
np.random.permutation(males)[0:n_mar]
[ 4  1  9 23 11 18 10]
np.random.permutation(males)[0:n_mar]
[ 4  1  0  9 17  7  5]
np.random.permutation(males)[0:n_mar]
[18 20 10  7 11 12  4]
np.random.permutation(males)[0:n_mar]
[19 17 11 18 10 20 23]
np.random.permutation(males)[0:n_mar]
[ 3  7  2 17  4  5  0]
np.random.permutation(males)[0:n_mar]
[17  7  2 16  5 22 15]
np.random.permutation(males)[0:n_mar]
[ 0 21 12 19  5  7  3]
np.random.permutation(males)[0:n_mar]
[11 10  5 21  8 22  0]
np.random.permutation(males)[0:n_mar]
[ 2 12 20  5 22  0 23]
np.random.permutation(males)[0:n_mar]
[17  4  7  5  9 19 11]
np.random.permutation(males)[0:n_mar]
[14  4 20 23  9 21 10]
np.random.permutation(males)[0:n_mar]
[ 6 14 19  0 21  4 11]
np.random.permutation(males)[0:n_mar]
[ 2  9 16  7 13 22 18]
np.random.permutation(males)[0:n_mar]
[13  3 18  5  6 23 15]
np.random.permutation(males)[0:n_mar]
[21 15 12 13 23  0  6]
np.random.permutation(males)[0:n_mar]
[18 20  7 16 23  0 14]
np.random.permutation(males)[0:n_mar]
[ 6 19 22 10  1  5 23]
np.random.permutation(males)[0:n_mar]
[12 15 13 18  8  6 16]
np.random.permutation(males)[0:n_mar]
[ 7 11  8 18 23  3  4]
