np.random.permutation(males)[0:n_mar]
[ 8 15  7  4 10  1 16 18]
np.random.permutation(males)[0:n_mar]
[22 18  8  9  6  7 11 10]
np.random.permutation(males)[0:n_mar]
[20 13 15 10 14  0  4 22]
np.random.permutation(males)[0:n_mar]
[17 22 16  4 19 13  0 11]
np.random.permutation(males)[0:n_mar]
[ 6  3  2 17 13 23 12 18]
np.random.permutation(males)[0:n_mar]
[ 5 17 20 23 11  0 16 22]
np.random.permutation(males)[0:n_mar]
[ 3 20 12 14 19 18  0 21]
np.random.permutation(males)[0:n_mar]
[ 9 21 13  6  7  0 17 16]
np.random.permutation(males)[0:n_mar]
[15  6 20  3 13 23 18 19]
np.random.permutation(males)[0:n_mar]
[18 17  9  5  1  8  6 23]
np.random.permutation(males)[0:n_mar]
[ 7  2 12  0  5 23 20 13]
np.random.permutation(males)[0:n_mar]
[21 10  9  8 15  3  1 19]
np.random.permutation(males)[0:n_mar]
[12  8 18  0  4  6 16  2]
np.random.permutation(males)[0:n_mar]
[11 22  1  6  9 21 23  5]
np.random.permutation(males)[0:n_mar]
[22  4 15  9  7 10 19  1]
np.random.permutation(males)[0:n_mar]
[20 15 21  0 10 12 23 22]
np.random.permutation(males)[0:n_mar]
[15 19 13  4  9 10 22 20]
np.random.permutation(males)[0:n_mar]
[ 5 11  0 23  2 16 12 10]
np.random.permutation(males)[0:n_mar]
[ 3 21 15 23  9 16  8  5]
np.random.permutation(males)[0:n_mar]
[17  1  5  9 16  0 13  4]
np.random.permutation(males)[0:n_mar]
[ 8 13  2 16  4 10  1 11]
np.random.permutation(males)[0:n_mar]
[21 10 18  6  1 15  9  3]
np.random.permutation(males)[0:n_mar]
[11  2  4 10 20 18 23  7]
np.random.permutation(males)[0:n_mar]
[13  1  5  3 15 18  2 21]
np.random.permutation(males)[0:n_mar]
[20  1  8 18 14 19 23 16]
np.random.permutation(males)[0:n_mar]
[ 8 11  0  7 12 17 20  2]
np.random.permutation(males)[0:n_mar]
[ 8  5  4 22 21 19 20  6]
np.random.permutation(males)[0:n_mar]
[14  1 12  4  2  3  9 22]
np.random.permutation(males)[0:n_mar]
[21 16 12 18  5  2  7  3]
np.random.permutation(males)[0:n_mar]
[ 9 15  4 23  7  5 11 22]
np.random.permutation(males)[0:n_mar]
[ 4  5  9  2 23 11  6  1]
np.random.permutation(males)[0:n_mar]
[ 1  3 23 17 14 15  2  0]
np.random.permutation(males)[0:n_mar]
[ 2  9 17 22  3 15 12  1]
np.random.permutation(males)[0:n_mar]
[10 23  1  8  0 19 20 15]
np.random.permutation(males)[0:n_mar]
[13 16 20 11 12  5 19  6]
np.random.permutation(males)[0:n_mar]
[ 4 14 20 17  3 19  0 13]
np.random.permutation(males)[0:n_mar]
[18  6  0  5 16 23 21 14]
np.random.permutation(males)[0:n_mar]
[12 11 19 16  6  1  4 17]
np.random.permutation(males)[0:n_mar]
[ 7 14  5 15  0  1 12  2]
np.random.permutation(males)[0:n_mar]
[18 12 14 10  6  2  5  4]
np.random.permutation(males)[0:n_mar]
[ 6  3 16 11  9 14 19 10]
np.random.permutation(males)[0:n_mar]
[ 3  6 13  8 16 21 18 10]
np.random.permutation(males)[0:n_mar]
[22 20 12  9 21  8  4 16]
np.random.permutation(males)[0:n_mar]
[ 4 22 14 20  0  2 18  8]
np.random.permutation(males)[0:n_mar]
[ 8  9 10 12 19  5  4 23]
np.random.permutation(males)[0:n_mar]
[ 3 13 21  4  0 22 10  1]
np.random.permutation(males)[0:n_mar]
[ 2 16  3  5  7 15 20  8]
np.random.permutation(males)[0:n_mar]
[ 7 10 11  1 15 17  2 22]
np.random.permutation(males)[0:n_mar]
[ 0  7 17 15  6 22  5 13]
np.random.permutation(males)[0:n_mar]
[ 3 20 10 17  1  0 14 23]
np.random.permutation(males)[0:n_mar]
[ 7 12 16 10  9 22 15  3]
np.random.permutation(males)[0:n_mar]
[20  0 18 15  1  8  3 14]
np.random.permutation(males)[0:n_mar]
[ 0 18  3  2 23 14 22 21]
np.random.permutation(males)[0:n_mar]
[15 16 23 17 21  9  7  4]
np.random.permutation(males)[0:n_mar]
[ 6 11  9 21 14 22 19  7]
np.random.permutation(males)[0:n_mar]
[13  8 12 17  0 19  4  9]
np.random.permutation(males)[0:n_mar]
[19 10 15 12 20 21  0 14]
np.random.permutation(males)[0:n_mar]
[ 5 20 21  9  4 22  1 11]
np.random.permutation(males)[0:n_mar]
[16 21 19 12 23  1  2 17]
np.random.permutation(males)[0:n_mar]
[21  6 10  2  4 15 17  3]
np.random.permutation(males)[0:n_mar]
[16  7 22 10 14  8 17 12]
np.random.permutation(males)[0:n_mar]
[17 14 12  3  5  1 16  7]
np.random.permutation(males)[0:n_mar]
[ 9  7  3  6 16 19 22 20]
np.random.permutation(males)[0:n_mar]
[14 15 19  1 16 21  3 11]
np.random.permutation(males)[0:n_mar]
[17  7  0  1 21  3  9 19]
np.random.permutation(males)[0:n_mar]
[19 11 22 18  3 15  9  7]
np.random.permutation(males)[0:n_mar]
[14  2  4  3 21 15 17  5]
np.random.permutation(males)[0:n_mar]
[ 2 10  0  6 14 21  4  5]
np.random.permutation(males)[0:n_mar]
[15 16 12 19 23  4  2  6]
np.random.permutation(males)[0:n_mar]
[ 3  8  7  5 10  0  6 17]
np.random.permutation(males)[0:n_mar]
[21  4  0 22 16 14 11 12]
np.random.permutation(males)[0:n_mar]
[17 20  3 11  7  4  5 15]
np.random.permutation(males)[0:n_mar]
[ 4  8 12 11  7 13  9 16]
np.random.permutation(males)[0:n_mar]
[20 14 18 10  7  9 11 21]
np.random.permutation(males)[0:n_mar]
[22  8  7  3 10 17  6  4]
np.random.permutation(males)[0:n_mar]
[ 5  7 10 22  0 15  6 18]
np.random.permutation(males)[0:n_mar]
[13 10  8 18 22 20 11 14]
np.random.permutation(males)[0:n_mar]
[10 11 12  3 22  9 18 23]
np.random.permutation(males)[0:n_mar]
[23 19  7 18 14 12  1  3]
np.random.permutation(males)[0:n_mar]
[ 6  1 20 10  2 15 12  4]
np.random.permutation(males)[0:n_mar]
[ 8 23 14 16 13  1 22  9]
np.random.permutation(males)[0:n_mar]
[16 19 21 18  9 12  3  8]
np.random.permutation(males)[0:n_mar]
[15  9  3  5 13  8 12  0]
np.random.permutation(males)[0:n_mar]
[ 9 20 11  3 10  8  5 18]
np.random.permutation(males)[0:n_mar]
[19 20  4  7  0  5 13 18]
np.random.permutation(males)[0:n_mar]
[14 10 13  0 18  2  8  9]
np.random.permutation(males)[0:n_mar]
[20  3  5  4 23  1 14  0]
np.random.permutation(males)[0:n_mar]
[ 0 21 13 22 20 12  6 18]
np.random.permutation(males)[0:n_mar]
[ 2  9  0 11  4 19 20  8]
np.random.permutation(males)[0:n_mar]
[15 16  0 18  2  6  1 14]
np.random.permutation(males)[0:n_mar]
[ 9 22 17 16  1 14 21  7]
np.random.permutation(males)[0:n_mar]
[10 19 12  8 20  6 17 23]
np.random.permutation(males)[0:n_mar]
[ 7  4 20 17 11 21  0  6]
np.random.permutation(males)[0:n_mar]
[21 13  7 12  9  2  3 15]
np.random.permutation(males)[0:n_mar]
[ 0  7 23 15 20  6 22 19]
np.random.permutation(males)[0:n_mar]
[ 4 17 18  3  0 13 16 20]
np.random.permutation(males)[0:n_mar]
[ 8  7 19 18 22 23 17 11]
np.random.permutation(males)[0:n_mar]
[15 16  9  0 12 22  2 17]
np.random.permutation(males)[0:n_mar]
[23  4 19  3 18  7 16 13]
np.random.permutation(males)[0:n_mar]
[18 15  1 16  4 22 12  3]
np.random.permutation(males)[0:n_mar]
[15  3 21  8 18  2  0 14]
np.random.permutation(males)[0:n_mar]
[21 18 13 10 15 12 19  0]
np.random.permutation(males)[0:n_mar]
[23 17  6 11  2  3  9 18]
np.random.permutation(males)[0:n_mar]
[11 15  2 21  6 23 19  5]
np.random.permutation(males)[0:n_mar]
[ 9  8 18 23 21 22 13 10]
np.random.permutation(males)[0:n_mar]
[21 13 22  4 12  5 14  8]
np.random.permutation(males)[0:n_mar]
[10  0  1  6  9 21  3  5]
np.random.permutation(males)[0:n_mar]
[ 1 22  6 20 19 18  3 23]
np.random.permutation(males)[0:n_mar]
[20 17  2 19 23 16 10 22]
np.random.permutation(males)[0:n_mar]
[16 17  7  6  4 18 10  1]
np.random.permutation(males)[0:n_mar]
[ 8 20 15  5 22 23 11 17]
np.random.permutation(males)[0:n_mar]
[23 16 19 17 12 15 10  0]
np.random.permutation(males)[0:n_mar]
[ 1 23  2 11 12  7 19 21]
np.random.permutation(males)[0:n_mar]
[22 11  6 21 14  2  5  1]
np.random.permutation(males)[0:n_mar]
[ 9 20  8  3 22 21 23 19]
np.random.permutation(males)[0:n_mar]
[14 20 12  9 18  2  1  0]
np.random.permutation(males)[0:n_mar]
[16 21 15 14  9  2  8 18]
np.random.permutation(males)[0:n_mar]
[12  0  6  1  4 18 16 14]
np.random.permutation(males)[0:n_mar]
[15 18 21  5  9  2  7  1]
np.random.permutation(males)[0:n_mar]
[20 21  2  5  0 23  6 10]
np.random.permutation(males)[0:n_mar]
[22  9  8 13  4 11  6 10]
np.random.permutation(males)[0:n_mar]
[23 11 15 16 20 13 21  5]
np.random.permutation(males)[0:n_mar]
[15  9 11 23  5  0 18  2]
np.random.permutation(males)[0:n_mar]
[ 0 22  7  4  8 11 21  2]
np.random.permutation(males)[0:n_mar]
[20  3  7  2 21 15  4 14]
np.random.permutation(males)[0:n_mar]
[17  3  6 20 21 18 14  9]
np.random.permutation(males)[0:n_mar]
[19 11 14 22  4  1  3 13]
np.random.permutation(males)[0:n_mar]
[ 9  2 21  7 23 12 20 14]
np.random.permutation(males)[0:n_mar]
[21  6 16 11 10 13  3 12]
np.random.permutation(males)[0:n_mar]
[23 12 14  1  5 10 22 11]
np.random.permutation(males)[0:n_mar]
[19  7 23 21 22  1 18  6]
np.random.permutation(males)[0:n_mar]
[10  6  0  4 23 13 12  7]
np.random.permutation(males)[0:n_mar]
[22 18  2  8  0  3 12  4]
np.random.permutation(males)[0:n_mar]
[ 3 22 18  8 16  0 12 23]
np.random.permutation(males)[0:n_mar]
[15  7  4  8  6  0 14  2]
np.random.permutation(males)[0:n_mar]
[ 3 23 17 15  1 21 20  2]
np.random.permutation(males)[0:n_mar]
[18 12 16  1  0  5 13  9]
np.random.permutation(males)[0:n_mar]
[ 3 18 16  9  7  0 22 23]
np.random.permutation(males)[0:n_mar]
[10  6 13  3 14 21  7 16]
np.random.permutation(males)[0:n_mar]
[20 17 18  4 15  1  2 13]
np.random.permutation(males)[0:n_mar]
[18  9 21 14  3 20 10 13]
np.random.permutation(males)[0:n_mar]
[14 17 15  3 10  4 20  5]
np.random.permutation(males)[0:n_mar]
[ 6 17 10  3  9 22 14  0]
np.random.permutation(males)[0:n_mar]
[21 19  5  0  9 18  8 17]
np.random.permutation(males)[0:n_mar]
[14  0 15 19  9 20 18 10]
np.random.permutation(males)[0:n_mar]
[ 5 16 17  7  0 22 15  3]
np.random.permutation(males)[0:n_mar]
[21 10 14  9 22 16 23  5]
np.random.permutation(males)[0:n_mar]
[ 0 20 10 16 12  5  6  3]
np.random.permutation(males)[0:n_mar]
[17 10  8  7  6  3  0 16]
np.random.permutation(males)[0:n_mar]
[23 20 12  9 17  3 15 13]
np.random.permutation(males)[0:n_mar]
[ 2 16 22  1 11  9 14 23]
np.random.permutation(males)[0:n_mar]
[12 11 18  1 15  8  7 10]
np.random.permutation(males)[0:n_mar]
[15  8 17  3 20 18  1 10]
np.random.permutation(males)[0:n_mar]
[ 8  0  4 23  9 11 14 12]
np.random.permutation(males)[0:n_mar]
[10  1  0 22  3 23 13  5]
np.random.permutation(males)[0:n_mar]
[13  5  0 17 23  7 21 16]
np.random.permutation(males)[0:n_mar]
[21  7  2 11 14 22  5  1]
np.random.permutation(males)[0:n_mar]
[10 13 11 21  4  2  6 12]
np.random.permutation(males)[0:n_mar]
[10 16  5 20 21  2 15  1]
np.random.permutation(males)[0:n_mar]
[15  5 13 16  9 14  7  4]
np.random.permutation(males)[0:n_mar]
[15 23 19  6  3  7 18 14]
np.random.permutation(males)[0:n_mar]
[11 12  2 19  4  5  6 10]
np.random.permutation(males)[0:n_mar]
[ 3 15  6  5  7 13 12 16]
np.random.permutation(males)[0:n_mar]
[21  9 14 15 16  3  7  2]
np.random.permutation(males)[0:n_mar]
[19  9  3  5 10 11  1 17]
np.random.permutation(males)[0:n_mar]
[ 4  9 18  0 10 17 12  8]
np.random.permutation(males)[0:n_mar]
[ 2  0  5 10  7 16 18  8]
np.random.permutation(males)[0:n_mar]
[21 20  7  8 13 16 18  1]
np.random.permutation(males)[0:n_mar]
[18 21  8  4 20 23 22 10]
np.random.permutation(males)[0:n_mar]
[21 13  7  9 19  2 15 22]
np.random.permutation(males)[0:n_mar]
[ 6 14  0  4  1 21 20 13]
np.random.permutation(males)[0:n_mar]
[12 14 20  0  8 21  1  3]
np.random.permutation(males)[0:n_mar]
[ 6 20  9  8 13  7 12 18]
np.random.permutation(males)[0:n_mar]
[ 4 18  1  8 16 10  6  2]
np.random.permutation(males)[0:n_mar]
[16  3 12 21  1  6 15 11]
np.random.permutation(males)[0:n_mar]
[15 17  3 18 13  8  9 16]
np.random.permutation(males)[0:n_mar]
[17  9 18  6 10 12 19 22]
np.random.permutation(males)[0:n_mar]
[23  6 18 21  9  0  2 16]
np.random.permutation(males)[0:n_mar]
[ 3  0 17 22  6 18 10  1]
np.random.permutation(males)[0:n_mar]
[ 2 12 22 17 15 13  0 14]
np.random.permutation(males)[0:n_mar]
[22  8 21  1 15  3 17 23]
np.random.permutation(males)[0:n_mar]
[17  1  7  4  3 11 20  8]
np.random.permutation(males)[0:n_mar]
[ 0 11  5 13 21 18 16 10]
np.random.permutation(males)[0:n_mar]
[ 0  8 19  6  7 12 15  2]
np.random.permutation(males)[0:n_mar]
[18 12  3 15  5 19 21 23]
np.random.permutation(males)[0:n_mar]
[23  8  4 21 22 17  7 20]
np.random.permutation(males)[0:n_mar]
[23 12 18 14  6 19 21  1]
np.random.permutation(males)[0:n_mar]
[ 6 16  1 12 22 14 10  7]
np.random.permutation(males)[0:n_mar]
[23  4 13  3 18 10  2  8]
np.random.permutation(males)[0:n_mar]
[ 9 19 21  3  6 20  0 15]
np.random.permutation(males)[0:n_mar]
[ 7 23 14 19  3  5 16 21]
np.random.permutation(males)[0:n_mar]
[11 19 17  5 21  6  7  4]
np.random.permutation(males)[0:n_mar]
[20 16  5  8 19 15  3 18]
np.random.permutation(males)[0:n_mar]
[11 10  3 16  2 23  7  4]
np.random.permutation(males)[0:n_mar]
[12 17 21  1 19 10 16  8]
np.random.permutation(males)[0:n_mar]
[16 20  3 13  4  9  2  0]
np.random.permutation(males)[0:n_mar]
[13  1  7  2  6 22  9  8]
np.random.permutation(males)[0:n_mar]
[ 2 22  1  6 17  0 13 11]
np.random.permutation(males)[0:n_mar]
[11  1 22 12 23  2  3  6]
np.random.permutation(males)[0:n_mar]
[ 8  6 21 16  9 13 14 20]
np.random.permutation(males)[0:n_mar]
[12 17 18  8 15 11 21 10]
np.random.permutation(males)[0:n_mar]
[ 0 11 23  5  9 12  7 14]
np.random.permutation(males)[0:n_mar]
[ 3  8 16 20  2 23  1  9]
np.random.permutation(males)[0:n_mar]
[ 6 13 23 14  9 10 21 16]
np.random.permutation(males)[0:n_mar]
[18  3  0 22  7 12  6 10]
np.random.permutation(males)[0:n_mar]
[20 15  4  8  0 10 19 22]
np.random.permutation(males)[0:n_mar]
[20 11 13  7  5 14  3 10]
np.random.permutation(males)[0:n_mar]
[ 6 14 11 15  0 21 16  7]
np.random.permutation(males)[0:n_mar]
[15  0 16  3  7 11  5 19]
np.random.permutation(males)[0:n_mar]
[19  0  1 13 20 21  6 10]
np.random.permutation(males)[0:n_mar]
[23 22  8  1  6 17 10  0]
np.random.permutation(males)[0:n_mar]
[ 4 23 17 22 14 21 18 16]
np.random.permutation(males)[0:n_mar]
[18  5 13  1 12 21 22 16]
np.random.permutation(males)[0:n_mar]
[18  9  2 14 22  5 13 20]
np.random.permutation(males)[0:n_mar]
[17 23 20  5  7 18 22 19]
np.random.permutation(males)[0:n_mar]
[16 23  3  7  6 11  5  1]
np.random.permutation(males)[0:n_mar]
[ 4 23 10 20 17 11  5  1]
np.random.permutation(males)[0:n_mar]
[16 20  2  1 14 18  7 22]
np.random.permutation(males)[0:n_mar]
[ 6  0  3  9 14  1 18 19]
np.random.permutation(males)[0:n_mar]
[ 8 15 14  5 12 17 19 10]
np.random.permutation(males)[0:n_mar]
[ 1 17 12 14  5  4 13 22]
np.random.permutation(males)[0:n_mar]
[17  2 16 19  8 15  4 22]
np.random.permutation(males)[0:n_mar]
[ 9 18  6 20  3  0 10 21]
np.random.permutation(males)[0:n_mar]
[19 18 15  4  1 23 11  6]
np.random.permutation(males)[0:n_mar]
[12 10  7  2  8  9  0  5]
np.random.permutation(males)[0:n_mar]
[20 19  1  7  4 18 23  0]
np.random.permutation(males)[0:n_mar]
[ 3  1  5 22  7 15 23 16]
np.random.permutation(males)[0:n_mar]
[15 20 23  8 22  1 12  5]
np.random.permutation(males)[0:n_mar]
[11  0  4 12  6 13  8 18]
np.random.permutation(males)[0:n_mar]
[ 9  7 17  2 23 16 20 10]
np.random.permutation(males)[0:n_mar]
[ 4 10  0 19 17  5 18 13]
np.random.permutation(males)[0:n_mar]
[12 20  1 15  2  5  8  9]
np.random.permutation(males)[0:n_mar]
[ 2 13 18 10  7 12 14  6]
np.random.permutation(males)[0:n_mar]
[ 3 18 14  1 22 11  8  7]
np.random.permutation(males)[0:n_mar]
[ 7  3  6 18 23 11 17  9]
np.random.permutation(males)[0:n_mar]
[16 10  3  6  9 15 14 22]
np.random.permutation(males)[0:n_mar]
[ 3 12 19 17  0  4  7 21]
np.random.permutation(males)[0:n_mar]
[ 7 14 19  4  3 18 21 22]
np.random.permutation(males)[0:n_mar]
[ 8  2  5  9 14  6 11 13]
np.random.permutation(males)[0:n_mar]
[13 11 23  2  6  0 10 17]
np.random.permutation(males)[0:n_mar]
[ 2 21 20 23 14 10 18 12]
np.random.permutation(males)[0:n_mar]
[ 6 15  3 11 16 21 13 20]
np.random.permutation(males)[0:n_mar]
[ 5 19 16  8  4  0  2  6]
np.random.permutation(males)[0:n_mar]
[ 1 17 21  0 18  2 20  7]
np.random.permutation(males)[0:n_mar]
[10 12  7  8 16 11  5 14]
np.random.permutation(males)[0:n_mar]
[16 12 23  5  8 15 14  6]
np.random.permutation(males)[0:n_mar]
[ 2  9 19 18  3  8  4 16]
np.random.permutation(males)[0:n_mar]
[ 2 16 20 22 11 12 18 10]
np.random.permutation(males)[0:n_mar]
[ 0 18 23 15 13  6 20  7]
np.random.permutation(males)[0:n_mar]
[19  2 13 17 14  0  8  6]
np.random.permutation(males)[0:n_mar]
[ 0  7  1 20 11  4  9  2]
np.random.permutation(males)[0:n_mar]
[ 5 22 19  4 18 17  7 21]
np.random.permutation(males)[0:n_mar]
[ 4 15 19  2 23 13 14 12]
np.random.permutation(males)[0:n_mar]
[23  0  8  4 17  3  2  7]
np.random.permutation(males)[0:n_mar]
[ 3  2 19  7 20  9 21  6]
np.random.permutation(males)[0:n_mar]
[11 19 14 18 22  2  0  1]
np.random.permutation(males)[0:n_mar]
[ 5 10  6 18  7 21 20 15]
np.random.permutation(males)[0:n_mar]
[17  7  2 20  9 11  0  8]
np.random.permutation(males)[0:n_mar]
[ 9 15 18 12  1  6  8 20]
np.random.permutation(males)[0:n_mar]
[ 1 17 19  4  2 12  6 18]
np.random.permutation(males)[0:n_mar]
[13 18 19  6 15 12  5 10]
np.random.permutation(males)[0:n_mar]
[21 23 14  4  6  5 20  9]
np.random.permutation(males)[0:n_mar]
[14 23  5 21  8 10  2  3]
np.random.permutation(males)[0:n_mar]
[ 1  0 12  9 14  8 15  5]
np.random.permutation(males)[0:n_mar]
[16  1 15 20 19  7  3  2]
np.random.permutation(males)[0:n_mar]
[ 5 17 10 11 14 12 23 20]
np.random.permutation(males)[0:n_mar]
[17  2 12 21  1 22  3  5]
np.random.permutation(males)[0:n_mar]
[23  0 13  6 18  7  8 20]
np.random.permutation(males)[0:n_mar]
[18 22 13 21 23  6 14 20]
np.random.permutation(males)[0:n_mar]
[22  4 17 23 11  5  0 14]
np.random.permutation(males)[0:n_mar]
[21 18  2  8 23 19  7  1]
np.random.permutation(males)[0:n_mar]
[18  8 17 20 21 12 19 11]
np.random.permutation(males)[0:n_mar]
[ 4 14  8  9 15 23 20 12]
np.random.permutation(males)[0:n_mar]
[13  4 11 20 12 23  6 17]
np.random.permutation(males)[0:n_mar]
[ 3 12  6  5 11  7 21 22]
np.random.permutation(males)[0:n_mar]
[ 8 19  3 21 23 18 10  0]
np.random.permutation(males)[0:n_mar]
[ 4 16 20  3 13 18  0  6]
np.random.permutation(males)[0:n_mar]
[ 6  2  9  3 21 12 13 16]
np.random.permutation(males)[0:n_mar]
[ 8  1 14 19  4 16 12 23]
np.random.permutation(males)[0:n_mar]
[11  7  1 10 15 13  8  5]
np.random.permutation(males)[0:n_mar]
[ 4  8  7 21 11 19  0 18]
np.random.permutation(males)[0:n_mar]
[21  2  5 14  4 20 22  6]
np.random.permutation(males)[0:n_mar]
[ 4 12  3 20  7 23 11 18]
np.random.permutation(males)[0:n_mar]
[20  1 11  7 10  5  6 22]
np.random.permutation(males)[0:n_mar]
[ 4  2  6 18 12  8 10  1]
np.random.permutation(males)[0:n_mar]
[15  3 17 21 11 23 22  2]
np.random.permutation(males)[0:n_mar]
[10  8  4 21 13  3 16  7]
np.random.permutation(males)[0:n_mar]
[ 3  0 19 17 21 16  2  4]
np.random.permutation(males)[0:n_mar]
[15  3  4 11  5  1 17 18]
np.random.permutation(males)[0:n_mar]
[ 8 23 18  1 13  2  6 10]
np.random.permutation(males)[0:n_mar]
[11  8  6 19 23 12 15 20]
np.random.permutation(males)[0:n_mar]
[ 5 11 17 10  9  7  6  8]
np.random.permutation(males)[0:n_mar]
[ 5 13 19  0 10  8 14  4]
np.random.permutation(males)[0:n_mar]
[12 21 15 16 20  9  7 17]
np.random.permutation(males)[0:n_mar]
[18  5  8  9  7 12 10  3]
np.random.permutation(males)[0:n_mar]
[14  4  1 15 19  3 10  7]
np.random.permutation(males)[0:n_mar]
[ 3 22  2 20 16  8 14 11]
np.random.permutation(males)[0:n_mar]
[23  5 13  6  4  1 11 22]
np.random.permutation(males)[0:n_mar]
[19 10 22  6  2 13 16 14]
np.random.permutation(males)[0:n_mar]
[10 17  8 20 16 15  5  1]
np.random.permutation(males)[0:n_mar]
[19 17  4  9 20 22  6  0]
np.random.permutation(males)[0:n_mar]
[12 17 10  9 14  3  5  4]
np.random.permutation(males)[0:n_mar]
[23 18  2  8 12 15  3 13]
np.random.permutation(males)[0:n_mar]
[ 1  0 11 18  9 22 13  6]
np.random.permutation(males)[0:n_mar]
[ 1 16  8  6 19 14 18  0]
np.random.permutation(males)[0:n_mar]
[ 6 22 16 10  4  0 12 11]
np.random.permutation(males)[0:n_mar]
[19 14  4 10 15  9  0  7]
np.random.permutation(males)[0:n_mar]
[ 6 21 14  0 23 13 16  9]
np.random.permutation(males)[0:n_mar]
[ 9 12  7 10 19  3 13 14]
np.random.permutation(males)[0:n_mar]
[ 1  9 12  6  5  3 20 23]
np.random.permutation(males)[0:n_mar]
[ 7  1 11  5 19  6 16 12]
np.random.permutation(males)[0:n_mar]
[22  0 19  8  1  5 18 16]
np.random.permutation(males)[0:n_mar]
[ 4 20  3 14  1  0  7 22]
np.random.permutation(males)[0:n_mar]
[10 14 20  7  4 21 17  2]
np.random.permutation(males)[0:n_mar]
[11 19  2 23 12 20  4  1]
np.random.permutation(males)[0:n_mar]
[16  1  0 10 22 19 20  2]
np.random.permutation(males)[0:n_mar]
[21 23 14 20 19  9 12 10]
np.random.permutation(males)[0:n_mar]
[ 1  4  7 18 13 15 17  5]
np.random.permutation(males)[0:n_mar]
[23 17 11  0 16  2  9 20]
np.random.permutation(males)[0:n_mar]
[15  7  5 14 19 11 20 12]
np.random.permutation(males)[0:n_mar]
[ 6 15 22  5 12  3 17 16]
np.random.permutation(males)[0:n_mar]
[18  7 21 13 14 15 12  1]
np.random.permutation(males)[0:n_mar]
[19 11 14  7 10  1  4 22]
np.random.permutation(males)[0:n_mar]
[23  5  6 11 15 16  0  3]
np.random.permutation(males)[0:n_mar]
[ 9  2  8  1 20 15 16  6]
np.random.permutation(males)[0:n_mar]
[18 19 13 22 20 10 11  6]
np.random.permutation(males)[0:n_mar]
[13 11  1  6  4 10 14  9]
np.random.permutation(males)[0:n_mar]
[16 17  6 22 23  8  7 21]
np.random.permutation(males)[0:n_mar]
[20  5 12 22  3  2 11  9]
np.random.permutation(males)[0:n_mar]
[ 8  2  0 12  4 21 20 15]
np.random.permutation(males)[0:n_mar]
[23  5 17  3  0  9  1  6]
np.random.permutation(males)[0:n_mar]
[ 5  6  9 14 13 17  1 10]
np.random.permutation(males)[0:n_mar]
[12 16 23  3  0  5 22 20]
np.random.permutation(males)[0:n_mar]
[19 15  8 18 11  5 17  0]
np.random.permutation(males)[0:n_mar]
[ 6 11 22  4  3 23 20  9]
np.random.permutation(males)[0:n_mar]
[11  2  5  1  8 16 10  9]
np.random.permutation(males)[0:n_mar]
[ 3 17  1 12 15  6 18 23]
np.random.permutation(males)[0:n_mar]
[ 6 11  4 13  7  0 16  8]
np.random.permutation(males)[0:n_mar]
[20 11  1 14  3  9 19  7]
np.random.permutation(males)[0:n_mar]
[ 2  0  5  1 21  3 22  7]
np.random.permutation(males)[0:n_mar]
[ 6 16 13 17 11 18 10  2]
np.random.permutation(males)[0:n_mar]
[ 3  4  9  0 12 13  6 21]
np.random.permutation(males)[0:n_mar]
[20 18  6 16  5 12 19  7]
np.random.permutation(males)[0:n_mar]
[15 21 11 17 16 12  3  2]
np.random.permutation(males)[0:n_mar]
[ 3  7  6 15  9  4 12 19]
np.random.permutation(males)[0:n_mar]
[ 9  1  2 21 15 13 22  0]
np.random.permutation(males)[0:n_mar]
[20 15 12  2 16 18  6  8]
np.random.permutation(males)[0:n_mar]
[ 9  3  7  1 22 15  6  8]
np.random.permutation(males)[0:n_mar]
[17 14 22 19 12 16 11 10]
np.random.permutation(males)[0:n_mar]
[21 16 15 19  0 13 10  8]
np.random.permutation(males)[0:n_mar]
[ 7  3 15 12  1 17  8  9]
np.random.permutation(males)[0:n_mar]
[ 6 20  1 23 19  5  4 14]
np.random.permutation(males)[0:n_mar]
[18  5 19  9  4 20 23  2]
np.random.permutation(males)[0:n_mar]
[ 7 17 22  1 16  6  0  2]
np.random.permutation(males)[0:n_mar]
[11  0 15  6 14  1  2 20]
np.random.permutation(males)[0:n_mar]
[ 2 19 15  9  5 17 12  8]
np.random.permutation(males)[0:n_mar]
[17  5 10  1 12  3 21  2]
np.random.permutation(males)[0:n_mar]
[18  2  9  3  7 16  5 23]
np.random.permutation(males)[0:n_mar]
[11 12 15  9 20  0 23 16]
np.random.permutation(males)[0:n_mar]
[ 6  7  1  3 16 12  4 23]
np.random.permutation(males)[0:n_mar]
[16 20 17  0 18  1 12  4]
np.random.permutation(males)[0:n_mar]
[ 1 23 22  6  3 12 20  0]
np.random.permutation(males)[0:n_mar]
[ 7  0  6  9 12 16 20 21]
np.random.permutation(males)[0:n_mar]
[21  8 12 20  0 18 17  5]
np.random.permutation(males)[0:n_mar]
[21  3  6 19 15  7  0 11]
np.random.permutation(males)[0:n_mar]
[ 7 21  0 23  3 10 13 16]
np.random.permutation(males)[0:n_mar]
[22  0 11 10 18 23 14  2]
np.random.permutation(males)[0:n_mar]
[21  7  9 22  6 13  8 14]
np.random.permutation(males)[0:n_mar]
[14 18  3  6  4 12  8  0]
np.random.permutation(males)[0:n_mar]
[ 5 14 20 18 23  4 10 16]
np.random.permutation(males)[0:n_mar]
[11  4 14 19  2 10 23 17]
np.random.permutation(males)[0:n_mar]
[ 5 18 20  9 23  2  3  1]
np.random.permutation(males)[0:n_mar]
[23 17 16  8 20 15  0  5]
np.random.permutation(males)[0:n_mar]
[10  3 12  4 19  7 18 13]
np.random.permutation(males)[0:n_mar]
[22  2  1  9 11 19  8  5]
np.random.permutation(males)[0:n_mar]
[12 18 14 15 10  3  6 16]
np.random.permutation(males)[0:n_mar]
[ 9 16  7 23  2 22 10 18]
np.random.permutation(males)[0:n_mar]
[12 21 11 17 22 19  6  4]
np.random.permutation(males)[0:n_mar]
[ 3 13 11  7 19  8  4 12]
np.random.permutation(males)[0:n_mar]
[ 0  5 14 20 15 13 18  2]
np.random.permutation(males)[0:n_mar]
[14  9  2  4 12 13 18 15]
np.random.permutation(males)[0:n_mar]
[10 23  1 20 17  3 18 21]
np.random.permutation(males)[0:n_mar]
[16 18 19  3 17 20  1 13]
np.random.permutation(males)[0:n_mar]
[20  2 22  7 11  5  8  0]
np.random.permutation(males)[0:n_mar]
[ 1 14  4  9 13 10 17  7]
np.random.permutation(males)[0:n_mar]
[10 12 14 22  1 11  4  9]
np.random.permutation(males)[0:n_mar]
[ 1 13  5 11 23 16  9 14]
np.random.permutation(males)[0:n_mar]
[ 6  8 16 11 19  4  7  5]
np.random.permutation(males)[0:n_mar]
[ 4 22 12 23  6  9  3 10]
np.random.permutation(males)[0:n_mar]
[ 8 22  5 23  2 11 10  6]
np.random.permutation(males)[0:n_mar]
[ 7 18  5 14 11  4 16 23]
np.random.permutation(males)[0:n_mar]
[20 21  7  6 16 10  0  8]
np.random.permutation(males)[0:n_mar]
[12 10  5  9 11 14 23  3]
np.random.permutation(males)[0:n_mar]
[17 11  8 23  5 20 14 15]
np.random.permutation(males)[0:n_mar]
[22  9  4 11  5  8 14 23]
np.random.permutation(males)[0:n_mar]
[16 14 11  8  5  1 20 17]
np.random.permutation(males)[0:n_mar]
[13 18  2 10  4 23 16 20]
np.random.permutation(males)[0:n_mar]
[ 6 19 17 13 16 20  5 12]
np.random.permutation(males)[0:n_mar]
[13 22 16  7 17 14  2 19]
np.random.permutation(males)[0:n_mar]
[10 11 17 16 13  0  8 15]
np.random.permutation(males)[0:n_mar]
[23 12  0  8 20 10  9 16]
np.random.permutation(males)[0:n_mar]
[14  8 23  2 15  0  5 10]
np.random.permutation(males)[0:n_mar]
[17  1 18 13 12  4  3 23]
np.random.permutation(males)[0:n_mar]
[11 12  5 21 23  0 18 17]
np.random.permutation(males)[0:n_mar]
[11 23  8 15 21 14 10  7]
np.random.permutation(males)[0:n_mar]
[ 3 13  7 16 20  0 21 11]
np.random.permutation(males)[0:n_mar]
[20 13 17 15  7 22 21 19]
np.random.permutation(males)[0:n_mar]
[ 3  5 13 10 21 14 15 23]
np.random.permutation(males)[0:n_mar]
[ 0  8 15 11 20  7 16 23]
np.random.permutation(males)[0:n_mar]
[11 15 21 17  4 19  6  8]
np.random.permutation(males)[0:n_mar]
[ 7 14 16  5 15 23  9 18]
np.random.permutation(males)[0:n_mar]
[10 14 23  7 11  2 21 18]
np.random.permutation(males)[0:n_mar]
[ 7 14 23  9  8 11 16 19]
np.random.permutation(males)[0:n_mar]
[ 4  5  6 17  3  8  0  1]
np.random.permutation(males)[0:n_mar]
[ 2  3  9  5 23 11  4  1]
np.random.permutation(males)[0:n_mar]
[20  3 15 14  7  4  8 21]
np.random.permutation(males)[0:n_mar]
[15 12  6  7  8  1 11  5]
np.random.permutation(males)[0:n_mar]
[ 1 12 18 23 15  3 10 17]
np.random.permutation(males)[0:n_mar]
[16 13  5  2 17  7  8 20]
np.random.permutation(males)[0:n_mar]
[14  1 23  9 18 10  2 11]
np.random.permutation(males)[0:n_mar]
[11  6 23 14  8  1  9 16]
np.random.permutation(males)[0:n_mar]
[13  8 17 20  7 10  0  4]
np.random.permutation(males)[0:n_mar]
[11 20 18 19 15  6 17  7]
np.random.permutation(males)[0:n_mar]
[10  0  5  4 19 17 23  6]
np.random.permutation(males)[0:n_mar]
[15 13 19 18 11  0 12  3]
np.random.permutation(males)[0:n_mar]
[ 5  0 21  1  7 15 20 17]
np.random.permutation(males)[0:n_mar]
[10 14 17 13  1  4 16  9]
np.random.permutation(males)[0:n_mar]
[12 17 22 15  6  4  7 19]
np.random.permutation(males)[0:n_mar]
[ 6  7 22  9 19  3 14 21]
np.random.permutation(males)[0:n_mar]
[12 23  1  7  3  4 22 15]
np.random.permutation(males)[0:n_mar]
[15 20  7 11  8 12 16  1]
np.random.permutation(males)[0:n_mar]
[13 16  1 23 19  3  8  0]
np.random.permutation(males)[0:n_mar]
[22 15 11 18 19  1  3  4]
np.random.permutation(males)[0:n_mar]
[19 15 20  1 12  5 22  6]
np.random.permutation(males)[0:n_mar]
[ 8 11  4  2 18  1 16 19]
np.random.permutation(males)[0:n_mar]
[14 18 22 19  9  8  1  7]
np.random.permutation(males)[0:n_mar]
[13  0 22 20 23 19  6 15]
np.random.permutation(males)[0:n_mar]
[ 3 14  7  4 17  2 10 22]
np.random.permutation(males)[0:n_mar]
[11 14 17  9  1  4 18  5]
np.random.permutation(males)[0:n_mar]
[ 8  9 12 23 19 20  1  2]
np.random.permutation(males)[0:n_mar]
[14  4 22 23 18 10  1 15]
np.random.permutation(males)[0:n_mar]
[10 21 23 11  5 17  4 20]
np.random.permutation(males)[0:n_mar]
[18 13  9  6 14  5 15  8]
np.random.permutation(males)[0:n_mar]
[ 0 12  6 20 16 18 17 13]
np.random.permutation(males)[0:n_mar]
[23 22  0 13 19 18 10 20]
np.random.permutation(males)[0:n_mar]
[16 19  8 23  6 10 15 18]
np.random.permutation(males)[0:n_mar]
[ 6 15  4  3 14 20 18 23]
np.random.permutation(males)[0:n_mar]
[ 7 13 21  3  1 15  6 19]
np.random.permutation(males)[0:n_mar]
[ 3 13 18 23  6  2 21 14]
np.random.permutation(males)[0:n_mar]
[10 22  1  0 21  8 20 23]
np.random.permutation(males)[0:n_mar]
[ 5  1  0  7 15 17  6 16]
np.random.permutation(males)[0:n_mar]
[17  8  2 15  9 14  6 20]
np.random.permutation(males)[0:n_mar]
[22  6  2 16 11  3 12  4]
np.random.permutation(males)[0:n_mar]
[21 12 13  7 15 14  8  1]
np.random.permutation(males)[0:n_mar]
[11 13 19 12 20  4  9  2]
np.random.permutation(males)[0:n_mar]
[11  9  4 16  8  6 10 14]
np.random.permutation(males)[0:n_mar]
[21 22 11 23  4  0  8 19]
np.random.permutation(males)[0:n_mar]
[23 15 19 13  9  3 18  6]
np.random.permutation(males)[0:n_mar]
[17  6  5 12  3  8  7 16]
np.random.permutation(males)[0:n_mar]
[12  8  0  7 22 14 16  3]
np.random.permutation(males)[0:n_mar]
[ 8  3 12 21  7 11 13 10]
np.random.permutation(males)[0:n_mar]
[ 1 15  6 11 12  4  2 13]
np.random.permutation(males)[0:n_mar]
[13  9  4 19 18  0  7 20]
np.random.permutation(males)[0:n_mar]
[ 3 21 12 18 14  2  5  0]
np.random.permutation(males)[0:n_mar]
[23  8  5 22 20 17 18  2]
np.random.permutation(males)[0:n_mar]
[ 3 16  1 15  4  5 10 21]
np.random.permutation(males)[0:n_mar]
[ 7 11 19  1 20  8  5 16]
np.random.permutation(males)[0:n_mar]
[ 1  5  4 22 11 17 20  6]
np.random.permutation(males)[0:n_mar]
[15 21  6  5 16 13 17 12]
np.random.permutation(males)[0:n_mar]
[15  1  7 23 13 17 16  0]
np.random.permutation(males)[0:n_mar]
[ 7 15 17 11 22  6 19 16]
np.random.permutation(males)[0:n_mar]
[13  1 10 22 11 12  8 18]
np.random.permutation(males)[0:n_mar]
[12 13  7  9 22 18 15  6]
np.random.permutation(males)[0:n_mar]
[12  7 10 19 18 14  5  8]
np.random.permutation(males)[0:n_mar]
[ 6 18 12 20  8  1  9  4]
np.random.permutation(males)[0:n_mar]
[15 19  4 13 22 18 14 20]
np.random.permutation(males)[0:n_mar]
[10  2 22  6 18  9 15 13]
np.random.permutation(males)[0:n_mar]
[ 9  4 11 20 15 23 17 16]
np.random.permutation(males)[0:n_mar]
[ 0  8 20 18 23  7 14 15]
np.random.permutation(males)[0:n_mar]
[11 10  6  9 12  1 16  7]
np.random.permutation(males)[0:n_mar]
[ 3 18  1  8  2 15 11 19]
np.random.permutation(males)[0:n_mar]
[21  3  5 23  2 19  6 17]
np.random.permutation(males)[0:n_mar]
[10  0 11 19 18 20 15 12]
np.random.permutation(males)[0:n_mar]
[ 0  2 16 21 20  9 12 11]
np.random.permutation(males)[0:n_mar]
[ 6 11 15  3  5 13 12 14]
np.random.permutation(males)[0:n_mar]
[17  1 22 12 19 14 23 13]
np.random.permutation(males)[0:n_mar]
[ 1 10 19 13  5 11 15 23]
np.random.permutation(males)[0:n_mar]
[19 17 21  1 22 15 10 16]
np.random.permutation(males)[0:n_mar]
[ 3  4 12 18  2  6 14 20]
np.random.permutation(males)[0:n_mar]
[14 10 18  0 21 15 23  1]
np.random.permutation(males)[0:n_mar]
[ 2 17 10  8 23 21 14  1]
np.random.permutation(males)[0:n_mar]
[10 20 14  4 15  7 11  6]
np.random.permutation(males)[0:n_mar]
[ 9 14 16 11  4  0 15  1]
np.random.permutation(males)[0:n_mar]
[ 5 15 22  1 20 10 18  9]
np.random.permutation(males)[0:n_mar]
[ 4 19  7  8  1  9  6  0]
np.random.permutation(males)[0:n_mar]
[ 6 15  7 17 23  5 18  2]
np.random.permutation(males)[0:n_mar]
[13  3 20  9 14  4 19 23]
np.random.permutation(males)[0:n_mar]
[ 9 10  5  6 12  2 16 19]
np.random.permutation(males)[0:n_mar]
[23 10  2  1 21  6 15  7]
np.random.permutation(males)[0:n_mar]
[ 5 22  0 19  9 14 21 11]
np.random.permutation(males)[0:n_mar]
[13 14  0 20 23 21 10  5]
np.random.permutation(males)[0:n_mar]
[11 19  6  5  7 18 10 12]
np.random.permutation(males)[0:n_mar]
[19 10  8  7 13 18  0 17]
np.random.permutation(males)[0:n_mar]
[ 8 15  3  1  4 20  9  5]
np.random.permutation(males)[0:n_mar]
[18 12 16  9 20 11  6 17]
np.random.permutation(males)[0:n_mar]
[10  7 21  2 23  9 11  0]
np.random.permutation(males)[0:n_mar]
[ 2 19 14  3 18  8  6 12]
np.random.permutation(males)[0:n_mar]
[14 17 22  3 16  5  4 11]
np.random.permutation(males)[0:n_mar]
[20 15 11 23 17 14  6 16]
np.random.permutation(males)[0:n_mar]
[15 20  7 19 12 16 13  2]
np.random.permutation(males)[0:n_mar]
[12 17 22 21  4  7 16 10]
np.random.permutation(males)[0:n_mar]
[19  0  8 10 20 12  5 18]
np.random.permutation(males)[0:n_mar]
[10 16 12 20  1 14 18 23]
np.random.permutation(males)[0:n_mar]
[11 19 14 10  7 18  5  2]
np.random.permutation(males)[0:n_mar]
[ 0  9 18  7 17 13 16 22]
np.random.permutation(males)[0:n_mar]
[12  9 20 10  4 13  8 18]
np.random.permutation(males)[0:n_mar]
[11  2  0  7  1 16 22  9]
np.random.permutation(males)[0:n_mar]
[10 20 13 14 17  3 23  9]
np.random.permutation(males)[0:n_mar]
[15 18  4  2 21  7 17 11]
np.random.permutation(males)[0:n_mar]
[ 1 15 16 14 12 11  3  2]
np.random.permutation(males)[0:n_mar]
[ 6 11 16 15  9 23  0 22]
np.random.permutation(males)[0:n_mar]
[10 17  7  0  8 18  6 21]
np.random.permutation(males)[0:n_mar]
[20  7 10 22  1 19 23 16]
np.random.permutation(males)[0:n_mar]
[15 16  0  9 11  7 10  2]
np.random.permutation(males)[0:n_mar]
[22 20  3  2  1 19  9 16]
np.random.permutation(males)[0:n_mar]
[17 23  5 20  6  0  4 22]
np.random.permutation(males)[0:n_mar]
[ 1  6 21  0  7 16 20  8]
np.random.permutation(males)[0:n_mar]
[12 11 17 14  9  5  8 16]
np.random.permutation(males)[0:n_mar]
[ 8 13 11 15  7  0 16  5]
np.random.permutation(males)[0:n_mar]
[ 7  2  0 17 13 11 22 20]
np.random.permutation(males)[0:n_mar]
[18 20 12  6 10 15  0  7]
np.random.permutation(males)[0:n_mar]
[10  0 15 20 23  7 21  2]
np.random.permutation(males)[0:n_mar]
[ 2 16 19 11 20  5 18 14]
np.random.permutation(males)[0:n_mar]
[ 5 17 21 22 14  8  9 10]
np.random.permutation(males)[0:n_mar]
[12 22 10  6 20  4 14  2]
np.random.permutation(males)[0:n_mar]
[ 0 17 14  4  3 23 12  5]
np.random.permutation(males)[0:n_mar]
[18  6 14 19 23 15  3  5]
np.random.permutation(males)[0:n_mar]
[ 6 19 15 12  4  5 10  1]
np.random.permutation(males)[0:n_mar]
[22 11  4  8  7  3 15 13]
np.random.permutation(males)[0:n_mar]
[ 3  9  0 11  8  2  7 12]
np.random.permutation(males)[0:n_mar]
[17 12 20  0  5  2  7  3]
np.random.permutation(males)[0:n_mar]
[15 23 12 18 17  3 22 20]
np.random.permutation(males)[0:n_mar]
[ 4  6  1 21 15 13 23 16]
np.random.permutation(males)[0:n_mar]
[11  0 21  1 14  7  4  9]
np.random.permutation(males)[0:n_mar]
[12 20 11 16  3  0 15 19]
np.random.permutation(males)[0:n_mar]
[ 3  1 23 12 14 16 10 21]
np.random.permutation(males)[0:n_mar]
[14  9 13  5 21 15 18 10]
np.random.permutation(males)[0:n_mar]
[21  1  3 18 11 15  7  8]
np.random.permutation(males)[0:n_mar]
[14  6 13 22 19 21 15 17]
np.random.permutation(males)[0:n_mar]
[ 9 16 19  2  8 20 21 14]
np.random.permutation(males)[0:n_mar]
[ 1 23 22 11 12 19  8 15]
np.random.permutation(males)[0:n_mar]
[ 8 19  4  2  7  3 22 23]
np.random.permutation(males)[0:n_mar]
[ 2  8 23 13 21 19 12 11]
np.random.permutation(males)[0:n_mar]
[ 7 17 22 16  8 14 19 23]
np.random.permutation(males)[0:n_mar]
[ 5 19 10  9  0  6 21 14]
np.random.permutation(males)[0:n_mar]
[ 2  4  6 16  5 10  0 17]
np.random.permutation(males)[0:n_mar]
[20 14  1 18 22 23  8  4]
np.random.permutation(males)[0:n_mar]
[18  4 10 20 21  0 12 14]
np.random.permutation(males)[0:n_mar]
[ 7  2 21  3  4  9  6 18]
np.random.permutation(males)[0:n_mar]
[ 3 10 14  8  6 13 15  2]
np.random.permutation(males)[0:n_mar]
[21  6 20 23 15  9 11  3]
np.random.permutation(males)[0:n_mar]
[12 20 23  4 14 18  3  1]
np.random.permutation(males)[0:n_mar]
[22 12  7 18 20  2  8 21]
np.random.permutation(males)[0:n_mar]
[23 13  8  0  3 22 17 15]
np.random.permutation(males)[0:n_mar]
[ 8 22  0  7  9  3 21 23]
np.random.permutation(males)[0:n_mar]
[ 4 19  5  2  7 14 20  3]
np.random.permutation(males)[0:n_mar]
[17 13 21  7  8 11 23 22]
np.random.permutation(males)[0:n_mar]
[ 4  1 20 10  7  2  6  9]
np.random.permutation(males)[0:n_mar]
[ 2 21  4 18 11  7 10 14]
np.random.permutation(males)[0:n_mar]
[ 9  5 16  8  2  0 13 23]
np.random.permutation(males)[0:n_mar]
[16  4  9 17  0 10 21 13]
np.random.permutation(males)[0:n_mar]
[ 5 15 21  1  4 16 18  9]
np.random.permutation(males)[0:n_mar]
[17  2 16 13 21  6 12 18]
np.random.permutation(males)[0:n_mar]
[ 9 12 17  1 19  7 15 18]
np.random.permutation(males)[0:n_mar]
[13 16 15 22 14 12 17  3]
np.random.permutation(males)[0:n_mar]
[12 15 10  7 20 19  2  5]
np.random.permutation(males)[0:n_mar]
[ 8 18  2 22 11  9 13 23]
np.random.permutation(males)[0:n_mar]
[ 3  5 14  6  8  1 22  2]
np.random.permutation(males)[0:n_mar]
[ 7  5  3 23 12 22 18  6]
np.random.permutation(males)[0:n_mar]
[ 5  8 10  0 13 19 11  6]
np.random.permutation(males)[0:n_mar]
[21 10  2 13 12 23  4  5]
np.random.permutation(males)[0:n_mar]
[14  3 20  9 19  1  2 12]
np.random.permutation(males)[0:n_mar]
[21  7 15 23 14 20  2  3]
np.random.permutation(males)[0:n_mar]
[16 15 12 13  1 18 14 11]
np.random.permutation(males)[0:n_mar]
[22  5 20 12 19  7 13  8]
np.random.permutation(males)[0:n_mar]
[ 4  6 18 10 11 14  1 12]
np.random.permutation(males)[0:n_mar]
[ 3 17 14 19 10  9 18  7]
np.random.permutation(males)[0:n_mar]
[14  2  6  5  8  4  9 22]
np.random.permutation(males)[0:n_mar]
[10 15 18 20  2  6 17 11]
np.random.permutation(males)[0:n_mar]
[23  9 22 14 12  7  3  5]
np.random.permutation(males)[0:n_mar]
[ 2  1  7  9  8  0 11  3]
np.random.permutation(males)[0:n_mar]
[11 22 16 10  5  7  1  3]
np.random.permutation(males)[0:n_mar]
[20  0 15 19  5 17 21 13]
np.random.permutation(males)[0:n_mar]
[ 2 20 23 17  7  5  1 10]
np.random.permutation(males)[0:n_mar]
[ 1  9  3 18  4  2 21 23]
np.random.permutation(males)[0:n_mar]
[ 8 10 14 13 12  9  2 15]
np.random.permutation(males)[0:n_mar]
[15  7 16  4  1  9 10 18]
np.random.permutation(males)[0:n_mar]
[21 14 20 13  3 18 17  5]
np.random.permutation(males)[0:n_mar]
[ 5  2  1 10 13  4 17  0]
np.random.permutation(males)[0:n_mar]
[15 17 19  8  5 23  1  6]
np.random.permutation(males)[0:n_mar]
[ 5 12  1 13 11 22  0  2]
np.random.permutation(males)[0:n_mar]
[13  1 10  4  7  3 23 17]
np.random.permutation(males)[0:n_mar]
[10 12 11  7 22 20  0 19]
np.random.permutation(males)[0:n_mar]
[ 3  1 12  8  0 23  4  5]
np.random.permutation(males)[0:n_mar]
[ 4 17 22  6 15  7 12 21]
np.random.permutation(males)[0:n_mar]
[12  6  0 17 15 21  9 23]
np.random.permutation(males)[0:n_mar]
[ 2  5 21  0  6 13 18 23]
np.random.permutation(males)[0:n_mar]
[11 14 15  5  7 12  4 10]
np.random.permutation(males)[0:n_mar]
[ 4  8 16 14 11  9 21 17]
np.random.permutation(males)[0:n_mar]
[ 9 21  0  7 15 16 17 20]
np.random.permutation(males)[0:n_mar]
[12  3 19  8 10 13 14 21]
np.random.permutation(males)[0:n_mar]
[ 3  2 13  5 10 11 15 22]
np.random.permutation(males)[0:n_mar]
[ 8  0  5 17 19 20  2 15]
np.random.permutation(males)[0:n_mar]
[ 1 23  9 10 11  5  4 21]
np.random.permutation(males)[0:n_mar]
[18 12 13  0 11 15 10  2]
np.random.permutation(males)[0:n_mar]
[ 6 23  4  7  1 12  2 14]
np.random.permutation(males)[0:n_mar]
[21 15 18  3  0 13 14 19]
np.random.permutation(males)[0:n_mar]
[23  6 16 19 21 22 12 20]
np.random.permutation(males)[0:n_mar]
[ 0 13  7 23 15 17 18  6]
np.random.permutation(males)[0:n_mar]
[19 12 11  5 10 16 17  3]
np.random.permutation(males)[0:n_mar]
[10  6 18  4  8  5  1  7]
np.random.permutation(males)[0:n_mar]
[ 6  9  4  3  0 13  2 15]
np.random.permutation(males)[0:n_mar]
[ 3 12  5 23 19 22 10  4]
np.random.permutation(males)[0:n_mar]
[14  9 10 15  4  5  2 23]
np.random.permutation(males)[0:n_mar]
[15  1  7 16 12  5 18  9]
np.random.permutation(males)[0:n_mar]
[14 12 16  6  5  9 15  2]
np.random.permutation(males)[0:n_mar]
[ 0  6 13 19  7 10 21 16]
np.random.permutation(males)[0:n_mar]
[20 19  4 21 12  3 16  5]
np.random.permutation(males)[0:n_mar]
[13  3  7 15 16  6 12 19]
np.random.permutation(males)[0:n_mar]
[ 1  2  7 10 21  6 16  9]
np.random.permutation(males)[0:n_mar]
[ 9 12 13 11 15 23 20 16]
np.random.permutation(males)[0:n_mar]
[16 14 15 23 13  2  4 20]
np.random.permutation(males)[0:n_mar]
[18 22 10 16  6  1  4  0]
np.random.permutation(males)[0:n_mar]
[ 1 14 16  9 12 22 21  6]
np.random.permutation(males)[0:n_mar]
[ 5 15  6  3 22 20 12 16]
np.random.permutation(males)[0:n_mar]
[16  6  1  7 17  4 11 19]
np.random.permutation(males)[0:n_mar]
[15 17  3  5 10 11  2  1]
np.random.permutation(males)[0:n_mar]
[11 21 17 13 18  9 12 23]
np.random.permutation(males)[0:n_mar]
[ 2  6  3 18  4 10 19  5]
np.random.permutation(males)[0:n_mar]
[20 10 18  0  6 22 16 13]
np.random.permutation(males)[0:n_mar]
[21  2 18  8 19 14 16  6]
np.random.permutation(males)[0:n_mar]
[11 21 15 16  4  5  9  8]
np.random.permutation(males)[0:n_mar]
[11 19  0 22  9  5 18 16]
np.random.permutation(males)[0:n_mar]
[18 22  9 20 21  7  2 19]
np.random.permutation(males)[0:n_mar]
[12 16 18  9  1 23 10 22]
np.random.permutation(males)[0:n_mar]
[15  6 17 22 10 13  5 16]
np.random.permutation(males)[0:n_mar]
[ 4 18  6 19 11 14 15 20]
np.random.permutation(males)[0:n_mar]
[ 8 13  1 23  7 11  6 21]
np.random.permutation(males)[0:n_mar]
[22 20 21  7 19 10 14  2]
np.random.permutation(males)[0:n_mar]
[18  0  4 19 13  7 17 15]
np.random.permutation(males)[0:n_mar]
[13 18 14  5 20  8 21 19]
np.random.permutation(males)[0:n_mar]
[ 1 13 17  8  4  5 18 20]
np.random.permutation(males)[0:n_mar]
[16  6  4 15  1 11 19 14]
np.random.permutation(males)[0:n_mar]
[ 7 16 19  5  2 14 21  3]
np.random.permutation(males)[0:n_mar]
[14  3 18 20 21  1  0  6]
np.random.permutation(males)[0:n_mar]
[13  3  8  5 18 11  6  7]
np.random.permutation(males)[0:n_mar]
[11  1  7  4 15  9 22 12]
np.random.permutation(males)[0:n_mar]
[ 5  0 22 12  4 15  1 14]
np.random.permutation(males)[0:n_mar]
[11 21  7  4  2  1 16 13]
np.random.permutation(males)[0:n_mar]
[ 5 23  9 17 11 21  6 16]
np.random.permutation(males)[0:n_mar]
[22 14 11 17  6  4  7 16]
np.random.permutation(males)[0:n_mar]
[20  1  3 15 21 17 16  7]
np.random.permutation(males)[0:n_mar]
[10  6 23 14 11 20 19 13]
np.random.permutation(males)[0:n_mar]
[19 18 16 10  3  0 17 12]
np.random.permutation(males)[0:n_mar]
[ 1 22 18  9 14 21 11  4]
np.random.permutation(males)[0:n_mar]
[10 12  1  8 14 16 11  6]
np.random.permutation(males)[0:n_mar]
[ 8 11 15  3  6 12  9 18]
np.random.permutation(males)[0:n_mar]
[22 23 16  5 12 19 20  9]
np.random.permutation(males)[0:n_mar]
[21 23 10  1 22  2 14 17]
np.random.permutation(males)[0:n_mar]
[ 3 19  1 18  5 16 23 10]
np.random.permutation(males)[0:n_mar]
[ 5 14 15 13  9 12 20  8]
np.random.permutation(males)[0:n_mar]
[ 4  5  2  8 22  9 18 19]
np.random.permutation(males)[0:n_mar]
[17 16 12 23  6 15  7 13]
np.random.permutation(males)[0:n_mar]
[ 6  7 11 16 13  1  4  3]
np.random.permutation(males)[0:n_mar]
[ 7 14 18 10 16 21  1  3]
np.random.permutation(males)[0:n_mar]
[ 1 14  0  3 21  8 17 19]
np.random.permutation(males)[0:n_mar]
[16  3 14  0 11 19  2  8]
np.random.permutation(males)[0:n_mar]
[11  0 10  4  9 20 23 14]
np.random.permutation(males)[0:n_mar]
[19  0  9 15  2 10  8 13]
np.random.permutation(males)[0:n_mar]
[23 13 22  6 17 16 11  2]
np.random.permutation(males)[0:n_mar]
[ 3 10  2 18  0  9 21 15]
np.random.permutation(males)[0:n_mar]
[ 8  9 10 21 17 13 12 16]
np.random.permutation(males)[0:n_mar]
[15 22  9  5 21 13 20 17]
np.random.permutation(males)[0:n_mar]
[ 1  0  4 16 11  3  9  6]
np.random.permutation(males)[0:n_mar]
[ 7  1 23 13  4 20  8 22]
np.random.permutation(males)[0:n_mar]
[ 1  9  5 12  2  8 14 11]
np.random.permutation(males)[0:n_mar]
[ 7 22  3  8  4  6 12 20]
np.random.permutation(males)[0:n_mar]
[ 3 20 19 17 23 15 12  2]
np.random.permutation(males)[0:n_mar]
[ 2  7  0  6 13  9 20 22]
np.random.permutation(males)[0:n_mar]
[ 2 18  3 17 13  6  4 12]
np.random.permutation(males)[0:n_mar]
[20 13 10  6  8 15  3  7]
np.random.permutation(males)[0:n_mar]
[22 11  9  4  5 23 17 18]
np.random.permutation(males)[0:n_mar]
[23 12  5  0 22 21  3  8]
np.random.permutation(males)[0:n_mar]
[13 22  8 23 16  4  2 11]
np.random.permutation(males)[0:n_mar]
[11 16 20  0 12  5  7 10]
np.random.permutation(males)[0:n_mar]
[21  6 10 13 14 20 16 19]
np.random.permutation(males)[0:n_mar]
[23  5  6 14  7 13  3 22]
np.random.permutation(males)[0:n_mar]
[16  4 14 12 20  8  5 15]
np.random.permutation(males)[0:n_mar]
[ 4 14 16  6 19 18  0  8]
np.random.permutation(males)[0:n_mar]
[12 10  5 21 18  0  6  4]
np.random.permutation(males)[0:n_mar]
[ 9  3 16 11  2 23 22 14]
np.random.permutation(males)[0:n_mar]
[ 9 14  1  5  6 18 20  0]
np.random.permutation(males)[0:n_mar]
[22  7 20  5 13  3 12  1]
np.random.permutation(males)[0:n_mar]
[ 7 23 18  1  9  6  5 12]
np.random.permutation(males)[0:n_mar]
[ 4 23  0 15 13 11 21  1]
np.random.permutation(males)[0:n_mar]
[17 10 13  1 16  0  2 15]
np.random.permutation(males)[0:n_mar]
[ 4 11 17 20 22  0 19 16]
np.random.permutation(males)[0:n_mar]
[ 9  2 10 11 21  4  1 22]
np.random.permutation(males)[0:n_mar]
[22 23  1  7 15  0 13 20]
np.random.permutation(males)[0:n_mar]
[ 3  0 23 12  5 15  4  8]
np.random.permutation(males)[0:n_mar]
[ 1  4 21 18  5  2  7 19]
np.random.permutation(males)[0:n_mar]
[ 1  6 18 13  4 10  7 15]
np.random.permutation(males)[0:n_mar]
[16  7 21  8 14  2 23 18]
np.random.permutation(males)[0:n_mar]
[ 6 22 12 15 20 13 21  4]
np.random.permutation(males)[0:n_mar]
[22 10 12  2 13  9  4 15]
np.random.permutation(males)[0:n_mar]
[ 5 10 11  1 23 22 19  6]
np.random.permutation(males)[0:n_mar]
[12 14  7 11 13 20 10 23]
np.random.permutation(males)[0:n_mar]
[ 9 20 22  1 12 18 11 14]
np.random.permutation(males)[0:n_mar]
[ 2  6  7 14 23 10  8  9]
np.random.permutation(males)[0:n_mar]
[22  6 11 10  7 12  2 17]
np.random.permutation(males)[0:n_mar]
[20 17 15 16  2 10 13  9]
np.random.permutation(males)[0:n_mar]
[22  2 13  0 12  8  1 18]
np.random.permutation(males)[0:n_mar]
[ 7  2 13 23  9 20  4 19]
np.random.permutation(males)[0:n_mar]
[ 2 11 15  0 18  5  3 19]
np.random.permutation(males)[0:n_mar]
[14  2 10  6 20  3  7 18]
np.random.permutation(males)[0:n_mar]
[ 1 22  3 13 10  5  7 15]
np.random.permutation(males)[0:n_mar]
[11 14 22 13  6  9 15 18]
np.random.permutation(males)[0:n_mar]
[ 6 18  0  3  8 20 21 22]
np.random.permutation(males)[0:n_mar]
[14 10 16  0 22 11  1 21]
np.random.permutation(males)[0:n_mar]
[ 3  5 21  7  0 17  4 12]
np.random.permutation(males)[0:n_mar]
[10  1 17  9  0  8 19 18]
np.random.permutation(males)[0:n_mar]
[23  2 17 14  5 10  3 22]
np.random.permutation(males)[0:n_mar]
[ 6 21 20 14 16  3 17  0]
np.random.permutation(males)[0:n_mar]
[15 19 13 12 18 21 20 10]
np.random.permutation(males)[0:n_mar]
[19  8 18  2 22 11 23 16]
np.random.permutation(males)[0:n_mar]
[13 10 11 22 20 21 23  7]
np.random.permutation(males)[0:n_mar]
[ 2 15  1  3 21 17  4 11]
np.random.permutation(males)[0:n_mar]
[ 6  7 23 16 14 20 18  4]
np.random.permutation(males)[0:n_mar]
[22 16 13  0  3 15  7  9]
np.random.permutation(males)[0:n_mar]
[ 6 22  2  5  4 16  0 15]
np.random.permutation(males)[0:n_mar]
[11  9 21 17  4  2 14 10]
np.random.permutation(males)[0:n_mar]
[ 2 20  1  0  3 18 12 19]
np.random.permutation(males)[0:n_mar]
[17 20 21  5  4 11 10 13]
np.random.permutation(males)[0:n_mar]
[ 9 15  7 22 14  4 20  1]
np.random.permutation(males)[0:n_mar]
[ 6 13  7 15 16  1 21  5]
np.random.permutation(males)[0:n_mar]
[ 9  4 23 13 10  8 22  2]
np.random.permutation(males)[0:n_mar]
[20 17  1 15 23 18 16 14]
np.random.permutation(males)[0:n_mar]
[10  7 16  5 15  3  4 20]
np.random.permutation(males)[0:n_mar]
[10  0  9 13 15 17  2  7]
np.random.permutation(males)[0:n_mar]
[21  2  5 12 17  3 18 20]
np.random.permutation(males)[0:n_mar]
[11  6 14  5  2 13 23 16]
np.random.permutation(males)[0:n_mar]
[14 20  0 17 10  1 22 23]
np.random.permutation(males)[0:n_mar]
[11 13 10 23 14 20 17  7]
np.random.permutation(males)[0:n_mar]
[ 2 14 22  4  6 17  5  9]
np.random.permutation(males)[0:n_mar]
[ 2 14 20  3 10  0 21  4]
np.random.permutation(males)[0:n_mar]
[17  4 10 16  7 18  1  9]
np.random.permutation(males)[0:n_mar]
[ 0  7 18  3 10 19  6 11]
np.random.permutation(males)[0:n_mar]
[23 18  8 10  5  4 20 14]
np.random.permutation(males)[0:n_mar]
[ 6  9 12  1  2 16 18  3]
np.random.permutation(males)[0:n_mar]
[ 5 21  3 13  8 20  2 15]
np.random.permutation(males)[0:n_mar]
[14  4 15  9 23 17  6 18]
np.random.permutation(males)[0:n_mar]
[15 21  7 11  1 18 16 22]
np.random.permutation(males)[0:n_mar]
[18  6  0 14 12 15  7 10]
np.random.permutation(males)[0:n_mar]
[12 20  9 16  7 10  3 23]
np.random.permutation(males)[0:n_mar]
[ 4  2 18 23 21 13  3 20]
np.random.permutation(males)[0:n_mar]
[12 19  7 18 23 16 21  2]
np.random.permutation(males)[0:n_mar]
[ 7 21 17 14 19 22 11 18]
np.random.permutation(males)[0:n_mar]
[ 0 21 17 22 13 15 11 19]
np.random.permutation(males)[0:n_mar]
[ 0 12 14  3  6 16  5 23]
np.random.permutation(males)[0:n_mar]
[11 22  6  5  3  7 14  1]
np.random.permutation(males)[0:n_mar]
[16 17  6 11 23  8 13 21]
np.random.permutation(males)[0:n_mar]
[18 11 13 14  9 12 16 17]
np.random.permutation(males)[0:n_mar]
[ 3 20  2 23 13 19  7 11]
np.random.permutation(males)[0:n_mar]
[16 11  1 20  6 17 14  5]
np.random.permutation(males)[0:n_mar]
[13 23  4  2 14  3  0 18]
np.random.permutation(males)[0:n_mar]
[21 12 23 22 14 16 19  0]
np.random.permutation(males)[0:n_mar]
[10  7  3  5  9 22 21 19]
np.random.permutation(males)[0:n_mar]
[ 1 10 15  7  2  8 11  5]
np.random.permutation(males)[0:n_mar]
[12 17  3  0 23 13 21 16]
np.random.permutation(males)[0:n_mar]
[14  8  6  1  9 21  3 17]
np.random.permutation(males)[0:n_mar]
[ 8 15  6 13 22 11 17 21]
np.random.permutation(males)[0:n_mar]
[ 1 21 12 19  0 20  4  8]
np.random.permutation(males)[0:n_mar]
[ 0 18 15 14 20 16  6 10]
np.random.permutation(males)[0:n_mar]
[18 23  9  0  3 19 13 10]
np.random.permutation(males)[0:n_mar]
[20 21  5 10 15  0  2 16]
np.random.permutation(males)[0:n_mar]
[21 19 20  1 22  5 18 14]
np.random.permutation(males)[0:n_mar]
[23  2 13 19 10 15  7 21]
np.random.permutation(males)[0:n_mar]
[ 8  9 15 18 20 13  4 16]
np.random.permutation(males)[0:n_mar]
[11 18 12 17 21 19  3  4]
np.random.permutation(males)[0:n_mar]
[14 11  9  0 18 22 12  5]
np.random.permutation(males)[0:n_mar]
[23 21  0  5  6 10 14 13]
np.random.permutation(males)[0:n_mar]
[10  9  1 23  5 12  6 22]
np.random.permutation(males)[0:n_mar]
[ 2  6 15  4 22  0 23 18]
np.random.permutation(males)[0:n_mar]
[23  8 16  0  1 14 15 11]
np.random.permutation(males)[0:n_mar]
[ 4 10  6  8  9 18 20 14]
np.random.permutation(males)[0:n_mar]
[14 11 12 20 19 17  2 13]
np.random.permutation(males)[0:n_mar]
[20  8 10  3 13 19 22  7]
np.random.permutation(males)[0:n_mar]
[ 0  2 11 21 16 10  9 17]
np.random.permutation(males)[0:n_mar]
[21  2 19 15 22 13  9  8]
np.random.permutation(males)[0:n_mar]
[ 3  0  4 11 22 13 16 17]
np.random.permutation(males)[0:n_mar]
[20 22 16 17  9  5  0 15]
np.random.permutation(males)[0:n_mar]
[ 7 14 15 11 20  3 18  6]
np.random.permutation(males)[0:n_mar]
[16  5 23 20  1  2 13  9]
np.random.permutation(males)[0:n_mar]
[21 23 19  6 13 17 10  9]
np.random.permutation(males)[0:n_mar]
[17 19 12  1  5  0 11 13]
np.random.permutation(males)[0:n_mar]
[ 2  0 23  4 12 14  6 13]
np.random.permutation(males)[0:n_mar]
[23 13 18 17 11 15 20 21]
np.random.permutation(males)[0:n_mar]
[19 11 15  7  9  0 23 16]
np.random.permutation(males)[0:n_mar]
[18 14  1 13  8  2  5 21]
np.random.permutation(males)[0:n_mar]
[18  6  3  5 23  2 16  1]
np.random.permutation(males)[0:n_mar]
[ 0 21 22  8 23  6  7 16]
np.random.permutation(males)[0:n_mar]
[23  6  8 15 14  2 11 13]
np.random.permutation(males)[0:n_mar]
[11 19  3  1 23 13  0  7]
np.random.permutation(males)[0:n_mar]
[11 16 22  2 13  8 10 17]
np.random.permutation(males)[0:n_mar]
[22  4  6  0 23  1  7  3]
np.random.permutation(males)[0:n_mar]
[ 2 14  0  7  8 17 21  4]
np.random.permutation(males)[0:n_mar]
[13  6 23  1  9  3 21 17]
np.random.permutation(males)[0:n_mar]
[17  2 19 10 12  6  3 20]
np.random.permutation(males)[0:n_mar]
[13 20 11  5 21  0 14 12]
np.random.permutation(males)[0:n_mar]
[16 14  1 15 17  3 22  0]
np.random.permutation(males)[0:n_mar]
[ 0  4 17  8 12 14  7 20]
np.random.permutation(males)[0:n_mar]
[23  5 13 19  6  0 10  8]
np.random.permutation(males)[0:n_mar]
[ 9  3  1 21 23 13  5  4]
np.random.permutation(males)[0:n_mar]
[16  8 23 19 11 10 17  6]
np.random.permutation(males)[0:n_mar]
[22  5  4 11 10  1 21 19]
np.random.permutation(males)[0:n_mar]
[23 12  1 16 21 15 20  5]
np.random.permutation(males)[0:n_mar]
[21  2 20  7  0  4  1 19]
np.random.permutation(males)[0:n_mar]
[10 18  3  8  7 22 17 23]
np.random.permutation(males)[0:n_mar]
[10 14 22 13 20 21  8 18]
np.random.permutation(males)[0:n_mar]
[16 18  8  2 21  5 11 10]
np.random.permutation(males)[0:n_mar]
[23  1  3 15 10 11  9 16]
np.random.permutation(males)[0:n_mar]
[10  5  4  1 16 12  9  2]
np.random.permutation(males)[0:n_mar]
[15 21 18 14  3  4 10 11]
np.random.permutation(males)[0:n_mar]
[ 9 14  0 23  4 18 22 11]
np.random.permutation(males)[0:n_mar]
[ 9 23 13  2  1 20 18 21]
np.random.permutation(males)[0:n_mar]
[ 5 23  2  9 10  7 11 20]
np.random.permutation(males)[0:n_mar]
[ 8 13 17  2 14 10  6  5]
np.random.permutation(males)[0:n_mar]
[10  3 20 23 21  6  5 19]
np.random.permutation(males)[0:n_mar]
[15  2 10 16 20  4 11  3]
np.random.permutation(males)[0:n_mar]
[18  9 20 11 12  6  8 23]
np.random.permutation(males)[0:n_mar]
[13 17  2  8 18 12 23 10]
np.random.permutation(males)[0:n_mar]
[10  4  6  2 17  7 13  1]
np.random.permutation(males)[0:n_mar]
[13  3 19 21  2  5  6  4]
np.random.permutation(males)[0:n_mar]
[ 5 10 13  0  4  9  7 12]
np.random.permutation(males)[0:n_mar]
[ 4 23  5 15 19 12  2 18]
np.random.permutation(males)[0:n_mar]
[ 7  6 10 19 11 22  5 13]
np.random.permutation(males)[0:n_mar]
[ 4 13 22 18  8  3 17 15]
np.random.permutation(males)[0:n_mar]
[ 2 18  0 21  3 17 22 15]
np.random.permutation(males)[0:n_mar]
[15  3  6  0  9 21 18 20]
np.random.permutation(males)[0:n_mar]
[ 6 20 16 13 10 19 18  0]
np.random.permutation(males)[0:n_mar]
[11 12  6 17 13 19  7  1]
np.random.permutation(males)[0:n_mar]
[12 14 15 22 21 23 20  6]
np.random.permutation(males)[0:n_mar]
[ 2 12  7 20 17  6  0  5]
np.random.permutation(males)[0:n_mar]
[ 1 12 18  5  8 14 19  7]
np.random.permutation(males)[0:n_mar]
[14 12  0  6 20 22  9 17]
np.random.permutation(males)[0:n_mar]
[ 9 22 14  5 19  3 23  8]
np.random.permutation(males)[0:n_mar]
[19 11  8 10 13 15 17 23]
np.random.permutation(males)[0:n_mar]
[11  8 22  7  9  1  3 19]
np.random.permutation(males)[0:n_mar]
[23  5 14 16 17 20  2  7]
np.random.permutation(males)[0:n_mar]
[13 22 20 16  6  1 19  3]
np.random.permutation(males)[0:n_mar]
[ 3  7 23 12 21  2  1 14]
np.random.permutation(males)[0:n_mar]
[ 6  8  1 18 21  5 22  7]
np.random.permutation(males)[0:n_mar]
[ 0  6 12 15  2 14 10 16]
np.random.permutation(males)[0:n_mar]
[ 2 22 23 16 17 12  1 19]
np.random.permutation(males)[0:n_mar]
[18 13 11 21 20 15  3 16]
np.random.permutation(males)[0:n_mar]
[12 11 20 15 22 16 18  1]
np.random.permutation(males)[0:n_mar]
[ 3 15 12 16  1 23  9 22]
np.random.permutation(males)[0:n_mar]
[16  7  6  5 15  4 21 11]
np.random.permutation(males)[0:n_mar]
[13  5 18  4 16 23 17  2]
np.random.permutation(males)[0:n_mar]
[ 2  1  9 10 19 23 14 16]
np.random.permutation(males)[0:n_mar]
[ 0 11 19  5  6 12  3 22]
np.random.permutation(males)[0:n_mar]
[14 13 17  9 21  0 15  8]
np.random.permutation(males)[0:n_mar]
[12  4 19  2  6  9  3 22]
np.random.permutation(males)[0:n_mar]
[19  8  1  9 21 14  3 15]
np.random.permutation(males)[0:n_mar]
[ 2  5  9 17 22 19 23  1]
np.random.permutation(males)[0:n_mar]
[16 14  3 23 18  6  2 10]
np.random.permutation(males)[0:n_mar]
[ 5 18 10  1  3 19 23 11]
np.random.permutation(males)[0:n_mar]
[ 0  4 13  5  3  9 18 11]
np.random.permutation(males)[0:n_mar]
[22 12 14  6 13 18  3 19]
np.random.permutation(males)[0:n_mar]
[14  0 21  5  1  7  4  8]
np.random.permutation(males)[0:n_mar]
[ 4  1 16 23 10 15  2 20]
np.random.permutation(males)[0:n_mar]
[21  5 19  9  3 12 20 18]
np.random.permutation(males)[0:n_mar]
[ 1 20  5 15 10  8  3 13]
np.random.permutation(males)[0:n_mar]
[17  3  6 15 14 21 20 10]
np.random.permutation(males)[0:n_mar]
[ 7  1 18  5  8 20 13 12]
np.random.permutation(males)[0:n_mar]
[ 2 12 13 23 16 17 15 18]
np.random.permutation(males)[0:n_mar]
[ 8 17  0 12 19  1  9 21]
np.random.permutation(males)[0:n_mar]
[20 21  6 16 10  4  8 12]
np.random.permutation(males)[0:n_mar]
[15  7 22 10 12  1  6  4]
np.random.permutation(males)[0:n_mar]
[12  1 16 13  2 18 19  8]
np.random.permutation(males)[0:n_mar]
[ 7 13  9 10  5 14  4  1]
np.random.permutation(males)[0:n_mar]
[17 10 19  3 12  1 23  6]
np.random.permutation(males)[0:n_mar]
[18  5  1 19 10  9 22  8]
np.random.permutation(males)[0:n_mar]
[10  6 19  7  5 16 21 22]
np.random.permutation(males)[0:n_mar]
[ 1 21 13 15 23 10  9  6]
np.random.permutation(males)[0:n_mar]
[ 5 20 14  6 17  9 13  1]
np.random.permutation(males)[0:n_mar]
[ 9 13  1  3 23 14  5 22]
np.random.permutation(males)[0:n_mar]
[ 2  5 17  4  3 11  8  1]
np.random.permutation(males)[0:n_mar]
[10  2 20  6 16  4  7  9]
np.random.permutation(males)[0:n_mar]
[ 1 22  9 18 16 19  7 10]
np.random.permutation(males)[0:n_mar]
[ 9 17 16 11  0 15 10  6]
np.random.permutation(males)[0:n_mar]
[ 2 23 18 19  5  9  6  8]
np.random.permutation(males)[0:n_mar]
[ 2  1 23  9 11  7  8  5]
np.random.permutation(males)[0:n_mar]
[20  3 10 16  9 12  6 18]
np.random.permutation(males)[0:n_mar]
[17  2  1 22  4 14 18  3]
np.random.permutation(males)[0:n_mar]
[ 1 16 15 23  3  6 12  7]
np.random.permutation(males)[0:n_mar]
[23 20  0 22  2  9  5 19]
np.random.permutation(males)[0:n_mar]
[22  0 23  1 16 12 21 11]
np.random.permutation(males)[0:n_mar]
[23  8 19 12 22 18  6 16]
np.random.permutation(males)[0:n_mar]
[16 19 22 23 21 13 14  8]
np.random.permutation(males)[0:n_mar]
[ 5 13 11  2  0 10 16  3]
np.random.permutation(males)[0:n_mar]
[ 9  6 15  5  4  2 16  8]
np.random.permutation(males)[0:n_mar]
[ 6 13 14  3 11  5 20 16]
np.random.permutation(males)[0:n_mar]
[16 18  1 12  6 13  4 15]
np.random.permutation(males)[0:n_mar]
[15 14 11 16 13 23  0 12]
np.random.permutation(males)[0:n_mar]
[ 7 21  2  1 23 10 16 22]
np.random.permutation(males)[0:n_mar]
[ 0 13 22 16  4  9  7 10]
np.random.permutation(males)[0:n_mar]
[15  6  0  7  3  1 14  2]
np.random.permutation(males)[0:n_mar]
[15 23  1 18  3  6  4 19]
np.random.permutation(males)[0:n_mar]
[19 21  0  1 17  8 10 18]
np.random.permutation(males)[0:n_mar]
[ 6  1  3  2 23  9 15 17]
np.random.permutation(males)[0:n_mar]
[12 10  4 18 15 13  8 11]
np.random.permutation(males)[0:n_mar]
[ 5  8 19 13  3 14  7 15]
np.random.permutation(males)[0:n_mar]
[11 22 14  6 15  9 19 20]
np.random.permutation(males)[0:n_mar]
[ 4 14  6  8 22  1 10  9]
np.random.permutation(males)[0:n_mar]
[11 21  1 15 23 17 13 12]
np.random.permutation(males)[0:n_mar]
[ 0  3 12 15  6 16  4  7]
np.random.permutation(males)[0:n_mar]
[ 9  4 22 15 23  7 17 19]
np.random.permutation(males)[0:n_mar]
[14  4  7 18 10 22 11  1]
np.random.permutation(males)[0:n_mar]
[ 6  0  3 15 12  1 20 21]
np.random.permutation(males)[0:n_mar]
[ 8  3 20 16 13 10 17  9]
np.random.permutation(males)[0:n_mar]
[13 21 17 11 10  8  0 19]
np.random.permutation(males)[0:n_mar]
[12 18 16 13 15 19 21  0]
np.random.permutation(males)[0:n_mar]
[21  7 19 16  4 10 23  2]
np.random.permutation(males)[0:n_mar]
[18  5 21 19 22 11  1 13]
np.random.permutation(males)[0:n_mar]
[11  5 19  6 12  0 18  3]
np.random.permutation(males)[0:n_mar]
[ 1  6  2  5 16  9  7  4]
np.random.permutation(males)[0:n_mar]
[14  0 21  1 23 11 17  5]
np.random.permutation(males)[0:n_mar]
[23  1 17 12 22 16  3  0]
np.random.permutation(males)[0:n_mar]
[14  5  0  7 21  4 19  2]
np.random.permutation(males)[0:n_mar]
[20 23  0  1  9 15  2 18]
np.random.permutation(males)[0:n_mar]
[ 3 19  0  9  6 21 13  5]
np.random.permutation(males)[0:n_mar]
[10 15 23 18  0  8 16 19]
np.random.permutation(males)[0:n_mar]
[18  6  2 23 20 22 14  3]
np.random.permutation(males)[0:n_mar]
[ 1 22 16 18  6  5  7  0]
np.random.permutation(males)[0:n_mar]
[ 2  0  7 11 21 14 15 10]
np.random.permutation(males)[0:n_mar]
[11  9  4 23  6 22  1  8]
np.random.permutation(males)[0:n_mar]
[11 22 13 12  1 14 20  3]
np.random.permutation(males)[0:n_mar]
[ 9 18 10 20 15  2  3 21]
np.random.permutation(males)[0:n_mar]
[15 12  0 18 20  1 17 21]
np.random.permutation(males)[0:n_mar]
[ 7  1 13 21 22  5 17 10]
np.random.permutation(males)[0:n_mar]
[19  2 17 18 13  4  9  5]
np.random.permutation(males)[0:n_mar]
[20  2  4 17 10 14  7  0]
np.random.permutation(males)[0:n_mar]
[23  7 11 22 15 16  1  0]
np.random.permutation(males)[0:n_mar]
[17 12 15 18 22  3  9  5]
np.random.permutation(males)[0:n_mar]
[ 5  9 19  6  4  1 15  2]
np.random.permutation(males)[0:n_mar]
[14  6 18 10 15 19  5 12]
np.random.permutation(males)[0:n_mar]
[11  5 16 20  8  4 22 23]
np.random.permutation(males)[0:n_mar]
[14 10  2 13  7 23 18  4]
np.random.permutation(males)[0:n_mar]
[18 12  6 14 17 13  3  1]
np.random.permutation(males)[0:n_mar]
[ 7 13  2 19 17  0 10  6]
np.random.permutation(males)[0:n_mar]
[16 23 22 21 15 17  0 10]
np.random.permutation(males)[0:n_mar]
[ 6 10 23  9 21 13  3 16]
np.random.permutation(males)[0:n_mar]
[20 11 23  9  1 15  5 18]
np.random.permutation(males)[0:n_mar]
[ 0  5 12  6 19 17  3 13]
np.random.permutation(males)[0:n_mar]
[ 6 23 18  4 10 15  0  8]
np.random.permutation(males)[0:n_mar]
[14 17  6 20  9  5 15  3]
np.random.permutation(males)[0:n_mar]
[10  2  1  4 16 22  9 13]
np.random.permutation(males)[0:n_mar]
[ 5 17  4  3 19 22  0 20]
np.random.permutation(males)[0:n_mar]
[ 5 22 23 10 13  2 16  9]
np.random.permutation(males)[0:n_mar]
[22  5 18  1  6  9 19 13]
np.random.permutation(males)[0:n_mar]
[ 3 23 22 18 13 10  4  0]
np.random.permutation(males)[0:n_mar]
[19 17  1  8 10 13  3  2]
np.random.permutation(males)[0:n_mar]
[ 4  3  0 10 12 17 11  6]
np.random.permutation(males)[0:n_mar]
[15 10  7  9 23  4 13 14]
np.random.permutation(males)[0:n_mar]
[ 4 19 22 20 15  6  0 18]
np.random.permutation(males)[0:n_mar]
[ 4 16  6 18 11  7  1 10]
np.random.permutation(males)[0:n_mar]
[23 11 16  0 14  3  1  2]
np.random.permutation(males)[0:n_mar]
[ 7  2 21 22  8  1 20  4]
np.random.permutation(males)[0:n_mar]
[19 23  0  9 11  4 20  5]
np.random.permutation(males)[0:n_mar]
[21 11  1  0  6  3 23  2]
np.random.permutation(males)[0:n_mar]
[17  8  4  6  1 15  2  9]
np.random.permutation(males)[0:n_mar]
[19  1  6  3  8  9 14 12]
np.random.permutation(males)[0:n_mar]
[ 9 17  6  4 21 23 15 18]
np.random.permutation(males)[0:n_mar]
[17  3  4 19 20 13 14  8]
np.random.permutation(males)[0:n_mar]
[16  1 15  7 18  4 22 19]
np.random.permutation(males)[0:n_mar]
[12  6 17 20 16 13  9 14]
np.random.permutation(males)[0:n_mar]
[12 20 14 23  8  1  7  0]
np.random.permutation(males)[0:n_mar]
[ 7  0  9  6 13 14  2  4]
np.random.permutation(males)[0:n_mar]
[ 0 13  2  3 20 12  4  7]
np.random.permutation(males)[0:n_mar]
[10  2  3 23 12 19  9 17]
np.random.permutation(males)[0:n_mar]
[11  6 13 21  8 19 23 12]
np.random.permutation(males)[0:n_mar]
[14 11 16 19  2 15 18 10]
np.random.permutation(males)[0:n_mar]
[ 1 11  2 19 18  4 22 10]
np.random.permutation(males)[0:n_mar]
[23  8  9 12 22 13 20  3]
np.random.permutation(males)[0:n_mar]
[14 19 15  1  0 12 18  7]
np.random.permutation(males)[0:n_mar]
[ 3 22 13  5  9 23  2  7]
np.random.permutation(males)[0:n_mar]
[ 2 16 15 11 10  5  4  7]
np.random.permutation(males)[0:n_mar]
[ 6 21  0 19  4 22  7 13]
np.random.permutation(males)[0:n_mar]
[15 14 19  1  5 23  4  9]
