np.random.permutation(males)[0:n_mar]
[15  3  5  9]
np.random.permutation(males)[0:n_mar]
[ 0  8  9 17]
np.random.permutation(males)[0:n_mar]
[23 13 11 15]
np.random.permutation(males)[0:n_mar]
[22 15 17  6]
np.random.permutation(males)[0:n_mar]
[ 2 12 22 21]
np.random.permutation(males)[0:n_mar]
[10  6 13  9]
np.random.permutation(males)[0:n_mar]
[23  1  7 18]
np.random.permutation(males)[0:n_mar]
[18 14 19 20]
np.random.permutation(males)[0:n_mar]
[22  8 12  7]
np.random.permutation(males)[0:n_mar]
[17 11 18 19]
np.random.permutation(males)[0:n_mar]
[16 21  8  4]
np.random.permutation(males)[0:n_mar]
[ 9  6 22 11]
np.random.permutation(males)[0:n_mar]
[13  9 11  6]
np.random.permutation(males)[0:n_mar]
[ 0 23 16 11]
np.random.permutation(males)[0:n_mar]
[16  9  5 13]
np.random.permutation(males)[0:n_mar]
[ 0 13 17  5]
np.random.permutation(males)[0:n_mar]
[22  8  0  9]
np.random.permutation(males)[0:n_mar]
[12 11  6 18]
np.random.permutation(males)[0:n_mar]
[23  8 18 22]
np.random.permutation(males)[0:n_mar]
[ 5 16  9 17]
np.random.permutation(males)[0:n_mar]
[13 17  0 22]
np.random.permutation(males)[0:n_mar]
[ 2 20 19  1]
np.random.permutation(males)[0:n_mar]
[10 11  8  6]
np.random.permutation(males)[0:n_mar]
[15 22 20 10]
np.random.permutation(males)[0:n_mar]
[18 12 21  0]
np.random.permutation(males)[0:n_mar]
[10 20 18 12]
np.random.permutation(males)[0:n_mar]
[10  2  1 19]
np.random.permutation(males)[0:n_mar]
[ 8  2 10 22]
np.random.permutation(males)[0:n_mar]
[13  0 10 16]
np.random.permutation(males)[0:n_mar]
[10 19 23  3]
np.random.permutation(males)[0:n_mar]
[21  5 17  7]
np.random.permutation(males)[0:n_mar]
[15 23  0  5]
np.random.permutation(males)[0:n_mar]
[21 12  5 16]
np.random.permutation(males)[0:n_mar]
[ 7 17  2 23]
np.random.permutation(males)[0:n_mar]
[23 20  0 19]
np.random.permutation(males)[0:n_mar]
[ 2 23  0 15]
np.random.permutation(males)[0:n_mar]
[13 22 15  3]
np.random.permutation(males)[0:n_mar]
[22  6 12 11]
np.random.permutation(males)[0:n_mar]
[ 5 17 13  2]
np.random.permutation(males)[0:n_mar]
[ 0 17 10 21]
np.random.permutation(males)[0:n_mar]
[15 20  3  9]
np.random.permutation(males)[0:n_mar]
[5 9 0 3]
np.random.permutation(males)[0:n_mar]
[13  2 12 21]
np.random.permutation(males)[0:n_mar]
[18 14 17 12]
np.random.permutation(males)[0:n_mar]
[ 3 17 15 20]
np.random.permutation(males)[0:n_mar]
[ 4 15  9 19]
np.random.permutation(males)[0:n_mar]
[16 11  3 14]
np.random.permutation(males)[0:n_mar]
[19  8 12  0]
np.random.permutation(males)[0:n_mar]
[12  3  7 11]
np.random.permutation(males)[0:n_mar]
[ 2  1  7 21]
np.random.permutation(males)[0:n_mar]
[ 7 12  6 13]
np.random.permutation(males)[0:n_mar]
[ 2  0 18 10]
np.random.permutation(males)[0:n_mar]
[ 9  8 22 20]
np.random.permutation(males)[0:n_mar]
[ 9 15 19 11]
np.random.permutation(males)[0:n_mar]
[18 10 14  4]
np.random.permutation(males)[0:n_mar]
[19 23 12 17]
np.random.permutation(males)[0:n_mar]
[12  9 13 16]
np.random.permutation(males)[0:n_mar]
[ 2 21 12 22]
np.random.permutation(males)[0:n_mar]
[22 16  7 20]
np.random.permutation(males)[0:n_mar]
[22 15  7 17]
np.random.permutation(males)[0:n_mar]
[20 11 12 22]
np.random.permutation(males)[0:n_mar]
[22  1 17 21]
np.random.permutation(males)[0:n_mar]
[ 9 14 23  8]
np.random.permutation(males)[0:n_mar]
[ 1  6 12 21]
np.random.permutation(males)[0:n_mar]
[17 10 21  2]
np.random.permutation(males)[0:n_mar]
[ 0  1 23 10]
np.random.permutation(males)[0:n_mar]
[10 17  1 20]
np.random.permutation(males)[0:n_mar]
[19 11 23 17]
np.random.permutation(males)[0:n_mar]
[2 1 5 7]
np.random.permutation(males)[0:n_mar]
[11 12 18 17]
np.random.permutation(males)[0:n_mar]
[10  3 12 15]
np.random.permutation(males)[0:n_mar]
[ 3  5 10  0]
np.random.permutation(males)[0:n_mar]
[20  9 16 15]
np.random.permutation(males)[0:n_mar]
[21 19  4  0]
np.random.permutation(males)[0:n_mar]
[ 8 22  3 20]
np.random.permutation(males)[0:n_mar]
[16  8 20  5]
np.random.permutation(males)[0:n_mar]
[10 14  8 23]
np.random.permutation(males)[0:n_mar]
[10  6 21 13]
np.random.permutation(males)[0:n_mar]
[ 8  1 17  0]
np.random.permutation(males)[0:n_mar]
[ 6 15 10 18]
np.random.permutation(males)[0:n_mar]
[12  5  7 15]
np.random.permutation(males)[0:n_mar]
[ 3 23  0  2]
np.random.permutation(males)[0:n_mar]
[ 9 22 10  7]
np.random.permutation(males)[0:n_mar]
[ 7 10  3  0]
np.random.permutation(males)[0:n_mar]
[16  6 22 15]
np.random.permutation(males)[0:n_mar]
[22  7 14  9]
np.random.permutation(males)[0:n_mar]
[ 8 21 22  5]
np.random.permutation(males)[0:n_mar]
[11  3 23  1]
np.random.permutation(males)[0:n_mar]
[ 5 17 11 21]
np.random.permutation(males)[0:n_mar]
[ 1 13 21 10]
np.random.permutation(males)[0:n_mar]
[15 13 22 18]
np.random.permutation(males)[0:n_mar]
[ 1  3 17 10]
np.random.permutation(males)[0:n_mar]
[20 22  2  7]
np.random.permutation(males)[0:n_mar]
[1 3 2 9]
np.random.permutation(males)[0:n_mar]
[ 4 13 15 19]
np.random.permutation(males)[0:n_mar]
[21  1  9  3]
np.random.permutation(males)[0:n_mar]
[15  6  2 17]
np.random.permutation(males)[0:n_mar]
[11 16  8 15]
np.random.permutation(males)[0:n_mar]
[10  4  8 15]
np.random.permutation(males)[0:n_mar]
[21  5  2 23]
np.random.permutation(males)[0:n_mar]
[17 20 18  2]
np.random.permutation(males)[0:n_mar]
[ 5  0 12 13]
np.random.permutation(males)[0:n_mar]
[ 0  4 21  8]
np.random.permutation(males)[0:n_mar]
[11  1  8  6]
np.random.permutation(males)[0:n_mar]
[18 14 10  7]
np.random.permutation(males)[0:n_mar]
[ 4  5 10  7]
np.random.permutation(males)[0:n_mar]
[19 15  5 14]
np.random.permutation(males)[0:n_mar]
[17  0 16 19]
np.random.permutation(males)[0:n_mar]
[ 8  6 22 21]
np.random.permutation(males)[0:n_mar]
[ 7 14  6 21]
np.random.permutation(males)[0:n_mar]
[ 2 21  4  3]
np.random.permutation(males)[0:n_mar]
[ 9  7 10 20]
np.random.permutation(males)[0:n_mar]
[ 2 12 13 19]
np.random.permutation(males)[0:n_mar]
[18 15 13  4]
np.random.permutation(males)[0:n_mar]
[20  0 17 18]
np.random.permutation(males)[0:n_mar]
[12 13 10 18]
np.random.permutation(males)[0:n_mar]
[22 12  0  2]
np.random.permutation(males)[0:n_mar]
[ 5  9 16 15]
np.random.permutation(males)[0:n_mar]
[10 17 21 15]
np.random.permutation(males)[0:n_mar]
[ 7 18 15 19]
np.random.permutation(males)[0:n_mar]
[20  7  0 17]
np.random.permutation(males)[0:n_mar]
[10 18 12 17]
np.random.permutation(males)[0:n_mar]
[ 0  7  8 18]
np.random.permutation(males)[0:n_mar]
[10 13  5 22]
np.random.permutation(males)[0:n_mar]
[ 5  6 22 19]
np.random.permutation(males)[0:n_mar]
[ 1  0  7 12]
np.random.permutation(males)[0:n_mar]
[10 12 16  4]
np.random.permutation(males)[0:n_mar]
[17 13  2 12]
np.random.permutation(males)[0:n_mar]
[ 8 10  9 22]
np.random.permutation(males)[0:n_mar]
[22 16  2 19]
np.random.permutation(males)[0:n_mar]
[15 11 20 23]
np.random.permutation(males)[0:n_mar]
[18  8 12  4]
np.random.permutation(males)[0:n_mar]
[ 2 13  7 21]
np.random.permutation(males)[0:n_mar]
[17  5 14 11]
np.random.permutation(males)[0:n_mar]
[11  8 12 10]
np.random.permutation(males)[0:n_mar]
[16 12  5 17]
np.random.permutation(males)[0:n_mar]
[15 14  8  6]
np.random.permutation(males)[0:n_mar]
[10  3 20 13]
np.random.permutation(males)[0:n_mar]
[ 8  4 11 22]
np.random.permutation(males)[0:n_mar]
[ 5 11 17  7]
np.random.permutation(males)[0:n_mar]
[ 4 18 13  5]
np.random.permutation(males)[0:n_mar]
[16  5 13  7]
np.random.permutation(males)[0:n_mar]
[21 14  1 10]
np.random.permutation(males)[0:n_mar]
[10 14 17  0]
np.random.permutation(males)[0:n_mar]
[ 1 19 21  3]
np.random.permutation(males)[0:n_mar]
[12 18 10  8]
np.random.permutation(males)[0:n_mar]
[ 4  6 21 11]
np.random.permutation(males)[0:n_mar]
[ 6 16  4  8]
np.random.permutation(males)[0:n_mar]
[ 1 14 21  7]
np.random.permutation(males)[0:n_mar]
[ 0 18 12 19]
np.random.permutation(males)[0:n_mar]
[17  8 18  6]
np.random.permutation(males)[0:n_mar]
[23  7  2  8]
np.random.permutation(males)[0:n_mar]
[ 6  4  0 21]
np.random.permutation(males)[0:n_mar]
[ 1 22 12  3]
np.random.permutation(males)[0:n_mar]
[ 5 20  4  3]
np.random.permutation(males)[0:n_mar]
[ 6 13 18 11]
np.random.permutation(males)[0:n_mar]
[15  6 16 12]
np.random.permutation(males)[0:n_mar]
[ 5 13 23 16]
np.random.permutation(males)[0:n_mar]
[23 13 12 15]
np.random.permutation(males)[0:n_mar]
[17 16 23  0]
np.random.permutation(males)[0:n_mar]
[19  3 11 15]
np.random.permutation(males)[0:n_mar]
[ 1 13  6 14]
np.random.permutation(males)[0:n_mar]
[ 8 15  2  6]
np.random.permutation(males)[0:n_mar]
[20 16 21  3]
np.random.permutation(males)[0:n_mar]
[12 22  8 16]
np.random.permutation(males)[0:n_mar]
[19  5  2 17]
np.random.permutation(males)[0:n_mar]
[ 7 16 12  2]
np.random.permutation(males)[0:n_mar]
[ 9 18 12  7]
np.random.permutation(males)[0:n_mar]
[19 13  4  1]
np.random.permutation(males)[0:n_mar]
[18  6 12 17]
np.random.permutation(males)[0:n_mar]
[ 0 13 17 19]
np.random.permutation(males)[0:n_mar]
[ 4  8 15  6]
np.random.permutation(males)[0:n_mar]
[11 21  9 14]
np.random.permutation(males)[0:n_mar]
[19 17 21  5]
np.random.permutation(males)[0:n_mar]
[14  2 13 17]
np.random.permutation(males)[0:n_mar]
[ 7  9 16 23]
np.random.permutation(males)[0:n_mar]
[ 0 23 11 22]
np.random.permutation(males)[0:n_mar]
[ 1 18 23  2]
np.random.permutation(males)[0:n_mar]
[ 8 14 11  2]
np.random.permutation(males)[0:n_mar]
[15  9 23  6]
np.random.permutation(males)[0:n_mar]
[21 23 19  5]
np.random.permutation(males)[0:n_mar]
[21 19  0  8]
np.random.permutation(males)[0:n_mar]
[ 1  6 17  4]
np.random.permutation(males)[0:n_mar]
[13  4 19 18]
np.random.permutation(males)[0:n_mar]
[ 4 14  8  7]
np.random.permutation(males)[0:n_mar]
[ 5  0 16 14]
np.random.permutation(males)[0:n_mar]
[21  8 13 15]
np.random.permutation(males)[0:n_mar]
[12  4  2 10]
np.random.permutation(males)[0:n_mar]
[ 0  6 12 17]
np.random.permutation(males)[0:n_mar]
[10 12  1 20]
np.random.permutation(males)[0:n_mar]
[23 11 10  2]
np.random.permutation(males)[0:n_mar]
[ 8 23 14 19]
np.random.permutation(males)[0:n_mar]
[10  4 18 13]
np.random.permutation(males)[0:n_mar]
[ 3 10 20 13]
np.random.permutation(males)[0:n_mar]
[21 11  5 14]
np.random.permutation(males)[0:n_mar]
[ 4 11  2 10]
np.random.permutation(males)[0:n_mar]
[20 21  0  3]
np.random.permutation(males)[0:n_mar]
[20 16  0  4]
np.random.permutation(males)[0:n_mar]
[ 8 17 15 11]
np.random.permutation(males)[0:n_mar]
[13  7 17 12]
np.random.permutation(males)[0:n_mar]
[11  0 13 16]
np.random.permutation(males)[0:n_mar]
[ 7  0  8 15]
np.random.permutation(males)[0:n_mar]
[21 13  4 20]
np.random.permutation(males)[0:n_mar]
[10  5 11 13]
np.random.permutation(males)[0:n_mar]
[23 11 10 13]
np.random.permutation(males)[0:n_mar]
[ 1 17 21  8]
np.random.permutation(males)[0:n_mar]
[10 13  7  4]
np.random.permutation(males)[0:n_mar]
[ 9  2  4 12]
np.random.permutation(males)[0:n_mar]
[ 6 20  5  1]
np.random.permutation(males)[0:n_mar]
[ 5 20 16 10]
np.random.permutation(males)[0:n_mar]
[ 1  3 18 20]
np.random.permutation(males)[0:n_mar]
[ 9  7 19 12]
np.random.permutation(males)[0:n_mar]
[14 16  9 22]
np.random.permutation(males)[0:n_mar]
[23  5  9 13]
np.random.permutation(males)[0:n_mar]
[8 0 3 6]
np.random.permutation(males)[0:n_mar]
[16 22 19  7]
np.random.permutation(males)[0:n_mar]
[ 9 13 10 20]
np.random.permutation(males)[0:n_mar]
[ 3 18  7 17]
np.random.permutation(males)[0:n_mar]
[ 8  2 19  7]
np.random.permutation(males)[0:n_mar]
[ 0 19  7 12]
np.random.permutation(males)[0:n_mar]
[23  0  6 12]
np.random.permutation(males)[0:n_mar]
[ 3  8 10 13]
np.random.permutation(males)[0:n_mar]
[ 4 20 21  7]
np.random.permutation(males)[0:n_mar]
[17 11 16 12]
np.random.permutation(males)[0:n_mar]
[ 2  0 19  8]
np.random.permutation(males)[0:n_mar]
[13  2  0  7]
np.random.permutation(males)[0:n_mar]
[18  1 10  9]
np.random.permutation(males)[0:n_mar]
[21 15 23  4]
np.random.permutation(males)[0:n_mar]
[22 10  6 13]
np.random.permutation(males)[0:n_mar]
[23  3 12  1]
np.random.permutation(males)[0:n_mar]
[6 0 8 2]
np.random.permutation(males)[0:n_mar]
[ 8 16 15  1]
np.random.permutation(males)[0:n_mar]
[14 21  9  8]
np.random.permutation(males)[0:n_mar]
[15  7 18 10]
np.random.permutation(males)[0:n_mar]
[21  9 10 11]
np.random.permutation(males)[0:n_mar]
[10 19 23  4]
np.random.permutation(males)[0:n_mar]
[ 8  9  3 23]
np.random.permutation(males)[0:n_mar]
[22  5  4 20]
np.random.permutation(males)[0:n_mar]
[ 1 15 23 20]
np.random.permutation(males)[0:n_mar]
[17  5  1 13]
np.random.permutation(males)[0:n_mar]
[ 6  5  8 19]
np.random.permutation(males)[0:n_mar]
[21 11 12 15]
np.random.permutation(males)[0:n_mar]
[12 23  1 10]
np.random.permutation(males)[0:n_mar]
[20 22 17 13]
np.random.permutation(males)[0:n_mar]
[ 0 10 21 17]
np.random.permutation(males)[0:n_mar]
[21 20 15 13]
np.random.permutation(males)[0:n_mar]
[ 2 15 16 18]
np.random.permutation(males)[0:n_mar]
[ 0  4  7 20]
np.random.permutation(males)[0:n_mar]
[ 4  3 20 16]
np.random.permutation(males)[0:n_mar]
[ 6 23 13 11]
np.random.permutation(males)[0:n_mar]
[20  6 16 11]
np.random.permutation(males)[0:n_mar]
[10  0  9  2]
np.random.permutation(males)[0:n_mar]
[15  0 17  1]
np.random.permutation(males)[0:n_mar]
[11 10  3 16]
np.random.permutation(males)[0:n_mar]
[19 16  2 11]
np.random.permutation(males)[0:n_mar]
[10 12  2 18]
np.random.permutation(males)[0:n_mar]
[ 4  7 10 11]
np.random.permutation(males)[0:n_mar]
[17 16 19  9]
np.random.permutation(males)[0:n_mar]
[20 10  1  6]
np.random.permutation(males)[0:n_mar]
[20 10 14  7]
np.random.permutation(males)[0:n_mar]
[11 18  7 12]
np.random.permutation(males)[0:n_mar]
[14  0  6 12]
np.random.permutation(males)[0:n_mar]
[ 3 20  0  7]
np.random.permutation(males)[0:n_mar]
[ 5 10 13 11]
np.random.permutation(males)[0:n_mar]
[13  5 18 14]
np.random.permutation(males)[0:n_mar]
[11 12 19  2]
np.random.permutation(males)[0:n_mar]
[10 19  3  8]
np.random.permutation(males)[0:n_mar]
[23 21  5  0]
np.random.permutation(males)[0:n_mar]
[15  9 20 16]
np.random.permutation(males)[0:n_mar]
[19 18  6 11]
np.random.permutation(males)[0:n_mar]
[11 10 14 17]
np.random.permutation(males)[0:n_mar]
[22  6 23  8]
np.random.permutation(males)[0:n_mar]
[ 0 21 14 12]
np.random.permutation(males)[0:n_mar]
[14 12 19 17]
np.random.permutation(males)[0:n_mar]
[19  2 13 17]
np.random.permutation(males)[0:n_mar]
[22  0 10  3]
np.random.permutation(males)[0:n_mar]
[ 4  0 20  1]
np.random.permutation(males)[0:n_mar]
[ 3  0 19  6]
np.random.permutation(males)[0:n_mar]
[17  0 16 14]
np.random.permutation(males)[0:n_mar]
[ 5 23  2 21]
np.random.permutation(males)[0:n_mar]
[13  4 21 20]
np.random.permutation(males)[0:n_mar]
[23  2  0  6]
np.random.permutation(males)[0:n_mar]
[14 19 21  6]
np.random.permutation(males)[0:n_mar]
[20  6 11 21]
np.random.permutation(males)[0:n_mar]
[21  5 19 13]
np.random.permutation(males)[0:n_mar]
[ 3 18 20  4]
np.random.permutation(males)[0:n_mar]
[ 5  6  1 10]
np.random.permutation(males)[0:n_mar]
[20 17  4 23]
np.random.permutation(males)[0:n_mar]
[ 1 15 16  7]
np.random.permutation(males)[0:n_mar]
[ 7  9 21 11]
np.random.permutation(males)[0:n_mar]
[17 21  6 11]
np.random.permutation(males)[0:n_mar]
[12  8 20 11]
np.random.permutation(males)[0:n_mar]
[21 10  2 19]
np.random.permutation(males)[0:n_mar]
[ 3 16 14  7]
np.random.permutation(males)[0:n_mar]
[11 23 10  4]
np.random.permutation(males)[0:n_mar]
[19 21  4  5]
np.random.permutation(males)[0:n_mar]
[20 19 13 17]
np.random.permutation(males)[0:n_mar]
[15 13 16  0]
np.random.permutation(males)[0:n_mar]
[15  6  0  3]
np.random.permutation(males)[0:n_mar]
[ 9 15  2 17]
np.random.permutation(males)[0:n_mar]
[13 12 19  6]
np.random.permutation(males)[0:n_mar]
[ 8 23  0  7]
np.random.permutation(males)[0:n_mar]
[ 7 22 11  0]
np.random.permutation(males)[0:n_mar]
[21  6 14  2]
np.random.permutation(males)[0:n_mar]
[ 9 18  4 17]
np.random.permutation(males)[0:n_mar]
[ 1 21  0 17]
np.random.permutation(males)[0:n_mar]
[18 16  7 15]
np.random.permutation(males)[0:n_mar]
[ 2  6 10 11]
np.random.permutation(males)[0:n_mar]
[ 3 11 21 19]
np.random.permutation(males)[0:n_mar]
[15 21 16 19]
np.random.permutation(males)[0:n_mar]
[ 2 13  4 14]
np.random.permutation(males)[0:n_mar]
[22 10 14  1]
np.random.permutation(males)[0:n_mar]
[ 9 16 10  0]
np.random.permutation(males)[0:n_mar]
[11 18  2 20]
np.random.permutation(males)[0:n_mar]
[14  6 15  4]
np.random.permutation(males)[0:n_mar]
[ 6 20 23  2]
np.random.permutation(males)[0:n_mar]
[ 2  0  5 19]
np.random.permutation(males)[0:n_mar]
[20 22 16 10]
np.random.permutation(males)[0:n_mar]
[ 4  8  0 11]
np.random.permutation(males)[0:n_mar]
[13 18 11 23]
np.random.permutation(males)[0:n_mar]
[18  4  0 10]
np.random.permutation(males)[0:n_mar]
[22 18 21  5]
np.random.permutation(males)[0:n_mar]
[ 9 19  3 22]
np.random.permutation(males)[0:n_mar]
[21 23 13 22]
np.random.permutation(males)[0:n_mar]
[ 2 10 23 15]
np.random.permutation(males)[0:n_mar]
[ 1  4 19  2]
np.random.permutation(males)[0:n_mar]
[ 8 17 15  4]
np.random.permutation(males)[0:n_mar]
[ 3 18  5 21]
np.random.permutation(males)[0:n_mar]
[22 21  0 19]
np.random.permutation(males)[0:n_mar]
[19  8  6  2]
np.random.permutation(males)[0:n_mar]
[13 20 15  9]
np.random.permutation(males)[0:n_mar]
[ 5  1  6 17]
np.random.permutation(males)[0:n_mar]
[19 10 21 20]
np.random.permutation(males)[0:n_mar]
[14  1 16  9]
np.random.permutation(males)[0:n_mar]
[20 22  7 13]
np.random.permutation(males)[0:n_mar]
[10 12  7 11]
np.random.permutation(males)[0:n_mar]
[ 1 17  7 13]
np.random.permutation(males)[0:n_mar]
[14 11 19  8]
np.random.permutation(males)[0:n_mar]
[ 5 17 10 11]
np.random.permutation(males)[0:n_mar]
[ 3  2 16  8]
np.random.permutation(males)[0:n_mar]
[ 4  0 23 10]
np.random.permutation(males)[0:n_mar]
[ 5 11 12  2]
np.random.permutation(males)[0:n_mar]
[ 3 12 23  4]
np.random.permutation(males)[0:n_mar]
[13 18  3  5]
np.random.permutation(males)[0:n_mar]
[21  8 19  2]
np.random.permutation(males)[0:n_mar]
[10 18  1  9]
np.random.permutation(males)[0:n_mar]
[23  5  8 22]
np.random.permutation(males)[0:n_mar]
[ 1 10 13  7]
np.random.permutation(males)[0:n_mar]
[ 7 13 15 20]
np.random.permutation(males)[0:n_mar]
[20  9  7  2]
np.random.permutation(males)[0:n_mar]
[ 6  8 12  9]
np.random.permutation(males)[0:n_mar]
[ 0  5 17 20]
np.random.permutation(males)[0:n_mar]
[ 3 22 13  1]
np.random.permutation(males)[0:n_mar]
[ 9  1 11  6]
np.random.permutation(males)[0:n_mar]
[16  8  9 14]
np.random.permutation(males)[0:n_mar]
[15  6 17  7]
np.random.permutation(males)[0:n_mar]
[19 14  3  6]
np.random.permutation(males)[0:n_mar]
[14  0 16 19]
np.random.permutation(males)[0:n_mar]
[17 19  6 18]
np.random.permutation(males)[0:n_mar]
[21  5 22 16]
np.random.permutation(males)[0:n_mar]
[17 13 16 18]
np.random.permutation(males)[0:n_mar]
[6 0 2 4]
np.random.permutation(males)[0:n_mar]
[ 4 22 20 23]
np.random.permutation(males)[0:n_mar]
[10 22 11 23]
np.random.permutation(males)[0:n_mar]
[14  4 22  8]
np.random.permutation(males)[0:n_mar]
[17  3  1 16]
np.random.permutation(males)[0:n_mar]
[19 11  1  7]
np.random.permutation(males)[0:n_mar]
[ 6  1  2 23]
np.random.permutation(males)[0:n_mar]
[23 11 21 19]
np.random.permutation(males)[0:n_mar]
[ 3 22 21 17]
np.random.permutation(males)[0:n_mar]
[ 4 11 13  9]
np.random.permutation(males)[0:n_mar]
[0 7 1 6]
np.random.permutation(males)[0:n_mar]
[18 20  4 21]
np.random.permutation(males)[0:n_mar]
[16  9  2 15]
np.random.permutation(males)[0:n_mar]
[ 8  9  5 18]
np.random.permutation(males)[0:n_mar]
[14  4  7 20]
np.random.permutation(males)[0:n_mar]
[19 22 12 11]
np.random.permutation(males)[0:n_mar]
[ 8 18  5  4]
np.random.permutation(males)[0:n_mar]
[ 3  8  4 19]
np.random.permutation(males)[0:n_mar]
[ 1 15 20  9]
np.random.permutation(males)[0:n_mar]
[19  0 23 11]
np.random.permutation(males)[0:n_mar]
[18  9 10  4]
np.random.permutation(males)[0:n_mar]
[23  8 12 22]
np.random.permutation(males)[0:n_mar]
[13 18 16  9]
np.random.permutation(males)[0:n_mar]
[13 16  0 15]
np.random.permutation(males)[0:n_mar]
[20  6 16 18]
np.random.permutation(males)[0:n_mar]
[18 21  0 13]
np.random.permutation(males)[0:n_mar]
[13 22  0 11]
np.random.permutation(males)[0:n_mar]
[20 23 21  0]
np.random.permutation(males)[0:n_mar]
[ 5 11  2  7]
np.random.permutation(males)[0:n_mar]
[11 17  3  2]
np.random.permutation(males)[0:n_mar]
[ 3 19 14 16]
np.random.permutation(males)[0:n_mar]
[14 10  2 21]
np.random.permutation(males)[0:n_mar]
[11  6 12  8]
np.random.permutation(males)[0:n_mar]
[ 9 16 11 10]
np.random.permutation(males)[0:n_mar]
[ 4  1 11  9]
np.random.permutation(males)[0:n_mar]
[20  6  0  7]
np.random.permutation(males)[0:n_mar]
[ 6 20  0 18]
np.random.permutation(males)[0:n_mar]
[ 1 13  2  7]
np.random.permutation(males)[0:n_mar]
[11  5  9 10]
np.random.permutation(males)[0:n_mar]
[19 18  7 11]
np.random.permutation(males)[0:n_mar]
[16  6 13  5]
np.random.permutation(males)[0:n_mar]
[11 10 14  4]
np.random.permutation(males)[0:n_mar]
[ 6 15 19 16]
np.random.permutation(males)[0:n_mar]
[22 19 15 20]
np.random.permutation(males)[0:n_mar]
[15 19 20 10]
np.random.permutation(males)[0:n_mar]
[21 20 13 15]
np.random.permutation(males)[0:n_mar]
[ 1 15 23 13]
np.random.permutation(males)[0:n_mar]
[16 17 22  4]
np.random.permutation(males)[0:n_mar]
[17 12 16 14]
np.random.permutation(males)[0:n_mar]
[10  6 21  0]
np.random.permutation(males)[0:n_mar]
[ 3  9 12 10]
np.random.permutation(males)[0:n_mar]
[21 18  8 16]
np.random.permutation(males)[0:n_mar]
[23  3 12  4]
np.random.permutation(males)[0:n_mar]
[ 5  0 10 13]
np.random.permutation(males)[0:n_mar]
[12  6 11  4]
np.random.permutation(males)[0:n_mar]
[ 5 11  0  8]
np.random.permutation(males)[0:n_mar]
[ 0 21 18 16]
np.random.permutation(males)[0:n_mar]
[18 14  2 22]
np.random.permutation(males)[0:n_mar]
[19  2 16 17]
np.random.permutation(males)[0:n_mar]
[ 2  8  6 23]
np.random.permutation(males)[0:n_mar]
[ 9 20  4 11]
np.random.permutation(males)[0:n_mar]
[13 16  1 19]
np.random.permutation(males)[0:n_mar]
[4 7 3 2]
np.random.permutation(males)[0:n_mar]
[16  5 15 10]
np.random.permutation(males)[0:n_mar]
[22  2  4 14]
np.random.permutation(males)[0:n_mar]
[19  2 23 11]
np.random.permutation(males)[0:n_mar]
[ 8 13 19  1]
np.random.permutation(males)[0:n_mar]
[ 3 21 20  1]
np.random.permutation(males)[0:n_mar]
[17  7 13 15]
np.random.permutation(males)[0:n_mar]
[19 22  9 10]
np.random.permutation(males)[0:n_mar]
[21 10  2 23]
np.random.permutation(males)[0:n_mar]
[17  0 10  3]
np.random.permutation(males)[0:n_mar]
[ 9 12  2 23]
np.random.permutation(males)[0:n_mar]
[12 18 10  9]
np.random.permutation(males)[0:n_mar]
[ 0 18  4 11]
np.random.permutation(males)[0:n_mar]
[21  6  8  5]
np.random.permutation(males)[0:n_mar]
[13  3  1 15]
np.random.permutation(males)[0:n_mar]
[1 6 0 5]
np.random.permutation(males)[0:n_mar]
[6 0 4 7]
np.random.permutation(males)[0:n_mar]
[22 10 21  4]
np.random.permutation(males)[0:n_mar]
[22  1  5 17]
np.random.permutation(males)[0:n_mar]
[16  4  0 18]
np.random.permutation(males)[0:n_mar]
[17 15  1 10]
np.random.permutation(males)[0:n_mar]
[21 18 23 14]
np.random.permutation(males)[0:n_mar]
[22 14 12  0]
np.random.permutation(males)[0:n_mar]
[19 22 16 15]
np.random.permutation(males)[0:n_mar]
[21 20 10  3]
np.random.permutation(males)[0:n_mar]
[ 7 16  9 18]
np.random.permutation(males)[0:n_mar]
[12 15 20 19]
np.random.permutation(males)[0:n_mar]
[17 13 12 20]
np.random.permutation(males)[0:n_mar]
[ 5 11 21 13]
np.random.permutation(males)[0:n_mar]
[ 3  9 20 13]
np.random.permutation(males)[0:n_mar]
[ 9  2 14 16]
np.random.permutation(males)[0:n_mar]
[10  9  6  5]
np.random.permutation(males)[0:n_mar]
[19 10  1  9]
np.random.permutation(males)[0:n_mar]
[16  2 14 17]
np.random.permutation(males)[0:n_mar]
[ 3  6  7 18]
np.random.permutation(males)[0:n_mar]
[11 12  3 13]
np.random.permutation(males)[0:n_mar]
[20 15 16  8]
np.random.permutation(males)[0:n_mar]
[21 13  3  4]
np.random.permutation(males)[0:n_mar]
[17  3 13  7]
np.random.permutation(males)[0:n_mar]
[ 0 23 15  1]
np.random.permutation(males)[0:n_mar]
[ 7  3 15 23]
np.random.permutation(males)[0:n_mar]
[19 21 13 20]
np.random.permutation(males)[0:n_mar]
[ 1  9  6 12]
np.random.permutation(males)[0:n_mar]
[ 1 11  0  9]
np.random.permutation(males)[0:n_mar]
[16 23  4 19]
np.random.permutation(males)[0:n_mar]
[ 6 18 14 20]
np.random.permutation(males)[0:n_mar]
[ 1 20  3 10]
np.random.permutation(males)[0:n_mar]
[ 0  5  7 13]
np.random.permutation(males)[0:n_mar]
[ 6 16 23  9]
np.random.permutation(males)[0:n_mar]
[23 22  9 19]
np.random.permutation(males)[0:n_mar]
[16 18  6  3]
np.random.permutation(males)[0:n_mar]
[19 12 15 18]
np.random.permutation(males)[0:n_mar]
[17  3 16  5]
np.random.permutation(males)[0:n_mar]
[11 23  4 18]
np.random.permutation(males)[0:n_mar]
[ 0  2  9 17]
np.random.permutation(males)[0:n_mar]
[ 9 11 22 19]
np.random.permutation(males)[0:n_mar]
[11  9  0 10]
np.random.permutation(males)[0:n_mar]
[22 10 18 14]
np.random.permutation(males)[0:n_mar]
[19 20 17 13]
np.random.permutation(males)[0:n_mar]
[23 13 21  5]
np.random.permutation(males)[0:n_mar]
[19  0 13 18]
np.random.permutation(males)[0:n_mar]
[11 17 19 15]
np.random.permutation(males)[0:n_mar]
[ 1  9 11  4]
np.random.permutation(males)[0:n_mar]
[16 11 10  2]
np.random.permutation(males)[0:n_mar]
[16 18 12 10]
np.random.permutation(males)[0:n_mar]
[21  5  8 17]
np.random.permutation(males)[0:n_mar]
[ 9  2 21 18]
np.random.permutation(males)[0:n_mar]
[17 16 11  7]
np.random.permutation(males)[0:n_mar]
[14  0 22 11]
np.random.permutation(males)[0:n_mar]
[11  0  3 15]
np.random.permutation(males)[0:n_mar]
[19  7  0 12]
np.random.permutation(males)[0:n_mar]
[13 23  6 14]
np.random.permutation(males)[0:n_mar]
[ 5 17  3 13]
np.random.permutation(males)[0:n_mar]
[13 21 23 12]
np.random.permutation(males)[0:n_mar]
[10 12 11 14]
np.random.permutation(males)[0:n_mar]
[ 9 21 15  1]
np.random.permutation(males)[0:n_mar]
[ 8 22 12 21]
np.random.permutation(males)[0:n_mar]
[10 18  2  3]
np.random.permutation(males)[0:n_mar]
[11  3 17 21]
np.random.permutation(males)[0:n_mar]
[ 0  6 18  7]
np.random.permutation(males)[0:n_mar]
[21 13  5  0]
np.random.permutation(males)[0:n_mar]
[ 1  2 16  6]
np.random.permutation(males)[0:n_mar]
[17  1 10  0]
np.random.permutation(males)[0:n_mar]
[ 1  0 12 10]
np.random.permutation(males)[0:n_mar]
[2 5 9 4]
np.random.permutation(males)[0:n_mar]
[ 3 21  9  4]
np.random.permutation(males)[0:n_mar]
[7 2 1 0]
np.random.permutation(males)[0:n_mar]
[23 19  1 20]
np.random.permutation(males)[0:n_mar]
[11 10  6 16]
np.random.permutation(males)[0:n_mar]
[ 2  0 13 12]
np.random.permutation(males)[0:n_mar]
[ 0 21 16  9]
np.random.permutation(males)[0:n_mar]
[15 19 10 22]
np.random.permutation(males)[0:n_mar]
[ 1  2 17 12]
np.random.permutation(males)[0:n_mar]
[14 19 15  1]
np.random.permutation(males)[0:n_mar]
[ 5 16 20 21]
np.random.permutation(males)[0:n_mar]
[ 6  7 14  8]
np.random.permutation(males)[0:n_mar]
[4 2 5 8]
np.random.permutation(males)[0:n_mar]
[22  6 11  7]
np.random.permutation(males)[0:n_mar]
[17 19 11 14]
np.random.permutation(males)[0:n_mar]
[21  5 10 16]
np.random.permutation(males)[0:n_mar]
[14  7  1  6]
np.random.permutation(males)[0:n_mar]
[10 21  4  2]
np.random.permutation(males)[0:n_mar]
[20  2 16 12]
np.random.permutation(males)[0:n_mar]
[ 3 20  5  8]
np.random.permutation(males)[0:n_mar]
[19 15 11  4]
np.random.permutation(males)[0:n_mar]
[ 6 15  2  3]
np.random.permutation(males)[0:n_mar]
[13  7  3  8]
np.random.permutation(males)[0:n_mar]
[13 23 12 14]
np.random.permutation(males)[0:n_mar]
[ 2 13 10  7]
np.random.permutation(males)[0:n_mar]
[ 0 21  1  7]
np.random.permutation(males)[0:n_mar]
[22  3 17 15]
np.random.permutation(males)[0:n_mar]
[18 15  2 23]
np.random.permutation(males)[0:n_mar]
[ 8 14 23 12]
np.random.permutation(males)[0:n_mar]
[21 14 15  6]
np.random.permutation(males)[0:n_mar]
[20  0 22 14]
np.random.permutation(males)[0:n_mar]
[ 8 14 20 17]
np.random.permutation(males)[0:n_mar]
[19  3  4  8]
np.random.permutation(males)[0:n_mar]
[14  9 21  8]
np.random.permutation(males)[0:n_mar]
[17  4 20 18]
np.random.permutation(males)[0:n_mar]
[23  7 13 20]
np.random.permutation(males)[0:n_mar]
[22 11  5 18]
np.random.permutation(males)[0:n_mar]
[ 9  4 13  5]
np.random.permutation(males)[0:n_mar]
[17 11 22 10]
np.random.permutation(males)[0:n_mar]
[ 1 11 13 14]
np.random.permutation(males)[0:n_mar]
[15 10  2  1]
np.random.permutation(males)[0:n_mar]
[18  0  8 14]
np.random.permutation(males)[0:n_mar]
[10  5 21  4]
np.random.permutation(males)[0:n_mar]
[18 21 22  7]
np.random.permutation(males)[0:n_mar]
[10 21  9 20]
np.random.permutation(males)[0:n_mar]
[17 15  5 14]
np.random.permutation(males)[0:n_mar]
[23 12  9 13]
np.random.permutation(males)[0:n_mar]
[10 14 23 22]
np.random.permutation(males)[0:n_mar]
[19  4 10  2]
np.random.permutation(males)[0:n_mar]
[22  9 16 12]
np.random.permutation(males)[0:n_mar]
[ 2 15 18 23]
np.random.permutation(males)[0:n_mar]
[ 6  8 11  9]
np.random.permutation(males)[0:n_mar]
[20  3 17 13]
np.random.permutation(males)[0:n_mar]
[ 4 23 14  2]
np.random.permutation(males)[0:n_mar]
[ 6 14 17 13]
np.random.permutation(males)[0:n_mar]
[17 23  6 11]
np.random.permutation(males)[0:n_mar]
[ 9 10 22 12]
np.random.permutation(males)[0:n_mar]
[19  3  0 18]
np.random.permutation(males)[0:n_mar]
[20  7  6 17]
np.random.permutation(males)[0:n_mar]
[ 8 14  5  3]
np.random.permutation(males)[0:n_mar]
[16  1 10  7]
np.random.permutation(males)[0:n_mar]
[17 18  3 12]
np.random.permutation(males)[0:n_mar]
[17  8  0 14]
np.random.permutation(males)[0:n_mar]
[ 8 16 20 19]
np.random.permutation(males)[0:n_mar]
[15  1  0 18]
np.random.permutation(males)[0:n_mar]
[12 17  2 14]
np.random.permutation(males)[0:n_mar]
[ 9  1 23 17]
np.random.permutation(males)[0:n_mar]
[ 0  9 14  1]
np.random.permutation(males)[0:n_mar]
[ 2 17 16 21]
np.random.permutation(males)[0:n_mar]
[23 12 21  8]
np.random.permutation(males)[0:n_mar]
[17 19 18  7]
np.random.permutation(males)[0:n_mar]
[11  8 16  6]
np.random.permutation(males)[0:n_mar]
[ 1 11  8 21]
np.random.permutation(males)[0:n_mar]
[14  2 16 20]
np.random.permutation(males)[0:n_mar]
[20  3 10  5]
np.random.permutation(males)[0:n_mar]
[ 8 10  9 13]
np.random.permutation(males)[0:n_mar]
[20 15  3  7]
np.random.permutation(males)[0:n_mar]
[7 4 1 0]
np.random.permutation(males)[0:n_mar]
[10 11 15  3]
np.random.permutation(males)[0:n_mar]
[ 1 23 13 17]
np.random.permutation(males)[0:n_mar]
[19 16 20 12]
np.random.permutation(males)[0:n_mar]
[ 0 14 21  7]
np.random.permutation(males)[0:n_mar]
[ 5 15 23  7]
np.random.permutation(males)[0:n_mar]
[23 10 19 18]
np.random.permutation(males)[0:n_mar]
[17 18  4  0]
np.random.permutation(males)[0:n_mar]
[15 20 12  5]
np.random.permutation(males)[0:n_mar]
[ 9 13 19 22]
np.random.permutation(males)[0:n_mar]
[ 5 22  6  1]
np.random.permutation(males)[0:n_mar]
[ 3  5 11 15]
np.random.permutation(males)[0:n_mar]
[11  9 10 15]
np.random.permutation(males)[0:n_mar]
[10  8 12 19]
np.random.permutation(males)[0:n_mar]
[ 1 10  5 16]
np.random.permutation(males)[0:n_mar]
[ 3 17 21 12]
np.random.permutation(males)[0:n_mar]
[10  1 18  2]
np.random.permutation(males)[0:n_mar]
[ 3 11  1 12]
np.random.permutation(males)[0:n_mar]
[19 10 16 22]
np.random.permutation(males)[0:n_mar]
[18 17 23 14]
np.random.permutation(males)[0:n_mar]
[12 20 14 19]
np.random.permutation(males)[0:n_mar]
[19  1 20 21]
np.random.permutation(males)[0:n_mar]
[ 4  7  9 19]
np.random.permutation(males)[0:n_mar]
[8 4 2 5]
np.random.permutation(males)[0:n_mar]
[15 12  9 22]
np.random.permutation(males)[0:n_mar]
[ 7 14  9 16]
np.random.permutation(males)[0:n_mar]
[ 8 22 10  1]
np.random.permutation(males)[0:n_mar]
[ 7 15 12  9]
np.random.permutation(males)[0:n_mar]
[ 6 13 19 21]
np.random.permutation(males)[0:n_mar]
[15  3 13  0]
np.random.permutation(males)[0:n_mar]
[22 16  0 18]
np.random.permutation(males)[0:n_mar]
[ 0  9 11  8]
np.random.permutation(males)[0:n_mar]
[ 2 13 15 11]
np.random.permutation(males)[0:n_mar]
[13 22 17  6]
np.random.permutation(males)[0:n_mar]
[ 7 10 13 19]
np.random.permutation(males)[0:n_mar]
[22 18  7 19]
np.random.permutation(males)[0:n_mar]
[ 4  1  6 17]
np.random.permutation(males)[0:n_mar]
[ 1 23 21 11]
np.random.permutation(males)[0:n_mar]
[11  7 13 18]
np.random.permutation(males)[0:n_mar]
[ 7 19  9  8]
np.random.permutation(males)[0:n_mar]
[15  7 12 14]
np.random.permutation(males)[0:n_mar]
[20 19  4 12]
np.random.permutation(males)[0:n_mar]
[ 0 11 10  3]
np.random.permutation(males)[0:n_mar]
[16 23 14 15]
np.random.permutation(males)[0:n_mar]
[16  4  7  0]
np.random.permutation(males)[0:n_mar]
[ 5 15 18  7]
np.random.permutation(males)[0:n_mar]
[ 0 19  3 20]
np.random.permutation(males)[0:n_mar]
[20 13  1 18]
np.random.permutation(males)[0:n_mar]
[10 11 17  0]
np.random.permutation(males)[0:n_mar]
[12 18 20  3]
np.random.permutation(males)[0:n_mar]
[ 4 17 10 23]
np.random.permutation(males)[0:n_mar]
[16 12 17 22]
np.random.permutation(males)[0:n_mar]
[ 7 10 16 14]
np.random.permutation(males)[0:n_mar]
[ 4 10 17  8]
np.random.permutation(males)[0:n_mar]
[15 18  5 22]
np.random.permutation(males)[0:n_mar]
[14 19 21 20]
np.random.permutation(males)[0:n_mar]
[17 20 16  4]
np.random.permutation(males)[0:n_mar]
[ 8  3  4 19]
np.random.permutation(males)[0:n_mar]
[19  2 10 22]
np.random.permutation(males)[0:n_mar]
[18 12 17  2]
np.random.permutation(males)[0:n_mar]
[ 1 23  4  3]
np.random.permutation(males)[0:n_mar]
[22 10 21 18]
np.random.permutation(males)[0:n_mar]
[ 7 15 16 21]
np.random.permutation(males)[0:n_mar]
[16 22 11  5]
np.random.permutation(males)[0:n_mar]
[ 1 22 18  3]
np.random.permutation(males)[0:n_mar]
[16  9 22 13]
np.random.permutation(males)[0:n_mar]
[ 9 22  6  0]
np.random.permutation(males)[0:n_mar]
[23 17 11 14]
np.random.permutation(males)[0:n_mar]
[ 3 18  1  8]
np.random.permutation(males)[0:n_mar]
[ 2 21 12  6]
np.random.permutation(males)[0:n_mar]
[23 22  9  2]
np.random.permutation(males)[0:n_mar]
[13  4  1  0]
np.random.permutation(males)[0:n_mar]
[ 0 23  4 12]
np.random.permutation(males)[0:n_mar]
[ 0  1 10  2]
np.random.permutation(males)[0:n_mar]
[20 11  5 15]
np.random.permutation(males)[0:n_mar]
[13 14 18 22]
np.random.permutation(males)[0:n_mar]
[ 3 18  2  8]
np.random.permutation(males)[0:n_mar]
[15 22  2 18]
np.random.permutation(males)[0:n_mar]
[ 9  3  8 16]
np.random.permutation(males)[0:n_mar]
[13 23  5  7]
np.random.permutation(males)[0:n_mar]
[18 17 16 21]
np.random.permutation(males)[0:n_mar]
[ 0 22 19 15]
np.random.permutation(males)[0:n_mar]
[ 0  9  1 13]
np.random.permutation(males)[0:n_mar]
[16  2 15 13]
np.random.permutation(males)[0:n_mar]
[ 6 20 21 17]
np.random.permutation(males)[0:n_mar]
[10  7 22 11]
np.random.permutation(males)[0:n_mar]
[ 1  3 21 16]
np.random.permutation(males)[0:n_mar]
[21 13 10 11]
np.random.permutation(males)[0:n_mar]
[23 17 16 22]
np.random.permutation(males)[0:n_mar]
[ 0 16 14 19]
np.random.permutation(males)[0:n_mar]
[ 0  5 11 10]
np.random.permutation(males)[0:n_mar]
[13 21  8  2]
np.random.permutation(males)[0:n_mar]
[ 5  4 12 18]
np.random.permutation(males)[0:n_mar]
[23  7 18  3]
np.random.permutation(males)[0:n_mar]
[ 3 20  6 16]
np.random.permutation(males)[0:n_mar]
[10  7 17  6]
np.random.permutation(males)[0:n_mar]
[16 22 17 18]
np.random.permutation(males)[0:n_mar]
[ 8 14 23 17]
np.random.permutation(males)[0:n_mar]
[20 21  9 23]
np.random.permutation(males)[0:n_mar]
[ 9 14  1 10]
np.random.permutation(males)[0:n_mar]
[17 10 12  4]
np.random.permutation(males)[0:n_mar]
[22  8  0 12]
np.random.permutation(males)[0:n_mar]
[13 19 21 10]
np.random.permutation(males)[0:n_mar]
[12 15  8  5]
np.random.permutation(males)[0:n_mar]
[ 4  3 22 15]
np.random.permutation(males)[0:n_mar]
[ 4 10 12  0]
np.random.permutation(males)[0:n_mar]
[22  9  3 20]
np.random.permutation(males)[0:n_mar]
[11 15 17 23]
np.random.permutation(males)[0:n_mar]
[21 22 23  1]
np.random.permutation(males)[0:n_mar]
[10  7 19  8]
np.random.permutation(males)[0:n_mar]
[ 8 13  9  4]
np.random.permutation(males)[0:n_mar]
[14 18 12 22]
np.random.permutation(males)[0:n_mar]
[15 18 19 23]
np.random.permutation(males)[0:n_mar]
[ 0 16  8 18]
np.random.permutation(males)[0:n_mar]
[ 6 18  1  7]
np.random.permutation(males)[0:n_mar]
[ 2 18 17 23]
np.random.permutation(males)[0:n_mar]
[ 7  1 13  3]
np.random.permutation(males)[0:n_mar]
[ 0  1 21 11]
np.random.permutation(males)[0:n_mar]
[21  3 17 20]
np.random.permutation(males)[0:n_mar]
[22  7  9 11]
np.random.permutation(males)[0:n_mar]
[ 2 11 19 12]
np.random.permutation(males)[0:n_mar]
[ 4 23  7 18]
np.random.permutation(males)[0:n_mar]
[21 22  5 16]
np.random.permutation(males)[0:n_mar]
[ 0 21 23 20]
np.random.permutation(males)[0:n_mar]
[ 2 11  3  9]
np.random.permutation(males)[0:n_mar]
[14  7 22 13]
np.random.permutation(males)[0:n_mar]
[ 0 21 16 22]
np.random.permutation(males)[0:n_mar]
[11 20 18  6]
np.random.permutation(males)[0:n_mar]
[ 8 17 23 21]
np.random.permutation(males)[0:n_mar]
[17  7  6 18]
np.random.permutation(males)[0:n_mar]
[17 11  1  5]
np.random.permutation(males)[0:n_mar]
[16 10  5 11]
np.random.permutation(males)[0:n_mar]
[ 8  2 14 20]
np.random.permutation(males)[0:n_mar]
[0 8 1 7]
np.random.permutation(males)[0:n_mar]
[19 15 12  2]
np.random.permutation(males)[0:n_mar]
[14  3 10 21]
np.random.permutation(males)[0:n_mar]
[20 19  6 12]
np.random.permutation(males)[0:n_mar]
[12 19 13  8]
np.random.permutation(males)[0:n_mar]
[1 7 9 5]
np.random.permutation(males)[0:n_mar]
[14 18  3  8]
np.random.permutation(males)[0:n_mar]
[22 19  9 20]
np.random.permutation(males)[0:n_mar]
[21  9 23 17]
np.random.permutation(males)[0:n_mar]
[17  8 18  9]
np.random.permutation(males)[0:n_mar]
[21 20  3 23]
np.random.permutation(males)[0:n_mar]
[3 2 1 6]
np.random.permutation(males)[0:n_mar]
[10  6 19  7]
np.random.permutation(males)[0:n_mar]
[ 3  5  6 12]
np.random.permutation(males)[0:n_mar]
[19  7 10  8]
np.random.permutation(males)[0:n_mar]
[14  9  2  1]
np.random.permutation(males)[0:n_mar]
[23 17 21 10]
np.random.permutation(males)[0:n_mar]
[19  5 13  4]
np.random.permutation(males)[0:n_mar]
[15  1  5 13]
np.random.permutation(males)[0:n_mar]
[18  9  6 15]
np.random.permutation(males)[0:n_mar]
[10  7 13 16]
np.random.permutation(males)[0:n_mar]
[23  1  4 13]
np.random.permutation(males)[0:n_mar]
[2 5 6 3]
np.random.permutation(males)[0:n_mar]
[ 1  0 11 22]
np.random.permutation(males)[0:n_mar]
[ 7 13 14 23]
np.random.permutation(males)[0:n_mar]
[ 8 22 12  3]
np.random.permutation(males)[0:n_mar]
[22 11 13 23]
np.random.permutation(males)[0:n_mar]
[19 11 20  4]
np.random.permutation(males)[0:n_mar]
[ 2  0  6 19]
np.random.permutation(males)[0:n_mar]
[22 23  8 17]
np.random.permutation(males)[0:n_mar]
[ 2 22  5 21]
np.random.permutation(males)[0:n_mar]
[ 3 14 23  4]
np.random.permutation(males)[0:n_mar]
[11  3 23 15]
np.random.permutation(males)[0:n_mar]
[21  7 18 17]
np.random.permutation(males)[0:n_mar]
[18 15  2 21]
np.random.permutation(males)[0:n_mar]
[ 4 14 12 21]
np.random.permutation(males)[0:n_mar]
[ 0  3 20 17]
np.random.permutation(males)[0:n_mar]
[ 3 20 22 21]
np.random.permutation(males)[0:n_mar]
[ 4 23  5 19]
np.random.permutation(males)[0:n_mar]
[ 3 18 13 16]
np.random.permutation(males)[0:n_mar]
[11 23 15 17]
np.random.permutation(males)[0:n_mar]
[20 12  8 22]
np.random.permutation(males)[0:n_mar]
[18  6 17 16]
np.random.permutation(males)[0:n_mar]
[ 1 14 18  4]
np.random.permutation(males)[0:n_mar]
[23  3  8  2]
np.random.permutation(males)[0:n_mar]
[ 3 20 17 23]
np.random.permutation(males)[0:n_mar]
[20 15  3 17]
np.random.permutation(males)[0:n_mar]
[21 16  6 15]
np.random.permutation(males)[0:n_mar]
[11 12 16 18]
np.random.permutation(males)[0:n_mar]
[18 16  6  2]
np.random.permutation(males)[0:n_mar]
[11 17  4  9]
np.random.permutation(males)[0:n_mar]
[10 16 18  8]
np.random.permutation(males)[0:n_mar]
[18 22 16  7]
np.random.permutation(males)[0:n_mar]
[16 20 23  1]
np.random.permutation(males)[0:n_mar]
[ 2  6 16 23]
np.random.permutation(males)[0:n_mar]
[ 9 14  6 20]
np.random.permutation(males)[0:n_mar]
[22 16 18 17]
np.random.permutation(males)[0:n_mar]
[15 22 21  4]
np.random.permutation(males)[0:n_mar]
[12  4  9 22]
np.random.permutation(males)[0:n_mar]
[18  2  1  0]
np.random.permutation(males)[0:n_mar]
[19 10  2 12]
np.random.permutation(males)[0:n_mar]
[12 14 15 16]
np.random.permutation(males)[0:n_mar]
[17 16  1 15]
np.random.permutation(males)[0:n_mar]
[13 14  3  8]
np.random.permutation(males)[0:n_mar]
[15  5 23  3]
np.random.permutation(males)[0:n_mar]
[12 14 15  9]
np.random.permutation(males)[0:n_mar]
[2 7 4 0]
np.random.permutation(males)[0:n_mar]
[21  2 18 11]
np.random.permutation(males)[0:n_mar]
[ 9  6 19 18]
np.random.permutation(males)[0:n_mar]
[ 1 23 13  5]
np.random.permutation(males)[0:n_mar]
[ 5  1  7 17]
np.random.permutation(males)[0:n_mar]
[20  5 21  3]
np.random.permutation(males)[0:n_mar]
[21  5 12 17]
np.random.permutation(males)[0:n_mar]
[19 20 22 21]
np.random.permutation(males)[0:n_mar]
[17 16  2 20]
np.random.permutation(males)[0:n_mar]
[18 10  6 15]
np.random.permutation(males)[0:n_mar]
[23 17  9 18]
np.random.permutation(males)[0:n_mar]
[23 20  9  1]
np.random.permutation(males)[0:n_mar]
[10  6 23 15]
np.random.permutation(males)[0:n_mar]
[14  7  4 13]
np.random.permutation(males)[0:n_mar]
[18  6  8  4]
np.random.permutation(males)[0:n_mar]
[23  1  7 20]
np.random.permutation(males)[0:n_mar]
[ 9  8 16 13]
np.random.permutation(males)[0:n_mar]
[22 19  8  5]
np.random.permutation(males)[0:n_mar]
[ 0 15 11 17]
np.random.permutation(males)[0:n_mar]
[10  1  5  9]
np.random.permutation(males)[0:n_mar]
[22 11  8 15]
np.random.permutation(males)[0:n_mar]
[13  9  7  4]
np.random.permutation(males)[0:n_mar]
[16  3  9  7]
np.random.permutation(males)[0:n_mar]
[12  6 10 17]
np.random.permutation(males)[0:n_mar]
[15  3 18  4]
np.random.permutation(males)[0:n_mar]
[13  2 18  0]
np.random.permutation(males)[0:n_mar]
[11 14  7 17]
np.random.permutation(males)[0:n_mar]
[ 4 16  0 18]
np.random.permutation(males)[0:n_mar]
[19  9  4 10]
np.random.permutation(males)[0:n_mar]
[19 10 11 15]
np.random.permutation(males)[0:n_mar]
[18 19  0  5]
np.random.permutation(males)[0:n_mar]
[ 1 23 12 19]
np.random.permutation(males)[0:n_mar]
[ 1 12  6 14]
np.random.permutation(males)[0:n_mar]
[17 23  1 16]
np.random.permutation(males)[0:n_mar]
[ 1 22  0 19]
np.random.permutation(males)[0:n_mar]
[14 22 10  1]
np.random.permutation(males)[0:n_mar]
[10  6 12 20]
np.random.permutation(males)[0:n_mar]
[ 0 17 22 13]
np.random.permutation(males)[0:n_mar]
[19  1  6  3]
np.random.permutation(males)[0:n_mar]
[20  3 11 15]
np.random.permutation(males)[0:n_mar]
[18 23 19 11]
np.random.permutation(males)[0:n_mar]
[19  5 15  9]
np.random.permutation(males)[0:n_mar]
[ 6  8 20 17]
np.random.permutation(males)[0:n_mar]
[22  8  5  4]
np.random.permutation(males)[0:n_mar]
[20 22 23 19]
np.random.permutation(males)[0:n_mar]
[23 19 20  2]
np.random.permutation(males)[0:n_mar]
[20 14 22  8]
np.random.permutation(males)[0:n_mar]
[11 12 16  1]
np.random.permutation(males)[0:n_mar]
[ 5 20 21  2]
np.random.permutation(males)[0:n_mar]
[12 15  0  6]
np.random.permutation(males)[0:n_mar]
[ 9  2 17 23]
np.random.permutation(males)[0:n_mar]
[13 22  0 19]
np.random.permutation(males)[0:n_mar]
[ 8 10 21 19]
np.random.permutation(males)[0:n_mar]
[21  1 10  3]
np.random.permutation(males)[0:n_mar]
[23  9 18 11]
np.random.permutation(males)[0:n_mar]
[ 0 20  6 21]
np.random.permutation(males)[0:n_mar]
[23 19  8 16]
np.random.permutation(males)[0:n_mar]
[10 20  5 19]
np.random.permutation(males)[0:n_mar]
[22  0 13 17]
np.random.permutation(males)[0:n_mar]
[14 23  3 12]
np.random.permutation(males)[0:n_mar]
[21 13 10 19]
np.random.permutation(males)[0:n_mar]
[ 7 17  1  2]
np.random.permutation(males)[0:n_mar]
[19 16 18 15]
np.random.permutation(males)[0:n_mar]
[11  1 22 23]
np.random.permutation(males)[0:n_mar]
[4 8 6 9]
np.random.permutation(males)[0:n_mar]
[12 17 11 21]
np.random.permutation(males)[0:n_mar]
[17  1 13  2]
np.random.permutation(males)[0:n_mar]
[21 20  1  7]
np.random.permutation(males)[0:n_mar]
[ 9 12  6 16]
np.random.permutation(males)[0:n_mar]
[ 8  1  2 18]
np.random.permutation(males)[0:n_mar]
[12  5  4 13]
np.random.permutation(males)[0:n_mar]
[22 15 16  2]
np.random.permutation(males)[0:n_mar]
[ 0  4  3 16]
np.random.permutation(males)[0:n_mar]
[ 9 16  6  3]
np.random.permutation(males)[0:n_mar]
[15  4  7  1]
np.random.permutation(males)[0:n_mar]
[ 1 16  9  5]
np.random.permutation(males)[0:n_mar]
[16  4 17 11]
np.random.permutation(males)[0:n_mar]
[12 18 11 22]
np.random.permutation(males)[0:n_mar]
[19  9 11  5]
np.random.permutation(males)[0:n_mar]
[ 4  6 10 23]
np.random.permutation(males)[0:n_mar]
[13 20  9 10]
np.random.permutation(males)[0:n_mar]
[20 15  7  5]
np.random.permutation(males)[0:n_mar]
[ 0 10 20 11]
np.random.permutation(males)[0:n_mar]
[19 20 23 21]
np.random.permutation(males)[0:n_mar]
[ 4 23  7 20]
np.random.permutation(males)[0:n_mar]
[ 9 21  2 18]
np.random.permutation(males)[0:n_mar]
[ 8  0 19  9]
np.random.permutation(males)[0:n_mar]
[19 13 14 12]
np.random.permutation(males)[0:n_mar]
[ 7 13 23  6]
np.random.permutation(males)[0:n_mar]
[21 17  0 18]
np.random.permutation(males)[0:n_mar]
[15  8 13  3]
np.random.permutation(males)[0:n_mar]
[17 11 21 18]
np.random.permutation(males)[0:n_mar]
[ 7  3 22 11]
np.random.permutation(males)[0:n_mar]
[ 5  7 21  3]
np.random.permutation(males)[0:n_mar]
[11  3 18 15]
np.random.permutation(males)[0:n_mar]
[13  0 16 23]
np.random.permutation(males)[0:n_mar]
[15  1 11  8]
np.random.permutation(males)[0:n_mar]
[20 21  5 11]
np.random.permutation(males)[0:n_mar]
[23 14  4 11]
np.random.permutation(males)[0:n_mar]
[ 4 16 13 11]
np.random.permutation(males)[0:n_mar]
[ 1 17 21  3]
np.random.permutation(males)[0:n_mar]
[12  7 15 22]
np.random.permutation(males)[0:n_mar]
[11 20 12 17]
np.random.permutation(males)[0:n_mar]
[ 4  2 23 20]
np.random.permutation(males)[0:n_mar]
[22 18  6  2]
np.random.permutation(males)[0:n_mar]
[9 1 0 8]
np.random.permutation(males)[0:n_mar]
[ 3 18 14  4]
np.random.permutation(males)[0:n_mar]
[20  4  1  2]
np.random.permutation(males)[0:n_mar]
[16  3 11  7]
np.random.permutation(males)[0:n_mar]
[ 6 18 22 14]
np.random.permutation(males)[0:n_mar]
[13 14  7 16]
np.random.permutation(males)[0:n_mar]
[ 1 19  3 22]
np.random.permutation(males)[0:n_mar]
[3 9 5 2]
np.random.permutation(males)[0:n_mar]
[ 2 13 16  5]
np.random.permutation(males)[0:n_mar]
[22  7  6  4]
np.random.permutation(males)[0:n_mar]
[20  5 21 12]
np.random.permutation(males)[0:n_mar]
[ 1  9 10 17]
np.random.permutation(males)[0:n_mar]
[ 0 21  1  9]
np.random.permutation(males)[0:n_mar]
[ 6 14 20  1]
np.random.permutation(males)[0:n_mar]
[ 0 10  2  4]
np.random.permutation(males)[0:n_mar]
[14  5 18  0]
np.random.permutation(males)[0:n_mar]
[21  3 22 14]
np.random.permutation(males)[0:n_mar]
[13 15  7  8]
np.random.permutation(males)[0:n_mar]
[13  7 22  0]
np.random.permutation(males)[0:n_mar]
[23  9 18  7]
np.random.permutation(males)[0:n_mar]
[12  9  3 19]
np.random.permutation(males)[0:n_mar]
[ 2 10  9  1]
np.random.permutation(males)[0:n_mar]
[22 18 12 11]
np.random.permutation(males)[0:n_mar]
[18 19  4  3]
np.random.permutation(males)[0:n_mar]
[19 13  6  2]
np.random.permutation(males)[0:n_mar]
[ 2 12 16 10]
np.random.permutation(males)[0:n_mar]
[ 6 17  0 16]
np.random.permutation(males)[0:n_mar]
[13 21 14  7]
np.random.permutation(males)[0:n_mar]
[16  7 20  2]
np.random.permutation(males)[0:n_mar]
[ 5 21 18  9]
np.random.permutation(males)[0:n_mar]
[18 13  0  1]
np.random.permutation(males)[0:n_mar]
[21 17  3 12]
np.random.permutation(males)[0:n_mar]
[19  8 16 10]
np.random.permutation(males)[0:n_mar]
[13 10 12  2]
np.random.permutation(males)[0:n_mar]
[ 2 20 19  3]
np.random.permutation(males)[0:n_mar]
[19 12 11 15]
np.random.permutation(males)[0:n_mar]
[12 16 21 19]
np.random.permutation(males)[0:n_mar]
[ 5 11 13  8]
np.random.permutation(males)[0:n_mar]
[20  5  1 19]
np.random.permutation(males)[0:n_mar]
[ 9 10  0 18]
np.random.permutation(males)[0:n_mar]
[23  8  3 16]
np.random.permutation(males)[0:n_mar]
[ 1 16  7 19]
np.random.permutation(males)[0:n_mar]
[19 20  5  3]
np.random.permutation(males)[0:n_mar]
[ 9 13 12  1]
np.random.permutation(males)[0:n_mar]
[17  2 22 20]
np.random.permutation(males)[0:n_mar]
[ 8 14 11 15]
np.random.permutation(males)[0:n_mar]
[ 1 15  8 13]
np.random.permutation(males)[0:n_mar]
[23  8 12  1]
np.random.permutation(males)[0:n_mar]
[23 21 20  9]
np.random.permutation(males)[0:n_mar]
[ 2  3 14  5]
np.random.permutation(males)[0:n_mar]
[19 23 12 14]
np.random.permutation(males)[0:n_mar]
[19  0  1  6]
np.random.permutation(males)[0:n_mar]
[10 21  2 20]
np.random.permutation(males)[0:n_mar]
[12 23 10 20]
np.random.permutation(males)[0:n_mar]
[ 5 23 11  9]
np.random.permutation(males)[0:n_mar]
[ 5 15 16 21]
np.random.permutation(males)[0:n_mar]
[15 22  9 11]
np.random.permutation(males)[0:n_mar]
[14 13 23  6]
np.random.permutation(males)[0:n_mar]
[ 1 20 13 23]
np.random.permutation(males)[0:n_mar]
[ 1 18  0 12]
np.random.permutation(males)[0:n_mar]
[ 7  2 14 21]
np.random.permutation(males)[0:n_mar]
[ 8  7 22 17]
np.random.permutation(males)[0:n_mar]
[17  7 14 21]
np.random.permutation(males)[0:n_mar]
[11 14 12  6]
np.random.permutation(males)[0:n_mar]
[22  0  2 17]
np.random.permutation(males)[0:n_mar]
[23  6 12  1]
np.random.permutation(males)[0:n_mar]
[12  1 22 20]
np.random.permutation(males)[0:n_mar]
[10  2  3 14]
np.random.permutation(males)[0:n_mar]
[15  1 20 18]
np.random.permutation(males)[0:n_mar]
[6 0 3 8]
np.random.permutation(males)[0:n_mar]
[16  9  8 19]
np.random.permutation(males)[0:n_mar]
[20 15 22  0]
np.random.permutation(males)[0:n_mar]
[23 14  3  7]
np.random.permutation(males)[0:n_mar]
[15 17  0 10]
np.random.permutation(males)[0:n_mar]
[21 12 18 22]
np.random.permutation(males)[0:n_mar]
[21  5 19  4]
np.random.permutation(males)[0:n_mar]
[20  5  0  9]
np.random.permutation(males)[0:n_mar]
[21 12 16 13]
np.random.permutation(males)[0:n_mar]
[ 1 18 23 15]
np.random.permutation(males)[0:n_mar]
[17  6  1  7]
np.random.permutation(males)[0:n_mar]
[10 12 11  8]
np.random.permutation(males)[0:n_mar]
[13 18 17  9]
np.random.permutation(males)[0:n_mar]
[15 18 19 10]
np.random.permutation(males)[0:n_mar]
[16 22  4  6]
np.random.permutation(males)[0:n_mar]
[3 6 8 0]
np.random.permutation(males)[0:n_mar]
[12 17 20  2]
np.random.permutation(males)[0:n_mar]
[17  5 18 15]
np.random.permutation(males)[0:n_mar]
[14  8 13 15]
np.random.permutation(males)[0:n_mar]
[ 1 10  0 14]
np.random.permutation(males)[0:n_mar]
[ 2 19 18 10]
np.random.permutation(males)[0:n_mar]
[ 8 17  5  6]
np.random.permutation(males)[0:n_mar]
[ 0  6 22  9]
np.random.permutation(males)[0:n_mar]
[19  2 18 20]
np.random.permutation(males)[0:n_mar]
[19  5  3 15]
np.random.permutation(males)[0:n_mar]
[17 21 14 22]
np.random.permutation(males)[0:n_mar]
[10  9 11  1]
np.random.permutation(males)[0:n_mar]
[20 19  5 18]
np.random.permutation(males)[0:n_mar]
[23 10  6 19]
np.random.permutation(males)[0:n_mar]
[15  8 12  3]
np.random.permutation(males)[0:n_mar]
[6 8 3 7]
np.random.permutation(males)[0:n_mar]
[17  3 20 19]
np.random.permutation(males)[0:n_mar]
[15  1 21 22]
np.random.permutation(males)[0:n_mar]
[ 4 22  8 16]
np.random.permutation(males)[0:n_mar]
[ 2  7 13 10]
np.random.permutation(males)[0:n_mar]
[12 14  8 19]
np.random.permutation(males)[0:n_mar]
[ 0  4 10  3]
np.random.permutation(males)[0:n_mar]
[ 4  2  0 21]
np.random.permutation(males)[0:n_mar]
[ 9  0 16 10]
np.random.permutation(males)[0:n_mar]
[15 12  1 13]
np.random.permutation(males)[0:n_mar]
[18 11 14 16]
np.random.permutation(males)[0:n_mar]
[ 2  5 10 23]
np.random.permutation(males)[0:n_mar]
[21  7  3  2]
