np.random.permutation(males)[0:n_mar]
[17  9  4]
np.random.permutation(males)[0:n_mar]
[21 22  5]
np.random.permutation(males)[0:n_mar]
[16  6 17]
np.random.permutation(males)[0:n_mar]
[22  2 23]
np.random.permutation(males)[0:n_mar]
[ 5 19 13]
np.random.permutation(males)[0:n_mar]
[ 5  3 15]
np.random.permutation(males)[0:n_mar]
[ 0  9 12]
np.random.permutation(males)[0:n_mar]
[ 5 10  3]
np.random.permutation(males)[0:n_mar]
[16  6 15]
np.random.permutation(males)[0:n_mar]
[22 21  0]
np.random.permutation(males)[0:n_mar]
[ 7 14  0]
np.random.permutation(males)[0:n_mar]
[6 7 3]
np.random.permutation(males)[0:n_mar]
[23  4 12]
np.random.permutation(males)[0:n_mar]
[11 15 19]
np.random.permutation(males)[0:n_mar]
[19 13  6]
np.random.permutation(males)[0:n_mar]
[ 0 19  5]
np.random.permutation(males)[0:n_mar]
[ 0 11  7]
np.random.permutation(males)[0:n_mar]
[15  1  7]
np.random.permutation(males)[0:n_mar]
[ 4 19  7]
np.random.permutation(males)[0:n_mar]
[16 21 14]
np.random.permutation(males)[0:n_mar]
[ 8 12 15]
np.random.permutation(males)[0:n_mar]
[ 7  0 21]
np.random.permutation(males)[0:n_mar]
[21  3  5]
np.random.permutation(males)[0:n_mar]
[10  7 11]
np.random.permutation(males)[0:n_mar]
[ 8 18 15]
np.random.permutation(males)[0:n_mar]
[ 3 22  8]
np.random.permutation(males)[0:n_mar]
[23  2 14]
np.random.permutation(males)[0:n_mar]
[ 8 14  1]
np.random.permutation(males)[0:n_mar]
[14 23 22]
np.random.permutation(males)[0:n_mar]
[ 3 10  8]
np.random.permutation(males)[0:n_mar]
[ 3 14 21]
np.random.permutation(males)[0:n_mar]
[3 2 4]
np.random.permutation(males)[0:n_mar]
[12 11 23]
np.random.permutation(males)[0:n_mar]
[ 0  1 15]
np.random.permutation(males)[0:n_mar]
[12 16  6]
np.random.permutation(males)[0:n_mar]
[18  7  6]
np.random.permutation(males)[0:n_mar]
[21  3 18]
np.random.permutation(males)[0:n_mar]
[ 3 13  4]
np.random.permutation(males)[0:n_mar]
[15  3 17]
np.random.permutation(males)[0:n_mar]
[12 20 15]
np.random.permutation(males)[0:n_mar]
[ 1  7 19]
np.random.permutation(males)[0:n_mar]
[ 6 10  5]
np.random.permutation(males)[0:n_mar]
[16  8 18]
np.random.permutation(males)[0:n_mar]
[9 6 3]
np.random.permutation(males)[0:n_mar]
[ 7  4 16]
np.random.permutation(males)[0:n_mar]
[ 8  9 15]
np.random.permutation(males)[0:n_mar]
[ 3 14 13]
np.random.permutation(males)[0:n_mar]
[ 8 10  0]
np.random.permutation(males)[0:n_mar]
[ 1 16 23]
np.random.permutation(males)[0:n_mar]
[ 4  0 10]
np.random.permutation(males)[0:n_mar]
[ 2 14  1]
np.random.permutation(males)[0:n_mar]
[22 16 10]
np.random.permutation(males)[0:n_mar]
[14 11  0]
np.random.permutation(males)[0:n_mar]
[15 19  6]
np.random.permutation(males)[0:n_mar]
[21 15  8]
np.random.permutation(males)[0:n_mar]
[16 22 11]
np.random.permutation(males)[0:n_mar]
[19  7 18]
np.random.permutation(males)[0:n_mar]
[18  5 13]
np.random.permutation(males)[0:n_mar]
[ 0 12 10]
np.random.permutation(males)[0:n_mar]
[20  5 16]
np.random.permutation(males)[0:n_mar]
[12 19  3]
np.random.permutation(males)[0:n_mar]
[ 8 23  4]
np.random.permutation(males)[0:n_mar]
[17 16 13]
np.random.permutation(males)[0:n_mar]
[23  2  9]
np.random.permutation(males)[0:n_mar]
[ 0 18  8]
np.random.permutation(males)[0:n_mar]
[ 5 15  8]
np.random.permutation(males)[0:n_mar]
[11 20 19]
np.random.permutation(males)[0:n_mar]
[ 2 20 18]
np.random.permutation(males)[0:n_mar]
[14 13 19]
np.random.permutation(males)[0:n_mar]
[9 2 6]
np.random.permutation(males)[0:n_mar]
[12  4 21]
np.random.permutation(males)[0:n_mar]
[17 15 16]
np.random.permutation(males)[0:n_mar]
[16 18  6]
np.random.permutation(males)[0:n_mar]
[14 22  8]
np.random.permutation(males)[0:n_mar]
[ 4  0 23]
np.random.permutation(males)[0:n_mar]
[15  9  7]
np.random.permutation(males)[0:n_mar]
[13 21  1]
np.random.permutation(males)[0:n_mar]
[22  6 12]
np.random.permutation(males)[0:n_mar]
[17  2  0]
np.random.permutation(males)[0:n_mar]
[ 8 14 18]
np.random.permutation(males)[0:n_mar]
[ 4 23 14]
np.random.permutation(males)[0:n_mar]
[16 23  9]
np.random.permutation(males)[0:n_mar]
[11 21 22]
np.random.permutation(males)[0:n_mar]
[ 5  6 19]
np.random.permutation(males)[0:n_mar]
[13  3 23]
np.random.permutation(males)[0:n_mar]
[2 6 5]
np.random.permutation(males)[0:n_mar]
[19  5  2]
np.random.permutation(males)[0:n_mar]
[12 19 13]
np.random.permutation(males)[0:n_mar]
[11 16 14]
np.random.permutation(males)[0:n_mar]
[13 12 16]
np.random.permutation(males)[0:n_mar]
[ 1 22  7]
np.random.permutation(males)[0:n_mar]
[10 13  0]
np.random.permutation(males)[0:n_mar]
[23 14  4]
np.random.permutation(males)[0:n_mar]
[15 17  2]
np.random.permutation(males)[0:n_mar]
[ 0  9 21]
np.random.permutation(males)[0:n_mar]
[ 6 23  3]
np.random.permutation(males)[0:n_mar]
[20  1 15]
np.random.permutation(males)[0:n_mar]
[11  9 17]
np.random.permutation(males)[0:n_mar]
[ 6  9 19]
np.random.permutation(males)[0:n_mar]
[ 5 15  7]
np.random.permutation(males)[0:n_mar]
[21 20  1]
np.random.permutation(males)[0:n_mar]
[15 22  5]
np.random.permutation(males)[0:n_mar]
[ 6  1 22]
np.random.permutation(males)[0:n_mar]
[ 6 19 13]
np.random.permutation(males)[0:n_mar]
[11  0 21]
np.random.permutation(males)[0:n_mar]
[20 11 19]
np.random.permutation(males)[0:n_mar]
[ 9 18 22]
np.random.permutation(males)[0:n_mar]
[20  6 12]
np.random.permutation(males)[0:n_mar]
[23  9 11]
np.random.permutation(males)[0:n_mar]
[ 0 22  8]
np.random.permutation(males)[0:n_mar]
[10 20  3]
np.random.permutation(males)[0:n_mar]
[23  8  0]
np.random.permutation(males)[0:n_mar]
[10 18  4]
np.random.permutation(males)[0:n_mar]
[23 20  8]
np.random.permutation(males)[0:n_mar]
[18  7  4]
np.random.permutation(males)[0:n_mar]
[18  4  0]
np.random.permutation(males)[0:n_mar]
[12  0 18]
np.random.permutation(males)[0:n_mar]
[ 7 17 13]
np.random.permutation(males)[0:n_mar]
[ 4 21 22]
np.random.permutation(males)[0:n_mar]
[11 15 17]
np.random.permutation(males)[0:n_mar]
[17 14 10]
np.random.permutation(males)[0:n_mar]
[ 5 12  3]
np.random.permutation(males)[0:n_mar]
[22  0 15]
np.random.permutation(males)[0:n_mar]
[ 4 22 13]
np.random.permutation(males)[0:n_mar]
[18  4 22]
np.random.permutation(males)[0:n_mar]
[14  7  4]
np.random.permutation(males)[0:n_mar]
[23 17 11]
np.random.permutation(males)[0:n_mar]
[16  5  0]
np.random.permutation(males)[0:n_mar]
[21 23  9]
np.random.permutation(males)[0:n_mar]
[14  7 18]
np.random.permutation(males)[0:n_mar]
[ 0  1 14]
np.random.permutation(males)[0:n_mar]
[23  9 13]
np.random.permutation(males)[0:n_mar]
[ 8  5 10]
np.random.permutation(males)[0:n_mar]
[16  0  1]
np.random.permutation(males)[0:n_mar]
[ 7 10  0]
np.random.permutation(males)[0:n_mar]
[ 9  5 15]
np.random.permutation(males)[0:n_mar]
[14 22 21]
np.random.permutation(males)[0:n_mar]
[20  5  9]
np.random.permutation(males)[0:n_mar]
[11 14 13]
np.random.permutation(males)[0:n_mar]
[ 9 13 23]
np.random.permutation(males)[0:n_mar]
[13  2 19]
np.random.permutation(males)[0:n_mar]
[ 3 22  9]
np.random.permutation(males)[0:n_mar]
[ 7 19 17]
np.random.permutation(males)[0:n_mar]
[15 17  6]
np.random.permutation(males)[0:n_mar]
[ 3 14  1]
np.random.permutation(males)[0:n_mar]
[ 0 15 17]
np.random.permutation(males)[0:n_mar]
[14 11 13]
np.random.permutation(males)[0:n_mar]
[22  8 11]
np.random.permutation(males)[0:n_mar]
[ 0 18 17]
np.random.permutation(males)[0:n_mar]
[17 19 15]
np.random.permutation(males)[0:n_mar]
[12  2  9]
np.random.permutation(males)[0:n_mar]
[ 6 18  3]
np.random.permutation(males)[0:n_mar]
[22  4 16]
np.random.permutation(males)[0:n_mar]
[10 16  1]
np.random.permutation(males)[0:n_mar]
[ 2  9 22]
np.random.permutation(males)[0:n_mar]
[ 8 12 11]
np.random.permutation(males)[0:n_mar]
[15 21  1]
np.random.permutation(males)[0:n_mar]
[13 11  2]
np.random.permutation(males)[0:n_mar]
[12  5 22]
np.random.permutation(males)[0:n_mar]
[ 8 20  3]
np.random.permutation(males)[0:n_mar]
[ 2 14 21]
np.random.permutation(males)[0:n_mar]
[23  2  0]
np.random.permutation(males)[0:n_mar]
[16  7  9]
np.random.permutation(males)[0:n_mar]
[19 20  0]
np.random.permutation(males)[0:n_mar]
[22  3 10]
np.random.permutation(males)[0:n_mar]
[ 0  9 16]
np.random.permutation(males)[0:n_mar]
[16  3  4]
np.random.permutation(males)[0:n_mar]
[11 23  3]
np.random.permutation(males)[0:n_mar]
[12 21  9]
np.random.permutation(males)[0:n_mar]
[22 14  6]
np.random.permutation(males)[0:n_mar]
[21 12 20]
np.random.permutation(males)[0:n_mar]
[19 15 11]
np.random.permutation(males)[0:n_mar]
[15  9 12]
np.random.permutation(males)[0:n_mar]
[19  7 14]
np.random.permutation(males)[0:n_mar]
[9 3 7]
np.random.permutation(males)[0:n_mar]
[13  9 18]
np.random.permutation(males)[0:n_mar]
[23 22 17]
np.random.permutation(males)[0:n_mar]
[22  0  5]
np.random.permutation(males)[0:n_mar]
[17 15  6]
np.random.permutation(males)[0:n_mar]
[ 1 17  6]
np.random.permutation(males)[0:n_mar]
[10 16 17]
np.random.permutation(males)[0:n_mar]
[22 13 23]
np.random.permutation(males)[0:n_mar]
[12  1 23]
np.random.permutation(males)[0:n_mar]
[19 10 22]
np.random.permutation(males)[0:n_mar]
[23  7 16]
np.random.permutation(males)[0:n_mar]
[12 19  8]
np.random.permutation(males)[0:n_mar]
[17 15 19]
np.random.permutation(males)[0:n_mar]
[ 5 16  3]
np.random.permutation(males)[0:n_mar]
[18 22 13]
np.random.permutation(males)[0:n_mar]
[ 5 22  6]
np.random.permutation(males)[0:n_mar]
[ 8  0 20]
np.random.permutation(males)[0:n_mar]
[11 16 22]
np.random.permutation(males)[0:n_mar]
[23 20  3]
np.random.permutation(males)[0:n_mar]
[16  1  0]
np.random.permutation(males)[0:n_mar]
[ 0 21 15]
np.random.permutation(males)[0:n_mar]
[18 21  0]
np.random.permutation(males)[0:n_mar]
[ 7 13 15]
np.random.permutation(males)[0:n_mar]
[0 7 9]
np.random.permutation(males)[0:n_mar]
[21  7  5]
np.random.permutation(males)[0:n_mar]
[11 18 22]
np.random.permutation(males)[0:n_mar]
[ 4  2 12]
np.random.permutation(males)[0:n_mar]
[15 20 21]
np.random.permutation(males)[0:n_mar]
[15 17 19]
np.random.permutation(males)[0:n_mar]
[15 10  9]
np.random.permutation(males)[0:n_mar]
[ 6 18  1]
np.random.permutation(males)[0:n_mar]
[ 1 14  8]
np.random.permutation(males)[0:n_mar]
[23 10 21]
np.random.permutation(males)[0:n_mar]
[ 4 13  5]
np.random.permutation(males)[0:n_mar]
[ 4 12 14]
np.random.permutation(males)[0:n_mar]
[ 1 15 10]
np.random.permutation(males)[0:n_mar]
[9 0 4]
np.random.permutation(males)[0:n_mar]
[ 5 20  1]
np.random.permutation(males)[0:n_mar]
[19  0 13]
np.random.permutation(males)[0:n_mar]
[21  5  6]
np.random.permutation(males)[0:n_mar]
[13 15 18]
np.random.permutation(males)[0:n_mar]
[21  6 23]
np.random.permutation(males)[0:n_mar]
[ 5 14 13]
np.random.permutation(males)[0:n_mar]
[ 3 18 11]
np.random.permutation(males)[0:n_mar]
[ 6 16 11]
np.random.permutation(males)[0:n_mar]
[0 3 9]
np.random.permutation(males)[0:n_mar]
[10 22  5]
np.random.permutation(males)[0:n_mar]
[13 16 23]
np.random.permutation(males)[0:n_mar]
[ 0  9 11]
np.random.permutation(males)[0:n_mar]
[ 3  6 16]
np.random.permutation(males)[0:n_mar]
[ 0 21  8]
np.random.permutation(males)[0:n_mar]
[ 5 16  3]
np.random.permutation(males)[0:n_mar]
[18  4 12]
np.random.permutation(males)[0:n_mar]
[ 6  4 16]
np.random.permutation(males)[0:n_mar]
[5 0 9]
np.random.permutation(males)[0:n_mar]
[11 21  3]
np.random.permutation(males)[0:n_mar]
[ 2 17  0]
np.random.permutation(males)[0:n_mar]
[1 6 0]
np.random.permutation(males)[0:n_mar]
[17 15  2]
np.random.permutation(males)[0:n_mar]
[23 15 12]
np.random.permutation(males)[0:n_mar]
[18  5 12]
np.random.permutation(males)[0:n_mar]
[ 0  7 14]
np.random.permutation(males)[0:n_mar]
[23  6  0]
np.random.permutation(males)[0:n_mar]
[ 1  4 20]
np.random.permutation(males)[0:n_mar]
[16 13 10]
np.random.permutation(males)[0:n_mar]
[ 6 15 20]
np.random.permutation(males)[0:n_mar]
[22  4 12]
np.random.permutation(males)[0:n_mar]
[22  5 11]
np.random.permutation(males)[0:n_mar]
[23 22  1]
np.random.permutation(males)[0:n_mar]
[18  9 20]
np.random.permutation(males)[0:n_mar]
[23 22 20]
np.random.permutation(males)[0:n_mar]
[20  3 21]
np.random.permutation(males)[0:n_mar]
[ 0 10 17]
np.random.permutation(males)[0:n_mar]
[21 14  0]
np.random.permutation(males)[0:n_mar]
[11 21 18]
np.random.permutation(males)[0:n_mar]
[17 19  8]
np.random.permutation(males)[0:n_mar]
[17 16 20]
np.random.permutation(males)[0:n_mar]
[15 12  9]
np.random.permutation(males)[0:n_mar]
[ 3 15 17]
np.random.permutation(males)[0:n_mar]
[14  5  9]
np.random.permutation(males)[0:n_mar]
[15  8 12]
np.random.permutation(males)[0:n_mar]
[23 17 18]
np.random.permutation(males)[0:n_mar]
[18  6 21]
np.random.permutation(males)[0:n_mar]
[19 12  6]
np.random.permutation(males)[0:n_mar]
[ 9 20  2]
np.random.permutation(males)[0:n_mar]
[12  0  5]
np.random.permutation(males)[0:n_mar]
[15 11 12]
np.random.permutation(males)[0:n_mar]
[17  3  8]
np.random.permutation(males)[0:n_mar]
[22 12  2]
np.random.permutation(males)[0:n_mar]
[5 8 6]
np.random.permutation(males)[0:n_mar]
[15  1 22]
np.random.permutation(males)[0:n_mar]
[16  8 17]
np.random.permutation(males)[0:n_mar]
[10 13  0]
np.random.permutation(males)[0:n_mar]
[13  6 18]
np.random.permutation(males)[0:n_mar]
[ 8 15 20]
np.random.permutation(males)[0:n_mar]
[6 5 7]
np.random.permutation(males)[0:n_mar]
[10 23  8]
np.random.permutation(males)[0:n_mar]
[8 7 4]
np.random.permutation(males)[0:n_mar]
[19 22 23]
np.random.permutation(males)[0:n_mar]
[ 0  9 17]
np.random.permutation(males)[0:n_mar]
[14 17  0]
np.random.permutation(males)[0:n_mar]
[19 13 23]
np.random.permutation(males)[0:n_mar]
[9 3 2]
np.random.permutation(males)[0:n_mar]
[16 10  4]
np.random.permutation(males)[0:n_mar]
[ 0  1 18]
np.random.permutation(males)[0:n_mar]
[ 2  9 20]
np.random.permutation(males)[0:n_mar]
[ 5 15 16]
np.random.permutation(males)[0:n_mar]
[ 4 19 16]
np.random.permutation(males)[0:n_mar]
[22  3 19]
np.random.permutation(males)[0:n_mar]
[20 23 14]
np.random.permutation(males)[0:n_mar]
[21 10 15]
np.random.permutation(males)[0:n_mar]
[ 7 10  2]
np.random.permutation(males)[0:n_mar]
[19  0 12]
np.random.permutation(males)[0:n_mar]
[3 2 1]
np.random.permutation(males)[0:n_mar]
[ 9 19  8]
np.random.permutation(males)[0:n_mar]
[11  7  8]
np.random.permutation(males)[0:n_mar]
[10 17  9]
np.random.permutation(males)[0:n_mar]
[13 15  0]
np.random.permutation(males)[0:n_mar]
[18  0  7]
np.random.permutation(males)[0:n_mar]
[ 3  6 11]
np.random.permutation(males)[0:n_mar]
[ 3  0 13]
np.random.permutation(males)[0:n_mar]
[18 22  1]
np.random.permutation(males)[0:n_mar]
[ 3 22  2]
np.random.permutation(males)[0:n_mar]
[13  7 17]
np.random.permutation(males)[0:n_mar]
[21 20  6]
np.random.permutation(males)[0:n_mar]
[16 23  4]
np.random.permutation(males)[0:n_mar]
[ 5 22 21]
np.random.permutation(males)[0:n_mar]
[ 0  9 22]
np.random.permutation(males)[0:n_mar]
[21  5 19]
np.random.permutation(males)[0:n_mar]
[ 2 22 19]
np.random.permutation(males)[0:n_mar]
[23 21 10]
np.random.permutation(males)[0:n_mar]
[21  9 16]
np.random.permutation(males)[0:n_mar]
[17  3 12]
np.random.permutation(males)[0:n_mar]
[11  3 13]
np.random.permutation(males)[0:n_mar]
[ 8  4 11]
np.random.permutation(males)[0:n_mar]
[11 12 20]
np.random.permutation(males)[0:n_mar]
[ 6  7 20]
np.random.permutation(males)[0:n_mar]
[ 0 17 11]
np.random.permutation(males)[0:n_mar]
[ 2 23 14]
np.random.permutation(males)[0:n_mar]
[ 7 12 10]
np.random.permutation(males)[0:n_mar]
[13  9 20]
np.random.permutation(males)[0:n_mar]
[13  2  7]
np.random.permutation(males)[0:n_mar]
[15 12  8]
np.random.permutation(males)[0:n_mar]
[ 8  0 15]
np.random.permutation(males)[0:n_mar]
[13  9 12]
np.random.permutation(males)[0:n_mar]
[10  6 18]
np.random.permutation(males)[0:n_mar]
[13 12  5]
np.random.permutation(males)[0:n_mar]
[0 2 5]
np.random.permutation(males)[0:n_mar]
[10 14 16]
np.random.permutation(males)[0:n_mar]
[ 9 17 21]
np.random.permutation(males)[0:n_mar]
[17 12 16]
np.random.permutation(males)[0:n_mar]
[ 1 22 21]
np.random.permutation(males)[0:n_mar]
[15  9  0]
np.random.permutation(males)[0:n_mar]
[13  8 10]
np.random.permutation(males)[0:n_mar]
[16 13 18]
np.random.permutation(males)[0:n_mar]
[14 16  9]
np.random.permutation(males)[0:n_mar]
[17 18  1]
np.random.permutation(males)[0:n_mar]
[15  3  0]
np.random.permutation(males)[0:n_mar]
[ 0  4 11]
np.random.permutation(males)[0:n_mar]
[ 9  7 12]
np.random.permutation(males)[0:n_mar]
[11 22  8]
np.random.permutation(males)[0:n_mar]
[20 21  0]
np.random.permutation(males)[0:n_mar]
[ 8  2 19]
np.random.permutation(males)[0:n_mar]
[ 5 12 17]
np.random.permutation(males)[0:n_mar]
[ 7 16 19]
np.random.permutation(males)[0:n_mar]
[ 5  1 15]
np.random.permutation(males)[0:n_mar]
[5 7 1]
np.random.permutation(males)[0:n_mar]
[ 6 11  1]
np.random.permutation(males)[0:n_mar]
[ 6  7 19]
np.random.permutation(males)[0:n_mar]
[19  4 21]
np.random.permutation(males)[0:n_mar]
[21  5 20]
np.random.permutation(males)[0:n_mar]
[17  4  2]
np.random.permutation(males)[0:n_mar]
[ 5  7 23]
np.random.permutation(males)[0:n_mar]
[18  6 12]
np.random.permutation(males)[0:n_mar]
[ 6 17  7]
np.random.permutation(males)[0:n_mar]
[ 1 23 12]
np.random.permutation(males)[0:n_mar]
[15 20 13]
np.random.permutation(males)[0:n_mar]
[21 11 19]
np.random.permutation(males)[0:n_mar]
[ 1  5 17]
np.random.permutation(males)[0:n_mar]
[ 2 18 16]
np.random.permutation(males)[0:n_mar]
[14 11 13]
np.random.permutation(males)[0:n_mar]
[ 5  6 16]
np.random.permutation(males)[0:n_mar]
[7 2 8]
np.random.permutation(males)[0:n_mar]
[17 21 13]
np.random.permutation(males)[0:n_mar]
[ 1 16  2]
np.random.permutation(males)[0:n_mar]
[12 18  1]
np.random.permutation(males)[0:n_mar]
[12  3 21]
np.random.permutation(males)[0:n_mar]
[ 5  1 20]
np.random.permutation(males)[0:n_mar]
[ 9 12  5]
np.random.permutation(males)[0:n_mar]
[13 14 10]
np.random.permutation(males)[0:n_mar]
[15  4 17]
np.random.permutation(males)[0:n_mar]
[15 21  8]
np.random.permutation(males)[0:n_mar]
[11 20  6]
np.random.permutation(males)[0:n_mar]
[13 22  8]
np.random.permutation(males)[0:n_mar]
[ 6  8 16]
np.random.permutation(males)[0:n_mar]
[ 0  8 16]
np.random.permutation(males)[0:n_mar]
[16 21  2]
np.random.permutation(males)[0:n_mar]
[11  3  5]
np.random.permutation(males)[0:n_mar]
[ 6  9 22]
np.random.permutation(males)[0:n_mar]
[ 6 19  5]
np.random.permutation(males)[0:n_mar]
[18  6  4]
np.random.permutation(males)[0:n_mar]
[17 15  8]
np.random.permutation(males)[0:n_mar]
[22  0 13]
np.random.permutation(males)[0:n_mar]
[23 18 10]
np.random.permutation(males)[0:n_mar]
[18  7  3]
np.random.permutation(males)[0:n_mar]
[19 21  8]
np.random.permutation(males)[0:n_mar]
[11 19 14]
np.random.permutation(males)[0:n_mar]
[ 9 15 12]
np.random.permutation(males)[0:n_mar]
[22 15  0]
np.random.permutation(males)[0:n_mar]
[12  5  9]
np.random.permutation(males)[0:n_mar]
[ 2  4 17]
np.random.permutation(males)[0:n_mar]
[22  0 15]
np.random.permutation(males)[0:n_mar]
[21 13 16]
np.random.permutation(males)[0:n_mar]
[21 19  4]
np.random.permutation(males)[0:n_mar]
[11  7 17]
np.random.permutation(males)[0:n_mar]
[ 6 17 14]
np.random.permutation(males)[0:n_mar]
[ 9 18 21]
np.random.permutation(males)[0:n_mar]
[17 13 22]
np.random.permutation(males)[0:n_mar]
[ 2 13  6]
np.random.permutation(males)[0:n_mar]
[18 23  1]
np.random.permutation(males)[0:n_mar]
[ 6 17 12]
np.random.permutation(males)[0:n_mar]
[18 20 21]
np.random.permutation(males)[0:n_mar]
[ 5  2 14]
np.random.permutation(males)[0:n_mar]
[22 14 16]
np.random.permutation(males)[0:n_mar]
[15 23 13]
np.random.permutation(males)[0:n_mar]
[15 10  9]
np.random.permutation(males)[0:n_mar]
[ 9 22  1]
np.random.permutation(males)[0:n_mar]
[14  4 21]
np.random.permutation(males)[0:n_mar]
[0 2 9]
np.random.permutation(males)[0:n_mar]
[ 2 14 19]
np.random.permutation(males)[0:n_mar]
[ 6  9 11]
np.random.permutation(males)[0:n_mar]
[19  1 12]
np.random.permutation(males)[0:n_mar]
[23  2 21]
np.random.permutation(males)[0:n_mar]
[11  1 19]
np.random.permutation(males)[0:n_mar]
[ 8  6 16]
np.random.permutation(males)[0:n_mar]
[ 4 22 16]
np.random.permutation(males)[0:n_mar]
[20 14 22]
np.random.permutation(males)[0:n_mar]
[19 11  4]
np.random.permutation(males)[0:n_mar]
[15  3 23]
np.random.permutation(males)[0:n_mar]
[16 13 21]
np.random.permutation(males)[0:n_mar]
[17 13  6]
np.random.permutation(males)[0:n_mar]
[ 4 21 18]
np.random.permutation(males)[0:n_mar]
[ 5 22 20]
np.random.permutation(males)[0:n_mar]
[18 23  3]
np.random.permutation(males)[0:n_mar]
[ 6  9 11]
np.random.permutation(males)[0:n_mar]
[16 12  4]
np.random.permutation(males)[0:n_mar]
[17 18 12]
np.random.permutation(males)[0:n_mar]
[18 22  5]
np.random.permutation(males)[0:n_mar]
[10 21  6]
np.random.permutation(males)[0:n_mar]
[ 7 23  9]
np.random.permutation(males)[0:n_mar]
[1 5 4]
np.random.permutation(males)[0:n_mar]
[ 1 22 16]
np.random.permutation(males)[0:n_mar]
[ 0 10 15]
np.random.permutation(males)[0:n_mar]
[ 0  9 20]
np.random.permutation(males)[0:n_mar]
[ 1 18  8]
np.random.permutation(males)[0:n_mar]
[10 13 14]
np.random.permutation(males)[0:n_mar]
[18 11 13]
np.random.permutation(males)[0:n_mar]
[13  3  4]
np.random.permutation(males)[0:n_mar]
[20 21 10]
np.random.permutation(males)[0:n_mar]
[8 9 2]
np.random.permutation(males)[0:n_mar]
[16  1  6]
np.random.permutation(males)[0:n_mar]
[6 8 3]
np.random.permutation(males)[0:n_mar]
[ 4 19 13]
np.random.permutation(males)[0:n_mar]
[11 17 21]
np.random.permutation(males)[0:n_mar]
[ 3 11 19]
np.random.permutation(males)[0:n_mar]
[14  9  6]
np.random.permutation(males)[0:n_mar]
[14  6 21]
np.random.permutation(males)[0:n_mar]
[ 9 14  1]
np.random.permutation(males)[0:n_mar]
[ 8  2 18]
np.random.permutation(males)[0:n_mar]
[ 2 15  8]
np.random.permutation(males)[0:n_mar]
[ 1 10 19]
np.random.permutation(males)[0:n_mar]
[ 8  0 10]
np.random.permutation(males)[0:n_mar]
[ 9 18 14]
np.random.permutation(males)[0:n_mar]
[ 5  4 12]
np.random.permutation(males)[0:n_mar]
[19  4 22]
np.random.permutation(males)[0:n_mar]
[15  1  9]
np.random.permutation(males)[0:n_mar]
[ 1  0 17]
np.random.permutation(males)[0:n_mar]
[11  7 19]
np.random.permutation(males)[0:n_mar]
[14 10  0]
np.random.permutation(males)[0:n_mar]
[11 19  0]
np.random.permutation(males)[0:n_mar]
[ 6 13 11]
np.random.permutation(males)[0:n_mar]
[12  7  2]
np.random.permutation(males)[0:n_mar]
[ 0  8 16]
np.random.permutation(males)[0:n_mar]
[13  4 20]
np.random.permutation(males)[0:n_mar]
[23 19 17]
np.random.permutation(males)[0:n_mar]
[21  1 12]
np.random.permutation(males)[0:n_mar]
[23 20 14]
np.random.permutation(males)[0:n_mar]
[10  5  4]
np.random.permutation(males)[0:n_mar]
[11  6 15]
np.random.permutation(males)[0:n_mar]
[18  9  1]
np.random.permutation(males)[0:n_mar]
[ 4 18 16]
np.random.permutation(males)[0:n_mar]
[ 2 20  1]
np.random.permutation(males)[0:n_mar]
[ 6 22 14]
np.random.permutation(males)[0:n_mar]
[ 3 15 11]
np.random.permutation(males)[0:n_mar]
[14 19  4]
np.random.permutation(males)[0:n_mar]
[ 3 13 21]
np.random.permutation(males)[0:n_mar]
[18  4  2]
np.random.permutation(males)[0:n_mar]
[ 9 12  3]
np.random.permutation(males)[0:n_mar]
[15 23 17]
np.random.permutation(males)[0:n_mar]
[13 22  8]
np.random.permutation(males)[0:n_mar]
[13  6  0]
np.random.permutation(males)[0:n_mar]
[ 9  3 19]
np.random.permutation(males)[0:n_mar]
[10  7  5]
np.random.permutation(males)[0:n_mar]
[21  4  9]
np.random.permutation(males)[0:n_mar]
[22  5 21]
np.random.permutation(males)[0:n_mar]
[11  7 17]
np.random.permutation(males)[0:n_mar]
[13 11 22]
np.random.permutation(males)[0:n_mar]
[ 9 20  6]
np.random.permutation(males)[0:n_mar]
[19  7 16]
np.random.permutation(males)[0:n_mar]
[17 14 12]
np.random.permutation(males)[0:n_mar]
[22 20 11]
np.random.permutation(males)[0:n_mar]
[20 13 23]
np.random.permutation(males)[0:n_mar]
[14 15  9]
np.random.permutation(males)[0:n_mar]
[5 8 2]
np.random.permutation(males)[0:n_mar]
[13 15  2]
np.random.permutation(males)[0:n_mar]
[ 8 15 20]
np.random.permutation(males)[0:n_mar]
[16  5  6]
np.random.permutation(males)[0:n_mar]
[22  8 19]
np.random.permutation(males)[0:n_mar]
[ 5  7 22]
np.random.permutation(males)[0:n_mar]
[23  7 18]
np.random.permutation(males)[0:n_mar]
[10  4  1]
np.random.permutation(males)[0:n_mar]
[ 8  9 22]
np.random.permutation(males)[0:n_mar]
[23 11  8]
np.random.permutation(males)[0:n_mar]
[17  6 13]
np.random.permutation(males)[0:n_mar]
[ 8 18 13]
np.random.permutation(males)[0:n_mar]
[19 20 11]
np.random.permutation(males)[0:n_mar]
[14 12  2]
np.random.permutation(males)[0:n_mar]
[ 1  8 13]
np.random.permutation(males)[0:n_mar]
[0 5 6]
np.random.permutation(males)[0:n_mar]
[10 13 15]
np.random.permutation(males)[0:n_mar]
[ 8 16  6]
np.random.permutation(males)[0:n_mar]
[19  5 12]
np.random.permutation(males)[0:n_mar]
[14  9 12]
np.random.permutation(males)[0:n_mar]
[8 1 9]
np.random.permutation(males)[0:n_mar]
[23  6  1]
np.random.permutation(males)[0:n_mar]
[ 3 19 21]
np.random.permutation(males)[0:n_mar]
[ 9 15 20]
np.random.permutation(males)[0:n_mar]
[ 8 14  3]
np.random.permutation(males)[0:n_mar]
[22 23  0]
np.random.permutation(males)[0:n_mar]
[ 4 14 10]
np.random.permutation(males)[0:n_mar]
[13  3 11]
np.random.permutation(males)[0:n_mar]
[18 19 14]
np.random.permutation(males)[0:n_mar]
[14 15 18]
np.random.permutation(males)[0:n_mar]
[0 2 8]
np.random.permutation(males)[0:n_mar]
[ 4 21  7]
np.random.permutation(males)[0:n_mar]
[20 21 16]
np.random.permutation(males)[0:n_mar]
[ 4  8 18]
np.random.permutation(males)[0:n_mar]
[ 7  6 22]
np.random.permutation(males)[0:n_mar]
[ 4  3 23]
np.random.permutation(males)[0:n_mar]
[11  4  6]
np.random.permutation(males)[0:n_mar]
[ 9 12 14]
np.random.permutation(males)[0:n_mar]
[ 2  6 12]
np.random.permutation(males)[0:n_mar]
[2 9 7]
np.random.permutation(males)[0:n_mar]
[ 2 23  1]
np.random.permutation(males)[0:n_mar]
[13 11 12]
np.random.permutation(males)[0:n_mar]
[ 6 19  9]
np.random.permutation(males)[0:n_mar]
[ 1  9 22]
np.random.permutation(males)[0:n_mar]
[21 14 11]
np.random.permutation(males)[0:n_mar]
[ 0 10 13]
np.random.permutation(males)[0:n_mar]
[ 9 18 13]
np.random.permutation(males)[0:n_mar]
[10 17  2]
np.random.permutation(males)[0:n_mar]
[ 9 10 19]
np.random.permutation(males)[0:n_mar]
[17  0 11]
np.random.permutation(males)[0:n_mar]
[17 19 11]
np.random.permutation(males)[0:n_mar]
[ 2  1 14]
np.random.permutation(males)[0:n_mar]
[20  0 10]
np.random.permutation(males)[0:n_mar]
[ 7 18 11]
np.random.permutation(males)[0:n_mar]
[20 21  3]
np.random.permutation(males)[0:n_mar]
[14 20 19]
np.random.permutation(males)[0:n_mar]
[17 13 21]
np.random.permutation(males)[0:n_mar]
[12 20  0]
np.random.permutation(males)[0:n_mar]
[18 22  5]
np.random.permutation(males)[0:n_mar]
[21  0 22]
np.random.permutation(males)[0:n_mar]
[15  0 18]
np.random.permutation(males)[0:n_mar]
[ 1 20 17]
np.random.permutation(males)[0:n_mar]
[ 7  8 14]
np.random.permutation(males)[0:n_mar]
[ 0  2 17]
np.random.permutation(males)[0:n_mar]
[ 5  6 18]
np.random.permutation(males)[0:n_mar]
[22  5 18]
np.random.permutation(males)[0:n_mar]
[22 19 20]
np.random.permutation(males)[0:n_mar]
[13 18 22]
np.random.permutation(males)[0:n_mar]
[10 18 23]
np.random.permutation(males)[0:n_mar]
[ 4 20 12]
np.random.permutation(males)[0:n_mar]
[18  8 17]
np.random.permutation(males)[0:n_mar]
[3 9 7]
np.random.permutation(males)[0:n_mar]
[19 23 10]
np.random.permutation(males)[0:n_mar]
[19  6 13]
np.random.permutation(males)[0:n_mar]
[ 2 10 17]
np.random.permutation(males)[0:n_mar]
[18  1  0]
np.random.permutation(males)[0:n_mar]
[ 9  7 18]
np.random.permutation(males)[0:n_mar]
[11  5  3]
np.random.permutation(males)[0:n_mar]
[12  5  0]
np.random.permutation(males)[0:n_mar]
[ 9 16 21]
np.random.permutation(males)[0:n_mar]
[ 9 19 22]
np.random.permutation(males)[0:n_mar]
[13  7  6]
np.random.permutation(males)[0:n_mar]
[14 18  2]
np.random.permutation(males)[0:n_mar]
[1 5 4]
np.random.permutation(males)[0:n_mar]
[ 2 23 14]
np.random.permutation(males)[0:n_mar]
[ 8  2 18]
np.random.permutation(males)[0:n_mar]
[23  8 10]
np.random.permutation(males)[0:n_mar]
[ 8 16 17]
np.random.permutation(males)[0:n_mar]
[20  3 16]
np.random.permutation(males)[0:n_mar]
[ 1 20 16]
np.random.permutation(males)[0:n_mar]
[ 4 18  7]
np.random.permutation(males)[0:n_mar]
[ 2 17 22]
np.random.permutation(males)[0:n_mar]
[ 7 18  8]
np.random.permutation(males)[0:n_mar]
[17 12 19]
np.random.permutation(males)[0:n_mar]
[ 7 11 13]
np.random.permutation(males)[0:n_mar]
[11  7 21]
np.random.permutation(males)[0:n_mar]
[22  0 21]
np.random.permutation(males)[0:n_mar]
[ 6  0 16]
np.random.permutation(males)[0:n_mar]
[ 3 21  4]
np.random.permutation(males)[0:n_mar]
[22  4 16]
np.random.permutation(males)[0:n_mar]
[ 6 11 22]
np.random.permutation(males)[0:n_mar]
[ 1 14 10]
np.random.permutation(males)[0:n_mar]
[ 9  6 23]
np.random.permutation(males)[0:n_mar]
[ 4  6 15]
np.random.permutation(males)[0:n_mar]
[ 7 13  4]
np.random.permutation(males)[0:n_mar]
[11 20 10]
np.random.permutation(males)[0:n_mar]
[12  2 18]
np.random.permutation(males)[0:n_mar]
[ 7 23  4]
np.random.permutation(males)[0:n_mar]
[14 17  8]
np.random.permutation(males)[0:n_mar]
[14 11  9]
np.random.permutation(males)[0:n_mar]
[17 15 23]
np.random.permutation(males)[0:n_mar]
[ 3  1 15]
np.random.permutation(males)[0:n_mar]
[ 6 14  4]
np.random.permutation(males)[0:n_mar]
[20 23  6]
np.random.permutation(males)[0:n_mar]
[16  6  4]
np.random.permutation(males)[0:n_mar]
[ 2  4 13]
np.random.permutation(males)[0:n_mar]
[ 4 22  3]
np.random.permutation(males)[0:n_mar]
[ 7 21  1]
np.random.permutation(males)[0:n_mar]
[ 0 10  4]
np.random.permutation(males)[0:n_mar]
[18 10 23]
np.random.permutation(males)[0:n_mar]
[ 3 19 13]
np.random.permutation(males)[0:n_mar]
[23  7  0]
np.random.permutation(males)[0:n_mar]
[22 15  2]
np.random.permutation(males)[0:n_mar]
[14  5 19]
np.random.permutation(males)[0:n_mar]
[18 20  8]
np.random.permutation(males)[0:n_mar]
[13 17 19]
np.random.permutation(males)[0:n_mar]
[15 13  2]
np.random.permutation(males)[0:n_mar]
[19 11  0]
np.random.permutation(males)[0:n_mar]
[17  5 18]
np.random.permutation(males)[0:n_mar]
[ 6 14  2]
np.random.permutation(males)[0:n_mar]
[ 2 17 21]
np.random.permutation(males)[0:n_mar]
[1 9 2]
np.random.permutation(males)[0:n_mar]
[ 3  1 10]
np.random.permutation(males)[0:n_mar]
[11 15 23]
np.random.permutation(males)[0:n_mar]
[6 2 4]
np.random.permutation(males)[0:n_mar]
[18 19  3]
np.random.permutation(males)[0:n_mar]
[ 8 21 14]
np.random.permutation(males)[0:n_mar]
[ 9 22 18]
np.random.permutation(males)[0:n_mar]
[ 6  8 23]
np.random.permutation(males)[0:n_mar]
[ 6  4 16]
np.random.permutation(males)[0:n_mar]
[16 18 12]
np.random.permutation(males)[0:n_mar]
[0 1 5]
np.random.permutation(males)[0:n_mar]
[13 23  2]
np.random.permutation(males)[0:n_mar]
[16  2 22]
np.random.permutation(males)[0:n_mar]
[20 17  7]
np.random.permutation(males)[0:n_mar]
[17 15 14]
np.random.permutation(males)[0:n_mar]
[15  4  7]
np.random.permutation(males)[0:n_mar]
[15 20 19]
np.random.permutation(males)[0:n_mar]
[23  0  2]
np.random.permutation(males)[0:n_mar]
[ 1 14 16]
np.random.permutation(males)[0:n_mar]
[ 6 15 11]
np.random.permutation(males)[0:n_mar]
[20 11  0]
np.random.permutation(males)[0:n_mar]
[16  0 23]
np.random.permutation(males)[0:n_mar]
[17 11  0]
np.random.permutation(males)[0:n_mar]
[10  3  9]
np.random.permutation(males)[0:n_mar]
[11  1 16]
np.random.permutation(males)[0:n_mar]
[21  1 22]
np.random.permutation(males)[0:n_mar]
[12 11 14]
np.random.permutation(males)[0:n_mar]
[14 23 13]
np.random.permutation(males)[0:n_mar]
[ 6 11 10]
np.random.permutation(males)[0:n_mar]
[10 14  4]
np.random.permutation(males)[0:n_mar]
[ 8 23 18]
np.random.permutation(males)[0:n_mar]
[21 14  3]
np.random.permutation(males)[0:n_mar]
[16 15 19]
np.random.permutation(males)[0:n_mar]
[21 19  9]
np.random.permutation(males)[0:n_mar]
[22 20  2]
np.random.permutation(males)[0:n_mar]
[17 14  8]
np.random.permutation(males)[0:n_mar]
[14  1  0]
np.random.permutation(males)[0:n_mar]
[9 5 7]
np.random.permutation(males)[0:n_mar]
[22 15 10]
np.random.permutation(males)[0:n_mar]
[ 7 13 20]
np.random.permutation(males)[0:n_mar]
[12 11  3]
np.random.permutation(males)[0:n_mar]
[2 9 5]
np.random.permutation(males)[0:n_mar]
[15  5  8]
np.random.permutation(males)[0:n_mar]
[13 12  3]
np.random.permutation(males)[0:n_mar]
[ 0 19 18]
np.random.permutation(males)[0:n_mar]
[14  4 20]
np.random.permutation(males)[0:n_mar]
[ 5 15 21]
np.random.permutation(males)[0:n_mar]
[23 20 19]
np.random.permutation(males)[0:n_mar]
[12 19 21]
np.random.permutation(males)[0:n_mar]
[19 16  4]
np.random.permutation(males)[0:n_mar]
[15 13 22]
np.random.permutation(males)[0:n_mar]
[ 6  7 10]
np.random.permutation(males)[0:n_mar]
[23  0 12]
np.random.permutation(males)[0:n_mar]
[23  9 22]
np.random.permutation(males)[0:n_mar]
[ 4  3 18]
np.random.permutation(males)[0:n_mar]
[10 11  6]
np.random.permutation(males)[0:n_mar]
[15 20  7]
np.random.permutation(males)[0:n_mar]
[22 20  9]
np.random.permutation(males)[0:n_mar]
[ 6 20 18]
np.random.permutation(males)[0:n_mar]
[ 1  6 23]
np.random.permutation(males)[0:n_mar]
[13 10  5]
np.random.permutation(males)[0:n_mar]
[ 3 10  7]
np.random.permutation(males)[0:n_mar]
[21 14  3]
np.random.permutation(males)[0:n_mar]
[ 5 22  1]
np.random.permutation(males)[0:n_mar]
[15 17  5]
np.random.permutation(males)[0:n_mar]
[11 18 13]
np.random.permutation(males)[0:n_mar]
[ 6  2 13]
np.random.permutation(males)[0:n_mar]
[2 0 4]
np.random.permutation(males)[0:n_mar]
[10  9 18]
np.random.permutation(males)[0:n_mar]
[23 14  7]
np.random.permutation(males)[0:n_mar]
[19 21 13]
np.random.permutation(males)[0:n_mar]
[21 11 20]
np.random.permutation(males)[0:n_mar]
[19 16 11]
np.random.permutation(males)[0:n_mar]
[18  3  5]
np.random.permutation(males)[0:n_mar]
[11 16  0]
np.random.permutation(males)[0:n_mar]
[10  8  0]
np.random.permutation(males)[0:n_mar]
[ 1  0 12]
np.random.permutation(males)[0:n_mar]
[ 9 10  5]
np.random.permutation(males)[0:n_mar]
[11  3  7]
np.random.permutation(males)[0:n_mar]
[20  0  6]
np.random.permutation(males)[0:n_mar]
[ 9 19 16]
np.random.permutation(males)[0:n_mar]
[22 18 11]
np.random.permutation(males)[0:n_mar]
[21  9 13]
np.random.permutation(males)[0:n_mar]
[ 4 16 22]
np.random.permutation(males)[0:n_mar]
[ 6  7 17]
np.random.permutation(males)[0:n_mar]
[21  9  8]
np.random.permutation(males)[0:n_mar]
[14 19  8]
np.random.permutation(males)[0:n_mar]
[20  8 23]
np.random.permutation(males)[0:n_mar]
[ 1 14  7]
np.random.permutation(males)[0:n_mar]
[ 1 16  3]
np.random.permutation(males)[0:n_mar]
[ 5 10 11]
np.random.permutation(males)[0:n_mar]
[19  9  3]
np.random.permutation(males)[0:n_mar]
[ 3 17 10]
np.random.permutation(males)[0:n_mar]
[12 22  7]
np.random.permutation(males)[0:n_mar]
[21 20 16]
np.random.permutation(males)[0:n_mar]
[ 9 13 20]
np.random.permutation(males)[0:n_mar]
[16 18 20]
np.random.permutation(males)[0:n_mar]
[18  2 14]
np.random.permutation(males)[0:n_mar]
[ 4 10 22]
np.random.permutation(males)[0:n_mar]
[ 3  4 23]
np.random.permutation(males)[0:n_mar]
[13 17  8]
np.random.permutation(males)[0:n_mar]
[11  0 10]
np.random.permutation(males)[0:n_mar]
[16 20  5]
np.random.permutation(males)[0:n_mar]
[ 0 13  1]
np.random.permutation(males)[0:n_mar]
[15  0 17]
np.random.permutation(males)[0:n_mar]
[17 10 23]
np.random.permutation(males)[0:n_mar]
[ 5 16 10]
np.random.permutation(males)[0:n_mar]
[ 2 19  3]
np.random.permutation(males)[0:n_mar]
[10 12 21]
np.random.permutation(males)[0:n_mar]
[ 0 15  1]
np.random.permutation(males)[0:n_mar]
[15 18 11]
np.random.permutation(males)[0:n_mar]
[13 17  0]
np.random.permutation(males)[0:n_mar]
[ 7 18  2]
np.random.permutation(males)[0:n_mar]
[20 17 13]
np.random.permutation(males)[0:n_mar]
[ 4  3 23]
np.random.permutation(males)[0:n_mar]
[ 1  4 11]
np.random.permutation(males)[0:n_mar]
[11 19 20]
np.random.permutation(males)[0:n_mar]
[23  3 11]
np.random.permutation(males)[0:n_mar]
[15  1  2]
np.random.permutation(males)[0:n_mar]
[2 7 0]
np.random.permutation(males)[0:n_mar]
[ 9  8 21]
np.random.permutation(males)[0:n_mar]
[ 2 22 12]
np.random.permutation(males)[0:n_mar]
[23 13 16]
np.random.permutation(males)[0:n_mar]
[17 14 13]
np.random.permutation(males)[0:n_mar]
[23 13  6]
np.random.permutation(males)[0:n_mar]
[ 0 14  4]
np.random.permutation(males)[0:n_mar]
[19 13 14]
np.random.permutation(males)[0:n_mar]
[ 5 15  0]
np.random.permutation(males)[0:n_mar]
[14  8 19]
np.random.permutation(males)[0:n_mar]
[ 2 23  0]
np.random.permutation(males)[0:n_mar]
[15 18  3]
np.random.permutation(males)[0:n_mar]
[10  0  2]
np.random.permutation(males)[0:n_mar]
[23  1  2]
np.random.permutation(males)[0:n_mar]
[21  3  0]
np.random.permutation(males)[0:n_mar]
[ 7 12 23]
np.random.permutation(males)[0:n_mar]
[ 9 23 11]
np.random.permutation(males)[0:n_mar]
[11  2 15]
np.random.permutation(males)[0:n_mar]
[10  0 19]
np.random.permutation(males)[0:n_mar]
[ 1  4 21]
np.random.permutation(males)[0:n_mar]
[ 6 15  9]
np.random.permutation(males)[0:n_mar]
[16 20 14]
np.random.permutation(males)[0:n_mar]
[ 4  8 20]
np.random.permutation(males)[0:n_mar]
[ 2 18 12]
np.random.permutation(males)[0:n_mar]
[14 21  9]
np.random.permutation(males)[0:n_mar]
[ 4 11  3]
np.random.permutation(males)[0:n_mar]
[ 2 17 21]
np.random.permutation(males)[0:n_mar]
[10  8  1]
np.random.permutation(males)[0:n_mar]
[21 12 11]
np.random.permutation(males)[0:n_mar]
[21 14 19]
np.random.permutation(males)[0:n_mar]
[12 19 11]
np.random.permutation(males)[0:n_mar]
[21 19 15]
np.random.permutation(males)[0:n_mar]
[6 8 1]
np.random.permutation(males)[0:n_mar]
[ 2  1 10]
np.random.permutation(males)[0:n_mar]
[21  5  2]
np.random.permutation(males)[0:n_mar]
[23  6 11]
np.random.permutation(males)[0:n_mar]
[ 1 16 20]
np.random.permutation(males)[0:n_mar]
[ 6  7 18]
np.random.permutation(males)[0:n_mar]
[ 4 14 12]
np.random.permutation(males)[0:n_mar]
[10 16  0]
np.random.permutation(males)[0:n_mar]
[ 4 14  5]
np.random.permutation(males)[0:n_mar]
[ 3 10  7]
np.random.permutation(males)[0:n_mar]
[23  9 16]
np.random.permutation(males)[0:n_mar]
[ 3 14 11]
np.random.permutation(males)[0:n_mar]
[8 4 9]
np.random.permutation(males)[0:n_mar]
[ 6 10 16]
np.random.permutation(males)[0:n_mar]
[ 2  5 10]
np.random.permutation(males)[0:n_mar]
[ 2 23 18]
np.random.permutation(males)[0:n_mar]
[19 22  6]
np.random.permutation(males)[0:n_mar]
[18 23 14]
np.random.permutation(males)[0:n_mar]
[18 14 21]
np.random.permutation(males)[0:n_mar]
[ 1 21  4]
np.random.permutation(males)[0:n_mar]
[22 20  0]
np.random.permutation(males)[0:n_mar]
[ 8  2 23]
np.random.permutation(males)[0:n_mar]
[22  7 10]
np.random.permutation(males)[0:n_mar]
[15  3  6]
np.random.permutation(males)[0:n_mar]
[10 12  6]
np.random.permutation(males)[0:n_mar]
[15 17  4]
np.random.permutation(males)[0:n_mar]
[ 4 12 21]
np.random.permutation(males)[0:n_mar]
[13 20  2]
np.random.permutation(males)[0:n_mar]
[21  8  1]
np.random.permutation(males)[0:n_mar]
[20  1 12]
np.random.permutation(males)[0:n_mar]
[ 0 12  3]
np.random.permutation(males)[0:n_mar]
[ 1  2 18]
np.random.permutation(males)[0:n_mar]
[16  6 10]
np.random.permutation(males)[0:n_mar]
[13  6  3]
np.random.permutation(males)[0:n_mar]
[ 1 14  8]
np.random.permutation(males)[0:n_mar]
[ 9  6 11]
np.random.permutation(males)[0:n_mar]
[13  8 12]
np.random.permutation(males)[0:n_mar]
[18 15 12]
np.random.permutation(males)[0:n_mar]
[13 20 19]
np.random.permutation(males)[0:n_mar]
[7 1 9]
np.random.permutation(males)[0:n_mar]
[11  0 10]
np.random.permutation(males)[0:n_mar]
[18  6 11]
np.random.permutation(males)[0:n_mar]
[10 23  9]
np.random.permutation(males)[0:n_mar]
[20  9 14]
np.random.permutation(males)[0:n_mar]
[ 4 13  0]
np.random.permutation(males)[0:n_mar]
[ 2  7 13]
np.random.permutation(males)[0:n_mar]
[ 5 21  0]
np.random.permutation(males)[0:n_mar]
[20 21  4]
np.random.permutation(males)[0:n_mar]
[10 18 12]
np.random.permutation(males)[0:n_mar]
[23 12  3]
np.random.permutation(males)[0:n_mar]
[17 15 20]
np.random.permutation(males)[0:n_mar]
[20 16 13]
np.random.permutation(males)[0:n_mar]
[3 1 7]
np.random.permutation(males)[0:n_mar]
[12 15 13]
np.random.permutation(males)[0:n_mar]
[13 21 19]
np.random.permutation(males)[0:n_mar]
[ 5 14  2]
np.random.permutation(males)[0:n_mar]
[23 21 10]
np.random.permutation(males)[0:n_mar]
[13  0 10]
np.random.permutation(males)[0:n_mar]
[20  3  2]
np.random.permutation(males)[0:n_mar]
[12 23 16]
np.random.permutation(males)[0:n_mar]
[12 23  6]
np.random.permutation(males)[0:n_mar]
[ 8 13  9]
np.random.permutation(males)[0:n_mar]
[17  7  4]
np.random.permutation(males)[0:n_mar]
[ 6 15 19]
np.random.permutation(males)[0:n_mar]
[ 4  3 19]
np.random.permutation(males)[0:n_mar]
[11 15  3]
np.random.permutation(males)[0:n_mar]
[ 6 22 12]
np.random.permutation(males)[0:n_mar]
[23 11 19]
np.random.permutation(males)[0:n_mar]
[22  8 16]
np.random.permutation(males)[0:n_mar]
[21 23  5]
np.random.permutation(males)[0:n_mar]
[23  6 13]
np.random.permutation(males)[0:n_mar]
[16 11  6]
np.random.permutation(males)[0:n_mar]
[11 16 10]
np.random.permutation(males)[0:n_mar]
[ 9 15 12]
np.random.permutation(males)[0:n_mar]
[21 12 23]
np.random.permutation(males)[0:n_mar]
[ 6  5 18]
np.random.permutation(males)[0:n_mar]
[20 22 21]
np.random.permutation(males)[0:n_mar]
[ 3  4 23]
np.random.permutation(males)[0:n_mar]
[10  9 14]
np.random.permutation(males)[0:n_mar]
[19  9 22]
np.random.permutation(males)[0:n_mar]
[8 7 0]
np.random.permutation(males)[0:n_mar]
[19 11 14]
np.random.permutation(males)[0:n_mar]
[ 9 20  1]
np.random.permutation(males)[0:n_mar]
[ 3 10 23]
np.random.permutation(males)[0:n_mar]
[ 9 13  7]
np.random.permutation(males)[0:n_mar]
[15  8 11]
np.random.permutation(males)[0:n_mar]
[ 3 19 11]
np.random.permutation(males)[0:n_mar]
[13  0  6]
np.random.permutation(males)[0:n_mar]
[18  1 19]
np.random.permutation(males)[0:n_mar]
[14 11 16]
np.random.permutation(males)[0:n_mar]
[ 2 14  1]
np.random.permutation(males)[0:n_mar]
[16 10 18]
np.random.permutation(males)[0:n_mar]
[ 1 22 17]
np.random.permutation(males)[0:n_mar]
[ 1  6 21]
np.random.permutation(males)[0:n_mar]
[21  8  7]
np.random.permutation(males)[0:n_mar]
[ 5 17 20]
np.random.permutation(males)[0:n_mar]
[ 3 20 22]
np.random.permutation(males)[0:n_mar]
[ 8  0 17]
np.random.permutation(males)[0:n_mar]
[ 6 16  4]
np.random.permutation(males)[0:n_mar]
[ 1 14  3]
np.random.permutation(males)[0:n_mar]
[22 11 15]
np.random.permutation(males)[0:n_mar]
[13 15  4]
np.random.permutation(males)[0:n_mar]
[22  3 12]
np.random.permutation(males)[0:n_mar]
[18  1 17]
np.random.permutation(males)[0:n_mar]
[ 7  0 10]
np.random.permutation(males)[0:n_mar]
[22 21  0]
np.random.permutation(males)[0:n_mar]
[ 2 14 11]
np.random.permutation(males)[0:n_mar]
[1 5 6]
np.random.permutation(males)[0:n_mar]
[22  3 10]
np.random.permutation(males)[0:n_mar]
[16  0 19]
np.random.permutation(males)[0:n_mar]
[19  3  6]
np.random.permutation(males)[0:n_mar]
[16 12 22]
np.random.permutation(males)[0:n_mar]
[17 11 23]
np.random.permutation(males)[0:n_mar]
[12 18  6]
np.random.permutation(males)[0:n_mar]
[ 3 17 22]
np.random.permutation(males)[0:n_mar]
[ 2 12 20]
np.random.permutation(males)[0:n_mar]
[ 4 12  1]
np.random.permutation(males)[0:n_mar]
[17 22 15]
np.random.permutation(males)[0:n_mar]
[ 4 19 17]
np.random.permutation(males)[0:n_mar]
[2 9 3]
np.random.permutation(males)[0:n_mar]
[15 10  8]
np.random.permutation(males)[0:n_mar]
[22 11  5]
np.random.permutation(males)[0:n_mar]
[ 8  5 10]
np.random.permutation(males)[0:n_mar]
[ 4 17 16]
np.random.permutation(males)[0:n_mar]
[19 14 12]
np.random.permutation(males)[0:n_mar]
[15 23  8]
np.random.permutation(males)[0:n_mar]
[ 0 22  4]
np.random.permutation(males)[0:n_mar]
[5 7 6]
np.random.permutation(males)[0:n_mar]
[10 23  6]
np.random.permutation(males)[0:n_mar]
[19  7 18]
np.random.permutation(males)[0:n_mar]
[12  8  3]
np.random.permutation(males)[0:n_mar]
[ 9  4 23]
np.random.permutation(males)[0:n_mar]
[17  8  3]
np.random.permutation(males)[0:n_mar]
[11 18  2]
np.random.permutation(males)[0:n_mar]
[14  5 21]
np.random.permutation(males)[0:n_mar]
[ 4 15 11]
np.random.permutation(males)[0:n_mar]
[12 10  5]
np.random.permutation(males)[0:n_mar]
[ 4  1 22]
np.random.permutation(males)[0:n_mar]
[ 6 11 20]
np.random.permutation(males)[0:n_mar]
[21  5 10]
np.random.permutation(males)[0:n_mar]
[23  2  3]
np.random.permutation(males)[0:n_mar]
[ 0 13  3]
np.random.permutation(males)[0:n_mar]
[ 7 11 12]
np.random.permutation(males)[0:n_mar]
[12  7 10]
np.random.permutation(males)[0:n_mar]
[21 19 10]
np.random.permutation(males)[0:n_mar]
[10  7 20]
np.random.permutation(males)[0:n_mar]
[ 1 13  5]
np.random.permutation(males)[0:n_mar]
[18  7 19]
np.random.permutation(males)[0:n_mar]
[17 12  1]
np.random.permutation(males)[0:n_mar]
[ 9  5 18]
np.random.permutation(males)[0:n_mar]
[ 7  9 11]
np.random.permutation(males)[0:n_mar]
[ 5 17 19]
np.random.permutation(males)[0:n_mar]
[ 0 22  5]
np.random.permutation(males)[0:n_mar]
[ 5 13  3]
np.random.permutation(males)[0:n_mar]
[20 14 12]
np.random.permutation(males)[0:n_mar]
[22 15 10]
np.random.permutation(males)[0:n_mar]
[3 5 0]
np.random.permutation(males)[0:n_mar]
[5 7 9]
np.random.permutation(males)[0:n_mar]
[19  6  4]
np.random.permutation(males)[0:n_mar]
[20  1 18]
np.random.permutation(males)[0:n_mar]
[ 8  1 17]
np.random.permutation(males)[0:n_mar]
[18  3 14]
np.random.permutation(males)[0:n_mar]
[ 8 15  9]
np.random.permutation(males)[0:n_mar]
[ 2 13 18]
np.random.permutation(males)[0:n_mar]
[11  2 20]
np.random.permutation(males)[0:n_mar]
[ 2 17  1]
np.random.permutation(males)[0:n_mar]
[17  0 18]
np.random.permutation(males)[0:n_mar]
[ 6 19 10]
np.random.permutation(males)[0:n_mar]
[12 10 22]
np.random.permutation(males)[0:n_mar]
[13  7 23]
np.random.permutation(males)[0:n_mar]
[22 10  8]
np.random.permutation(males)[0:n_mar]
[17 19 15]
np.random.permutation(males)[0:n_mar]
[ 2  9 16]
np.random.permutation(males)[0:n_mar]
[18 20 13]
np.random.permutation(males)[0:n_mar]
[15 19  3]
np.random.permutation(males)[0:n_mar]
[ 7  0 20]
np.random.permutation(males)[0:n_mar]
[13  0 18]
np.random.permutation(males)[0:n_mar]
[15  4 10]
np.random.permutation(males)[0:n_mar]
[ 9 13 20]
np.random.permutation(males)[0:n_mar]
[19 10 20]
np.random.permutation(males)[0:n_mar]
[16 15 21]
np.random.permutation(males)[0:n_mar]
[18  7 16]
np.random.permutation(males)[0:n_mar]
[19 23 20]
np.random.permutation(males)[0:n_mar]
[19  0 22]
np.random.permutation(males)[0:n_mar]
[19 22  5]
np.random.permutation(males)[0:n_mar]
[ 8 11  0]
np.random.permutation(males)[0:n_mar]
[ 1  7 22]
np.random.permutation(males)[0:n_mar]
[22  3 19]
np.random.permutation(males)[0:n_mar]
[ 9  4 13]
np.random.permutation(males)[0:n_mar]
[13 18  4]
np.random.permutation(males)[0:n_mar]
[ 2 20  5]
np.random.permutation(males)[0:n_mar]
[11  9  0]
np.random.permutation(males)[0:n_mar]
[ 0 11 16]
np.random.permutation(males)[0:n_mar]
[ 4  3 13]
np.random.permutation(males)[0:n_mar]
[14 21  1]
np.random.permutation(males)[0:n_mar]
[3 4 9]
np.random.permutation(males)[0:n_mar]
[ 8 18 22]
np.random.permutation(males)[0:n_mar]
[3 8 1]
np.random.permutation(males)[0:n_mar]
[16 15 22]
np.random.permutation(males)[0:n_mar]
[ 7  0 19]
np.random.permutation(males)[0:n_mar]
[13  9  8]
np.random.permutation(males)[0:n_mar]
[ 2 19  1]
np.random.permutation(males)[0:n_mar]
[18  4 11]
np.random.permutation(males)[0:n_mar]
[18  0 15]
np.random.permutation(males)[0:n_mar]
[ 1  4 18]
np.random.permutation(males)[0:n_mar]
[ 5 21 23]
np.random.permutation(males)[0:n_mar]
[ 0 10  9]
np.random.permutation(males)[0:n_mar]
[16 10 17]
np.random.permutation(males)[0:n_mar]
[13  9 20]
np.random.permutation(males)[0:n_mar]
[ 9  8 17]
np.random.permutation(males)[0:n_mar]
[13 19 21]
np.random.permutation(males)[0:n_mar]
[14  5 18]
np.random.permutation(males)[0:n_mar]
[19 13  8]
np.random.permutation(males)[0:n_mar]
[9 5 3]
np.random.permutation(males)[0:n_mar]
[17  9 12]
np.random.permutation(males)[0:n_mar]
[14 19  8]
np.random.permutation(males)[0:n_mar]
[18 14 20]
np.random.permutation(males)[0:n_mar]
[19  0 13]
np.random.permutation(males)[0:n_mar]
[19  4 15]
np.random.permutation(males)[0:n_mar]
[21 13 17]
np.random.permutation(males)[0:n_mar]
[ 7 13 11]
np.random.permutation(males)[0:n_mar]
[18  9  7]
np.random.permutation(males)[0:n_mar]
[23 15  3]
np.random.permutation(males)[0:n_mar]
[ 3 12 20]
np.random.permutation(males)[0:n_mar]
[23  8 15]
np.random.permutation(males)[0:n_mar]
[14  9 15]
np.random.permutation(males)[0:n_mar]
[17 13  3]
np.random.permutation(males)[0:n_mar]
[20 22 19]
np.random.permutation(males)[0:n_mar]
[22  0  1]
np.random.permutation(males)[0:n_mar]
[ 4 23 21]
np.random.permutation(males)[0:n_mar]
[ 1 12  5]
