np.random.permutation(males)[0:n_mar]
[11  6 21 10]
np.random.permutation(males)[0:n_mar]
[ 8 10  0 22]
np.random.permutation(males)[0:n_mar]
[5 9 2 4]
np.random.permutation(males)[0:n_mar]
[ 7 21 10  8]
np.random.permutation(males)[0:n_mar]
[ 4 12 21 19]
np.random.permutation(males)[0:n_mar]
[ 7 10 16 22]
np.random.permutation(males)[0:n_mar]
[ 5 14 15 18]
np.random.permutation(males)[0:n_mar]
[ 4  9 16  6]
np.random.permutation(males)[0:n_mar]
[16  5  4 18]
np.random.permutation(males)[0:n_mar]
[13  0  6  1]
np.random.permutation(males)[0:n_mar]
[ 8 22 20  3]
np.random.permutation(males)[0:n_mar]
[21  5  1 23]
np.random.permutation(males)[0:n_mar]
[11  5 15 20]
np.random.permutation(males)[0:n_mar]
[14 23 15 19]
np.random.permutation(males)[0:n_mar]
[19  9  4 17]
np.random.permutation(males)[0:n_mar]
[ 3 18 22  8]
np.random.permutation(males)[0:n_mar]
[23  2  3 18]
np.random.permutation(males)[0:n_mar]
[23  5 22 15]
np.random.permutation(males)[0:n_mar]
[2 0 8 1]
np.random.permutation(males)[0:n_mar]
[15  0 19 17]
np.random.permutation(males)[0:n_mar]
[19  8 22 18]
np.random.permutation(males)[0:n_mar]
[ 5 18 12 21]
np.random.permutation(males)[0:n_mar]
[ 1 11 17 22]
np.random.permutation(males)[0:n_mar]
[12 11  2  5]
np.random.permutation(males)[0:n_mar]
[21  5  1 18]
np.random.permutation(males)[0:n_mar]
[16 11  9 23]
np.random.permutation(males)[0:n_mar]
[21 13 19 16]
np.random.permutation(males)[0:n_mar]
[18 22 12 17]
np.random.permutation(males)[0:n_mar]
[12 23 19 15]
np.random.permutation(males)[0:n_mar]
[ 9 20  4 12]
np.random.permutation(males)[0:n_mar]
[ 8 22  7  6]
np.random.permutation(males)[0:n_mar]
[ 2 17  8 20]
np.random.permutation(males)[0:n_mar]
[ 6  0 20 14]
np.random.permutation(males)[0:n_mar]
[12 18  4  6]
np.random.permutation(males)[0:n_mar]
[22 10 21 23]
np.random.permutation(males)[0:n_mar]
[18  5 17 22]
np.random.permutation(males)[0:n_mar]
[ 2  6 13  1]
np.random.permutation(males)[0:n_mar]
[ 2 13 14 16]
np.random.permutation(males)[0:n_mar]
[ 9 16 22  6]
np.random.permutation(males)[0:n_mar]
[13  1 18  0]
np.random.permutation(males)[0:n_mar]
[ 8 19 20 11]
np.random.permutation(males)[0:n_mar]
[18 21  3 16]
np.random.permutation(males)[0:n_mar]
[20 17 18 14]
np.random.permutation(males)[0:n_mar]
[ 8  6 16 18]
np.random.permutation(males)[0:n_mar]
[21  5  3 23]
np.random.permutation(males)[0:n_mar]
[18  3  1  8]
np.random.permutation(males)[0:n_mar]
[ 5  6 16  4]
np.random.permutation(males)[0:n_mar]
[ 0 11 22 14]
np.random.permutation(males)[0:n_mar]
[14  5 11 15]
np.random.permutation(males)[0:n_mar]
[7 9 6 3]
np.random.permutation(males)[0:n_mar]
[17  5 12  4]
np.random.permutation(males)[0:n_mar]
[16 10  5  9]
np.random.permutation(males)[0:n_mar]
[ 3 17  1 19]
np.random.permutation(males)[0:n_mar]
[ 9  0 20 22]
np.random.permutation(males)[0:n_mar]
[ 2 14 10  6]
np.random.permutation(males)[0:n_mar]
[ 5  3 20 19]
np.random.permutation(males)[0:n_mar]
[ 4 19 16  6]
np.random.permutation(males)[0:n_mar]
[19  7  2  8]
np.random.permutation(males)[0:n_mar]
[ 1 17 23 15]
np.random.permutation(males)[0:n_mar]
[16  8  0 21]
np.random.permutation(males)[0:n_mar]
[12  3 23 19]
np.random.permutation(males)[0:n_mar]
[ 4  3  1 22]
np.random.permutation(males)[0:n_mar]
[17 14  9 22]
np.random.permutation(males)[0:n_mar]
[10 23 16 12]
np.random.permutation(males)[0:n_mar]
[13  3  6 18]
np.random.permutation(males)[0:n_mar]
[14  2 12  3]
np.random.permutation(males)[0:n_mar]
[ 2 23  5 21]
np.random.permutation(males)[0:n_mar]
[10 21  1  5]
np.random.permutation(males)[0:n_mar]
[ 3 12 10 17]
np.random.permutation(males)[0:n_mar]
[14 10 17 19]
np.random.permutation(males)[0:n_mar]
[ 8 18 12 15]
np.random.permutation(males)[0:n_mar]
[11 16  7  3]
np.random.permutation(males)[0:n_mar]
[16  4  3 15]
np.random.permutation(males)[0:n_mar]
[ 6  4 19  7]
np.random.permutation(males)[0:n_mar]
[ 7  8 11 14]
np.random.permutation(males)[0:n_mar]
[16 20  2 10]
np.random.permutation(males)[0:n_mar]
[21  9 16 15]
np.random.permutation(males)[0:n_mar]
[4 1 5 6]
np.random.permutation(males)[0:n_mar]
[16  5  8 22]
np.random.permutation(males)[0:n_mar]
[19  5 12  6]
np.random.permutation(males)[0:n_mar]
[19 16 21  7]
np.random.permutation(males)[0:n_mar]
[22 21 15 17]
np.random.permutation(males)[0:n_mar]
[23 22  2 13]
np.random.permutation(males)[0:n_mar]
[15 13 19  1]
np.random.permutation(males)[0:n_mar]
[23 15  6  8]
np.random.permutation(males)[0:n_mar]
[ 4  9 15 16]
np.random.permutation(males)[0:n_mar]
[14  2 16  9]
np.random.permutation(males)[0:n_mar]
[13  3  7 11]
np.random.permutation(males)[0:n_mar]
[13  8 21 10]
np.random.permutation(males)[0:n_mar]
[23 13  3  5]
np.random.permutation(males)[0:n_mar]
[22  9  2 13]
np.random.permutation(males)[0:n_mar]
[19 20  4 11]
np.random.permutation(males)[0:n_mar]
[ 1 23  8 19]
np.random.permutation(males)[0:n_mar]
[ 5 23  2  9]
np.random.permutation(males)[0:n_mar]
[15  5 11 16]
np.random.permutation(males)[0:n_mar]
[12 13  0  3]
np.random.permutation(males)[0:n_mar]
[13 16 19 10]
np.random.permutation(males)[0:n_mar]
[18 12  6  0]
np.random.permutation(males)[0:n_mar]
[16 11 23  4]
np.random.permutation(males)[0:n_mar]
[ 4 10  0 13]
np.random.permutation(males)[0:n_mar]
[ 0 12 10 14]
np.random.permutation(males)[0:n_mar]
[15 23 17 20]
np.random.permutation(males)[0:n_mar]
[21  7  0  1]
np.random.permutation(males)[0:n_mar]
[23 20  3  9]
np.random.permutation(males)[0:n_mar]
[16 10 20 14]
np.random.permutation(males)[0:n_mar]
[5 6 3 1]
np.random.permutation(males)[0:n_mar]
[ 5 17 23  0]
np.random.permutation(males)[0:n_mar]
[ 2  6 19 16]
np.random.permutation(males)[0:n_mar]
[21  2  4 17]
np.random.permutation(males)[0:n_mar]
[11 13 23 10]
np.random.permutation(males)[0:n_mar]
[15 20  1 12]
np.random.permutation(males)[0:n_mar]
[ 3  5  0 15]
np.random.permutation(males)[0:n_mar]
[17 14 19 11]
np.random.permutation(males)[0:n_mar]
[12  1 13 23]
np.random.permutation(males)[0:n_mar]
[ 9  3 19  1]
np.random.permutation(males)[0:n_mar]
[ 5  7 14 11]
np.random.permutation(males)[0:n_mar]
[22 15  0 18]
np.random.permutation(males)[0:n_mar]
[16 18  9 19]
np.random.permutation(males)[0:n_mar]
[17  3 12  8]
np.random.permutation(males)[0:n_mar]
[14 21  0  4]
np.random.permutation(males)[0:n_mar]
[13  7  2  9]
np.random.permutation(males)[0:n_mar]
[22 19  5  7]
np.random.permutation(males)[0:n_mar]
[16 14 15  1]
np.random.permutation(males)[0:n_mar]
[16 22 13 14]
np.random.permutation(males)[0:n_mar]
[16 17  8 20]
np.random.permutation(males)[0:n_mar]
[20  5  7  4]
np.random.permutation(males)[0:n_mar]
[22 17 10 11]
np.random.permutation(males)[0:n_mar]
[13 18  2  6]
np.random.permutation(males)[0:n_mar]
[22  5  6 23]
np.random.permutation(males)[0:n_mar]
[21 22 13 11]
np.random.permutation(males)[0:n_mar]
[ 5 19  3 17]
np.random.permutation(males)[0:n_mar]
[ 5 11 17 22]
np.random.permutation(males)[0:n_mar]
[19  5 22  0]
np.random.permutation(males)[0:n_mar]
[16 19 13  2]
np.random.permutation(males)[0:n_mar]
[ 5 16  1  8]
np.random.permutation(males)[0:n_mar]
[15 19  6  5]
np.random.permutation(males)[0:n_mar]
[11  5 13 23]
np.random.permutation(males)[0:n_mar]
[ 8 20 18  3]
np.random.permutation(males)[0:n_mar]
[23 17  6 11]
np.random.permutation(males)[0:n_mar]
[15 20  5 19]
np.random.permutation(males)[0:n_mar]
[19 12 10 15]
np.random.permutation(males)[0:n_mar]
[20  5 13  9]
np.random.permutation(males)[0:n_mar]
[ 5 23  0 21]
np.random.permutation(males)[0:n_mar]
[ 5  6 16 23]
np.random.permutation(males)[0:n_mar]
[17  3 20 22]
np.random.permutation(males)[0:n_mar]
[15  6  8 12]
np.random.permutation(males)[0:n_mar]
[ 1  4 10 20]
np.random.permutation(males)[0:n_mar]
[ 8  1 11 19]
np.random.permutation(males)[0:n_mar]
[20  1 14  3]
np.random.permutation(males)[0:n_mar]
[16  1 13  5]
np.random.permutation(males)[0:n_mar]
[ 5 15 10  4]
np.random.permutation(males)[0:n_mar]
[4 5 0 9]
np.random.permutation(males)[0:n_mar]
[ 6 18 22 10]
np.random.permutation(males)[0:n_mar]
[ 5 14 13 19]
np.random.permutation(males)[0:n_mar]
[ 3 15  4 14]
np.random.permutation(males)[0:n_mar]
[3 5 8 9]
np.random.permutation(males)[0:n_mar]
[22 11  8  7]
np.random.permutation(males)[0:n_mar]
[23  3 14 19]
np.random.permutation(males)[0:n_mar]
[12 22 16  9]
np.random.permutation(males)[0:n_mar]
[2 9 5 8]
np.random.permutation(males)[0:n_mar]
[18 12 21 19]
np.random.permutation(males)[0:n_mar]
[ 4 15  7 20]
np.random.permutation(males)[0:n_mar]
[17 21 16 19]
np.random.permutation(males)[0:n_mar]
[ 5  7  2 22]
np.random.permutation(males)[0:n_mar]
[16 17 14  8]
np.random.permutation(males)[0:n_mar]
[ 9 16  3  6]
np.random.permutation(males)[0:n_mar]
[16 20 22  2]
np.random.permutation(males)[0:n_mar]
[ 6  1 12  4]
np.random.permutation(males)[0:n_mar]
[18 12 13  1]
np.random.permutation(males)[0:n_mar]
[ 9  7 10 18]
np.random.permutation(males)[0:n_mar]
[10 12 22 19]
np.random.permutation(males)[0:n_mar]
[13 10  5 23]
np.random.permutation(males)[0:n_mar]
[19 17 12  9]
np.random.permutation(males)[0:n_mar]
[13  6  7 16]
np.random.permutation(males)[0:n_mar]
[18  3  1  2]
np.random.permutation(males)[0:n_mar]
[10 13 23 12]
np.random.permutation(males)[0:n_mar]
[ 6 19 21  5]
np.random.permutation(males)[0:n_mar]
[10  4  5 18]
np.random.permutation(males)[0:n_mar]
[ 0 16 18 20]
np.random.permutation(males)[0:n_mar]
[23  7  8 14]
np.random.permutation(males)[0:n_mar]
[16 21  1 22]
np.random.permutation(males)[0:n_mar]
[ 7 13  1  8]
np.random.permutation(males)[0:n_mar]
[ 4  8 19 10]
np.random.permutation(males)[0:n_mar]
[19  7  8 20]
np.random.permutation(males)[0:n_mar]
[ 1 22 20  3]
np.random.permutation(males)[0:n_mar]
[18  5 17 23]
np.random.permutation(males)[0:n_mar]
[ 6  8 15  9]
np.random.permutation(males)[0:n_mar]
[19  5  3 16]
np.random.permutation(males)[0:n_mar]
[10 18 15  0]
np.random.permutation(males)[0:n_mar]
[ 6  3  2 11]
np.random.permutation(males)[0:n_mar]
[10  1 18 16]
np.random.permutation(males)[0:n_mar]
[ 1 16 20 15]
np.random.permutation(males)[0:n_mar]
[ 8 19 21  2]
np.random.permutation(males)[0:n_mar]
[ 2  3 17  4]
np.random.permutation(males)[0:n_mar]
[19 15  8 21]
np.random.permutation(males)[0:n_mar]
[11 13  3  4]
np.random.permutation(males)[0:n_mar]
[13  6  1  8]
np.random.permutation(males)[0:n_mar]
[ 0 17 11 21]
np.random.permutation(males)[0:n_mar]
[22  3 20  0]
np.random.permutation(males)[0:n_mar]
[13  3 19  6]
np.random.permutation(males)[0:n_mar]
[1 8 4 5]
np.random.permutation(males)[0:n_mar]
[22 16  7 23]
np.random.permutation(males)[0:n_mar]
[ 6  8 22 13]
np.random.permutation(males)[0:n_mar]
[ 2  8 23 10]
np.random.permutation(males)[0:n_mar]
[19  3  2 13]
np.random.permutation(males)[0:n_mar]
[ 1 19  8 17]
np.random.permutation(males)[0:n_mar]
[ 9  7 22 13]
np.random.permutation(males)[0:n_mar]
[20  0 18 21]
np.random.permutation(males)[0:n_mar]
[ 4  7 10  0]
np.random.permutation(males)[0:n_mar]
[ 0  3  2 18]
np.random.permutation(males)[0:n_mar]
[22 15  3 16]
np.random.permutation(males)[0:n_mar]
[15  0  8 16]
np.random.permutation(males)[0:n_mar]
[12 22 20  4]
np.random.permutation(males)[0:n_mar]
[13 11 12 18]
np.random.permutation(males)[0:n_mar]
[8 1 2 3]
np.random.permutation(males)[0:n_mar]
[20 10 13 22]
np.random.permutation(males)[0:n_mar]
[12 20  8 21]
np.random.permutation(males)[0:n_mar]
[19 10 15 12]
np.random.permutation(males)[0:n_mar]
[ 5  1 11 16]
np.random.permutation(males)[0:n_mar]
[ 7  1 15 21]
np.random.permutation(males)[0:n_mar]
[ 7 23 22  3]
np.random.permutation(males)[0:n_mar]
[10 16  0 12]
np.random.permutation(males)[0:n_mar]
[17 19  5  8]
np.random.permutation(males)[0:n_mar]
[ 9 17  7  1]
np.random.permutation(males)[0:n_mar]
[20 21 11  2]
np.random.permutation(males)[0:n_mar]
[ 7 16 14 20]
np.random.permutation(males)[0:n_mar]
[ 6 13  5  8]
np.random.permutation(males)[0:n_mar]
[ 3 20 18  6]
np.random.permutation(males)[0:n_mar]
[13 23  1  2]
np.random.permutation(males)[0:n_mar]
[19 20 23  6]
np.random.permutation(males)[0:n_mar]
[18 20 10 16]
np.random.permutation(males)[0:n_mar]
[ 5 11  0 22]
np.random.permutation(males)[0:n_mar]
[22 20  6 13]
np.random.permutation(males)[0:n_mar]
[12 18 16 22]
np.random.permutation(males)[0:n_mar]
[19  2 14 22]
np.random.permutation(males)[0:n_mar]
[13  4 11 16]
np.random.permutation(males)[0:n_mar]
[ 8  4 21 15]
np.random.permutation(males)[0:n_mar]
[17 14  2  5]
np.random.permutation(males)[0:n_mar]
[ 3 12 21 13]
np.random.permutation(males)[0:n_mar]
[ 0 19  4  8]
np.random.permutation(males)[0:n_mar]
[23 17  3  7]
np.random.permutation(males)[0:n_mar]
[3 4 7 6]
np.random.permutation(males)[0:n_mar]
[10  5 22 13]
np.random.permutation(males)[0:n_mar]
[23  0 14 10]
np.random.permutation(males)[0:n_mar]
[14  9 19 23]
np.random.permutation(males)[0:n_mar]
[ 1 22 12  4]
np.random.permutation(males)[0:n_mar]
[ 6 16 14  4]
np.random.permutation(males)[0:n_mar]
[ 3 19 10 11]
np.random.permutation(males)[0:n_mar]
[ 7  2 19  4]
np.random.permutation(males)[0:n_mar]
[15 19 20 17]
np.random.permutation(males)[0:n_mar]
[ 2 22  7  1]
np.random.permutation(males)[0:n_mar]
[12  5  6 21]
np.random.permutation(males)[0:n_mar]
[14  8  5 23]
np.random.permutation(males)[0:n_mar]
[16  3 11  9]
np.random.permutation(males)[0:n_mar]
[14  9 16 17]
np.random.permutation(males)[0:n_mar]
[ 5  2 15 11]
np.random.permutation(males)[0:n_mar]
[ 2  9 11 12]
np.random.permutation(males)[0:n_mar]
[ 1 22 14 21]
np.random.permutation(males)[0:n_mar]
[18 23  4 19]
np.random.permutation(males)[0:n_mar]
[14 20 12 13]
np.random.permutation(males)[0:n_mar]
[ 5 15  7  3]
np.random.permutation(males)[0:n_mar]
[ 7  4 14 10]
np.random.permutation(males)[0:n_mar]
[19 18  8  0]
np.random.permutation(males)[0:n_mar]
[17  0  3  7]
np.random.permutation(males)[0:n_mar]
[23 12  2 16]
np.random.permutation(males)[0:n_mar]
[ 9 23  0 19]
np.random.permutation(males)[0:n_mar]
[15 18  7 14]
np.random.permutation(males)[0:n_mar]
[17 12 20 15]
np.random.permutation(males)[0:n_mar]
[16 17  1 10]
np.random.permutation(males)[0:n_mar]
[13  8 20 21]
np.random.permutation(males)[0:n_mar]
[14 15 19 16]
np.random.permutation(males)[0:n_mar]
[10  0 23 22]
np.random.permutation(males)[0:n_mar]
[4 7 0 1]
np.random.permutation(males)[0:n_mar]
[21  1  6  7]
np.random.permutation(males)[0:n_mar]
[ 5  1  3 18]
np.random.permutation(males)[0:n_mar]
[19 17  4  1]
np.random.permutation(males)[0:n_mar]
[23 19  5  0]
np.random.permutation(males)[0:n_mar]
[12  5 16 14]
np.random.permutation(males)[0:n_mar]
[20 12  5  1]
np.random.permutation(males)[0:n_mar]
[10  4 15 23]
np.random.permutation(males)[0:n_mar]
[ 6  2 12  5]
np.random.permutation(males)[0:n_mar]
[16  3  7  4]
np.random.permutation(males)[0:n_mar]
[15  3 11  6]
np.random.permutation(males)[0:n_mar]
[ 5 14 12 13]
np.random.permutation(males)[0:n_mar]
[15 23 22  1]
np.random.permutation(males)[0:n_mar]
[ 2  8 17  0]
np.random.permutation(males)[0:n_mar]
[14  7  0  8]
np.random.permutation(males)[0:n_mar]
[14  6 21 15]
np.random.permutation(males)[0:n_mar]
[11 16 17  8]
np.random.permutation(males)[0:n_mar]
[13  9 21 18]
np.random.permutation(males)[0:n_mar]
[ 4 22  8  1]
np.random.permutation(males)[0:n_mar]
[22  5  6  3]
np.random.permutation(males)[0:n_mar]
[14  8  6 21]
np.random.permutation(males)[0:n_mar]
[18 10 11  2]
np.random.permutation(males)[0:n_mar]
[12  7  0 18]
np.random.permutation(males)[0:n_mar]
[ 1 12  2 14]
np.random.permutation(males)[0:n_mar]
[17 14  9  0]
np.random.permutation(males)[0:n_mar]
[ 4 10 16 14]
np.random.permutation(males)[0:n_mar]
[18 13  0  2]
np.random.permutation(males)[0:n_mar]
[ 0  7 11  5]
np.random.permutation(males)[0:n_mar]
[22 20  9  6]
np.random.permutation(males)[0:n_mar]
[11  3 20  4]
np.random.permutation(males)[0:n_mar]
[14 11  5 16]
np.random.permutation(males)[0:n_mar]
[14  8 15  2]
np.random.permutation(males)[0:n_mar]
[19 20 23 13]
np.random.permutation(males)[0:n_mar]
[15  3 19  2]
np.random.permutation(males)[0:n_mar]
[ 7  2 13 21]
np.random.permutation(males)[0:n_mar]
[12  3  6 14]
np.random.permutation(males)[0:n_mar]
[ 8 15  4 22]
np.random.permutation(males)[0:n_mar]
[12  1  8 19]
np.random.permutation(males)[0:n_mar]
[ 1 14  5 21]
np.random.permutation(males)[0:n_mar]
[ 6 18  4 22]
np.random.permutation(males)[0:n_mar]
[22 17 16  5]
np.random.permutation(males)[0:n_mar]
[17 20 16  4]
np.random.permutation(males)[0:n_mar]
[8 4 0 1]
np.random.permutation(males)[0:n_mar]
[10  5 20  8]
np.random.permutation(males)[0:n_mar]
[13  9 10 21]
np.random.permutation(males)[0:n_mar]
[21 20  3 22]
np.random.permutation(males)[0:n_mar]
[ 0  2 14 20]
np.random.permutation(males)[0:n_mar]
[23  7  6  8]
np.random.permutation(males)[0:n_mar]
[13 15  2  6]
np.random.permutation(males)[0:n_mar]
[ 3 10 12 18]
np.random.permutation(males)[0:n_mar]
[19  5  7 23]
np.random.permutation(males)[0:n_mar]
[ 7 10 17  9]
np.random.permutation(males)[0:n_mar]
[19 21 18  0]
np.random.permutation(males)[0:n_mar]
[15 21  2 14]
np.random.permutation(males)[0:n_mar]
[ 8  1 13 14]
np.random.permutation(males)[0:n_mar]
[ 7 22 16 10]
np.random.permutation(males)[0:n_mar]
[13  8 21 11]
np.random.permutation(males)[0:n_mar]
[18 14 16  3]
np.random.permutation(males)[0:n_mar]
[5 7 3 0]
np.random.permutation(males)[0:n_mar]
[23  4 12 13]
np.random.permutation(males)[0:n_mar]
[10 12 21 18]
np.random.permutation(males)[0:n_mar]
[16  2 15 11]
np.random.permutation(males)[0:n_mar]
[12 23 21 22]
np.random.permutation(males)[0:n_mar]
[10  0 17 13]
np.random.permutation(males)[0:n_mar]
[20 15  5 18]
np.random.permutation(males)[0:n_mar]
[ 4 16 11  1]
np.random.permutation(males)[0:n_mar]
[19  7 16  0]
np.random.permutation(males)[0:n_mar]
[19  6  8 11]
np.random.permutation(males)[0:n_mar]
[18 14  7  8]
np.random.permutation(males)[0:n_mar]
[23  8  0  7]
np.random.permutation(males)[0:n_mar]
[11 15 19  0]
np.random.permutation(males)[0:n_mar]
[ 9 18 13 22]
np.random.permutation(males)[0:n_mar]
[10 19 22  3]
np.random.permutation(males)[0:n_mar]
[12  9  4  7]
np.random.permutation(males)[0:n_mar]
[ 0 13  5  2]
np.random.permutation(males)[0:n_mar]
[20  2 23 18]
np.random.permutation(males)[0:n_mar]
[10 16 20  2]
np.random.permutation(males)[0:n_mar]
[17 22  1 16]
np.random.permutation(males)[0:n_mar]
[10  9  6  7]
np.random.permutation(males)[0:n_mar]
[19  3  4 18]
np.random.permutation(males)[0:n_mar]
[20 17 23  4]
np.random.permutation(males)[0:n_mar]
[ 9 10 16  2]
np.random.permutation(males)[0:n_mar]
[18 13  5 16]
np.random.permutation(males)[0:n_mar]
[ 0 22 16 20]
np.random.permutation(males)[0:n_mar]
[20 21  1  2]
np.random.permutation(males)[0:n_mar]
[ 5  1 14 12]
np.random.permutation(males)[0:n_mar]
[18 23 10 21]
np.random.permutation(males)[0:n_mar]
[17 20 14 16]
np.random.permutation(males)[0:n_mar]
[ 2 16  1  4]
np.random.permutation(males)[0:n_mar]
[12 11  9 21]
np.random.permutation(males)[0:n_mar]
[22 17 21  8]
np.random.permutation(males)[0:n_mar]
[ 3 17  6  5]
np.random.permutation(males)[0:n_mar]
[12  2  4 17]
np.random.permutation(males)[0:n_mar]
[10 12 17 14]
np.random.permutation(males)[0:n_mar]
[10 22 17  1]
np.random.permutation(males)[0:n_mar]
[16 21 17 15]
np.random.permutation(males)[0:n_mar]
[13  1 15  2]
np.random.permutation(males)[0:n_mar]
[ 8 10  1 19]
np.random.permutation(males)[0:n_mar]
[10 11  2 17]
np.random.permutation(males)[0:n_mar]
[ 4 15  2 21]
np.random.permutation(males)[0:n_mar]
[10  2 14  6]
np.random.permutation(males)[0:n_mar]
[ 9 14 16 22]
np.random.permutation(males)[0:n_mar]
[17  3 16 21]
np.random.permutation(males)[0:n_mar]
[14  9 23  6]
np.random.permutation(males)[0:n_mar]
[ 5 12 13  6]
np.random.permutation(males)[0:n_mar]
[15 22 16 23]
np.random.permutation(males)[0:n_mar]
[16 17  8 20]
np.random.permutation(males)[0:n_mar]
[15  4  6  9]
np.random.permutation(males)[0:n_mar]
[ 7  8  4 19]
np.random.permutation(males)[0:n_mar]
[21 17 12 19]
np.random.permutation(males)[0:n_mar]
[16 18 19 14]
np.random.permutation(males)[0:n_mar]
[15 22  9  3]
np.random.permutation(males)[0:n_mar]
[15 20  5 18]
np.random.permutation(males)[0:n_mar]
[12  1  4 21]
np.random.permutation(males)[0:n_mar]
[21  2  6  1]
np.random.permutation(males)[0:n_mar]
[13  3  5  6]
np.random.permutation(males)[0:n_mar]
[18 21  3 12]
np.random.permutation(males)[0:n_mar]
[20 18  1 23]
np.random.permutation(males)[0:n_mar]
[ 0 19  8 15]
np.random.permutation(males)[0:n_mar]
[ 2 12  8 22]
np.random.permutation(males)[0:n_mar]
[23  3 22 12]
np.random.permutation(males)[0:n_mar]
[15 17  9  1]
np.random.permutation(males)[0:n_mar]
[ 6 20  3  0]
np.random.permutation(males)[0:n_mar]
[11 22  3 17]
np.random.permutation(males)[0:n_mar]
[20 16 10 15]
np.random.permutation(males)[0:n_mar]
[ 0 22 17  8]
np.random.permutation(males)[0:n_mar]
[20 18  5  6]
np.random.permutation(males)[0:n_mar]
[20  4  2  7]
np.random.permutation(males)[0:n_mar]
[ 0  9  1 18]
np.random.permutation(males)[0:n_mar]
[18 21  3  1]
np.random.permutation(males)[0:n_mar]
[13 18  7 11]
np.random.permutation(males)[0:n_mar]
[16 21 11  6]
np.random.permutation(males)[0:n_mar]
[ 0  4 18  2]
np.random.permutation(males)[0:n_mar]
[ 9  5 23  8]
np.random.permutation(males)[0:n_mar]
[17  6  2  4]
np.random.permutation(males)[0:n_mar]
[13  0 17 14]
np.random.permutation(males)[0:n_mar]
[ 4  6  8 19]
np.random.permutation(males)[0:n_mar]
[23 20  7 10]
np.random.permutation(males)[0:n_mar]
[5 1 4 7]
np.random.permutation(males)[0:n_mar]
[ 2 19 15  7]
np.random.permutation(males)[0:n_mar]
[22  4 12  3]
np.random.permutation(males)[0:n_mar]
[19 17 14  0]
np.random.permutation(males)[0:n_mar]
[10 12 13 20]
np.random.permutation(males)[0:n_mar]
[ 7 19 18  5]
np.random.permutation(males)[0:n_mar]
[12  3 15 22]
np.random.permutation(males)[0:n_mar]
[18 16 10  4]
np.random.permutation(males)[0:n_mar]
[11  3 20  1]
np.random.permutation(males)[0:n_mar]
[11  7  0 17]
np.random.permutation(males)[0:n_mar]
[16 19 14 13]
np.random.permutation(males)[0:n_mar]
[ 5 16 23 10]
np.random.permutation(males)[0:n_mar]
[ 5 14 13 12]
np.random.permutation(males)[0:n_mar]
[ 9  5 21 22]
np.random.permutation(males)[0:n_mar]
[ 2 16 23  0]
np.random.permutation(males)[0:n_mar]
[ 7 21  0 11]
np.random.permutation(males)[0:n_mar]
[ 4 22 13 14]
np.random.permutation(males)[0:n_mar]
[ 8 11  2 15]
np.random.permutation(males)[0:n_mar]
[6 1 8 3]
np.random.permutation(males)[0:n_mar]
[14 20 21  7]
np.random.permutation(males)[0:n_mar]
[17  3  7  2]
np.random.permutation(males)[0:n_mar]
[23 10  3 21]
np.random.permutation(males)[0:n_mar]
[13  6 11 10]
np.random.permutation(males)[0:n_mar]
[19  9 13 20]
np.random.permutation(males)[0:n_mar]
[14 18 20 23]
np.random.permutation(males)[0:n_mar]
[14 11  3  1]
np.random.permutation(males)[0:n_mar]
[15 11 16  2]
np.random.permutation(males)[0:n_mar]
[20  9 19 16]
np.random.permutation(males)[0:n_mar]
[17 10  3 22]
np.random.permutation(males)[0:n_mar]
[ 3 11  2 17]
np.random.permutation(males)[0:n_mar]
[12 20  4 17]
np.random.permutation(males)[0:n_mar]
[18 20 19 11]
np.random.permutation(males)[0:n_mar]
[11  8 15 16]
np.random.permutation(males)[0:n_mar]
[ 9 16  2 20]
np.random.permutation(males)[0:n_mar]
[ 1 22  2  6]
np.random.permutation(males)[0:n_mar]
[ 8 20 11 23]
np.random.permutation(males)[0:n_mar]
[ 6 22 18 10]
np.random.permutation(males)[0:n_mar]
[ 6 14  7  8]
np.random.permutation(males)[0:n_mar]
[ 2  6 18  8]
np.random.permutation(males)[0:n_mar]
[ 3 15 18 10]
np.random.permutation(males)[0:n_mar]
[ 2  0  6 21]
np.random.permutation(males)[0:n_mar]
[ 9 20 22 21]
np.random.permutation(males)[0:n_mar]
[17 14  1 16]
np.random.permutation(males)[0:n_mar]
[ 7 16  1  6]
np.random.permutation(males)[0:n_mar]
[ 5 11  8  4]
np.random.permutation(males)[0:n_mar]
[19 10 21 18]
np.random.permutation(males)[0:n_mar]
[10 23 19  7]
np.random.permutation(males)[0:n_mar]
[19  6  3 15]
np.random.permutation(males)[0:n_mar]
[ 9 15 22  7]
np.random.permutation(males)[0:n_mar]
[11 16 23 15]
np.random.permutation(males)[0:n_mar]
[17 23 16 18]
np.random.permutation(males)[0:n_mar]
[18  3 15 19]
np.random.permutation(males)[0:n_mar]
[ 5 21 11  0]
np.random.permutation(males)[0:n_mar]
[13 16  4  2]
np.random.permutation(males)[0:n_mar]
[19  9 12 13]
np.random.permutation(males)[0:n_mar]
[ 6  5 11  4]
np.random.permutation(males)[0:n_mar]
[ 4 21  7 16]
np.random.permutation(males)[0:n_mar]
[ 6  3 22 18]
np.random.permutation(males)[0:n_mar]
[ 5  9 15 20]
np.random.permutation(males)[0:n_mar]
[ 7 22 10  6]
np.random.permutation(males)[0:n_mar]
[18 13 21  9]
np.random.permutation(males)[0:n_mar]
[ 7 13 22 14]
np.random.permutation(males)[0:n_mar]
[ 0  4 12  5]
np.random.permutation(males)[0:n_mar]
[16 14 12 20]
np.random.permutation(males)[0:n_mar]
[20 10 22 18]
np.random.permutation(males)[0:n_mar]
[16 11  5  8]
np.random.permutation(males)[0:n_mar]
[11 16  3 18]
np.random.permutation(males)[0:n_mar]
[ 1 10 16  6]
np.random.permutation(males)[0:n_mar]
[ 0 19 14  1]
np.random.permutation(males)[0:n_mar]
[10 20 23  2]
np.random.permutation(males)[0:n_mar]
[ 9  0 21 12]
np.random.permutation(males)[0:n_mar]
[16 11 19  4]
np.random.permutation(males)[0:n_mar]
[19 10  8 18]
np.random.permutation(males)[0:n_mar]
[21  1  5 23]
np.random.permutation(males)[0:n_mar]
[ 3 17  9  1]
np.random.permutation(males)[0:n_mar]
[ 1  7 22 16]
np.random.permutation(males)[0:n_mar]
[ 6 18 19  7]
np.random.permutation(males)[0:n_mar]
[10  3 15 21]
np.random.permutation(males)[0:n_mar]
[ 0  5 17 14]
np.random.permutation(males)[0:n_mar]
[19 23  1  4]
np.random.permutation(males)[0:n_mar]
[ 2 13  7 12]
np.random.permutation(males)[0:n_mar]
[ 0 16 18  1]
np.random.permutation(males)[0:n_mar]
[22  3  5 17]
np.random.permutation(males)[0:n_mar]
[12 20 15  9]
np.random.permutation(males)[0:n_mar]
[17  3 18  2]
np.random.permutation(males)[0:n_mar]
[20 13  6  3]
np.random.permutation(males)[0:n_mar]
[20  6  8 17]
np.random.permutation(males)[0:n_mar]
[ 8 17 21 16]
np.random.permutation(males)[0:n_mar]
[ 1 10  7 11]
np.random.permutation(males)[0:n_mar]
[12 15  7  4]
np.random.permutation(males)[0:n_mar]
[16  3 10  8]
np.random.permutation(males)[0:n_mar]
[10 14  1  6]
np.random.permutation(males)[0:n_mar]
[ 2 17 14  8]
np.random.permutation(males)[0:n_mar]
[ 9 16  2 10]
np.random.permutation(males)[0:n_mar]
[ 9  0 20 18]
np.random.permutation(males)[0:n_mar]
[ 1 11  4 20]
np.random.permutation(males)[0:n_mar]
[ 6 14 10  3]
np.random.permutation(males)[0:n_mar]
[19  8  0 20]
np.random.permutation(males)[0:n_mar]
[15 21 16  6]
np.random.permutation(males)[0:n_mar]
[ 1  2  7 20]
np.random.permutation(males)[0:n_mar]
[23 11  0 18]
np.random.permutation(males)[0:n_mar]
[16 12 21  1]
np.random.permutation(males)[0:n_mar]
[ 0 11 20  8]
np.random.permutation(males)[0:n_mar]
[ 7  4 11  8]
np.random.permutation(males)[0:n_mar]
[17 10  7 11]
np.random.permutation(males)[0:n_mar]
[ 9  1 17  4]
np.random.permutation(males)[0:n_mar]
[12 22 10  7]
np.random.permutation(males)[0:n_mar]
[ 6 17 16 11]
np.random.permutation(males)[0:n_mar]
[13  3 15 18]
np.random.permutation(males)[0:n_mar]
[ 8  6 12 20]
np.random.permutation(males)[0:n_mar]
[17 19 15 13]
np.random.permutation(males)[0:n_mar]
[ 2 11  0 23]
np.random.permutation(males)[0:n_mar]
[12  3 11 23]
np.random.permutation(males)[0:n_mar]
[ 8 15  5 23]
np.random.permutation(males)[0:n_mar]
[ 3  0  2 15]
np.random.permutation(males)[0:n_mar]
[14 11  7  5]
np.random.permutation(males)[0:n_mar]
[14 11  4 12]
np.random.permutation(males)[0:n_mar]
[ 3 23  1 22]
np.random.permutation(males)[0:n_mar]
[17 10 12 16]
np.random.permutation(males)[0:n_mar]
[10 19  8 21]
np.random.permutation(males)[0:n_mar]
[19  8 16 14]
np.random.permutation(males)[0:n_mar]
[13 19  0  2]
np.random.permutation(males)[0:n_mar]
[ 4 20  7 12]
np.random.permutation(males)[0:n_mar]
[18 17 14  8]
np.random.permutation(males)[0:n_mar]
[19 11 21  2]
np.random.permutation(males)[0:n_mar]
[ 4  1 17  9]
np.random.permutation(males)[0:n_mar]
[17 14 12  1]
np.random.permutation(males)[0:n_mar]
[ 0 20 13 18]
np.random.permutation(males)[0:n_mar]
[ 0  4 15 21]
np.random.permutation(males)[0:n_mar]
[ 5 19 11  9]
np.random.permutation(males)[0:n_mar]
[ 5  3 23  9]
np.random.permutation(males)[0:n_mar]
[ 7 22  4 15]
np.random.permutation(males)[0:n_mar]
[ 8 18 21 13]
np.random.permutation(males)[0:n_mar]
[ 1  0 20 18]
np.random.permutation(males)[0:n_mar]
[11  6  9  4]
np.random.permutation(males)[0:n_mar]
[ 3  0 14  5]
np.random.permutation(males)[0:n_mar]
[15 19  8  1]
np.random.permutation(males)[0:n_mar]
[16 11 14 21]
np.random.permutation(males)[0:n_mar]
[ 8  2 13 16]
np.random.permutation(males)[0:n_mar]
[20 22  7 12]
np.random.permutation(males)[0:n_mar]
[13  9 12 20]
np.random.permutation(males)[0:n_mar]
[21  8  7 23]
np.random.permutation(males)[0:n_mar]
[ 6 13 12 21]
np.random.permutation(males)[0:n_mar]
[ 3  4  2 15]
np.random.permutation(males)[0:n_mar]
[12  4 20 19]
np.random.permutation(males)[0:n_mar]
[17  5  7 22]
np.random.permutation(males)[0:n_mar]
[ 4  2 18  0]
np.random.permutation(males)[0:n_mar]
[ 4 23 10  7]
np.random.permutation(males)[0:n_mar]
[20 17 23 16]
np.random.permutation(males)[0:n_mar]
[23  8 16 17]
np.random.permutation(males)[0:n_mar]
[13 22 16  3]
np.random.permutation(males)[0:n_mar]
[15  4 11 23]
np.random.permutation(males)[0:n_mar]
[20 19 21 15]
np.random.permutation(males)[0:n_mar]
[ 3 15 19 12]
np.random.permutation(males)[0:n_mar]
[15 23 13  9]
np.random.permutation(males)[0:n_mar]
[23  9  0 10]
np.random.permutation(males)[0:n_mar]
[13 18 21 17]
np.random.permutation(males)[0:n_mar]
[ 0 20  3 16]
np.random.permutation(males)[0:n_mar]
[11  7  4 20]
np.random.permutation(males)[0:n_mar]
[19  4 13  0]
np.random.permutation(males)[0:n_mar]
[ 1  6  8 22]
np.random.permutation(males)[0:n_mar]
[ 9 12  6 10]
np.random.permutation(males)[0:n_mar]
[ 2 20  8  5]
np.random.permutation(males)[0:n_mar]
[ 5 19 23 12]
np.random.permutation(males)[0:n_mar]
[ 5 12 16  1]
np.random.permutation(males)[0:n_mar]
[22 16  6 13]
np.random.permutation(males)[0:n_mar]
[9 1 5 4]
np.random.permutation(males)[0:n_mar]
[ 2 16 17  6]
np.random.permutation(males)[0:n_mar]
[ 2  6 19 14]
np.random.permutation(males)[0:n_mar]
[ 4 11 17  3]
np.random.permutation(males)[0:n_mar]
[18  4  5 11]
np.random.permutation(males)[0:n_mar]
[17  3  5 10]
np.random.permutation(males)[0:n_mar]
[ 7 20 21  9]
np.random.permutation(males)[0:n_mar]
[ 4 16 10  5]
np.random.permutation(males)[0:n_mar]
[23  0 12 15]
np.random.permutation(males)[0:n_mar]
[22 13 19 18]
np.random.permutation(males)[0:n_mar]
[ 4 13  6  2]
np.random.permutation(males)[0:n_mar]
[19  3 20  4]
np.random.permutation(males)[0:n_mar]
[ 5  3  0 11]
np.random.permutation(males)[0:n_mar]
[20  5 16 23]
np.random.permutation(males)[0:n_mar]
[21  8 14 19]
np.random.permutation(males)[0:n_mar]
[ 8  7 17 20]
np.random.permutation(males)[0:n_mar]
[ 1  9 18 11]
np.random.permutation(males)[0:n_mar]
[ 4  1 20  0]
np.random.permutation(males)[0:n_mar]
[23 22  0 12]
np.random.permutation(males)[0:n_mar]
[14 17  8 13]
np.random.permutation(males)[0:n_mar]
[ 6  8  9 15]
np.random.permutation(males)[0:n_mar]
[15  6  4  2]
np.random.permutation(males)[0:n_mar]
[ 7  9 14  0]
np.random.permutation(males)[0:n_mar]
[ 7  8  1 20]
np.random.permutation(males)[0:n_mar]
[12  7  2  0]
np.random.permutation(males)[0:n_mar]
[14 17 18  6]
np.random.permutation(males)[0:n_mar]
[0 3 4 6]
np.random.permutation(males)[0:n_mar]
[ 9  5 16 10]
np.random.permutation(males)[0:n_mar]
[11 21  9  6]
np.random.permutation(males)[0:n_mar]
[12  3  4 15]
np.random.permutation(males)[0:n_mar]
[15  3  5  1]
np.random.permutation(males)[0:n_mar]
[10  6  9  1]
np.random.permutation(males)[0:n_mar]
[14  0 10 17]
np.random.permutation(males)[0:n_mar]
[ 9 19 18 13]
np.random.permutation(males)[0:n_mar]
[12  6  2 10]
np.random.permutation(males)[0:n_mar]
[2 5 3 8]
np.random.permutation(males)[0:n_mar]
[20 10 17 21]
np.random.permutation(males)[0:n_mar]
[16  7 22 10]
np.random.permutation(males)[0:n_mar]
[17 15 16 21]
np.random.permutation(males)[0:n_mar]
[ 1 12 13 14]
np.random.permutation(males)[0:n_mar]
[ 2  4  8 19]
np.random.permutation(males)[0:n_mar]
[ 6 22 11  8]
np.random.permutation(males)[0:n_mar]
[18  5 15 13]
np.random.permutation(males)[0:n_mar]
[19  6  0 11]
np.random.permutation(males)[0:n_mar]
[23  7  8 16]
np.random.permutation(males)[0:n_mar]
[10 19 20 22]
np.random.permutation(males)[0:n_mar]
[17  1 10 14]
np.random.permutation(males)[0:n_mar]
[ 1 22 13  6]
np.random.permutation(males)[0:n_mar]
[ 0  5 17 14]
np.random.permutation(males)[0:n_mar]
[ 3 17 10 21]
np.random.permutation(males)[0:n_mar]
[23 21  5 22]
np.random.permutation(males)[0:n_mar]
[14  9 19  8]
np.random.permutation(males)[0:n_mar]
[16 21  0 19]
np.random.permutation(males)[0:n_mar]
[17  1 10 13]
np.random.permutation(males)[0:n_mar]
[ 1 12  2  8]
np.random.permutation(males)[0:n_mar]
[ 6 18 23 14]
np.random.permutation(males)[0:n_mar]
[ 1 18 23  2]
np.random.permutation(males)[0:n_mar]
[ 4 14 16  0]
np.random.permutation(males)[0:n_mar]
[ 2 21 17  3]
np.random.permutation(males)[0:n_mar]
[14  2  5 22]
np.random.permutation(males)[0:n_mar]
[ 1 22  5 16]
np.random.permutation(males)[0:n_mar]
[16  3  5  0]
np.random.permutation(males)[0:n_mar]
[11 12 20 15]
np.random.permutation(males)[0:n_mar]
[ 5 15  0 20]
np.random.permutation(males)[0:n_mar]
[ 4  8 10 19]
np.random.permutation(males)[0:n_mar]
[ 1 11 19 16]
np.random.permutation(males)[0:n_mar]
[ 4  9  6 14]
np.random.permutation(males)[0:n_mar]
[20  8  4  5]
np.random.permutation(males)[0:n_mar]
[18  6 10  5]
np.random.permutation(males)[0:n_mar]
[ 6 15 12 17]
np.random.permutation(males)[0:n_mar]
[15  3  5 10]
np.random.permutation(males)[0:n_mar]
[19  9 15  5]
np.random.permutation(males)[0:n_mar]
[16  9  0 22]
np.random.permutation(males)[0:n_mar]
[15 17 14 22]
np.random.permutation(males)[0:n_mar]
[23 16  8  0]
np.random.permutation(males)[0:n_mar]
[19 10  3 17]
np.random.permutation(males)[0:n_mar]
[19 11  3  5]
np.random.permutation(males)[0:n_mar]
[ 9  0 21 19]
np.random.permutation(males)[0:n_mar]
[14  7 21  5]
np.random.permutation(males)[0:n_mar]
[12  6 13  1]
np.random.permutation(males)[0:n_mar]
[21 11  4  2]
np.random.permutation(males)[0:n_mar]
[4 7 0 5]
np.random.permutation(males)[0:n_mar]
[20 14 22 13]
np.random.permutation(males)[0:n_mar]
[21  1  0 14]
np.random.permutation(males)[0:n_mar]
[ 6 21  1  7]
np.random.permutation(males)[0:n_mar]
[ 9 13 20 16]
np.random.permutation(males)[0:n_mar]
[ 2 12 16  8]
np.random.permutation(males)[0:n_mar]
[ 8 13  9  5]
np.random.permutation(males)[0:n_mar]
[ 7 22 14 16]
np.random.permutation(males)[0:n_mar]
[19 18 12 10]
np.random.permutation(males)[0:n_mar]
[ 1 18  8 16]
np.random.permutation(males)[0:n_mar]
[10  7  9  0]
np.random.permutation(males)[0:n_mar]
[ 3  1 11 12]
np.random.permutation(males)[0:n_mar]
[21 13 12 11]
np.random.permutation(males)[0:n_mar]
[20 21 12 19]
np.random.permutation(males)[0:n_mar]
[ 5 15 14 13]
np.random.permutation(males)[0:n_mar]
[ 7 13 14 18]
np.random.permutation(males)[0:n_mar]
[20 15  9 19]
np.random.permutation(males)[0:n_mar]
[ 4 21 18 13]
np.random.permutation(males)[0:n_mar]
[17 14 21 19]
np.random.permutation(males)[0:n_mar]
[19 12  8 13]
np.random.permutation(males)[0:n_mar]
[ 2 12  9 14]
np.random.permutation(males)[0:n_mar]
[23  7 11 20]
np.random.permutation(males)[0:n_mar]
[ 4 18 22  1]
np.random.permutation(males)[0:n_mar]
[19  7 11  5]
np.random.permutation(males)[0:n_mar]
[10 22  2 23]
np.random.permutation(males)[0:n_mar]
[ 7  2 16 11]
np.random.permutation(males)[0:n_mar]
[18 23  4  6]
np.random.permutation(males)[0:n_mar]
[22 11 10  2]
np.random.permutation(males)[0:n_mar]
[ 5 15 13 16]
np.random.permutation(males)[0:n_mar]
[ 3 22 20  6]
np.random.permutation(males)[0:n_mar]
[ 0  5 11 18]
np.random.permutation(males)[0:n_mar]
[23  7 21 14]
np.random.permutation(males)[0:n_mar]
[13 17  1 18]
np.random.permutation(males)[0:n_mar]
[13 23 11  1]
np.random.permutation(males)[0:n_mar]
[ 3 19 22  8]
np.random.permutation(males)[0:n_mar]
[ 9  3 19 10]
np.random.permutation(males)[0:n_mar]
[ 9 12 22  5]
np.random.permutation(males)[0:n_mar]
[ 3 20  8  2]
np.random.permutation(males)[0:n_mar]
[14  7 11 16]
np.random.permutation(males)[0:n_mar]
[ 7  0  9 12]
np.random.permutation(males)[0:n_mar]
[ 9 11  7  8]
np.random.permutation(males)[0:n_mar]
[17 19 21 20]
np.random.permutation(males)[0:n_mar]
[ 8  6 22 23]
np.random.permutation(males)[0:n_mar]
[14 18 16 19]
np.random.permutation(males)[0:n_mar]
[ 6 20  5 14]
np.random.permutation(males)[0:n_mar]
[17 23  8 20]
np.random.permutation(males)[0:n_mar]
[14  9 17 19]
np.random.permutation(males)[0:n_mar]
[ 8 23 11 16]
np.random.permutation(males)[0:n_mar]
[ 9 19  1 12]
np.random.permutation(males)[0:n_mar]
[ 9 12 14  1]
np.random.permutation(males)[0:n_mar]
[ 2 20 10  3]
np.random.permutation(males)[0:n_mar]
[19 17 14 10]
np.random.permutation(males)[0:n_mar]
[16 21  9  5]
np.random.permutation(males)[0:n_mar]
[17  5 21 13]
np.random.permutation(males)[0:n_mar]
[15 13 11 18]
np.random.permutation(males)[0:n_mar]
[18  3  6  4]
np.random.permutation(males)[0:n_mar]
[22 12  7 19]
np.random.permutation(males)[0:n_mar]
[ 4 14  5 15]
np.random.permutation(males)[0:n_mar]
[ 1  4 22 19]
np.random.permutation(males)[0:n_mar]
[16 14 17 11]
np.random.permutation(males)[0:n_mar]
[ 2  9 14 23]
np.random.permutation(males)[0:n_mar]
[ 3  6 23  1]
np.random.permutation(males)[0:n_mar]
[16 12 17  9]
np.random.permutation(males)[0:n_mar]
[19 16 22 14]
np.random.permutation(males)[0:n_mar]
[ 0 17 19  6]
np.random.permutation(males)[0:n_mar]
[ 2 20 21 18]
np.random.permutation(males)[0:n_mar]
[ 5 18 11  6]
np.random.permutation(males)[0:n_mar]
[20  3 13 12]
np.random.permutation(males)[0:n_mar]
[15 21 22 23]
np.random.permutation(males)[0:n_mar]
[21  9  2  7]
np.random.permutation(males)[0:n_mar]
[ 5 15 23  6]
np.random.permutation(males)[0:n_mar]
[16  9 21 20]
np.random.permutation(males)[0:n_mar]
[ 3 19 14  8]
np.random.permutation(males)[0:n_mar]
[23 15  7 20]
np.random.permutation(males)[0:n_mar]
[20 16 21 17]
np.random.permutation(males)[0:n_mar]
[19 15  0 16]
np.random.permutation(males)[0:n_mar]
[22  6 14  7]
np.random.permutation(males)[0:n_mar]
[12  5 20 13]
np.random.permutation(males)[0:n_mar]
[ 8 10 18  4]
np.random.permutation(males)[0:n_mar]
[12 22  6 11]
np.random.permutation(males)[0:n_mar]
[ 6 13 16  8]
np.random.permutation(males)[0:n_mar]
[13 11  4  2]
np.random.permutation(males)[0:n_mar]
[ 1  6 15  7]
np.random.permutation(males)[0:n_mar]
[16  4  2  5]
np.random.permutation(males)[0:n_mar]
[12  5  3 17]
np.random.permutation(males)[0:n_mar]
[ 4 10  0  6]
np.random.permutation(males)[0:n_mar]
[12 13 10 17]
np.random.permutation(males)[0:n_mar]
[ 5 19 13 22]
np.random.permutation(males)[0:n_mar]
[ 9 22  1 18]
np.random.permutation(males)[0:n_mar]
[ 9 12 19 22]
np.random.permutation(males)[0:n_mar]
[21 10 15 22]
np.random.permutation(males)[0:n_mar]
[23  3 16  5]
np.random.permutation(males)[0:n_mar]
[ 1  3 19  2]
np.random.permutation(males)[0:n_mar]
[13  8  6  5]
np.random.permutation(males)[0:n_mar]
[ 1 13 16 19]
np.random.permutation(males)[0:n_mar]
[22 18 19 10]
np.random.permutation(males)[0:n_mar]
[ 8 13 10 14]
np.random.permutation(males)[0:n_mar]
[ 8 22  0  7]
np.random.permutation(males)[0:n_mar]
[ 4  3 10  1]
np.random.permutation(males)[0:n_mar]
[17  7  9 20]
np.random.permutation(males)[0:n_mar]
[19  6 16 22]
np.random.permutation(males)[0:n_mar]
[ 0  1 12  6]
np.random.permutation(males)[0:n_mar]
[14 22  9  0]
np.random.permutation(males)[0:n_mar]
[2 5 8 3]
np.random.permutation(males)[0:n_mar]
[17  3  4 12]
np.random.permutation(males)[0:n_mar]
[22 17 18  0]
np.random.permutation(males)[0:n_mar]
[16 23 22  4]
np.random.permutation(males)[0:n_mar]
[19  8  7 14]
np.random.permutation(males)[0:n_mar]
[ 3 22 15  2]
np.random.permutation(males)[0:n_mar]
[ 3 13 18 22]
np.random.permutation(males)[0:n_mar]
[13  9  1 17]
np.random.permutation(males)[0:n_mar]
[21 16 12 23]
np.random.permutation(males)[0:n_mar]
[ 4 22 11  1]
np.random.permutation(males)[0:n_mar]
[ 7 12 11 10]
np.random.permutation(males)[0:n_mar]
[ 0  9 22  4]
np.random.permutation(males)[0:n_mar]
[12 10 15 13]
np.random.permutation(males)[0:n_mar]
[23 13  1  3]
np.random.permutation(males)[0:n_mar]
[17 10 19  0]
np.random.permutation(males)[0:n_mar]
[22  9  5  2]
np.random.permutation(males)[0:n_mar]
[15 18 14  2]
np.random.permutation(males)[0:n_mar]
[21  8  9  6]
np.random.permutation(males)[0:n_mar]
[22 16 11 23]
np.random.permutation(males)[0:n_mar]
[10  5  7  2]
np.random.permutation(males)[0:n_mar]
[ 7 21 20  5]
np.random.permutation(males)[0:n_mar]
[12 23  2 10]
np.random.permutation(males)[0:n_mar]
[ 3 23 20 21]
np.random.permutation(males)[0:n_mar]
[13  7 23  8]
np.random.permutation(males)[0:n_mar]
[ 4 13 15 17]
np.random.permutation(males)[0:n_mar]
[ 3 10 12 17]
np.random.permutation(males)[0:n_mar]
[16 15 22 21]
np.random.permutation(males)[0:n_mar]
[18  0 20 13]
np.random.permutation(males)[0:n_mar]
[ 9 19 23  8]
np.random.permutation(males)[0:n_mar]
[ 5 18 16 21]
np.random.permutation(males)[0:n_mar]
[22 20  8  9]
np.random.permutation(males)[0:n_mar]
[6 9 2 4]
np.random.permutation(males)[0:n_mar]
[17 11  8 23]
np.random.permutation(males)[0:n_mar]
[ 9  0  8 14]
np.random.permutation(males)[0:n_mar]
[13 14 16 23]
np.random.permutation(males)[0:n_mar]
[19 11  7  6]
np.random.permutation(males)[0:n_mar]
[10  9 18  4]
np.random.permutation(males)[0:n_mar]
[19  4  7  3]
np.random.permutation(males)[0:n_mar]
[ 4  2 20 10]
np.random.permutation(males)[0:n_mar]
[11  9 15  5]
np.random.permutation(males)[0:n_mar]
[16 13  2  9]
np.random.permutation(males)[0:n_mar]
[ 4 21  0 14]
np.random.permutation(males)[0:n_mar]
[ 2 11 21  8]
np.random.permutation(males)[0:n_mar]
[2 8 1 7]
np.random.permutation(males)[0:n_mar]
[13 21  9  0]
np.random.permutation(males)[0:n_mar]
[18 13 10  6]
np.random.permutation(males)[0:n_mar]
[18 10 21  6]
np.random.permutation(males)[0:n_mar]
[10  5 19 21]
np.random.permutation(males)[0:n_mar]
[17 10 23  5]
np.random.permutation(males)[0:n_mar]
[18  4  5  7]
np.random.permutation(males)[0:n_mar]
[19  7 11  2]
np.random.permutation(males)[0:n_mar]
[ 2  9 18 19]
np.random.permutation(males)[0:n_mar]
[11  9 12 13]
np.random.permutation(males)[0:n_mar]
[23 11  3 17]
np.random.permutation(males)[0:n_mar]
[ 0  5  8 17]
np.random.permutation(males)[0:n_mar]
[10  7 15 13]
np.random.permutation(males)[0:n_mar]
[ 4  3  8 21]
np.random.permutation(males)[0:n_mar]
[ 9 23  7  2]
np.random.permutation(males)[0:n_mar]
[22 11  6  3]
np.random.permutation(males)[0:n_mar]
[23 11 20  3]
np.random.permutation(males)[0:n_mar]
[18 15  5 14]
np.random.permutation(males)[0:n_mar]
[18 13  1  4]
np.random.permutation(males)[0:n_mar]
[23  0 14  9]
np.random.permutation(males)[0:n_mar]
[ 6 18 13  1]
np.random.permutation(males)[0:n_mar]
[20 11  3 19]
np.random.permutation(males)[0:n_mar]
[19 20  5 17]
np.random.permutation(males)[0:n_mar]
[21  9  6 11]
np.random.permutation(males)[0:n_mar]
[ 6 14  8  9]
np.random.permutation(males)[0:n_mar]
[ 6  2 21 12]
np.random.permutation(males)[0:n_mar]
[ 7  8  6 16]
np.random.permutation(males)[0:n_mar]
[13 11 23  3]
np.random.permutation(males)[0:n_mar]
[ 8 16 23  3]
np.random.permutation(males)[0:n_mar]
[ 8 22 19 15]
np.random.permutation(males)[0:n_mar]
[18 13  4 20]
np.random.permutation(males)[0:n_mar]
[ 0  9  7 12]
np.random.permutation(males)[0:n_mar]
[19  1 14 21]
np.random.permutation(males)[0:n_mar]
[21  7  0  1]
np.random.permutation(males)[0:n_mar]
[21 12  6  2]
np.random.permutation(males)[0:n_mar]
[21  0 13  2]
np.random.permutation(males)[0:n_mar]
[18  3  9 17]
np.random.permutation(males)[0:n_mar]
[13  1  6 10]
np.random.permutation(males)[0:n_mar]
[15 16 21 20]
np.random.permutation(males)[0:n_mar]
[ 9  4  1 13]
np.random.permutation(males)[0:n_mar]
[19 15  5  2]
np.random.permutation(males)[0:n_mar]
[18 12 23 16]
np.random.permutation(males)[0:n_mar]
[0 6 9 3]
np.random.permutation(males)[0:n_mar]
[22 21  3 10]
np.random.permutation(males)[0:n_mar]
[10  0  3  9]
np.random.permutation(males)[0:n_mar]
[ 3 10 14 11]
np.random.permutation(males)[0:n_mar]
[21  5 13 23]
np.random.permutation(males)[0:n_mar]
[ 1  4  3 16]
np.random.permutation(males)[0:n_mar]
[0 6 5 2]
np.random.permutation(males)[0:n_mar]
[ 9 16  4 22]
np.random.permutation(males)[0:n_mar]
[15 19  6  5]
np.random.permutation(males)[0:n_mar]
[22 15  8 14]
np.random.permutation(males)[0:n_mar]
[17 23 10 15]
np.random.permutation(males)[0:n_mar]
[22 15 19 13]
np.random.permutation(males)[0:n_mar]
[18  9 16 14]
np.random.permutation(males)[0:n_mar]
[ 0  5 16 12]
np.random.permutation(males)[0:n_mar]
[ 3 23 10 12]
np.random.permutation(males)[0:n_mar]
[16 11 13 19]
np.random.permutation(males)[0:n_mar]
[22  6 17 13]
np.random.permutation(males)[0:n_mar]
[16  2  5 22]
np.random.permutation(males)[0:n_mar]
[ 4 11  9 15]
np.random.permutation(males)[0:n_mar]
[ 2 18  8  4]
np.random.permutation(males)[0:n_mar]
[ 5 13  8 17]
np.random.permutation(males)[0:n_mar]
[16  8 15 19]
np.random.permutation(males)[0:n_mar]
[12  5 18 14]
np.random.permutation(males)[0:n_mar]
[14  5 15 16]
np.random.permutation(males)[0:n_mar]
[ 3  6 20 23]
np.random.permutation(males)[0:n_mar]
[ 6 23  8 14]
np.random.permutation(males)[0:n_mar]
[ 2 14 16  8]
np.random.permutation(males)[0:n_mar]
[18 14 20 11]
np.random.permutation(males)[0:n_mar]
[17 10  4  1]
np.random.permutation(males)[0:n_mar]
[21  8  9 11]
np.random.permutation(males)[0:n_mar]
[ 9 19 18  7]
np.random.permutation(males)[0:n_mar]
[16 21 15 14]
np.random.permutation(males)[0:n_mar]
[23 22 10 15]
np.random.permutation(males)[0:n_mar]
[22  9 18 21]
np.random.permutation(males)[0:n_mar]
[ 3 16  4 12]
np.random.permutation(males)[0:n_mar]
[ 0 13  1 20]
np.random.permutation(males)[0:n_mar]
[ 1 20  8 23]
np.random.permutation(males)[0:n_mar]
[11 10 18 21]
np.random.permutation(males)[0:n_mar]
[11  8 19 13]
np.random.permutation(males)[0:n_mar]
[23 22  4  8]
np.random.permutation(males)[0:n_mar]
[ 6 17  7  4]
np.random.permutation(males)[0:n_mar]
[19 21  2  3]
np.random.permutation(males)[0:n_mar]
[ 7  2  0 11]
np.random.permutation(males)[0:n_mar]
[ 0 23  2  6]
np.random.permutation(males)[0:n_mar]
[11 12  6 23]
np.random.permutation(males)[0:n_mar]
[ 9 12 11 17]
np.random.permutation(males)[0:n_mar]
[21  4  3 19]
np.random.permutation(males)[0:n_mar]
[ 5 14  2 22]
np.random.permutation(males)[0:n_mar]
[16  9 19 15]
np.random.permutation(males)[0:n_mar]
[16  6  7 15]
np.random.permutation(males)[0:n_mar]
[13 18  4  8]
np.random.permutation(males)[0:n_mar]
[10 21 15 19]
np.random.permutation(males)[0:n_mar]
[13  2 20 21]
np.random.permutation(males)[0:n_mar]
[18  1  7  0]
np.random.permutation(males)[0:n_mar]
[17  8 15 10]
np.random.permutation(males)[0:n_mar]
[ 1  3 15 14]
np.random.permutation(males)[0:n_mar]
[ 7 22  5 15]
np.random.permutation(males)[0:n_mar]
[10 22 14  0]
np.random.permutation(males)[0:n_mar]
[16  6 22 19]
np.random.permutation(males)[0:n_mar]
[18 10 12 13]
np.random.permutation(males)[0:n_mar]
[ 5 23 20 18]
np.random.permutation(males)[0:n_mar]
[ 8 12  1 17]
np.random.permutation(males)[0:n_mar]
[16 13 11 14]
np.random.permutation(males)[0:n_mar]
[19 16  7  8]
np.random.permutation(males)[0:n_mar]
[23 14 19  3]
np.random.permutation(males)[0:n_mar]
[ 2 18 16 12]
np.random.permutation(males)[0:n_mar]
[14  4 12  7]
np.random.permutation(males)[0:n_mar]
[ 6 19 12  0]
np.random.permutation(males)[0:n_mar]
[ 7  2  1 19]
np.random.permutation(males)[0:n_mar]
[ 4  3 23 19]
np.random.permutation(males)[0:n_mar]
[22 14 12  0]
np.random.permutation(males)[0:n_mar]
[ 1 20  0  8]
np.random.permutation(males)[0:n_mar]
[ 8 20  9  1]
np.random.permutation(males)[0:n_mar]
[14 23  9 19]
np.random.permutation(males)[0:n_mar]
[ 6 23 10  3]
np.random.permutation(males)[0:n_mar]
[20  3 15 22]
np.random.permutation(males)[0:n_mar]
[19 14 22  8]
np.random.permutation(males)[0:n_mar]
[16  4  6  9]
np.random.permutation(males)[0:n_mar]
[ 6 13 19 23]
np.random.permutation(males)[0:n_mar]
[10 15 19  1]
np.random.permutation(males)[0:n_mar]
[ 9  7 18 14]
np.random.permutation(males)[0:n_mar]
[10  4  9 23]
np.random.permutation(males)[0:n_mar]
[20  2  9 12]
np.random.permutation(males)[0:n_mar]
[ 4 12 16  0]
np.random.permutation(males)[0:n_mar]
[ 3 19 13  2]
np.random.permutation(males)[0:n_mar]
[20  0 23 11]
np.random.permutation(males)[0:n_mar]
[23  0 16  6]
np.random.permutation(males)[0:n_mar]
[ 0 18 15  1]
np.random.permutation(males)[0:n_mar]
[15  8  3 22]
np.random.permutation(males)[0:n_mar]
[ 0  9 21 16]
np.random.permutation(males)[0:n_mar]
[10 14  6 22]
np.random.permutation(males)[0:n_mar]
[19 12 18  6]
np.random.permutation(males)[0:n_mar]
[19  4 16 22]
np.random.permutation(males)[0:n_mar]
[ 1  9 17 18]
np.random.permutation(males)[0:n_mar]
[21 16  8 10]
np.random.permutation(males)[0:n_mar]
[16 19  3  6]
np.random.permutation(males)[0:n_mar]
[10  5  7  0]
np.random.permutation(males)[0:n_mar]
[11  8 20  4]
np.random.permutation(males)[0:n_mar]
[17  0 20 18]
np.random.permutation(males)[0:n_mar]
[ 9  3  7 16]
np.random.permutation(males)[0:n_mar]
[23 18 12 21]
np.random.permutation(males)[0:n_mar]
[ 9 16  8  2]
np.random.permutation(males)[0:n_mar]
[11 19  1 21]
np.random.permutation(males)[0:n_mar]
[22  9  4 14]
np.random.permutation(males)[0:n_mar]
[16 23  4 14]
np.random.permutation(males)[0:n_mar]
[16 22 19  3]
np.random.permutation(males)[0:n_mar]
[ 0 10  5 18]
np.random.permutation(males)[0:n_mar]
[22 13  5 12]
np.random.permutation(males)[0:n_mar]
[ 5 23  2  1]
np.random.permutation(males)[0:n_mar]
[12 20  1  2]
np.random.permutation(males)[0:n_mar]
[18 14  0 15]
np.random.permutation(males)[0:n_mar]
[ 0 11 14 17]
np.random.permutation(males)[0:n_mar]
[16 12  8  0]
np.random.permutation(males)[0:n_mar]
[18 16 13  4]
np.random.permutation(males)[0:n_mar]
[ 7  3 23 20]
np.random.permutation(males)[0:n_mar]
[ 6 16  0  7]
np.random.permutation(males)[0:n_mar]
[ 2  8 22 12]
np.random.permutation(males)[0:n_mar]
[14  1  2 18]
np.random.permutation(males)[0:n_mar]
[14 20  9 23]
np.random.permutation(males)[0:n_mar]
[17 23  0 16]
np.random.permutation(males)[0:n_mar]
[ 2 17  3  0]
np.random.permutation(males)[0:n_mar]
[ 9  1 19  4]
np.random.permutation(males)[0:n_mar]
[18 13  0 12]
np.random.permutation(males)[0:n_mar]
[ 6 10  7 14]
np.random.permutation(males)[0:n_mar]
[18 19 16  0]
np.random.permutation(males)[0:n_mar]
[18  1 10 12]
np.random.permutation(males)[0:n_mar]
[ 5 13 12 15]
np.random.permutation(males)[0:n_mar]
[14  7 18 12]
np.random.permutation(males)[0:n_mar]
[23 19 15 17]
np.random.permutation(males)[0:n_mar]
[11 14 20  8]
np.random.permutation(males)[0:n_mar]
[22  8  9  4]
np.random.permutation(males)[0:n_mar]
[ 6  2 23 13]
np.random.permutation(males)[0:n_mar]
[14  4  7  2]
np.random.permutation(males)[0:n_mar]
[23  9 18  7]
np.random.permutation(males)[0:n_mar]
[ 8 11  5 15]
np.random.permutation(males)[0:n_mar]
[ 4 11  0 15]
np.random.permutation(males)[0:n_mar]
[ 5 19 17 23]
np.random.permutation(males)[0:n_mar]
[12  7 10 19]
np.random.permutation(males)[0:n_mar]
[15  2  4 17]
np.random.permutation(males)[0:n_mar]
[20  5  0  7]
np.random.permutation(males)[0:n_mar]
[23 21  1 13]
np.random.permutation(males)[0:n_mar]
[23  0  6  7]
np.random.permutation(males)[0:n_mar]
[22 12 10  1]
np.random.permutation(males)[0:n_mar]
[ 8  3 10  2]
np.random.permutation(males)[0:n_mar]
[17 15 11 23]
np.random.permutation(males)[0:n_mar]
[ 8 20 14  0]
np.random.permutation(males)[0:n_mar]
[16 19 15 10]
np.random.permutation(males)[0:n_mar]
[ 1  9 17  8]
np.random.permutation(males)[0:n_mar]
[ 7 10  2 22]
np.random.permutation(males)[0:n_mar]
[ 9  3 20  7]
np.random.permutation(males)[0:n_mar]
[13  9  7 20]
np.random.permutation(males)[0:n_mar]
[14  1 18  3]
np.random.permutation(males)[0:n_mar]
[17 13  1 18]
np.random.permutation(males)[0:n_mar]
[14 23  4 10]
np.random.permutation(males)[0:n_mar]
[19 22  1 16]
