np.random.permutation(males)[0:n_mar]
[ 3 10 22 18  4 14  9 13 17]
np.random.permutation(males)[0:n_mar]
[12  8  1  3  0 18 23  6 17]
np.random.permutation(males)[0:n_mar]
[ 6 21  4  2 19  3 17 15 13]
np.random.permutation(males)[0:n_mar]
[16  6  9 17 23  1  2 15  0]
np.random.permutation(males)[0:n_mar]
[ 1  2 23 19 22  0 20  3 12]
np.random.permutation(males)[0:n_mar]
[ 2 14 20  9 21 16  3  5 19]
np.random.permutation(males)[0:n_mar]
[19  5  1 15 23  2  3  8  7]
np.random.permutation(males)[0:n_mar]
[13 10 23 19  8 20 21 12 18]
np.random.permutation(males)[0:n_mar]
[17 18 16 14  0 13  4  7 21]
np.random.permutation(males)[0:n_mar]
[23  2  8  3 18  0 20  5 17]
np.random.permutation(males)[0:n_mar]
[22  1 20 18  6 10  7 15  9]
np.random.permutation(males)[0:n_mar]
[19  0 22 17  1 10 12  8 23]
np.random.permutation(males)[0:n_mar]
[ 6 19  8 14  2  1 15  7  3]
np.random.permutation(males)[0:n_mar]
[11 15 21  7  8 19  5  4  1]
np.random.permutation(males)[0:n_mar]
[10  2 15 19  0  1 22 11  6]
np.random.permutation(males)[0:n_mar]
[15 16 10 23  4 21  1 14  0]
np.random.permutation(males)[0:n_mar]
[22 16  1 21 11  8  2 15  9]
np.random.permutation(males)[0:n_mar]
[18 16 15 17 13  9 11 23 12]
np.random.permutation(males)[0:n_mar]
[19  1 15 13 14  7 16  8  3]
np.random.permutation(males)[0:n_mar]
[ 3  9 23  1  2 20 12 17  5]
np.random.permutation(males)[0:n_mar]
[16 20  9  3 14  6 12 15 23]
np.random.permutation(males)[0:n_mar]
[ 7  1 23  9  8 15  6 19  5]
np.random.permutation(males)[0:n_mar]
[ 9 23 21 14  3 15  4 18 19]
np.random.permutation(males)[0:n_mar]
[23 18 12  0 19 20 17  1 21]
np.random.permutation(males)[0:n_mar]
[10 13 23  4  9  0  7 12 20]
np.random.permutation(males)[0:n_mar]
[14  0 21  5  9 12 10 23 17]
np.random.permutation(males)[0:n_mar]
[19  8  6 11 21  5 18  7  0]
np.random.permutation(males)[0:n_mar]
[ 0  1  4 21 19 23 17 10 12]
np.random.permutation(males)[0:n_mar]
[20 19 22 12  4 18 14 17  8]
np.random.permutation(males)[0:n_mar]
[13 22  7  4  9 20  8 14 21]
np.random.permutation(males)[0:n_mar]
[ 3 10 23  6 22 11  4 19  9]
np.random.permutation(males)[0:n_mar]
[13  0  5 23 22 18 17 20 16]
np.random.permutation(males)[0:n_mar]
[ 6  4  1  2 17  7  8 23 19]
np.random.permutation(males)[0:n_mar]
[ 6  0  8  5 21  2 23 20  9]
np.random.permutation(males)[0:n_mar]
[19 23  3 17 11 22 16  4 21]
np.random.permutation(males)[0:n_mar]
[22 12  9 10  4  6  5 21 18]
np.random.permutation(males)[0:n_mar]
[ 9 14  0  7 22 18 12  3 23]
np.random.permutation(males)[0:n_mar]
[ 3  9 12 18  6 23 21  8 16]
np.random.permutation(males)[0:n_mar]
[19  7 11 21  6 17 20  4 14]
np.random.permutation(males)[0:n_mar]
[ 0 14 23  2  8  3 22 12 11]
np.random.permutation(males)[0:n_mar]
[ 8 15 23  4 13 20  1  2  3]
np.random.permutation(males)[0:n_mar]
[16  5  8 17 21  9 12  4 19]
np.random.permutation(males)[0:n_mar]
[17  4  5 20  8  2 19 22 16]
np.random.permutation(males)[0:n_mar]
[14  1  8 16  4 21  5  9  6]
np.random.permutation(males)[0:n_mar]
[ 7  2 17 10 21 14  6  3 11]
np.random.permutation(males)[0:n_mar]
[ 8 16  9 10 23 19  6 20 12]
np.random.permutation(males)[0:n_mar]
[ 7  6  5  4 21 14 18 22 17]
np.random.permutation(males)[0:n_mar]
[22 20 23 15 11 18 19  1  9]
np.random.permutation(males)[0:n_mar]
[ 8  3  7 21  9 18 12  0  2]
np.random.permutation(males)[0:n_mar]
[ 3 15 11 13 23 19 20 10  9]
np.random.permutation(males)[0:n_mar]
[15  2 14 21 22  3 16  4 19]
np.random.permutation(males)[0:n_mar]
[18  7 15  9 14 22 19  8  0]
np.random.permutation(males)[0:n_mar]
[16 13 21  5  2  4 11  7  6]
np.random.permutation(males)[0:n_mar]
[ 4  0 23  9  8 18  6 12 14]
np.random.permutation(males)[0:n_mar]
[17 14 19  2 10 18  9 23 20]
np.random.permutation(males)[0:n_mar]
[13 14  8  4 17 21  0 18 15]
np.random.permutation(males)[0:n_mar]
[23 13 20 18  1  7  2  6  4]
np.random.permutation(males)[0:n_mar]
[16  6 21 10 11  0  5  3 12]
np.random.permutation(males)[0:n_mar]
[ 9 17  8 23  5 22 10  1 12]
np.random.permutation(males)[0:n_mar]
[ 8 23  2  9 17  4 10 14 16]
np.random.permutation(males)[0:n_mar]
[11 13  0  2  3 22 12 17  4]
np.random.permutation(males)[0:n_mar]
[10 17 11  8 18  6 20 23  7]
np.random.permutation(males)[0:n_mar]
[ 4  8 19  0 20  5 12  2  7]
np.random.permutation(males)[0:n_mar]
[12 22  5 18 17  6  0 14 20]
np.random.permutation(males)[0:n_mar]
[ 2 17 16 13  6 14 15 20 19]
np.random.permutation(males)[0:n_mar]
[ 0  4 21  6 14 11 16  1 13]
np.random.permutation(males)[0:n_mar]
[ 1  8  7  3  2 13  4 18 15]
np.random.permutation(males)[0:n_mar]
[12 23 22 14  5 16 17  7 13]
np.random.permutation(males)[0:n_mar]
[ 1  8  3 21 15 12 19  0  4]
np.random.permutation(males)[0:n_mar]
[19 11 14  5 18 20 16  3 12]
np.random.permutation(males)[0:n_mar]
[ 7 14 20  0  9  3 15 21 16]
np.random.permutation(males)[0:n_mar]
[16  7 19 21 18 11  5 10  6]
np.random.permutation(males)[0:n_mar]
[ 1  5  8 18 19  6  2 11 23]
np.random.permutation(males)[0:n_mar]
[20  2  0 11  4 16 14  3 21]
np.random.permutation(males)[0:n_mar]
[14  2  8  4 11 20 13 12  9]
np.random.permutation(males)[0:n_mar]
[23 11 17  9  1 14 22  6 18]
np.random.permutation(males)[0:n_mar]
[18 16 12  4 10 14  6  2  5]
np.random.permutation(males)[0:n_mar]
[ 2 16 15 14 19  3 22  6 18]
np.random.permutation(males)[0:n_mar]
[19  3  6 12  8  9  2  7 21]
np.random.permutation(males)[0:n_mar]
[21  5 12 11 23  8 13  4 22]
np.random.permutation(males)[0:n_mar]
[14 20 11 10  8 19  9  3  6]
np.random.permutation(males)[0:n_mar]
[13  6  8 20 12 15 23 18  4]
np.random.permutation(males)[0:n_mar]
[ 5 19 14 13 10  9 18  6  7]
np.random.permutation(males)[0:n_mar]
[ 1 19 21 23  5 12 17  9 13]
np.random.permutation(males)[0:n_mar]
[ 6 14 21 18 19  4 10  2 16]
np.random.permutation(males)[0:n_mar]
[20 10 14  2  5 12  1 15 11]
np.random.permutation(males)[0:n_mar]
[11 14 20 16 22 15 23  5  6]
np.random.permutation(males)[0:n_mar]
[12  6 21 11 19  8  7 16  3]
np.random.permutation(males)[0:n_mar]
[ 5 17 11 15 12  8 22 23  1]
np.random.permutation(males)[0:n_mar]
[23 22 10  3  4  7 16 17 14]
np.random.permutation(males)[0:n_mar]
[14 23 11  8  2 10 22 21 13]
np.random.permutation(males)[0:n_mar]
[ 8 18  4  7 14 16 13  2  3]
np.random.permutation(males)[0:n_mar]
[ 3 16  1 13 17 23 22  0 11]
np.random.permutation(males)[0:n_mar]
[15 10 11 18  2 12  1 20 19]
np.random.permutation(males)[0:n_mar]
[17  0 22  5 10  8 11 13 12]
np.random.permutation(males)[0:n_mar]
[ 4 10 11  1 16 21  7 20  2]
np.random.permutation(males)[0:n_mar]
[14 12  9 23  1 16  5 10 13]
np.random.permutation(males)[0:n_mar]
[23  1 18 21  4  7 12 19 14]
np.random.permutation(males)[0:n_mar]
[23  1 17  2 10  9 12 15 22]
np.random.permutation(males)[0:n_mar]
[22 15 11  9 16  5 10 21  7]
np.random.permutation(males)[0:n_mar]
[ 7  1 12 20 23  0 11 15  6]
np.random.permutation(males)[0:n_mar]
[ 9  8 18 22  1 12 11 20 21]
np.random.permutation(males)[0:n_mar]
[22 16 19 12 20 21  8 15  1]
np.random.permutation(males)[0:n_mar]
[23 19  7 14  5 13 12  2  0]
np.random.permutation(males)[0:n_mar]
[13  2 16 22  1 10  0  3 17]
np.random.permutation(males)[0:n_mar]
[ 5  8 12 20 15 23  4  0 11]
np.random.permutation(males)[0:n_mar]
[ 4 21 11  3 18 14  9 12  6]
np.random.permutation(males)[0:n_mar]
[21 23 15 19 14 12 13  4  3]
np.random.permutation(males)[0:n_mar]
[ 4 18 20 19 22  6 14  8  0]
np.random.permutation(males)[0:n_mar]
[14  2 21 15  4 12  8  9  0]
np.random.permutation(males)[0:n_mar]
[ 0 19 20  1 16 17 13 21 22]
np.random.permutation(males)[0:n_mar]
[ 5 10 19 16  6 17 21 18  9]
np.random.permutation(males)[0:n_mar]
[22  0  5 14  8  4 19 12 16]
np.random.permutation(males)[0:n_mar]
[13  4 11 12 10  6 22 23 14]
np.random.permutation(males)[0:n_mar]
[ 7 20  3  9 22  0  6  8 17]
np.random.permutation(males)[0:n_mar]
[ 2 23 15  9  1 16 10 11  7]
np.random.permutation(males)[0:n_mar]
[11  1  8  0 16  2  5 14  3]
np.random.permutation(males)[0:n_mar]
[23 20  8 17 21 22  1 14 10]
np.random.permutation(males)[0:n_mar]
[14  2  9 21 15  1  6  5 20]
np.random.permutation(males)[0:n_mar]
[22  6  5  4  1 18 12  7 23]
np.random.permutation(males)[0:n_mar]
[20 10  3 21 15  7 16 23  6]
np.random.permutation(males)[0:n_mar]
[21 20  5 23  0 22 14  3  8]
np.random.permutation(males)[0:n_mar]
[ 0 17 21  2  4  1 14 19  5]
np.random.permutation(males)[0:n_mar]
[23  3  0 20  9  2 22  4 16]
np.random.permutation(males)[0:n_mar]
[15 18 17  3 23 13  4 10  9]
np.random.permutation(males)[0:n_mar]
[ 2 21 20 23 16  3 15 17  5]
np.random.permutation(males)[0:n_mar]
[16 17 12  9 21  8  3  2 19]
np.random.permutation(males)[0:n_mar]
[ 8 10 19  5 15  7 13 21 23]
np.random.permutation(males)[0:n_mar]
[14  4  2  7 23 12 16  9 19]
np.random.permutation(males)[0:n_mar]
[ 8 16 22 17 23 18  5 15 14]
np.random.permutation(males)[0:n_mar]
[22 14  8 20  1  5 19  3 12]
np.random.permutation(males)[0:n_mar]
[ 6  1  8  4  2 13 21  3 22]
np.random.permutation(males)[0:n_mar]
[ 2 11 23  4  5 22  7 21  6]
np.random.permutation(males)[0:n_mar]
[ 0  8  3  6 19 20 12  5  2]
np.random.permutation(males)[0:n_mar]
[18  6  4 21  0  9 20  2 19]
np.random.permutation(males)[0:n_mar]
[18 23 10 22  1  7 16  3  0]
np.random.permutation(males)[0:n_mar]
[21 15  6 16 19  7  0  1 10]
np.random.permutation(males)[0:n_mar]
[ 6  3 15  0 21 12 20 17 13]
np.random.permutation(males)[0:n_mar]
[ 3  4 13 21 15 20 11  8 10]
np.random.permutation(males)[0:n_mar]
[22 19  4  0  1 14 13 10 20]
np.random.permutation(males)[0:n_mar]
[20  7  3 18  4 17 19  0  2]
np.random.permutation(males)[0:n_mar]
[12 16  9  0 17  1 15  2 19]
np.random.permutation(males)[0:n_mar]
[ 3 11 10  6 14  1 12  5  0]
np.random.permutation(males)[0:n_mar]
[ 8 18  9 21 20  6 17  4 19]
np.random.permutation(males)[0:n_mar]
[16  6  1  5 10  8 21 11  0]
np.random.permutation(males)[0:n_mar]
[21  2 15 19  6  3  0 20 18]
np.random.permutation(males)[0:n_mar]
[13 22 19  6 11  8 12  4 10]
np.random.permutation(males)[0:n_mar]
[15 17 16 22 12 21  6  0  4]
np.random.permutation(males)[0:n_mar]
[12 21  6 17  0 18 13 19 16]
np.random.permutation(males)[0:n_mar]
[23  0 21 13  9 17 12  1 15]
np.random.permutation(males)[0:n_mar]
[19 20 10  2 18 14 15  3 22]
np.random.permutation(males)[0:n_mar]
[21 17 12 14 22 18  0  5  6]
np.random.permutation(males)[0:n_mar]
[ 9 16 22  8  1 17  2 11 19]
np.random.permutation(males)[0:n_mar]
[ 9 16  2  5 23 20 21 19 15]
np.random.permutation(males)[0:n_mar]
[17 23 14 11 15 21 10  9 19]
np.random.permutation(males)[0:n_mar]
[20  8 21  4 17 16  5  2  9]
np.random.permutation(males)[0:n_mar]
[14  4 12  7 22 23 18  8 16]
np.random.permutation(males)[0:n_mar]
[19 15  4  0 17  5 13  7 21]
np.random.permutation(males)[0:n_mar]
[ 7 20  9  1 21 14 19 23  3]
np.random.permutation(males)[0:n_mar]
[18  8 23  1  0 13 21 12  4]
np.random.permutation(males)[0:n_mar]
[15  9 12 10 17 21 11  0 22]
np.random.permutation(males)[0:n_mar]
[19 15 10 20 14  8  0  4  1]
np.random.permutation(males)[0:n_mar]
[ 5 10  2 16  4  6 11  3 19]
np.random.permutation(males)[0:n_mar]
[ 8 15  7  2 11 21 23  4  3]
np.random.permutation(males)[0:n_mar]
[10 12  8 22 17 20  6 11  3]
np.random.permutation(males)[0:n_mar]
[15 21 18  9 23 11  1  3  7]
np.random.permutation(males)[0:n_mar]
[ 5  8 16 19  9 13 18  7 17]
np.random.permutation(males)[0:n_mar]
[18 17 19 21  5 11 16  9  8]
np.random.permutation(males)[0:n_mar]
[ 8 10 23  9 22  0 12  7  4]
np.random.permutation(males)[0:n_mar]
[19 13 18  4  3 23  0  5 21]
np.random.permutation(males)[0:n_mar]
[ 0  7 21 13 20  2 12  9 16]
np.random.permutation(males)[0:n_mar]
[13 15 18 12  0  3 22  8  4]
np.random.permutation(males)[0:n_mar]
[ 2  4 21  8 17  0  3 14 11]
np.random.permutation(males)[0:n_mar]
[12 23 21  1 10  6  8  4  9]
np.random.permutation(males)[0:n_mar]
[ 2 13  8 23 19 10 12 22  4]
np.random.permutation(males)[0:n_mar]
[ 1  5  4 20 17 13  2  7 15]
np.random.permutation(males)[0:n_mar]
[16 15 19 18 21  1 20 13  8]
np.random.permutation(males)[0:n_mar]
[20  4 19 21 15  0  3  5  9]
np.random.permutation(males)[0:n_mar]
[ 3  8 16  1 10 12  2 21  6]
np.random.permutation(males)[0:n_mar]
[21 19 20  0  5  2  1  4 12]
np.random.permutation(males)[0:n_mar]
[ 7 15  3  6 16 18 21 22  4]
np.random.permutation(males)[0:n_mar]
[12 21  3 18 14 23 15 20  7]
np.random.permutation(males)[0:n_mar]
[ 4 15 23  7 18  3 17  2  8]
np.random.permutation(males)[0:n_mar]
[17 15 22 19 16 18 13  5  6]
np.random.permutation(males)[0:n_mar]
[12  5  1 19  8  4 16  6 20]
np.random.permutation(males)[0:n_mar]
[19  5  9  2 11 14 15 18 17]
np.random.permutation(males)[0:n_mar]
[11 21 17  9 18  0 12 20  5]
np.random.permutation(males)[0:n_mar]
[ 1  9 23 12 18  0 13  5 10]
np.random.permutation(males)[0:n_mar]
[ 8 11 13 15  6 20  2 19  3]
np.random.permutation(males)[0:n_mar]
[17 16 10 12 14 20  0  6  4]
np.random.permutation(males)[0:n_mar]
[11 13 18 21 16  4 14  6 23]
np.random.permutation(males)[0:n_mar]
[11  4 16 14 12  7  3 19 21]
np.random.permutation(males)[0:n_mar]
[22 21 12 23 11  4  7  6  5]
np.random.permutation(males)[0:n_mar]
[ 2 14  8  6  7 17  5 23 16]
np.random.permutation(males)[0:n_mar]
[17  0 14 21 12 19 16  3 20]
np.random.permutation(males)[0:n_mar]
[20  8 12  4 23 14 21  1 22]
np.random.permutation(males)[0:n_mar]
[ 2 17  8 11 16 19  9 14  3]
np.random.permutation(males)[0:n_mar]
[18 16  1  9  7  8 20 23 17]
np.random.permutation(males)[0:n_mar]
[ 3  9 15 18  0 14 23  7 22]
np.random.permutation(males)[0:n_mar]
[12  2  3 14  1  5  0 17  6]
np.random.permutation(males)[0:n_mar]
[19 16  7  0  8  6  4  2  3]
np.random.permutation(males)[0:n_mar]
[22 10 14  9  4  7  8 18 20]
np.random.permutation(males)[0:n_mar]
[17 22  8 10 12  0 14 19 23]
np.random.permutation(males)[0:n_mar]
[15 11 23 22 18  0  5 17 19]
np.random.permutation(males)[0:n_mar]
[18 13 22 15 10 19  4  1 17]
np.random.permutation(males)[0:n_mar]
[ 7 17 19 21 23  6  8 15 10]
np.random.permutation(males)[0:n_mar]
[ 0 17 18 22  5 21 20 13 12]
np.random.permutation(males)[0:n_mar]
[14  2 21 23  4 12 13 16 10]
np.random.permutation(males)[0:n_mar]
[23 14 18 17  4 16  9  5  0]
np.random.permutation(males)[0:n_mar]
[ 7  0 22 18  6 11 15 12 17]
np.random.permutation(males)[0:n_mar]
[17  7  8  3 21 12 18  0  4]
np.random.permutation(males)[0:n_mar]
[ 4 20 21 11  5  3 16  0 12]
np.random.permutation(males)[0:n_mar]
[16 18 15 22 12 11  6 14  3]
np.random.permutation(males)[0:n_mar]
[14 18  5 11  1  3 22  6  2]
np.random.permutation(males)[0:n_mar]
[ 7 21  6  9 23 11 19  2  5]
np.random.permutation(males)[0:n_mar]
[ 5  7  4  2 14 17  9 18 10]
np.random.permutation(males)[0:n_mar]
[11 18  6 15 14  3 16 21  1]
np.random.permutation(males)[0:n_mar]
[23 12 21 22 10  4  6  9  3]
np.random.permutation(males)[0:n_mar]
[ 2  3 14  5 23  4 10  0 13]
np.random.permutation(males)[0:n_mar]
[23 18 11 19 20  6  4 17 13]
np.random.permutation(males)[0:n_mar]
[19 16  7 20 13 11  5  3 12]
np.random.permutation(males)[0:n_mar]
[15 18 19 22 13  4 16  9 12]
np.random.permutation(males)[0:n_mar]
[ 8 17 11  1  7 10  5 19  2]
np.random.permutation(males)[0:n_mar]
[23 19 16  4 10 11 14 21  9]
np.random.permutation(males)[0:n_mar]
[13  5 11  8 23  9  2 22 19]
np.random.permutation(males)[0:n_mar]
[ 5  7 17 15  6  0 14 16  8]
np.random.permutation(males)[0:n_mar]
[ 4  0 11 12  7  5  2 14  9]
np.random.permutation(males)[0:n_mar]
[ 3 19  5  7 18 23  6  0 10]
np.random.permutation(males)[0:n_mar]
[10 21  8 23 17 18 14 16  7]
np.random.permutation(males)[0:n_mar]
[23  2  8 20  4 15  1 22 12]
np.random.permutation(males)[0:n_mar]
[16 12  1 19 14  0 17 10 15]
np.random.permutation(males)[0:n_mar]
[13 14 10  4 22 18  9  1 16]
np.random.permutation(males)[0:n_mar]
[ 7 22  9  3 16  8 19  2 10]
np.random.permutation(males)[0:n_mar]
[ 3 17 12 23 22  2  9  8  6]
np.random.permutation(males)[0:n_mar]
[14  2 12 10  6  4  7  0  9]
np.random.permutation(males)[0:n_mar]
[22 23 19 13  5 10 11 21 18]
np.random.permutation(males)[0:n_mar]
[ 4 10 15 20 12 14 16  7  1]
np.random.permutation(males)[0:n_mar]
[18  4 23  1 20  8 12  2  3]
np.random.permutation(males)[0:n_mar]
[17  7 21 22  4  2 15  6 14]
np.random.permutation(males)[0:n_mar]
[11  2  6  8  1 22  3 17  9]
np.random.permutation(males)[0:n_mar]
[10 11 12 20  4  7 17 13  1]
np.random.permutation(males)[0:n_mar]
[15  0 14  2  8  4 12  7  9]
np.random.permutation(males)[0:n_mar]
[ 9 10 16  5 23 15  1 19 14]
np.random.permutation(males)[0:n_mar]
[20 12 14  3 23 17  7 21  1]
np.random.permutation(males)[0:n_mar]
[19 14 18  0 10 15 20 23 12]
np.random.permutation(males)[0:n_mar]
[17  5 12 23 11  4 18  2 15]
np.random.permutation(males)[0:n_mar]
[ 1 20  5 21  3  9 14 18  8]
np.random.permutation(males)[0:n_mar]
[ 0 22 17  5 19  2 16 14  1]
np.random.permutation(males)[0:n_mar]
[11 13  1 21 23  2  3 18  4]
np.random.permutation(males)[0:n_mar]
[ 3  5 13 10 22  0 19 23 12]
np.random.permutation(males)[0:n_mar]
[ 7  6  5  1 20 13 22  3  8]
np.random.permutation(males)[0:n_mar]
[ 1 12  3 18 10 17 13 23  8]
np.random.permutation(males)[0:n_mar]
[16 14 20  3 21  7  1 10 22]
np.random.permutation(males)[0:n_mar]
[10  2 11 13  3  9 22 21  4]
np.random.permutation(males)[0:n_mar]
[ 8  1 10  9 20 19  2 13 18]
np.random.permutation(males)[0:n_mar]
[11 16 22  6  2 12 23  8  9]
np.random.permutation(males)[0:n_mar]
[ 1  5 16 21  0  3 19 11  6]
np.random.permutation(males)[0:n_mar]
[17 19  2  5 13 23  6 18  7]
np.random.permutation(males)[0:n_mar]
[ 2 20  7 19 14 16  8  5 22]
np.random.permutation(males)[0:n_mar]
[ 6 15 10  4  7 21  0 20  9]
np.random.permutation(males)[0:n_mar]
[12 23 21  7 18  9 20 14  1]
np.random.permutation(males)[0:n_mar]
[11 22  7  4 10  1 15 16  3]
np.random.permutation(males)[0:n_mar]
[ 7  1 20 14  2 16 15 12 19]
np.random.permutation(males)[0:n_mar]
[ 9  2 20 10 15  1 16 17  7]
np.random.permutation(males)[0:n_mar]
[15 19  7 14 18 17 20  4  2]
np.random.permutation(males)[0:n_mar]
[ 6  2  4  5 15 13 18 14 21]
np.random.permutation(males)[0:n_mar]
[10 19 15  6 20  2 22 17 16]
np.random.permutation(males)[0:n_mar]
[10 19 20 18  1  5  7 15 22]
np.random.permutation(males)[0:n_mar]
[ 5 22  7  3  1  0 10 20 18]
np.random.permutation(males)[0:n_mar]
[13 21 23 22  0  9 10 18  6]
np.random.permutation(males)[0:n_mar]
[ 5 14 21 15  9 10  6  8  3]
np.random.permutation(males)[0:n_mar]
[ 8 13 22 12 21  0 14 23  4]
np.random.permutation(males)[0:n_mar]
[23  5 20 17  3 19 13  4  1]
np.random.permutation(males)[0:n_mar]
[21 12  6  7 10 15  3  9 22]
np.random.permutation(males)[0:n_mar]
[13  8 12  6 23 18  9  7  2]
np.random.permutation(males)[0:n_mar]
[ 1 11 14  2  9 23  4 10  8]
np.random.permutation(males)[0:n_mar]
[12 10  3  6 20 17 19 16  5]
np.random.permutation(males)[0:n_mar]
[ 2 12  8  1  6 11 18 21  9]
np.random.permutation(males)[0:n_mar]
[23  7  4 13 20 18  8 17 21]
np.random.permutation(males)[0:n_mar]
[11 10  0  3 20  7 17 22  8]
np.random.permutation(males)[0:n_mar]
[13  0 21 19 23  9 18 12 11]
np.random.permutation(males)[0:n_mar]
[23 17 13 22 10 12  9 21  5]
np.random.permutation(males)[0:n_mar]
[ 4 13 11 10 16 18  7 23  9]
np.random.permutation(males)[0:n_mar]
[15 21 18 19 10  1 20  6  0]
np.random.permutation(males)[0:n_mar]
[20  1  3 11 15 17 12  0 16]
np.random.permutation(males)[0:n_mar]
[16 20 14  8 18 10 17 23  5]
np.random.permutation(males)[0:n_mar]
[ 4  1  0  8  6 20 10  7 13]
np.random.permutation(males)[0:n_mar]
[ 9 14 17  1 13 22 18 11  6]
np.random.permutation(males)[0:n_mar]
[23 15 20  6 13 12 22 17  8]
np.random.permutation(males)[0:n_mar]
[ 8 16 10  2 12  3  5  1  7]
np.random.permutation(males)[0:n_mar]
[ 2  1 17  5 12 13  6  8 21]
np.random.permutation(males)[0:n_mar]
[22 13 17  4 15 16  2 20  6]
np.random.permutation(males)[0:n_mar]
[16 13 18  1  3  6  4  2 19]
np.random.permutation(males)[0:n_mar]
[20 16 10 19 23  5 11 17  4]
np.random.permutation(males)[0:n_mar]
[ 1 18  6  5 19  8 11 22 10]
np.random.permutation(males)[0:n_mar]
[ 3  4  0 23 11  8 15 19 18]
np.random.permutation(males)[0:n_mar]
[ 6 19  2 14 12 17 21  5 23]
np.random.permutation(males)[0:n_mar]
[18  7  5 11 21 19  0  6 16]
np.random.permutation(males)[0:n_mar]
[ 0  7 18 22  6 12  2  4  9]
np.random.permutation(males)[0:n_mar]
[16  1 15 12  6 18 10 21  7]
np.random.permutation(males)[0:n_mar]
[11 20 10 19 13  9 15 17 14]
np.random.permutation(males)[0:n_mar]
[10 20 22  2  8 11  7  3  0]
np.random.permutation(males)[0:n_mar]
[22  9 18 17  7 10  2 12 19]
np.random.permutation(males)[0:n_mar]
[ 6  8 19  5  2 15  1 12  3]
np.random.permutation(males)[0:n_mar]
[ 2 12 15 22  1 16 18  4 23]
np.random.permutation(males)[0:n_mar]
[22 11 23 15 12 19  6  9 16]
np.random.permutation(males)[0:n_mar]
[16  9 21  0  1 15 19 12  2]
np.random.permutation(males)[0:n_mar]
[ 8 23 22  6  0  1 15 11  2]
np.random.permutation(males)[0:n_mar]
[12 21  1  0 19 23 14 11 17]
np.random.permutation(males)[0:n_mar]
[ 8 14 13 20 18 10  5  7 12]
np.random.permutation(males)[0:n_mar]
[ 6  8  1 15 21  0 10 20 14]
np.random.permutation(males)[0:n_mar]
[ 4  5 11 12  7  9 22 13 19]
np.random.permutation(males)[0:n_mar]
[ 8  0 11 10 20  1 16 19 12]
np.random.permutation(males)[0:n_mar]
[23 15 18 11 21  0  3  8 10]
np.random.permutation(males)[0:n_mar]
[10 21 13  8  0  6  4  3  2]
np.random.permutation(males)[0:n_mar]
[12 16 14 23 19 10 18  3 11]
np.random.permutation(males)[0:n_mar]
[14 23 17 21 18 12  8 15  0]
np.random.permutation(males)[0:n_mar]
[17 23 18  4  9 15  3 16 12]
np.random.permutation(males)[0:n_mar]
[12 20 17 13 16 18 21  3  9]
np.random.permutation(males)[0:n_mar]
[21  3 19 23 16  7 15 14 12]
np.random.permutation(males)[0:n_mar]
[ 4  5 20 10 18 23  0 16 15]
np.random.permutation(males)[0:n_mar]
[ 3 13 23 14 10 11  1 18 15]
np.random.permutation(males)[0:n_mar]
[ 3  6 19 12 20  0  2 16 10]
np.random.permutation(males)[0:n_mar]
[22 10 19  6 14 15  9 21  5]
np.random.permutation(males)[0:n_mar]
[ 5 19 23  3 18 12  4 11  9]
np.random.permutation(males)[0:n_mar]
[16 17 10  1  7 21 14 11 13]
np.random.permutation(males)[0:n_mar]
[ 2  7  8  4  3 14  1 21 20]
np.random.permutation(males)[0:n_mar]
[17  6 23  4  9  7 21 19  1]
np.random.permutation(males)[0:n_mar]
[14 19  8 16 20  4  7 23 10]
np.random.permutation(males)[0:n_mar]
[14 11  6 19  3 13 12  2  0]
np.random.permutation(males)[0:n_mar]
[23  4 12  6  3  0  8  1  2]
np.random.permutation(males)[0:n_mar]
[ 0 12 14  4 21  9  8 19  6]
np.random.permutation(males)[0:n_mar]
[19 17 12  0  7  2  6 14 21]
np.random.permutation(males)[0:n_mar]
[ 5 13  1 17 11  7  2 23 18]
np.random.permutation(males)[0:n_mar]
[21 17  7 10  9  1 19  0 14]
np.random.permutation(males)[0:n_mar]
[11 12 10  7  8 16 14  3  9]
np.random.permutation(males)[0:n_mar]
[ 5 12 20  7  4  6 13 17  1]
np.random.permutation(males)[0:n_mar]
[10 16 14 20  7 11 23 12  9]
np.random.permutation(males)[0:n_mar]
[19  6  9 21 14 11 18  5 20]
np.random.permutation(males)[0:n_mar]
[13  3 22 15 20  9 18 17 10]
np.random.permutation(males)[0:n_mar]
[19  0 18 13 14  7 17  3 23]
np.random.permutation(males)[0:n_mar]
[ 8  7 12  3 21 19 16 11 17]
np.random.permutation(males)[0:n_mar]
[14  5 13 20  8  7  1 22  6]
np.random.permutation(males)[0:n_mar]
[19  1  2 13 21 10  8 11  4]
np.random.permutation(males)[0:n_mar]
[22  8 17  9 19 16  7 14  2]
np.random.permutation(males)[0:n_mar]
[ 9  4 12  3  1 23 22  7 17]
np.random.permutation(males)[0:n_mar]
[ 3 11 18  8  4 19  7 16  6]
np.random.permutation(males)[0:n_mar]
[14 10 12  3  4 18 22  8 16]
np.random.permutation(males)[0:n_mar]
[ 5 20  2 10 18 16  1  6  0]
np.random.permutation(males)[0:n_mar]
[ 9 12  2 10 18  5  4 23 15]
np.random.permutation(males)[0:n_mar]
[23 17 19  4  0 12  7 16 18]
np.random.permutation(males)[0:n_mar]
[ 1  6  7  2 15 23 16 10 20]
np.random.permutation(males)[0:n_mar]
[17  7 18 11 16 22 19  3  5]
np.random.permutation(males)[0:n_mar]
[18 14  5 20 13 16 22 19  3]
np.random.permutation(males)[0:n_mar]
[22 17 20  2  7 12  6 16  5]
np.random.permutation(males)[0:n_mar]
[21  7  6  5 19 16  1 14 13]
np.random.permutation(males)[0:n_mar]
[ 7 14 15  0  4  1  2  8 13]
np.random.permutation(males)[0:n_mar]
[21  3 10  2  9 23  6 13 20]
np.random.permutation(males)[0:n_mar]
[ 0 20 22  7 18 10 14  6 21]
np.random.permutation(males)[0:n_mar]
[ 6  2 23  4 22 10 16 14 18]
np.random.permutation(males)[0:n_mar]
[ 8  9  0  1  6  5 18 11 17]
np.random.permutation(males)[0:n_mar]
[18  3  8 11 20  6 14  2 23]
np.random.permutation(males)[0:n_mar]
[ 0 11 10 12 21 13  9 20 19]
np.random.permutation(males)[0:n_mar]
[ 4 11 12  5  9 14 10 15 18]
np.random.permutation(males)[0:n_mar]
[19 17  0  6  2  3 23 15 13]
np.random.permutation(males)[0:n_mar]
[ 8  1  9 13  0  2 11  7  6]
np.random.permutation(males)[0:n_mar]
[22 23  8  2 11 13 12  5 17]
np.random.permutation(males)[0:n_mar]
[17 15  1 22 20  3  9 10 21]
np.random.permutation(males)[0:n_mar]
[20 15 19 13  7  2  8  6 10]
np.random.permutation(males)[0:n_mar]
[12 14  9 17 20 16 22  3  0]
np.random.permutation(males)[0:n_mar]
[ 5  9 10  7 23 20  6  4 19]
np.random.permutation(males)[0:n_mar]
[21  6  5  7 20  0 18 12 15]
np.random.permutation(males)[0:n_mar]
[15 19 11  3 17  6  0 16  8]
np.random.permutation(males)[0:n_mar]
[ 4  1  5  7 15  8 10  6  9]
np.random.permutation(males)[0:n_mar]
[ 6  7  0 22  1 15 23 11  4]
np.random.permutation(males)[0:n_mar]
[ 0  4 21 23 17 12  3  2  6]
np.random.permutation(males)[0:n_mar]
[ 8 22 18 15 21 12 19 14 17]
np.random.permutation(males)[0:n_mar]
[17  9 12 20 14 11  5 22 19]
np.random.permutation(males)[0:n_mar]
[ 0  6  2  7 14 15 12 11 22]
np.random.permutation(males)[0:n_mar]
[13  0  2 17 14  5 18  8 12]
np.random.permutation(males)[0:n_mar]
[23 18 15  8  9 10  5 13  7]
np.random.permutation(males)[0:n_mar]
[17 22 14 11  6 21  9 19  7]
np.random.permutation(males)[0:n_mar]
[12 20 19 15  1 21  2  4 22]
np.random.permutation(males)[0:n_mar]
[17 22  4 18 23 11  7 20 13]
np.random.permutation(males)[0:n_mar]
[17  1 18 16 11  7  3  2  5]
np.random.permutation(males)[0:n_mar]
[ 9  0 15  3 12  7 14 17 10]
np.random.permutation(males)[0:n_mar]
[ 8 10  3 15 21 20 13  0  6]
np.random.permutation(males)[0:n_mar]
[ 4 23 10 13 11  7 19 14  6]
np.random.permutation(males)[0:n_mar]
[17  8  7 13 14  3  5 15 19]
np.random.permutation(males)[0:n_mar]
[21 15  8  0 19  6  7  4 17]
np.random.permutation(males)[0:n_mar]
[ 2  4 22 21  0  5 19 15 23]
np.random.permutation(males)[0:n_mar]
[11 23 10  9  3  1  6 22 21]
np.random.permutation(males)[0:n_mar]
[19  5 11 15 18 10  4  3 17]
np.random.permutation(males)[0:n_mar]
[ 0  4  5 20  7 18 11 15  8]
np.random.permutation(males)[0:n_mar]
[22 13 12 16  6  9 18 19  7]
np.random.permutation(males)[0:n_mar]
[ 2 17 10 11  9  8 22 14  3]
np.random.permutation(males)[0:n_mar]
[23 15  2  6  4 13 20 19 18]
np.random.permutation(males)[0:n_mar]
[18  2 20  5  1 11 23 22 16]
np.random.permutation(males)[0:n_mar]
[ 7  8 20  2 10  0  5 17 21]
np.random.permutation(males)[0:n_mar]
[ 0 21 19 23 18 11  1 13 20]
np.random.permutation(males)[0:n_mar]
[ 7  3  2 12 16  1 15 10  4]
np.random.permutation(males)[0:n_mar]
[19 12  0  7 23  9  8 15 17]
np.random.permutation(males)[0:n_mar]
[ 6  0 20  3 22 11  4 12 15]
np.random.permutation(males)[0:n_mar]
[ 1 14 17  0 23 11 10 16 22]
np.random.permutation(males)[0:n_mar]
[ 1  8  4  3  0 21 12 11 22]
np.random.permutation(males)[0:n_mar]
[17 22  3 10  9 18 15 20  0]
np.random.permutation(males)[0:n_mar]
[17 14  7 19 10  8  1  9 15]
np.random.permutation(males)[0:n_mar]
[16  0 11 17  6 22  9  1 13]
np.random.permutation(males)[0:n_mar]
[ 6 18  3 11 21 23 12  9 15]
np.random.permutation(males)[0:n_mar]
[21  0  9  8 10 22 14 15 17]
np.random.permutation(males)[0:n_mar]
[23 20  6 18 21 10 13  7  5]
np.random.permutation(males)[0:n_mar]
[16 14  0  8 22  9  7  4  6]
np.random.permutation(males)[0:n_mar]
[ 1  4  5  7  6 18 14  2  3]
np.random.permutation(males)[0:n_mar]
[15 17  9 12  7 18  4  2 13]
np.random.permutation(males)[0:n_mar]
[17  6  3  8 18 10  5 21  7]
np.random.permutation(males)[0:n_mar]
[14  5  7  8  1 15 21  9 12]
np.random.permutation(males)[0:n_mar]
[ 1 13 20  3 23  0  9 19  7]
np.random.permutation(males)[0:n_mar]
[20 18  4 15 22 13  7  5 14]
np.random.permutation(males)[0:n_mar]
[19  1 11  5  8 23 22  4 13]
np.random.permutation(males)[0:n_mar]
[21 13  8  2 18 16 14  5 12]
np.random.permutation(males)[0:n_mar]
[14 15  1 17 19 16 13  5  0]
np.random.permutation(males)[0:n_mar]
[16 23  6 18 17 11  7 10  2]
np.random.permutation(males)[0:n_mar]
[22  5 17 13 16 19 23  2 12]
np.random.permutation(males)[0:n_mar]
[ 2 10 22 18 15  9 11  5 21]
np.random.permutation(males)[0:n_mar]
[15 22  7  1 17  6 14  2  4]
np.random.permutation(males)[0:n_mar]
[18  5 12  3  2  1 17 13  7]
np.random.permutation(males)[0:n_mar]
[22  7  9 16 11 17  2  6  8]
np.random.permutation(males)[0:n_mar]
[22 17  8 14  0 18 16  1 13]
np.random.permutation(males)[0:n_mar]
[ 4 21  3 17 10  0  1 15 16]
np.random.permutation(males)[0:n_mar]
[ 2 15  6 18 19 13  1 12  7]
np.random.permutation(males)[0:n_mar]
[11 23  8 14 12  9  7 20  4]
np.random.permutation(males)[0:n_mar]
[21 17 13 11 15  5 22 10  3]
np.random.permutation(males)[0:n_mar]
[21 23 16  6 12 11 18  3 22]
np.random.permutation(males)[0:n_mar]
[19  6  7 21 13  3  9 22  0]
np.random.permutation(males)[0:n_mar]
[17 23  1 15  8  9 12 13  2]
np.random.permutation(males)[0:n_mar]
[22  9  7 12 18 14  6  4 19]
np.random.permutation(males)[0:n_mar]
[ 8 11 18 22  3 12  9  5  6]
np.random.permutation(males)[0:n_mar]
[ 1 19  8  7 10 21  0 15  2]
np.random.permutation(males)[0:n_mar]
[ 1 15 17  3 12 18  2 11  0]
np.random.permutation(males)[0:n_mar]
[11  1  2  5 14 18  8  7 17]
np.random.permutation(males)[0:n_mar]
[ 3  6 10  8 13 21  5  2  9]
np.random.permutation(males)[0:n_mar]
[ 6 22 20  2 15  0 13  9 10]
np.random.permutation(males)[0:n_mar]
[ 1  2  6 16  8 13 12  0 19]
np.random.permutation(males)[0:n_mar]
[ 9 23 19  5 17  3  4  2 18]
np.random.permutation(males)[0:n_mar]
[ 1 13  0 22 16  5 11 18  4]
np.random.permutation(males)[0:n_mar]
[ 4 18 12 15 16 23 20 22 21]
np.random.permutation(males)[0:n_mar]
[ 5 14 13  7 20 11 17  4 22]
np.random.permutation(males)[0:n_mar]
[ 6 13 16  4  9 12 14 18 20]
np.random.permutation(males)[0:n_mar]
[12  7  8 20 15 23 13  0 18]
np.random.permutation(males)[0:n_mar]
[ 9  7 11 23 18 22 19  2  3]
np.random.permutation(males)[0:n_mar]
[ 5  7  3 19  1 16 18 15 22]
np.random.permutation(males)[0:n_mar]
[ 0 22  9 19 15 10 16  7 20]
np.random.permutation(males)[0:n_mar]
[10 13  9  7  3  0 21  4  2]
np.random.permutation(males)[0:n_mar]
[17  5  0 18 10  6 13  8 19]
np.random.permutation(males)[0:n_mar]
[12 21  4  5 23 13 16 19  8]
np.random.permutation(males)[0:n_mar]
[13  7 19  4  5 17 21  1  9]
np.random.permutation(males)[0:n_mar]
[15 19 10 23  2  7  5 14  3]
np.random.permutation(males)[0:n_mar]
[20 19  4 15  6 23 18 14 21]
np.random.permutation(males)[0:n_mar]
[10  3  5 17  8 22  4  0 23]
np.random.permutation(males)[0:n_mar]
[10 16 23 21  2 11  9 13  4]
np.random.permutation(males)[0:n_mar]
[13 11 23  7 17  6 19 21 20]
np.random.permutation(males)[0:n_mar]
[22  5 12  0  4  3  1 14  7]
np.random.permutation(males)[0:n_mar]
[14 15 10  5 13 20  8 12  4]
np.random.permutation(males)[0:n_mar]
[ 4 20  3 11  9 16  7 22 21]
np.random.permutation(males)[0:n_mar]
[11  5  4  2 21 17  6 23 19]
np.random.permutation(males)[0:n_mar]
[ 4 14  9 22 11 13 10  8 19]
np.random.permutation(males)[0:n_mar]
[ 3  2  0 22 21  8 17 20  1]
np.random.permutation(males)[0:n_mar]
[ 4 15 16  9  5 13  3 19 21]
np.random.permutation(males)[0:n_mar]
[ 6 19  7 13 22  8 11 17 15]
np.random.permutation(males)[0:n_mar]
[13  9 20 18  7  6  1 22  5]
np.random.permutation(males)[0:n_mar]
[ 4  5  6 19  2 23 21  0 13]
np.random.permutation(males)[0:n_mar]
[23 14  7  3 19 20  5 12 15]
np.random.permutation(males)[0:n_mar]
[ 8  3 11 18 14 17 22 19  1]
np.random.permutation(males)[0:n_mar]
[19  1 15 13  5  2  0 10 14]
np.random.permutation(males)[0:n_mar]
[21 12  8 22 10 19  2  5  4]
np.random.permutation(males)[0:n_mar]
[14  3  2 12  7 15 21  9 16]
np.random.permutation(males)[0:n_mar]
[17 14 10 22  2 21  4 16 12]
np.random.permutation(males)[0:n_mar]
[14  3 22  4  6 23  7 10  5]
np.random.permutation(males)[0:n_mar]
[22  7 23  1 14  2 19 16  3]
np.random.permutation(males)[0:n_mar]
[13  9 10  2 14 21  1  3  4]
np.random.permutation(males)[0:n_mar]
[14 11 13  6  4 10  0 23  7]
np.random.permutation(males)[0:n_mar]
[18  9 13  1  6 16 17 20  4]
np.random.permutation(males)[0:n_mar]
[ 0 11 18  6 10 16  2 20 13]
np.random.permutation(males)[0:n_mar]
[13  1 16 22 14 11  8  5 19]
np.random.permutation(males)[0:n_mar]
[ 9 11 16  8 18 15 21  5  6]
np.random.permutation(males)[0:n_mar]
[19  4 17  2 22 11 18  0  8]
np.random.permutation(males)[0:n_mar]
[ 8  2 11 16  9 13  5  0 19]
np.random.permutation(males)[0:n_mar]
[16  2  5 20 10 21 22 13 11]
np.random.permutation(males)[0:n_mar]
[21 13 23 17 18  0  1  5  3]
np.random.permutation(males)[0:n_mar]
[22  8  3  7  2 12 11  4 17]
np.random.permutation(males)[0:n_mar]
[21 11 16  7  5 14  2 22  9]
np.random.permutation(males)[0:n_mar]
[ 3 15 16 17 18  7  9 11 20]
np.random.permutation(males)[0:n_mar]
[ 6 15  5 17  7 12  8 21 10]
np.random.permutation(males)[0:n_mar]
[17 22 23  1  7  2 18 15 10]
np.random.permutation(males)[0:n_mar]
[18 23  8  4  9 17  5  2 20]
np.random.permutation(males)[0:n_mar]
[16 20 14  3  6 13 10 12 19]
np.random.permutation(males)[0:n_mar]
[ 0  9  1 13 23 19 17  2  5]
np.random.permutation(males)[0:n_mar]
[13 23 11 22 10  9 19 14  7]
np.random.permutation(males)[0:n_mar]
[23  0 20 12 17 16 14  2 21]
np.random.permutation(males)[0:n_mar]
[14 23  0 20 12  4 19 15 16]
np.random.permutation(males)[0:n_mar]
[14  2 18  3 20  6 17  5 19]
np.random.permutation(males)[0:n_mar]
[ 6  8 12 21  7 11  9  0  4]
np.random.permutation(males)[0:n_mar]
[22 12  9  0  2  3 21  7 13]
np.random.permutation(males)[0:n_mar]
[ 0 18  3 20 11 16  2 13  8]
np.random.permutation(males)[0:n_mar]
[13 21  8  4 17 22  2  1 16]
np.random.permutation(males)[0:n_mar]
[ 9  4  8  6 13 23 14  5  1]
np.random.permutation(males)[0:n_mar]
[20  0  7  3 13  8 11  2 22]
np.random.permutation(males)[0:n_mar]
[ 0 18 12 20 15  2 22 13 21]
np.random.permutation(males)[0:n_mar]
[ 8 14  7  2 23  3 10  9  1]
np.random.permutation(males)[0:n_mar]
[ 0  2 15 20 13  6  7  9 10]
np.random.permutation(males)[0:n_mar]
[ 2 14 20  8 13  4  6  5  0]
np.random.permutation(males)[0:n_mar]
[18 22 20 16  9 10 15 17 11]
np.random.permutation(males)[0:n_mar]
[13 15  1 23 20  7  4  8 16]
np.random.permutation(males)[0:n_mar]
[ 4 18  0 12 16  1 10 19 23]
np.random.permutation(males)[0:n_mar]
[10  6  7 12 17 15  4 14 16]
np.random.permutation(males)[0:n_mar]
[15  5  9  7  4  0 17  8 10]
np.random.permutation(males)[0:n_mar]
[16  0  4 22  9  5 11 18 15]
np.random.permutation(males)[0:n_mar]
[11  4 13 22 15 16  6  5 18]
np.random.permutation(males)[0:n_mar]
[23  7 20 19  4 18 12  9 15]
np.random.permutation(males)[0:n_mar]
[ 5 16 17  9  7  2  0 23  1]
np.random.permutation(males)[0:n_mar]
[ 9 20  6  3 12 21  2 16 14]
np.random.permutation(males)[0:n_mar]
[13 11  5  6 16 14  2 22 20]
np.random.permutation(males)[0:n_mar]
[ 4 13  7  2 15 10 12 17  3]
np.random.permutation(males)[0:n_mar]
[23  3  2 22  8  0 20 14 21]
np.random.permutation(males)[0:n_mar]
[ 8  4 22 13 18 11 12 23 19]
np.random.permutation(males)[0:n_mar]
[15  9  4 20  1 17 13 16 23]
np.random.permutation(males)[0:n_mar]
[11  1 15 17 10 20  0  2 18]
np.random.permutation(males)[0:n_mar]
[ 6  1 12  4  5  0 14 23  9]
np.random.permutation(males)[0:n_mar]
[19  5 11  6  8 23 18 20 17]
np.random.permutation(males)[0:n_mar]
[ 8  6  2 11  9 16 21  1  0]
np.random.permutation(males)[0:n_mar]
[16 11 20 17 22 12  3  6  0]
np.random.permutation(males)[0:n_mar]
[ 0  7 22 17 13 21  5 19 15]
np.random.permutation(males)[0:n_mar]
[16  5 10  2  4  0 21  6 12]
np.random.permutation(males)[0:n_mar]
[12  4 10  7 22  6  5  3  0]
np.random.permutation(males)[0:n_mar]
[ 1 18 10 23  0 13 17 19  7]
np.random.permutation(males)[0:n_mar]
[18 15 17 22 10 12 19 14  9]
np.random.permutation(males)[0:n_mar]
[21  4  2 13  6 16 17  7  5]
np.random.permutation(males)[0:n_mar]
[ 7 22  8 13 21  3  5  0 10]
np.random.permutation(males)[0:n_mar]
[ 8 14 11 19  4 17  3 16 15]
np.random.permutation(males)[0:n_mar]
[ 0 14  1 22  4 16  7 23  9]
np.random.permutation(males)[0:n_mar]
[ 5 12 18  3  1 22  7 23  8]
np.random.permutation(males)[0:n_mar]
[21  3  8 13 20 17 14  6  7]
np.random.permutation(males)[0:n_mar]
[20  5  8 12  0  7 21  9 10]
np.random.permutation(males)[0:n_mar]
[ 7 11 23 18 12  5 13  8 15]
np.random.permutation(males)[0:n_mar]
[ 7  2 15 18 13 16 11 14 22]
np.random.permutation(males)[0:n_mar]
[19  2  7  1 16 11 21 12  5]
np.random.permutation(males)[0:n_mar]
[14 18 22 12 20 17  3  5  7]
np.random.permutation(males)[0:n_mar]
[18 10  7  5  1 13 15  6 12]
np.random.permutation(males)[0:n_mar]
[ 4 10 23 12 20  6  9  1  2]
np.random.permutation(males)[0:n_mar]
[ 6 18 22 20  5 15 16 11  4]
np.random.permutation(males)[0:n_mar]
[ 1  0 15  2 11 23  5 21  4]
np.random.permutation(males)[0:n_mar]
[23 17 14  4  8  6 20 22 19]
np.random.permutation(males)[0:n_mar]
[20 15 13  4  6 21 22  8 19]
np.random.permutation(males)[0:n_mar]
[11  2 18 13 23  4 12  5  6]
np.random.permutation(males)[0:n_mar]
[10 11 16  5 13  9 15 17 14]
np.random.permutation(males)[0:n_mar]
[ 9  8 22 15 12 13  3 10  0]
np.random.permutation(males)[0:n_mar]
[18  5 16 11 12 20  2  0 10]
np.random.permutation(males)[0:n_mar]
[10 11  9  6 22 17  0  2  3]
np.random.permutation(males)[0:n_mar]
[ 9 19  5  0  4 12  2  8 16]
np.random.permutation(males)[0:n_mar]
[15 23 16  9 10  1 21 18  8]
np.random.permutation(males)[0:n_mar]
[ 6  2  0  8 20 10  4 13 12]
np.random.permutation(males)[0:n_mar]
[14 23  9  5  0 22 17  3  1]
np.random.permutation(males)[0:n_mar]
[20 10 14  3  1  2 15 17  9]
np.random.permutation(males)[0:n_mar]
[21 15  5  6  3 23 12 16 11]
np.random.permutation(males)[0:n_mar]
[ 0  1  7 21  8  3 12 15 19]
np.random.permutation(males)[0:n_mar]
[ 9 12 16  5  8 17  0  4 22]
np.random.permutation(males)[0:n_mar]
[ 4 23 19  3 16  1  5 18  2]
np.random.permutation(males)[0:n_mar]
[10  4 19 16 13  1  2 17  7]
np.random.permutation(males)[0:n_mar]
[ 1 14 15  9 10 17 19 22 18]
np.random.permutation(males)[0:n_mar]
[13  0  3 15  2 16  1  4 19]
np.random.permutation(males)[0:n_mar]
[21  9 13 19  4 14 20  7  8]
np.random.permutation(males)[0:n_mar]
[23 12 10  0  3 15 18  4 19]
np.random.permutation(males)[0:n_mar]
[15 10 14 18  7  9  4  5 12]
np.random.permutation(males)[0:n_mar]
[12 19 22 18 17  6 21 20 16]
np.random.permutation(males)[0:n_mar]
[21 23 10  4  1  9  5  0  7]
np.random.permutation(males)[0:n_mar]
[20  9  5 19 10  8 15 11  4]
np.random.permutation(males)[0:n_mar]
[12 22  4  2 15  0 10 20 11]
np.random.permutation(males)[0:n_mar]
[ 3 22 23  8 18 11  7  1 21]
np.random.permutation(males)[0:n_mar]
[ 8 15  0  7 22 18 23 20  5]
np.random.permutation(males)[0:n_mar]
[16  3  5 10  6  9  0 18 15]
np.random.permutation(males)[0:n_mar]
[19 23  8  2 16 17 10  7  3]
np.random.permutation(males)[0:n_mar]
[ 2  7  8 17 12 23 11  0  3]
np.random.permutation(males)[0:n_mar]
[ 6  8 20 22  0  9  3 10 21]
np.random.permutation(males)[0:n_mar]
[ 9 10  0 17 21 16  2  4 18]
np.random.permutation(males)[0:n_mar]
[ 0 23 19 17 11 20  7 16 14]
np.random.permutation(males)[0:n_mar]
[15 14  7 20 16 11  0 13  5]
np.random.permutation(males)[0:n_mar]
[14 13 10  2  7  3 21  1  8]
np.random.permutation(males)[0:n_mar]
[21 14  7  0 20  8  3  4 10]
np.random.permutation(males)[0:n_mar]
[10  7 16  0  4 22 20  8  2]
np.random.permutation(males)[0:n_mar]
[20 17  2 16 12 18  0 10 14]
np.random.permutation(males)[0:n_mar]
[19 23  7 17 22  2 16 14  0]
np.random.permutation(males)[0:n_mar]
[15 11 23 18 13 21 12  0  2]
np.random.permutation(males)[0:n_mar]
[17  2 20  0  5 11  1 10 23]
np.random.permutation(males)[0:n_mar]
[21  1 18  7 10 23  8 16 14]
np.random.permutation(males)[0:n_mar]
[15 13  9  2 18  4  3 20 23]
np.random.permutation(males)[0:n_mar]
[23 21  3 19 13 15 11  2  5]
np.random.permutation(males)[0:n_mar]
[ 1  5 21 10 23  4  3  7  9]
np.random.permutation(males)[0:n_mar]
[14  3 16 23 10 15 13  0 11]
np.random.permutation(males)[0:n_mar]
[22 17 23 21 13  5  7  1  3]
np.random.permutation(males)[0:n_mar]
[23  8 21 22 20  7  3 19  9]
np.random.permutation(males)[0:n_mar]
[ 7  8 11 14 18 21 23 17  2]
np.random.permutation(males)[0:n_mar]
[ 8 20 12 15  3 23  6 16 19]
np.random.permutation(males)[0:n_mar]
[ 4  2 19  7  3 11  0 20 15]
np.random.permutation(males)[0:n_mar]
[10  2  9  7  8 11  0 16 12]
np.random.permutation(males)[0:n_mar]
[15 10  1  5 23  6  9 17 14]
np.random.permutation(males)[0:n_mar]
[10 16 20 13  9  3  0  1 15]
np.random.permutation(males)[0:n_mar]
[19  0 12 11 22 14 23  1 18]
np.random.permutation(males)[0:n_mar]
[14  5  7  3  6  4 17 23 11]
np.random.permutation(males)[0:n_mar]
[13 11  5  6  4  8 21 20 18]
np.random.permutation(males)[0:n_mar]
[18 23  9 13 14 21 16  6  2]
np.random.permutation(males)[0:n_mar]
[16 23 22 17  5 18 21 15 11]
np.random.permutation(males)[0:n_mar]
[13  6 19  8  4 16 12  2  9]
np.random.permutation(males)[0:n_mar]
[15  7 19 23 20  1  8 17  9]
np.random.permutation(males)[0:n_mar]
[ 2 17 14 10 15  5 11  8 12]
np.random.permutation(males)[0:n_mar]
[13  2  1 19 22 10 15  6  7]
np.random.permutation(males)[0:n_mar]
[21 16 12 15  5  9  7  3  2]
np.random.permutation(males)[0:n_mar]
[ 9 10  6  5 17 23 20  7  8]
np.random.permutation(males)[0:n_mar]
[23  2 10 15 22  6 20 11 16]
np.random.permutation(males)[0:n_mar]
[ 0  6  7 21  1 20 12 14 15]
np.random.permutation(males)[0:n_mar]
[14 12  1 19 10  6 23 16  7]
np.random.permutation(males)[0:n_mar]
[ 7 10 14  8 21 19 22  0  5]
np.random.permutation(males)[0:n_mar]
[ 0 16  3 11  7  5  4  9 20]
np.random.permutation(males)[0:n_mar]
[ 9 20 17  3 23  1  6 19 11]
np.random.permutation(males)[0:n_mar]
[23  4  9 13  2 11 20  5 22]
np.random.permutation(males)[0:n_mar]
[18 16 15  7  5 20  2 22 13]
np.random.permutation(males)[0:n_mar]
[20  1 23  2 18 10 12  4  9]
np.random.permutation(males)[0:n_mar]
[ 4  7 14 15 22 19 21  9 12]
np.random.permutation(males)[0:n_mar]
[ 7 10 12 11 23 20 17 21 18]
np.random.permutation(males)[0:n_mar]
[11  7  3  1 15 21  6 22 13]
np.random.permutation(males)[0:n_mar]
[14  4 15 21  0 22 18  7  6]
np.random.permutation(males)[0:n_mar]
[17 11 18  6 14 23  3  8 21]
np.random.permutation(males)[0:n_mar]
[ 1  0  8 15 13  9 22 21 20]
np.random.permutation(males)[0:n_mar]
[21 19 22 14 12 20  6 10  9]
np.random.permutation(males)[0:n_mar]
[ 5 21  3 17 20 13 12 15 11]
np.random.permutation(males)[0:n_mar]
[ 6 12 19  3 15  9 18 14  0]
np.random.permutation(males)[0:n_mar]
[ 8 19  5 18 17 12 22  2  6]
np.random.permutation(males)[0:n_mar]
[11 22  2  8 12 19  9  6  4]
np.random.permutation(males)[0:n_mar]
[18 20  2 19  4  6  1  8 12]
np.random.permutation(males)[0:n_mar]
[14  9  6 23 18  7  2  0 10]
np.random.permutation(males)[0:n_mar]
[20  1 13 21  9 16 17  6  8]
np.random.permutation(males)[0:n_mar]
[19 16 20  1  2  9 22  3  8]
np.random.permutation(males)[0:n_mar]
[15 23 17  1  0 19 16  2  3]
np.random.permutation(males)[0:n_mar]
[ 8 15  2 21  4  7  6  5 22]
np.random.permutation(males)[0:n_mar]
[ 4  8  3 10 15 21  9  7  2]
np.random.permutation(males)[0:n_mar]
[18 19 17 11  7 13  1 10 14]
np.random.permutation(males)[0:n_mar]
[19  7 11 20  9 23  6 22 16]
np.random.permutation(males)[0:n_mar]
[23 13 22 12  4  1  0 16 14]
np.random.permutation(males)[0:n_mar]
[17 13  2 12  6 11  0  4 18]
np.random.permutation(males)[0:n_mar]
[21 12 10 18 15 23  2  4  9]
np.random.permutation(males)[0:n_mar]
[13 19 14 21 20 23  5 11  7]
np.random.permutation(males)[0:n_mar]
[22 19 11 12  9 18 15  1 23]
np.random.permutation(males)[0:n_mar]
[ 1 22  8 18 10 16 17 20  6]
np.random.permutation(males)[0:n_mar]
[ 0 20 18 15 19 16 11  7 12]
np.random.permutation(males)[0:n_mar]
[14 15  8 16 11  3 19 18 12]
np.random.permutation(males)[0:n_mar]
[17  0 15 21  9 20  8  5  2]
np.random.permutation(males)[0:n_mar]
[ 5  7  8 15  9  4 21 17 16]
np.random.permutation(males)[0:n_mar]
[12  5  6 13 14  0 19  3  2]
np.random.permutation(males)[0:n_mar]
[ 2 20 17  0  4  6 15 23 10]
np.random.permutation(males)[0:n_mar]
[17  0 21  9 15  8  4 12 19]
np.random.permutation(males)[0:n_mar]
[ 9  8 18  7 17 22  6 21 12]
np.random.permutation(males)[0:n_mar]
[15 14 16  8 10  2 19 12 22]
np.random.permutation(males)[0:n_mar]
[10  6 11 22  8 12 19 18  3]
np.random.permutation(males)[0:n_mar]
[ 2  3  9 23  4  8 17 13  5]
np.random.permutation(males)[0:n_mar]
[23 10  8  2  0 22  4 12 11]
np.random.permutation(males)[0:n_mar]
[12  0 16  8 14 10 15 22  9]
np.random.permutation(males)[0:n_mar]
[17  7 15 11 18  8 10  5 19]
np.random.permutation(males)[0:n_mar]
[ 8 13 10  4 23 18  7 14  9]
np.random.permutation(males)[0:n_mar]
[ 8 23 22  1  6  0  4  5 18]
np.random.permutation(males)[0:n_mar]
[10  3  1 22 21 19 14 15  8]
np.random.permutation(males)[0:n_mar]
[10  2 18  0  9 12 21  4  6]
np.random.permutation(males)[0:n_mar]
[ 9  7  5 15  8 14 17 19 11]
np.random.permutation(males)[0:n_mar]
[ 5 19 14  8 23 16 18  9 22]
np.random.permutation(males)[0:n_mar]
[15  7 18  0 19  2  3 22 12]
np.random.permutation(males)[0:n_mar]
[14 21 10  5  6 23 12 17  7]
np.random.permutation(males)[0:n_mar]
[ 8 16 21  7 10  9  6 23  3]
np.random.permutation(males)[0:n_mar]
[22  8  7  9 15  3 10 20  4]
np.random.permutation(males)[0:n_mar]
[23 14  6 22 11 13 10  0  4]
np.random.permutation(males)[0:n_mar]
[11  5  3 23  2 22  4  8 17]
np.random.permutation(males)[0:n_mar]
[21 15 23  0 22 14  8  2 10]
np.random.permutation(males)[0:n_mar]
[13  7 14 23  1 16 10 17 20]
np.random.permutation(males)[0:n_mar]
[ 8  2  7  0 21 19  5  3 14]
np.random.permutation(males)[0:n_mar]
[ 5  8 10 20 11  3  4 16 12]
np.random.permutation(males)[0:n_mar]
[23  3 20 16 14  8 15  2  7]
np.random.permutation(males)[0:n_mar]
[14 18 17 16  0  7  4 19 20]
np.random.permutation(males)[0:n_mar]
[19  3  7 14 10  1 12 20  0]
np.random.permutation(males)[0:n_mar]
[ 1 18 20  8  2 23  3  4  9]
np.random.permutation(males)[0:n_mar]
[20 17 11 18 23  2 21  3 16]
np.random.permutation(males)[0:n_mar]
[ 4  9 17 14  5 18  6 13 11]
np.random.permutation(males)[0:n_mar]
[18  2  9 12 15 16  8 19 17]
np.random.permutation(males)[0:n_mar]
[ 3  2  8 23  0 16 14 12  7]
np.random.permutation(males)[0:n_mar]
[12  6  2  1  5 18  4 23  3]
np.random.permutation(males)[0:n_mar]
[ 7 10  9  0 17 23 20 13 11]
np.random.permutation(males)[0:n_mar]
[14 17 15  7  6  9 21 23 16]
np.random.permutation(males)[0:n_mar]
[21 14  9 17 10  7 13  2 20]
np.random.permutation(males)[0:n_mar]
[ 5  8 13  4  2 19 17 22 23]
np.random.permutation(males)[0:n_mar]
[ 6  8 12 17 23  9  4 18 11]
np.random.permutation(males)[0:n_mar]
[16  5  3 21  4 14  7 15  0]
np.random.permutation(males)[0:n_mar]
[ 7  5  6 10  1 18 20 14  2]
np.random.permutation(males)[0:n_mar]
[15 21 18  0 22  3 14  1  5]
np.random.permutation(males)[0:n_mar]
[ 2  8 18 15  9 14 23 11 17]
np.random.permutation(males)[0:n_mar]
[ 3  4  2 11  9  6  1 19 23]
np.random.permutation(males)[0:n_mar]
[12 22  8 23 11  5 20 18 15]
np.random.permutation(males)[0:n_mar]
[11 23 17 14  7 13  5  9  4]
np.random.permutation(males)[0:n_mar]
[ 0 20  4 17 23 22 18 19 11]
np.random.permutation(males)[0:n_mar]
[ 9  0 19  6 17 10 21 12  5]
np.random.permutation(males)[0:n_mar]
[20 23 21  8  1 22 19 16 15]
np.random.permutation(males)[0:n_mar]
[ 3 10  2 23 20  1 16 17  6]
np.random.permutation(males)[0:n_mar]
[ 7 21  9 17 10  5 18  8 13]
np.random.permutation(males)[0:n_mar]
[10 23 17  5 19 15 12  4  8]
np.random.permutation(males)[0:n_mar]
[ 0  2 15  7 12  6 18  8  1]
np.random.permutation(males)[0:n_mar]
[13  1 12 15  8  2 14 19  5]
np.random.permutation(males)[0:n_mar]
[23  5 19 12  9  3  4 10  6]
np.random.permutation(males)[0:n_mar]
[21  2  8 15  5 22 12  0 16]
np.random.permutation(males)[0:n_mar]
[ 9 13 23  6  0  5 18 11 22]
np.random.permutation(males)[0:n_mar]
[ 6 10  9 23 16 11  0 21  5]
np.random.permutation(males)[0:n_mar]
[21 15  7 11 16  0  1  8 23]
np.random.permutation(males)[0:n_mar]
[22  9  6  1 13 17 16  2 14]
np.random.permutation(males)[0:n_mar]
[ 8  3 18  2  7 11  4 17 12]
np.random.permutation(males)[0:n_mar]
[11  0 17 12  6 18  8 21 15]
np.random.permutation(males)[0:n_mar]
[ 2 15 16 18  8  9 11 19 12]
np.random.permutation(males)[0:n_mar]
[13  8 11 18 16 12  5 19 23]
np.random.permutation(males)[0:n_mar]
[ 5  4 10  0 23  8  1  2  7]
np.random.permutation(males)[0:n_mar]
[15  0  7 13 19 14 18 22  5]
np.random.permutation(males)[0:n_mar]
[15 11 19 23  5  6  7 16 22]
np.random.permutation(males)[0:n_mar]
[ 3 11  5 15  9 16 17 23 14]
np.random.permutation(males)[0:n_mar]
[ 7  6  8 14 12 18  3 17 15]
np.random.permutation(males)[0:n_mar]
[12  7  4  0 19  9 15 10 21]
np.random.permutation(males)[0:n_mar]
[ 4 21 23 11  0 16 18  5 22]
np.random.permutation(males)[0:n_mar]
[20  5  4 14  8 12  3 23 18]
np.random.permutation(males)[0:n_mar]
[ 8  9  3  6 21 10  0 14  2]
np.random.permutation(males)[0:n_mar]
[11  5 16 18 19 12  7  2 15]
np.random.permutation(males)[0:n_mar]
[21 10  1 20 12 16 11 19  7]
np.random.permutation(males)[0:n_mar]
[22 14 13  1  8  6  0 10 16]
np.random.permutation(males)[0:n_mar]
[13 19  0 11 12 18 21  6  7]
np.random.permutation(males)[0:n_mar]
[12 18 10 22 20  7  8 19 17]
np.random.permutation(males)[0:n_mar]
[ 5  3 20 23  0 15  7 18  8]
np.random.permutation(males)[0:n_mar]
[16  4 15 21 19 22 20  8 17]
np.random.permutation(males)[0:n_mar]
[15  4 18 11  7 21 12 23  3]
np.random.permutation(males)[0:n_mar]
[19 10  0 14 22 17  8 13  6]
np.random.permutation(males)[0:n_mar]
[ 4 20  5 12 21  7  0 14  2]
np.random.permutation(males)[0:n_mar]
[17  8 19  3 14 15 22 11  5]
np.random.permutation(males)[0:n_mar]
[10 18  4 12  2 17 13 11 23]
np.random.permutation(males)[0:n_mar]
[ 1 19  9 21  7 14  6 17 15]
np.random.permutation(males)[0:n_mar]
[20 13  0 18 21 22 17 19  2]
np.random.permutation(males)[0:n_mar]
[20 19 22 14  6 21 16 12  0]
np.random.permutation(males)[0:n_mar]
[ 5  2  0 20  3 11 23 10  9]
np.random.permutation(males)[0:n_mar]
[11  0 22 12 19  3  4  7  9]
np.random.permutation(males)[0:n_mar]
[ 2  5  3  4 13 19  1 14 17]
np.random.permutation(males)[0:n_mar]
[16  9  6  5 14  7 17  3  2]
np.random.permutation(males)[0:n_mar]
[ 1  8 12 16 19  4  0  9 20]
np.random.permutation(males)[0:n_mar]
[20  1 17  7 12  2 10 15 16]
np.random.permutation(males)[0:n_mar]
[11  0  6 19 16  3 21 18  1]
np.random.permutation(males)[0:n_mar]
[ 1 10  9  8 20 15 11 23 21]
np.random.permutation(males)[0:n_mar]
[23  6 16 20 19  1 11 22 14]
np.random.permutation(males)[0:n_mar]
[ 8 21  7 18  4 19 15 11  2]
np.random.permutation(males)[0:n_mar]
[ 2 12 22 19 21  9  1 11 17]
np.random.permutation(males)[0:n_mar]
[11 22  5 18 15 20  9  0  4]
np.random.permutation(males)[0:n_mar]
[ 4  6 13 21 20 10  8  3 23]
np.random.permutation(males)[0:n_mar]
[13 14  4  9 23  1  7 19  2]
np.random.permutation(males)[0:n_mar]
[22  8  3  1 17 12  7  5  2]
np.random.permutation(males)[0:n_mar]
[ 9 21  3 17 18 23  6  5 10]
np.random.permutation(males)[0:n_mar]
[ 5  8 20 10  3 16 11 23  1]
np.random.permutation(males)[0:n_mar]
[ 3  0 16 20  9 22 10 11 21]
np.random.permutation(males)[0:n_mar]
[23 15  3  0 16  2  7 18 10]
np.random.permutation(males)[0:n_mar]
[11  4 18  9  0 21 23 22  8]
np.random.permutation(males)[0:n_mar]
[12 22 11 23  2 18  8  1 10]
np.random.permutation(males)[0:n_mar]
[18 14 19 23  0  9 17 11 12]
np.random.permutation(males)[0:n_mar]
[17 12  3 15 18 19  4  0 22]
np.random.permutation(males)[0:n_mar]
[22 23  9 13  7  3  2 21 14]
np.random.permutation(males)[0:n_mar]
[18 21  8 15 11 22  7  5 12]
np.random.permutation(males)[0:n_mar]
[ 9 15 17  5 13  0 22  3 12]
np.random.permutation(males)[0:n_mar]
[ 6  0 17  8  2  1  7  5 19]
np.random.permutation(males)[0:n_mar]
[19  7  4 23  8 13 17 16 11]
np.random.permutation(males)[0:n_mar]
[ 8 13 20 19  9  3 23 10 17]
np.random.permutation(males)[0:n_mar]
[ 8  2 17  9 18 11 14  3 13]
np.random.permutation(males)[0:n_mar]
[17 22 20 15 10 13  2 23  9]
np.random.permutation(males)[0:n_mar]
[ 7 13  3 16  1  4 14 21  6]
np.random.permutation(males)[0:n_mar]
[11  6  0 12  3 22  2  8 21]
np.random.permutation(males)[0:n_mar]
[ 6  7 13  3  2 20  5 16  9]
np.random.permutation(males)[0:n_mar]
[ 6  8 18 23 15  4  2 20  0]
np.random.permutation(males)[0:n_mar]
[20 23  3 14 19  1  8 21  2]
np.random.permutation(males)[0:n_mar]
[22 15 10  6 19 18  4  5 14]
np.random.permutation(males)[0:n_mar]
[ 9 21  4 22 10 23  7 15 19]
np.random.permutation(males)[0:n_mar]
[11 23  8  9  1  3 20 13 19]
np.random.permutation(males)[0:n_mar]
[23 22 11 14 20 15 12  5 10]
np.random.permutation(males)[0:n_mar]
[21 23 19  7  4 18  8  9 15]
np.random.permutation(males)[0:n_mar]
[20 23  9  5 17 12 15  0 14]
np.random.permutation(males)[0:n_mar]
[ 4  9  0  6 10  3 22 20 23]
np.random.permutation(males)[0:n_mar]
[21  1 16 20 19 15 10  5 13]
np.random.permutation(males)[0:n_mar]
[22  3 20 15  8  9 12 21  5]
np.random.permutation(males)[0:n_mar]
[ 8  1 14 16 22 13  5 17  6]
np.random.permutation(males)[0:n_mar]
[23 22 20 14  8  2 15 21  5]
np.random.permutation(males)[0:n_mar]
[11 20 21 19  0 15 14 16  3]
np.random.permutation(males)[0:n_mar]
[18  4  6 12 16 10  3  8  1]
np.random.permutation(males)[0:n_mar]
[21  2  9 22 23  8  6 13  3]
np.random.permutation(males)[0:n_mar]
[21  4 11  2 22  0 18 14 23]
np.random.permutation(males)[0:n_mar]
[22 23  7  2 20 15  3  5 10]
np.random.permutation(males)[0:n_mar]
[20  9 21 11 22 12 16  1 14]
np.random.permutation(males)[0:n_mar]
[ 0  6 17  4 10  1  5 18 23]
np.random.permutation(males)[0:n_mar]
[ 0 14  7  8  5  6 19 10 13]
np.random.permutation(males)[0:n_mar]
[20 13  0 14 16  3  9 11 12]
np.random.permutation(males)[0:n_mar]
[23 12 10 13 17  8 15 20 14]
np.random.permutation(males)[0:n_mar]
[ 4 20  0 19 11  3 21 12  6]
np.random.permutation(males)[0:n_mar]
[11 12 16  7 19 20 14 13 21]
np.random.permutation(males)[0:n_mar]
[15 10 21 12 14 17  5  9 22]
np.random.permutation(males)[0:n_mar]
[17 14 13 22  7 19  8  2 15]
np.random.permutation(males)[0:n_mar]
[ 8 11 20 13 15  5  2  3  7]
np.random.permutation(males)[0:n_mar]
[ 6  5  2 20 23  7 14 11  8]
np.random.permutation(males)[0:n_mar]
[14  7 18  5  9  0 16 23 22]
np.random.permutation(males)[0:n_mar]
[15  8  2  9 18  4  6  5 10]
np.random.permutation(males)[0:n_mar]
[ 2 18  3 22 11  9  6  7 12]
np.random.permutation(males)[0:n_mar]
[11 10 13  0 19 16 12 22  4]
np.random.permutation(males)[0:n_mar]
[12 23  0 13 19  7 14 16 10]
np.random.permutation(males)[0:n_mar]
[14  8  0 21 11  3 18 19 12]
np.random.permutation(males)[0:n_mar]
[ 1 17 16 20 11  2 18  6  5]
np.random.permutation(males)[0:n_mar]
[ 5  2 15 12  1  9 20 14 10]
np.random.permutation(males)[0:n_mar]
[ 1 13 14 15  7 18 10  3  2]
np.random.permutation(males)[0:n_mar]
[ 4  5 10 18 19 22 21  9 14]
np.random.permutation(males)[0:n_mar]
[ 1  0 13 12  3 22  5  8  9]
np.random.permutation(males)[0:n_mar]
[17  3 14  4 19 15 11  5  7]
np.random.permutation(males)[0:n_mar]
[11 18  1 22 10  5  9  2 15]
np.random.permutation(males)[0:n_mar]
[ 3 21 14 18 17  5  0 19 12]
np.random.permutation(males)[0:n_mar]
[15  4 17 18  3  6 14 19 11]
np.random.permutation(males)[0:n_mar]
[20  9 22 12  2  8 16 17 11]
np.random.permutation(males)[0:n_mar]
[15 13  6  8  4  5  9  0 16]
np.random.permutation(males)[0:n_mar]
[20 16 19 13 22 17  2  6  4]
np.random.permutation(males)[0:n_mar]
[18 11 21  4  2 20  5 13  0]
np.random.permutation(males)[0:n_mar]
[19  9 20 23  7 11 10  3 14]
np.random.permutation(males)[0:n_mar]
[ 8 14 15  0 20 10 19 17 12]
np.random.permutation(males)[0:n_mar]
[23 20 15  1 17  2 12 21  8]
np.random.permutation(males)[0:n_mar]
[ 0  7  6 13 21 12 19 22 11]
np.random.permutation(males)[0:n_mar]
[ 0 16 18 17 12  6  1  5 23]
np.random.permutation(males)[0:n_mar]
[10 23  9 21 19 22 16 11 13]
np.random.permutation(males)[0:n_mar]
[14  8 20 23 22 11  1 10 21]
np.random.permutation(males)[0:n_mar]
[ 5 15 10 13 12 22 19  7  1]
np.random.permutation(males)[0:n_mar]
[ 7 18  1 12  4 17 11  0  5]
np.random.permutation(males)[0:n_mar]
[ 4  5 12  9  6  8 17 18  3]
np.random.permutation(males)[0:n_mar]
[20 17 11 19  6  0 15  1 13]
np.random.permutation(males)[0:n_mar]
[ 3 22 21 16  5  9 14 13 17]
np.random.permutation(males)[0:n_mar]
[17 19  9  1 20 11  7 16 22]
np.random.permutation(males)[0:n_mar]
[15  3 19  8  6 23 22  2  5]
np.random.permutation(males)[0:n_mar]
[ 1  6 18 13  5 19  2  9 23]
np.random.permutation(males)[0:n_mar]
[17 16  2 18  7 14  9 15  3]
np.random.permutation(males)[0:n_mar]
[20  2  3  7 13  4  8 19  5]
np.random.permutation(males)[0:n_mar]
[15  6 22 19 23  0  7 18  1]
np.random.permutation(males)[0:n_mar]
[ 6  2  9  5 17  4 11  7 23]
np.random.permutation(males)[0:n_mar]
[13  5  8 12  4  7 11 23 15]
np.random.permutation(males)[0:n_mar]
[ 0 16 13  7  3  8 11  4  1]
np.random.permutation(males)[0:n_mar]
[10  8  3  7 23 15 16 13 12]
np.random.permutation(males)[0:n_mar]
[16  9 15  5  6 21  4 19 20]
np.random.permutation(males)[0:n_mar]
[16 23 12 21 10  2 15 13  8]
np.random.permutation(males)[0:n_mar]
[ 1 22  7  2  8 21 17  3 14]
np.random.permutation(males)[0:n_mar]
[14 18  2  0 10 15  1  9  7]
np.random.permutation(males)[0:n_mar]
[10 18  3 17 21 16 12  5 11]
np.random.permutation(males)[0:n_mar]
[ 4  9 10 13 20  3  0  8 14]
np.random.permutation(males)[0:n_mar]
[ 7 18  9 10 20  8  6 11 21]
np.random.permutation(males)[0:n_mar]
[19  9  3 16  7  5  2 23 18]
np.random.permutation(males)[0:n_mar]
[20 11 22 10 12  7 21 19  9]
np.random.permutation(males)[0:n_mar]
[22 21 14 17 10 11  7 19 23]
np.random.permutation(males)[0:n_mar]
[20  8  9 13 14  4  6 18  1]
np.random.permutation(males)[0:n_mar]
[ 2  1 14 19 12 16 10 13  5]
np.random.permutation(males)[0:n_mar]
[10  9  5 22 20 21  7 23 18]
np.random.permutation(males)[0:n_mar]
[16 21  8 14  7  1 18 20 12]
np.random.permutation(males)[0:n_mar]
[13  3 12  2 18 20 17 16 15]
np.random.permutation(males)[0:n_mar]
[11 21 13  4 22  3 18 23  1]
np.random.permutation(males)[0:n_mar]
[11 16  0 17  3  9 12 13  1]
np.random.permutation(males)[0:n_mar]
[10 17  2  7  1  6 21 16 19]
np.random.permutation(males)[0:n_mar]
[ 0 12 22 23  9 18 11 15 14]
np.random.permutation(males)[0:n_mar]
[10  8 18 14  4 16  6  1  7]
np.random.permutation(males)[0:n_mar]
[16 20  2 13 10  1 23 19 12]
np.random.permutation(males)[0:n_mar]
[ 2 21 14 16 15  4 22  3 12]
np.random.permutation(males)[0:n_mar]
[ 1  5 22  8 10 15 18  9  7]
np.random.permutation(males)[0:n_mar]
[19  9  1 20 15  8  2 21 12]
np.random.permutation(males)[0:n_mar]
[13 15  0 23 18  6 11  5 21]
np.random.permutation(males)[0:n_mar]
[ 4  1  2 20 19  9  7  3 11]
np.random.permutation(males)[0:n_mar]
[ 4  6  1 19 15 16 20 22  8]
np.random.permutation(males)[0:n_mar]
[ 8 15 21 12  9 13  5  1 10]
np.random.permutation(males)[0:n_mar]
[ 5  4 19  0  6 11 15 21  2]
np.random.permutation(males)[0:n_mar]
[ 5 12  2  6 19 17 16 14 20]
np.random.permutation(males)[0:n_mar]
[ 8  1 12 18 20 22 19 17 14]
np.random.permutation(males)[0:n_mar]
[15 22  6 17  8 23  7  0  5]
np.random.permutation(males)[0:n_mar]
[17 23 14  9 21  7  4 15 22]
np.random.permutation(males)[0:n_mar]
[22  5  0 13 14 16 10  6 20]
np.random.permutation(males)[0:n_mar]
[14 22  1 23 12  7  6 19 18]
np.random.permutation(males)[0:n_mar]
[18 17 12 16  5  6  2 13 14]
np.random.permutation(males)[0:n_mar]
[ 4 17  7 22  2 18  3  8  9]
np.random.permutation(males)[0:n_mar]
[ 1  5  4 16 15 23  3 11 12]
np.random.permutation(males)[0:n_mar]
[17  4  6  9 11  3  7  8  2]
np.random.permutation(males)[0:n_mar]
[13 15 22 16 18  1 21  5 20]
np.random.permutation(males)[0:n_mar]
[ 1 13 12 10 14  8  4 11  0]
np.random.permutation(males)[0:n_mar]
[ 3 22 12 20 15  6 10 16 11]
np.random.permutation(males)[0:n_mar]
[16 11  2 21 15  7  9 10  1]
np.random.permutation(males)[0:n_mar]
[15  6  0  8 10  1 18 13 23]
np.random.permutation(males)[0:n_mar]
[16 19 22 13 11  8  3  9  4]
np.random.permutation(males)[0:n_mar]
[ 4 20 15 10  6 17  2  0 11]
np.random.permutation(males)[0:n_mar]
[ 3  5 11 15 14  7 19 22 10]
np.random.permutation(males)[0:n_mar]
[ 2 14 10 16 17 22 11 19  0]
np.random.permutation(males)[0:n_mar]
[11 10 12  3 17 15 23 22 21]
np.random.permutation(males)[0:n_mar]
[ 2 15 22 18 12 20  9  0 13]
np.random.permutation(males)[0:n_mar]
[20 12  9 16 17  8 14 21  4]
np.random.permutation(males)[0:n_mar]
[23 22  6 20  4 21 12 16  9]
np.random.permutation(males)[0:n_mar]
[ 9 15 13 19 23 22 10  8 21]
np.random.permutation(males)[0:n_mar]
[ 2 14  1 21 22  5 17  4  0]
np.random.permutation(males)[0:n_mar]
[ 4 21 17 15  2 13 19 12  1]
np.random.permutation(males)[0:n_mar]
[ 2 10 17  9 23 19  6 22  4]
np.random.permutation(males)[0:n_mar]
[17 18 19 11 15  2  9  4  3]
np.random.permutation(males)[0:n_mar]
[20 15  5 16 22 18  6  8  9]
np.random.permutation(males)[0:n_mar]
[ 9 20  6 12 14 18  4  5 15]
np.random.permutation(males)[0:n_mar]
[12 17  0  4  9  7 18 20  6]
np.random.permutation(males)[0:n_mar]
[ 2  1  4 23 10 22 20 11 15]
np.random.permutation(males)[0:n_mar]
[12 14  9  2 22 23 15  0 21]
np.random.permutation(males)[0:n_mar]
[14 19 23  3  1  9  8 10 13]
np.random.permutation(males)[0:n_mar]
[18 23  2 14 22 12  9 11  0]
np.random.permutation(males)[0:n_mar]
[ 2 19 15 11  6 13 10  8  9]
np.random.permutation(males)[0:n_mar]
[18  5 13 22 10 15 12 16  4]
np.random.permutation(males)[0:n_mar]
[ 4 19  0  6  9 12 17  8  1]
np.random.permutation(males)[0:n_mar]
[ 4 11 20 17 10 14  1  8 21]
np.random.permutation(males)[0:n_mar]
[21  4  5 11  0 23 20  1  2]
np.random.permutation(males)[0:n_mar]
[ 9  2 14 22  7 13  1 18  8]
np.random.permutation(males)[0:n_mar]
[ 4 13  2  8 14 17 22 20  3]
np.random.permutation(males)[0:n_mar]
[ 8 14 11  7 16  2  4 20 22]
np.random.permutation(males)[0:n_mar]
[21 22 11  5 18  3  6 13 14]
np.random.permutation(males)[0:n_mar]
[19 16  7 12  1  8 20 13 17]
np.random.permutation(males)[0:n_mar]
[17 15 19  8 20 23 13 11 10]
np.random.permutation(males)[0:n_mar]
[ 0  8 18  7 11 10  5 22 16]
np.random.permutation(males)[0:n_mar]
[13 14 18 22 20  6 17  7 10]
np.random.permutation(males)[0:n_mar]
[ 9  2 21 10  6 19 13 14  0]
np.random.permutation(males)[0:n_mar]
[ 0 21  1 13 17  9 10 22 23]
np.random.permutation(males)[0:n_mar]
[ 6  3 12  5  2 19 20 16  7]
np.random.permutation(males)[0:n_mar]
[17 23 19  2  1  8  7 13 10]
np.random.permutation(males)[0:n_mar]
[ 2  0 21 19  7  8 23 20 16]
np.random.permutation(males)[0:n_mar]
[ 3 10 11  4 12  7  2 14 23]
np.random.permutation(males)[0:n_mar]
[12 14 19 21  1 17  2  9 10]
np.random.permutation(males)[0:n_mar]
[13  5  2  0  1  3  9 20  8]
np.random.permutation(males)[0:n_mar]
[ 4 21 16  6 15  3 17 13 22]
np.random.permutation(males)[0:n_mar]
[ 6  7  2  0  9 15 10  4  1]
np.random.permutation(males)[0:n_mar]
[23  0 10 17  6  7  1  3 12]
np.random.permutation(males)[0:n_mar]
[ 3  4 10 18  6 19  8 17  9]
np.random.permutation(males)[0:n_mar]
[22  6 10  5 18  1 19 11 13]
np.random.permutation(males)[0:n_mar]
[ 6  0  9  2  1 20 14 10  7]
np.random.permutation(males)[0:n_mar]
[ 6  7 17  8 10 12  9 23  4]
np.random.permutation(males)[0:n_mar]
[ 8 21 14 19  0 22 12  5 15]
np.random.permutation(males)[0:n_mar]
[ 5 14 16 11  1 10  7  0  8]
np.random.permutation(males)[0:n_mar]
[22 13  9  3 10 14  4 15  8]
np.random.permutation(males)[0:n_mar]
[12 10  8 17  4  9  1 19 21]
np.random.permutation(males)[0:n_mar]
[14 16 19  8  5  6  1  7 23]
np.random.permutation(males)[0:n_mar]
[14  0  7  5  1 19 16 23 11]
np.random.permutation(males)[0:n_mar]
[ 9 18  2  4  3 23 19 22 12]
np.random.permutation(males)[0:n_mar]
[14  0  3  4  1  8  9  2 12]
np.random.permutation(males)[0:n_mar]
[ 2 22  0  8 19 20 11  6  9]
np.random.permutation(males)[0:n_mar]
[15  6 20 21  0  1 12 16 11]
np.random.permutation(males)[0:n_mar]
[23  6 10 13 22 18 15 19  3]
np.random.permutation(males)[0:n_mar]
[16  2 13  4 10 18  1 17  5]
np.random.permutation(males)[0:n_mar]
[ 2 17  1 16 23  4  6  7  8]
np.random.permutation(males)[0:n_mar]
[ 2 10 19 23  0 20 21 22  5]
np.random.permutation(males)[0:n_mar]
[ 2 11  0  6 21 12  1 14  4]
np.random.permutation(males)[0:n_mar]
[21 14  3 17 15 23  8 10 11]
np.random.permutation(males)[0:n_mar]
[ 6  5  9 20 23 22 16 19  4]
np.random.permutation(males)[0:n_mar]
[10  9 13 23 16  3  8  7  4]
np.random.permutation(males)[0:n_mar]
[ 3 13  8 21  1 23 17  6 19]
np.random.permutation(males)[0:n_mar]
[10  5 13  0 12 18  4  3 21]
np.random.permutation(males)[0:n_mar]
[10 11 18 13  1 20  7  6 23]
np.random.permutation(males)[0:n_mar]
[22 23  4 11 15  8 19 13  3]
np.random.permutation(males)[0:n_mar]
[11 18 12  5 22  8 20 14  2]
np.random.permutation(males)[0:n_mar]
[ 5  4 15 13  9 10  8  7 12]
np.random.permutation(males)[0:n_mar]
[16  0 18 19 13  1 21 10  6]
np.random.permutation(males)[0:n_mar]
[18 19 20 23 12  3 16  2  6]
np.random.permutation(males)[0:n_mar]
[19  3  8 17  4 16  7 10  5]
np.random.permutation(males)[0:n_mar]
[ 6  9 16  7 18 15 20 23  3]
np.random.permutation(males)[0:n_mar]
[ 8 18 10  5 20  3 16 11  0]
np.random.permutation(males)[0:n_mar]
[15 21 22  1  8 17 23 11  4]
np.random.permutation(males)[0:n_mar]
[20  1 12  9 15 19  2  6  0]
np.random.permutation(males)[0:n_mar]
[14 21  7  1  2 10  3 16 19]
np.random.permutation(males)[0:n_mar]
[ 7  1  8 10 17 18 11  0 13]
np.random.permutation(males)[0:n_mar]
[15 19  5 14 20  8 18  0  1]
np.random.permutation(males)[0:n_mar]
[16  1 18  4 11  5 13  7  8]
np.random.permutation(males)[0:n_mar]
[14 17 15  1  8  7 23 12  6]
np.random.permutation(males)[0:n_mar]
[10 15 18 16  0  5  2  1  8]
np.random.permutation(males)[0:n_mar]
[ 3  6 19 18  9  2  7  8  0]
np.random.permutation(males)[0:n_mar]
[ 9  7 20  8 13 21  3  2  4]
np.random.permutation(males)[0:n_mar]
[15  9 21  4  6 12  3 17  5]
np.random.permutation(males)[0:n_mar]
[23  1  2 20 12 15 18 16  3]
np.random.permutation(males)[0:n_mar]
[ 1  8 20  6 14  9 17 21 16]
np.random.permutation(males)[0:n_mar]
[11 19  5  6 21 17 12 13 10]
np.random.permutation(males)[0:n_mar]
[16  0  1 18 17 13  9 23  2]
np.random.permutation(males)[0:n_mar]
[ 1 12  5  8  4  0 15 22  9]
np.random.permutation(males)[0:n_mar]
[ 9  2 20 13 15  3  0 14 12]
np.random.permutation(males)[0:n_mar]
[16 18 23 14  0 22  4 20 11]
np.random.permutation(males)[0:n_mar]
[16  4 22 20  2 23  5 10  9]
np.random.permutation(males)[0:n_mar]
[ 7  6 20 15  4 17  5 21 19]
np.random.permutation(males)[0:n_mar]
[ 3 13  9 23 16  4  0 21 17]
np.random.permutation(males)[0:n_mar]
[13 20 17  3 22 16  5 23 19]
np.random.permutation(males)[0:n_mar]
[20  5 13 12  8 22  3 11 15]
np.random.permutation(males)[0:n_mar]
[ 5 20  1  0 17 14  3 18 13]
np.random.permutation(males)[0:n_mar]
[ 5 13 20 19 16 11 22  8  3]
np.random.permutation(males)[0:n_mar]
[ 2 20 18  9 17 16  3 15 21]
np.random.permutation(males)[0:n_mar]
[21  6 22 15  7  1 10 20  2]
np.random.permutation(males)[0:n_mar]
[12  0  4  9 23  2 17  8 14]
np.random.permutation(males)[0:n_mar]
[23 16 14 20  8 19 22 17  1]
np.random.permutation(males)[0:n_mar]
[16 18  7 13 15 14 19  4 10]
