np.random.permutation(males)[0:n_mar]
[ 1 17 10  8 18  5  2]
np.random.permutation(males)[0:n_mar]
[11 15 18 20  0 22 14]
np.random.permutation(males)[0:n_mar]
[14 13  8 10 19  3  7]
np.random.permutation(males)[0:n_mar]
[ 6  4 14  1 15  0 16]
np.random.permutation(males)[0:n_mar]
[12 23 16  8  9  3 15]
np.random.permutation(males)[0:n_mar]
[ 5  8  9  2 20 23 21]
np.random.permutation(males)[0:n_mar]
[15  9  8 14 22  6 13]
np.random.permutation(males)[0:n_mar]
[13  4 23 19 21  7 17]
np.random.permutation(males)[0:n_mar]
[ 2 12  0  7 21 11 20]
np.random.permutation(males)[0:n_mar]
[17 15  8  0 12 19 11]
np.random.permutation(males)[0:n_mar]
[ 6 12 10  4 13 15 20]
np.random.permutation(males)[0:n_mar]
[ 1  3  0  7  8 18 22]
np.random.permutation(males)[0:n_mar]
[14  6 10 13 12 20 22]
np.random.permutation(males)[0:n_mar]
[13 18  5 21  6 11  8]
np.random.permutation(males)[0:n_mar]
[21 18  1 22  3 17 14]
np.random.permutation(males)[0:n_mar]
[ 3 22 14  0  1 23 13]
np.random.permutation(males)[0:n_mar]
[ 4 10  9 20 18 19 23]
np.random.permutation(males)[0:n_mar]
[10  1  6 11 17 22 18]
np.random.permutation(males)[0:n_mar]
[16 17 20 22  8 23  5]
np.random.permutation(males)[0:n_mar]
[ 5 16 15 17 11 10 20]
np.random.permutation(males)[0:n_mar]
[ 5  6 20  8 21 14 18]
np.random.permutation(males)[0:n_mar]
[10  7 23 11 16 14  0]
np.random.permutation(males)[0:n_mar]
[14  3 20  0 10  5 13]
np.random.permutation(males)[0:n_mar]
[ 2  4 23 15  9 14  6]
np.random.permutation(males)[0:n_mar]
[19  7 10 20 14  9 13]
np.random.permutation(males)[0:n_mar]
[20  0 10 23 18 21  9]
np.random.permutation(males)[0:n_mar]
[17 12 21 18  6  4 11]
np.random.permutation(males)[0:n_mar]
[ 0 14 23 21  2  6 20]
np.random.permutation(males)[0:n_mar]
[21  2  4 11 20  9 18]
np.random.permutation(males)[0:n_mar]
[19 11  6  0 18  9 15]
np.random.permutation(males)[0:n_mar]
[14  7  1 21 22  9  2]
np.random.permutation(males)[0:n_mar]
[21 19 11  9  0  3 20]
np.random.permutation(males)[0:n_mar]
[13 23 22 20  1 15 18]
np.random.permutation(males)[0:n_mar]
[ 6 14 15 20 13 10 12]
np.random.permutation(males)[0:n_mar]
[ 1 15 11 20  2 16  8]
np.random.permutation(males)[0:n_mar]
[ 9 14 13 16 15  2  3]
np.random.permutation(males)[0:n_mar]
[12 19  7  6  9  4 18]
np.random.permutation(males)[0:n_mar]
[18  1 20  2 14 15 21]
np.random.permutation(males)[0:n_mar]
[16  9 15 23 20  8 21]
np.random.permutation(males)[0:n_mar]
[11 22 19  9 18  0  5]
np.random.permutation(males)[0:n_mar]
[ 4 14 10 13 18 21 23]
np.random.permutation(males)[0:n_mar]
[14  4 19  1 13 12 16]
np.random.permutation(males)[0:n_mar]
[22 11 19 18 10 14  9]
np.random.permutation(males)[0:n_mar]
[20  9 21 13 23 19  5]
np.random.permutation(males)[0:n_mar]
[16 15 19 10 17 20 21]
np.random.permutation(males)[0:n_mar]
[ 1 11 10 23  9 17 19]
np.random.permutation(males)[0:n_mar]
[ 4 22  7  8 11 16  5]
np.random.permutation(males)[0:n_mar]
[18  7  9 14  3 17  6]
np.random.permutation(males)[0:n_mar]
[ 7  8 21  2 11 22  3]
np.random.permutation(males)[0:n_mar]
[15 10  7 17 21  2 19]
np.random.permutation(males)[0:n_mar]
[12 21  2 20  8 16 10]
np.random.permutation(males)[0:n_mar]
[ 0  7 20 18 12 19 23]
np.random.permutation(males)[0:n_mar]
[ 0  7  3 14 22  8 10]
np.random.permutation(males)[0:n_mar]
[23 22  5 19 14 21 20]
np.random.permutation(males)[0:n_mar]
[ 4 20 17  7  2  9 19]
np.random.permutation(males)[0:n_mar]
[ 4 23  9  7 15 16  8]
np.random.permutation(males)[0:n_mar]
[12  2 15 18  6  3  8]
np.random.permutation(males)[0:n_mar]
[ 8 16 23 11  7  3  9]
np.random.permutation(males)[0:n_mar]
[ 3  1  6 13 21  5 15]
np.random.permutation(males)[0:n_mar]
[21 17 12  0 16 10  7]
np.random.permutation(males)[0:n_mar]
[13  7 19 12 11 21 15]
np.random.permutation(males)[0:n_mar]
[18 12  2 15  4 20  9]
np.random.permutation(males)[0:n_mar]
[18 14  0 12 22  2 21]
np.random.permutation(males)[0:n_mar]
[13 21 15  7 19  2 22]
np.random.permutation(males)[0:n_mar]
[ 0 19 10 18  5 11  6]
np.random.permutation(males)[0:n_mar]
[ 8 17 22  9 14  1 16]
np.random.permutation(males)[0:n_mar]
[ 4 20  7 16  3  6 19]
np.random.permutation(males)[0:n_mar]
[19 15 22 14 10  6  3]
np.random.permutation(males)[0:n_mar]
[ 8  1 10 22 20  7  2]
np.random.permutation(males)[0:n_mar]
[20  6 19 18 14 17  3]
np.random.permutation(males)[0:n_mar]
[17  9 14 20  8 13  6]
np.random.permutation(males)[0:n_mar]
[10 11 22 15  3  8  0]
np.random.permutation(males)[0:n_mar]
[ 3  6 23 14  2 20  8]
np.random.permutation(males)[0:n_mar]
[22  1 21 15  6 18 17]
np.random.permutation(males)[0:n_mar]
[16  4  0 21 12 22 14]
np.random.permutation(males)[0:n_mar]
[12 10 22  8  2 19 20]
np.random.permutation(males)[0:n_mar]
[23  5 18 22  1 11 17]
np.random.permutation(males)[0:n_mar]
[ 4 12 15 19  0  2  6]
np.random.permutation(males)[0:n_mar]
[ 0  5 22 11 23 14  4]
np.random.permutation(males)[0:n_mar]
[16  6 23 12 15  2 14]
np.random.permutation(males)[0:n_mar]
[17 20 19  4 14 12  6]
np.random.permutation(males)[0:n_mar]
[19 21 23 17 13  9 11]
np.random.permutation(males)[0:n_mar]
[18  8 14 23  5 15  3]
np.random.permutation(males)[0:n_mar]
[ 5  9 20 13  7 23  1]
np.random.permutation(males)[0:n_mar]
[12  3 14 13  7 21  5]
np.random.permutation(males)[0:n_mar]
[17  5 20  0 22  1  4]
np.random.permutation(males)[0:n_mar]
[18  2 20  9 11 13 21]
np.random.permutation(males)[0:n_mar]
[ 3 11 23  9 21 22  1]
np.random.permutation(males)[0:n_mar]
[ 4  6  7  8 18 10  0]
np.random.permutation(males)[0:n_mar]
[18 22  6 12  5  2 14]
np.random.permutation(males)[0:n_mar]
[ 2 16 11 10  0 20 15]
np.random.permutation(males)[0:n_mar]
[19  0  7  8 23 16 18]
np.random.permutation(males)[0:n_mar]
[ 5  6 11 15  8 18 20]
np.random.permutation(males)[0:n_mar]
[21  4  9  8  7 23 11]
np.random.permutation(males)[0:n_mar]
[ 3  9 18 17 19  1 11]
np.random.permutation(males)[0:n_mar]
[10 11  7 13 15  9 22]
np.random.permutation(males)[0:n_mar]
[13 17  5  9  1 20  2]
np.random.permutation(males)[0:n_mar]
[15 11 17 21  4  0  6]
np.random.permutation(males)[0:n_mar]
[ 2 11 17  6  7 16  9]
np.random.permutation(males)[0:n_mar]
[11  2 19  8 22 13 23]
np.random.permutation(males)[0:n_mar]
[12  7  8  4 13  6  3]
np.random.permutation(males)[0:n_mar]
[ 8  0 18 17 12  5  9]
np.random.permutation(males)[0:n_mar]
[ 4 13 20 11 16 22  2]
np.random.permutation(males)[0:n_mar]
[20  0  7 17 23 11  9]
np.random.permutation(males)[0:n_mar]
[ 7 15  8  1  9 21  3]
np.random.permutation(males)[0:n_mar]
[19  4 18 14  8  2 12]
np.random.permutation(males)[0:n_mar]
[12 17 15 23 16 19  6]
np.random.permutation(males)[0:n_mar]
[19  8 17  9 21  4 23]
np.random.permutation(males)[0:n_mar]
[ 1  7  0  2  6  8 14]
np.random.permutation(males)[0:n_mar]
[21  1 20 15  6  5  7]
np.random.permutation(males)[0:n_mar]
[ 9  1 22  0  2 16 10]
np.random.permutation(males)[0:n_mar]
[11  7 10 13 14 22  0]
np.random.permutation(males)[0:n_mar]
[15 20 16  2 10  3  7]
np.random.permutation(males)[0:n_mar]
[14 23 19 17 15 21 20]
np.random.permutation(males)[0:n_mar]
[23  9 16 19  6 15 11]
np.random.permutation(males)[0:n_mar]
[14 12 11 20  7  1 18]
np.random.permutation(males)[0:n_mar]
[17  2 13  3 10 21  9]
np.random.permutation(males)[0:n_mar]
[10  8 13 15 20 18  2]
np.random.permutation(males)[0:n_mar]
[11  5 14  4 18 22  2]
np.random.permutation(males)[0:n_mar]
[12 20  7  5 19 13 22]
np.random.permutation(males)[0:n_mar]
[ 3 17  1  6 12  0  8]
np.random.permutation(males)[0:n_mar]
[12 10  0 11 23 21 14]
np.random.permutation(males)[0:n_mar]
[ 2  1  5 16 14  3 19]
np.random.permutation(males)[0:n_mar]
[ 0  1 17  3 14  8  7]
np.random.permutation(males)[0:n_mar]
[21 17 14 10 23  7  8]
np.random.permutation(males)[0:n_mar]
[14 15 18  1 13  9  2]
np.random.permutation(males)[0:n_mar]
[15  6 10  9 21 11 13]
np.random.permutation(males)[0:n_mar]
[17  1 13  5 11 14 12]
np.random.permutation(males)[0:n_mar]
[23 10  5 17 16 11  7]
np.random.permutation(males)[0:n_mar]
[ 7  2  8 13 15 22  0]
np.random.permutation(males)[0:n_mar]
[18 14  1 22  2 10  4]
np.random.permutation(males)[0:n_mar]
[11  1  0 16 12 14 23]
np.random.permutation(males)[0:n_mar]
[18 14 23  9 10 21 12]
np.random.permutation(males)[0:n_mar]
[17  2  4 22 12 15 11]
np.random.permutation(males)[0:n_mar]
[ 6 12 15 20 10  7  2]
np.random.permutation(males)[0:n_mar]
[ 6  3 16 15  9 10 14]
np.random.permutation(males)[0:n_mar]
[ 2 21  8 15  6 16 20]
np.random.permutation(males)[0:n_mar]
[ 6 13 11  0 12  1  8]
np.random.permutation(males)[0:n_mar]
[13 10 14 20 17 22 18]
np.random.permutation(males)[0:n_mar]
[15 18 20  4 10 14  6]
np.random.permutation(males)[0:n_mar]
[21  2 16  3 22 20 17]
np.random.permutation(males)[0:n_mar]
[ 9  8 10  6 12  5  7]
np.random.permutation(males)[0:n_mar]
[14  3 23 18 21  6 10]
np.random.permutation(males)[0:n_mar]
[ 4  3 21 15 13  5 14]
np.random.permutation(males)[0:n_mar]
[ 4 13  2 14 15  0 21]
np.random.permutation(males)[0:n_mar]
[ 7  0  8  1 15 17 14]
np.random.permutation(males)[0:n_mar]
[18  9 19 22 10 23 13]
np.random.permutation(males)[0:n_mar]
[ 7 19 20 13 17  9  8]
np.random.permutation(males)[0:n_mar]
[19  1 22 13  3  9  2]
np.random.permutation(males)[0:n_mar]
[10  5 15 13 17 23 22]
np.random.permutation(males)[0:n_mar]
[20  3 18 16 19 14 10]
np.random.permutation(males)[0:n_mar]
[14 18 15 11 13 21  2]
np.random.permutation(males)[0:n_mar]
[ 7  9 13 14 15  2 18]
np.random.permutation(males)[0:n_mar]
[ 8  5 16  2 23 22 10]
np.random.permutation(males)[0:n_mar]
[ 1 11 12  6 22  4  8]
np.random.permutation(males)[0:n_mar]
[11 21 15 18 19 12 17]
np.random.permutation(males)[0:n_mar]
[ 1  5  9 21 15  4 23]
np.random.permutation(males)[0:n_mar]
[14 23 18  1 12  7 22]
np.random.permutation(males)[0:n_mar]
[21 14 10 20 18  4  7]
np.random.permutation(males)[0:n_mar]
[ 9 20 23  7  2  3 14]
np.random.permutation(males)[0:n_mar]
[14 15 11  2 23 21  3]
np.random.permutation(males)[0:n_mar]
[13  8 16  3 14  4 18]
np.random.permutation(males)[0:n_mar]
[23 22  0  7 16  6  3]
np.random.permutation(males)[0:n_mar]
[ 5  0 14 16  8  2 10]
np.random.permutation(males)[0:n_mar]
[11  5 16 21  7  2 12]
np.random.permutation(males)[0:n_mar]
[10 11 19  8 17  7 16]
np.random.permutation(males)[0:n_mar]
[17  3 11 23  1 16 19]
np.random.permutation(males)[0:n_mar]
[ 4  9 16  3 18 10 15]
np.random.permutation(males)[0:n_mar]
[ 7  9  5 15 22 13 19]
np.random.permutation(males)[0:n_mar]
[ 4  0 16  6 23  7 12]
np.random.permutation(males)[0:n_mar]
[ 0 13  1  2 10 22 12]
np.random.permutation(males)[0:n_mar]
[13  2 21  1 23 19  3]
np.random.permutation(males)[0:n_mar]
[13  5 19 16  2 10  9]
np.random.permutation(males)[0:n_mar]
[ 2 15  4 16  6 12 13]
np.random.permutation(males)[0:n_mar]
[ 1 21 18  5  3  6 10]
np.random.permutation(males)[0:n_mar]
[ 8 16  5 14 12 11  6]
np.random.permutation(males)[0:n_mar]
[23  9 14  2  7 20  6]
np.random.permutation(males)[0:n_mar]
[ 0 13 11 19 15  9 10]
np.random.permutation(males)[0:n_mar]
[14 21 20  0 17 16 23]
np.random.permutation(males)[0:n_mar]
[ 5  2 12 19 13  7 23]
np.random.permutation(males)[0:n_mar]
[ 7  0  5 12  1 20  3]
np.random.permutation(males)[0:n_mar]
[22 18 20  7  6 10 16]
np.random.permutation(males)[0:n_mar]
[16 14  4  1 22 15 23]
np.random.permutation(males)[0:n_mar]
[ 5 18  2 11  9 12 14]
np.random.permutation(males)[0:n_mar]
[10 23  3 20  5  0 11]
np.random.permutation(males)[0:n_mar]
[15 10  2  9 17 18 20]
np.random.permutation(males)[0:n_mar]
[12  9  6  0 23 16  5]
np.random.permutation(males)[0:n_mar]
[ 8 10 22 16 13 12 21]
np.random.permutation(males)[0:n_mar]
[ 2  7 11  3 12 20  9]
np.random.permutation(males)[0:n_mar]
[ 4  7 21  9 16  8 22]
np.random.permutation(males)[0:n_mar]
[16 18 23  9  2 11 14]
np.random.permutation(males)[0:n_mar]
[ 4 17 14  6 15  0 20]
np.random.permutation(males)[0:n_mar]
[22  8  6  2  0 10 14]
np.random.permutation(males)[0:n_mar]
[21  5  9  1  2 17 10]
np.random.permutation(males)[0:n_mar]
[20 15 19 21  4 16 23]
np.random.permutation(males)[0:n_mar]
[23 17 21  4  7 16 12]
np.random.permutation(males)[0:n_mar]
[22 13  0  5  3 18 14]
np.random.permutation(males)[0:n_mar]
[23 20 12 10  4  7 15]
np.random.permutation(males)[0:n_mar]
[ 0  2 21 11  3 17  1]
np.random.permutation(males)[0:n_mar]
[ 7 13  1  5 23  3  8]
np.random.permutation(males)[0:n_mar]
[19 12  8 14  7 16  9]
np.random.permutation(males)[0:n_mar]
[19 23 13 22 15  1  9]
np.random.permutation(males)[0:n_mar]
[ 5  9 17  0 21  6 19]
np.random.permutation(males)[0:n_mar]
[ 6 19 17  3 12 15 22]
np.random.permutation(males)[0:n_mar]
[ 1  3 19 21  6  0  2]
np.random.permutation(males)[0:n_mar]
[ 5 16  0 10 21 12 15]
np.random.permutation(males)[0:n_mar]
[17 18  1 22 10 21 16]
np.random.permutation(males)[0:n_mar]
[ 2 14 10 19  1 22 20]
np.random.permutation(males)[0:n_mar]
[12  7 18  5 19  6  9]
np.random.permutation(males)[0:n_mar]
[ 4 10 12 15 17 21 11]
np.random.permutation(males)[0:n_mar]
[17  3 13 16  9  2 11]
np.random.permutation(males)[0:n_mar]
[ 1 13  9  8  4  3  7]
np.random.permutation(males)[0:n_mar]
[ 2 19 22 21  3  5 17]
np.random.permutation(males)[0:n_mar]
[19 17  4 15 22  3  1]
np.random.permutation(males)[0:n_mar]
[ 0 16 17  6  9  3 12]
np.random.permutation(males)[0:n_mar]
[18 10  0  8 22 16 12]
np.random.permutation(males)[0:n_mar]
[16 23 22 17  7 13 12]
np.random.permutation(males)[0:n_mar]
[ 5 11 19  9 10  1 21]
np.random.permutation(males)[0:n_mar]
[ 7  9  5 16  1 11 23]
np.random.permutation(males)[0:n_mar]
[15  3 13 22  7  9 14]
np.random.permutation(males)[0:n_mar]
[16 14  7  2 19 11  0]
np.random.permutation(males)[0:n_mar]
[19 17 23 21  3  2  7]
np.random.permutation(males)[0:n_mar]
[ 1  2 15  4 18 22 13]
np.random.permutation(males)[0:n_mar]
[13 22 23 18 20  0  1]
np.random.permutation(males)[0:n_mar]
[ 5 18 21 20  9  3  2]
np.random.permutation(males)[0:n_mar]
[ 1 11 21 22  6 14 15]
np.random.permutation(males)[0:n_mar]
[14 15 10 17 21  0 23]
np.random.permutation(males)[0:n_mar]
[ 3 10  8 17 16  6  7]
np.random.permutation(males)[0:n_mar]
[ 5 21  0  8 19 17 11]
np.random.permutation(males)[0:n_mar]
[ 1 23 13 10 14 11  3]
np.random.permutation(males)[0:n_mar]
[ 0 22 16 15 12  9 23]
np.random.permutation(males)[0:n_mar]
[21 16  9  4  2  8  6]
np.random.permutation(males)[0:n_mar]
[ 7  0 14 18 12  2  8]
np.random.permutation(males)[0:n_mar]
[22  7 17  4 21  8 18]
np.random.permutation(males)[0:n_mar]
[18 13 20 14 11 17 22]
np.random.permutation(males)[0:n_mar]
[14 11  4 23  8 21  2]
np.random.permutation(males)[0:n_mar]
[ 3 12 13 20  7 17 11]
np.random.permutation(males)[0:n_mar]
[19  2 15 17 21  4  6]
np.random.permutation(males)[0:n_mar]
[17 14 12  2  1  6  5]
np.random.permutation(males)[0:n_mar]
[15  3  0 11 22 16 20]
np.random.permutation(males)[0:n_mar]
[15 13 11  1 16 14 18]
np.random.permutation(males)[0:n_mar]
[ 8  6 12 18 19  9 17]
np.random.permutation(males)[0:n_mar]
[19  3  9 18 12  5  2]
np.random.permutation(males)[0:n_mar]
[22  3  0 15 11 16  1]
np.random.permutation(males)[0:n_mar]
[18  7 12 10  3 20  5]
np.random.permutation(males)[0:n_mar]
[ 5 17  4 13  9  1  3]
np.random.permutation(males)[0:n_mar]
[13 17 16 21  0 14  1]
np.random.permutation(males)[0:n_mar]
[21 20 19 14  2  0  4]
np.random.permutation(males)[0:n_mar]
[ 9  7 10  4 22 16 11]
np.random.permutation(males)[0:n_mar]
[ 9 10 18  5 16 17 21]
np.random.permutation(males)[0:n_mar]
[ 2 20  8  5 15 21 12]
np.random.permutation(males)[0:n_mar]
[ 0 16  7 14 13  6 23]
np.random.permutation(males)[0:n_mar]
[ 3 15  9 13  8 12 19]
np.random.permutation(males)[0:n_mar]
[ 1  2  3 15 14 23 19]
np.random.permutation(males)[0:n_mar]
[ 7  4  8 11 16 22 10]
np.random.permutation(males)[0:n_mar]
[ 5  3 20 15  4  7 10]
np.random.permutation(males)[0:n_mar]
[21 14 11 19 12  8 17]
np.random.permutation(males)[0:n_mar]
[ 2  1  7 15 12  5 13]
np.random.permutation(males)[0:n_mar]
[19 11  3  9 22  2  4]
np.random.permutation(males)[0:n_mar]
[17 15 11  4 20  7  3]
np.random.permutation(males)[0:n_mar]
[ 2 10 12 13  4 14  6]
np.random.permutation(males)[0:n_mar]
[16  7 19 18  4 12 14]
np.random.permutation(males)[0:n_mar]
[ 6 19 23 20  3 21 13]
np.random.permutation(males)[0:n_mar]
[ 0  8  6  7 15 17 16]
np.random.permutation(males)[0:n_mar]
[ 7  3 21  1  9  2 12]
np.random.permutation(males)[0:n_mar]
[ 2  4 19  1  5 15 22]
np.random.permutation(males)[0:n_mar]
[20  0  5 11  7  2 23]
np.random.permutation(males)[0:n_mar]
[18 14  1 15  3  0  4]
np.random.permutation(males)[0:n_mar]
[22 10  0 20 16  2  7]
np.random.permutation(males)[0:n_mar]
[17  4 22 13 10  0  8]
np.random.permutation(males)[0:n_mar]
[18  2  0 10  8 16 12]
np.random.permutation(males)[0:n_mar]
[18 21  7  1 13  3  2]
np.random.permutation(males)[0:n_mar]
[18 11 23  5 14  2 21]
np.random.permutation(males)[0:n_mar]
[15  2 11  4  8 20 13]
np.random.permutation(males)[0:n_mar]
[22  1 18 19 10 11  2]
np.random.permutation(males)[0:n_mar]
[18 19 17  7 20 16 12]
np.random.permutation(males)[0:n_mar]
[23 21 14  8 13  5  3]
np.random.permutation(males)[0:n_mar]
[19  7  4  8  3 11 10]
np.random.permutation(males)[0:n_mar]
[18 19 21  7 11  3  6]
np.random.permutation(males)[0:n_mar]
[14 10 23  8  3 21  1]
np.random.permutation(males)[0:n_mar]
[18 22 23 20  2  3  0]
np.random.permutation(males)[0:n_mar]
[14  1 23  6 20 15  0]
np.random.permutation(males)[0:n_mar]
[10  5 14 11 13 22  2]
np.random.permutation(males)[0:n_mar]
[18  1 19 11 13 21 10]
np.random.permutation(males)[0:n_mar]
[ 5  9 16 19  0 20  4]
np.random.permutation(males)[0:n_mar]
[13 14  4 12  3  1 10]
np.random.permutation(males)[0:n_mar]
[16 17  7  1 21  9 13]
np.random.permutation(males)[0:n_mar]
[ 2 10 20 19 18 22 21]
np.random.permutation(males)[0:n_mar]
[ 9 10 23 14 13  1  7]
np.random.permutation(males)[0:n_mar]
[23 14  1  8  5 11  6]
np.random.permutation(males)[0:n_mar]
[ 9  4  1 22 15 17  2]
np.random.permutation(males)[0:n_mar]
[ 5  3 23  0 11  2  4]
np.random.permutation(males)[0:n_mar]
[ 6 19  5 21 18 12 20]
np.random.permutation(males)[0:n_mar]
[20  8 23 13  9  3 22]
np.random.permutation(males)[0:n_mar]
[18 20 19 22 17  8 23]
np.random.permutation(males)[0:n_mar]
[16 22 21  9 15  4 17]
np.random.permutation(males)[0:n_mar]
[ 2 19  6 16  0  7 18]
np.random.permutation(males)[0:n_mar]
[18 22 23  9 15 19  3]
np.random.permutation(males)[0:n_mar]
[ 3  6 20  0  1 10 11]
np.random.permutation(males)[0:n_mar]
[23  5 15 13  3  0 10]
np.random.permutation(males)[0:n_mar]
[12  8  1 18 20  7 15]
np.random.permutation(males)[0:n_mar]
[20  7 22  6  2  0 17]
np.random.permutation(males)[0:n_mar]
[14  1 16 12  9 18  4]
np.random.permutation(males)[0:n_mar]
[ 9 10  5 18  0 11  1]
np.random.permutation(males)[0:n_mar]
[22 21 11  3 20 12  9]
np.random.permutation(males)[0:n_mar]
[16 12 17 11  1  7 23]
np.random.permutation(males)[0:n_mar]
[ 2  3 21  8  7 13 10]
np.random.permutation(males)[0:n_mar]
[14 17 22  1  7 23 13]
np.random.permutation(males)[0:n_mar]
[ 5 14 16  7 21  2  6]
np.random.permutation(males)[0:n_mar]
[ 2 18  6 23 22 11  1]
np.random.permutation(males)[0:n_mar]
[ 9 18 20  6  7 11  1]
np.random.permutation(males)[0:n_mar]
[18  1 17 15 11  3 19]
np.random.permutation(males)[0:n_mar]
[11 16  7 17 13  1 21]
np.random.permutation(males)[0:n_mar]
[ 3  6  7  8 21 14 22]
np.random.permutation(males)[0:n_mar]
[10  8  0 16  3 18  6]
np.random.permutation(males)[0:n_mar]
[ 4 15  9  7 11 16 14]
np.random.permutation(males)[0:n_mar]
[19 15 17  6  9 12  7]
np.random.permutation(males)[0:n_mar]
[11  3  8  7 18  4 23]
np.random.permutation(males)[0:n_mar]
[ 6 14 13  7 22  4  9]
np.random.permutation(males)[0:n_mar]
[ 5  8 15 16  9  6 12]
np.random.permutation(males)[0:n_mar]
[ 8 18 23 11  4 17 16]
np.random.permutation(males)[0:n_mar]
[20 22 12  8  9  5 11]
np.random.permutation(males)[0:n_mar]
[ 8 16  3 17 21 22  0]
np.random.permutation(males)[0:n_mar]
[11  5 20 14  7 18 21]
np.random.permutation(males)[0:n_mar]
[10 22 20 12 18 13  9]
np.random.permutation(males)[0:n_mar]
[22  2  7 19 14 20  4]
np.random.permutation(males)[0:n_mar]
[ 6 23  2  1  0 14 19]
np.random.permutation(males)[0:n_mar]
[18  8  3 19 15 23  7]
np.random.permutation(males)[0:n_mar]
[ 3 18 10 19 15  5 17]
np.random.permutation(males)[0:n_mar]
[ 0 20 22  7  9 12  4]
np.random.permutation(males)[0:n_mar]
[21 20 19  2 14  4  3]
np.random.permutation(males)[0:n_mar]
[12 15  8 20  1 16  6]
np.random.permutation(males)[0:n_mar]
[18 12  6 17 10 16 21]
np.random.permutation(males)[0:n_mar]
[16 12 19  6  7  0 17]
np.random.permutation(males)[0:n_mar]
[18 16 10  5 20  7 13]
np.random.permutation(males)[0:n_mar]
[20 14  7 11  9 17 13]
np.random.permutation(males)[0:n_mar]
[17  3 11  2  1  4 10]
np.random.permutation(males)[0:n_mar]
[ 5 10 13 15 11 20  0]
np.random.permutation(males)[0:n_mar]
[ 3 21  5  9 22 11 18]
np.random.permutation(males)[0:n_mar]
[ 5  4  9  6 13  0 16]
np.random.permutation(males)[0:n_mar]
[14 23 12  0 11 15 10]
np.random.permutation(males)[0:n_mar]
[ 1  6  5 15  2 14  3]
np.random.permutation(males)[0:n_mar]
[ 2  0 17 18 20 16 15]
np.random.permutation(males)[0:n_mar]
[ 4  2 20  6 15  5  1]
np.random.permutation(males)[0:n_mar]
[ 7 12  8  4  2 15 14]
np.random.permutation(males)[0:n_mar]
[15 18  3  9  5 13 20]
np.random.permutation(males)[0:n_mar]
[ 6 10 18  4 19 23  9]
np.random.permutation(males)[0:n_mar]
[16  6  2 22  9  7 18]
np.random.permutation(males)[0:n_mar]
[ 8 17  5 13 15 14  1]
np.random.permutation(males)[0:n_mar]
[ 4  6 16  9  8  2 17]
np.random.permutation(males)[0:n_mar]
[19 14 18 22  2  6 16]
np.random.permutation(males)[0:n_mar]
[10 18 17  6  4  8 12]
np.random.permutation(males)[0:n_mar]
[17 21  1 15 11  2 18]
np.random.permutation(males)[0:n_mar]
[19 22  5 16  0  8  4]
np.random.permutation(males)[0:n_mar]
[ 1  9 20  3  5 14  8]
np.random.permutation(males)[0:n_mar]
[ 3  1  4  0 19  7 14]
np.random.permutation(males)[0:n_mar]
[18  7 11 15 14  9  3]
np.random.permutation(males)[0:n_mar]
[13 15 23  0  2 19 17]
np.random.permutation(males)[0:n_mar]
[ 8  0 12  9 19 17  2]
np.random.permutation(males)[0:n_mar]
[11  7 22  2  4  1 12]
np.random.permutation(males)[0:n_mar]
[ 3 14  4  0 18  5  8]
np.random.permutation(males)[0:n_mar]
[ 2 18 12 14 20 22  7]
np.random.permutation(males)[0:n_mar]
[15 13  8 23 20  2  5]
np.random.permutation(males)[0:n_mar]
[11 17  0  3  8 21  6]
np.random.permutation(males)[0:n_mar]
[10 23 20 22 11  2  8]
np.random.permutation(males)[0:n_mar]
[18  5  1 19 21  8 15]
np.random.permutation(males)[0:n_mar]
[16  5 13 23 18 14 11]
np.random.permutation(males)[0:n_mar]
[14 21  4 12 23  7 10]
np.random.permutation(males)[0:n_mar]
[ 3  8 11 22  4 17  2]
np.random.permutation(males)[0:n_mar]
[21 13 12 15 22  6 19]
np.random.permutation(males)[0:n_mar]
[ 9  6 20 17 13 23 12]
np.random.permutation(males)[0:n_mar]
[13  2  3 23 15 12  8]
np.random.permutation(males)[0:n_mar]
[16 11 22 15 19  0  5]
np.random.permutation(males)[0:n_mar]
[ 7 16  5 15  8  4 21]
np.random.permutation(males)[0:n_mar]
[ 5  1 23  8 17  7 20]
np.random.permutation(males)[0:n_mar]
[ 6 16 10 14  4 20  2]
np.random.permutation(males)[0:n_mar]
[ 3 18 21 12 20 19  2]
np.random.permutation(males)[0:n_mar]
[19  3 17 18 21  5 14]
np.random.permutation(males)[0:n_mar]
[ 1 13 19  9 21  7  8]
np.random.permutation(males)[0:n_mar]
[ 1  6  7 10 13 18  5]
np.random.permutation(males)[0:n_mar]
[11  1  0  7  8 23  2]
np.random.permutation(males)[0:n_mar]
[ 0 13 18 21  3 10  1]
np.random.permutation(males)[0:n_mar]
[21 17  6  9 22  1 13]
np.random.permutation(males)[0:n_mar]
[ 6 20 21 13 22 18 15]
np.random.permutation(males)[0:n_mar]
[ 4 10  8  5 11 21  1]
np.random.permutation(males)[0:n_mar]
[ 1  8  7  9 13 12 22]
np.random.permutation(males)[0:n_mar]
[22 23 15 18  7 16 17]
np.random.permutation(males)[0:n_mar]
[ 0 13  5 16 15 12 10]
np.random.permutation(males)[0:n_mar]
[ 6  7 21  1 22  5  2]
np.random.permutation(males)[0:n_mar]
[11 12  4  1 20 21 19]
np.random.permutation(males)[0:n_mar]
[23 14  3 10 17 16 22]
np.random.permutation(males)[0:n_mar]
[19  2 12  1 11 16  9]
np.random.permutation(males)[0:n_mar]
[16  7 22  2  1  4  6]
np.random.permutation(males)[0:n_mar]
[13  8  0 21 15 14  5]
np.random.permutation(males)[0:n_mar]
[21  4  3  1 12  5 17]
np.random.permutation(males)[0:n_mar]
[16 10 14 12  5  7  3]
np.random.permutation(males)[0:n_mar]
[ 2 20 13 17  4 14 21]
np.random.permutation(males)[0:n_mar]
[21 11 19  0 17  2 22]
np.random.permutation(males)[0:n_mar]
[ 2 20 17 13 21 16 22]
np.random.permutation(males)[0:n_mar]
[ 9 19  7  4 13 15  6]
np.random.permutation(males)[0:n_mar]
[13 16 18  9  3 10  0]
np.random.permutation(males)[0:n_mar]
[14  3 16  7 20  5  9]
np.random.permutation(males)[0:n_mar]
[15 23 14 11 16  5 22]
np.random.permutation(males)[0:n_mar]
[14  1 12 15  8 23 13]
np.random.permutation(males)[0:n_mar]
[20  5 21 19  4  2 12]
np.random.permutation(males)[0:n_mar]
[ 5  2 11 10  9 16 18]
np.random.permutation(males)[0:n_mar]
[17 18 23 12 10 21 14]
np.random.permutation(males)[0:n_mar]
[18 20  6 22 10 19  8]
np.random.permutation(males)[0:n_mar]
[11  3 17  1 14 16  4]
np.random.permutation(males)[0:n_mar]
[ 2 12 15  5  9 14 23]
np.random.permutation(males)[0:n_mar]
[ 2 14 13  9  8  1  0]
np.random.permutation(males)[0:n_mar]
[ 1 18  7 21 17  9 13]
np.random.permutation(males)[0:n_mar]
[12 21  4 15 10 11  5]
np.random.permutation(males)[0:n_mar]
[ 7 11 19  8  1  0 13]
np.random.permutation(males)[0:n_mar]
[14  3  1  9 11  7  4]
np.random.permutation(males)[0:n_mar]
[20 21 23  2  5 13 16]
np.random.permutation(males)[0:n_mar]
[15 19 12 10 23  9  7]
np.random.permutation(males)[0:n_mar]
[ 5 14 21 22  9  4 17]
np.random.permutation(males)[0:n_mar]
[ 1 16  4 14 15 23 19]
np.random.permutation(males)[0:n_mar]
[ 9 21 10 23  2 18 15]
np.random.permutation(males)[0:n_mar]
[18 19  7  8 13 11  3]
np.random.permutation(males)[0:n_mar]
[11 20  5  3 15 14 23]
np.random.permutation(males)[0:n_mar]
[ 5 23  8  9  2  7  0]
np.random.permutation(males)[0:n_mar]
[22 19  4  0 21 18 20]
np.random.permutation(males)[0:n_mar]
[21 23 10  6 20  0 16]
np.random.permutation(males)[0:n_mar]
[10 17 23 11  8  7  2]
np.random.permutation(males)[0:n_mar]
[16 15 13 11  8  7 20]
np.random.permutation(males)[0:n_mar]
[10 13  1 16 14 22  9]
np.random.permutation(males)[0:n_mar]
[14 23  5  7 22 17  3]
np.random.permutation(males)[0:n_mar]
[ 8 22  0  3  2 17 21]
np.random.permutation(males)[0:n_mar]
[19 10 21 15 23  3  1]
np.random.permutation(males)[0:n_mar]
[10 14  2 13 12 19 15]
np.random.permutation(males)[0:n_mar]
[21  2 22 20 23 16 19]
np.random.permutation(males)[0:n_mar]
[21 10 23 11 12 16  4]
np.random.permutation(males)[0:n_mar]
[19  9 10  8  7  5 13]
np.random.permutation(males)[0:n_mar]
[ 7 20  2  9 22  3 13]
np.random.permutation(males)[0:n_mar]
[ 8 15  1 14 20  2 11]
np.random.permutation(males)[0:n_mar]
[ 8 19 23  0 12 16  9]
np.random.permutation(males)[0:n_mar]
[10 12 11  9  8  7  5]
np.random.permutation(males)[0:n_mar]
[ 6  1 12 16 10  3 18]
np.random.permutation(males)[0:n_mar]
[20 16 15  2 22 14  8]
np.random.permutation(males)[0:n_mar]
[11 18 17 23 10 19  4]
np.random.permutation(males)[0:n_mar]
[16 19  9 10 17 18 21]
np.random.permutation(males)[0:n_mar]
[20 10 13 22 12  2  3]
np.random.permutation(males)[0:n_mar]
[ 8 15  1  6  5 13 17]
np.random.permutation(males)[0:n_mar]
[ 7  8 11 18 23  3 21]
np.random.permutation(males)[0:n_mar]
[ 3 13 18  9  4 12 20]
np.random.permutation(males)[0:n_mar]
[15  6  5 22 11 21  3]
np.random.permutation(males)[0:n_mar]
[23 19 10  4  2 12  0]
np.random.permutation(males)[0:n_mar]
[23  5 21 16 20 18 12]
np.random.permutation(males)[0:n_mar]
[23  2 17 19  1  6 13]
np.random.permutation(males)[0:n_mar]
[ 9  1 17  8  6  4  5]
np.random.permutation(males)[0:n_mar]
[19  4 11  7 20  3  2]
np.random.permutation(males)[0:n_mar]
[17 16  7  9 22  1  0]
np.random.permutation(males)[0:n_mar]
[20 21  3  4  8 19  1]
np.random.permutation(males)[0:n_mar]
[16 19 15 10 20  3 22]
np.random.permutation(males)[0:n_mar]
[ 9 15 22  0 21  2 13]
np.random.permutation(males)[0:n_mar]
[10  4  6 22 14  8  9]
np.random.permutation(males)[0:n_mar]
[20  2 17  8 18 13 16]
np.random.permutation(males)[0:n_mar]
[17 22 15 16  8  4  0]
np.random.permutation(males)[0:n_mar]
[22 18 17  4 15  2 16]
np.random.permutation(males)[0:n_mar]
[ 3  6  4  9 18  8 14]
np.random.permutation(males)[0:n_mar]
[ 8 23  6 17  7 10 19]
np.random.permutation(males)[0:n_mar]
[ 0 19 21 22  5 14 17]
np.random.permutation(males)[0:n_mar]
[ 4  3 10 14  6  9  1]
np.random.permutation(males)[0:n_mar]
[ 2  1 16 12 21 19  0]
np.random.permutation(males)[0:n_mar]
[10 16  2 17 12  7  4]
np.random.permutation(males)[0:n_mar]
[12 15  2 23  5  1 11]
np.random.permutation(males)[0:n_mar]
[21 10  6 18 16  1  0]
np.random.permutation(males)[0:n_mar]
[ 4 15 18  0 17 10  9]
np.random.permutation(males)[0:n_mar]
[ 2 14 15 20  9 22  4]
np.random.permutation(males)[0:n_mar]
[ 9 23 10  7 13 17 19]
np.random.permutation(males)[0:n_mar]
[14  1 17  5 20 13  6]
np.random.permutation(males)[0:n_mar]
[23  8 22 11 10  6  2]
np.random.permutation(males)[0:n_mar]
[ 2  8 13 19  6 20  3]
np.random.permutation(males)[0:n_mar]
[10 20 16  3  7 14  8]
np.random.permutation(males)[0:n_mar]
[17 14  8  7 10  5 15]
np.random.permutation(males)[0:n_mar]
[ 0 21  5  6 16  8  1]
np.random.permutation(males)[0:n_mar]
[17 16 12 11 19  4  9]
np.random.permutation(males)[0:n_mar]
[ 8 22  2 14 10 13 15]
np.random.permutation(males)[0:n_mar]
[20  4 22 18 17 23  2]
np.random.permutation(males)[0:n_mar]
[ 4 22 13  9  0  1  5]
np.random.permutation(males)[0:n_mar]
[18  4 20 15 11  3 16]
np.random.permutation(males)[0:n_mar]
[ 9  4 12 11  3  5 16]
np.random.permutation(males)[0:n_mar]
[ 7  0 10 14  1 17  4]
np.random.permutation(males)[0:n_mar]
[ 8 14 19  6 21 12 11]
np.random.permutation(males)[0:n_mar]
[14 12 22 17  0 21  9]
np.random.permutation(males)[0:n_mar]
[ 0  6 21 16  3 18 12]
np.random.permutation(males)[0:n_mar]
[ 8  5 21 15 17  2 11]
np.random.permutation(males)[0:n_mar]
[ 0 11 10  6 15 20 17]
np.random.permutation(males)[0:n_mar]
[ 8 20  7 21 12  6  0]
np.random.permutation(males)[0:n_mar]
[21  8  7 22 20 13 18]
np.random.permutation(males)[0:n_mar]
[ 3 23  7 11 15  2  0]
np.random.permutation(males)[0:n_mar]
[14  1  0 23 19 16 21]
np.random.permutation(males)[0:n_mar]
[11 18  8  3 12  5 16]
np.random.permutation(males)[0:n_mar]
[11 21 16 18  7 12 15]
np.random.permutation(males)[0:n_mar]
[23  5 11  9 21  4  7]
np.random.permutation(males)[0:n_mar]
[17  3 13  9 14  4 21]
np.random.permutation(males)[0:n_mar]
[13 21 15 16  1 11  9]
np.random.permutation(males)[0:n_mar]
[17 15  1 20  6  5 23]
np.random.permutation(males)[0:n_mar]
[15 20 14 17 13 11 19]
np.random.permutation(males)[0:n_mar]
[23 20 11 14 21  9 12]
np.random.permutation(males)[0:n_mar]
[21 10 18  9 14  5 11]
np.random.permutation(males)[0:n_mar]
[20  3 16 10  9 19 18]
np.random.permutation(males)[0:n_mar]
[ 3  4  7 17 20 21 11]
np.random.permutation(males)[0:n_mar]
[ 7 23  0  9  1 10 17]
np.random.permutation(males)[0:n_mar]
[14  2 11  6 10 15 12]
np.random.permutation(males)[0:n_mar]
[21 15  6 17 20 16 22]
np.random.permutation(males)[0:n_mar]
[ 2  5 23 18 16  1  3]
np.random.permutation(males)[0:n_mar]
[16 13  3  6  8 22 17]
np.random.permutation(males)[0:n_mar]
[ 8  7 19 17  0  4  2]
np.random.permutation(males)[0:n_mar]
[ 2  5 10 22 11 17  8]
np.random.permutation(males)[0:n_mar]
[20  6  5 17 23 15  2]
np.random.permutation(males)[0:n_mar]
[10 18 22  1  9 16  2]
np.random.permutation(males)[0:n_mar]
[ 7  6  3 15 17 10  1]
np.random.permutation(males)[0:n_mar]
[ 8  9 19  6 10  1 22]
np.random.permutation(males)[0:n_mar]
[ 0 11 17 10  9  6  5]
np.random.permutation(males)[0:n_mar]
[ 8 10 14  7  6 18 19]
np.random.permutation(males)[0:n_mar]
[ 5 20 19  1  7 16  3]
np.random.permutation(males)[0:n_mar]
[19  0 17 18  7 22 12]
np.random.permutation(males)[0:n_mar]
[ 0 20 12  9  5  2  6]
np.random.permutation(males)[0:n_mar]
[10  7  4 16  5 13  0]
np.random.permutation(males)[0:n_mar]
[ 6 17  7  4 22  5 23]
np.random.permutation(males)[0:n_mar]
[ 6 15  0 22 20  1 23]
np.random.permutation(males)[0:n_mar]
[ 8 14  0 20  1 15 18]
np.random.permutation(males)[0:n_mar]
[12 19 14  4 22 10  6]
np.random.permutation(males)[0:n_mar]
[ 2  9 17 20 21 14 16]
np.random.permutation(males)[0:n_mar]
[14 15 22  8  9  6 19]
np.random.permutation(males)[0:n_mar]
[16 15  5 14 11  7 22]
np.random.permutation(males)[0:n_mar]
[ 8 23  9 11 12  3  4]
np.random.permutation(males)[0:n_mar]
[ 7 15  1  6 16 18 12]
np.random.permutation(males)[0:n_mar]
[15 11 19 10  0 17 13]
np.random.permutation(males)[0:n_mar]
[19  8 20  2 22 15 14]
np.random.permutation(males)[0:n_mar]
[19 18 11  8  0  4 21]
np.random.permutation(males)[0:n_mar]
[23  2 22  4  0  3  5]
np.random.permutation(males)[0:n_mar]
[23  5  7  8 11  4 20]
np.random.permutation(males)[0:n_mar]
[ 6  5 14 15 20 11 22]
np.random.permutation(males)[0:n_mar]
[15  0 22  2 14 17 13]
np.random.permutation(males)[0:n_mar]
[20 18  1  4 14 16 17]
np.random.permutation(males)[0:n_mar]
[ 2 16 19 18 14 17  3]
np.random.permutation(males)[0:n_mar]
[15 19 14  0  5  7  3]
np.random.permutation(males)[0:n_mar]
[11  3 17  5 15  1  8]
np.random.permutation(males)[0:n_mar]
[21 23 12  8  6 16  1]
np.random.permutation(males)[0:n_mar]
[ 4  1  2 19 22  5 11]
np.random.permutation(males)[0:n_mar]
[ 9 13 22 10 21 11 18]
np.random.permutation(males)[0:n_mar]
[ 8 14 23 11  1 21 20]
np.random.permutation(males)[0:n_mar]
[21 22 14  1 20 10  6]
np.random.permutation(males)[0:n_mar]
[14  8  7 15  0  4 22]
np.random.permutation(males)[0:n_mar]
[ 4 15 22 23  9  7 11]
np.random.permutation(males)[0:n_mar]
[ 0  7 12  9 14 16 15]
np.random.permutation(males)[0:n_mar]
[16  2  1  7 14 11 18]
np.random.permutation(males)[0:n_mar]
[ 1  9 18  0  8  4 10]
np.random.permutation(males)[0:n_mar]
[17 20  2  5 12  7 15]
np.random.permutation(males)[0:n_mar]
[21  7 23 16  5  2 18]
np.random.permutation(males)[0:n_mar]
[ 1  9 10 11 15 14 19]
np.random.permutation(males)[0:n_mar]
[ 1 23  0  6 12  7 13]
np.random.permutation(males)[0:n_mar]
[ 0 17  7 12 10  8 15]
np.random.permutation(males)[0:n_mar]
[ 3  8  0  1 17 20 12]
np.random.permutation(males)[0:n_mar]
[ 2  5  9 11 14 16  6]
np.random.permutation(males)[0:n_mar]
[ 9 22 18 13  2  3 17]
np.random.permutation(males)[0:n_mar]
[12 18 17 11  5  1  2]
np.random.permutation(males)[0:n_mar]
[22  2 15  3 23  6 12]
np.random.permutation(males)[0:n_mar]
[ 0 23  6 18 17 21 22]
np.random.permutation(males)[0:n_mar]
[17  2  6  3 19  4 11]
np.random.permutation(males)[0:n_mar]
[15  9  3 11  5  2  1]
np.random.permutation(males)[0:n_mar]
[ 0 23 15 18  9 10 20]
np.random.permutation(males)[0:n_mar]
[18 22 16  5 15  7 23]
np.random.permutation(males)[0:n_mar]
[ 6  2 11 12 20 22 10]
np.random.permutation(males)[0:n_mar]
[ 7 16 19 15  0  6 13]
np.random.permutation(males)[0:n_mar]
[15 23  2 14 19 13 21]
np.random.permutation(males)[0:n_mar]
[11 14  1  7 16 23 13]
np.random.permutation(males)[0:n_mar]
[ 6 18  2 10 21 15 23]
np.random.permutation(males)[0:n_mar]
[ 3  5  0  8  2 12  9]
np.random.permutation(males)[0:n_mar]
[ 1 16 10 18 11 12  7]
np.random.permutation(males)[0:n_mar]
[10 18 14  7  3 17  4]
np.random.permutation(males)[0:n_mar]
[18  3 21 20 19  2 13]
np.random.permutation(males)[0:n_mar]
[19  5 13 14 11 17 16]
np.random.permutation(males)[0:n_mar]
[ 6 14 19  1 16 22  9]
np.random.permutation(males)[0:n_mar]
[ 7  1 23 12 18 16  5]
np.random.permutation(males)[0:n_mar]
[16  3 21 10 13 12  8]
np.random.permutation(males)[0:n_mar]
[17  1  9  8 11 15  6]
np.random.permutation(males)[0:n_mar]
[22 20 19 23 17  3  8]
np.random.permutation(males)[0:n_mar]
[19  4 12 10  9 14 16]
np.random.permutation(males)[0:n_mar]
[21 20 16  5  0 15  8]
np.random.permutation(males)[0:n_mar]
[15  8  4  6  9 21  7]
np.random.permutation(males)[0:n_mar]
[ 7  9  8  4  0 20 14]
np.random.permutation(males)[0:n_mar]
[12 23 19  9 17  3 22]
np.random.permutation(males)[0:n_mar]
[15  4  9 12  1 20 21]
np.random.permutation(males)[0:n_mar]
[ 9 22  1  6 19 10  2]
np.random.permutation(males)[0:n_mar]
[18 15 14 17 13  2  7]
np.random.permutation(males)[0:n_mar]
[10  4  2  0  9  7 15]
np.random.permutation(males)[0:n_mar]
[20  7 21  8 18  1 19]
np.random.permutation(males)[0:n_mar]
[ 6  3  1  8 15 12 22]
np.random.permutation(males)[0:n_mar]
[ 3 22 10 20  7  0 14]
np.random.permutation(males)[0:n_mar]
[ 6  7 12 22 19  0 23]
np.random.permutation(males)[0:n_mar]
[ 4  1  9 12 17 16  7]
np.random.permutation(males)[0:n_mar]
[ 3 18  5 16 21  0  7]
np.random.permutation(males)[0:n_mar]
[11 16  1  2 14  8  3]
np.random.permutation(males)[0:n_mar]
[22 11 17  1 19 12 18]
np.random.permutation(males)[0:n_mar]
[ 5 18 14  2 15  6  9]
np.random.permutation(males)[0:n_mar]
[10 11 18 19  4 23  5]
np.random.permutation(males)[0:n_mar]
[11 14 15  2 10  9  1]
np.random.permutation(males)[0:n_mar]
[23  0 20 22 19 16 10]
np.random.permutation(males)[0:n_mar]
[20  8  9  5  3 19 13]
np.random.permutation(males)[0:n_mar]
[ 9  3  0  5  6  1 22]
np.random.permutation(males)[0:n_mar]
[ 1 17  8  2 12  5  7]
np.random.permutation(males)[0:n_mar]
[ 8  6 20 17 16  2 21]
np.random.permutation(males)[0:n_mar]
[ 3 21  7  2 10 12 16]
np.random.permutation(males)[0:n_mar]
[ 8  2 14  1 20  3 13]
np.random.permutation(males)[0:n_mar]
[18 20 19 11  5  4  8]
np.random.permutation(males)[0:n_mar]
[15 16 19  2 21  8 10]
np.random.permutation(males)[0:n_mar]
[ 3  4  0 12 13 22  5]
np.random.permutation(males)[0:n_mar]
[13  7  2  0 12 23 21]
np.random.permutation(males)[0:n_mar]
[23 17  0 12 19 18  9]
np.random.permutation(males)[0:n_mar]
[16 11  6  9 12  0 20]
np.random.permutation(males)[0:n_mar]
[18 22 13  6  5  4  8]
np.random.permutation(males)[0:n_mar]
[17  7 18  0  1 21  9]
np.random.permutation(males)[0:n_mar]
[ 9 14  4  2 12 11  3]
np.random.permutation(males)[0:n_mar]
[20 17  2 14 12 11  3]
np.random.permutation(males)[0:n_mar]
[11 19  5 12  7  1 15]
np.random.permutation(males)[0:n_mar]
[ 6  7 12 23  9 18 14]
np.random.permutation(males)[0:n_mar]
[ 5  4 17 20 12 14  9]
np.random.permutation(males)[0:n_mar]
[16 14 23 10  0  8 20]
np.random.permutation(males)[0:n_mar]
[ 5 10  2 20 11 12 22]
np.random.permutation(males)[0:n_mar]
[ 8 18 23  3  2 14 17]
np.random.permutation(males)[0:n_mar]
[ 8 13 10  0 14  3  6]
np.random.permutation(males)[0:n_mar]
[10 15  5  9 18 16 14]
np.random.permutation(males)[0:n_mar]
[10 15 23  0  3 13 17]
np.random.permutation(males)[0:n_mar]
[17 22 11  3 15 20 21]
np.random.permutation(males)[0:n_mar]
[23 11  2 21  5 14  9]
np.random.permutation(males)[0:n_mar]
[20  0  3  1  5 21 12]
np.random.permutation(males)[0:n_mar]
[ 7 21  0  5 16  6  8]
np.random.permutation(males)[0:n_mar]
[11 10 21 16  5  6  2]
np.random.permutation(males)[0:n_mar]
[ 1  4 11  5  2 14 23]
np.random.permutation(males)[0:n_mar]
[ 4 20 12  9  3  7  5]
np.random.permutation(males)[0:n_mar]
[ 6 13 10 18 15  1  2]
np.random.permutation(males)[0:n_mar]
[18 13 19  4  1 22  7]
np.random.permutation(males)[0:n_mar]
[ 7 21 13 22 17  1 19]
np.random.permutation(males)[0:n_mar]
[22 19 20 17  3 16  9]
np.random.permutation(males)[0:n_mar]
[ 3 12 20  4  0  9 10]
np.random.permutation(males)[0:n_mar]
[11 16  8  7 18 20 12]
np.random.permutation(males)[0:n_mar]
[ 1  6  2 18 14 16 12]
np.random.permutation(males)[0:n_mar]
[ 9 15 21  1 19 12  3]
np.random.permutation(males)[0:n_mar]
[ 0 19  1 17 15  2  4]
np.random.permutation(males)[0:n_mar]
[ 6 11 20 21  3 23 15]
np.random.permutation(males)[0:n_mar]
[10 19 23 11  3  4  6]
np.random.permutation(males)[0:n_mar]
[ 3  6 18 13 23  0 17]
np.random.permutation(males)[0:n_mar]
[10  2 14  5  7 22  0]
np.random.permutation(males)[0:n_mar]
[10  4 18 15  9  8  5]
np.random.permutation(males)[0:n_mar]
[11 19  1  8  5  0 14]
np.random.permutation(males)[0:n_mar]
[14 18  7 19 10 16  2]
np.random.permutation(males)[0:n_mar]
[23 19 17  4  9 14 20]
np.random.permutation(males)[0:n_mar]
[ 9  4  3  0 12 15  1]
np.random.permutation(males)[0:n_mar]
[17 13  5  3 20  9 16]
np.random.permutation(males)[0:n_mar]
[15  2  6  1  5 10 14]
np.random.permutation(males)[0:n_mar]
[22 17 12 10 15 23  8]
np.random.permutation(males)[0:n_mar]
[ 2 21  6 15 20 22  4]
np.random.permutation(males)[0:n_mar]
[ 7 12  6  3  4 21 16]
np.random.permutation(males)[0:n_mar]
[ 1 22  3 21  4 23 20]
np.random.permutation(males)[0:n_mar]
[ 5 19  8 22  2  7 17]
np.random.permutation(males)[0:n_mar]
[11  9  1 10  3  6 13]
np.random.permutation(males)[0:n_mar]
[ 3 18  1 20 23  6 17]
np.random.permutation(males)[0:n_mar]
[ 2 18 23 12 11  3 22]
np.random.permutation(males)[0:n_mar]
[21 11 15 13 19  1 12]
np.random.permutation(males)[0:n_mar]
[ 4 17 14 23 22 20  8]
np.random.permutation(males)[0:n_mar]
[19  1 11  5  0 15 14]
np.random.permutation(males)[0:n_mar]
[ 5 20  7 11 23 21  3]
np.random.permutation(males)[0:n_mar]
[17 15  1 18 19 10  9]
np.random.permutation(males)[0:n_mar]
[17 18 22 13  1 15 10]
np.random.permutation(males)[0:n_mar]
[ 9  6 14  8  5 13 17]
np.random.permutation(males)[0:n_mar]
[13  0 19 17 22 10  5]
np.random.permutation(males)[0:n_mar]
[10  8 13  3 14  6 17]
np.random.permutation(males)[0:n_mar]
[19  5 22 14  9  3 15]
np.random.permutation(males)[0:n_mar]
[19  2  9 17  5  3  7]
np.random.permutation(males)[0:n_mar]
[20  4  2 13 11 16 21]
np.random.permutation(males)[0:n_mar]
[19 10 16 21  9  0  7]
np.random.permutation(males)[0:n_mar]
[ 9  5 23  2  7 22  4]
np.random.permutation(males)[0:n_mar]
[ 0 17 15 12  6 11 14]
np.random.permutation(males)[0:n_mar]
[21 20  8 15  9  5  1]
np.random.permutation(males)[0:n_mar]
[11  9 12  6  8 16  0]
np.random.permutation(males)[0:n_mar]
[12 11  2 14 20  6  7]
np.random.permutation(males)[0:n_mar]
[18  6 23  1  9 11  5]
np.random.permutation(males)[0:n_mar]
[ 1 20  4  9 12 17  7]
np.random.permutation(males)[0:n_mar]
[ 4 11 20 23  6 15 13]
np.random.permutation(males)[0:n_mar]
[ 0 21  4  8 20  6  2]
np.random.permutation(males)[0:n_mar]
[ 7 23 10  1 11  6 16]
np.random.permutation(males)[0:n_mar]
[ 1 16 11 14 23  3  9]
np.random.permutation(males)[0:n_mar]
[14 17  0  5 18 12 22]
np.random.permutation(males)[0:n_mar]
[13 19 21 12 10  4  9]
np.random.permutation(males)[0:n_mar]
[22  6 13  5 14 16 17]
np.random.permutation(males)[0:n_mar]
[ 1 23 13 20 11  2 12]
np.random.permutation(males)[0:n_mar]
[ 3 14 10  4 18  8 16]
np.random.permutation(males)[0:n_mar]
[20  3 16  1 18 19 11]
np.random.permutation(males)[0:n_mar]
[ 3 14  1  8  5 19 12]
np.random.permutation(males)[0:n_mar]
[ 0  5 10  6 22 13 15]
np.random.permutation(males)[0:n_mar]
[11  7  5  3  4 19 13]
np.random.permutation(males)[0:n_mar]
[ 2  6  0  7 13  8  3]
np.random.permutation(males)[0:n_mar]
[18 17  5  7 19 20 21]
np.random.permutation(males)[0:n_mar]
[ 7 14  1 10  9 13  4]
np.random.permutation(males)[0:n_mar]
[ 3  8  4  9 22 16  6]
np.random.permutation(males)[0:n_mar]
[ 6  7  1 11 14 21 23]
np.random.permutation(males)[0:n_mar]
[21  4 16 17 13  8 18]
np.random.permutation(males)[0:n_mar]
[ 6  3  7  5  4  9 16]
np.random.permutation(males)[0:n_mar]
[ 7 14 13  2  8  5  1]
np.random.permutation(males)[0:n_mar]
[ 3  0 13 20  9  4  6]
np.random.permutation(males)[0:n_mar]
[12  6 17 18 16 22  9]
np.random.permutation(males)[0:n_mar]
[20 14 21  8 11 12  5]
np.random.permutation(males)[0:n_mar]
[22  2 14 19  6 13  7]
np.random.permutation(males)[0:n_mar]
[10 14 19 13  2 18  1]
np.random.permutation(males)[0:n_mar]
[17 21  9 10  5  7 15]
np.random.permutation(males)[0:n_mar]
[ 1  7 23  3 19  2 21]
np.random.permutation(males)[0:n_mar]
[23 21  2 11 14 22 13]
np.random.permutation(males)[0:n_mar]
[16 15  1  9 17 18 12]
np.random.permutation(males)[0:n_mar]
[ 7  3 12 18 15  5 22]
np.random.permutation(males)[0:n_mar]
[ 0  9  2 15 16 22 11]
np.random.permutation(males)[0:n_mar]
[ 6  8  5  4 15 14 12]
np.random.permutation(males)[0:n_mar]
[ 4 12  7  5 11 20  1]
np.random.permutation(males)[0:n_mar]
[ 7  0  5 19  9 21  6]
np.random.permutation(males)[0:n_mar]
[ 4 19  9 16 22  8  6]
np.random.permutation(males)[0:n_mar]
[19  2 12 16 20  3  1]
np.random.permutation(males)[0:n_mar]
[23  0  2 20  6 18 21]
np.random.permutation(males)[0:n_mar]
[ 3 14 17  9  4 16 12]
np.random.permutation(males)[0:n_mar]
[ 1  5 14 15 19  2 16]
np.random.permutation(males)[0:n_mar]
[ 3  0 19  6  5 17 16]
np.random.permutation(males)[0:n_mar]
[17  6  8 18  1  9 23]
np.random.permutation(males)[0:n_mar]
[ 7 14 22  3 18 12  9]
np.random.permutation(males)[0:n_mar]
[ 0  4 15 12  7  6  2]
np.random.permutation(males)[0:n_mar]
[22  6  2 19 16  4 13]
np.random.permutation(males)[0:n_mar]
[14  1  7  0 18 13 12]
np.random.permutation(males)[0:n_mar]
[10 21 17 15 12 18  6]
np.random.permutation(males)[0:n_mar]
[ 9 23 13 19 18 12  4]
np.random.permutation(males)[0:n_mar]
[ 3  2  1 16  9 11  6]
np.random.permutation(males)[0:n_mar]
[ 5  6 12 11 19 15  9]
np.random.permutation(males)[0:n_mar]
[20 16  2  8 21 15 23]
np.random.permutation(males)[0:n_mar]
[18  9 17  0  1 14  2]
np.random.permutation(males)[0:n_mar]
[ 8 18  7 11 20  3  6]
np.random.permutation(males)[0:n_mar]
[16 15  9 10  1  4  6]
np.random.permutation(males)[0:n_mar]
[ 3 16  7 11 23 12 20]
np.random.permutation(males)[0:n_mar]
[ 8 13  1  7 17 15  2]
np.random.permutation(males)[0:n_mar]
[14  0  6  2 11 16  7]
np.random.permutation(males)[0:n_mar]
[ 4 13 23 20 16  8 15]
np.random.permutation(males)[0:n_mar]
[ 6 14 22  7  3 20 21]
np.random.permutation(males)[0:n_mar]
[ 3 10  9 16 14 17 11]
np.random.permutation(males)[0:n_mar]
[10 23  7  2 19 16 21]
np.random.permutation(males)[0:n_mar]
[ 5  3 21 19  9 11 18]
np.random.permutation(males)[0:n_mar]
[ 3 15 17  1  2 18  4]
np.random.permutation(males)[0:n_mar]
[17  5 14  6 11 23 13]
np.random.permutation(males)[0:n_mar]
[ 6  2 17  5 21 23 13]
np.random.permutation(males)[0:n_mar]
[ 1 21 23 20 22 16  9]
np.random.permutation(males)[0:n_mar]
[11 17 21  3  5 10  0]
np.random.permutation(males)[0:n_mar]
[19 12 18  3 15 16  0]
np.random.permutation(males)[0:n_mar]
[ 9 18  4 22 15 21  5]
np.random.permutation(males)[0:n_mar]
[ 1 22 13  3 15 21  5]
np.random.permutation(males)[0:n_mar]
[ 6 21 16 15 12  7 14]
np.random.permutation(males)[0:n_mar]
[ 0 17  7 20 12  6  1]
np.random.permutation(males)[0:n_mar]
[20 18 12 10 13 16 15]
np.random.permutation(males)[0:n_mar]
[ 8 20  5  4  2  7  6]
np.random.permutation(males)[0:n_mar]
[ 2 12 11 13  3 17  7]
np.random.permutation(males)[0:n_mar]
[ 9 20  3  1 11 18  8]
np.random.permutation(males)[0:n_mar]
[10 22  8 21  0  5  1]
np.random.permutation(males)[0:n_mar]
[15 18 21  7  4  0  9]
np.random.permutation(males)[0:n_mar]
[ 4  9 14 15 23 12 19]
np.random.permutation(males)[0:n_mar]
[ 5  9  7  1 14 15 19]
np.random.permutation(males)[0:n_mar]
[ 6  3  2 21  5 14 10]
np.random.permutation(males)[0:n_mar]
[11 18 21  6 13 16  7]
np.random.permutation(males)[0:n_mar]
[ 9  8 10  3 13 18  4]
np.random.permutation(males)[0:n_mar]
[20  8  6 10 11  0 22]
np.random.permutation(males)[0:n_mar]
[22  6  3 21 11 23 20]
np.random.permutation(males)[0:n_mar]
[18 15 20  3  9 16  2]
np.random.permutation(males)[0:n_mar]
[17  5 18  2  1  6 15]
np.random.permutation(males)[0:n_mar]
[22 18  2  4 10  6 21]
np.random.permutation(males)[0:n_mar]
[21  9  1 19  7  6  4]
np.random.permutation(males)[0:n_mar]
[13 14  3  9 21  4  5]
np.random.permutation(males)[0:n_mar]
[23 20 14 11 12  7 19]
np.random.permutation(males)[0:n_mar]
[15  3  0 11 22  8  4]
np.random.permutation(males)[0:n_mar]
[ 9 16 13  8  6 22  0]
np.random.permutation(males)[0:n_mar]
[14  2 11 15 21  4  8]
np.random.permutation(males)[0:n_mar]
[18 22  0 13  1  9  8]
np.random.permutation(males)[0:n_mar]
[11 12  2  9 13 22  7]
np.random.permutation(males)[0:n_mar]
[14  6 20 10  5 22  9]
np.random.permutation(males)[0:n_mar]
[12  1 17 23 16 10 11]
np.random.permutation(males)[0:n_mar]
[19 11  2 17  9 12 14]
np.random.permutation(males)[0:n_mar]
[ 4 18 13 15  8  0  7]
np.random.permutation(males)[0:n_mar]
[22 13 11 19 15  7  5]
np.random.permutation(males)[0:n_mar]
[10  0 11 18  3 23 13]
np.random.permutation(males)[0:n_mar]
[11  5  8  6 23 20  2]
np.random.permutation(males)[0:n_mar]
[23 19  2  0  1 18 15]
np.random.permutation(males)[0:n_mar]
[19  8 16  3  7 14 23]
np.random.permutation(males)[0:n_mar]
[19  8 11  7 13 22 15]
np.random.permutation(males)[0:n_mar]
[15  9  5 18  4 22  7]
np.random.permutation(males)[0:n_mar]
[ 3 14  5 17 16  6 12]
np.random.permutation(males)[0:n_mar]
[20  4 21 19  1 23 10]
np.random.permutation(males)[0:n_mar]
[ 6 11 22  9 20  5 17]
np.random.permutation(males)[0:n_mar]
[20  0 21  2 17 18  1]
np.random.permutation(males)[0:n_mar]
[ 9  8 21 16 23 20 18]
np.random.permutation(males)[0:n_mar]
[18  3 16 17 12 14 11]
np.random.permutation(males)[0:n_mar]
[ 7 16 20 17  9  2 18]
np.random.permutation(males)[0:n_mar]
[ 6  9  4 14  2  0 11]
np.random.permutation(males)[0:n_mar]
[ 5  3 13  1 19 22 21]
np.random.permutation(males)[0:n_mar]
[ 5 20 13 12 15  7  3]
np.random.permutation(males)[0:n_mar]
[21 19  4  0  7 23 12]
np.random.permutation(males)[0:n_mar]
[15 11 16 17  6 12  9]
np.random.permutation(males)[0:n_mar]
[10  9  5  1 19 17 11]
np.random.permutation(males)[0:n_mar]
[14 10 20 13 23 12 15]
np.random.permutation(males)[0:n_mar]
[13  5 19  2 17 20  4]
np.random.permutation(males)[0:n_mar]
[ 4  1 14  9  6  7  5]
np.random.permutation(males)[0:n_mar]
[20 22  7 21  5  0 12]
np.random.permutation(males)[0:n_mar]
[ 2 17  5 22  3 21  6]
np.random.permutation(males)[0:n_mar]
[ 2  1 20  6  3 14  0]
np.random.permutation(males)[0:n_mar]
[ 1 14 20 10 13 18  5]
np.random.permutation(males)[0:n_mar]
[ 9 14  7 23 11 21 10]
np.random.permutation(males)[0:n_mar]
[13  1 15  9 18  5 11]
np.random.permutation(males)[0:n_mar]
[10  0 20  7  6 14 15]
np.random.permutation(males)[0:n_mar]
[ 2 17  4 22  0 19 20]
np.random.permutation(males)[0:n_mar]
[15 14  9 17  0  8  5]
np.random.permutation(males)[0:n_mar]
[12 21  4  0 13 22  9]
np.random.permutation(males)[0:n_mar]
[19 22 17 21 11  6 14]
np.random.permutation(males)[0:n_mar]
[13 14 22 20 10 23 11]
np.random.permutation(males)[0:n_mar]
[21 13  8 23  4 22  3]
np.random.permutation(males)[0:n_mar]
[10 16 17 22 23 14  6]
np.random.permutation(males)[0:n_mar]
[ 8 13 20  9 17 22  3]
np.random.permutation(males)[0:n_mar]
[19  6 13  9  0 16 18]
np.random.permutation(males)[0:n_mar]
[12  0  1  6  5  7 21]
np.random.permutation(males)[0:n_mar]
[13 16  2  1 18 14 15]
np.random.permutation(males)[0:n_mar]
[ 6 15 23 12 19 11  4]
np.random.permutation(males)[0:n_mar]
[10 18 20  4  7 15  8]
np.random.permutation(males)[0:n_mar]
[ 1 15 20 13 16 11 12]
np.random.permutation(males)[0:n_mar]
[14 13  7 15 22 18 16]
np.random.permutation(males)[0:n_mar]
[ 3  8 18 17 15 14 11]
np.random.permutation(males)[0:n_mar]
[ 0 14  1  2  3  6  9]
np.random.permutation(males)[0:n_mar]
[ 5  1  3 23 20  2 19]
np.random.permutation(males)[0:n_mar]
[ 2  0  8 15 10  3 14]
np.random.permutation(males)[0:n_mar]
[ 6 13 21  9  5  4 11]
np.random.permutation(males)[0:n_mar]
[ 6 20 23  9 11  3  0]
np.random.permutation(males)[0:n_mar]
[20 13  5 22  6  4 17]
np.random.permutation(males)[0:n_mar]
[ 3 16 13 10 23  4  8]
np.random.permutation(males)[0:n_mar]
[13 10  8 19  7 14  2]
np.random.permutation(males)[0:n_mar]
[ 3 20  7 18  9 17 23]
np.random.permutation(males)[0:n_mar]
[ 0 13  8 14 17 21 10]
np.random.permutation(males)[0:n_mar]
[ 9  2  4  7  1 19 16]
np.random.permutation(males)[0:n_mar]
[21 17 22  2 12  8 19]
np.random.permutation(males)[0:n_mar]
[ 1 14 12 22  8  6  3]
np.random.permutation(males)[0:n_mar]
[10 21 19 12 22 18 17]
np.random.permutation(males)[0:n_mar]
[ 2  7  9 20  4 10  1]
np.random.permutation(males)[0:n_mar]
[ 9 22  8  3 12 20 14]
np.random.permutation(males)[0:n_mar]
[ 9 22 17 20  2 13 16]
np.random.permutation(males)[0:n_mar]
[17 16  9 11 23  0  3]
np.random.permutation(males)[0:n_mar]
[22  8  9  2 10 15  5]
np.random.permutation(males)[0:n_mar]
[ 8  7 17 20  3 13  2]
np.random.permutation(males)[0:n_mar]
[23 10  8 13  0 15  7]
np.random.permutation(males)[0:n_mar]
[12 19 16 14  9 23  0]
np.random.permutation(males)[0:n_mar]
[18  2 23 14  0  8 21]
np.random.permutation(males)[0:n_mar]
[ 4  0  5  3 16 15  6]
np.random.permutation(males)[0:n_mar]
[15 19 12  6  8 20 11]
np.random.permutation(males)[0:n_mar]
[10 15  5  8 17  3 12]
np.random.permutation(males)[0:n_mar]
[20  9 22 15 13  3 23]
np.random.permutation(males)[0:n_mar]
[ 4  7  1 22 17 20 21]
np.random.permutation(males)[0:n_mar]
[23  9 15 19  0 13 10]
np.random.permutation(males)[0:n_mar]
[19 12 21  3 11  5 22]
np.random.permutation(males)[0:n_mar]
[15  0  1 10  5  4 19]
np.random.permutation(males)[0:n_mar]
[12 21 15  7 22 10 17]
np.random.permutation(males)[0:n_mar]
[18 14  0  6 22 16 15]
np.random.permutation(males)[0:n_mar]
[10  0 19 11  4 12 18]
np.random.permutation(males)[0:n_mar]
[18 16  0  6 11 21 15]
np.random.permutation(males)[0:n_mar]
[11  5  2 16  0 13 18]
np.random.permutation(males)[0:n_mar]
[ 8 15 10 16 11  2 23]
np.random.permutation(males)[0:n_mar]
[ 4 14 21 10 12  9  2]
np.random.permutation(males)[0:n_mar]
[20  1  2 19 12 21 22]
np.random.permutation(males)[0:n_mar]
[ 6 18  3 23  1 16 14]
np.random.permutation(males)[0:n_mar]
[12 13 21  4  7 16  9]
np.random.permutation(males)[0:n_mar]
[15  2 12 14  4 18 16]
np.random.permutation(males)[0:n_mar]
[ 9 13 15 14 17 11 22]
np.random.permutation(males)[0:n_mar]
[20 14 12 13 17 11  1]
np.random.permutation(males)[0:n_mar]
[18 10 19  6 11  3  0]
np.random.permutation(males)[0:n_mar]
[16 15 18  5  4  6  9]
np.random.permutation(males)[0:n_mar]
[17 18 23 16 22 11  2]
np.random.permutation(males)[0:n_mar]
[16 17 12 19  1 22  2]
np.random.permutation(males)[0:n_mar]
[11  0  3 15  6 18  5]
np.random.permutation(males)[0:n_mar]
[ 2 16  7 20  1 13 22]
np.random.permutation(males)[0:n_mar]
[23  6 10 13 21 15  8]
np.random.permutation(males)[0:n_mar]
[ 9  6  4  2  7 14 13]
np.random.permutation(males)[0:n_mar]
[11 10  1  5 15  7  4]
np.random.permutation(males)[0:n_mar]
[11  6 12  9 21  3  2]
np.random.permutation(males)[0:n_mar]
[15  6 19 23 17 10  1]
np.random.permutation(males)[0:n_mar]
[ 2  3  8  4 11 21 19]
np.random.permutation(males)[0:n_mar]
[14 22  7 20  0 13  6]
np.random.permutation(males)[0:n_mar]
[ 6 23 16 22 19  5  9]
np.random.permutation(males)[0:n_mar]
[17 19 14 23  0 21  2]
np.random.permutation(males)[0:n_mar]
[ 1 12 10  9  2  7 13]
np.random.permutation(males)[0:n_mar]
[20  5 16 21  3 18 11]
np.random.permutation(males)[0:n_mar]
[12  6 14  5  7 13 21]
np.random.permutation(males)[0:n_mar]
[13  7 18 14 16 21 23]
np.random.permutation(males)[0:n_mar]
[23  5 11  9 16 14 18]
np.random.permutation(males)[0:n_mar]
[17 18 10 12  2  9  7]
np.random.permutation(males)[0:n_mar]
[20  3  0 13 21  5 15]
np.random.permutation(males)[0:n_mar]
[ 7 16 22 10 19 21  1]
np.random.permutation(males)[0:n_mar]
[21  3  1 10 22 18 20]
np.random.permutation(males)[0:n_mar]
[11  4 15 13 20 16  2]
np.random.permutation(males)[0:n_mar]
[20 15 18 12  3  7 10]
np.random.permutation(males)[0:n_mar]
[ 9 13  1 21 11 22  6]
np.random.permutation(males)[0:n_mar]
[11 16 18  4 21  5 17]
np.random.permutation(males)[0:n_mar]
[16  0 20  3  7  4 14]
np.random.permutation(males)[0:n_mar]
[19  9 16 21 22 20 10]
np.random.permutation(males)[0:n_mar]
[19  6 13 21 18  3  5]
np.random.permutation(males)[0:n_mar]
[ 0 22  5 11 21 23  1]
np.random.permutation(males)[0:n_mar]
[ 1  7  4  2  5 17 14]
np.random.permutation(males)[0:n_mar]
[ 7  2 15  6 17 21 18]
np.random.permutation(males)[0:n_mar]
[19  7 12  3  9  6  2]
np.random.permutation(males)[0:n_mar]
[17  4 15  2 19 18 11]
np.random.permutation(males)[0:n_mar]
[13 12 16 11 10  6 23]
np.random.permutation(males)[0:n_mar]
[ 0  1 14 12  5  9  4]
np.random.permutation(males)[0:n_mar]
[17 20  0 18 15  9 21]
np.random.permutation(males)[0:n_mar]
[20 11  1 10  8 13  7]
np.random.permutation(males)[0:n_mar]
[ 6 21 19  1  3  9  0]
np.random.permutation(males)[0:n_mar]
[ 5 21  9 14 10 20 18]
np.random.permutation(males)[0:n_mar]
[ 4  1 22 11 12  2 10]
np.random.permutation(males)[0:n_mar]
[ 1 15 12 17  2 20 16]
np.random.permutation(males)[0:n_mar]
[ 4 13 20  2 21 17  3]
np.random.permutation(males)[0:n_mar]
[22 10 14 16 23 19 11]
np.random.permutation(males)[0:n_mar]
[ 7 20 23 16 18  9 13]
np.random.permutation(males)[0:n_mar]
[ 8 22 13  0  9 20 15]
np.random.permutation(males)[0:n_mar]
[19 11 15  5  6 13 18]
np.random.permutation(males)[0:n_mar]
[ 2 16 23 20 18  7 13]
np.random.permutation(males)[0:n_mar]
[ 2 17 14 23 22  5 16]
np.random.permutation(males)[0:n_mar]
[19 22  6  2 14 21  4]
np.random.permutation(males)[0:n_mar]
[20 21  6 15  9  0  3]
np.random.permutation(males)[0:n_mar]
[ 6 17  4 20  3  1 10]
np.random.permutation(males)[0:n_mar]
[20  9 21  1  8 13  4]
np.random.permutation(males)[0:n_mar]
[23  6 16 14 20 22 15]
np.random.permutation(males)[0:n_mar]
[ 5  8 23 15  3 12  4]
np.random.permutation(males)[0:n_mar]
[21 17 11  3 18  5 10]
np.random.permutation(males)[0:n_mar]
[18 19  4 23  2 17 12]
np.random.permutation(males)[0:n_mar]
[19  9 13 10  0  8  2]
np.random.permutation(males)[0:n_mar]
[22  7 11 17  3  1 21]
np.random.permutation(males)[0:n_mar]
[19 22 23 13 15  2  7]
np.random.permutation(males)[0:n_mar]
[17  8  4 22 15 11  0]
np.random.permutation(males)[0:n_mar]
[ 3 12 16  5 18 13 11]
np.random.permutation(males)[0:n_mar]
[ 0 15 22 16 21  7  3]
np.random.permutation(males)[0:n_mar]
[11 23 13  6 18  8 14]
np.random.permutation(males)[0:n_mar]
[16 18  0 22 20  2 19]
np.random.permutation(males)[0:n_mar]
[ 4  2 16 10 19 14  3]
np.random.permutation(males)[0:n_mar]
[ 2 12 18  7 15  3 23]
np.random.permutation(males)[0:n_mar]
[16 13  7 20 22  9 10]
np.random.permutation(males)[0:n_mar]
[21 14 17 15  7 16  1]
np.random.permutation(males)[0:n_mar]
[ 1  0 22 21 20 14 16]
np.random.permutation(males)[0:n_mar]
[ 6 23  3 21  9 19 22]
np.random.permutation(males)[0:n_mar]
[12  0  3 14 15  5 19]
np.random.permutation(males)[0:n_mar]
[12  0 11  2 10 16 23]
np.random.permutation(males)[0:n_mar]
[ 1  0 12  4  9  3  6]
np.random.permutation(males)[0:n_mar]
[23 19  1  7  8 15 13]
np.random.permutation(males)[0:n_mar]
[ 4 10  6 15  9  2 21]
np.random.permutation(males)[0:n_mar]
[19 15  4  1  2 11 16]
np.random.permutation(males)[0:n_mar]
[12  1  6 15 20 17 18]
np.random.permutation(males)[0:n_mar]
[11  0  7  2 17  1 21]
np.random.permutation(males)[0:n_mar]
[19 11  0  7 10  9 17]
np.random.permutation(males)[0:n_mar]
[ 8  6  7 11 17 20  0]
np.random.permutation(males)[0:n_mar]
[16  9  3  0 10  6  1]
np.random.permutation(males)[0:n_mar]
[14 20 23 17  0  6  3]
np.random.permutation(males)[0:n_mar]
[ 2 21 10  1 19  7 18]
np.random.permutation(males)[0:n_mar]
[11 10 13  3 22 14  2]
np.random.permutation(males)[0:n_mar]
[ 9 10  6  3  4 16 22]
np.random.permutation(males)[0:n_mar]
[ 8 23 18  3 22 16 13]
np.random.permutation(males)[0:n_mar]
[15  3 10  8 21  2 23]
np.random.permutation(males)[0:n_mar]
[22 23 16  6  7  0  4]
np.random.permutation(males)[0:n_mar]
[23 12  0 17  7 14 11]
np.random.permutation(males)[0:n_mar]
[13 23  5  0  8 18  6]
np.random.permutation(males)[0:n_mar]
[ 5  0 14  7 19 16  1]
np.random.permutation(males)[0:n_mar]
[ 0 12  2  3  4  8 14]
np.random.permutation(males)[0:n_mar]
[21 20  0  2  9 16  4]
np.random.permutation(males)[0:n_mar]
[19 11 13  9  3  1 14]
np.random.permutation(males)[0:n_mar]
[ 0 23 18 17 12  3 10]
np.random.permutation(males)[0:n_mar]
[ 9 22 11 20 19  7 15]
np.random.permutation(males)[0:n_mar]
[20  8 21 17  4 23 18]
np.random.permutation(males)[0:n_mar]
[19 17  9 11 13 22  5]
np.random.permutation(males)[0:n_mar]
[ 6 11 21  9 17 14 23]
np.random.permutation(males)[0:n_mar]
[23 13 22  2  7 15 14]
np.random.permutation(males)[0:n_mar]
[ 7 11  3 22  8 21 20]
np.random.permutation(males)[0:n_mar]
[18 11  5 19 15  0  2]
np.random.permutation(males)[0:n_mar]
[12 14 10 19 17 21 20]
np.random.permutation(males)[0:n_mar]
[22  7  4 17 21 11  6]
np.random.permutation(males)[0:n_mar]
[23 16  5  3  9 19  7]
np.random.permutation(males)[0:n_mar]
[ 8  1 16  0 17 13  4]
np.random.permutation(males)[0:n_mar]
[20 22 17 14  5 12  2]
np.random.permutation(males)[0:n_mar]
[20  7 12 23  8  2 11]
np.random.permutation(males)[0:n_mar]
[ 1  8 18  0  3 16  2]
np.random.permutation(males)[0:n_mar]
[23 13  7 20  4  6 15]
np.random.permutation(males)[0:n_mar]
[ 9 11  0 16 13 23 19]
np.random.permutation(males)[0:n_mar]
[22 16 20  3 14  5  9]
np.random.permutation(males)[0:n_mar]
[ 7  9 14 23 11  4 19]
np.random.permutation(males)[0:n_mar]
[ 6 23 15  1 19 20 12]
np.random.permutation(males)[0:n_mar]
[19 10 12  6  7 18 21]
np.random.permutation(males)[0:n_mar]
[12 23 18  6  5 17  1]
np.random.permutation(males)[0:n_mar]
[18  1  7 22  3  6 11]
np.random.permutation(males)[0:n_mar]
[ 5 15 13 23  7  9 12]
np.random.permutation(males)[0:n_mar]
[ 1 18 20 11  3 14 15]
np.random.permutation(males)[0:n_mar]
[12 22 18 11  4 19  2]
np.random.permutation(males)[0:n_mar]
[12  4  7 13 23 18  9]
np.random.permutation(males)[0:n_mar]
[14 15  3  9  8  4  5]
np.random.permutation(males)[0:n_mar]
[ 9 22 23  6  0  4 17]
np.random.permutation(males)[0:n_mar]
[20 18  3 14 17  1 12]
