np.random.permutation(males)[0:n_mar]
[10  5 23 14]
np.random.permutation(males)[0:n_mar]
[ 5 16 18 20]
np.random.permutation(males)[0:n_mar]
[ 0 12  6  7]
np.random.permutation(males)[0:n_mar]
[ 3 23 15  2]
np.random.permutation(males)[0:n_mar]
[ 6 20  8  0]
np.random.permutation(males)[0:n_mar]
[ 7 18 17 23]
np.random.permutation(males)[0:n_mar]
[ 8 11 10  6]
np.random.permutation(males)[0:n_mar]
[ 7 20  5 21]
np.random.permutation(males)[0:n_mar]
[20 13 18  5]
np.random.permutation(males)[0:n_mar]
[18 23  8  6]
np.random.permutation(males)[0:n_mar]
[ 1  0 14  3]
np.random.permutation(males)[0:n_mar]
[ 0  9 18 23]
np.random.permutation(males)[0:n_mar]
[20 16  7  9]
np.random.permutation(males)[0:n_mar]
[13  7  0 19]
np.random.permutation(males)[0:n_mar]
[14  8 17 16]
np.random.permutation(males)[0:n_mar]
[ 9 14 17 21]
np.random.permutation(males)[0:n_mar]
[22 20  1  9]
np.random.permutation(males)[0:n_mar]
[20  1  4  7]
np.random.permutation(males)[0:n_mar]
[ 7  6 22  8]
np.random.permutation(males)[0:n_mar]
[ 6  2 10 18]
np.random.permutation(males)[0:n_mar]
[ 6 14 10 21]
np.random.permutation(males)[0:n_mar]
[ 7 22  3  4]
np.random.permutation(males)[0:n_mar]
[ 6 13 20 15]
np.random.permutation(males)[0:n_mar]
[ 8  3 18  9]
np.random.permutation(males)[0:n_mar]
[19 23 17  6]
np.random.permutation(males)[0:n_mar]
[22 23 13  9]
np.random.permutation(males)[0:n_mar]
[ 0 16  2  8]
np.random.permutation(males)[0:n_mar]
[21 15 14 19]
np.random.permutation(males)[0:n_mar]
[16  5  0 14]
np.random.permutation(males)[0:n_mar]
[ 7  0 14 12]
np.random.permutation(males)[0:n_mar]
[18  2  3 16]
np.random.permutation(males)[0:n_mar]
[ 9  4 11  6]
np.random.permutation(males)[0:n_mar]
[ 3  1 10 20]
np.random.permutation(males)[0:n_mar]
[16 20 18  8]
np.random.permutation(males)[0:n_mar]
[17  4 11 14]
np.random.permutation(males)[0:n_mar]
[ 3 23 22 20]
np.random.permutation(males)[0:n_mar]
[16  0 10 12]
np.random.permutation(males)[0:n_mar]
[ 8 20 13 16]
np.random.permutation(males)[0:n_mar]
[19  1 12 14]
np.random.permutation(males)[0:n_mar]
[12  4  3  0]
np.random.permutation(males)[0:n_mar]
[ 3 23  8 22]
np.random.permutation(males)[0:n_mar]
[ 5  1 20 19]
np.random.permutation(males)[0:n_mar]
[17  7  1  0]
np.random.permutation(males)[0:n_mar]
[1 5 2 4]
np.random.permutation(males)[0:n_mar]
[ 8 19  5 11]
np.random.permutation(males)[0:n_mar]
[ 6 14 21  8]
np.random.permutation(males)[0:n_mar]
[11 22  4 14]
np.random.permutation(males)[0:n_mar]
[12  3  8 21]
np.random.permutation(males)[0:n_mar]
[19  7 16  2]
np.random.permutation(males)[0:n_mar]
[23 11 21 18]
np.random.permutation(males)[0:n_mar]
[ 7 23 14  5]
np.random.permutation(males)[0:n_mar]
[20  6  7 13]
np.random.permutation(males)[0:n_mar]
[ 0  8 15 16]
np.random.permutation(males)[0:n_mar]
[20 14 10 18]
np.random.permutation(males)[0:n_mar]
[ 7 14  0  4]
np.random.permutation(males)[0:n_mar]
[16 13  2 15]
np.random.permutation(males)[0:n_mar]
[ 7  4 15 18]
np.random.permutation(males)[0:n_mar]
[ 3  5 14  8]
np.random.permutation(males)[0:n_mar]
[ 5 16 22 19]
np.random.permutation(males)[0:n_mar]
[ 0 22 14  8]
np.random.permutation(males)[0:n_mar]
[23  5  1 22]
np.random.permutation(males)[0:n_mar]
[10  6 20  1]
np.random.permutation(males)[0:n_mar]
[22 20 12  5]
np.random.permutation(males)[0:n_mar]
[8 4 5 3]
np.random.permutation(males)[0:n_mar]
[11 21 19 16]
np.random.permutation(males)[0:n_mar]
[ 9 18 12 15]
np.random.permutation(males)[0:n_mar]
[10 20 14 21]
np.random.permutation(males)[0:n_mar]
[ 4 14 21 13]
np.random.permutation(males)[0:n_mar]
[21 18 22 12]
np.random.permutation(males)[0:n_mar]
[10 11 12 15]
np.random.permutation(males)[0:n_mar]
[ 5  2 23 19]
np.random.permutation(males)[0:n_mar]
[ 6 18  4  9]
np.random.permutation(males)[0:n_mar]
[ 7 11  9 14]
np.random.permutation(males)[0:n_mar]
[ 5 22 14 20]
np.random.permutation(males)[0:n_mar]
[ 7 18  1 14]
np.random.permutation(males)[0:n_mar]
[ 9  6 20  1]
np.random.permutation(males)[0:n_mar]
[10 23  1 22]
np.random.permutation(males)[0:n_mar]
[19 10 20  9]
np.random.permutation(males)[0:n_mar]
[23  1  0  4]
np.random.permutation(males)[0:n_mar]
[21  8 10 16]
np.random.permutation(males)[0:n_mar]
[ 1 14 20  0]
np.random.permutation(males)[0:n_mar]
[ 7 11 22 13]
np.random.permutation(males)[0:n_mar]
[ 7 12 14 11]
np.random.permutation(males)[0:n_mar]
[ 4 18  3  6]
np.random.permutation(males)[0:n_mar]
[ 5 17 16  0]
np.random.permutation(males)[0:n_mar]
[ 5 21 19  8]
np.random.permutation(males)[0:n_mar]
[14 20 16 15]
np.random.permutation(males)[0:n_mar]
[12  4  9  6]
np.random.permutation(males)[0:n_mar]
[ 1 22 13  2]
np.random.permutation(males)[0:n_mar]
[ 8 19 13 22]
np.random.permutation(males)[0:n_mar]
[21 17  9 19]
np.random.permutation(males)[0:n_mar]
[11 10 19  5]
np.random.permutation(males)[0:n_mar]
[ 6  2 18 17]
np.random.permutation(males)[0:n_mar]
[19 15  0 10]
np.random.permutation(males)[0:n_mar]
[ 6  2 21  7]
np.random.permutation(males)[0:n_mar]
[22 11 12  2]
np.random.permutation(males)[0:n_mar]
[10  7 17  9]
np.random.permutation(males)[0:n_mar]
[17 22 23 21]
np.random.permutation(males)[0:n_mar]
[19  1 22  8]
np.random.permutation(males)[0:n_mar]
[14 15 23 17]
np.random.permutation(males)[0:n_mar]
[ 1 23 12  3]
np.random.permutation(males)[0:n_mar]
[20 23 17 12]
np.random.permutation(males)[0:n_mar]
[ 6  3 16  4]
np.random.permutation(males)[0:n_mar]
[ 6  5 23 18]
np.random.permutation(males)[0:n_mar]
[ 3  2  5 23]
np.random.permutation(males)[0:n_mar]
[ 0 13 20  6]
np.random.permutation(males)[0:n_mar]
[22  1 20 21]
np.random.permutation(males)[0:n_mar]
[ 6 19  3  9]
np.random.permutation(males)[0:n_mar]
[ 2 14 16  4]
np.random.permutation(males)[0:n_mar]
[ 1  8  9 14]
np.random.permutation(males)[0:n_mar]
[22  4 10 21]
np.random.permutation(males)[0:n_mar]
[17  0  5  2]
np.random.permutation(males)[0:n_mar]
[12  1  6 19]
np.random.permutation(males)[0:n_mar]
[14 21 18 13]
np.random.permutation(males)[0:n_mar]
[12  7 10 18]
np.random.permutation(males)[0:n_mar]
[ 8 16  7  4]
np.random.permutation(males)[0:n_mar]
[14 20 15 22]
np.random.permutation(males)[0:n_mar]
[19 20 22  1]
np.random.permutation(males)[0:n_mar]
[13 19 18 15]
np.random.permutation(males)[0:n_mar]
[16  4  7  5]
np.random.permutation(males)[0:n_mar]
[ 9 20 15  5]
np.random.permutation(males)[0:n_mar]
[22  9 18 15]
np.random.permutation(males)[0:n_mar]
[13 22  7 23]
np.random.permutation(males)[0:n_mar]
[ 5 16 21  0]
np.random.permutation(males)[0:n_mar]
[ 2 22 21  7]
np.random.permutation(males)[0:n_mar]
[23 13  7  5]
np.random.permutation(males)[0:n_mar]
[ 9 21  6 19]
np.random.permutation(males)[0:n_mar]
[ 9  8  5 15]
np.random.permutation(males)[0:n_mar]
[17 11 15  5]
np.random.permutation(males)[0:n_mar]
[12  1  9  0]
np.random.permutation(males)[0:n_mar]
[14 19  1  4]
np.random.permutation(males)[0:n_mar]
[12  3 15 17]
np.random.permutation(males)[0:n_mar]
[22  9 14  3]
np.random.permutation(males)[0:n_mar]
[ 2 17 19  5]
np.random.permutation(males)[0:n_mar]
[ 5  3 13 20]
np.random.permutation(males)[0:n_mar]
[17 18 10 13]
np.random.permutation(males)[0:n_mar]
[12 18  8  9]
np.random.permutation(males)[0:n_mar]
[11 15  8 14]
np.random.permutation(males)[0:n_mar]
[23 13  7  8]
np.random.permutation(males)[0:n_mar]
[ 4 11  0  3]
np.random.permutation(males)[0:n_mar]
[ 9  4  6 10]
np.random.permutation(males)[0:n_mar]
[ 8  7 23  1]
np.random.permutation(males)[0:n_mar]
[16 14  9  1]
np.random.permutation(males)[0:n_mar]
[ 7 23  4 20]
np.random.permutation(males)[0:n_mar]
[ 3  2 11  7]
np.random.permutation(males)[0:n_mar]
[ 5 15 17  1]
np.random.permutation(males)[0:n_mar]
[ 8  0 19 18]
np.random.permutation(males)[0:n_mar]
[11 23 15 10]
np.random.permutation(males)[0:n_mar]
[20 13  5 23]
np.random.permutation(males)[0:n_mar]
[15  2  4  1]
np.random.permutation(males)[0:n_mar]
[ 6  7  1 17]
np.random.permutation(males)[0:n_mar]
[23 20  0  4]
np.random.permutation(males)[0:n_mar]
[ 1 23  3 12]
np.random.permutation(males)[0:n_mar]
[ 7 11 12 10]
np.random.permutation(males)[0:n_mar]
[ 0 23 14  2]
np.random.permutation(males)[0:n_mar]
[ 3  7  8 16]
np.random.permutation(males)[0:n_mar]
[ 0  7 10  2]
np.random.permutation(males)[0:n_mar]
[22  6  2 18]
np.random.permutation(males)[0:n_mar]
[ 0 12 20 13]
np.random.permutation(males)[0:n_mar]
[23 15 11  4]
np.random.permutation(males)[0:n_mar]
[ 6  7  8 13]
np.random.permutation(males)[0:n_mar]
[18  8  1  7]
np.random.permutation(males)[0:n_mar]
[15 16 12 23]
np.random.permutation(males)[0:n_mar]
[19 10  3 23]
np.random.permutation(males)[0:n_mar]
[23  7 22  1]
np.random.permutation(males)[0:n_mar]
[16  7 23  4]
np.random.permutation(males)[0:n_mar]
[10 16 14 18]
np.random.permutation(males)[0:n_mar]
[ 5  3 15  1]
np.random.permutation(males)[0:n_mar]
[10 18 19  8]
np.random.permutation(males)[0:n_mar]
[14 20  2  7]
np.random.permutation(males)[0:n_mar]
[18  3 14 11]
np.random.permutation(males)[0:n_mar]
[9 0 8 6]
np.random.permutation(males)[0:n_mar]
[ 3 21 13 16]
np.random.permutation(males)[0:n_mar]
[13  7 15  6]
np.random.permutation(males)[0:n_mar]
[21 20 12 17]
np.random.permutation(males)[0:n_mar]
[15 12  7 11]
np.random.permutation(males)[0:n_mar]
[ 1  9  0 18]
np.random.permutation(males)[0:n_mar]
[23 22  0 21]
np.random.permutation(males)[0:n_mar]
[16  8 21  9]
np.random.permutation(males)[0:n_mar]
[17  8  3  7]
np.random.permutation(males)[0:n_mar]
[ 4  3 17 22]
np.random.permutation(males)[0:n_mar]
[11  1 21  5]
np.random.permutation(males)[0:n_mar]
[10  0 18  5]
np.random.permutation(males)[0:n_mar]
[13 10 17 11]
np.random.permutation(males)[0:n_mar]
[22  7 12 18]
np.random.permutation(males)[0:n_mar]
[13  3  2 20]
np.random.permutation(males)[0:n_mar]
[ 0  8 18 16]
np.random.permutation(males)[0:n_mar]
[ 3 22 10 17]
np.random.permutation(males)[0:n_mar]
[19  6  8  4]
np.random.permutation(males)[0:n_mar]
[18  3  8 10]
np.random.permutation(males)[0:n_mar]
[21  9 19 14]
np.random.permutation(males)[0:n_mar]
[12 23 22 18]
np.random.permutation(males)[0:n_mar]
[13  5 12  4]
np.random.permutation(males)[0:n_mar]
[19  1 10  2]
np.random.permutation(males)[0:n_mar]
[22  5 10  1]
np.random.permutation(males)[0:n_mar]
[ 7  0 22 16]
np.random.permutation(males)[0:n_mar]
[21 12 14  4]
np.random.permutation(males)[0:n_mar]
[17  8 22 13]
np.random.permutation(males)[0:n_mar]
[19  8  5  6]
np.random.permutation(males)[0:n_mar]
[16 23 10 12]
np.random.permutation(males)[0:n_mar]
[ 1  6 18 19]
np.random.permutation(males)[0:n_mar]
[21  5  4 22]
np.random.permutation(males)[0:n_mar]
[19 14 15 10]
np.random.permutation(males)[0:n_mar]
[ 8  3 15 16]
np.random.permutation(males)[0:n_mar]
[ 2 16 10 18]
np.random.permutation(males)[0:n_mar]
[ 6  5 15 19]
np.random.permutation(males)[0:n_mar]
[ 9 10 23 16]
np.random.permutation(males)[0:n_mar]
[ 7  6 16 23]
np.random.permutation(males)[0:n_mar]
[ 6  5 21 23]
np.random.permutation(males)[0:n_mar]
[16  0 13 19]
np.random.permutation(males)[0:n_mar]
[17  8 14 15]
np.random.permutation(males)[0:n_mar]
[ 5  1 23 10]
np.random.permutation(males)[0:n_mar]
[ 3 23 22 21]
np.random.permutation(males)[0:n_mar]
[18 15 19 12]
np.random.permutation(males)[0:n_mar]
[10  5 14 18]
np.random.permutation(males)[0:n_mar]
[ 8 21 11 19]
np.random.permutation(males)[0:n_mar]
[ 2 13  6  8]
np.random.permutation(males)[0:n_mar]
[ 3 10  8  2]
np.random.permutation(males)[0:n_mar]
[12 21  4  9]
np.random.permutation(males)[0:n_mar]
[ 5 14 16  0]
np.random.permutation(males)[0:n_mar]
[ 0  3 16 11]
np.random.permutation(males)[0:n_mar]
[13 22  7  6]
np.random.permutation(males)[0:n_mar]
[11 15 10 17]
np.random.permutation(males)[0:n_mar]
[15 20 18  0]
np.random.permutation(males)[0:n_mar]
[ 6 13 14  4]
np.random.permutation(males)[0:n_mar]
[21 18  8 19]
np.random.permutation(males)[0:n_mar]
[21 23  5 15]
np.random.permutation(males)[0:n_mar]
[ 6 14 22 15]
np.random.permutation(males)[0:n_mar]
[19  4 23 15]
np.random.permutation(males)[0:n_mar]
[ 6 21  4 19]
np.random.permutation(males)[0:n_mar]
[12 22  3  9]
np.random.permutation(males)[0:n_mar]
[18 16 21  8]
np.random.permutation(males)[0:n_mar]
[15 21 23 10]
np.random.permutation(males)[0:n_mar]
[ 3 13  6 19]
np.random.permutation(males)[0:n_mar]
[ 9 11  3  7]
np.random.permutation(males)[0:n_mar]
[ 6 14  3 22]
np.random.permutation(males)[0:n_mar]
[13  2 17 12]
np.random.permutation(males)[0:n_mar]
[15 13 16 23]
np.random.permutation(males)[0:n_mar]
[8 0 6 1]
np.random.permutation(males)[0:n_mar]
[17 23 13 19]
np.random.permutation(males)[0:n_mar]
[20  7 14  4]
np.random.permutation(males)[0:n_mar]
[ 2 17 14 20]
np.random.permutation(males)[0:n_mar]
[13  3  0 22]
np.random.permutation(males)[0:n_mar]
[22  8 21 15]
np.random.permutation(males)[0:n_mar]
[23 10  5 17]
np.random.permutation(males)[0:n_mar]
[ 2 11 21  6]
np.random.permutation(males)[0:n_mar]
[12 18  7  5]
np.random.permutation(males)[0:n_mar]
[ 4 18 22  6]
np.random.permutation(males)[0:n_mar]
[17  1 22  6]
np.random.permutation(males)[0:n_mar]
[ 7 10 17 13]
np.random.permutation(males)[0:n_mar]
[15 11  3 14]
np.random.permutation(males)[0:n_mar]
[ 7 14 22  9]
np.random.permutation(males)[0:n_mar]
[11 16 19 17]
np.random.permutation(males)[0:n_mar]
[18 23 14 10]
np.random.permutation(males)[0:n_mar]
[13  6 16 19]
np.random.permutation(males)[0:n_mar]
[23 18  5 13]
np.random.permutation(males)[0:n_mar]
[15  8 17 16]
np.random.permutation(males)[0:n_mar]
[ 0 13  9  6]
np.random.permutation(males)[0:n_mar]
[ 3 10 17 22]
np.random.permutation(males)[0:n_mar]
[ 2 19  0 11]
np.random.permutation(males)[0:n_mar]
[ 3  8 18 10]
np.random.permutation(males)[0:n_mar]
[18  0 19 15]
np.random.permutation(males)[0:n_mar]
[7 6 2 8]
np.random.permutation(males)[0:n_mar]
[23  1 20 21]
np.random.permutation(males)[0:n_mar]
[23  4 10  9]
np.random.permutation(males)[0:n_mar]
[19 20 23 11]
np.random.permutation(males)[0:n_mar]
[18 23 20 15]
np.random.permutation(males)[0:n_mar]
[ 6 15  5  1]
np.random.permutation(males)[0:n_mar]
[22 20  7 14]
np.random.permutation(males)[0:n_mar]
[22 14  7 21]
np.random.permutation(males)[0:n_mar]
[17 19  6 23]
np.random.permutation(males)[0:n_mar]
[ 9  4  1 22]
np.random.permutation(males)[0:n_mar]
[23 16  2 15]
np.random.permutation(males)[0:n_mar]
[19 21  7 10]
np.random.permutation(males)[0:n_mar]
[14 15  3 17]
np.random.permutation(males)[0:n_mar]
[16  7 20 22]
np.random.permutation(males)[0:n_mar]
[ 4  5  3 21]
np.random.permutation(males)[0:n_mar]
[16  5 12  4]
np.random.permutation(males)[0:n_mar]
[16 17  6  1]
np.random.permutation(males)[0:n_mar]
[ 9 17 11 13]
np.random.permutation(males)[0:n_mar]
[ 6 12 20  9]
np.random.permutation(males)[0:n_mar]
[12  4  2  1]
np.random.permutation(males)[0:n_mar]
[14 22 11  3]
np.random.permutation(males)[0:n_mar]
[ 1 16 18  4]
np.random.permutation(males)[0:n_mar]
[14 23 20  4]
np.random.permutation(males)[0:n_mar]
[10 12  9 17]
np.random.permutation(males)[0:n_mar]
[17  3 23  0]
np.random.permutation(males)[0:n_mar]
[13 16  6  2]
np.random.permutation(males)[0:n_mar]
[ 6 12 20 23]
np.random.permutation(males)[0:n_mar]
[12  1 10 20]
np.random.permutation(males)[0:n_mar]
[20  4  1  7]
np.random.permutation(males)[0:n_mar]
[22 14 23  3]
np.random.permutation(males)[0:n_mar]
[ 2  5 13 17]
np.random.permutation(males)[0:n_mar]
[12  3  4 20]
np.random.permutation(males)[0:n_mar]
[23  9 11 12]
np.random.permutation(males)[0:n_mar]
[ 6 12 20 19]
np.random.permutation(males)[0:n_mar]
[10 16  5  4]
np.random.permutation(males)[0:n_mar]
[11 20  6 12]
np.random.permutation(males)[0:n_mar]
[ 3  8 19 16]
np.random.permutation(males)[0:n_mar]
[ 4  3  9 16]
np.random.permutation(males)[0:n_mar]
[15  0  8 21]
np.random.permutation(males)[0:n_mar]
[ 6  1 17 10]
np.random.permutation(males)[0:n_mar]
[22 23 16  3]
np.random.permutation(males)[0:n_mar]
[15 16  2 23]
np.random.permutation(males)[0:n_mar]
[11  3  8 21]
np.random.permutation(males)[0:n_mar]
[1 5 2 8]
np.random.permutation(males)[0:n_mar]
[23  7  5 15]
np.random.permutation(males)[0:n_mar]
[ 8  5 12 13]
np.random.permutation(males)[0:n_mar]
[ 7 15  3  4]
np.random.permutation(males)[0:n_mar]
[21  6  2  8]
np.random.permutation(males)[0:n_mar]
[15 11 22 10]
np.random.permutation(males)[0:n_mar]
[13  1  0  7]
np.random.permutation(males)[0:n_mar]
[12  2  3  6]
np.random.permutation(males)[0:n_mar]
[10 23 11 19]
np.random.permutation(males)[0:n_mar]
[ 1  7 22  2]
np.random.permutation(males)[0:n_mar]
[ 7 19  9  0]
np.random.permutation(males)[0:n_mar]
[23 14  5 11]
np.random.permutation(males)[0:n_mar]
[ 7 12  0 13]
np.random.permutation(males)[0:n_mar]
[20 17 19  1]
np.random.permutation(males)[0:n_mar]
[ 7 22 13  5]
np.random.permutation(males)[0:n_mar]
[ 7  4 17 16]
np.random.permutation(males)[0:n_mar]
[17  8 10 16]
np.random.permutation(males)[0:n_mar]
[23  2 15 21]
np.random.permutation(males)[0:n_mar]
[19  6  1 18]
np.random.permutation(males)[0:n_mar]
[ 4 23  3 11]
np.random.permutation(males)[0:n_mar]
[ 6 10 11 21]
np.random.permutation(males)[0:n_mar]
[14  3 10 20]
np.random.permutation(males)[0:n_mar]
[ 9 17 19  2]
np.random.permutation(males)[0:n_mar]
[11 21  4  9]
np.random.permutation(males)[0:n_mar]
[1 5 7 9]
np.random.permutation(males)[0:n_mar]
[ 9  8  1 14]
np.random.permutation(males)[0:n_mar]
[12  6 14 16]
np.random.permutation(males)[0:n_mar]
[22  3  0 16]
np.random.permutation(males)[0:n_mar]
[14 18  2 23]
np.random.permutation(males)[0:n_mar]
[15  6  3 18]
np.random.permutation(males)[0:n_mar]
[ 7  8 20  5]
np.random.permutation(males)[0:n_mar]
[17  5  3 12]
np.random.permutation(males)[0:n_mar]
[ 7  2  5 15]
np.random.permutation(males)[0:n_mar]
[ 8  9 11 19]
np.random.permutation(males)[0:n_mar]
[ 1  8  5 18]
np.random.permutation(males)[0:n_mar]
[20  9 13 10]
np.random.permutation(males)[0:n_mar]
[ 2  4 22  8]
np.random.permutation(males)[0:n_mar]
[19  5  8 20]
np.random.permutation(males)[0:n_mar]
[14  9 21 12]
np.random.permutation(males)[0:n_mar]
[ 5  2 15 20]
np.random.permutation(males)[0:n_mar]
[ 4  0 23  6]
np.random.permutation(males)[0:n_mar]
[12  2  7  6]
np.random.permutation(males)[0:n_mar]
[ 2 19  9 12]
np.random.permutation(males)[0:n_mar]
[ 0  1 12  7]
np.random.permutation(males)[0:n_mar]
[15 19  8 11]
np.random.permutation(males)[0:n_mar]
[17 14 22  0]
np.random.permutation(males)[0:n_mar]
[ 1  2 14 21]
np.random.permutation(males)[0:n_mar]
[12 13  7  9]
np.random.permutation(males)[0:n_mar]
[13  9 19  1]
np.random.permutation(males)[0:n_mar]
[ 0  8 14  5]
np.random.permutation(males)[0:n_mar]
[17  0 16  5]
np.random.permutation(males)[0:n_mar]
[ 6 18  5 23]
np.random.permutation(males)[0:n_mar]
[10  7 21 11]
np.random.permutation(males)[0:n_mar]
[18  4 21  5]
np.random.permutation(males)[0:n_mar]
[ 9  0 22 14]
np.random.permutation(males)[0:n_mar]
[14  4 18  0]
np.random.permutation(males)[0:n_mar]
[ 6  4 12 15]
np.random.permutation(males)[0:n_mar]
[ 7 14 21 23]
np.random.permutation(males)[0:n_mar]
[17 22 15  9]
np.random.permutation(males)[0:n_mar]
[ 2  8 20  5]
np.random.permutation(males)[0:n_mar]
[10 12  7  3]
np.random.permutation(males)[0:n_mar]
[18 13  6  8]
np.random.permutation(males)[0:n_mar]
[ 9 22  1 16]
np.random.permutation(males)[0:n_mar]
[ 0  1  9 13]
np.random.permutation(males)[0:n_mar]
[ 7 18  2  5]
np.random.permutation(males)[0:n_mar]
[16 18  7 23]
np.random.permutation(males)[0:n_mar]
[23  9 13 19]
np.random.permutation(males)[0:n_mar]
[18 16 19  8]
np.random.permutation(males)[0:n_mar]
[ 7  1 17  4]
np.random.permutation(males)[0:n_mar]
[14 11 23  6]
np.random.permutation(males)[0:n_mar]
[ 2  7  4 14]
np.random.permutation(males)[0:n_mar]
[ 8  1 11 13]
np.random.permutation(males)[0:n_mar]
[ 1  6 10 11]
np.random.permutation(males)[0:n_mar]
[14 17 10 11]
np.random.permutation(males)[0:n_mar]
[ 1  8 12 18]
np.random.permutation(males)[0:n_mar]
[21 17  4  8]
np.random.permutation(males)[0:n_mar]
[21 22  2  9]
np.random.permutation(males)[0:n_mar]
[13 16 12  6]
np.random.permutation(males)[0:n_mar]
[ 6  5 12  8]
np.random.permutation(males)[0:n_mar]
[11 20 23  4]
np.random.permutation(males)[0:n_mar]
[15 19 14 21]
np.random.permutation(males)[0:n_mar]
[16  9  5 23]
np.random.permutation(males)[0:n_mar]
[10  2 11  8]
np.random.permutation(males)[0:n_mar]
[12 11 15  7]
np.random.permutation(males)[0:n_mar]
[16 21  7 22]
np.random.permutation(males)[0:n_mar]
[10 23  8  9]
np.random.permutation(males)[0:n_mar]
[23 17  9  3]
np.random.permutation(males)[0:n_mar]
[17 18 20 10]
np.random.permutation(males)[0:n_mar]
[14 13  4  0]
np.random.permutation(males)[0:n_mar]
[11 18  2 15]
np.random.permutation(males)[0:n_mar]
[ 7 14 19 12]
np.random.permutation(males)[0:n_mar]
[23  2  9  0]
np.random.permutation(males)[0:n_mar]
[17 23 13 18]
np.random.permutation(males)[0:n_mar]
[19 14 11 18]
np.random.permutation(males)[0:n_mar]
[21 22  9  4]
np.random.permutation(males)[0:n_mar]
[14 21 23 15]
np.random.permutation(males)[0:n_mar]
[22  5 12 14]
np.random.permutation(males)[0:n_mar]
[23  2  1 15]
np.random.permutation(males)[0:n_mar]
[11 19 13  2]
np.random.permutation(males)[0:n_mar]
[22  5 13  3]
np.random.permutation(males)[0:n_mar]
[ 9 12 15  8]
np.random.permutation(males)[0:n_mar]
[21  1  7  4]
np.random.permutation(males)[0:n_mar]
[11 19 18  8]
np.random.permutation(males)[0:n_mar]
[19  8  1 22]
np.random.permutation(males)[0:n_mar]
[ 9 21  5 12]
np.random.permutation(males)[0:n_mar]
[ 1  7 12 18]
np.random.permutation(males)[0:n_mar]
[16  6  9 13]
np.random.permutation(males)[0:n_mar]
[17  3  8 15]
np.random.permutation(males)[0:n_mar]
[ 5 21 19 18]
np.random.permutation(males)[0:n_mar]
[14  5  3 12]
np.random.permutation(males)[0:n_mar]
[ 6 13 10  1]
np.random.permutation(males)[0:n_mar]
[ 0 11  4 16]
np.random.permutation(males)[0:n_mar]
[ 1 20  4 16]
np.random.permutation(males)[0:n_mar]
[ 6 10 12 16]
np.random.permutation(males)[0:n_mar]
[19 23  2  8]
np.random.permutation(males)[0:n_mar]
[ 7 23  9 20]
np.random.permutation(males)[0:n_mar]
[11  1  5 23]
np.random.permutation(males)[0:n_mar]
[16 17  0 23]
np.random.permutation(males)[0:n_mar]
[17 16 20  4]
np.random.permutation(males)[0:n_mar]
[19  5 17  8]
np.random.permutation(males)[0:n_mar]
[ 1  9  8 22]
np.random.permutation(males)[0:n_mar]
[10  1  0  7]
np.random.permutation(males)[0:n_mar]
[10  5 11  3]
np.random.permutation(males)[0:n_mar]
[19 13 22  2]
np.random.permutation(males)[0:n_mar]
[ 7  0 22  4]
np.random.permutation(males)[0:n_mar]
[10  6  3  0]
np.random.permutation(males)[0:n_mar]
[ 4 10  8 14]
np.random.permutation(males)[0:n_mar]
[12  9 18  4]
np.random.permutation(males)[0:n_mar]
[20  0 11  5]
np.random.permutation(males)[0:n_mar]
[18  8  7  2]
np.random.permutation(males)[0:n_mar]
[15 12  4  3]
np.random.permutation(males)[0:n_mar]
[22 13 19 17]
np.random.permutation(males)[0:n_mar]
[11 16  8  4]
np.random.permutation(males)[0:n_mar]
[23  1 14 20]
np.random.permutation(males)[0:n_mar]
[ 3 22 16 10]
np.random.permutation(males)[0:n_mar]
[ 8  5  9 14]
np.random.permutation(males)[0:n_mar]
[ 9  8  4 19]
np.random.permutation(males)[0:n_mar]
[19  7 17  2]
np.random.permutation(males)[0:n_mar]
[ 0 23  9  5]
np.random.permutation(males)[0:n_mar]
[ 1  8 13 12]
np.random.permutation(males)[0:n_mar]
[ 6 20 21 10]
np.random.permutation(males)[0:n_mar]
[19 22 21  5]
np.random.permutation(males)[0:n_mar]
[14  2  1 13]
np.random.permutation(males)[0:n_mar]
[ 1  0  9 21]
np.random.permutation(males)[0:n_mar]
[23 21 19 12]
np.random.permutation(males)[0:n_mar]
[12  2 16 10]
np.random.permutation(males)[0:n_mar]
[10  8  6  1]
np.random.permutation(males)[0:n_mar]
[10 14  4 17]
np.random.permutation(males)[0:n_mar]
[22  1 15 16]
np.random.permutation(males)[0:n_mar]
[19  3 13  8]
np.random.permutation(males)[0:n_mar]
[11 20 15  6]
np.random.permutation(males)[0:n_mar]
[ 3 20 18 23]
np.random.permutation(males)[0:n_mar]
[ 2 18 15 23]
np.random.permutation(males)[0:n_mar]
[ 7  4 23  0]
np.random.permutation(males)[0:n_mar]
[ 4 15  1  5]
np.random.permutation(males)[0:n_mar]
[19  3 16  7]
np.random.permutation(males)[0:n_mar]
[17 20 12  2]
np.random.permutation(males)[0:n_mar]
[10  9  2  6]
np.random.permutation(males)[0:n_mar]
[10 23 13  7]
np.random.permutation(males)[0:n_mar]
[ 9  5  4 16]
np.random.permutation(males)[0:n_mar]
[17 10  7 13]
np.random.permutation(males)[0:n_mar]
[ 5 10  7  1]
np.random.permutation(males)[0:n_mar]
[23 14 21 17]
np.random.permutation(males)[0:n_mar]
[ 3 15  2 22]
np.random.permutation(males)[0:n_mar]
[ 9 16  6 20]
np.random.permutation(males)[0:n_mar]
[14  8  7  3]
np.random.permutation(males)[0:n_mar]
[15 21 20  6]
np.random.permutation(males)[0:n_mar]
[15 16 12  6]
np.random.permutation(males)[0:n_mar]
[22  1 10  6]
np.random.permutation(males)[0:n_mar]
[22  5 18  9]
np.random.permutation(males)[0:n_mar]
[13  1 10 21]
np.random.permutation(males)[0:n_mar]
[11 22  5  6]
np.random.permutation(males)[0:n_mar]
[17 14 16  0]
np.random.permutation(males)[0:n_mar]
[5 0 7 6]
np.random.permutation(males)[0:n_mar]
[23  5  0 13]
np.random.permutation(males)[0:n_mar]
[15 12  9 10]
np.random.permutation(males)[0:n_mar]
[14 18  2 10]
np.random.permutation(males)[0:n_mar]
[14 13 10 22]
np.random.permutation(males)[0:n_mar]
[ 1  0 10 17]
np.random.permutation(males)[0:n_mar]
[15  4 14  5]
np.random.permutation(males)[0:n_mar]
[ 5  6 22 23]
np.random.permutation(males)[0:n_mar]
[ 9 12  2  0]
np.random.permutation(males)[0:n_mar]
[10  7  3 18]
np.random.permutation(males)[0:n_mar]
[19 12  3 23]
np.random.permutation(males)[0:n_mar]
[ 3  4 14 18]
np.random.permutation(males)[0:n_mar]
[15  9  8 19]
np.random.permutation(males)[0:n_mar]
[17  6  2 16]
np.random.permutation(males)[0:n_mar]
[10  4 15 18]
np.random.permutation(males)[0:n_mar]
[16 13  4  7]
np.random.permutation(males)[0:n_mar]
[20 12 10 22]
np.random.permutation(males)[0:n_mar]
[17 14  6  0]
np.random.permutation(males)[0:n_mar]
[ 4 20 12 21]
np.random.permutation(males)[0:n_mar]
[18 23 16 17]
np.random.permutation(males)[0:n_mar]
[17  5  9 14]
np.random.permutation(males)[0:n_mar]
[10 22 21 14]
np.random.permutation(males)[0:n_mar]
[18  7 21 16]
np.random.permutation(males)[0:n_mar]
[17 23  0  1]
np.random.permutation(males)[0:n_mar]
[18 14 10 17]
np.random.permutation(males)[0:n_mar]
[22 18  3 14]
np.random.permutation(males)[0:n_mar]
[22 11  2 16]
np.random.permutation(males)[0:n_mar]
[ 2  7 18 16]
np.random.permutation(males)[0:n_mar]
[15 22 18 16]
np.random.permutation(males)[0:n_mar]
[ 7  5 19 15]
np.random.permutation(males)[0:n_mar]
[21 10 14  4]
np.random.permutation(males)[0:n_mar]
[ 9 10 17  6]
np.random.permutation(males)[0:n_mar]
[ 3 21 17  2]
np.random.permutation(males)[0:n_mar]
[20  9 18 23]
np.random.permutation(males)[0:n_mar]
[ 0 18 19 16]
np.random.permutation(males)[0:n_mar]
[15 16  7 12]
np.random.permutation(males)[0:n_mar]
[21  5 22 10]
np.random.permutation(males)[0:n_mar]
[21 19 22 13]
np.random.permutation(males)[0:n_mar]
[ 2 23  5 21]
np.random.permutation(males)[0:n_mar]
[10  2 20  3]
np.random.permutation(males)[0:n_mar]
[18  2  8  7]
np.random.permutation(males)[0:n_mar]
[4 0 3 7]
np.random.permutation(males)[0:n_mar]
[15  3 21  4]
np.random.permutation(males)[0:n_mar]
[19 18 15 17]
np.random.permutation(males)[0:n_mar]
[3 1 4 7]
np.random.permutation(males)[0:n_mar]
[12  0 19 16]
np.random.permutation(males)[0:n_mar]
[22 13 12  1]
np.random.permutation(males)[0:n_mar]
[10  9  5 13]
np.random.permutation(males)[0:n_mar]
[ 5 19  6 14]
np.random.permutation(males)[0:n_mar]
[ 2  7 15 19]
np.random.permutation(males)[0:n_mar]
[11 23  9 15]
np.random.permutation(males)[0:n_mar]
[22 19 10  5]
np.random.permutation(males)[0:n_mar]
[7 6 4 8]
np.random.permutation(males)[0:n_mar]
[23  2 13  5]
np.random.permutation(males)[0:n_mar]
[ 6 21 16  8]
np.random.permutation(males)[0:n_mar]
[19 16 18 22]
np.random.permutation(males)[0:n_mar]
[22  1 21  0]
np.random.permutation(males)[0:n_mar]
[12  0 17 14]
np.random.permutation(males)[0:n_mar]
[18 16  8 11]
np.random.permutation(males)[0:n_mar]
[11  5 12  9]
np.random.permutation(males)[0:n_mar]
[14  5 12 16]
np.random.permutation(males)[0:n_mar]
[ 7 23  5  4]
np.random.permutation(males)[0:n_mar]
[13 18 16  7]
np.random.permutation(males)[0:n_mar]
[ 6  1 21  9]
np.random.permutation(males)[0:n_mar]
[ 2 16  8  0]
np.random.permutation(males)[0:n_mar]
[ 2 17 14 23]
np.random.permutation(males)[0:n_mar]
[12  5  8 20]
np.random.permutation(males)[0:n_mar]
[ 4  3 11  1]
np.random.permutation(males)[0:n_mar]
[0 7 8 9]
np.random.permutation(males)[0:n_mar]
[ 7 12 17 11]
np.random.permutation(males)[0:n_mar]
[ 5 22  0 15]
np.random.permutation(males)[0:n_mar]
[ 9 23 21  7]
np.random.permutation(males)[0:n_mar]
[ 3 12  2 11]
np.random.permutation(males)[0:n_mar]
[ 6 21  1 10]
np.random.permutation(males)[0:n_mar]
[10 11 20  7]
np.random.permutation(males)[0:n_mar]
[19 22 14  4]
np.random.permutation(males)[0:n_mar]
[23  5  1 18]
np.random.permutation(males)[0:n_mar]
[18 14  3  7]
np.random.permutation(males)[0:n_mar]
[19  5  0 13]
np.random.permutation(males)[0:n_mar]
[ 8 21  0  5]
np.random.permutation(males)[0:n_mar]
[11 17 15 14]
np.random.permutation(males)[0:n_mar]
[20  3 19 11]
np.random.permutation(males)[0:n_mar]
[23 21 11 22]
np.random.permutation(males)[0:n_mar]
[ 3 13 15  1]
np.random.permutation(males)[0:n_mar]
[23  5  3  1]
np.random.permutation(males)[0:n_mar]
[12 22 17  0]
np.random.permutation(males)[0:n_mar]
[11 22 21  7]
np.random.permutation(males)[0:n_mar]
[11 13 22  3]
np.random.permutation(males)[0:n_mar]
[13  9 18 19]
np.random.permutation(males)[0:n_mar]
[ 3 16  1  2]
np.random.permutation(males)[0:n_mar]
[ 6  8 13 11]
np.random.permutation(males)[0:n_mar]
[14  7 21  5]
np.random.permutation(males)[0:n_mar]
[ 1 16 23 21]
np.random.permutation(males)[0:n_mar]
[ 1  8 15  5]
np.random.permutation(males)[0:n_mar]
[20 18 23  9]
np.random.permutation(males)[0:n_mar]
[11  1  7  9]
np.random.permutation(males)[0:n_mar]
[10 16  4  6]
np.random.permutation(males)[0:n_mar]
[17  3 11 16]
np.random.permutation(males)[0:n_mar]
[ 1  4 21 15]
np.random.permutation(males)[0:n_mar]
[19 18  9  5]
np.random.permutation(males)[0:n_mar]
[ 1  7  3 11]
np.random.permutation(males)[0:n_mar]
[ 6  9  3 23]
np.random.permutation(males)[0:n_mar]
[18 11  9  4]
np.random.permutation(males)[0:n_mar]
[16 18  5  7]
np.random.permutation(males)[0:n_mar]
[ 6 11 16 22]
np.random.permutation(males)[0:n_mar]
[19 10  7 15]
np.random.permutation(males)[0:n_mar]
[ 7 21 22 10]
np.random.permutation(males)[0:n_mar]
[13  2 17  5]
np.random.permutation(males)[0:n_mar]
[17 12  1 10]
np.random.permutation(males)[0:n_mar]
[10  1 20  3]
np.random.permutation(males)[0:n_mar]
[ 4  7 12 18]
np.random.permutation(males)[0:n_mar]
[20  0 22 13]
np.random.permutation(males)[0:n_mar]
[18  0 14 20]
np.random.permutation(males)[0:n_mar]
[19  1  4  3]
np.random.permutation(males)[0:n_mar]
[23  7  5 16]
np.random.permutation(males)[0:n_mar]
[ 6 12 22 18]
np.random.permutation(males)[0:n_mar]
[11 12 18 16]
np.random.permutation(males)[0:n_mar]
[ 9 16  5  4]
np.random.permutation(males)[0:n_mar]
[17  5 23 15]
np.random.permutation(males)[0:n_mar]
[ 7 16 18 22]
np.random.permutation(males)[0:n_mar]
[15  2 12 18]
np.random.permutation(males)[0:n_mar]
[13  0  9  2]
np.random.permutation(males)[0:n_mar]
[15  9 11 14]
np.random.permutation(males)[0:n_mar]
[ 9  8  2 11]
np.random.permutation(males)[0:n_mar]
[18 11 22  2]
np.random.permutation(males)[0:n_mar]
[ 2 11 22 18]
np.random.permutation(males)[0:n_mar]
[10 17 13  8]
np.random.permutation(males)[0:n_mar]
[ 7  3 12 17]
np.random.permutation(males)[0:n_mar]
[ 3  8 15  7]
np.random.permutation(males)[0:n_mar]
[10  9  5  2]
np.random.permutation(males)[0:n_mar]
[ 0 23 13 21]
np.random.permutation(males)[0:n_mar]
[13  1 10 22]
np.random.permutation(males)[0:n_mar]
[22 19 23  2]
np.random.permutation(males)[0:n_mar]
[ 1 12 21 16]
np.random.permutation(males)[0:n_mar]
[ 9  4 21 20]
np.random.permutation(males)[0:n_mar]
[ 9 15  8 14]
np.random.permutation(males)[0:n_mar]
[23 15 22  4]
np.random.permutation(males)[0:n_mar]
[18  2 11  3]
np.random.permutation(males)[0:n_mar]
[ 9 17  4 19]
np.random.permutation(males)[0:n_mar]
[16  5 13 10]
np.random.permutation(males)[0:n_mar]
[21  6  3  9]
np.random.permutation(males)[0:n_mar]
[ 3 21 11  9]
np.random.permutation(males)[0:n_mar]
[ 0 16 11 18]
np.random.permutation(males)[0:n_mar]
[18  3  7 22]
np.random.permutation(males)[0:n_mar]
[13  2 23  7]
np.random.permutation(males)[0:n_mar]
[ 7 14 15 20]
np.random.permutation(males)[0:n_mar]
[18 21  3  8]
np.random.permutation(males)[0:n_mar]
[19  8 18 13]
np.random.permutation(males)[0:n_mar]
[11  6 18  0]
np.random.permutation(males)[0:n_mar]
[17  5 12  0]
np.random.permutation(males)[0:n_mar]
[18 23 21 17]
np.random.permutation(males)[0:n_mar]
[10 22 17  0]
np.random.permutation(males)[0:n_mar]
[11 19  5 20]
np.random.permutation(males)[0:n_mar]
[13 17  5 11]
np.random.permutation(males)[0:n_mar]
[12  4 19  2]
np.random.permutation(males)[0:n_mar]
[13  9  8  4]
np.random.permutation(males)[0:n_mar]
[19 22 17  4]
np.random.permutation(males)[0:n_mar]
[ 7  5 15 11]
np.random.permutation(males)[0:n_mar]
[11 13  7 22]
np.random.permutation(males)[0:n_mar]
[14  7  8 15]
np.random.permutation(males)[0:n_mar]
[13  8 22  5]
np.random.permutation(males)[0:n_mar]
[ 8  1 19  7]
np.random.permutation(males)[0:n_mar]
[12  4  2 15]
np.random.permutation(males)[0:n_mar]
[23  7  9 16]
np.random.permutation(males)[0:n_mar]
[ 5 15  8 17]
np.random.permutation(males)[0:n_mar]
[ 0 12 23 16]
np.random.permutation(males)[0:n_mar]
[ 6 13 12 20]
np.random.permutation(males)[0:n_mar]
[23 17 14 12]
np.random.permutation(males)[0:n_mar]
[12  9 11 18]
np.random.permutation(males)[0:n_mar]
[ 8 17 19 12]
np.random.permutation(males)[0:n_mar]
[ 7 11  9  1]
np.random.permutation(males)[0:n_mar]
[16 19 18  4]
np.random.permutation(males)[0:n_mar]
[14  0 23  8]
np.random.permutation(males)[0:n_mar]
[17  2 19 15]
np.random.permutation(males)[0:n_mar]
[19 16 14 11]
np.random.permutation(males)[0:n_mar]
[12 10  6  1]
np.random.permutation(males)[0:n_mar]
[20 15 23  1]
np.random.permutation(males)[0:n_mar]
[3 4 7 9]
np.random.permutation(males)[0:n_mar]
[13 15  9  6]
np.random.permutation(males)[0:n_mar]
[15  2 13  6]
np.random.permutation(males)[0:n_mar]
[18  0  2  7]
np.random.permutation(males)[0:n_mar]
[19 14  7 11]
np.random.permutation(males)[0:n_mar]
[22  7  1 18]
np.random.permutation(males)[0:n_mar]
[12  1  2  6]
np.random.permutation(males)[0:n_mar]
[15 19 17 21]
np.random.permutation(males)[0:n_mar]
[16 12  4  3]
np.random.permutation(males)[0:n_mar]
[19 10  8  3]
np.random.permutation(males)[0:n_mar]
[21  5 22 18]
np.random.permutation(males)[0:n_mar]
[16 22  1 12]
np.random.permutation(males)[0:n_mar]
[21  6 22  3]
np.random.permutation(males)[0:n_mar]
[14 16  5 10]
np.random.permutation(males)[0:n_mar]
[11 14 10 22]
np.random.permutation(males)[0:n_mar]
[ 1  9  4 14]
np.random.permutation(males)[0:n_mar]
[ 5 12  6 20]
np.random.permutation(males)[0:n_mar]
[4 7 6 1]
np.random.permutation(males)[0:n_mar]
[16 15  2  8]
np.random.permutation(males)[0:n_mar]
[19 11 18 23]
np.random.permutation(males)[0:n_mar]
[19  0  7  8]
np.random.permutation(males)[0:n_mar]
[ 6  1 12 19]
np.random.permutation(males)[0:n_mar]
[20 22 18 11]
np.random.permutation(males)[0:n_mar]
[12 20 11  5]
np.random.permutation(males)[0:n_mar]
[ 7 17 21 13]
np.random.permutation(males)[0:n_mar]
[18 17  8 13]
np.random.permutation(males)[0:n_mar]
[ 0  8 19  3]
np.random.permutation(males)[0:n_mar]
[11 16  1  6]
np.random.permutation(males)[0:n_mar]
[11  7  6 23]
np.random.permutation(males)[0:n_mar]
[ 9 10  5 17]
np.random.permutation(males)[0:n_mar]
[15 12 19 18]
np.random.permutation(males)[0:n_mar]
[ 9 15  4 18]
np.random.permutation(males)[0:n_mar]
[12 16 15  4]
np.random.permutation(males)[0:n_mar]
[23  3 21 18]
np.random.permutation(males)[0:n_mar]
[20  3 17 10]
np.random.permutation(males)[0:n_mar]
[ 0  5 12 16]
np.random.permutation(males)[0:n_mar]
[ 0 23 21  1]
np.random.permutation(males)[0:n_mar]
[16  5  9  3]
np.random.permutation(males)[0:n_mar]
[0 2 5 7]
np.random.permutation(males)[0:n_mar]
[15 20 13  1]
np.random.permutation(males)[0:n_mar]
[18  6 22 14]
np.random.permutation(males)[0:n_mar]
[23 21  8  9]
np.random.permutation(males)[0:n_mar]
[ 7 19 16 20]
np.random.permutation(males)[0:n_mar]
[11 23 22 10]
np.random.permutation(males)[0:n_mar]
[22  8  1  7]
np.random.permutation(males)[0:n_mar]
[ 9 18  0 15]
np.random.permutation(males)[0:n_mar]
[19  7 23 15]
np.random.permutation(males)[0:n_mar]
[21 15  6 22]
np.random.permutation(males)[0:n_mar]
[14 20 16 17]
np.random.permutation(males)[0:n_mar]
[ 3 10 22  0]
np.random.permutation(males)[0:n_mar]
[12  6 13 19]
np.random.permutation(males)[0:n_mar]
[16 10 19 20]
np.random.permutation(males)[0:n_mar]
[12 16  6 18]
np.random.permutation(males)[0:n_mar]
[23 13 11  9]
np.random.permutation(males)[0:n_mar]
[ 6 19 12 16]
np.random.permutation(males)[0:n_mar]
[22  8  6  3]
np.random.permutation(males)[0:n_mar]
[ 5 20 14 22]
np.random.permutation(males)[0:n_mar]
[10  4 17  9]
np.random.permutation(males)[0:n_mar]
[15  9 17  3]
np.random.permutation(males)[0:n_mar]
[ 0  4 13  9]
np.random.permutation(males)[0:n_mar]
[14 12 19  6]
np.random.permutation(males)[0:n_mar]
[21  2 14 15]
np.random.permutation(males)[0:n_mar]
[ 4 23  2  1]
np.random.permutation(males)[0:n_mar]
[19 21  4 15]
np.random.permutation(males)[0:n_mar]
[21  5 13  4]
np.random.permutation(males)[0:n_mar]
[12  7  5  9]
np.random.permutation(males)[0:n_mar]
[17 15 12 10]
np.random.permutation(males)[0:n_mar]
[14 12 15  5]
np.random.permutation(males)[0:n_mar]
[21  3  8 10]
np.random.permutation(males)[0:n_mar]
[10  4  0 23]
np.random.permutation(males)[0:n_mar]
[11 10  8 15]
np.random.permutation(males)[0:n_mar]
[ 6 13  9  7]
np.random.permutation(males)[0:n_mar]
[ 6  2 21 19]
np.random.permutation(males)[0:n_mar]
[19  4 22 10]
np.random.permutation(males)[0:n_mar]
[ 3  2 19 16]
np.random.permutation(males)[0:n_mar]
[21  8  5  3]
np.random.permutation(males)[0:n_mar]
[0 1 7 4]
np.random.permutation(males)[0:n_mar]
[14  1 21  2]
np.random.permutation(males)[0:n_mar]
[19 17 15  1]
np.random.permutation(males)[0:n_mar]
[16 18  3 22]
np.random.permutation(males)[0:n_mar]
[13 17  2 20]
np.random.permutation(males)[0:n_mar]
[21  7 20 16]
np.random.permutation(males)[0:n_mar]
[ 7  9  5 15]
np.random.permutation(males)[0:n_mar]
[ 7  6 18 12]
np.random.permutation(males)[0:n_mar]
[10  2  6 15]
np.random.permutation(males)[0:n_mar]
[ 2  6 11 18]
np.random.permutation(males)[0:n_mar]
[ 0  7 18  8]
np.random.permutation(males)[0:n_mar]
[19  6 11 17]
np.random.permutation(males)[0:n_mar]
[19 11  0  3]
np.random.permutation(males)[0:n_mar]
[ 2 14 12  3]
np.random.permutation(males)[0:n_mar]
[9 6 4 0]
np.random.permutation(males)[0:n_mar]
[11 16 17 20]
np.random.permutation(males)[0:n_mar]
[ 3  4 18 19]
np.random.permutation(males)[0:n_mar]
[19 20 15  8]
np.random.permutation(males)[0:n_mar]
[10 17  3  7]
np.random.permutation(males)[0:n_mar]
[ 1 14 10 23]
np.random.permutation(males)[0:n_mar]
[20  8  1 16]
np.random.permutation(males)[0:n_mar]
[13 19  3  1]
np.random.permutation(males)[0:n_mar]
[16 15  7  5]
np.random.permutation(males)[0:n_mar]
[22 14 13  3]
np.random.permutation(males)[0:n_mar]
[ 5 13  6 12]
np.random.permutation(males)[0:n_mar]
[ 1 15  5 11]
np.random.permutation(males)[0:n_mar]
[10  2 23 12]
np.random.permutation(males)[0:n_mar]
[16 17 21 19]
np.random.permutation(males)[0:n_mar]
[18  0  6  1]
np.random.permutation(males)[0:n_mar]
[16 18  3  5]
np.random.permutation(males)[0:n_mar]
[10  3 13  9]
np.random.permutation(males)[0:n_mar]
[19  3  5 16]
np.random.permutation(males)[0:n_mar]
[13 18  6  5]
np.random.permutation(males)[0:n_mar]
[18 12  0  4]
np.random.permutation(males)[0:n_mar]
[14  8 10 22]
np.random.permutation(males)[0:n_mar]
[ 0 12 20  7]
np.random.permutation(males)[0:n_mar]
[10 13 20 18]
np.random.permutation(males)[0:n_mar]
[11 14  9 18]
np.random.permutation(males)[0:n_mar]
[11 19  3 23]
np.random.permutation(males)[0:n_mar]
[19 21  1  4]
np.random.permutation(males)[0:n_mar]
[14  1  2 20]
np.random.permutation(males)[0:n_mar]
[10 12 15  7]
np.random.permutation(males)[0:n_mar]
[22 10 19  3]
np.random.permutation(males)[0:n_mar]
[ 9 22 23  2]
np.random.permutation(males)[0:n_mar]
[13 21  7 12]
np.random.permutation(males)[0:n_mar]
[21  7  2  8]
np.random.permutation(males)[0:n_mar]
[12 11  0 16]
np.random.permutation(males)[0:n_mar]
[ 8 12 22 18]
np.random.permutation(males)[0:n_mar]
[18  2 17 23]
np.random.permutation(males)[0:n_mar]
[2 1 9 6]
np.random.permutation(males)[0:n_mar]
[ 8  5 20 19]
np.random.permutation(males)[0:n_mar]
[ 5 15  8 17]
np.random.permutation(males)[0:n_mar]
[19 12  8  0]
np.random.permutation(males)[0:n_mar]
[12  2  3 18]
np.random.permutation(males)[0:n_mar]
[ 0 12 15 20]
np.random.permutation(males)[0:n_mar]
[13 19  8 23]
np.random.permutation(males)[0:n_mar]
[23  7 22  0]
np.random.permutation(males)[0:n_mar]
[22 13  6 20]
np.random.permutation(males)[0:n_mar]
[18  1 13 11]
np.random.permutation(males)[0:n_mar]
[ 2 21  7 18]
np.random.permutation(males)[0:n_mar]
[11 16  7 10]
np.random.permutation(males)[0:n_mar]
[18  7  8  9]
np.random.permutation(males)[0:n_mar]
[ 8  2 16 15]
np.random.permutation(males)[0:n_mar]
[11 17 12  8]
np.random.permutation(males)[0:n_mar]
[23 10  6 13]
np.random.permutation(males)[0:n_mar]
[ 9  8 18 11]
np.random.permutation(males)[0:n_mar]
[ 9 23  5 21]
np.random.permutation(males)[0:n_mar]
[ 3  9 11  2]
np.random.permutation(males)[0:n_mar]
[ 5 14 23 18]
np.random.permutation(males)[0:n_mar]
[ 6  3  5 23]
np.random.permutation(males)[0:n_mar]
[ 7  8 11 23]
np.random.permutation(males)[0:n_mar]
[11 14 22 17]
np.random.permutation(males)[0:n_mar]
[13 15 16  4]
np.random.permutation(males)[0:n_mar]
[13  5 12 17]
np.random.permutation(males)[0:n_mar]
[12  1 14  5]
np.random.permutation(males)[0:n_mar]
[16 15 19 18]
np.random.permutation(males)[0:n_mar]
[17 12  6 16]
np.random.permutation(males)[0:n_mar]
[ 6  5 13  0]
np.random.permutation(males)[0:n_mar]
[ 4 11  3 10]
np.random.permutation(males)[0:n_mar]
[ 2 23 12 19]
np.random.permutation(males)[0:n_mar]
[ 6  8 11 12]
np.random.permutation(males)[0:n_mar]
[ 2 21  3 18]
np.random.permutation(males)[0:n_mar]
[12  9 19  1]
np.random.permutation(males)[0:n_mar]
[23  2 21 20]
np.random.permutation(males)[0:n_mar]
[ 9 15 17 10]
np.random.permutation(males)[0:n_mar]
[ 1 23 17  5]
np.random.permutation(males)[0:n_mar]
[21  4 13 14]
np.random.permutation(males)[0:n_mar]
[ 0 10 15 21]
np.random.permutation(males)[0:n_mar]
[7 3 2 0]
np.random.permutation(males)[0:n_mar]
[16 18 17 19]
np.random.permutation(males)[0:n_mar]
[3 0 8 9]
np.random.permutation(males)[0:n_mar]
[11  2 22 14]
np.random.permutation(males)[0:n_mar]
[14 15 11 19]
np.random.permutation(males)[0:n_mar]
[ 4 20 13  6]
np.random.permutation(males)[0:n_mar]
[ 4  5 14 15]
np.random.permutation(males)[0:n_mar]
[21  4  7 15]
np.random.permutation(males)[0:n_mar]
[ 7  5  1 10]
np.random.permutation(males)[0:n_mar]
[22 23 13 10]
np.random.permutation(males)[0:n_mar]
[ 3 20 23  9]
np.random.permutation(males)[0:n_mar]
[23 13  0  6]
np.random.permutation(males)[0:n_mar]
[15 22 21  8]
np.random.permutation(males)[0:n_mar]
[22 15 12  7]
np.random.permutation(males)[0:n_mar]
[ 2  0 20 10]
np.random.permutation(males)[0:n_mar]
[ 0 16  8 17]
np.random.permutation(males)[0:n_mar]
[22 12 14  3]
np.random.permutation(males)[0:n_mar]
[12 22 11 17]
np.random.permutation(males)[0:n_mar]
[ 3 11 17 13]
np.random.permutation(males)[0:n_mar]
[17  3 15  0]
np.random.permutation(males)[0:n_mar]
[ 2 10 13  0]
np.random.permutation(males)[0:n_mar]
[ 6 20  8  5]
np.random.permutation(males)[0:n_mar]
[ 8 20  9  4]
np.random.permutation(males)[0:n_mar]
[18 13 12 11]
np.random.permutation(males)[0:n_mar]
[21 12  6 19]
np.random.permutation(males)[0:n_mar]
[ 2 19  9 13]
np.random.permutation(males)[0:n_mar]
[ 6  7 14  0]
np.random.permutation(males)[0:n_mar]
[23  6 10 11]
np.random.permutation(males)[0:n_mar]
[ 5 14  0  4]
np.random.permutation(males)[0:n_mar]
[10 11  5 18]
np.random.permutation(males)[0:n_mar]
[17  3  1  8]
np.random.permutation(males)[0:n_mar]
[12  4 11 13]
np.random.permutation(males)[0:n_mar]
[10  3 23 13]
np.random.permutation(males)[0:n_mar]
[14 22  0  9]
np.random.permutation(males)[0:n_mar]
[ 3  0 22  1]
np.random.permutation(males)[0:n_mar]
[ 4  6 11 22]
np.random.permutation(males)[0:n_mar]
[15 14 20  9]
np.random.permutation(males)[0:n_mar]
[13 11  1 17]
np.random.permutation(males)[0:n_mar]
[ 1  2 11  0]
np.random.permutation(males)[0:n_mar]
[ 5 23  1 17]
np.random.permutation(males)[0:n_mar]
[11 18  3 10]
np.random.permutation(males)[0:n_mar]
[12  5  8 14]
np.random.permutation(males)[0:n_mar]
[12 17 22  6]
np.random.permutation(males)[0:n_mar]
[ 2 11 14 16]
np.random.permutation(males)[0:n_mar]
[19 22  7  0]
np.random.permutation(males)[0:n_mar]
[3 5 1 6]
np.random.permutation(males)[0:n_mar]
[23  7 20 16]
np.random.permutation(males)[0:n_mar]
[11  7 17  1]
np.random.permutation(males)[0:n_mar]
[ 9  8  3 17]
np.random.permutation(males)[0:n_mar]
[21 18 19  0]
np.random.permutation(males)[0:n_mar]
[19 15  4  2]
np.random.permutation(males)[0:n_mar]
[2 4 0 7]
np.random.permutation(males)[0:n_mar]
[ 8 15  9 23]
np.random.permutation(males)[0:n_mar]
[16 22 12 21]
np.random.permutation(males)[0:n_mar]
[21  5 12  4]
np.random.permutation(males)[0:n_mar]
[19 18 12 10]
np.random.permutation(males)[0:n_mar]
[ 0 20  6 17]
np.random.permutation(males)[0:n_mar]
[ 7 10  2 17]
np.random.permutation(males)[0:n_mar]
[13 23  8  7]
np.random.permutation(males)[0:n_mar]
[ 9  5  0 18]
np.random.permutation(males)[0:n_mar]
[16 11 22 21]
np.random.permutation(males)[0:n_mar]
[10 12  1 18]
np.random.permutation(males)[0:n_mar]
[17  2  1 21]
np.random.permutation(males)[0:n_mar]
[17 22 20  4]
np.random.permutation(males)[0:n_mar]
[18 11 22 10]
np.random.permutation(males)[0:n_mar]
[18  3 12  0]
np.random.permutation(males)[0:n_mar]
[14 15 20  4]
np.random.permutation(males)[0:n_mar]
[13 10  7 19]
np.random.permutation(males)[0:n_mar]
[ 1  7 15 17]
np.random.permutation(males)[0:n_mar]
[22 21  3 11]
np.random.permutation(males)[0:n_mar]
[18 15 14  9]
np.random.permutation(males)[0:n_mar]
[ 9 12 19 22]
np.random.permutation(males)[0:n_mar]
[19  6 15  2]
np.random.permutation(males)[0:n_mar]
[23  3 17 11]
np.random.permutation(males)[0:n_mar]
[ 4 23  0 13]
np.random.permutation(males)[0:n_mar]
[ 6  2  3 11]
np.random.permutation(males)[0:n_mar]
[20  6  3 14]
np.random.permutation(males)[0:n_mar]
[18  0 15  4]
np.random.permutation(males)[0:n_mar]
[ 4 20 14 17]
np.random.permutation(males)[0:n_mar]
[18  9  4 17]
np.random.permutation(males)[0:n_mar]
[ 6 17 19  7]
np.random.permutation(males)[0:n_mar]
[ 8 22  7 23]
np.random.permutation(males)[0:n_mar]
[ 0  2 19 18]
np.random.permutation(males)[0:n_mar]
[ 2 13  3 19]
np.random.permutation(males)[0:n_mar]
[12  3 20 15]
np.random.permutation(males)[0:n_mar]
[ 3  0  4 22]
np.random.permutation(males)[0:n_mar]
[ 4 20  8 23]
np.random.permutation(males)[0:n_mar]
[12  4  0  2]
np.random.permutation(males)[0:n_mar]
[ 1 12 23 14]
np.random.permutation(males)[0:n_mar]
[ 2  3 18  7]
np.random.permutation(males)[0:n_mar]
[ 7 10 14 12]
np.random.permutation(males)[0:n_mar]
[13 21 17  0]
np.random.permutation(males)[0:n_mar]
[ 0 15 12 23]
np.random.permutation(males)[0:n_mar]
[ 3 12  0 23]
np.random.permutation(males)[0:n_mar]
[ 7 16  1 18]
np.random.permutation(males)[0:n_mar]
[23  6 17 13]
np.random.permutation(males)[0:n_mar]
[14  2 15 13]
np.random.permutation(males)[0:n_mar]
[16 10 11 22]
np.random.permutation(males)[0:n_mar]
[22 13  0  5]
np.random.permutation(males)[0:n_mar]
[ 0 19 22 12]
np.random.permutation(males)[0:n_mar]
[16 15  9  7]
np.random.permutation(males)[0:n_mar]
[ 0  8  7 16]
np.random.permutation(males)[0:n_mar]
[ 2  3  1 14]
np.random.permutation(males)[0:n_mar]
[ 8 14  9 11]
np.random.permutation(males)[0:n_mar]
[ 8 12  9  7]
np.random.permutation(males)[0:n_mar]
[12  7 21  2]
np.random.permutation(males)[0:n_mar]
[18 16  6 21]
np.random.permutation(males)[0:n_mar]
[10  8  9 20]
np.random.permutation(males)[0:n_mar]
[ 4  5 11  9]
np.random.permutation(males)[0:n_mar]
[21 23 22  2]
np.random.permutation(males)[0:n_mar]
[12 19  0  2]
np.random.permutation(males)[0:n_mar]
[20 18  0 21]
np.random.permutation(males)[0:n_mar]
[ 1 14 12 21]
np.random.permutation(males)[0:n_mar]
[ 0 11 20  4]
np.random.permutation(males)[0:n_mar]
[19 16  4  6]
np.random.permutation(males)[0:n_mar]
[ 2 19  4  6]
np.random.permutation(males)[0:n_mar]
[19  6 13 17]
np.random.permutation(males)[0:n_mar]
[ 3 13  7 17]
np.random.permutation(males)[0:n_mar]
[ 8  9 23  2]
np.random.permutation(males)[0:n_mar]
[12  5  4 20]
np.random.permutation(males)[0:n_mar]
[ 2  3 16 19]
np.random.permutation(males)[0:n_mar]
[15  6  4  2]
np.random.permutation(males)[0:n_mar]
[14  7  6  1]
np.random.permutation(males)[0:n_mar]
[ 7 15  8 23]
np.random.permutation(males)[0:n_mar]
[ 0  3 12 18]
np.random.permutation(males)[0:n_mar]
[22  4 15  7]
np.random.permutation(males)[0:n_mar]
[22 20 10  3]
np.random.permutation(males)[0:n_mar]
[17  3 18 21]
np.random.permutation(males)[0:n_mar]
[16  6 20  8]
np.random.permutation(males)[0:n_mar]
[14  5  7 15]
np.random.permutation(males)[0:n_mar]
[20 18  9  0]
np.random.permutation(males)[0:n_mar]
[23  5 10 21]
np.random.permutation(males)[0:n_mar]
[ 8 11 22 10]
np.random.permutation(males)[0:n_mar]
[16 11 15 21]
np.random.permutation(males)[0:n_mar]
[ 9  5 16 23]
np.random.permutation(males)[0:n_mar]
[0 4 2 5]
np.random.permutation(males)[0:n_mar]
[10 12  1 23]
np.random.permutation(males)[0:n_mar]
[ 2  4  1 17]
np.random.permutation(males)[0:n_mar]
[ 8 17 13 10]
np.random.permutation(males)[0:n_mar]
[12  4 21 15]
np.random.permutation(males)[0:n_mar]
[13 17  9 20]
np.random.permutation(males)[0:n_mar]
[14 19 22 16]
np.random.permutation(males)[0:n_mar]
[22  9 11 23]
np.random.permutation(males)[0:n_mar]
[ 7 22 17 21]
np.random.permutation(males)[0:n_mar]
[12 16 18 15]
np.random.permutation(males)[0:n_mar]
[0 9 6 8]
np.random.permutation(males)[0:n_mar]
[18  8 21  2]
np.random.permutation(males)[0:n_mar]
[ 4 10  0 14]
np.random.permutation(males)[0:n_mar]
[16  0 14 21]
np.random.permutation(males)[0:n_mar]
[14 22 10  5]
np.random.permutation(males)[0:n_mar]
[21 20 10 19]
np.random.permutation(males)[0:n_mar]
[17 22  5 23]
np.random.permutation(males)[0:n_mar]
[ 8 13  5 16]
np.random.permutation(males)[0:n_mar]
[ 8  6 19  2]
np.random.permutation(males)[0:n_mar]
[16 22  6 14]
np.random.permutation(males)[0:n_mar]
[ 1 11 13 20]
np.random.permutation(males)[0:n_mar]
[ 6 15 12  7]
np.random.permutation(males)[0:n_mar]
[ 4 15 19 12]
np.random.permutation(males)[0:n_mar]
[19 14 23 18]
np.random.permutation(males)[0:n_mar]
[14 18  9 10]
np.random.permutation(males)[0:n_mar]
[ 6 22  7  3]
np.random.permutation(males)[0:n_mar]
[ 8 12 22 21]
np.random.permutation(males)[0:n_mar]
[7 2 0 3]
np.random.permutation(males)[0:n_mar]
[22 20  3  1]
np.random.permutation(males)[0:n_mar]
[18  7 16  3]
np.random.permutation(males)[0:n_mar]
[ 7 14 13  5]
np.random.permutation(males)[0:n_mar]
[ 1 16 13  2]
np.random.permutation(males)[0:n_mar]
[ 5 22 19 11]
np.random.permutation(males)[0:n_mar]
[ 5 10 21 19]
np.random.permutation(males)[0:n_mar]
[ 0  1 11  8]
np.random.permutation(males)[0:n_mar]
[18 16  0  3]
np.random.permutation(males)[0:n_mar]
[20 15  3 11]
np.random.permutation(males)[0:n_mar]
[ 3 13 12 20]
np.random.permutation(males)[0:n_mar]
[12 13  5 17]
np.random.permutation(males)[0:n_mar]
[11 20 18 16]
np.random.permutation(males)[0:n_mar]
[ 4  2  9 23]
np.random.permutation(males)[0:n_mar]
[20 19  0 12]
np.random.permutation(males)[0:n_mar]
[ 2 22  4 11]
np.random.permutation(males)[0:n_mar]
[20  3  4  1]
np.random.permutation(males)[0:n_mar]
[ 4 21 16  7]
np.random.permutation(males)[0:n_mar]
[18 11 21 20]
