np.random.permutation(males)[0:n_mar]
[16 23 12 17 15  0 21  6 18  8 10  5]
np.random.permutation(males)[0:n_mar]
[13  5 19 22 11 23  3  2 14  0 15  8]
np.random.permutation(males)[0:n_mar]
[ 5  9 21 12 23 17  4  3 14 19  7  0]
np.random.permutation(males)[0:n_mar]
[14  6 17 12  3  1 13  7 19  0 20 23]
np.random.permutation(males)[0:n_mar]
[12 19  3  0 16 13  9 21 22  8  7 17]
np.random.permutation(males)[0:n_mar]
[11  3  2 19  6 16 20  4 21 15 23  8]
np.random.permutation(males)[0:n_mar]
[20 18 17 15 12  1  7  9  6  5 14 10]
np.random.permutation(males)[0:n_mar]
[21 11  8  1 22  3 20 15  9 13 12  7]
np.random.permutation(males)[0:n_mar]
[ 9 18 14  1 11  7 21 16 15 13  8  5]
np.random.permutation(males)[0:n_mar]
[ 5  8 21  3 22 18 12 11  4 15 13  7]
np.random.permutation(males)[0:n_mar]
[ 0  2 14  1 11  8  7 15  9 18  6  5]
np.random.permutation(males)[0:n_mar]
[16 14  7 15  4 10  1  6  5 18  8 12]
np.random.permutation(males)[0:n_mar]
[17 16 13 19 21  5  7  1  4  9  8 12]
np.random.permutation(males)[0:n_mar]
[22 15  3  0 18 10  7  2  6  9  8  4]
np.random.permutation(males)[0:n_mar]
[11  6 20 23  7 16  9 21 10  3  4  1]
np.random.permutation(males)[0:n_mar]
[15 20 12 14  8 23  7  5  0 10 18  1]
np.random.permutation(males)[0:n_mar]
[14 20 10  4 19 22 11 23 17  8 21  0]
np.random.permutation(males)[0:n_mar]
[16 18 19 23  2  7  6  9 13  4  8 21]
np.random.permutation(males)[0:n_mar]
[13  4 15 19 23  9 21  7 20  5  0 18]
np.random.permutation(males)[0:n_mar]
[ 2 19 18 23 11  9 16 14 12 17  5 13]
np.random.permutation(males)[0:n_mar]
[ 7 16 21 14  2 22  6 10  4  9  0  3]
np.random.permutation(males)[0:n_mar]
[12 16  9 13  3 23 21  0 18  7  6  2]
np.random.permutation(males)[0:n_mar]
[10  0  2 11 12  4 21  7 18  8 22  3]
np.random.permutation(males)[0:n_mar]
[ 4 19  6 10  7  8 18 16 12 11 13 14]
np.random.permutation(males)[0:n_mar]
[ 9 11 23 17  0 14  3 18 12 10  8 13]
np.random.permutation(males)[0:n_mar]
[ 6 10  0 18  7 23 19 16 11 14 17 12]
np.random.permutation(males)[0:n_mar]
[22 19 11  9 14  0 18 21 20 23  5  6]
np.random.permutation(males)[0:n_mar]
[11  1  4  8 17 23  5  0 18  2 13 15]
np.random.permutation(males)[0:n_mar]
[ 7  5 21  9 19  0  4 14 22 11  1  3]
np.random.permutation(males)[0:n_mar]
[21  1 23 11  3 12  8 15  5  9 13 17]
np.random.permutation(males)[0:n_mar]
[22 16 20 15  3  6  0  5 17  4  1  7]
np.random.permutation(males)[0:n_mar]
[13 23 10 17 14 20  4 18  6 22  1 12]
np.random.permutation(males)[0:n_mar]
[18 10 11 17  2  1 19 15  5 14 16  8]
np.random.permutation(males)[0:n_mar]
[20  0  3 22 14 18  7  5 16  9  8 13]
np.random.permutation(males)[0:n_mar]
[ 1 17  8  6 16  0  5  7 21  9 11 18]
np.random.permutation(males)[0:n_mar]
[16 13 21 14  8  3 10  5 12 17 15 20]
np.random.permutation(males)[0:n_mar]
[ 0 17 20  4 15 22  1  8 13 10  3  7]
np.random.permutation(males)[0:n_mar]
[ 8 12 14  3 16  2 18  6  5  7 21 10]
np.random.permutation(males)[0:n_mar]
[21 20 15 11 19 13  6 16  2  7 22 18]
np.random.permutation(males)[0:n_mar]
[14  8  7  6  1  3 17 21  5 11  2 19]
np.random.permutation(males)[0:n_mar]
[13  6  7 10 16  9  1 18 17 22  8 23]
np.random.permutation(males)[0:n_mar]
[13  9 21 10  3 16  5  7  2 11  6  4]
np.random.permutation(males)[0:n_mar]
[ 0  3 11 13 22 15 10 17  5  6  9 23]
np.random.permutation(males)[0:n_mar]
[18  2 21 17  8 14 23  6  1  5 22 19]
np.random.permutation(males)[0:n_mar]
[11  5 10  1  9 19 15 14  4 17 21 13]
np.random.permutation(males)[0:n_mar]
[12 15 20 11  0 14  9  8  1  6  3 19]
np.random.permutation(males)[0:n_mar]
[ 1 17  4 18  3 11 13 12  7 16 21  9]
np.random.permutation(males)[0:n_mar]
[ 9  4 13 19 16 23 22  3 18  1 20 14]
np.random.permutation(males)[0:n_mar]
[ 3  2 19 16  4 10 13 22 12  0  7 18]
np.random.permutation(males)[0:n_mar]
[ 9  0 21 23  1 18  6  4 17 12 22  5]
np.random.permutation(males)[0:n_mar]
[16 17 23 18  8  6 21 22  7 19  9 20]
np.random.permutation(males)[0:n_mar]
[ 6 11  1 15  9  2 12  7 19 13  5  8]
np.random.permutation(males)[0:n_mar]
[ 2 13 23 19  3 21  4  7  9 15  5 11]
np.random.permutation(males)[0:n_mar]
[13  1  7 18 15 23  4 14 12 10  2 11]
np.random.permutation(males)[0:n_mar]
[ 1 19 21  3 14  4 20 12  2 18 22 13]
np.random.permutation(males)[0:n_mar]
[ 5 16 14 23  3 11  8  4 17  1  2 22]
np.random.permutation(males)[0:n_mar]
[19  1  8 23  2 13 17  9 12 20  4  6]
np.random.permutation(males)[0:n_mar]
[21  2 10 14 20  7 11 13 16  6  5  8]
np.random.permutation(males)[0:n_mar]
[20 16 10  9 11  0  6 17  2 15  7 21]
np.random.permutation(males)[0:n_mar]
[22  3  2  9 10  1  7  6 17  4 12  0]
np.random.permutation(males)[0:n_mar]
[20  3 19  1 17 21 10  8  6 22 16 23]
np.random.permutation(males)[0:n_mar]
[22  5  8  6 13 17 23 11 14  3 16 10]
np.random.permutation(males)[0:n_mar]
[10 17 15 18  4 11  1 23  0 16 12 14]
np.random.permutation(males)[0:n_mar]
[ 9  6 10 18 17 15  0 13  5 14  2 19]
np.random.permutation(males)[0:n_mar]
[14  5  1  4 13  0  8 20  3 18  7  6]
np.random.permutation(males)[0:n_mar]
[ 2 21 22 23  7 12  4 15  8  0 19 20]
np.random.permutation(males)[0:n_mar]
[ 6  2 18 14 23 15 22 19  4 12 11 10]
np.random.permutation(males)[0:n_mar]
[ 2  3 23 21  5 18 22  8  6 12 15 16]
np.random.permutation(males)[0:n_mar]
[ 1 11 14  2 16  3 13 19 17 20 15  4]
np.random.permutation(males)[0:n_mar]
[19  7  8  9 14 17  0 12 10 21 22 23]
np.random.permutation(males)[0:n_mar]
[ 4 16 19 15  6 11  7 12 23  2 20  0]
np.random.permutation(males)[0:n_mar]
[ 5  2  3 14 10 19 13  1 22 17  8 16]
np.random.permutation(males)[0:n_mar]
[18 10 14 15  6 17 13 23 16  4  3  8]
np.random.permutation(males)[0:n_mar]
[ 7 18 20  3 21 11  8  0 19  2  4 16]
np.random.permutation(males)[0:n_mar]
[13 18 23 15  6  3  4  8 21  9  0 20]
np.random.permutation(males)[0:n_mar]
[11 10 12 21 18  9 20  4 17  6 15  7]
np.random.permutation(males)[0:n_mar]
[19  8  4 14  3 20 13 15 23  2  9  6]
np.random.permutation(males)[0:n_mar]
[ 5  9 18  0  3 16  6  2 12 19 23 10]
np.random.permutation(males)[0:n_mar]
[16 21 18 20  3 23  0 12 11  5  8 13]
np.random.permutation(males)[0:n_mar]
[ 1  5 19  3 16 14 12  8 11 10 18 15]
np.random.permutation(males)[0:n_mar]
[ 4 10 12  7  0 11  1 23 13 19 18  2]
np.random.permutation(males)[0:n_mar]
[14  4  1  0  3  6 21  8 18  7  2 10]
np.random.permutation(males)[0:n_mar]
[19 11 17  4  5  2 20 10 15 14 16 13]
np.random.permutation(males)[0:n_mar]
[ 4 11  6 10 13  9  2 19  5 18 17 21]
np.random.permutation(males)[0:n_mar]
[17  9 11 22 20 13 14  1  8  6 18 21]
np.random.permutation(males)[0:n_mar]
[19  7  1  2 14  4  6 18 11  3 12 16]
np.random.permutation(males)[0:n_mar]
[15  1 20 22  3  7 14  5 23  0 17 12]
np.random.permutation(males)[0:n_mar]
[16 15 11  1 12 10  8 14  9 23  6 18]
np.random.permutation(males)[0:n_mar]
[ 4  5  1 18 23 21  9  7 12 10 16  0]
np.random.permutation(males)[0:n_mar]
[18 14 20  8 21 22 13  0  7  3  4  6]
np.random.permutation(males)[0:n_mar]
[20 16 13 15  6 10 12 21 18  8 19  4]
np.random.permutation(males)[0:n_mar]
[12 17 22 11 20  2  4 10  1  8  3  0]
np.random.permutation(males)[0:n_mar]
[17  7 20 18 13  5  3  0 11  4  9 22]
np.random.permutation(males)[0:n_mar]
[14  2  3 20 10  6 18 22 17 23 21  1]
np.random.permutation(males)[0:n_mar]
[20  6 22 16 13 14  1 15 17 21 12  9]
np.random.permutation(males)[0:n_mar]
[13 12  3 20 23 11  0 15  6 22  4 14]
np.random.permutation(males)[0:n_mar]
[11 16 13 22  3  9 14  6  4  5  2  8]
np.random.permutation(males)[0:n_mar]
[ 7 21 16  2  3 22 11  1 18 10  0  9]
np.random.permutation(males)[0:n_mar]
[10 18 22  6  8  1 17  7 23 20  5  3]
np.random.permutation(males)[0:n_mar]
[ 5 17  7 15 14 13 22 23 21  6  1  9]
np.random.permutation(males)[0:n_mar]
[14 16  5 12 10  9 20  0  7  2 13 17]
np.random.permutation(males)[0:n_mar]
[23  8 13  6  4  0  5 15  7 19 20 16]
np.random.permutation(males)[0:n_mar]
[22 12 23 16  3 20 18  9 11 13  2  7]
np.random.permutation(males)[0:n_mar]
[22 12 21  7 17 18 20  5 15 23  6 10]
np.random.permutation(males)[0:n_mar]
[ 8 23 13 17  7 15 18  4  2  0  5  9]
np.random.permutation(males)[0:n_mar]
[ 6 18  1 12 23 16 19  3  4 13 10  5]
np.random.permutation(males)[0:n_mar]
[10  5  6 13 18 21  3  1 23  4 20  2]
np.random.permutation(males)[0:n_mar]
[ 8  5 16  0 17 19 20 12 21  2 14 22]
np.random.permutation(males)[0:n_mar]
[16  0 17 13  9  4  2 18 23 20 22 19]
np.random.permutation(males)[0:n_mar]
[ 1  7 18 10  6 16  0 19 14 22  3  4]
np.random.permutation(males)[0:n_mar]
[17 12 11 14  9  4 10  5 13  1 16 22]
np.random.permutation(males)[0:n_mar]
[16 13 18 23  5  4 10  9 12  2  6 15]
np.random.permutation(males)[0:n_mar]
[21  4 22  0 13  3 23  2 17 20  9 18]
np.random.permutation(males)[0:n_mar]
[22  2  3  7  5 17  6 12 14 13  1  4]
np.random.permutation(males)[0:n_mar]
[15 14 18 20 19 16 10 13  2 23  9  8]
np.random.permutation(males)[0:n_mar]
[23 19 18  7 22 21 11 15  9 20 10 16]
np.random.permutation(males)[0:n_mar]
[ 2 18  3 10  9 15 14  8 16  6  1 23]
np.random.permutation(males)[0:n_mar]
[12 15  5  1 20 13  2  4 23 10  9  6]
np.random.permutation(males)[0:n_mar]
[10  5  6 18  1 15  9 19  4 11  8  3]
np.random.permutation(males)[0:n_mar]
[10  8  9  7  2  3 12  4  5  6 22 13]
np.random.permutation(males)[0:n_mar]
[ 7  9  4 11 17 12  0 14  8  6 23 15]
np.random.permutation(males)[0:n_mar]
[20  6  1  5 19 16 14 17 18  4  9 12]
np.random.permutation(males)[0:n_mar]
[ 0  5 17  3 22  6 11 13 14 20  8 15]
np.random.permutation(males)[0:n_mar]
[ 2 17 11  8  4  6 19  5 23  0  3  9]
np.random.permutation(males)[0:n_mar]
[ 4 15  9 20  7 21 10 11  5 13  8 16]
np.random.permutation(males)[0:n_mar]
[ 1 21 22 10  4 16 17  6  3  7 12 18]
np.random.permutation(males)[0:n_mar]
[19 18  9 22  2 21  0 10 17 23  1 14]
np.random.permutation(males)[0:n_mar]
[ 4  9  6 23 20 14 13 10 12 22  1 19]
np.random.permutation(males)[0:n_mar]
[15  4  5 13 12 11  7 19 20 21  6  8]
np.random.permutation(males)[0:n_mar]
[ 1 10  7  0  9 14 13 21 12 22 11 19]
np.random.permutation(males)[0:n_mar]
[22 21 16 11 18  8 19  9 10  6 12  3]
np.random.permutation(males)[0:n_mar]
[ 7  9 23 11 18  5  3 10 12 15 19 14]
np.random.permutation(males)[0:n_mar]
[ 8  7 12  0 22 21 10  9 11  1  2 14]
np.random.permutation(males)[0:n_mar]
[ 8 19 18 20 21  1  5 17  2  6 23  0]
np.random.permutation(males)[0:n_mar]
[18 19  0 16  2  1 23  4  9 12 17 21]
np.random.permutation(males)[0:n_mar]
[ 6  0 12 17 22 20  8 15  5 14  9 11]
np.random.permutation(males)[0:n_mar]
[16  9  0  3 12  6 19 22 18 11 21 14]
np.random.permutation(males)[0:n_mar]
[11  6 22  3  4 23  5 21 13  7 19 18]
np.random.permutation(males)[0:n_mar]
[11  0  7 22  8 13 19 17 15  3  2 20]
np.random.permutation(males)[0:n_mar]
[ 4  5 12  6 20  8 18 16  7  0 23 19]
np.random.permutation(males)[0:n_mar]
[21 15 22 23 12 11 19  8  7  1  2 16]
np.random.permutation(males)[0:n_mar]
[ 3 16 17  8 21  4 13 14  1 22 15  7]
np.random.permutation(males)[0:n_mar]
[15 13 21  3 18  4 23 14 11  6  0 17]
np.random.permutation(males)[0:n_mar]
[11 21 23  6  9  4 10  2 13 17 14  8]
np.random.permutation(males)[0:n_mar]
[21 10  4  2  0 17 13 16  8 11  9  5]
np.random.permutation(males)[0:n_mar]
[ 6 21 15 14 11  8 16 20  7 22  1  0]
np.random.permutation(males)[0:n_mar]
[11 10  1  7 13 20 14  8  5 21 22  4]
np.random.permutation(males)[0:n_mar]
[ 7 12 14  6 18 15  1  2 22  4  8 16]
np.random.permutation(males)[0:n_mar]
[18  4 10  5  8 11 15  2 23 20 22  3]
np.random.permutation(males)[0:n_mar]
[ 5 13 16 20 15  2 22  6 14  1  0 10]
np.random.permutation(males)[0:n_mar]
[14  5 18 19 23 17 16 12  2  3 13  8]
np.random.permutation(males)[0:n_mar]
[13 16  5 22 18 20 23  7  3 11 15  2]
np.random.permutation(males)[0:n_mar]
[15 20 14  2 11 10  6 17  3 13 22 12]
np.random.permutation(males)[0:n_mar]
[21 14 15  3  7  2 20 23 13  5 19 11]
np.random.permutation(males)[0:n_mar]
[10 22  5  8  9 13  2 19  1 20 21  4]
np.random.permutation(males)[0:n_mar]
[ 7  0 23 10 14 17 15  5 19 20  1 21]
np.random.permutation(males)[0:n_mar]
[ 2 14 15 16  1 11 12  3 21  6 20 17]
np.random.permutation(males)[0:n_mar]
[ 3  4 15 20 21  9  1 10 11 12 14  2]
np.random.permutation(males)[0:n_mar]
[17 16 14 15  1 18 22  5  7 20  2 19]
np.random.permutation(males)[0:n_mar]
[23  0 13 14 20 18  3  9 15  2  5 19]
np.random.permutation(males)[0:n_mar]
[11  1  8  2  7 20 18 15 10 19  4 22]
np.random.permutation(males)[0:n_mar]
[ 9 18 10  7  6 22  2 23  8 15  1  0]
np.random.permutation(males)[0:n_mar]
[22 13 15 23  8 19 16  3  1 12 20  2]
np.random.permutation(males)[0:n_mar]
[ 8 21  9  5 15 11 14 13  1 20 19 23]
np.random.permutation(males)[0:n_mar]
[15  4 19  7  1 12  0 16 21 18  9 17]
np.random.permutation(males)[0:n_mar]
[ 5 21 19  8 23  6 20 17 18 16  3 15]
np.random.permutation(males)[0:n_mar]
[ 5 13 22 11 10 21 23  3  8  4 14  7]
np.random.permutation(males)[0:n_mar]
[21  2 16  1 18  9 15 12  6 10  5 23]
np.random.permutation(males)[0:n_mar]
[23 10 14 13 15 17  2 18 16  8  1 12]
np.random.permutation(males)[0:n_mar]
[10 15  2  6 16  0  3 21 22  9  8 17]
np.random.permutation(males)[0:n_mar]
[ 4 16  6 19 10  5 12  0  1 11 13 15]
np.random.permutation(males)[0:n_mar]
[15 12  0  2  9 10 22  7 19  1 18 17]
np.random.permutation(males)[0:n_mar]
[10  8  9 15 23  4  2  3  6  1  5 21]
np.random.permutation(males)[0:n_mar]
[ 7 16  2  4 23 10 22  3  6  1 11 17]
np.random.permutation(males)[0:n_mar]
[ 7  0 18 14 22 19  3  5  8  1 20  9]
np.random.permutation(males)[0:n_mar]
[19 20  3  1  9 17 12 13 23  8  5 16]
np.random.permutation(males)[0:n_mar]
[23  4 13 21 14 18 17 16  9  2 12  7]
np.random.permutation(males)[0:n_mar]
[ 2  1 10  0  6 23 15  9 16  3 12  5]
np.random.permutation(males)[0:n_mar]
[ 6 23 18  2 13  5 17 20 21  9 10 22]
np.random.permutation(males)[0:n_mar]
[15  8 16 20  5 21 14 23 12  2  1  6]
np.random.permutation(males)[0:n_mar]
[21  6  9 14 18 11 15  7 20  0 13 16]
np.random.permutation(males)[0:n_mar]
[23 18  7  5 11 22  1  9 17 13 21 19]
np.random.permutation(males)[0:n_mar]
[21  8  0  7 18  3 20 15  5 19 10 16]
np.random.permutation(males)[0:n_mar]
[ 4  3 17 22 20 10  7 12  8  5 19 16]
np.random.permutation(males)[0:n_mar]
[ 2 18  8  1 16 15 12 21 17 14 10 13]
np.random.permutation(males)[0:n_mar]
[ 3 22 20  8 10 13 17  6  1 19  9 11]
np.random.permutation(males)[0:n_mar]
[ 5 17  3 13  4 19  1 10  7 16 21 22]
np.random.permutation(males)[0:n_mar]
[ 2 20  9  6 12 19 15 21 18  4 17 10]
np.random.permutation(males)[0:n_mar]
[ 2 18 13 16 21 11  1  4 17 20  9 23]
np.random.permutation(males)[0:n_mar]
[ 2 21 12 13 23  6 16  3 18  9  4 14]
np.random.permutation(males)[0:n_mar]
[ 5 14  0  1 22  8 20 10 11  3 12  2]
np.random.permutation(males)[0:n_mar]
[12 23  5  3  7 19  6 13 15  1 21  9]
np.random.permutation(males)[0:n_mar]
[ 7 15 23  2  9 13  1 19  0  3 21  6]
np.random.permutation(males)[0:n_mar]
[16 11  9 23  3  8  4 21  0 18 10  7]
np.random.permutation(males)[0:n_mar]
[16  3 14  0 11  7 17 10 20  9 22  6]
np.random.permutation(males)[0:n_mar]
[10  6  3 19 17 11 21  8 16 20 22 14]
np.random.permutation(males)[0:n_mar]
[20 10 17 23 19 12 14  5  1 21 15 11]
np.random.permutation(males)[0:n_mar]
[19 11 16 12  4  0 22 10 17  3  5 23]
np.random.permutation(males)[0:n_mar]
[ 4 17 21 16  5 20 10 12  3 14  2  8]
np.random.permutation(males)[0:n_mar]
[22 18  6  5 12  3  2 11 20  0 23 17]
np.random.permutation(males)[0:n_mar]
[ 0  9  3 22 12 10 13 17 21  4  5 15]
np.random.permutation(males)[0:n_mar]
[ 4 17  8 11 12 23 20  2 10  7 18 21]
np.random.permutation(males)[0:n_mar]
[18 13 23 10 19 21  2  4  1  3  5 12]
np.random.permutation(males)[0:n_mar]
[19 22  4  2 11  6  7  5 12 20  0 16]
np.random.permutation(males)[0:n_mar]
[21 15 17 18  7 10  2  5  0 12  3  8]
np.random.permutation(males)[0:n_mar]
[10  4 19 15 20 13  2  0 18 12 14  5]
np.random.permutation(males)[0:n_mar]
[ 1 11  4  0  8  9 18 19 13  6 23 17]
np.random.permutation(males)[0:n_mar]
[ 1 22  9  5 15 10  6 19 23 13 21 20]
np.random.permutation(males)[0:n_mar]
[22  2 21 14 10  0  9 19 16  5 13  7]
np.random.permutation(males)[0:n_mar]
[16 14  9  4  6 23 17 19 12  7 13  2]
np.random.permutation(males)[0:n_mar]
[ 2  8  1  9 20 10  3  5 17 19 14 15]
np.random.permutation(males)[0:n_mar]
[ 6  0 21 18  1 14 23  8 12  4 11 13]
np.random.permutation(males)[0:n_mar]
[15  7 22  1  6 13  4 19  9  3 18 10]
np.random.permutation(males)[0:n_mar]
[ 5 10  2 11 13 23 22 21 12  3 18 20]
np.random.permutation(males)[0:n_mar]
[23 13 12  7 18  1  5 10  3 11  9  2]
np.random.permutation(males)[0:n_mar]
[ 6 19 21 23 16 22 10  9  4  8 12  1]
np.random.permutation(males)[0:n_mar]
[ 7 14 17 10  4  5  2  8  3  9  6 22]
np.random.permutation(males)[0:n_mar]
[21 14 22  3  6  8 23  7 11 12 17  2]
np.random.permutation(males)[0:n_mar]
[ 6  0 15  5 19  7 22 10 11  8  9 23]
np.random.permutation(males)[0:n_mar]
[19 21 10 12  7  6 11  4 18  2 16  0]
np.random.permutation(males)[0:n_mar]
[ 3  8 12 14 19  2 20  5 15 21 23 22]
np.random.permutation(males)[0:n_mar]
[17 11  2  5  6  3 23  4 16 10 15  8]
np.random.permutation(males)[0:n_mar]
[16 13  3 22 18 15 12 10 17  1  2  7]
np.random.permutation(males)[0:n_mar]
[ 0 16 19  4 15 13 18 17 12 23  8  5]
np.random.permutation(males)[0:n_mar]
[15  2 21  1  9  4 19 16 13  5 22 10]
np.random.permutation(males)[0:n_mar]
[ 2  4 22  8 18  5 13 10 23  3 15  0]
np.random.permutation(males)[0:n_mar]
[ 2 11  3  7 18 19  8 22 20 23  6 12]
np.random.permutation(males)[0:n_mar]
[23  2 17  9 12  7 22  0  8 19 11  4]
np.random.permutation(males)[0:n_mar]
[15  8  4  2 23  3  9 18  0  1 10 20]
np.random.permutation(males)[0:n_mar]
[ 0 23 13  6 12 21 18 10 17  7  8 14]
np.random.permutation(males)[0:n_mar]
[ 7 12 19  8 10 20  1  5 14  2  0  3]
np.random.permutation(males)[0:n_mar]
[ 8  6 16 10 19 17  4 11  3 22  0 15]
np.random.permutation(males)[0:n_mar]
[ 2 14 12 19 17  4 22 10  3  5  0 21]
np.random.permutation(males)[0:n_mar]
[17  5  7  0  2 23  3  8 22 10  6 16]
np.random.permutation(males)[0:n_mar]
[21 20  1 18  5 10  2 23 15  9 22  3]
np.random.permutation(males)[0:n_mar]
[ 3 21 17 20  7  2 10 16 11  6 14  8]
np.random.permutation(males)[0:n_mar]
[22 18 20  9 23 15  6 13  8  0  7 21]
np.random.permutation(males)[0:n_mar]
[18  2 21 14  6 16  9  1 15 22  8  4]
np.random.permutation(males)[0:n_mar]
[22  8 15 17 23  4  7  3 12  6  5 19]
np.random.permutation(males)[0:n_mar]
[11  0 14 22 10 13  7  4  8 19  1 23]
np.random.permutation(males)[0:n_mar]
[11 22 21 15 10 23  2 14 16  7  0 18]
np.random.permutation(males)[0:n_mar]
[ 7  3 10  8 21 14 13 12  2 17 11  9]
np.random.permutation(males)[0:n_mar]
[15 10  3 19 20  4  7  0  8 21 18 23]
np.random.permutation(males)[0:n_mar]
[22 16  4 21  7  9 23 20 11 17  1 13]
np.random.permutation(males)[0:n_mar]
[ 7  5 19  2 17 15 13  8 12 11  6  9]
np.random.permutation(males)[0:n_mar]
[13  6 17  9 11 21  5  4  1 10  0 16]
np.random.permutation(males)[0:n_mar]
[11  7 12 16  2 18  3 14 21 10 13  0]
np.random.permutation(males)[0:n_mar]
[20  6 14 12  8 21  4 16  1  2 11  3]
np.random.permutation(males)[0:n_mar]
[ 1 18 11 13 16 15 17  9 22 23  2 19]
np.random.permutation(males)[0:n_mar]
[ 1  6 13 14  9 12 19  5 18  2 20  0]
np.random.permutation(males)[0:n_mar]
[ 4 16  5 18  1  2 20  7 23 10 11 12]
np.random.permutation(males)[0:n_mar]
[16  5  4 17 11 15 21 22 19  0 23  6]
np.random.permutation(males)[0:n_mar]
[12 11 21  8  9 23  4  3  6 17 22  1]
np.random.permutation(males)[0:n_mar]
[16 23  6 15 19  3 17 14  8 10 21  7]
np.random.permutation(males)[0:n_mar]
[22  6  7 17 16 20  8 18  1  3  9 15]
np.random.permutation(males)[0:n_mar]
[11 10 16  2  3  7  1 15 23 20  8  9]
np.random.permutation(males)[0:n_mar]
[15 17 12 18  5  6  8  1  7 23 19 13]
np.random.permutation(males)[0:n_mar]
[13 16 23  3  5 14 22  9 17 20 11 10]
np.random.permutation(males)[0:n_mar]
[ 3 22  8 12 10 18  2  9 13 21 19 15]
np.random.permutation(males)[0:n_mar]
[ 6 20 17  9  3 13  5  8 16 11 12  7]
np.random.permutation(males)[0:n_mar]
[16 23 14  3  4 22  6  7 21 10 20 13]
np.random.permutation(males)[0:n_mar]
[15  6 17  0  1  8 14  2  5 22 10  7]
np.random.permutation(males)[0:n_mar]
[ 1 10  5 11 17  4 16  7  2  8 12 14]
np.random.permutation(males)[0:n_mar]
[20 15  9 13  1  4 19 16  2  7 23 18]
np.random.permutation(males)[0:n_mar]
[ 0  5 19  6 20  9 13 15 16 23  8  3]
np.random.permutation(males)[0:n_mar]
[13 22 21 12  5  3 19 23 18 14  8 11]
np.random.permutation(males)[0:n_mar]
[ 4 15 16  1  2  9 18  3  0 22 10  7]
np.random.permutation(males)[0:n_mar]
[13  1 11 18 15 12  6 19  8 23  2  7]
np.random.permutation(males)[0:n_mar]
[12  2 16  5 14 23  4 21 10  1  0 18]
np.random.permutation(males)[0:n_mar]
[14 12 23 20  2  9  8 16 10  1  6  0]
np.random.permutation(males)[0:n_mar]
[ 0 21  2 23 14 11  6  5 22 12 10 20]
np.random.permutation(males)[0:n_mar]
[13 12 17  9  8 18 22 19  5 16 14 23]
np.random.permutation(males)[0:n_mar]
[13  3 19  2 12 18 23 15  8  0  5 11]
np.random.permutation(males)[0:n_mar]
[ 9  7  8 13 10  0 23  6 19 18 12 11]
np.random.permutation(males)[0:n_mar]
[ 6  3 23  9 20 19 13 15  8  2  4 11]
np.random.permutation(males)[0:n_mar]
[ 4 23  9  7 13 18 14 16  5  6  8 17]
np.random.permutation(males)[0:n_mar]
[13 11 22 16 10  2  9  4  7  0  1 21]
np.random.permutation(males)[0:n_mar]
[19 12 10  2 11 17 21  8 16 13 20  0]
np.random.permutation(males)[0:n_mar]
[ 1  6 15  2 11 22  9  0 13  3  5 17]
np.random.permutation(males)[0:n_mar]
[ 5 20  4 11 12 13 21  6  8 22  9 15]
np.random.permutation(males)[0:n_mar]
[13 15 16  2  4 10 17 19  1  9 14 18]
np.random.permutation(males)[0:n_mar]
[16  9  0  1  4  6  3 21 18 14  2 12]
np.random.permutation(males)[0:n_mar]
[16  1 23 10  9  2  0 21 22 13  3 11]
np.random.permutation(males)[0:n_mar]
[16 15 14  0 12 23  9 11 20  4  8  7]
np.random.permutation(males)[0:n_mar]
[10  1 18 20  7  3 17 23 21 14 12 16]
np.random.permutation(males)[0:n_mar]
[17  3 11  1 14 12 18 23 10 16  5 22]
np.random.permutation(males)[0:n_mar]
[16  7 10 19 22 18 11 20 23  1  8  2]
np.random.permutation(males)[0:n_mar]
[ 8 14  2 11  0 16 15  4  9  3 20 12]
np.random.permutation(males)[0:n_mar]
[ 7 13 10 20  2 21  5  9  1 14  0 22]
np.random.permutation(males)[0:n_mar]
[ 3 18  0 16  1 15  4 20 13  9  8 17]
np.random.permutation(males)[0:n_mar]
[18  6 10  2  1  3 13  0 22 12 16 23]
np.random.permutation(males)[0:n_mar]
[21  9 15 10 23  1 22 14 13 19  8  7]
np.random.permutation(males)[0:n_mar]
[ 5 20 12  3 18 11  6  2 16  4 15  9]
np.random.permutation(males)[0:n_mar]
[ 6 11  3 22  9 21 15 13  1 18  4  8]
np.random.permutation(males)[0:n_mar]
[21  5 23  0 13  8 11  7  6 18  4 15]
np.random.permutation(males)[0:n_mar]
[ 5 20 22  2 15 19  8  4 10 17 23  9]
np.random.permutation(males)[0:n_mar]
[16 14  1 15  9  7 18 23  2 17 10 13]
np.random.permutation(males)[0:n_mar]
[ 8 20 10  1  6 15  2 23 13  5  0 18]
np.random.permutation(males)[0:n_mar]
[16 18 10 22  0  1 23  8 20 15  7 19]
np.random.permutation(males)[0:n_mar]
[21 10 12 19  4 11 14  3  2 20 13 16]
np.random.permutation(males)[0:n_mar]
[22 21 17 23 14 18  6  5  8  0 12 10]
np.random.permutation(males)[0:n_mar]
[ 4 21  9 20  6 14 11 17  1  3  2 12]
np.random.permutation(males)[0:n_mar]
[18 16  4 10  2 13  6  0  1  9 11 14]
np.random.permutation(males)[0:n_mar]
[ 4 15  6 12  7 14  0 17  9 18 16 11]
np.random.permutation(males)[0:n_mar]
[15 18 20  1 19 23  6 17 10 22  5  8]
np.random.permutation(males)[0:n_mar]
[21 18 10 19  2  5  1  9  4 23 13 12]
np.random.permutation(males)[0:n_mar]
[23 13  5  1  3 18  7 14 16  2 15  9]
np.random.permutation(males)[0:n_mar]
[ 8 21  2  3 22 14 20 11 15 19  9  5]
np.random.permutation(males)[0:n_mar]
[ 1 20  8 21 17 13  4 18  2 15 10 11]
np.random.permutation(males)[0:n_mar]
[ 1  0 10 16  6  9  2 12  3 15 21 17]
np.random.permutation(males)[0:n_mar]
[21  6 13 12  1 22 18 16  7 14  4 17]
np.random.permutation(males)[0:n_mar]
[12 17 11  6  8 14  0  3 20 22  7  4]
np.random.permutation(males)[0:n_mar]
[ 6 19 23  7  5 10 18 21 22 15  9  2]
np.random.permutation(males)[0:n_mar]
[ 1 21 15  9 22 14 18 19  3 17 11  8]
np.random.permutation(males)[0:n_mar]
[18 13  1 15  7 16  8  6 19 11  5  9]
np.random.permutation(males)[0:n_mar]
[22  5 17 13 19 20  0  2 23  4 15  7]
np.random.permutation(males)[0:n_mar]
[15  0 18  8 16  7  2  6  1  4 12 20]
np.random.permutation(males)[0:n_mar]
[ 3  0  4 11  8 19 17  9 23 22  2  7]
np.random.permutation(males)[0:n_mar]
[14  3 20  7  2 16  4 18  6 23 13 17]
np.random.permutation(males)[0:n_mar]
[ 9 12 15  5 11 23 16 20 21 14  8 13]
np.random.permutation(males)[0:n_mar]
[21 15 23 13 14 22  7 18 19  0 17  9]
np.random.permutation(males)[0:n_mar]
[16 14 20 18  5  8  7  1  2 21 15 17]
np.random.permutation(males)[0:n_mar]
[ 0 11 20  4 10 21 17  7 16  3 19 13]
np.random.permutation(males)[0:n_mar]
[ 2 13 17 12  6 18 20  3 15  0  9  5]
np.random.permutation(males)[0:n_mar]
[ 2 13  9  3 20 11  5 12  8 22  0  7]
np.random.permutation(males)[0:n_mar]
[ 4 19 16  2  6  5 17  7 18 20 14  0]
np.random.permutation(males)[0:n_mar]
[ 0 16 23 22  3 14 11  5 12  2  8  7]
np.random.permutation(males)[0:n_mar]
[ 8 21 13 19  7 12 20  0  2  1  6 14]
np.random.permutation(males)[0:n_mar]
[13  4 18 10 23  5  2 14  7 22 21  8]
np.random.permutation(males)[0:n_mar]
[15  5  1  2  8 18 17 13  6 11  7 12]
np.random.permutation(males)[0:n_mar]
[11 17  2  6 18 21 22 12 20 23 15 19]
np.random.permutation(males)[0:n_mar]
[16 21 14 20 18  9 13 19 17 12 22 11]
np.random.permutation(males)[0:n_mar]
[18  8 21 23 22 14  2  7  4 19  0 17]
np.random.permutation(males)[0:n_mar]
[19  1 12  3 13 22  4 17 14 21  7 18]
np.random.permutation(males)[0:n_mar]
[ 9  3  2 21 17 12 22 15 16 13  0 19]
np.random.permutation(males)[0:n_mar]
[12  6 17 10 23  3  9  7 19 11 21  8]
np.random.permutation(males)[0:n_mar]
[12  5 23 19 14  2 16  1 20  6 17 13]
np.random.permutation(males)[0:n_mar]
[10  5 11  3  4 23  0 15 12 21  8  9]
np.random.permutation(males)[0:n_mar]
[ 0 16 13 21  4 12 17 11 22  7 14  5]
np.random.permutation(males)[0:n_mar]
[10 11 14  9 12  1 19  7  8  3 13  2]
np.random.permutation(males)[0:n_mar]
[ 4 13 19 18 11 22  7 23 20  8 10  3]
np.random.permutation(males)[0:n_mar]
[ 0 14 13 16  8  2  3  1  5 18 17 12]
np.random.permutation(males)[0:n_mar]
[14 16 13  8  9 20  2 23 18 19  6  5]
np.random.permutation(males)[0:n_mar]
[16  0 22 21 23 11  8  6 15 19 18  9]
np.random.permutation(males)[0:n_mar]
[ 4  6 22  2  3 16 20 17 18 23 15  7]
np.random.permutation(males)[0:n_mar]
[22  2  4  0 13 15  9 23 14  5 20 21]
np.random.permutation(males)[0:n_mar]
[13 12 21 17  2 11 19  1  8 20  3 23]
np.random.permutation(males)[0:n_mar]
[23 17 10  6 20  3  8 11 22  5 16 19]
np.random.permutation(males)[0:n_mar]
[ 2 23 19  0 22  9 21 14 10  5  8  7]
np.random.permutation(males)[0:n_mar]
[22  3 10  8  5  6  0  7 16 21 18 14]
np.random.permutation(males)[0:n_mar]
[17  1  4  6 13 22  2 11 18 19 12 21]
np.random.permutation(males)[0:n_mar]
[ 9  4 11 16 23 14 10 22 19 12 15 13]
np.random.permutation(males)[0:n_mar]
[18 14 21  1  9 22  8 12 19 20  5  6]
np.random.permutation(males)[0:n_mar]
[ 5 23 19 13 15  2 18  6 21 17 11 20]
np.random.permutation(males)[0:n_mar]
[ 4 19 17 14 21 11  8  5  6 10 20  3]
np.random.permutation(males)[0:n_mar]
[ 0  6 10 17  8 15  1  7 12  4 21 18]
np.random.permutation(males)[0:n_mar]
[15 21  8  4 16 23 11  1  3  9 18  7]
np.random.permutation(males)[0:n_mar]
[ 7 16 12 13 10 20  9 17  3  0  4  2]
np.random.permutation(males)[0:n_mar]
[ 5 18 20 14 17  3  0  7  1 23 10  4]
np.random.permutation(males)[0:n_mar]
[ 2 17  7 12  1 15 10 18  0 14 19 11]
np.random.permutation(males)[0:n_mar]
[11  2  6  8 22 10 15 23 20 16 17 21]
np.random.permutation(males)[0:n_mar]
[ 9 10  4 14  5 11  7  8 13  3 21  0]
np.random.permutation(males)[0:n_mar]
[20  0  5 10  6 12 19  2 22  8 13 23]
np.random.permutation(males)[0:n_mar]
[17 14 19 21  1  0  8 20 18 13 22  2]
np.random.permutation(males)[0:n_mar]
[10  2 16  8  3  6 22  1 23 18 14  7]
np.random.permutation(males)[0:n_mar]
[ 9 10 18  4  3  6 16 14 22 23 21 19]
np.random.permutation(males)[0:n_mar]
[ 0 10 21  3  5  2  9 19 16 23 15  7]
np.random.permutation(males)[0:n_mar]
[ 9  7 20 19 10 23  0  8  5 21 22 17]
np.random.permutation(males)[0:n_mar]
[17 20  8 16  9  1  3 13 23  0 21 14]
np.random.permutation(males)[0:n_mar]
[16  1  3 13 18 11 23  7  2 10 22 17]
np.random.permutation(males)[0:n_mar]
[15 16  7 23  2  9 14 13 10 12  6  8]
np.random.permutation(males)[0:n_mar]
[ 6  4 19 16 17 10 18 14 13  8 22  9]
np.random.permutation(males)[0:n_mar]
[14  0 19 15 16  8 11  5 22  7 20 12]
np.random.permutation(males)[0:n_mar]
[18  1 23  5 15 16 10 21  6  7 13  8]
np.random.permutation(males)[0:n_mar]
[14  1 21  7  4 12 11 18 16  9  0 13]
np.random.permutation(males)[0:n_mar]
[19  1  8 14  4 10 17 13 21 18 20  3]
np.random.permutation(males)[0:n_mar]
[ 3  8 12 16  1 11 20 23  9 15  7  2]
np.random.permutation(males)[0:n_mar]
[23  6  4 11  9 16  3  8 19  0 13 17]
np.random.permutation(males)[0:n_mar]
[17 23 16  4 12  5 11 13  9  3  1  6]
np.random.permutation(males)[0:n_mar]
[ 5  0 13 20  3 17 12  9 23  2 19 11]
np.random.permutation(males)[0:n_mar]
[ 3  2 16  4 21  7  8 10 20 13  6  5]
np.random.permutation(males)[0:n_mar]
[ 0 17  6 16 15 11 13  9 14 12  2 21]
np.random.permutation(males)[0:n_mar]
[ 0  6 19 22 23 13  3 15  1 18  7 12]
np.random.permutation(males)[0:n_mar]
[ 0 12 13 23 17  9 20 10 11  5 14  6]
np.random.permutation(males)[0:n_mar]
[22  7  1 10 20  2  8 23  5 15 12 21]
np.random.permutation(males)[0:n_mar]
[ 2 14  9 15 22  1  0  8  7  6  3 11]
np.random.permutation(males)[0:n_mar]
[20  5  2 15 16  9  0  7  3 23  4  6]
np.random.permutation(males)[0:n_mar]
[ 5  6 17 11 21 20 13  9 14  8 18  2]
np.random.permutation(males)[0:n_mar]
[14 16 21  3 20  0  7 22 13  9  4 10]
np.random.permutation(males)[0:n_mar]
[ 2 23 15 21 11  6  9  1  0 19 20  5]
np.random.permutation(males)[0:n_mar]
[13  8 12 21  4 23 20 10 15  9 14  3]
np.random.permutation(males)[0:n_mar]
[11  0 12 16  1 23 21 13  8  5 19  3]
np.random.permutation(males)[0:n_mar]
[19  1 13 21 12 17  8  9  5 10 16 22]
np.random.permutation(males)[0:n_mar]
[ 9 11  4 12  7 15  5  6  8 21 19 17]
np.random.permutation(males)[0:n_mar]
[ 9 18 17 16 12  2 19  4 23  1 14  0]
np.random.permutation(males)[0:n_mar]
[16  6 12  2 17 13 18  5  0 11  9 15]
np.random.permutation(males)[0:n_mar]
[21 18 11  8 14  9  7 17  6 20 13 23]
np.random.permutation(males)[0:n_mar]
[ 4 16 21 20 12  1  9 10 14  0 11  7]
np.random.permutation(males)[0:n_mar]
[ 3  7  1 10 19  8 16 17 20 12  4 18]
np.random.permutation(males)[0:n_mar]
[14 17 18 12  8 20  3 10 22  0 19  9]
np.random.permutation(males)[0:n_mar]
[ 4 23 19  1 10 18  2 17 12  9 16  6]
np.random.permutation(males)[0:n_mar]
[12 23  0 17  1  6  9  7  2  4  3  5]
np.random.permutation(males)[0:n_mar]
[11 16 21  6  3  2 14  5 22  9  7 10]
np.random.permutation(males)[0:n_mar]
[ 0  7 13 20  3 19  1 23  9 16 21 11]
np.random.permutation(males)[0:n_mar]
[12  5  6  4 22  3 16 17 13  8  1 10]
np.random.permutation(males)[0:n_mar]
[18  5 22  4  6 20  3 23 14 10  0 12]
np.random.permutation(males)[0:n_mar]
[ 3  2 10 22 15 11 18  0  8 23 13  5]
np.random.permutation(males)[0:n_mar]
[19  7  3 14 22 15 23 12 21 11  1 13]
np.random.permutation(males)[0:n_mar]
[14 10  4  2 11 15 12  1 18 13  6  3]
np.random.permutation(males)[0:n_mar]
[17 21 20 22  6 16 23  2  5 12 14 15]
np.random.permutation(males)[0:n_mar]
[21  8 15  3 20  2  7  4  9  5 23 13]
np.random.permutation(males)[0:n_mar]
[16  0 15  6 18  7  3 14  2 20 22 12]
np.random.permutation(males)[0:n_mar]
[10  4 22 18 20  8  3 21  5 23 11 17]
np.random.permutation(males)[0:n_mar]
[15  1 22 12  0 11 23 17 13  9  2 16]
np.random.permutation(males)[0:n_mar]
[15  4 12  2  3 21  1 19 18 13 17 10]
np.random.permutation(males)[0:n_mar]
[16  6 15  4 18 14 23  1 12  8 11  2]
np.random.permutation(males)[0:n_mar]
[21 19  7 20  6 23  5  4 13 15 18 16]
np.random.permutation(males)[0:n_mar]
[ 4 21  7 12 22  2 23 13 16  0  3  1]
np.random.permutation(males)[0:n_mar]
[ 9  2  3  1 13 17 21  7  6 10 14  4]
np.random.permutation(males)[0:n_mar]
[ 9 15 20  3 17 22 21  4  6 12  5 16]
np.random.permutation(males)[0:n_mar]
[17 12 14 23 10  7  2  1 11  0  8  6]
np.random.permutation(males)[0:n_mar]
[17 13 16 23  7 22 11 21 19  9 12  3]
np.random.permutation(males)[0:n_mar]
[ 5 10 13 22  3  9  7 18 23  2 11 17]
np.random.permutation(males)[0:n_mar]
[18  5  6 19 23  3 22 17  8 10  2  0]
np.random.permutation(males)[0:n_mar]
[21 19 12  4 10 16 17  9 15 18  1 20]
np.random.permutation(males)[0:n_mar]
[ 8 18 10  3  4  1 22 17 20  6 19 15]
np.random.permutation(males)[0:n_mar]
[ 2 20  8 12  6 16  3  1 13 22 14 18]
np.random.permutation(males)[0:n_mar]
[ 2 14  3 21 15 16 22  8 18 19 13  6]
np.random.permutation(males)[0:n_mar]
[ 7 21  9  3  6 16  8  5 14  4 20 23]
np.random.permutation(males)[0:n_mar]
[14 15 19  2 23  3 11 10  4 20 13  7]
np.random.permutation(males)[0:n_mar]
[20  4  8  5 14 21  2  6 11 23 17 15]
np.random.permutation(males)[0:n_mar]
[14 11  2 18  7  5  8  9  3 19 13  6]
np.random.permutation(males)[0:n_mar]
[16  5  3  0 23  8  2  7 13  1  6 14]
np.random.permutation(males)[0:n_mar]
[15  7 23  1 17 14  4  8 21  2  3  5]
np.random.permutation(males)[0:n_mar]
[18 10  4 20 16 13 15  3  7 11 14 12]
np.random.permutation(males)[0:n_mar]
[13 22  8 11 23 20  1  9  3 19 16 10]
np.random.permutation(males)[0:n_mar]
[ 6  9 10  8 14 20  0 17  7 11  5  2]
np.random.permutation(males)[0:n_mar]
[ 9 12 10 11  3 14  8  0  2 21 18 22]
np.random.permutation(males)[0:n_mar]
[10  6 14  5 21 15  2 18 17  0 22 12]
np.random.permutation(males)[0:n_mar]
[16 13 20  5  6  2  7 22 15  4 23 21]
np.random.permutation(males)[0:n_mar]
[19 20 15 23 18 17  5  6 21 22 14  4]
np.random.permutation(males)[0:n_mar]
[ 3 14  4 13  7  9 19  5 10  6  8 12]
np.random.permutation(males)[0:n_mar]
[21 12  7  3 22  1  5  9 23  8 17  0]
np.random.permutation(males)[0:n_mar]
[10 12  1 22 21 19  7 15 18  8  2 16]
np.random.permutation(males)[0:n_mar]
[ 3 11 15  2 10 17 12 23  9 18  4  7]
np.random.permutation(males)[0:n_mar]
[17 13 11  8 16  6  1  2  4  5  7 23]
np.random.permutation(males)[0:n_mar]
[ 1  6 12 20 14  7  2 11 17 16 21 10]
np.random.permutation(males)[0:n_mar]
[14 20 22  7 17 11  9  4 21 15  0  8]
np.random.permutation(males)[0:n_mar]
[16 18 15 14  1  7  6  3  8  2 11  5]
np.random.permutation(males)[0:n_mar]
[ 1 10  5 15 18  3 14 22  0 23 20  6]
np.random.permutation(males)[0:n_mar]
[ 2 21 10 16 13  9 20  5 19  4 18 14]
np.random.permutation(males)[0:n_mar]
[16  1 22 11 21 10  3 14  2 23  0 19]
np.random.permutation(males)[0:n_mar]
[22 14 11  2 17 15 23 21  6  3 19  7]
np.random.permutation(males)[0:n_mar]
[ 0  9 17 15 22 19  3 13  5  1  8 10]
np.random.permutation(males)[0:n_mar]
[23 11 13 22 16  9 18  5 19 15  8  1]
np.random.permutation(males)[0:n_mar]
[ 7 12 20 11 19  5  6 10  0 21  1 15]
np.random.permutation(males)[0:n_mar]
[ 1  4  9  0 18 21 12 23 17 22 19  7]
np.random.permutation(males)[0:n_mar]
[ 0  9  2 19  3 14 23  7  1 10 22 13]
np.random.permutation(males)[0:n_mar]
[13  6 21 23 20 22 15  2 14  4  5 10]
np.random.permutation(males)[0:n_mar]
[ 3  1 17 10 12  7 18  2 15 14 22 19]
np.random.permutation(males)[0:n_mar]
[17  6 20  7  8 13 11  1 10  5  4 14]
np.random.permutation(males)[0:n_mar]
[18 19 21 22  7  8  6  5 23 13 16 15]
np.random.permutation(males)[0:n_mar]
[11 12 17  2 10 19 13  5 20  7 16 14]
np.random.permutation(males)[0:n_mar]
[20  0  7 16  4  9 14  2 15  8 23 12]
np.random.permutation(males)[0:n_mar]
[18 10  0  9  3 20  6  2 14 16 19 21]
np.random.permutation(males)[0:n_mar]
[17  1 12 14 11  4  7 23 18 16  0 13]
np.random.permutation(males)[0:n_mar]
[ 7 23  3 14 16 15 12  8  4 13 20 21]
np.random.permutation(males)[0:n_mar]
[20 13 18 17  7  1 22 12 23 19  3 15]
np.random.permutation(males)[0:n_mar]
[ 7 17 13  3 10  6 20 22  1 15  0 19]
np.random.permutation(males)[0:n_mar]
[ 4 23  5 13  1  3 11 15  0  2 20 18]
np.random.permutation(males)[0:n_mar]
[11  0  8  5  7  4  1 18 16  3 19 17]
np.random.permutation(males)[0:n_mar]
[19 15  2  8  3 20  5 22 23 16  0 10]
np.random.permutation(males)[0:n_mar]
[14 10  9 20 23 12 11 22 13  2 15  6]
np.random.permutation(males)[0:n_mar]
[15  5 17  8 13  4 18  1 10  7  0 19]
np.random.permutation(males)[0:n_mar]
[12 17  0  9  7 19 15 22 23 16  6 21]
np.random.permutation(males)[0:n_mar]
[ 6 20 22 11 16 12  4  0 21  1  5  8]
np.random.permutation(males)[0:n_mar]
[23  6 19 13  1 14 21 22  5  3 12 17]
np.random.permutation(males)[0:n_mar]
[ 7  8 14  1 15 20 19 13  3 11  4  6]
np.random.permutation(males)[0:n_mar]
[15  6  8 17 10  9 14 12  7 13 18 20]
np.random.permutation(males)[0:n_mar]
[ 3  1 15 21 22 19  6 12  2  7  5 18]
np.random.permutation(males)[0:n_mar]
[14 12 21 16  0  7 18  9 17  5  1  3]
np.random.permutation(males)[0:n_mar]
[10  2 22 12  4 11 19  0 15 23  3  9]
np.random.permutation(males)[0:n_mar]
[ 5 13  7  1 23 14 12  9 10  2  0 19]
np.random.permutation(males)[0:n_mar]
[ 3 18 21 14  4 10 23  5 22 16 12  1]
np.random.permutation(males)[0:n_mar]
[ 1 11 15  2  3 20  9  8 13 19 22 23]
np.random.permutation(males)[0:n_mar]
[ 0 16 10 15 18 13 17  5 19 20  6  7]
np.random.permutation(males)[0:n_mar]
[ 2 15  0  9 18 13 20  7  4 21  5 10]
np.random.permutation(males)[0:n_mar]
[ 7  0 13 22  1 23 14  9 18 12  6  5]
np.random.permutation(males)[0:n_mar]
[ 3 22  2 15 21  1 20 14  8 17  0  4]
np.random.permutation(males)[0:n_mar]
[ 5 17 19 13  7  8 18 22 15  0 23  9]
np.random.permutation(males)[0:n_mar]
[12 15 11 14  1  3 10  5  0 19 21 17]
np.random.permutation(males)[0:n_mar]
[ 8  6 21 17  3  4 15 23 19  5 10 12]
np.random.permutation(males)[0:n_mar]
[ 9  3 18 15  0 19 17 11  1 22 16  5]
np.random.permutation(males)[0:n_mar]
[16 17  3 14  1 12  9 13 18  0 21 19]
np.random.permutation(males)[0:n_mar]
[ 1 12 10 14 13 23  4 16  8 21  2 19]
np.random.permutation(males)[0:n_mar]
[16 23  2 10  9 13 20 14  4  1 18  0]
np.random.permutation(males)[0:n_mar]
[23 21 17 20  4 14  9  2  7 10  6 22]
np.random.permutation(males)[0:n_mar]
[13 23  8 14  2  9 16 21 19 12  0  6]
np.random.permutation(males)[0:n_mar]
[ 1  8 15  3  9  7 16 12 14 19  6 21]
np.random.permutation(males)[0:n_mar]
[ 4 11  3 12  8 14 20 21  6  0 23 13]
np.random.permutation(males)[0:n_mar]
[14  8 19 12  4 13 11 16 20  5  3  1]
np.random.permutation(males)[0:n_mar]
[23  9 10  4  2 11 16 15 12 17  3 13]
np.random.permutation(males)[0:n_mar]
[22  4 13  8 12 16  2  9  6 17 21 10]
np.random.permutation(males)[0:n_mar]
[ 3 17  9 16 13 23  4  7  2 18 11 12]
np.random.permutation(males)[0:n_mar]
[ 5 13 15 22  4  9 19  7 17 12 10  2]
np.random.permutation(males)[0:n_mar]
[ 6  3 11 23 17 16 12  0  7  1 21 19]
np.random.permutation(males)[0:n_mar]
[ 2 17 10  7 13 21  5  8 18 22 23 16]
np.random.permutation(males)[0:n_mar]
[ 6 20 22 21 16  1 23 12 18 19  0 13]
np.random.permutation(males)[0:n_mar]
[18 10 20  8  5 11  4 14 13  1 12 21]
np.random.permutation(males)[0:n_mar]
[14 22  2  7 16  5  9 18  4 21 23 13]
np.random.permutation(males)[0:n_mar]
[20 12 16 22  7  5 11 18  1  9  4 17]
np.random.permutation(males)[0:n_mar]
[22 16  2  5 10 19  9 21  8 17 15 23]
np.random.permutation(males)[0:n_mar]
[ 0  8  3  6 10  5 14  7 21  4 23 16]
np.random.permutation(males)[0:n_mar]
[ 7  4  3 12 14 11 19  5 22  8 16  9]
np.random.permutation(males)[0:n_mar]
[ 0  2 13  5  9 22 18 10  8 17 20 21]
np.random.permutation(males)[0:n_mar]
[ 0 22 20  2 18 13  1 19 15 12 17  5]
np.random.permutation(males)[0:n_mar]
[18  5 10 17 20 19 15  6  8  2  4  9]
np.random.permutation(males)[0:n_mar]
[ 6  9 20  3  2 15 23 12 21 13  4  7]
np.random.permutation(males)[0:n_mar]
[11 20  8 13 15 22  3  6  2 18 17  4]
np.random.permutation(males)[0:n_mar]
[15 18  9 10 11  5  2  6 21  4 13 22]
np.random.permutation(males)[0:n_mar]
[10 12 14 15 20  8  5 19 21  2 22 23]
np.random.permutation(males)[0:n_mar]
[ 8 20  9 12 21 14 13 23 10  5  2 19]
np.random.permutation(males)[0:n_mar]
[ 9  6 22 19  2 14 11 17 10 21 13 12]
np.random.permutation(males)[0:n_mar]
[ 2 15  4 12 10 17 23  5  3 14 20  6]
np.random.permutation(males)[0:n_mar]
[15 17 19  0 20 18 21 22  2  8 12  6]
np.random.permutation(males)[0:n_mar]
[11 21  1 20  4  5  2 15 14  0  3 13]
np.random.permutation(males)[0:n_mar]
[17 13  5  7  2 11 12  3 14 19  0  8]
np.random.permutation(males)[0:n_mar]
[ 4  9  8 12  0  3 10 11  7 18  6 20]
np.random.permutation(males)[0:n_mar]
[ 4  6 17 14  0 15  3  8  7 22  2 16]
np.random.permutation(males)[0:n_mar]
[20  4 22  5  0 15  1 10  3 19 16 13]
np.random.permutation(males)[0:n_mar]
[ 0 23  9 15 22 17 11  5  2 19  1  8]
np.random.permutation(males)[0:n_mar]
[ 5  3 11 20 19  6  9 14 10 18  8  0]
np.random.permutation(males)[0:n_mar]
[20  9 13  0  4 12 17  8  7 19 10 15]
np.random.permutation(males)[0:n_mar]
[11 12  0  3 18  8 15  7  5 10  9 16]
np.random.permutation(males)[0:n_mar]
[16 15  0 14 21  6 13 10  2 18 20  9]
np.random.permutation(males)[0:n_mar]
[ 8  4 12  9 11  5 10 20  1  7 16 23]
np.random.permutation(males)[0:n_mar]
[13 10  3  0 12 11 21 15 22  4  9  5]
np.random.permutation(males)[0:n_mar]
[13 11 18 23 20 12  9  0 21  5 22  7]
np.random.permutation(males)[0:n_mar]
[11 12 19  2  9  7 18  3 10  8 21  4]
np.random.permutation(males)[0:n_mar]
[22 15  7 18 23 12  3  6 16 13 17  5]
np.random.permutation(males)[0:n_mar]
[ 9 13 19  3  0 16  4  2 23 14  7 21]
np.random.permutation(males)[0:n_mar]
[19  2  1  4  8 14  3  0 17  6  7  9]
np.random.permutation(males)[0:n_mar]
[ 3  6  1 20 14 15  8 17 18 10  0 21]
np.random.permutation(males)[0:n_mar]
[16  6  5 14  1  3 22 17 18 11  8 21]
np.random.permutation(males)[0:n_mar]
[21  6  5 12  0 17 19 22 13 10  2  4]
np.random.permutation(males)[0:n_mar]
[ 3 15  6 10  8 23 13  7 17 20 18  2]
np.random.permutation(males)[0:n_mar]
[16  6  2 13  5 10 22  3 19 15  4 11]
np.random.permutation(males)[0:n_mar]
[23 16  0  1 21  2 20 14 10 15  5  7]
np.random.permutation(males)[0:n_mar]
[ 7  5 12  3  2 16 11  8  6 23 14 10]
np.random.permutation(males)[0:n_mar]
[17  7  5 21 15 23 19 13 16 18  8  4]
np.random.permutation(males)[0:n_mar]
[13 19  7 20 16 11  0  3 14 23 18  4]
np.random.permutation(males)[0:n_mar]
[15  5 21 10  7 16 22 11 14  2  3 17]
np.random.permutation(males)[0:n_mar]
[ 3 19 18  5  2 21 17 23 20 12  8  6]
np.random.permutation(males)[0:n_mar]
[14 21 15  8  1  4 10 11 22  6  2 16]
np.random.permutation(males)[0:n_mar]
[ 4  5 21 14  8 22 17 12 20  3  1  7]
np.random.permutation(males)[0:n_mar]
[ 3  5 19 15 18  4  7  2  8  6  0 11]
np.random.permutation(males)[0:n_mar]
[12  4  5 11  0  8  3 15 20 14  7  6]
np.random.permutation(males)[0:n_mar]
[21  7 14 23 12 15  3 11 18  0 19 16]
np.random.permutation(males)[0:n_mar]
[ 3  7 15 17  6 20  0  2 19 16  8 12]
np.random.permutation(males)[0:n_mar]
[21  0  3  6  2 16 23 22 13 15 17 14]
np.random.permutation(males)[0:n_mar]
[ 8  5  6  4 17  2 21 11 12 13 16  7]
np.random.permutation(males)[0:n_mar]
[ 7  0  8 19  5 10  4 14 15 21  1  3]
np.random.permutation(males)[0:n_mar]
[23 17 13 16  2 11 21  5 12  6  8 22]
np.random.permutation(males)[0:n_mar]
[ 8  7  3  4  9 21  0 22 13 12 14 11]
np.random.permutation(males)[0:n_mar]
[ 5 14 17 19  3 13 16 12  0  6 23 11]
np.random.permutation(males)[0:n_mar]
[ 3  4 11 10  1 21 12 16  0 15 20 14]
np.random.permutation(males)[0:n_mar]
[16 15 13 21 17  5 11 12  4 18  8  6]
np.random.permutation(males)[0:n_mar]
[ 2  9  1 12 20  8  6 16 21 15 17  0]
np.random.permutation(males)[0:n_mar]
[ 6 13 17  7 21  9 22 16 14  3 11 12]
np.random.permutation(males)[0:n_mar]
[ 3 18  2  0 15 23  1 17 10  8 22  9]
np.random.permutation(males)[0:n_mar]
[18 12 19  1 10 11  9 13 20  5 16  8]
np.random.permutation(males)[0:n_mar]
[ 6  0 22 15  8 11 13  2 19 20  4 17]
np.random.permutation(males)[0:n_mar]
[13 11 22  8 21  3 12 18 14  7  9  0]
np.random.permutation(males)[0:n_mar]
[18  7  9 19  6  5 23 21 15 20 13  8]
np.random.permutation(males)[0:n_mar]
[23 16  6 19  1 20 11  2 21  5 12 22]
np.random.permutation(males)[0:n_mar]
[ 1 20  4 14 11  8 13  5  2 10  3 22]
np.random.permutation(males)[0:n_mar]
[ 4  0 23 19 12  6  9 18  8 20 16  2]
np.random.permutation(males)[0:n_mar]
[14  5  2  8 10 21 18 19  6  1  0 16]
np.random.permutation(males)[0:n_mar]
[18  2 10  1 19 13 21 11 17 14 20 23]
np.random.permutation(males)[0:n_mar]
[ 8 18 13 11 12  6 22 15 16 21 10 19]
np.random.permutation(males)[0:n_mar]
[ 4 12 19  6 13  8  5  0  3 16  1  9]
np.random.permutation(males)[0:n_mar]
[ 5 17  8  7 22 12 10 11  9 20 23  3]
np.random.permutation(males)[0:n_mar]
[ 6  8 12 22 14  7  1  4 21 17 19  0]
np.random.permutation(males)[0:n_mar]
[21 13 10 15 19 16  1  3  2 14  5 11]
np.random.permutation(males)[0:n_mar]
[14  8 13 18  3 23  2  5 16 10 22 19]
np.random.permutation(males)[0:n_mar]
[ 1 20 21  9 16 18  2 22 15  0 23 17]
np.random.permutation(males)[0:n_mar]
[11 21  9 19 12  8  4 13  6 10  0 14]
np.random.permutation(males)[0:n_mar]
[18  9  5 20  8 14 11 23 17 19 13 15]
np.random.permutation(males)[0:n_mar]
[12  0 20  5  8 15 19  9 11  6 10  1]
np.random.permutation(males)[0:n_mar]
[ 4 22  9 20 12 17 23  3 18 14  1  2]
np.random.permutation(males)[0:n_mar]
[22  1 21 14  5  0  6 13 15  2  3 19]
np.random.permutation(males)[0:n_mar]
[10 19  9  4 14  7 13  1 22 21 12 16]
np.random.permutation(males)[0:n_mar]
[21  7 20 15 22 12 19 10 17  8  0  2]
np.random.permutation(males)[0:n_mar]
[17  1 20  9  5 11 10  4  0 22 13  3]
np.random.permutation(males)[0:n_mar]
[23 19  8 20 21 13 14 11  3  2 22 17]
np.random.permutation(males)[0:n_mar]
[15  8  4 17 18  2 20 16 21 23  7 19]
np.random.permutation(males)[0:n_mar]
[15  8  6 22  9 16 21  3  0 10  5 17]
np.random.permutation(males)[0:n_mar]
[ 7  9 23 15 18 12  0  8 19 13  4 17]
np.random.permutation(males)[0:n_mar]
[13  9 16  1 19  5  7 22  0 20 10 14]
np.random.permutation(males)[0:n_mar]
[ 2  3  0 14 13  9 15 12  1  8  5 11]
np.random.permutation(males)[0:n_mar]
[19  7 15 12 10 13  9 21 20  5  3 17]
np.random.permutation(males)[0:n_mar]
[ 4 21  9  0  5 20 13  3 18 19 10  7]
np.random.permutation(males)[0:n_mar]
[18 19 11  1 13  7  9  5 22 21 14 20]
np.random.permutation(males)[0:n_mar]
[20 12  0  8 17 14 22  2 10  9 13  1]
np.random.permutation(males)[0:n_mar]
[ 2 10  7 21  8 14 16 13 22 18  6 20]
np.random.permutation(males)[0:n_mar]
[ 0  9 13 14 16  6 15  5  8 20 12 10]
np.random.permutation(males)[0:n_mar]
[21  3 23  8 15 19 22  6 18 14 10 16]
np.random.permutation(males)[0:n_mar]
[17 12 20 15  9  7  1 22 18 21 19 10]
np.random.permutation(males)[0:n_mar]
[ 1  7 23 13  5 22 17  9 14 18  4 11]
np.random.permutation(males)[0:n_mar]
[17  8 22 20  4 21 19 15  3 10 13 18]
np.random.permutation(males)[0:n_mar]
[17 19 23  5 21 13  2 15 11  3 16 10]
np.random.permutation(males)[0:n_mar]
[ 5  8  7 16 13 14 18 12  1 19 23  9]
np.random.permutation(males)[0:n_mar]
[14 23  1  8 19 17 22  4  6  3  7 16]
np.random.permutation(males)[0:n_mar]
[11  4 17  9 23 21 12  7 16  1  5  8]
np.random.permutation(males)[0:n_mar]
[13  8 16  9 14  1 21  0 19  3 10 23]
np.random.permutation(males)[0:n_mar]
[12 13 20  3 19 18  8 22  9  7  0 16]
np.random.permutation(males)[0:n_mar]
[22  6 17  2  3  1  4 13 23 10 20 19]
np.random.permutation(males)[0:n_mar]
[15  7 14 23 11  4 21 12  9 19 16  1]
np.random.permutation(males)[0:n_mar]
[18 14 19  0 12 17 11  5 16 13 15  7]
np.random.permutation(males)[0:n_mar]
[ 3  6 11 20  7 10 13 14 16  4 19  9]
np.random.permutation(males)[0:n_mar]
[17 14 21 23  6 16 13  8 15  3  9 11]
np.random.permutation(males)[0:n_mar]
[ 7 10 23 17 16  0 21  8  6 11 14  3]
np.random.permutation(males)[0:n_mar]
[ 4  7 15 14 17 12  8 13 18  1  3 22]
np.random.permutation(males)[0:n_mar]
[ 4 19  0 18 21 22 20 11 23  9  7  6]
np.random.permutation(males)[0:n_mar]
[18 23 15  1 12  0 14 19 10 17 16 13]
np.random.permutation(males)[0:n_mar]
[ 6 19  8 10 11  2  0 15 16  7 17 20]
np.random.permutation(males)[0:n_mar]
[ 4  3  6  1  8 13 22 23  0 17  2 19]
np.random.permutation(males)[0:n_mar]
[11 19  4 16 13 10 20 12  9 14 21  5]
np.random.permutation(males)[0:n_mar]
[ 3  9 10  6  1 18 13  2 14  8  7 23]
np.random.permutation(males)[0:n_mar]
[23 14  5 20 10 16 11  2 19 12 21  4]
np.random.permutation(males)[0:n_mar]
[10 19 13 18  9  2  3 17 14 15  6 22]
np.random.permutation(males)[0:n_mar]
[ 4  5  6  1 17  7  3 19 14 20 21 15]
np.random.permutation(males)[0:n_mar]
[ 2 18  1  5 15  7  9 13 23 19  6 21]
np.random.permutation(males)[0:n_mar]
[12 14 17  7  6  9 13 16 18  8  4  2]
np.random.permutation(males)[0:n_mar]
[ 1 10  9 19  4  0 17  5  7 18 13  3]
np.random.permutation(males)[0:n_mar]
[18 14  9  7 16 19 12 13  6 21 10  4]
np.random.permutation(males)[0:n_mar]
[ 8  3 18  6 21  5 23 20 10 19 13  4]
np.random.permutation(males)[0:n_mar]
[ 1  3 19 20 15 14  6 16 11  8 17  0]
np.random.permutation(males)[0:n_mar]
[19 18  0 13 15  6  5  2  4 14 23 16]
np.random.permutation(males)[0:n_mar]
[ 7  0  2 21 23  9 22 11 14 13 12  8]
np.random.permutation(males)[0:n_mar]
[21  4  6 22  8  0 11 19 14 13  1 17]
np.random.permutation(males)[0:n_mar]
[ 1  6  3  0 23  2 16  4  9 12 15 11]
np.random.permutation(males)[0:n_mar]
[11 23 22  0  8 19 13 18 20  9  3  1]
np.random.permutation(males)[0:n_mar]
[14 11  8  3  2 20  7  0 15 22  5 13]
np.random.permutation(males)[0:n_mar]
[ 3  0 18 11  6 16 20 19  8 13 12  9]
np.random.permutation(males)[0:n_mar]
[ 4 14  3 11  2 18  8 23  0 13  6 12]
np.random.permutation(males)[0:n_mar]
[11 18  4 17  0  1 13  8 10  2 15 16]
np.random.permutation(males)[0:n_mar]
[ 3 19 11 17 12  9 21  1  5 23  2  4]
np.random.permutation(males)[0:n_mar]
[22 10  4  5  0 11  6 18 12 21 17 13]
np.random.permutation(males)[0:n_mar]
[ 7  0 17 16  8 12  6 23 15  4 13  5]
np.random.permutation(males)[0:n_mar]
[ 7 11 15  4 21  3 14  0 19  9  6 13]
np.random.permutation(males)[0:n_mar]
[15  5  8 12  3 23 19 18 14 22  7  4]
np.random.permutation(males)[0:n_mar]
[ 3 16 18 23 19 14  4  8 12 17 21  1]
np.random.permutation(males)[0:n_mar]
[11 16  2  0 17 22 18 21 12 19  6 15]
np.random.permutation(males)[0:n_mar]
[17 16  7 11  3  4  0 20 21 22  8  5]
np.random.permutation(males)[0:n_mar]
[18  4 11 22 13  5  2  3 12  8  1  0]
np.random.permutation(males)[0:n_mar]
[ 5 21 23  0 17 16  6 10  4 11 22  9]
np.random.permutation(males)[0:n_mar]
[12 23 21  3 17  9 22  6 11 10 14 13]
np.random.permutation(males)[0:n_mar]
[ 2  6  7 15 21  1 12 20  4  3 10 19]
np.random.permutation(males)[0:n_mar]
[ 8 20 23  9 14 10 17  4  1  7 16 11]
np.random.permutation(males)[0:n_mar]
[19 11 10  5  4  8  9  1  0  7 23 16]
np.random.permutation(males)[0:n_mar]
[17  8 22  4 12  7 10 21  5 11 23  2]
np.random.permutation(males)[0:n_mar]
[13 19  3 18  1  5 16 21 22 14  2  0]
np.random.permutation(males)[0:n_mar]
[23 17 20 15  6  2  8 19 21 12  9  0]
np.random.permutation(males)[0:n_mar]
[15  5  6 11 17 20 16 21  2  4 12  3]
np.random.permutation(males)[0:n_mar]
[23 10 20 12 19 13 11  4  6  7 18  0]
np.random.permutation(males)[0:n_mar]
[ 2 18 13 17 10 21  3  7  0 12 14 20]
np.random.permutation(males)[0:n_mar]
[15  3 16 10 12  7 14 17 13  5  1 18]
np.random.permutation(males)[0:n_mar]
[11 16 21 13  3  5 12 17  6 22 18 10]
np.random.permutation(males)[0:n_mar]
[14 11  2 17  1  0  5 10 16 19  6  7]
np.random.permutation(males)[0:n_mar]
[ 2 19 21 10 11  9 18  0 17 12 14  6]
np.random.permutation(males)[0:n_mar]
[ 3 10 18 17 16 19  4  0  2 21  7 22]
np.random.permutation(males)[0:n_mar]
[11  1 21  0  3 14 12 13 15 18  4 22]
np.random.permutation(males)[0:n_mar]
[ 8  0 17  1 22 16 11 15 18 23  5 13]
np.random.permutation(males)[0:n_mar]
[ 3 13  6 19 10  7 14 17 22 21 11 20]
np.random.permutation(males)[0:n_mar]
[ 7  5  3 11 19 13  8 20 21  6  4  0]
np.random.permutation(males)[0:n_mar]
[19 16  1 13 21 22 10  7  6  2 12 23]
np.random.permutation(males)[0:n_mar]
[13 15 22  2  4 21 18  9 11 23  0  8]
np.random.permutation(males)[0:n_mar]
[ 8  3 22 14  6 20  1  0 12 15 11 10]
np.random.permutation(males)[0:n_mar]
[22 21  0 15 17 18  4  8 23  3  2 16]
np.random.permutation(males)[0:n_mar]
[ 0 18 12 21  9 23  3  6 15 19 13 10]
np.random.permutation(males)[0:n_mar]
[22 13 11  1 17 19  8 16 14 18 10  9]
np.random.permutation(males)[0:n_mar]
[13 10  8  9 18 21  1  2 11  3  5 19]
np.random.permutation(males)[0:n_mar]
[11  0  1 17 18  6 13 16  5 14 23  8]
np.random.permutation(males)[0:n_mar]
[17 21  6 14 19  8 22  7  2  0 20  3]
np.random.permutation(males)[0:n_mar]
[22 21 11  5  4  1 20  8 10 12 16 13]
np.random.permutation(males)[0:n_mar]
[22 11 15  9  7 13  1 20  6 23  0 16]
np.random.permutation(males)[0:n_mar]
[15 12  9 23 10 16 17 19 21 11  8  7]
np.random.permutation(males)[0:n_mar]
[ 1 17 16 23 12 19 18 20 14  2 11  7]
np.random.permutation(males)[0:n_mar]
[11 12 13 20  5  3 22  1  4 19  0  6]
np.random.permutation(males)[0:n_mar]
[12 18 22  3 19 10  5 15 13 23  6 17]
np.random.permutation(males)[0:n_mar]
[ 1 20  0 12 17  4 19  6 11 14  7 18]
np.random.permutation(males)[0:n_mar]
[ 2 11 13  4 17 12  1  7 18 19 23  3]
np.random.permutation(males)[0:n_mar]
[ 3 21  4 19  0  5 17 13 16 22 23 11]
np.random.permutation(males)[0:n_mar]
[11 14 17 20 19  3  0  9 18 22  8 13]
np.random.permutation(males)[0:n_mar]
[ 1 20  2 21  5 13 15 14 17 11 18 16]
np.random.permutation(males)[0:n_mar]
[ 6 23  1  9 11 19 22 15 13  8  3 16]
np.random.permutation(males)[0:n_mar]
[10 21 12  4 16 19  7 18 11  9  5  8]
np.random.permutation(males)[0:n_mar]
[ 3 22 10  5 19 18 11 14 16  4  2 20]
np.random.permutation(males)[0:n_mar]
[15  1 17  2  3 13 16 23 18  6 11 12]
np.random.permutation(males)[0:n_mar]
[11 19 20  4 10 17  0 23  2  5 21 22]
np.random.permutation(males)[0:n_mar]
[23  3 17  9 22 21 12  7 10 20 13  6]
np.random.permutation(males)[0:n_mar]
[17 11  1 10 21  4  3 14 19 23 12  6]
np.random.permutation(males)[0:n_mar]
[ 8 23 20 15 19  4  9  7 13 16  6  1]
np.random.permutation(males)[0:n_mar]
[ 4 16 15  0 18  3  5 11 21  6 10 14]
np.random.permutation(males)[0:n_mar]
[ 0  4  8 16  2 23 19 20  6  9  1 11]
np.random.permutation(males)[0:n_mar]
[16 17  0  4 22 10  9 21  3 15 12  2]
np.random.permutation(males)[0:n_mar]
[17  6 19 22 20 10  7 14 16 18  4 13]
np.random.permutation(males)[0:n_mar]
[ 0  7 22 12  3 18  4  8 14 17  9 15]
np.random.permutation(males)[0:n_mar]
[ 0  5 23 11 21 10  6 20  8  2 19 12]
np.random.permutation(males)[0:n_mar]
[18  8 21  3 12 15 17  4  2  1  5  9]
np.random.permutation(males)[0:n_mar]
[17 12  5  9 11 16  6 19  0 21 18 14]
np.random.permutation(males)[0:n_mar]
[16 18  1  7  9  0 20 19 17 13  6 11]
np.random.permutation(males)[0:n_mar]
[21  3 19  8 14 16 11  4 17  5 23  0]
np.random.permutation(males)[0:n_mar]
[18 11  4  2  8 17 14 21  9  3 22 16]
np.random.permutation(males)[0:n_mar]
[21 11 20 19  6 16  4  8 14  3 12  0]
np.random.permutation(males)[0:n_mar]
[17 10 12 14  5  0 15  4 11  7 22  1]
np.random.permutation(males)[0:n_mar]
[11  7 15  1 21 18 17 20 22  4  5 12]
np.random.permutation(males)[0:n_mar]
[19 14  3 16 18 21 23 10 11 22  8  4]
np.random.permutation(males)[0:n_mar]
[19 18 17  8 13 14 15 22  0 10  1 23]
np.random.permutation(males)[0:n_mar]
[16 18  1  3 17 10  5  9  4 14  7 22]
np.random.permutation(males)[0:n_mar]
[11 10 17  5 13 16  9 19  8  4 22  3]
np.random.permutation(males)[0:n_mar]
[ 5  1 13 18 23 19  4  6  8 16 12 11]
np.random.permutation(males)[0:n_mar]
[10  8 19 15  7 12  9 22 16  4 21  5]
np.random.permutation(males)[0:n_mar]
[ 9 21 15  7  1 11 18  5 16 14 17  0]
np.random.permutation(males)[0:n_mar]
[13 22 10 23  1 19 15  7  6  4  5 11]
np.random.permutation(males)[0:n_mar]
[ 7  0 12  3 18  8  2  5 20 23 16 11]
np.random.permutation(males)[0:n_mar]
[17 18 14 23  6  3  4 21 12 10 15 22]
np.random.permutation(males)[0:n_mar]
[12 20 10  6  7  8  0  5 17  9  2 21]
np.random.permutation(males)[0:n_mar]
[15 16 20 22 19 12  3  9 23 18 13  4]
np.random.permutation(males)[0:n_mar]
[ 4  0 17 15  1 21 13 10  5 11 23 22]
np.random.permutation(males)[0:n_mar]
[ 1 20  7 14  4 22 11 18 21 12  9 17]
np.random.permutation(males)[0:n_mar]
[ 5  9  1 22 17  4 11 23 15  0 20 21]
np.random.permutation(males)[0:n_mar]
[ 0 10 23  7 14 11  9 16  1 12 17 22]
np.random.permutation(males)[0:n_mar]
[ 4 12 14 17  2 11  0  1 20  9 22  8]
np.random.permutation(males)[0:n_mar]
[17 19 23 13  9  7 18  3  5  0 15  2]
np.random.permutation(males)[0:n_mar]
[ 1  5 15 18  6 10  0 19 21  9 12 11]
np.random.permutation(males)[0:n_mar]
[ 6  0  5 14  3 13 10 18 16 11  2  1]
np.random.permutation(males)[0:n_mar]
[13 14 11  6 20 21  1  8  7 23  0 16]
np.random.permutation(males)[0:n_mar]
[ 2  4 21 14 23 11  5 22  3 15  8 12]
np.random.permutation(males)[0:n_mar]
[ 5 18  3 12 16 17 19  7 20 23  1 10]
np.random.permutation(males)[0:n_mar]
[20 16 12  0  1 14 19 10 13 21  3  8]
np.random.permutation(males)[0:n_mar]
[ 0 18  1 11  4 23 22 14 12 15  5  8]
np.random.permutation(males)[0:n_mar]
[ 7 13 18 11  9  5 10  3 16 15  0  1]
np.random.permutation(males)[0:n_mar]
[20  0  8 10 12 16  7 17 19  6  4  1]
np.random.permutation(males)[0:n_mar]
[ 2  4  9  1 18 10 13 15 19 16 17  6]
np.random.permutation(males)[0:n_mar]
[14 11 16  9  2  5  6  3 22 23  4 12]
np.random.permutation(males)[0:n_mar]
[12 10 14  4 11  6 15 20 13  5 17  0]
np.random.permutation(males)[0:n_mar]
[ 9  0  3 12  4  6  5 22 14  1 20 17]
np.random.permutation(males)[0:n_mar]
[ 6  3 20 12 23  0 11 17  7 14 15 16]
np.random.permutation(males)[0:n_mar]
[21 20 13 22 23  6 10 12 16 14 17  2]
np.random.permutation(males)[0:n_mar]
[ 9 12 20  6  2 15 11  5 22 14 13 16]
np.random.permutation(males)[0:n_mar]
[16 22 11  0  8  2  7 21 18  5 14 13]
np.random.permutation(males)[0:n_mar]
[18  2 17 23  5  3  1 21  7 15  8 11]
np.random.permutation(males)[0:n_mar]
[ 9 17 16  4 23 14  8 19 22  1 10  7]
np.random.permutation(males)[0:n_mar]
[ 9 23 11 15 12  7  8  0  3 20  2  6]
np.random.permutation(males)[0:n_mar]
[18  3  0  6  2 13 10  8 11 23 16 17]
np.random.permutation(males)[0:n_mar]
[17 11 22  2 10 14 15  8  9 23  6 19]
np.random.permutation(males)[0:n_mar]
[ 1 22 20  0  7 21 16 17 10  2  9  8]
np.random.permutation(males)[0:n_mar]
[22 19  3 12  1  6 15  2 14  5 16 21]
np.random.permutation(males)[0:n_mar]
[22  5 15 16  1 19 11 23  4  9  7  3]
np.random.permutation(males)[0:n_mar]
[12 15 18  8 21 16  3 10 11  2  5 23]
np.random.permutation(males)[0:n_mar]
[10 23 15  3 13  9 19 16  5 18  4 17]
np.random.permutation(males)[0:n_mar]
[ 0  2 21 10  6 13 15  3  1  8 22 12]
np.random.permutation(males)[0:n_mar]
[ 5 13 11 12  4 16  0  7 14 18 15 23]
np.random.permutation(males)[0:n_mar]
[ 9 23 16  0  8  5  3 14  1  2 11 18]
np.random.permutation(males)[0:n_mar]
[11 15 13  7  8  5  3 22 14  1 21  6]
np.random.permutation(males)[0:n_mar]
[10  2 12 19 13 17  8  0 22  4  7 20]
np.random.permutation(males)[0:n_mar]
[20  8  4  0 17  2 13 21 22  7 14 15]
np.random.permutation(males)[0:n_mar]
[10 17  9  5 12  1 22 16  8 11 20  6]
np.random.permutation(males)[0:n_mar]
[ 3  0 18  1 17  9 14 16 21  6 19 15]
np.random.permutation(males)[0:n_mar]
[21  3 23 22 20  2 11 15  9 16 12 17]
np.random.permutation(males)[0:n_mar]
[ 8 14 15 17  6  7  9 16 18 12  2  5]
np.random.permutation(males)[0:n_mar]
[ 3 21 16  4  9 19  2  5  7 20 22  6]
np.random.permutation(males)[0:n_mar]
[17  6  8 15 20 10  4 22 13  2 14  5]
np.random.permutation(males)[0:n_mar]
[ 0  9 21  1  3  6 14 23 18 19  5 22]
np.random.permutation(males)[0:n_mar]
[ 8  0  4  2  1 12 11 19 10 15 21  3]
np.random.permutation(males)[0:n_mar]
[20 11 23  5 18  4  6 13  7 19 14  0]
np.random.permutation(males)[0:n_mar]
[ 0  9 17 18 20  8  7 14 12  2  1 21]
np.random.permutation(males)[0:n_mar]
[19  3 21 14  7  6 13  9  2  5  8 22]
np.random.permutation(males)[0:n_mar]
[17 11 18  8 16  4 10 20  7 21  3  2]
np.random.permutation(males)[0:n_mar]
[12  1  5  6 13 20 15  7 11 22 18  2]
np.random.permutation(males)[0:n_mar]
[21 15 18 17  6 20  8  2 12  1  4 10]
np.random.permutation(males)[0:n_mar]
[19 20 16 10  1 22  0  7  2 21 13  9]
np.random.permutation(males)[0:n_mar]
[12  8  2 14  6  4  7 10  5 13 16 21]
np.random.permutation(males)[0:n_mar]
[14  9 23 21  0 12  8  1 16 22 10 18]
np.random.permutation(males)[0:n_mar]
[14 15 20 13 23 19  9 17  0 16 21 12]
np.random.permutation(males)[0:n_mar]
[16 18 12 23  1 14  4 19  6  3 22  7]
np.random.permutation(males)[0:n_mar]
[ 2  0  8  5  3 11  1 17 18 16 23 15]
np.random.permutation(males)[0:n_mar]
[ 9  8 22 13 14 17  6  1  2  4 11 20]
np.random.permutation(males)[0:n_mar]
[16  3 17 22  1 12 19 21 10 13  8 15]
np.random.permutation(males)[0:n_mar]
[ 2 11 12 10  6 19 18  8 21 15 14  5]
np.random.permutation(males)[0:n_mar]
[ 7  4 16  8 23 10  0 15  3 19 13 14]
np.random.permutation(males)[0:n_mar]
[ 1 17  9 16  0  3 23 21 13 20 19 22]
np.random.permutation(males)[0:n_mar]
[12 23 18  4 21  5 19 20  1 15  3 14]
np.random.permutation(males)[0:n_mar]
[18 13 11 10  7  9  3 23 15  5 14 22]
np.random.permutation(males)[0:n_mar]
[ 2 20  3 22 17  1 13 14  4 19  8  0]
np.random.permutation(males)[0:n_mar]
[23 17 12  1  5 13 15 20  6  7  8 19]
np.random.permutation(males)[0:n_mar]
[10 23  3  8  5  9 18 16 20  7 15  2]
np.random.permutation(males)[0:n_mar]
[12 14 16 23  7 17  5  9 13 20 11  0]
np.random.permutation(males)[0:n_mar]
[ 3 16 10  4  8 17 21  5  9 19 12 20]
np.random.permutation(males)[0:n_mar]
[12 16  0 19 22 10  5 14 13  7 18  4]
np.random.permutation(males)[0:n_mar]
[17 14 10  8  6  7 21 23  4  9  2  1]
np.random.permutation(males)[0:n_mar]
[18  7  0  9  5 17  6 22 21 13 15 10]
np.random.permutation(males)[0:n_mar]
[21  1 20 22  8  4  3 23 13 11 15 10]
np.random.permutation(males)[0:n_mar]
[11 21 22 20  6 12  1  5  4 17 23 16]
np.random.permutation(males)[0:n_mar]
[20 22 23  6 18  9 14  2 16  0 13 21]
np.random.permutation(males)[0:n_mar]
[12  6  1 13 15  9  4 23 19 17 21  3]
np.random.permutation(males)[0:n_mar]
[ 6 18 11  7 12 14  1  9  8  4 15 23]
np.random.permutation(males)[0:n_mar]
[22 23  2  5  3 16  8  0  1  4 15 11]
np.random.permutation(males)[0:n_mar]
[ 2  0 22 12  1 10 16  9 18  7 13 21]
np.random.permutation(males)[0:n_mar]
[21 10  6  2 17 23 20 13  9  1 15  5]
np.random.permutation(males)[0:n_mar]
[12  0  6  9 11 14 13 18  1 22 16 21]
np.random.permutation(males)[0:n_mar]
[18 23 15  8 22 19 13  4 20 16 17 12]
np.random.permutation(males)[0:n_mar]
[16 14 10  7  6 22  4 23 12  8 11 15]
np.random.permutation(males)[0:n_mar]
[23 16 20  0 13  5  8 10  1 19  9  4]
np.random.permutation(males)[0:n_mar]
[23  2 14  7 21 12 18  1  4 22 16 10]
np.random.permutation(males)[0:n_mar]
[17 10 16 14  5 20 19  2 13 12 23 15]
np.random.permutation(males)[0:n_mar]
[ 6  3 13  8 10 20 19  5  9  2  1 18]
np.random.permutation(males)[0:n_mar]
[ 4 23  6 13  0 21  5 12  8 17 16 22]
np.random.permutation(males)[0:n_mar]
[14 19 16 15  0  2  7  9 23 22 18 12]
np.random.permutation(males)[0:n_mar]
[ 7 16 14  2  5 13 20 18 17  6  1 10]
np.random.permutation(males)[0:n_mar]
[ 8  9 16 15 22 20  0  7  6  2  5 19]
np.random.permutation(males)[0:n_mar]
[10  9 12 14  3  0 19  8 18 20 15 13]
np.random.permutation(males)[0:n_mar]
[ 9  0  4  5 19 10 20  3 11 21 16  8]
np.random.permutation(males)[0:n_mar]
[ 0  1 11 21  6 15 10 14 16  5 20 13]
np.random.permutation(males)[0:n_mar]
[19 21  3 11  7 20 14  9  1  2  0 23]
np.random.permutation(males)[0:n_mar]
[ 1 21  8 12 10 11 16  5 15 17 23  9]
np.random.permutation(males)[0:n_mar]
[ 4  9 15 14 10 19 20 12 22 21  5  1]
np.random.permutation(males)[0:n_mar]
[11  5 19 12 18 10  3 22  8 14 17  1]
np.random.permutation(males)[0:n_mar]
[ 5 21  6  7 22 18  4 13 23  1  8 12]
np.random.permutation(males)[0:n_mar]
[16  1 15 13 11 14  2 20  8 17  6 10]
np.random.permutation(males)[0:n_mar]
[10 14  5 22 23  3 17 11  9  1  7  0]
np.random.permutation(males)[0:n_mar]
[18 23  2  1  0  6  8 19 15 13 16  4]
np.random.permutation(males)[0:n_mar]
[11  8 10  4 12 13 21 14 15 17 23 20]
np.random.permutation(males)[0:n_mar]
[21  8  0  2  4 20  6  1 11  3 15 14]
np.random.permutation(males)[0:n_mar]
[22 23 10  6  7  2  0  9 14  8 21 18]
np.random.permutation(males)[0:n_mar]
[ 3 15 23  1 12  7 16 10 14  0 17  5]
np.random.permutation(males)[0:n_mar]
[18 11  5 13 16  6 22  8  3 14 21  9]
np.random.permutation(males)[0:n_mar]
[ 1 15  2  7 18 12  8 17  5 10 11 13]
np.random.permutation(males)[0:n_mar]
[12 21 15 10 20 17 14 19 13 16  9  2]
np.random.permutation(males)[0:n_mar]
[ 6 22 13 14  5 17 23  0  8 10 12 19]
np.random.permutation(males)[0:n_mar]
[ 8 23 11  6 16 14 15 18  2  0  9 10]
np.random.permutation(males)[0:n_mar]
[14 20  3  2 16  6 10 21 23  4  7 18]
np.random.permutation(males)[0:n_mar]
[16 21 20 22  4 14 18  6 19 17 12  1]
np.random.permutation(males)[0:n_mar]
[17 16 18  2 11 10 19  5 20 22 21  8]
np.random.permutation(males)[0:n_mar]
[13  0 19 11 15 21 22 20  9  7  8 14]
np.random.permutation(males)[0:n_mar]
[16 15 19 18 13 11  8 10  6 20  5  3]
np.random.permutation(males)[0:n_mar]
[ 9 16 10  4  7 14 17 11 12  5 22  6]
np.random.permutation(males)[0:n_mar]
[17 15 21 10 22 12  1  0  9  5 18 23]
np.random.permutation(males)[0:n_mar]
[ 8  6 22 14 16  4 12 18 13 23 15  3]
np.random.permutation(males)[0:n_mar]
[ 4  6 23 19 16  7 22 18 15 12  3 17]
np.random.permutation(males)[0:n_mar]
[12 11 14 21 17 20 22  8  7  9 10  2]
np.random.permutation(males)[0:n_mar]
[18  8 23 16 20  0  4 11 21  3 13  2]
np.random.permutation(males)[0:n_mar]
[19 11  0 20 21 22  4  6 17  8  9 16]
np.random.permutation(males)[0:n_mar]
[23 13  4 10 21 14  3 16 17 12  9 11]
np.random.permutation(males)[0:n_mar]
[20 22 18 19 14 13 15 23  5  7 12 21]
np.random.permutation(males)[0:n_mar]
[13 23 10 18 22  7 17  1 16  0 15  9]
np.random.permutation(males)[0:n_mar]
[ 1 15 12  2 22 23 16  8  9  5  6 11]
np.random.permutation(males)[0:n_mar]
[23  1  7 19 12  3 21 18 14  2 13  4]
np.random.permutation(males)[0:n_mar]
[ 5  6 16 10 20  3 15  1 19 21  4  0]
np.random.permutation(males)[0:n_mar]
[11 12  7 17 21  3 16  2  1 20  8 13]
np.random.permutation(males)[0:n_mar]
[ 0 12 10  5  6 16  7 13 18 20 19 17]
np.random.permutation(males)[0:n_mar]
[ 4 16 21  8 20  9 12 19  5 22 15 11]
np.random.permutation(males)[0:n_mar]
[ 4  0 19 14 16  8 11 20 12 18  3  5]
np.random.permutation(males)[0:n_mar]
[11 23  9 18 22  2  5  8 10 12 16 21]
np.random.permutation(males)[0:n_mar]
[ 0 23  2 17 11 12  1  3  9  7 19  5]
np.random.permutation(males)[0:n_mar]
[16  6 19  1  4 17  9 22  7 12 18  2]
np.random.permutation(males)[0:n_mar]
[18  9 21  7  1 20 15 19  8 12  3 11]
np.random.permutation(males)[0:n_mar]
[19 16  0 14 12  1  7  9 18  2 21  3]
np.random.permutation(males)[0:n_mar]
[14  1  5 22  0  7 23 20  6  3 17 16]
np.random.permutation(males)[0:n_mar]
[14  7  0 10 20  1 15 11  5 23  4 22]
np.random.permutation(males)[0:n_mar]
[ 2  3 21  0  9 13  8 19 12  1 18 20]
np.random.permutation(males)[0:n_mar]
[15  3  5 12  8 22 20 19 13  2  7  4]
np.random.permutation(males)[0:n_mar]
[16 13  9 14 21 18 10 11 19 20  4 22]
np.random.permutation(males)[0:n_mar]
[21  0  3  8 12 23 20  5  6  7 16 13]
np.random.permutation(males)[0:n_mar]
[23  0 14 19  6 21  7 11 16 17  5 18]
np.random.permutation(males)[0:n_mar]
[23 13 18 17 11  8 12 15 22 19 14 20]
np.random.permutation(males)[0:n_mar]
[ 6  5  3 22  0  8  4 21 14 12 20 11]
np.random.permutation(males)[0:n_mar]
[17 23 12  3 15 16 10 13  6  1  2 18]
np.random.permutation(males)[0:n_mar]
[23  8 16  5 18  0  4  6  1  2 11 21]
np.random.permutation(males)[0:n_mar]
[ 2  1 22 18 15  0  9  4 13 19 21  7]
np.random.permutation(males)[0:n_mar]
[ 7 14 21 10 11 16 15  2 18  6  8  0]
np.random.permutation(males)[0:n_mar]
[ 6 12 21 19 10 14 13 18  2  3  0 17]
np.random.permutation(males)[0:n_mar]
[21 14 19  5 15  7 12 23 16 17  1  9]
np.random.permutation(males)[0:n_mar]
[ 4 18  0 15  9  8 20 21 23 13 16 22]
np.random.permutation(males)[0:n_mar]
[21 20  5  8 16 22 10 17  4  1 23  0]
np.random.permutation(males)[0:n_mar]
[10 23  0 16 21 20  3  1 17  9 11 19]
np.random.permutation(males)[0:n_mar]
[11  4  1  9  8 10 15 21 23 22 14 18]
np.random.permutation(males)[0:n_mar]
[ 6 20  7  3  5  0  1 22  8 12 10 17]
np.random.permutation(males)[0:n_mar]
[11 13 15  7 17 22 20  4  2  1  0  6]
np.random.permutation(males)[0:n_mar]
[ 0 10 11  5  3 12 13 20  9  2  8 22]
np.random.permutation(males)[0:n_mar]
[10 11 15  9  6  8 12  7 16 17 22 19]
np.random.permutation(males)[0:n_mar]
[11 15  9 10  0 19  5 16 13 22 12  3]
np.random.permutation(males)[0:n_mar]
[22  7  2  1  9  3 14  0 13 23 19 12]
np.random.permutation(males)[0:n_mar]
[ 3  4  9  5 11 22  6 10  7 17  0 21]
np.random.permutation(males)[0:n_mar]
[ 3 12 23 16  2 21 14 10  4 19  1  0]
np.random.permutation(males)[0:n_mar]
[13  0 20 15  9 10 16 23  6  3 21  4]
np.random.permutation(males)[0:n_mar]
[ 3 10 21 19 23  7 20 22 12  6  2 15]
np.random.permutation(males)[0:n_mar]
[12  5  9 16 20 21  0 19 17  1  7  6]
np.random.permutation(males)[0:n_mar]
[15  1  2 22  3  0 19  9  7 23  6 11]
np.random.permutation(males)[0:n_mar]
[ 6 22  9 18 13  7  0  1 21 10 20  4]
np.random.permutation(males)[0:n_mar]
[17 14  7  9  5  8 13 11  2  3 16 22]
np.random.permutation(males)[0:n_mar]
[10 19 15  9 17  1  7 21 18 12  4  8]
np.random.permutation(males)[0:n_mar]
[18  7 20 11 21  6 23 19 10 12  3  2]
np.random.permutation(males)[0:n_mar]
[20 13  9  3  8 16 11  4  5 10 18 15]
np.random.permutation(males)[0:n_mar]
[ 2 23 16  8 22 19 21 14 11 10  9  4]
np.random.permutation(males)[0:n_mar]
[21 22 17 20 18 23  9 11 10 15 13  6]
np.random.permutation(males)[0:n_mar]
[13 15  2 14  4 19 11  1  3  0 22 23]
np.random.permutation(males)[0:n_mar]
[ 0 23  7 17 10 19 20 15  6 13 14  8]
np.random.permutation(males)[0:n_mar]
[ 2 22  1 12 21  4 10 20 15  8 18 14]
np.random.permutation(males)[0:n_mar]
[21 17 16  8  4  2  7 22  9  6  0 12]
np.random.permutation(males)[0:n_mar]
[21 22 19  7  1  8 12  4 17  3 13  2]
np.random.permutation(males)[0:n_mar]
[18  3 19 22 21 14  1 10 13 11 20 16]
np.random.permutation(males)[0:n_mar]
[20  6 16 19 14 11  4 18  8  0  5 10]
np.random.permutation(males)[0:n_mar]
[ 3  6 17 13 16  9 21  2  4 14 20  7]
np.random.permutation(males)[0:n_mar]
[ 9 11 18 14 15  0  3  2 22  8 12 20]
np.random.permutation(males)[0:n_mar]
[11  3  6  8  2  0 21 15  5 18  4  7]
np.random.permutation(males)[0:n_mar]
[ 1  0 13 22  5 16 12 10  2 19 17 15]
np.random.permutation(males)[0:n_mar]
[11 14 23  5 22 18 13  7  0  3 21  9]
np.random.permutation(males)[0:n_mar]
[23 17 11 20 16  6  3  5 22  9 12 15]
np.random.permutation(males)[0:n_mar]
[ 2  4 22 14 19 16 13 20  0 17 23 15]
np.random.permutation(males)[0:n_mar]
[19  3 18 10  5  2 15  0  6 12  4  8]
np.random.permutation(males)[0:n_mar]
[22 14  9  0  1 21  2 18  7 23 10 11]
np.random.permutation(males)[0:n_mar]
[21 17  6  5 15  3  1 23  0  7  2 10]
np.random.permutation(males)[0:n_mar]
[ 2 23  6 17  4 14 19 13 10  9 12  7]
np.random.permutation(males)[0:n_mar]
[11  4 15 21  9  5 10 20  6  0  3 16]
np.random.permutation(males)[0:n_mar]
[ 9 19  3 18 23 10  8  0 11  2  6  5]
np.random.permutation(males)[0:n_mar]
[11  1 12 20 15  5 17  4 14 10  2  6]
np.random.permutation(males)[0:n_mar]
[ 7  1  2 11 16  9 13  5 17 23 10 20]
np.random.permutation(males)[0:n_mar]
[19  7 12 17  1  8 18 22 13 20 16 23]
np.random.permutation(males)[0:n_mar]
[13  7 22  9  6 15  3 12 14 16  5  8]
np.random.permutation(males)[0:n_mar]
[21  6 19  1  3 15 18  4  8  9 10 14]
np.random.permutation(males)[0:n_mar]
[ 4  8 12  7  9 10 14  5 11 17  0 16]
np.random.permutation(males)[0:n_mar]
[ 4 10 14 15 16  2  3  9  5  6  8  0]
np.random.permutation(males)[0:n_mar]
[13 14 20 23  6 22 12 10 11 16 19  0]
np.random.permutation(males)[0:n_mar]
[ 3  7 16 18 14 23  8  5  4  6  1 21]
np.random.permutation(males)[0:n_mar]
[ 8 23 18 13 12 10 11  1  7 21  6  4]
np.random.permutation(males)[0:n_mar]
[23  6 13 15 10  5 19  0 22 18  4 17]
np.random.permutation(males)[0:n_mar]
[ 7 19  4 23  3 10 22 20  8 21  5 16]
np.random.permutation(males)[0:n_mar]
[16 22 12  1  9  4  0  5 21  7 17  2]
np.random.permutation(males)[0:n_mar]
[13  3  4  8 12 20 23 14  9 18 17  5]
np.random.permutation(males)[0:n_mar]
[16  9 20 22 21  5  8 12  1 23 10 11]
np.random.permutation(males)[0:n_mar]
[ 5  3 22 15 20 14 23  4 21 13  6 19]
np.random.permutation(males)[0:n_mar]
[13 18 19 14 22 20  3  1 17  4  7 15]
np.random.permutation(males)[0:n_mar]
[ 3  6 12  8 14  9  2  5 22 23 10 11]
np.random.permutation(males)[0:n_mar]
[17 16 10 15 23 20 18  0  1  3  8  2]
np.random.permutation(males)[0:n_mar]
[13 23  4 15  1 18  7 16 21  0 22 19]
np.random.permutation(males)[0:n_mar]
[ 1 20 14 23 11  3 18 22  6  5  8  2]
np.random.permutation(males)[0:n_mar]
[10 22 14 15 19 17  7  1 21 13  9 23]
np.random.permutation(males)[0:n_mar]
[19 23 12  0 18  7 14 16  8 21  5 20]
np.random.permutation(males)[0:n_mar]
[ 9 21 15 11  7 17 10  2 18 20  3 13]
np.random.permutation(males)[0:n_mar]
[ 8 13  2  5  9 11  3 22 23  7 12  4]
np.random.permutation(males)[0:n_mar]
[15 22  5 14  9 10  6  0 13 17 11 19]
np.random.permutation(males)[0:n_mar]
[ 8 16 20 14  2 19 15  3  6 18 12 10]
np.random.permutation(males)[0:n_mar]
[23 21 17 22 11 20 15  4  9 14  6  7]
np.random.permutation(males)[0:n_mar]
[ 9 13 11  8  4 18 12  5 16  6  2 22]
np.random.permutation(males)[0:n_mar]
[ 1 14 10  8 13 22 17 23  0  6 21 20]
np.random.permutation(males)[0:n_mar]
[17 11 21  5 16  0  6 19 22  1 15  7]
np.random.permutation(males)[0:n_mar]
[18  2  7 21 17 12 15  9  5 14 19 10]
np.random.permutation(males)[0:n_mar]
[14 23  4 16 22 18  7 17 21 10 13 20]
np.random.permutation(males)[0:n_mar]
[ 4 22  0 13 12 17  1 18  3  8 21 20]
np.random.permutation(males)[0:n_mar]
[11 10  6  5 15  7  8  2 16 14 17  9]
np.random.permutation(males)[0:n_mar]
[ 7  3 16 11  1 22 20  0  9  5 13 14]
np.random.permutation(males)[0:n_mar]
[15 14 11  4  5  6 22  0 17 20  2 18]
np.random.permutation(males)[0:n_mar]
[12  3 22 23 11 18  1  0  9  8 20 14]
np.random.permutation(males)[0:n_mar]
[ 4 15 22 20 16  2 23 19  3 17 12  7]
np.random.permutation(males)[0:n_mar]
[ 0 11 16 21  2 19  8  1 13  9  5 12]
np.random.permutation(males)[0:n_mar]
[ 7  1  0 12 11  8  5  3 17 13  9 21]
np.random.permutation(males)[0:n_mar]
[ 4  3 21  2 10 19 13 15  0 14 16  1]
np.random.permutation(males)[0:n_mar]
[16 19  6 14 13  7  1 12  9  0  2 15]
np.random.permutation(males)[0:n_mar]
[19 16 20 12 22  7 10  0 11 13  8 14]
np.random.permutation(males)[0:n_mar]
[21 11 16  2  9 23  8 18 14 13  6 19]
np.random.permutation(males)[0:n_mar]
[ 1 22  8  2 20  0  7 14  6 23 13 11]
np.random.permutation(males)[0:n_mar]
[18 15 21 23  3 16  6  5 14  8 17  0]
np.random.permutation(males)[0:n_mar]
[ 3  9  2 16 12  7  5 19  0 10 21 18]
np.random.permutation(males)[0:n_mar]
[15 18 19 23 16 22 13 14 21  3  7 17]
np.random.permutation(males)[0:n_mar]
[17  7 10 11 13  8  3  0 14 23 12  6]
np.random.permutation(males)[0:n_mar]
[ 1  7 15 18 17  2  8 14  5 19 21 10]
np.random.permutation(males)[0:n_mar]
[22 15 16  6 13  0  1  4  2 12  5  9]
np.random.permutation(males)[0:n_mar]
[ 8 15 18  2 10  3 23 12  0 21 19 22]
np.random.permutation(males)[0:n_mar]
[ 8 17  4  3 21 13  1 11 20 16  2 14]
np.random.permutation(males)[0:n_mar]
[ 7 21 17 15  3  0  8 10  2 16 12 22]
np.random.permutation(males)[0:n_mar]
[ 8 16 17  7 23  9  1  5  0 18 10  2]
np.random.permutation(males)[0:n_mar]
[21 19  8 10  2  1  0  6  5  3 22 14]
np.random.permutation(males)[0:n_mar]
[12  1 19  9  0 17 13  8  4 20 15 14]
np.random.permutation(males)[0:n_mar]
[ 1 11 12 21 15 13  8  7  6  9 18 10]
np.random.permutation(males)[0:n_mar]
[12  0  3  9 10 18  2 17  1  4 16  5]
np.random.permutation(males)[0:n_mar]
[20 19 23  0 16 21 12  3 14  4 22  5]
np.random.permutation(males)[0:n_mar]
[ 8  9  0  7  2 21 13 15 19  6 14  5]
np.random.permutation(males)[0:n_mar]
[ 3 21 17 18 19  0 10 23  4 12 22 16]
np.random.permutation(males)[0:n_mar]
[ 2 19 21  8 18 16  9 17  1  6  3  7]
np.random.permutation(males)[0:n_mar]
[16  4 13  3  0 19 12 10  6  7 18 21]
np.random.permutation(males)[0:n_mar]
[14 16  5  9  2 18 10 12  1 19 23 11]
np.random.permutation(males)[0:n_mar]
[17 14 15 22 10  7 23  9  0 13 19 20]
np.random.permutation(males)[0:n_mar]
[ 8 23 12  3 14 18 10 13  0 15 20  9]
np.random.permutation(males)[0:n_mar]
[16  8  6 21  5 11 23 13 18 10  4  1]
np.random.permutation(males)[0:n_mar]
[ 7 20  8 17  0 13  9  2 14  5 21 19]
np.random.permutation(males)[0:n_mar]
[20  0 21 18 19  4  1 11  2  7 14  9]
np.random.permutation(males)[0:n_mar]
[19 21  1  0 16 11 17  3 18  7 14 15]
