np.random.permutation(males)[0:n_mar]
[16  6 15 17 20  9  4 18 10  7]
np.random.permutation(males)[0:n_mar]
[10  0  5 22 13 16 20  9 18  3]
np.random.permutation(males)[0:n_mar]
[14  7  3 21 11 22  6 20 10 23]
np.random.permutation(males)[0:n_mar]
[ 5 23  9  6 20 15 21  3  2 13]
np.random.permutation(males)[0:n_mar]
[10 12  8 22 13  6 21  5  9 23]
np.random.permutation(males)[0:n_mar]
[ 9  6  7 12 15 23  8 10  3 11]
np.random.permutation(males)[0:n_mar]
[15 19  0 10 18 23 11 12  4 14]
np.random.permutation(males)[0:n_mar]
[10 16 18  8 20 21 22 13 11 17]
np.random.permutation(males)[0:n_mar]
[22  9  2 11 12 10 13 15 19  7]
np.random.permutation(males)[0:n_mar]
[12 10 20 11 22 17  6  5 21  2]
np.random.permutation(males)[0:n_mar]
[17 12  6  4 11  3 19 22  9  8]
np.random.permutation(males)[0:n_mar]
[ 5 16 14 22 19 21 17 13  3 12]
np.random.permutation(males)[0:n_mar]
[ 8 13 12  6 19  1 20 17  9  7]
np.random.permutation(males)[0:n_mar]
[17  6 15  3  4  0  8 19  1 18]
np.random.permutation(males)[0:n_mar]
[21  1 15  8  5 20 18  3 14 17]
np.random.permutation(males)[0:n_mar]
[ 9 18  0 15  5  1 22 21  7 14]
np.random.permutation(males)[0:n_mar]
[10 14 12 22 16 21  7 15 19  3]
np.random.permutation(males)[0:n_mar]
[ 1  5  7  2 19 10 11  4 17  9]
np.random.permutation(males)[0:n_mar]
[14  0 18 17 13 16  1  2  5  6]
np.random.permutation(males)[0:n_mar]
[ 8  5  1 17  6 15 22 18  3 14]
np.random.permutation(males)[0:n_mar]
[23  1 14 10  5  3 21  9 19  2]
np.random.permutation(males)[0:n_mar]
[17  5 13  3 14 12  7 10  9 18]
np.random.permutation(males)[0:n_mar]
[20  5 11  4 13 18 21  9  2 14]
np.random.permutation(males)[0:n_mar]
[14 20  5  9 22  2 19  6  7  8]
np.random.permutation(males)[0:n_mar]
[23  2  1 20 17 13  0  9 14 18]
np.random.permutation(males)[0:n_mar]
[14  8 23  1 17 19 15 11  4 16]
np.random.permutation(males)[0:n_mar]
[17  3 11  9 15 10 13 22 16  5]
np.random.permutation(males)[0:n_mar]
[ 0  8  3 23 16  9 13 14 21 12]
np.random.permutation(males)[0:n_mar]
[ 4  1  8  7  5  2 22 16 14  3]
np.random.permutation(males)[0:n_mar]
[ 1 18 21  3  6 17  4 13 20  8]
np.random.permutation(males)[0:n_mar]
[13  8  9 22 19 18 17 15 16  1]
np.random.permutation(males)[0:n_mar]
[20 23 15  6 11 19 16  0  1 22]
np.random.permutation(males)[0:n_mar]
[20 11 22 12  3  1  6 14  0  7]
np.random.permutation(males)[0:n_mar]
[16 11  6 21 17 14 18 12 19  3]
np.random.permutation(males)[0:n_mar]
[11 10 12 23 16 17 18 14  1  9]
np.random.permutation(males)[0:n_mar]
[ 6  5 20 10 17  4 11 22  0  8]
np.random.permutation(males)[0:n_mar]
[ 4 18 21 23 16 11  0  2 15  1]
np.random.permutation(males)[0:n_mar]
[ 2 10  5 18  7  4 19  8 22 13]
np.random.permutation(males)[0:n_mar]
[15  5 18  7 23  9  2  0 20  1]
np.random.permutation(males)[0:n_mar]
[ 7 18  3 11 23  2  8 19  0  9]
np.random.permutation(males)[0:n_mar]
[ 7 10 12 22  6  5 14  0 13  9]
np.random.permutation(males)[0:n_mar]
[10 11  3 14 12 16 19  1 22  0]
np.random.permutation(males)[0:n_mar]
[12 15  7  9 13 17 23 10  8  5]
np.random.permutation(males)[0:n_mar]
[ 7 18 17 19  3 13 16  0 12 23]
np.random.permutation(males)[0:n_mar]
[ 6 20  8 18  0 12 14  4  5  1]
np.random.permutation(males)[0:n_mar]
[17 12 19  3 14  5 23 18 11 22]
np.random.permutation(males)[0:n_mar]
[ 2 23 21 10  4 17  6 14 22  3]
np.random.permutation(males)[0:n_mar]
[ 0 18 19 22 11 20 13  9 14 23]
np.random.permutation(males)[0:n_mar]
[ 6  1 16  9  3  5  0  7 12 11]
np.random.permutation(males)[0:n_mar]
[22  2 19  3 18 16 15 14  4  1]
np.random.permutation(males)[0:n_mar]
[22  6 12 11  1 21  4 13 10  3]
np.random.permutation(males)[0:n_mar]
[20  5 12  2  3 15 16  1  0 13]
np.random.permutation(males)[0:n_mar]
[ 8  7  6  2 18 22 19 21 11 17]
np.random.permutation(males)[0:n_mar]
[14  9 21 16 18 22 11 17 10  6]
np.random.permutation(males)[0:n_mar]
[19 16  0 14  2  3  4 23  5 18]
np.random.permutation(males)[0:n_mar]
[21 14  5  6 17  3 12 18 16 11]
np.random.permutation(males)[0:n_mar]
[ 2 15  5 16  7  4 13 14  3 23]
np.random.permutation(males)[0:n_mar]
[12 19 23 17  8 13 14  7  9 10]
np.random.permutation(males)[0:n_mar]
[ 5 20 19 21  8  6 23 13  2  4]
np.random.permutation(males)[0:n_mar]
[ 0  6 13 19 21 16  9 10 23 15]
np.random.permutation(males)[0:n_mar]
[20  6 21  1 11  8  4  0  2  9]
np.random.permutation(males)[0:n_mar]
[ 3  7  1 13 16  0  6  2 14  5]
np.random.permutation(males)[0:n_mar]
[ 8  7 12  4 16 13  9  3 17 22]
np.random.permutation(males)[0:n_mar]
[17  5 22 12 21 20  7  0  1 23]
np.random.permutation(males)[0:n_mar]
[ 5 16  8 10 14 19 20 18 21  7]
np.random.permutation(males)[0:n_mar]
[ 4 10 12  8 14  2 18 22 21 19]
np.random.permutation(males)[0:n_mar]
[13  0 12 10  9  7  4 19  6  8]
np.random.permutation(males)[0:n_mar]
[ 5 12 20  9 23  3 19 11  6 21]
np.random.permutation(males)[0:n_mar]
[ 5  8  7 12 18 17 13 10 11 15]
np.random.permutation(males)[0:n_mar]
[ 3 12 20  9 18  2 13 17 19 11]
np.random.permutation(males)[0:n_mar]
[10 22 19  9  4 18 14 23 15  7]
np.random.permutation(males)[0:n_mar]
[17  6  2  7 23 14  9 15  1  4]
np.random.permutation(males)[0:n_mar]
[ 9 22 10 15 20  7  2  3 16  8]
np.random.permutation(males)[0:n_mar]
[ 0 15  6 10 23 22  1  3 18 14]
np.random.permutation(males)[0:n_mar]
[12  0 20  7  8  6 23  2 10 17]
np.random.permutation(males)[0:n_mar]
[22  4  7  0 19  6 17 14 13 10]
np.random.permutation(males)[0:n_mar]
[19  0  2 12 22 18 16  5 11  9]
np.random.permutation(males)[0:n_mar]
[ 4 15 10  3 22  7 14 13  5  8]
np.random.permutation(males)[0:n_mar]
[ 0  5  4 19  8 14 18 23  2  6]
np.random.permutation(males)[0:n_mar]
[11  6 23  1 16 13  5 18 15  7]
np.random.permutation(males)[0:n_mar]
[22 12 10 21 16 15 17  3 18  7]
np.random.permutation(males)[0:n_mar]
[15  9 21 10  1 23  4 16  2 12]
np.random.permutation(males)[0:n_mar]
[16  4 20  5  1 10 17  0 19 12]
np.random.permutation(males)[0:n_mar]
[16  0  1  6 10 17 14  7  9 21]
np.random.permutation(males)[0:n_mar]
[17  0 11 22  9  8 21 23  4 10]
np.random.permutation(males)[0:n_mar]
[ 4 21  5 16  7 22  8 18  6 10]
np.random.permutation(males)[0:n_mar]
[18  6 10 14 12  4 13  3 22 17]
np.random.permutation(males)[0:n_mar]
[17  8 19  2 18 11 12  6  9 16]
np.random.permutation(males)[0:n_mar]
[ 4 11 18  9  8  1 10 16  7 17]
np.random.permutation(males)[0:n_mar]
[14  5 18  9 16  8 23  6  3 11]
np.random.permutation(males)[0:n_mar]
[21  6  4  7 23 16 22  3  9 17]
np.random.permutation(males)[0:n_mar]
[19 10  6 12 11  0  8 13 14  7]
np.random.permutation(males)[0:n_mar]
[22 14 18 21 13  5 20 16 15  6]
np.random.permutation(males)[0:n_mar]
[ 9  7 16 11  2 17 23 13 18  1]
np.random.permutation(males)[0:n_mar]
[ 6 23 16  7  2 21  8 14 20  0]
np.random.permutation(males)[0:n_mar]
[15  4 23 12 22 20 13 21 18 19]
np.random.permutation(males)[0:n_mar]
[11  2  9  8  5 21 18 10  3 15]
np.random.permutation(males)[0:n_mar]
[ 9  8 12  2  4 17 15  1 13  3]
np.random.permutation(males)[0:n_mar]
[22 20 13  0 10  3 12  5  1 17]
np.random.permutation(males)[0:n_mar]
[10 20  0 21  5 17 23 11 12 15]
np.random.permutation(males)[0:n_mar]
[ 8 16  7 20 14 22 21  9 18 12]
np.random.permutation(males)[0:n_mar]
[13  8  6  1 23  0 22 16  4 10]
np.random.permutation(males)[0:n_mar]
[ 7  2 23  6 16 19 22 18 13  0]
np.random.permutation(males)[0:n_mar]
[ 7  3 11  8  5  6 13 16  2  9]
np.random.permutation(males)[0:n_mar]
[18 11 23  0  4 19 20 10  3 21]
np.random.permutation(males)[0:n_mar]
[ 0 19  2 17  3 10 13  9 22 20]
np.random.permutation(males)[0:n_mar]
[15 21 13 18 23  9  4  6 16 17]
np.random.permutation(males)[0:n_mar]
[18  4 12  1  2 14  0  8 17 13]
np.random.permutation(males)[0:n_mar]
[ 6  9 21 19  2  5 18 23 13 16]
np.random.permutation(males)[0:n_mar]
[18 15 23 11 19 14 22  1 20  0]
np.random.permutation(males)[0:n_mar]
[11  7  8  9  0 10 21 16 17  2]
np.random.permutation(males)[0:n_mar]
[12  4  0  3 21 19 13 22 11  6]
np.random.permutation(males)[0:n_mar]
[ 5 20  9  3  1 23  7 22 16  0]
np.random.permutation(males)[0:n_mar]
[16 14  4  2 19 18  6 22  5  0]
np.random.permutation(males)[0:n_mar]
[18  6 17 12  9 10 23 22 19 14]
np.random.permutation(males)[0:n_mar]
[17  1  9  5  6  7 14 23 19 18]
np.random.permutation(males)[0:n_mar]
[ 2 12 16 10 21  9 23 14 13  5]
np.random.permutation(males)[0:n_mar]
[ 2 21 22 20 14  5 17 16  3 15]
np.random.permutation(males)[0:n_mar]
[ 0 23  6 11 10  7  5  2 18 15]
np.random.permutation(males)[0:n_mar]
[17  1 12 22 23  9  8 21 10  7]
np.random.permutation(males)[0:n_mar]
[12 15  4 14 10 13  1  6  5  9]
np.random.permutation(males)[0:n_mar]
[15  0  3 17 21 19 18 11  9  7]
np.random.permutation(males)[0:n_mar]
[ 9 22 10 11  5 20 12 15 14 21]
np.random.permutation(males)[0:n_mar]
[ 0 21 11  7  1 14 13 18 22 16]
np.random.permutation(males)[0:n_mar]
[18 11  3  8 21 15 23  1 13  6]
np.random.permutation(males)[0:n_mar]
[22  9  4 15  2 14 20  8 23  6]
np.random.permutation(males)[0:n_mar]
[ 7 13 22  3 23  8 14  2 17 11]
np.random.permutation(males)[0:n_mar]
[ 1  3 15  8 12 20  5 23 22  7]
np.random.permutation(males)[0:n_mar]
[19 13  4  6  5 10  9  2 20 22]
np.random.permutation(males)[0:n_mar]
[ 2  7 10  9 16  1 21 13 19  6]
np.random.permutation(males)[0:n_mar]
[ 3  5 20 18 21 14 15  0 22  7]
np.random.permutation(males)[0:n_mar]
[ 2 23 10 13  4  1 12 11 17  5]
np.random.permutation(males)[0:n_mar]
[14  6  0  2 15 19 18 13  1  4]
np.random.permutation(males)[0:n_mar]
[22  0 19  1  4  2  5 13 18  7]
np.random.permutation(males)[0:n_mar]
[23  6 11 21  0 10  2 18 22 12]
np.random.permutation(males)[0:n_mar]
[23  2 12 22 19 13  0  4  7 10]
np.random.permutation(males)[0:n_mar]
[ 6 20  8 10  3 16 18  4 19  0]
np.random.permutation(males)[0:n_mar]
[ 0  4 16 11 14 21 23  8 20  3]
np.random.permutation(males)[0:n_mar]
[17 16 12  4 23  7 19 11 20 22]
np.random.permutation(males)[0:n_mar]
[18 20  9 10 12  7 22  8 14 19]
np.random.permutation(males)[0:n_mar]
[23  5  1  3 20 12 11  9 14  2]
np.random.permutation(males)[0:n_mar]
[23  4 18 19 10  1 22 17 13 14]
np.random.permutation(males)[0:n_mar]
[10 23  7 12 15 20  2 18  6 19]
np.random.permutation(males)[0:n_mar]
[ 8  9 21 19  5  7 11  6 22 18]
np.random.permutation(males)[0:n_mar]
[16 10 19 18  1 11  4  7 17  3]
np.random.permutation(males)[0:n_mar]
[ 1 12  3 16 20 17 22 14 10  0]
np.random.permutation(males)[0:n_mar]
[18 16  1 19  5 14  6  9 23  7]
np.random.permutation(males)[0:n_mar]
[ 2  4 20 21 22 16  1 15 18 12]
np.random.permutation(males)[0:n_mar]
[ 4 20  0  2 19 18 22 14 13 16]
np.random.permutation(males)[0:n_mar]
[19  4 23 17  1 10 14 21  5  2]
np.random.permutation(males)[0:n_mar]
[ 2 12  3  1 23  6 11  4  7 14]
np.random.permutation(males)[0:n_mar]
[15 18 11 17 22 16  1 10 12 21]
np.random.permutation(males)[0:n_mar]
[13 11 17 18 10  5  0 19 20  6]
np.random.permutation(males)[0:n_mar]
[14  1  5 21 19  6  7 18  4 13]
np.random.permutation(males)[0:n_mar]
[14  8  3 19 15 12 20  9 13  7]
np.random.permutation(males)[0:n_mar]
[16 18 19  9 14  1 12  2 21  3]
np.random.permutation(males)[0:n_mar]
[16 22 23  3  5  4  8 10 17 20]
np.random.permutation(males)[0:n_mar]
[ 8 12 22 10  5 16 21  4 14 13]
np.random.permutation(males)[0:n_mar]
[18  5  8 23  1 12  3  4  2  9]
np.random.permutation(males)[0:n_mar]
[ 5 17  7  9 14 10 23 11 20  1]
np.random.permutation(males)[0:n_mar]
[14 13  2 10 18  1 15 12 16 11]
np.random.permutation(males)[0:n_mar]
[14  5 19 20 10  7 18 16 22  9]
np.random.permutation(males)[0:n_mar]
[20  2  6 13  1  7 19 15 14 17]
np.random.permutation(males)[0:n_mar]
[12  6  3  7 10 13  5 15 22  4]
np.random.permutation(males)[0:n_mar]
[ 4 23 14 18  2 10 15 16 13 22]
np.random.permutation(males)[0:n_mar]
[ 9  8  6  0 18  3 13  5 19 11]
np.random.permutation(males)[0:n_mar]
[ 1 17 23  5 20 15 16  3 11  7]
np.random.permutation(males)[0:n_mar]
[ 4  8 21 23  5 19 20 13 10  0]
np.random.permutation(males)[0:n_mar]
[23 12 14 18 22  9 16 20 17 13]
np.random.permutation(males)[0:n_mar]
[ 5 10 17 15 20 14 21 13  2 23]
np.random.permutation(males)[0:n_mar]
[11  1  9 20 22 23  3 15  6 16]
np.random.permutation(males)[0:n_mar]
[18  0 15  7 13 20 21  9  1  4]
np.random.permutation(males)[0:n_mar]
[ 2 12 10 11  9 21 16 17  1 22]
np.random.permutation(males)[0:n_mar]
[ 5  3 21 15  4 14 13 20  1  7]
np.random.permutation(males)[0:n_mar]
[23  4 20 10 13  5 19  1 17  6]
np.random.permutation(males)[0:n_mar]
[21 14 22 15  6 19 11  4 13  9]
np.random.permutation(males)[0:n_mar]
[ 2 22 10 23 18 20 15 16 11  6]
np.random.permutation(males)[0:n_mar]
[17  4  6 20 16 12 21 13  3 10]
np.random.permutation(males)[0:n_mar]
[12 20  7 11 21 10  9  5 17  4]
np.random.permutation(males)[0:n_mar]
[ 8  4  7 10  1  0 16 19 15  2]
np.random.permutation(males)[0:n_mar]
[13 15 20  4 21 12 19 18  2 11]
np.random.permutation(males)[0:n_mar]
[ 3  5 15 10 12 17 18 19 20 22]
np.random.permutation(males)[0:n_mar]
[15 21  6 17 13  9 22 18 23 10]
np.random.permutation(males)[0:n_mar]
[ 3  2 18 14 23  1 11 10  8  7]
np.random.permutation(males)[0:n_mar]
[15 21 22  5  7  6  4 12  0 14]
np.random.permutation(males)[0:n_mar]
[ 2 11 21 13  7  4  5 18 12 23]
np.random.permutation(males)[0:n_mar]
[ 5 10 15 11 18 14 13 20  6  0]
np.random.permutation(males)[0:n_mar]
[21  3 13 14 16  2 11 15  9  0]
np.random.permutation(males)[0:n_mar]
[15 20  3 12 11  1 14  2  7  5]
np.random.permutation(males)[0:n_mar]
[18 14  0  5 16  3 21 20 13 10]
np.random.permutation(males)[0:n_mar]
[ 8  1 13 21  5  2 17 16 18 22]
np.random.permutation(males)[0:n_mar]
[ 0 19 12  1  2  3 18 23 10 21]
np.random.permutation(males)[0:n_mar]
[ 5  0  7  3 15 22 20 13  1 16]
np.random.permutation(males)[0:n_mar]
[10 15 23 21 12 13  4  6  8 18]
np.random.permutation(males)[0:n_mar]
[16 12 23 14 18 17  3  9 13  4]
np.random.permutation(males)[0:n_mar]
[21 20  8  0  7 15 16 22  5  2]
np.random.permutation(males)[0:n_mar]
[11  0 22 16 19  8 13 10 18 12]
np.random.permutation(males)[0:n_mar]
[ 0 15  5  4 22 16  6  8  2 20]
np.random.permutation(males)[0:n_mar]
[21 23 16  4 17 20 18 15  3  0]
np.random.permutation(males)[0:n_mar]
[20 11 15  5  9  6 23 14 10  8]
np.random.permutation(males)[0:n_mar]
[17  6 22 23 20 12  4  3  2  5]
np.random.permutation(males)[0:n_mar]
[15 23 20 14 10 13  8  0 11 19]
np.random.permutation(males)[0:n_mar]
[ 3 13 15 18 11 12 20 16 21 14]
np.random.permutation(males)[0:n_mar]
[16  7 12  8  1  9 20  0 22  3]
np.random.permutation(males)[0:n_mar]
[17 19  7  5 21  3 18 14  2  8]
np.random.permutation(males)[0:n_mar]
[10  9 21 18  1  2 23 19 20  7]
np.random.permutation(males)[0:n_mar]
[ 8  5 11 14 10  4  2  7 22 16]
np.random.permutation(males)[0:n_mar]
[13 16  4 12  8  3  2 14 17  5]
np.random.permutation(males)[0:n_mar]
[13 22 17 18  2 14  4  9 15  8]
np.random.permutation(males)[0:n_mar]
[16  1 13  3 18 10 14  7  5  0]
np.random.permutation(males)[0:n_mar]
[13  6 19  1 15  5  4 18 23  3]
np.random.permutation(males)[0:n_mar]
[23  6 11  7 12 19  0  2 18  8]
np.random.permutation(males)[0:n_mar]
[20 10 22 18  3  1  0  9  2 15]
np.random.permutation(males)[0:n_mar]
[ 5  0 19 23 21 13 11  9 12 10]
np.random.permutation(males)[0:n_mar]
[12 16 23  2 19 22 21  1  5  9]
np.random.permutation(males)[0:n_mar]
[15 16 21 18 20 11  0  3 22 14]
np.random.permutation(males)[0:n_mar]
[15 22 17 21  9 10  7 12 13 19]
np.random.permutation(males)[0:n_mar]
[ 9 19 14  0 22  4  7  8 17 18]
np.random.permutation(males)[0:n_mar]
[10  0 12 17  7  1  5 20 13 15]
np.random.permutation(males)[0:n_mar]
[ 2 18  8 23  4 15 20 16  7  9]
np.random.permutation(males)[0:n_mar]
[11  7 21 10  2  9 12  8 22  3]
np.random.permutation(males)[0:n_mar]
[19 18 14  4 10  9 23 12 16  8]
np.random.permutation(males)[0:n_mar]
[18  6  8  5 20 11 23  0  7 17]
np.random.permutation(males)[0:n_mar]
[ 0 10 12 11 13  2 20 22  5  1]
np.random.permutation(males)[0:n_mar]
[23 21 10 12 14  0 19 11  3 22]
np.random.permutation(males)[0:n_mar]
[22 16  7  3  9  1 15  6 11 21]
np.random.permutation(males)[0:n_mar]
[20  4  1 16 22 10 23  6 17 14]
np.random.permutation(males)[0:n_mar]
[22 16  8 14 23  7 21  6  3 13]
np.random.permutation(males)[0:n_mar]
[ 5 14 18 23 16 19  3  1  8  2]
np.random.permutation(males)[0:n_mar]
[ 4 17 21 20  2  0  8 11 14 15]
np.random.permutation(males)[0:n_mar]
[20  7 18 15 12  1 21  4 17 13]
np.random.permutation(males)[0:n_mar]
[ 1  2  5  8 14  0 19 10 21  4]
np.random.permutation(males)[0:n_mar]
[ 5 12  6 11  2 22 17 13 10 14]
np.random.permutation(males)[0:n_mar]
[21 14  2  4 11 13 20  3  7 12]
np.random.permutation(males)[0:n_mar]
[ 9 18  3  4 11 22  2 15 19  7]
np.random.permutation(males)[0:n_mar]
[13 16  3 22 19  5  8 10  1 15]
np.random.permutation(males)[0:n_mar]
[ 1  0  5  9  2  6 21 22  4 23]
np.random.permutation(males)[0:n_mar]
[20  4  8  5 17 14 21 15  3  2]
np.random.permutation(males)[0:n_mar]
[22  4  5 20 15  6 23 17  8  2]
np.random.permutation(males)[0:n_mar]
[22 18  0  9  3 10  1  7  2 21]
np.random.permutation(males)[0:n_mar]
[ 8 11 15 22 16 13  9  7 23 12]
np.random.permutation(males)[0:n_mar]
[ 9 23  8 11  5 17 20 21  2 18]
np.random.permutation(males)[0:n_mar]
[15  0 10 14 18 12  3 21 20  6]
np.random.permutation(males)[0:n_mar]
[ 4 12 21  3  8 22 14 10 16  9]
np.random.permutation(males)[0:n_mar]
[ 9  0  1  8  7  2  5 18 14 11]
np.random.permutation(males)[0:n_mar]
[20 16  2 23  1  3  8 11  6 17]
np.random.permutation(males)[0:n_mar]
[12  2 15  7  5  6 16  1 23  0]
np.random.permutation(males)[0:n_mar]
[19  7  2  1 17 21 10  0  4 20]
np.random.permutation(males)[0:n_mar]
[ 9  4  1 23 11 15  3 22  7  5]
np.random.permutation(males)[0:n_mar]
[17 21  6  2 23 22 11  8  5 10]
np.random.permutation(males)[0:n_mar]
[ 4 15 22 14  9 12 21  0 11 19]
np.random.permutation(males)[0:n_mar]
[ 8 22 19 16 10 14  3  4  1  9]
np.random.permutation(males)[0:n_mar]
[11  5 19 13  9  1 17 22  0 23]
np.random.permutation(males)[0:n_mar]
[ 8 15 10 18  7 17 16  1 12 13]
np.random.permutation(males)[0:n_mar]
[ 9 12 21 13  8 20 15  7 22  0]
np.random.permutation(males)[0:n_mar]
[14 10 20  8  1  2 13  6  4  7]
np.random.permutation(males)[0:n_mar]
[14 19 23  3 22 10  4  2 21 12]
np.random.permutation(males)[0:n_mar]
[ 5 22 18  4 13 21  2  6  9 17]
np.random.permutation(males)[0:n_mar]
[ 9 16 23 21  7  1 11 14  5  3]
np.random.permutation(males)[0:n_mar]
[ 0 12 16 13 10  6  9 23 22 18]
np.random.permutation(males)[0:n_mar]
[11  9  0  8 10  2 12 15  3 20]
np.random.permutation(males)[0:n_mar]
[23  8  4  9 16  0  1 12  7 21]
np.random.permutation(males)[0:n_mar]
[18  6 16  3  8  1 21 15 12  5]
np.random.permutation(males)[0:n_mar]
[21  9 10  4 14 13  0 16  8 17]
np.random.permutation(males)[0:n_mar]
[13 10 11 17  1  6  7  3 18  9]
np.random.permutation(males)[0:n_mar]
[15  4 21  1 17 14 13 18 11 16]
np.random.permutation(males)[0:n_mar]
[ 0  7 16  2  5 10 11  8  9 12]
np.random.permutation(males)[0:n_mar]
[ 4 19  9 22 17  0 13 18 12  1]
np.random.permutation(males)[0:n_mar]
[ 1 17  6  5 12 13  4 21  7 16]
np.random.permutation(males)[0:n_mar]
[ 9 13  8 11 10  5  6 22 17  1]
np.random.permutation(males)[0:n_mar]
[ 1 15  6 10 14  4 17 18  2  9]
np.random.permutation(males)[0:n_mar]
[13  1 17  6 12 18 22  7  4 11]
np.random.permutation(males)[0:n_mar]
[ 9  5 10 19  4 21  8 20  3  7]
np.random.permutation(males)[0:n_mar]
[ 9  3 10 14  6 17  4 16  0 15]
np.random.permutation(males)[0:n_mar]
[ 9 15  5 19 18  2 23 12 22  1]
np.random.permutation(males)[0:n_mar]
[21 22  9  0  7 12  2 20 16  4]
np.random.permutation(males)[0:n_mar]
[11 23  4  0  8  7 12  6 16  3]
np.random.permutation(males)[0:n_mar]
[22 17 10  5 20 12 21  6 15 18]
np.random.permutation(males)[0:n_mar]
[ 8  6 10  9 17 15 11 23  7 22]
np.random.permutation(males)[0:n_mar]
[15  8  3 14 11 10  5  9 21 16]
np.random.permutation(males)[0:n_mar]
[ 4 11 15 12  7 22  3  5  6  9]
np.random.permutation(males)[0:n_mar]
[15 16  4 21  7  0  6 23  5  3]
np.random.permutation(males)[0:n_mar]
[ 6 15 10  4 20 14 22 12  0  3]
np.random.permutation(males)[0:n_mar]
[19 20 21  2  1 11  8  6  0 16]
np.random.permutation(males)[0:n_mar]
[13 10 23  4 14 21 16  6 22 12]
np.random.permutation(males)[0:n_mar]
[16 12 21  6 11 10 23 13 22 20]
np.random.permutation(males)[0:n_mar]
[ 1  7  9 22 12  0  5  6  4 10]
np.random.permutation(males)[0:n_mar]
[ 1 14  3 21 12 17  9 18 15  7]
np.random.permutation(males)[0:n_mar]
[ 7 14  4  2 18  0 16  8 13 19]
np.random.permutation(males)[0:n_mar]
[17  6  2  4  9 23 13 18 12  1]
np.random.permutation(males)[0:n_mar]
[16 12  9 19  3  6  1 15 11  5]
np.random.permutation(males)[0:n_mar]
[ 2  4 14 10 15 17 22 18 11 23]
np.random.permutation(males)[0:n_mar]
[22 11  3 16 19 10 23 17 21 13]
np.random.permutation(males)[0:n_mar]
[16  3 20 18  4 15  1 19 12  2]
np.random.permutation(males)[0:n_mar]
[15 22 21 11 10  5  8 23 13  7]
np.random.permutation(males)[0:n_mar]
[11 23  2  0 13  5 19 12 22  1]
np.random.permutation(males)[0:n_mar]
[20 14 15  1 16 19  2 21  6 18]
np.random.permutation(males)[0:n_mar]
[11 15 10  7  9 18  2 13 22  3]
np.random.permutation(males)[0:n_mar]
[ 2  5 16 23 14 13  6 21 19  0]
np.random.permutation(males)[0:n_mar]
[20  9  0 12  8  7  5  1 14  6]
np.random.permutation(males)[0:n_mar]
[17  7 16 23  0  9 12 10 20  1]
np.random.permutation(males)[0:n_mar]
[ 8  9 15 16  4 13  6 10 20 21]
np.random.permutation(males)[0:n_mar]
[ 9 20 12 23  2 16 13 10 21 22]
np.random.permutation(males)[0:n_mar]
[ 2 20  5 23 19  1 10 15 21 11]
np.random.permutation(males)[0:n_mar]
[23  4 15  1 21 20  6  7  9  5]
np.random.permutation(males)[0:n_mar]
[23  2  1 11 13 16  4  7 12 17]
np.random.permutation(males)[0:n_mar]
[13 23 12  2 17  3 19 14 20 10]
np.random.permutation(males)[0:n_mar]
[ 8  4  1 12 22  2 16  7 17  3]
np.random.permutation(males)[0:n_mar]
[ 5 16 21 15 17  3  9  1 13 11]
np.random.permutation(males)[0:n_mar]
[ 1 13  8 20  4 21 12 14  9  7]
np.random.permutation(males)[0:n_mar]
[22  2 23 13 18 16 15  6  1  4]
np.random.permutation(males)[0:n_mar]
[ 3 20 21  4 12 10 18 11  0 15]
np.random.permutation(males)[0:n_mar]
[ 2 19 10  8 11 14 21  0  4  6]
np.random.permutation(males)[0:n_mar]
[20 18 12  5  9  2 23 21 15 17]
np.random.permutation(males)[0:n_mar]
[11  9 17 14 15  1  6 21 12 10]
np.random.permutation(males)[0:n_mar]
[15 10 11 19  3  5 14  4 23  1]
np.random.permutation(males)[0:n_mar]
[ 5 21  0 19 11 12 16 14 22 15]
np.random.permutation(males)[0:n_mar]
[ 0  7 18 22  9  3 11 19 23 20]
np.random.permutation(males)[0:n_mar]
[11  1  6 15  5 17 14 18  3 21]
np.random.permutation(males)[0:n_mar]
[ 9 14 22 23 11 20  2  5 21 10]
np.random.permutation(males)[0:n_mar]
[18 20  1 16 13 12 21  4  0  8]
np.random.permutation(males)[0:n_mar]
[ 8 19  2 14 20 10 12  0 13 11]
np.random.permutation(males)[0:n_mar]
[ 9 12 23  1  3 10  4 16 20 18]
np.random.permutation(males)[0:n_mar]
[11 17  6  3  8  7 18  0 10 21]
np.random.permutation(males)[0:n_mar]
[ 9 19 21 13  5 20 22 12  8 16]
np.random.permutation(males)[0:n_mar]
[22  7 23  8 20 19 11 15 18 13]
np.random.permutation(males)[0:n_mar]
[19 17  1 22 15 14 18 10  4  7]
np.random.permutation(males)[0:n_mar]
[ 0  4 18 11  9  5 14 23 13 17]
np.random.permutation(males)[0:n_mar]
[ 5  8 19 15  1  2  6 11  3  7]
np.random.permutation(males)[0:n_mar]
[12 14  7 18  6 13  1  8  9  5]
np.random.permutation(males)[0:n_mar]
[ 7 17  0 20 13  8 10 22 18  2]
np.random.permutation(males)[0:n_mar]
[11 22 12 23 15  9  1 13 16 17]
np.random.permutation(males)[0:n_mar]
[10 12 13  9 16  4 20 17  3 11]
np.random.permutation(males)[0:n_mar]
[13  7  3 14  1 11  2 21  8  5]
np.random.permutation(males)[0:n_mar]
[ 1  3 20  2  0 14 17  7 11  6]
np.random.permutation(males)[0:n_mar]
[15  0 22 17 16  4  7 21  3 14]
np.random.permutation(males)[0:n_mar]
[ 0  3  9 13 14 11  1 20 16  4]
np.random.permutation(males)[0:n_mar]
[ 0  6 20 18 11 12  2  5  7 15]
np.random.permutation(males)[0:n_mar]
[16 14 20  7  9  0  5 23 11  2]
np.random.permutation(males)[0:n_mar]
[ 8 16 22 18 23 17  0  5  3  7]
np.random.permutation(males)[0:n_mar]
[ 8  3  1 16 23  7 13 14 18  5]
np.random.permutation(males)[0:n_mar]
[12  4 18  3  6 23 21 11 19 15]
np.random.permutation(males)[0:n_mar]
[ 3  1 18  8 19 12 23  5 11 16]
np.random.permutation(males)[0:n_mar]
[ 0  2 13  8 12 18 19 22 23  9]
np.random.permutation(males)[0:n_mar]
[19 20 16  7 14  9 23 17  3  1]
np.random.permutation(males)[0:n_mar]
[ 2  0 23  1 21 19  6 12 20 15]
np.random.permutation(males)[0:n_mar]
[ 5 20 13 18 22 16 11  3 23  1]
np.random.permutation(males)[0:n_mar]
[10 22 12  2 19  8 17 14 13  0]
np.random.permutation(males)[0:n_mar]
[20 16  3  2 19 18 21  8  5  9]
np.random.permutation(males)[0:n_mar]
[16 11  9 19  4 10 13  6  7 12]
np.random.permutation(males)[0:n_mar]
[10  6  0  8  4  5  9 16 19 18]
np.random.permutation(males)[0:n_mar]
[18 19 10  8 13  0 20 16 21  7]
np.random.permutation(males)[0:n_mar]
[ 5 16  6 22  7 10 18  3 20  1]
np.random.permutation(males)[0:n_mar]
[22  0  5 20 13  6 21 16 17 14]
np.random.permutation(males)[0:n_mar]
[ 2 23  0 11 16  5 13 15 22  3]
np.random.permutation(males)[0:n_mar]
[20  3  2 14  4 18 13 15 17 22]
np.random.permutation(males)[0:n_mar]
[16 12 22 23  5 19  9  2 14 20]
np.random.permutation(males)[0:n_mar]
[ 2 12  7  1  3  8 16 10  6 13]
np.random.permutation(males)[0:n_mar]
[ 0 14 15 13 22  4  7 20 10 17]
np.random.permutation(males)[0:n_mar]
[19 21  6 20  2 10  5 14  1 13]
np.random.permutation(males)[0:n_mar]
[13  0 18  2  3  7 15 14 22  6]
np.random.permutation(males)[0:n_mar]
[ 1 13 21 11 22  9  0 19  3 15]
np.random.permutation(males)[0:n_mar]
[18  8 10 23 20  5 14  0 22 21]
np.random.permutation(males)[0:n_mar]
[22 16 21 20  1 10  9  8  5 14]
np.random.permutation(males)[0:n_mar]
[21 22  2  5 12  8 19 16  4 14]
np.random.permutation(males)[0:n_mar]
[23 16 12  1 17  2 20 13  0 10]
np.random.permutation(males)[0:n_mar]
[14 17 12  6 16  2 21  8 23 15]
np.random.permutation(males)[0:n_mar]
[14  6 11 22  3  1 20 17  0 13]
np.random.permutation(males)[0:n_mar]
[11 14 13  2  9  6 12 17 19  0]
np.random.permutation(males)[0:n_mar]
[ 9 18 21  4  7 16 11  2  6 13]
np.random.permutation(males)[0:n_mar]
[10  7 16  5 22  1 12 13  0 20]
np.random.permutation(males)[0:n_mar]
[ 7  1 10 18 17 22  6  9 14 19]
np.random.permutation(males)[0:n_mar]
[23 17  2  3 12 21 11  4 13 20]
np.random.permutation(males)[0:n_mar]
[13 16  3 18 22 14 12 10 20  7]
np.random.permutation(males)[0:n_mar]
[10  9 14 18  8 12  7  6 16  2]
np.random.permutation(males)[0:n_mar]
[22 21  5 23 15  7 12  3  0  8]
np.random.permutation(males)[0:n_mar]
[22  5 20 13 23  0 15  4  6 18]
np.random.permutation(males)[0:n_mar]
[ 4  6 22  3  8  2  7  5 11 20]
np.random.permutation(males)[0:n_mar]
[17 11 10  7 20 19  6  2  9 21]
np.random.permutation(males)[0:n_mar]
[18 14 23  7 16  5 19 11 12  1]
np.random.permutation(males)[0:n_mar]
[ 3  7 18  2 20  0 11  9  4 17]
np.random.permutation(males)[0:n_mar]
[11  5 14  2 15 21  8  7 22  1]
np.random.permutation(males)[0:n_mar]
[ 4 15 22  8 19  3 16 12 14 20]
np.random.permutation(males)[0:n_mar]
[10  3 21  8 16  7  9 15 18 23]
np.random.permutation(males)[0:n_mar]
[ 3  4 17 16  1 18  0 10  5  7]
np.random.permutation(males)[0:n_mar]
[11 18 17 15 23  9 13  5  3  2]
np.random.permutation(males)[0:n_mar]
[ 0  5 19  7 12 22 18  3 15 14]
np.random.permutation(males)[0:n_mar]
[12 16 23 11 21 20 10  0 13  8]
np.random.permutation(males)[0:n_mar]
[18 22  9  8 10 23 17  4 11  3]
np.random.permutation(males)[0:n_mar]
[17  8  3 18 20 15 11 14 13  1]
np.random.permutation(males)[0:n_mar]
[19 17 11 16  0 13  6 18 22  5]
np.random.permutation(males)[0:n_mar]
[ 3 11  9  6 13  1 12  5 19 14]
np.random.permutation(males)[0:n_mar]
[ 5  9 21 13 20 15 12  8  6 10]
np.random.permutation(males)[0:n_mar]
[ 6  5 20 15 16  8  4  2 18 19]
np.random.permutation(males)[0:n_mar]
[19  4 22 11  0  1  6  7  9 16]
np.random.permutation(males)[0:n_mar]
[ 5  9 15  6 13 10 20 12 22 14]
np.random.permutation(males)[0:n_mar]
[ 5  4  3 21 22 20 15 11 18 12]
np.random.permutation(males)[0:n_mar]
[19 16 21 23  1 12 22 13  6 14]
np.random.permutation(males)[0:n_mar]
[ 7 22  9 12 21 15 10 20 23  3]
np.random.permutation(males)[0:n_mar]
[16  6  9  3 10 18  2  1 19 22]
np.random.permutation(males)[0:n_mar]
[11  4  7 16 23  6  9  8  5  0]
np.random.permutation(males)[0:n_mar]
[18 16 20 11 10  4  0 22  3  6]
np.random.permutation(males)[0:n_mar]
[16  4 17 21  9 12  2  6 13  3]
np.random.permutation(males)[0:n_mar]
[21 12 20 18  4  8  3 14 10  5]
np.random.permutation(males)[0:n_mar]
[ 3 14 21 19  2  5 20 16  6  7]
np.random.permutation(males)[0:n_mar]
[16  5  2 10 15 20 18 13 19  6]
np.random.permutation(males)[0:n_mar]
[19 11 16  8 14  7 18  5  6 23]
np.random.permutation(males)[0:n_mar]
[15 11 12  1 14  0 17  9 21  7]
np.random.permutation(males)[0:n_mar]
[18  9 11  3 20 21  1  4 22  8]
np.random.permutation(males)[0:n_mar]
[10  8  0 19 16  6  5  9 14  7]
np.random.permutation(males)[0:n_mar]
[12  2  5 13  3 15 17  9 14  0]
np.random.permutation(males)[0:n_mar]
[ 2  4  3 17  5 16 22 15 13 21]
np.random.permutation(males)[0:n_mar]
[ 9 19  7 14  1 16  2 20  6  8]
np.random.permutation(males)[0:n_mar]
[18  9  4 14 20  5 17  1 12  7]
np.random.permutation(males)[0:n_mar]
[22  2  6  4 14  0 10  8 13 19]
np.random.permutation(males)[0:n_mar]
[15 19 12  7 17  9 21  0 16  5]
np.random.permutation(males)[0:n_mar]
[17  5  9 18  0 13  8 20  6  3]
np.random.permutation(males)[0:n_mar]
[18 10 23 21  3  2  8  9 13 20]
np.random.permutation(males)[0:n_mar]
[16 23 17  1 14 22 18  9  3 12]
np.random.permutation(males)[0:n_mar]
[ 1  4 23 19 14 16 13  0  2 20]
np.random.permutation(males)[0:n_mar]
[20 14  9  8 19 16 15 23 17  6]
np.random.permutation(males)[0:n_mar]
[ 2 13 21 19  0  8  7  5 12 23]
np.random.permutation(males)[0:n_mar]
[11  0 21  2  9 22  5 13 23 10]
np.random.permutation(males)[0:n_mar]
[20  2  8 15 16 17  1 19  9 11]
np.random.permutation(males)[0:n_mar]
[17  2 15 12 10 23 20  1  4 22]
np.random.permutation(males)[0:n_mar]
[16 12  9  3 17 19  6  4 15 20]
np.random.permutation(males)[0:n_mar]
[ 3  5 13 14 10 21  0 18 19 20]
np.random.permutation(males)[0:n_mar]
[13  8  1 16 11 22  6  9  7 17]
np.random.permutation(males)[0:n_mar]
[23 20  6 16  5  3  9  0 11  8]
np.random.permutation(males)[0:n_mar]
[13  7 22 10 15  0 20  9 23 14]
np.random.permutation(males)[0:n_mar]
[ 7 21 15 19  3  9 13  1 10 18]
np.random.permutation(males)[0:n_mar]
[ 5 17  8  7 15 20 11 13  3 10]
np.random.permutation(males)[0:n_mar]
[ 2  1 22 15 18  6  0  4 23  3]
np.random.permutation(males)[0:n_mar]
[ 6  1  2 10  5 12 21 19 13 14]
np.random.permutation(males)[0:n_mar]
[19  6 18  3  1  8 12 14 15 22]
np.random.permutation(males)[0:n_mar]
[14  2 15 11  3 10  4 20 23  6]
np.random.permutation(males)[0:n_mar]
[17  1 11  9 14  5  7 13  6 15]
np.random.permutation(males)[0:n_mar]
[ 1  4 21 22  3 11 20  6  7 17]
np.random.permutation(males)[0:n_mar]
[ 3 13  6 15 14  0  7  2 12  1]
np.random.permutation(males)[0:n_mar]
[23  4 21 18  1 16  2  5 15 19]
np.random.permutation(males)[0:n_mar]
[21 19  7  4  3 10 13  5  0 15]
np.random.permutation(males)[0:n_mar]
[17 12 11  5 15 22  7 20 16  2]
np.random.permutation(males)[0:n_mar]
[21 13 10  8 19 16  0  6 12  1]
np.random.permutation(males)[0:n_mar]
[10 12 13  4 14 19 21  7 18  5]
np.random.permutation(males)[0:n_mar]
[17  6  1 18 22 11  0  4 23 12]
np.random.permutation(males)[0:n_mar]
[ 1 13  4 22  5 16  8  2 17 18]
np.random.permutation(males)[0:n_mar]
[23 14 12  6  4 10 11 21  1 13]
np.random.permutation(males)[0:n_mar]
[ 3  1 14 21 15 18  6 10 11 12]
np.random.permutation(males)[0:n_mar]
[ 5  9 22  7 16 10 18 12 23 11]
np.random.permutation(males)[0:n_mar]
[ 9  8 13  7 19  0 11 12  2  5]
np.random.permutation(males)[0:n_mar]
[ 2  6 23 10  4  7 15  9 20 16]
np.random.permutation(males)[0:n_mar]
[12 16 17 19  8  9 23 14  6 11]
np.random.permutation(males)[0:n_mar]
[ 7 20 18  5  9 11 15 16  4  1]
np.random.permutation(males)[0:n_mar]
[22 10 11 23  2  0  4 20  3 19]
np.random.permutation(males)[0:n_mar]
[18 21  5  4  6  2 11  3 20 13]
np.random.permutation(males)[0:n_mar]
[ 7  6 11 23  0 19 16  4 20 15]
np.random.permutation(males)[0:n_mar]
[ 3 21 22  9 12 15 16 10 11  0]
np.random.permutation(males)[0:n_mar]
[18 12  8 19 20 11  6 21  0  5]
np.random.permutation(males)[0:n_mar]
[18 19 14  9  3  8 13 20 12 23]
np.random.permutation(males)[0:n_mar]
[17 20  5  1 18  4  3  9 10 16]
np.random.permutation(males)[0:n_mar]
[ 0 23 19  6 10  5 16 22 21 15]
np.random.permutation(males)[0:n_mar]
[20  0  6 21 11  5  4 22 16  1]
np.random.permutation(males)[0:n_mar]
[ 9 19  4  6 12 22 15 10  2 21]
np.random.permutation(males)[0:n_mar]
[ 7 12  0  5  6  4  8 13 22 21]
np.random.permutation(males)[0:n_mar]
[ 7  4  9 12 22 13 17  5 21 16]
np.random.permutation(males)[0:n_mar]
[ 6  2 12 16 13  5 11  4  8  3]
np.random.permutation(males)[0:n_mar]
[ 1 11 19 23 21  2 20 12  5  9]
np.random.permutation(males)[0:n_mar]
[14 11  3 19 15  8 21  5 12 18]
np.random.permutation(males)[0:n_mar]
[18  1 19 15  0 23 16 14 13  3]
np.random.permutation(males)[0:n_mar]
[18 13  9  0  6  4 14 19 12 15]
np.random.permutation(males)[0:n_mar]
[11 19 21 23  9  3 14 17 12  2]
np.random.permutation(males)[0:n_mar]
[ 3 11 14 10  9  0  6 16 21  8]
np.random.permutation(males)[0:n_mar]
[16 21 12 22 10 20  4  7 19 13]
np.random.permutation(males)[0:n_mar]
[10 22 11  2 18  4  7  3 12  1]
np.random.permutation(males)[0:n_mar]
[ 6  4  5 14 23 20 11 12 18 22]
np.random.permutation(males)[0:n_mar]
[ 8 14 17 12 18 21  6 22 23 20]
np.random.permutation(males)[0:n_mar]
[ 6 21 16  4 11 17  8 23  7 18]
np.random.permutation(males)[0:n_mar]
[20  1 13 11  7 17 14 21  5 23]
np.random.permutation(males)[0:n_mar]
[13  9  0  1  8 16 14  6 11 19]
np.random.permutation(males)[0:n_mar]
[ 4 14 12  6 19 23  8  5 18 21]
np.random.permutation(males)[0:n_mar]
[17  7  8 23  9  6 14 10 19 22]
np.random.permutation(males)[0:n_mar]
[21 22 10  7  9 16 15  5 11  3]
np.random.permutation(males)[0:n_mar]
[13 19 18 16  1  7 22  2  5  3]
np.random.permutation(males)[0:n_mar]
[18 11 16  3  2  5 10  7 15  6]
np.random.permutation(males)[0:n_mar]
[10 21  0 20 16 17 23 12  9  8]
np.random.permutation(males)[0:n_mar]
[21  9 16  2  4 22 10 23 12  6]
np.random.permutation(males)[0:n_mar]
[ 3 21  7  8 20 17  0  4 11  1]
np.random.permutation(males)[0:n_mar]
[17 14 15  9  8 16  3  5 18  0]
np.random.permutation(males)[0:n_mar]
[17  7  6  3  1  2 10 16 22  0]
np.random.permutation(males)[0:n_mar]
[23 18 12  3 14  9  1  8 16  6]
np.random.permutation(males)[0:n_mar]
[22 20 11  2 23 15 14  3 12 13]
np.random.permutation(males)[0:n_mar]
[ 4  5  2 20 11 10 23 16 18  3]
np.random.permutation(males)[0:n_mar]
[16 22 23 19 18  5  8 12  1  2]
np.random.permutation(males)[0:n_mar]
[21 22 11  0  9 15  3 23  5 14]
np.random.permutation(males)[0:n_mar]
[21 11 19  4 18 14 15  1  6 16]
np.random.permutation(males)[0:n_mar]
[14 11 10 13  2  4  6 20  0 15]
np.random.permutation(males)[0:n_mar]
[18 19 14  0  8 17 12  4  9 23]
np.random.permutation(males)[0:n_mar]
[23 14 19 17 13 12  5  2 11 18]
np.random.permutation(males)[0:n_mar]
[13 20  4  5 18  8 22  2 11 14]
np.random.permutation(males)[0:n_mar]
[11 17  5 19  0  3 15  1 10  2]
np.random.permutation(males)[0:n_mar]
[ 0  3  8  1 14 21 22 11 12  2]
np.random.permutation(males)[0:n_mar]
[ 5  4  3  2 16 18 10 22 13 14]
np.random.permutation(males)[0:n_mar]
[17 10 22 23 15  0  5 21  7  4]
np.random.permutation(males)[0:n_mar]
[21 18  4 13 14 15 12  5  9 20]
np.random.permutation(males)[0:n_mar]
[16 23  0 15  8  2 13  7  5 22]
np.random.permutation(males)[0:n_mar]
[20  7 10 19  0  5  8 23  3 21]
np.random.permutation(males)[0:n_mar]
[14  6 22 23 16 19 15  2  0 21]
np.random.permutation(males)[0:n_mar]
[ 9 12 18 20  1 22  7 17 23  0]
np.random.permutation(males)[0:n_mar]
[15  0  1  8  9  3 21 18  6  4]
np.random.permutation(males)[0:n_mar]
[ 8  6 20 14  0 22 18  4 16  7]
np.random.permutation(males)[0:n_mar]
[21 10 15 13 20 12  6  2 22 11]
np.random.permutation(males)[0:n_mar]
[ 1  9 19  7 12  6 22 17  4 10]
np.random.permutation(males)[0:n_mar]
[18 21  6 22 10  2 11 15  9 13]
np.random.permutation(males)[0:n_mar]
[19 17  0 10  1 11 21 14 20  6]
np.random.permutation(males)[0:n_mar]
[ 8 11 17  2 15  3  5 14 10 22]
np.random.permutation(males)[0:n_mar]
[20 16  4 18 22  9 12 21  0  6]
np.random.permutation(males)[0:n_mar]
[ 2 23 19  5  4  0 18  9 20 15]
np.random.permutation(males)[0:n_mar]
[ 0 17  5 20 11 10  2 12 21 16]
np.random.permutation(males)[0:n_mar]
[14 20 13  5 15  7 18 21 22  9]
np.random.permutation(males)[0:n_mar]
[23  7 15  8  2 17 14  6 13  5]
np.random.permutation(males)[0:n_mar]
[23 19  2 17  1 21  8  0  4 13]
np.random.permutation(males)[0:n_mar]
[ 7 10  5 23  2  8 12  6  9 19]
np.random.permutation(males)[0:n_mar]
[15 18 11 13  1 14 19  0  8  5]
np.random.permutation(males)[0:n_mar]
[ 8  9 12 19 10  4 22 20  7 14]
np.random.permutation(males)[0:n_mar]
[18  0 14  7  6 10 17 20  1  2]
np.random.permutation(males)[0:n_mar]
[12  0  2  3  5  7 23 22  9 16]
np.random.permutation(males)[0:n_mar]
[ 9  5 12 23 13 21 10 16  1 14]
np.random.permutation(males)[0:n_mar]
[18 20 22 16  3 10 12  1  6 13]
np.random.permutation(males)[0:n_mar]
[10  9 19  8  7 11  2 17  5  4]
np.random.permutation(males)[0:n_mar]
[11 10  3 16 18 17  4  5 21  8]
np.random.permutation(males)[0:n_mar]
[ 6 22 13 17  9 10 21 16  0  4]
np.random.permutation(males)[0:n_mar]
[15 19  0  9  6 11 22 13  8  4]
np.random.permutation(males)[0:n_mar]
[20 18 23  0  5  1 19  2 16 17]
np.random.permutation(males)[0:n_mar]
[12 11 10  6 21 23  7  3 16  8]
np.random.permutation(males)[0:n_mar]
[ 5  2 11  1  9 13  3 17 16 10]
np.random.permutation(males)[0:n_mar]
[ 4 10 12 19  1 15 13 14 17  3]
np.random.permutation(males)[0:n_mar]
[ 7  8 15 12  5  4 20  1 19 11]
np.random.permutation(males)[0:n_mar]
[ 7  6  0  8 22  4 18 13 16 12]
np.random.permutation(males)[0:n_mar]
[ 0  1 15  6 19 11  8  9  4 12]
np.random.permutation(males)[0:n_mar]
[15  5 21 14 13  6 10 23 17 12]
np.random.permutation(males)[0:n_mar]
[ 4 15  6 19 22 14  0 17  7 13]
np.random.permutation(males)[0:n_mar]
[16  4 11  2 13  8 12 17 10  5]
np.random.permutation(males)[0:n_mar]
[14 12 11 16  1  0 17 13  7  4]
np.random.permutation(males)[0:n_mar]
[16 15 20  2  0 23 11 17  8  1]
np.random.permutation(males)[0:n_mar]
[12  8  6 11  5 19  2 22 17  9]
np.random.permutation(males)[0:n_mar]
[ 1  4  7  0  2 20 18 13 21 14]
np.random.permutation(males)[0:n_mar]
[23 16 18  3  0 21  6 13  1 14]
np.random.permutation(males)[0:n_mar]
[16 11 20  6 23  4 15 12 17  8]
np.random.permutation(males)[0:n_mar]
[ 8  6  1  9 18 16 17  7  3 14]
np.random.permutation(males)[0:n_mar]
[18 21 17  5 14  6 16 20  2 12]
np.random.permutation(males)[0:n_mar]
[ 1  0  4 11  5 23 13 20 18 21]
np.random.permutation(males)[0:n_mar]
[15 13 17 10  6  1  7 22  2 16]
np.random.permutation(males)[0:n_mar]
[22 17 20 18  7 19  8  9  5 23]
np.random.permutation(males)[0:n_mar]
[ 4  0 19 13 20  8 21 15  1  3]
np.random.permutation(males)[0:n_mar]
[ 3 20 12 21 14 19 23 15 18  4]
np.random.permutation(males)[0:n_mar]
[ 5 13 17 12 15  9 14  0  7 11]
np.random.permutation(males)[0:n_mar]
[ 5  7  8 17 13 11 21  2  9 19]
np.random.permutation(males)[0:n_mar]
[21 17  7 22  8 11  1  5 10 19]
np.random.permutation(males)[0:n_mar]
[10 11 22 16  0 19 15  3 14 18]
np.random.permutation(males)[0:n_mar]
[ 3 21 23 15 10  9 11 16 22  6]
np.random.permutation(males)[0:n_mar]
[ 9 18 23  0 10 22  2  8  6 14]
np.random.permutation(males)[0:n_mar]
[ 5  4 13  8 23 18  7  0 11 21]
np.random.permutation(males)[0:n_mar]
[ 4  8 22 11  3 18 21  5 12 20]
np.random.permutation(males)[0:n_mar]
[11 15  6 20  9 12  8 19 13  4]
np.random.permutation(males)[0:n_mar]
[13  7  9  1  6 23  2 10 18 15]
np.random.permutation(males)[0:n_mar]
[23  7 20  9  4 14  2 18  3 10]
np.random.permutation(males)[0:n_mar]
[ 0 13  3 14  4 12 21 10 17  6]
np.random.permutation(males)[0:n_mar]
[ 8 22 20 14 16 19 12  3 13  2]
np.random.permutation(males)[0:n_mar]
[ 9  5 23 12 18  8 10 16 17 19]
np.random.permutation(males)[0:n_mar]
[ 3 12 22  4 20  0 15 11  8 10]
np.random.permutation(males)[0:n_mar]
[22 21 19 10  3  6 16 11 13  9]
np.random.permutation(males)[0:n_mar]
[ 1 10  0 23 11  3  5  4 17 22]
np.random.permutation(males)[0:n_mar]
[15  0  9 11 23  6  8  3 17  5]
np.random.permutation(males)[0:n_mar]
[15 16  7 22  2  4 20  5 23 14]
np.random.permutation(males)[0:n_mar]
[15 22 13 18  5 11 23 14 19  6]
np.random.permutation(males)[0:n_mar]
[11 12  4 20  3  5  7  0  8  2]
np.random.permutation(males)[0:n_mar]
[20  9 21  6 22  1 15  2  8  5]
np.random.permutation(males)[0:n_mar]
[15  8 19  6  9  2 20 13 12  7]
np.random.permutation(males)[0:n_mar]
[ 8 23  2  9 15  1  4 17 19 11]
np.random.permutation(males)[0:n_mar]
[ 0  8 15  1  9 13 16  5 11 20]
np.random.permutation(males)[0:n_mar]
[21 20  5 13  6 17 19 23  1  3]
np.random.permutation(males)[0:n_mar]
[19 21 16  2  7  9 11  1  8  5]
np.random.permutation(males)[0:n_mar]
[13  6 16  8  7 23 19  5 10 14]
np.random.permutation(males)[0:n_mar]
[21 16 22  8  1  0  9 11  4 10]
np.random.permutation(males)[0:n_mar]
[ 9 22  8 19 13 18 20  7 10 21]
np.random.permutation(males)[0:n_mar]
[ 5  3  2  9 15  0 17  1 23  7]
np.random.permutation(males)[0:n_mar]
[12 11 10  7 21  4 20 13  8  3]
np.random.permutation(males)[0:n_mar]
[ 2 11  9  1 21 19  7  8 14  3]
np.random.permutation(males)[0:n_mar]
[ 4  1  6  9  0 11 14  5  7 17]
np.random.permutation(males)[0:n_mar]
[15  5  3  1 20 23 16  0  7 19]
np.random.permutation(males)[0:n_mar]
[10 19  6 23  8 14 16 13  9 17]
np.random.permutation(males)[0:n_mar]
[13 17 18 23 10  5  9  2  8 14]
np.random.permutation(males)[0:n_mar]
[11 20 21  6 18 16 23 12  3 13]
np.random.permutation(males)[0:n_mar]
[11  7  0 20 23 18 22  4 13 15]
np.random.permutation(males)[0:n_mar]
[20  9 13  8 15 16  1  6  3 22]
np.random.permutation(males)[0:n_mar]
[ 2 22 21  0  3 19  9  4  5 10]
np.random.permutation(males)[0:n_mar]
[ 1 17 13  3  5 19  0 21 23  9]
np.random.permutation(males)[0:n_mar]
[16 22 18  8 20  6  4  0 23  5]
np.random.permutation(males)[0:n_mar]
[19  8  1  7  9  5 22  6 15 23]
np.random.permutation(males)[0:n_mar]
[11  8 10  6 15 14  5  4  0 22]
np.random.permutation(males)[0:n_mar]
[23 16 17  5 14  7 12  3  0 22]
np.random.permutation(males)[0:n_mar]
[ 7 10 12  6 18 22 14 17  0  3]
np.random.permutation(males)[0:n_mar]
[ 2  1 10 19  9 21  7 20  6 11]
np.random.permutation(males)[0:n_mar]
[ 8 21  6 19  0  5 23  2 22  3]
np.random.permutation(males)[0:n_mar]
[17 13  4  6  0 22 18 23 15  2]
np.random.permutation(males)[0:n_mar]
[15  9 12 14 17  3 16 10 20 13]
np.random.permutation(males)[0:n_mar]
[16 21 18  9 15 10  1 20 17  5]
np.random.permutation(males)[0:n_mar]
[18  8  4 19  3  6 16 12  0  5]
np.random.permutation(males)[0:n_mar]
[ 9  5 17  6  3 15 20 16 14  2]
np.random.permutation(males)[0:n_mar]
[ 5 20  4  3 14 13 22  7 11 21]
np.random.permutation(males)[0:n_mar]
[21 16 15  4 13 17  5  0 11  9]
np.random.permutation(males)[0:n_mar]
[14 21 12 23  5 15  9 17 11 20]
np.random.permutation(males)[0:n_mar]
[13  0 18 14 22  1 15 16 20  3]
np.random.permutation(males)[0:n_mar]
[ 8 15 22 10  2 14 12  4  9  6]
np.random.permutation(males)[0:n_mar]
[16 13  6 19 15 20  7 10 21 17]
np.random.permutation(males)[0:n_mar]
[12  0 22 21 19 14 11  5 20 17]
np.random.permutation(males)[0:n_mar]
[ 3 21 17 22 23 18  4  7  5  2]
np.random.permutation(males)[0:n_mar]
[18 15 13  5  7 21  6 17 14 19]
np.random.permutation(males)[0:n_mar]
[ 5  1 14  2 11 18 23  3 12  0]
np.random.permutation(males)[0:n_mar]
[ 7  4  9 21 23 17 11 22 10 12]
np.random.permutation(males)[0:n_mar]
[21 13 14 10 19 11 12  5  0 15]
np.random.permutation(males)[0:n_mar]
[ 4 15  9 19 13 18  6 11 16 22]
np.random.permutation(males)[0:n_mar]
[15 12  6 16 21 19 11  4 23  0]
np.random.permutation(males)[0:n_mar]
[ 1 17 11 22  2  0 19 18  7 15]
np.random.permutation(males)[0:n_mar]
[12 20 22  3 13 17 21  1  9  2]
np.random.permutation(males)[0:n_mar]
[ 0 12 16  1 19 20  7  4  8 15]
np.random.permutation(males)[0:n_mar]
[12 22 23  4 20 11  0 19 18  5]
np.random.permutation(males)[0:n_mar]
[ 2  6  5  3  8 13 18 10 19 21]
np.random.permutation(males)[0:n_mar]
[17  7 18 22 11 13  5 16  3 20]
np.random.permutation(males)[0:n_mar]
[ 3 21  1 16 10 20  9 17  8 13]
np.random.permutation(males)[0:n_mar]
[ 3 12 23 21 14 10  2  5 17  1]
np.random.permutation(males)[0:n_mar]
[15  4 13 19  6 14 10 18 16  7]
np.random.permutation(males)[0:n_mar]
[ 9 18 10 19  2 16 17 12  4 20]
np.random.permutation(males)[0:n_mar]
[ 8 14 21 13  4 23 17  0 20  6]
np.random.permutation(males)[0:n_mar]
[22  8 13 10 12  0 14 17  3  1]
np.random.permutation(males)[0:n_mar]
[12 20 10 22  4  5  7 13 21  8]
np.random.permutation(males)[0:n_mar]
[ 5  7  6 20 15  2 11  0 21 16]
np.random.permutation(males)[0:n_mar]
[23 10  7 15 22 14 17 16  6  5]
np.random.permutation(males)[0:n_mar]
[16 15 23 17 22  8  2 11  3 14]
np.random.permutation(males)[0:n_mar]
[18  2 22 20  9  5  8 15 12 19]
np.random.permutation(males)[0:n_mar]
[ 7  3  5 21 16  1  9 17 23 10]
np.random.permutation(males)[0:n_mar]
[17  7 10  8  0  6 16 13  3 19]
np.random.permutation(males)[0:n_mar]
[21 16 14 11 22 18  9 10 23 20]
np.random.permutation(males)[0:n_mar]
[14  9  1  5  2 23 21  4 15 19]
np.random.permutation(males)[0:n_mar]
[ 0  4 11 10 22  9  8 23 21 14]
np.random.permutation(males)[0:n_mar]
[23 15 18 17  3 16  9 13 20 22]
np.random.permutation(males)[0:n_mar]
[ 1 15  5  9 17  7 14  6 23  0]
np.random.permutation(males)[0:n_mar]
[14  3 10 15  0 13  2  7  8  9]
np.random.permutation(males)[0:n_mar]
[17 11  2 19 21 10 20 15  3 12]
np.random.permutation(males)[0:n_mar]
[15 17 22 10 19  9 21  6 12 13]
np.random.permutation(males)[0:n_mar]
[ 3 12 10  5  9  2 11 14 17  4]
np.random.permutation(males)[0:n_mar]
[ 0 17 21 14 16 10 12 11  6 15]
np.random.permutation(males)[0:n_mar]
[ 0  8  6 11 15  7 22 14  3  4]
np.random.permutation(males)[0:n_mar]
[ 0 16 12  5 10 19  2 15 17  4]
np.random.permutation(males)[0:n_mar]
[ 3 23  6 17  9 13  5  1 14  0]
np.random.permutation(males)[0:n_mar]
[19  3 14 12  0 16  2 20 17 18]
np.random.permutation(males)[0:n_mar]
[11 14 20  3  7 16  0  8 21 12]
np.random.permutation(males)[0:n_mar]
[20 15 19  0 18  1 21  5 12 22]
np.random.permutation(males)[0:n_mar]
[ 3  9 12 14  5 22  4  6 16 15]
np.random.permutation(males)[0:n_mar]
[21  6 19  5  0 16 15 14 20  4]
np.random.permutation(males)[0:n_mar]
[17  9 14 18  7 16 21 20 19  8]
np.random.permutation(males)[0:n_mar]
[14 10 19  1 22  3  8  2 21  6]
np.random.permutation(males)[0:n_mar]
[18  7 12  5 16  2  9 22 14  4]
np.random.permutation(males)[0:n_mar]
[21  3  4  7 18  1  0 19 20 23]
np.random.permutation(males)[0:n_mar]
[23 17 12  0 16  5 21  1 20 22]
np.random.permutation(males)[0:n_mar]
[ 6 19  2 22 17 20 13 21  3 10]
np.random.permutation(males)[0:n_mar]
[ 4 18  3 13 14 16 12  2  0 22]
np.random.permutation(males)[0:n_mar]
[19  5 13 10  0  2  3  7  4 22]
np.random.permutation(males)[0:n_mar]
[ 1 12 15 17  5  9 22  7  3  0]
np.random.permutation(males)[0:n_mar]
[12  4 10  8  3 17  7 18 20 13]
np.random.permutation(males)[0:n_mar]
[20  1 22  4  7  9 10 19 23  3]
np.random.permutation(males)[0:n_mar]
[11 16  0 21 22  3 18 14 15  5]
np.random.permutation(males)[0:n_mar]
[ 0  4  2 23 14  5 20  9 12 10]
np.random.permutation(males)[0:n_mar]
[ 8  0 22 14  4  5 16 10 15  9]
np.random.permutation(males)[0:n_mar]
[14 16 23 18  8 20 19  3  0  4]
np.random.permutation(males)[0:n_mar]
[17  6  3  5 13 22 20 14 19 18]
np.random.permutation(males)[0:n_mar]
[22  4  8  3 14 15 12  1  0 18]
np.random.permutation(males)[0:n_mar]
[ 8 11 15 13 17  0  9 23  3  7]
np.random.permutation(males)[0:n_mar]
[11  1 23  6  8  9 21 18  3 10]
np.random.permutation(males)[0:n_mar]
[22  2  5  4 14  7 13  9  1 21]
np.random.permutation(males)[0:n_mar]
[ 2 14  7  8  6 10 18 16 19  3]
np.random.permutation(males)[0:n_mar]
[16 13  1 17  6 11  8 18 22 19]
np.random.permutation(males)[0:n_mar]
[ 5  0  3  1 22  4 17 16  9 23]
np.random.permutation(males)[0:n_mar]
[ 2 14 17  0 22 16  6 11  9 21]
np.random.permutation(males)[0:n_mar]
[ 8  4 16 18 20  1  9 13 10 21]
np.random.permutation(males)[0:n_mar]
[13  4  9  7 12 23 14  6  1 11]
np.random.permutation(males)[0:n_mar]
[ 4  5 17  1 18 12 14 21 23 13]
np.random.permutation(males)[0:n_mar]
[22  7 18 23  0  4 11  8 19  3]
np.random.permutation(males)[0:n_mar]
[20 19 23  7  8 11 15  3  9 17]
np.random.permutation(males)[0:n_mar]
[18  6 12  1  9 21 19  4 20  8]
np.random.permutation(males)[0:n_mar]
[ 2 22  6 11 17  3 19 10  9 14]
np.random.permutation(males)[0:n_mar]
[11  1 19 17 18  2  9 23  6  3]
np.random.permutation(males)[0:n_mar]
[ 8 14 11 21  3 22  9 16  1  4]
np.random.permutation(males)[0:n_mar]
[19 14  5 12  4 20 22  7  9 13]
np.random.permutation(males)[0:n_mar]
[16 20 14 15 18 21  1  9  0  4]
np.random.permutation(males)[0:n_mar]
[16  8 20  0 12  2  5 14 11 17]
np.random.permutation(males)[0:n_mar]
[18 10 12 22  4  1 16 17  3 14]
np.random.permutation(males)[0:n_mar]
[19 15 18 22 12  1  2  7  3  0]
np.random.permutation(males)[0:n_mar]
[ 8 11 12 10 21 18  5  9  0  2]
np.random.permutation(males)[0:n_mar]
[10  8 16  7 20 19  5 22 11  6]
np.random.permutation(males)[0:n_mar]
[19  5  2 10 23  1 22 13 20  4]
np.random.permutation(males)[0:n_mar]
[13 15 19 16 20  1 23  8  5  0]
np.random.permutation(males)[0:n_mar]
[13 18 10 20  2 23  6 17  5  0]
np.random.permutation(males)[0:n_mar]
[16 23  0 11 12 17  3 22 15  8]
np.random.permutation(males)[0:n_mar]
[23 22  6 11  3 12 14 21  9 16]
np.random.permutation(males)[0:n_mar]
[19  1  8 23 16  2 22 17 10  7]
np.random.permutation(males)[0:n_mar]
[18  1 15  4 23  5  0  2 21 14]
np.random.permutation(males)[0:n_mar]
[16  6  0 17 10  5 23  4  9 19]
np.random.permutation(males)[0:n_mar]
[ 5 11  0 21 20 13  1 19  2  7]
np.random.permutation(males)[0:n_mar]
[15 16  2 11 19 23 12  5 17 14]
np.random.permutation(males)[0:n_mar]
[21 19 10 23 18  7  0  2 11 13]
np.random.permutation(males)[0:n_mar]
[ 8  3  6 12 20 19 14 10  9  7]
np.random.permutation(males)[0:n_mar]
[19 17  8 18 11  3 23  6 10 22]
np.random.permutation(males)[0:n_mar]
[ 4 10 21  8 20  1  9 16 17 23]
np.random.permutation(males)[0:n_mar]
[23 13  8  1 14 19 16 11 10  0]
np.random.permutation(males)[0:n_mar]
[ 0 17 23 20  4 18  1  9  5 14]
np.random.permutation(males)[0:n_mar]
[ 3 14 18 13 15 20  0 12  2  6]
np.random.permutation(males)[0:n_mar]
[ 7  8 18  6  5  2 14  3 16  1]
np.random.permutation(males)[0:n_mar]
[17 23 20 22 10  0 12 19  3  5]
np.random.permutation(males)[0:n_mar]
[14 23  3 22 13  0 19 10 17  1]
np.random.permutation(males)[0:n_mar]
[11  1 16  7 18 21  6 20 15  8]
np.random.permutation(males)[0:n_mar]
[ 4 19  5  8 22 18  0 13 17 16]
np.random.permutation(males)[0:n_mar]
[ 7  5 17 21 22  4  8 16  6 12]
np.random.permutation(males)[0:n_mar]
[20  3 21 13 11 17 15 10 19 18]
np.random.permutation(males)[0:n_mar]
[12  4  5 20 11 13  2  1  6 18]
np.random.permutation(males)[0:n_mar]
[ 2  7 12 19  5 22 11  6 23  9]
np.random.permutation(males)[0:n_mar]
[ 8 17 14 13  9 10 19 12  6 16]
np.random.permutation(males)[0:n_mar]
[17 12 16 22 21 14 19 11  9 13]
np.random.permutation(males)[0:n_mar]
[17  8 11  3  5  7  9 15 18 14]
np.random.permutation(males)[0:n_mar]
[13  8 11 20  1  4 23  3 18  0]
np.random.permutation(males)[0:n_mar]
[13 23  6 15  7  3  4 20 18 16]
np.random.permutation(males)[0:n_mar]
[21  6 15 13 23 16 12 11  7 14]
np.random.permutation(males)[0:n_mar]
[11  8 22 17  0  3  7 10 23 12]
np.random.permutation(males)[0:n_mar]
[11 19 23 16  8  4 14  1 10  2]
np.random.permutation(males)[0:n_mar]
[ 3 23  2 12 13  9 20 18 19  7]
np.random.permutation(males)[0:n_mar]
[ 5 20 19 17 13  4  8  9 16 15]
np.random.permutation(males)[0:n_mar]
[ 5 20 16  8 15 17 21 13 19 12]
np.random.permutation(males)[0:n_mar]
[15 11 23  3  7 14  6 19 22  9]
np.random.permutation(males)[0:n_mar]
[10 16 11  5 20  1  8 18 21  0]
np.random.permutation(males)[0:n_mar]
[ 8 18 11 15  3  2  5 23 17 16]
np.random.permutation(males)[0:n_mar]
[22 19 14 13 12  8 16  1 21 23]
np.random.permutation(males)[0:n_mar]
[ 9  0 17 20 18  1  7  8 22 23]
np.random.permutation(males)[0:n_mar]
[23 17  3  1 18 16 13 20 15 10]
np.random.permutation(males)[0:n_mar]
[21 18  0 19  9 20  4  3 23  8]
np.random.permutation(males)[0:n_mar]
[18 12 14 22 20  9  4 23  6 21]
np.random.permutation(males)[0:n_mar]
[ 0 19  3  1  9  7 17 14 18 10]
np.random.permutation(males)[0:n_mar]
[15  8 11 17  0 12 22 23 13 10]
np.random.permutation(males)[0:n_mar]
[ 1  8 12 17 22  0 16  5 20  6]
np.random.permutation(males)[0:n_mar]
[23  7 21  2  1 22  8  3 16 19]
np.random.permutation(males)[0:n_mar]
[13 19  0  7  5 23 21 11 20  4]
np.random.permutation(males)[0:n_mar]
[23 10 19 18 14  0 13  8  6 17]
np.random.permutation(males)[0:n_mar]
[ 4  7  9 23  6 21 13 18  8 19]
np.random.permutation(males)[0:n_mar]
[22  7  0  6  5 10  3 21 13  2]
np.random.permutation(males)[0:n_mar]
[11 19  4  2 16 22  7 21 20 10]
np.random.permutation(males)[0:n_mar]
[15 10 13 22 14  8 19  2  9  1]
np.random.permutation(males)[0:n_mar]
[15  1 17 13  0  2  5  3  6 22]
np.random.permutation(males)[0:n_mar]
[ 9 23  5  6 11 16 10  4  1 13]
np.random.permutation(males)[0:n_mar]
[ 9  1 12  7 13  8 20 10 17 22]
np.random.permutation(males)[0:n_mar]
[21 10 19  5 22 15 14 13  9 20]
np.random.permutation(males)[0:n_mar]
[23 17 15  8 11 22 19  9  0  7]
np.random.permutation(males)[0:n_mar]
[22  8  2  6  7 21 18 23  4  5]
np.random.permutation(males)[0:n_mar]
[16 11 22 15 10 19  8  6 17 14]
np.random.permutation(males)[0:n_mar]
[ 7  6 10  9  4 11  2 21  8  1]
np.random.permutation(males)[0:n_mar]
[18  1 12 22 13  3  9  8 14 11]
np.random.permutation(males)[0:n_mar]
[22  3  4 17  8  2 10 18 12  9]
np.random.permutation(males)[0:n_mar]
[ 4  6 13  5  1  8 22 14 16  9]
np.random.permutation(males)[0:n_mar]
[17 15  9  3  0 16 19  8  2  5]
np.random.permutation(males)[0:n_mar]
[ 7 21  8 16  9 18 17 12  6  4]
np.random.permutation(males)[0:n_mar]
[23  1 10  6 20 12 19  5  0 22]
np.random.permutation(males)[0:n_mar]
[11  7 18 17  6  2 20 23 12 14]
np.random.permutation(males)[0:n_mar]
[15 12  6  1 23 21  4  3 20  8]
np.random.permutation(males)[0:n_mar]
[15 20  3  0  7  9  6 17 12 13]
np.random.permutation(males)[0:n_mar]
[21  0  3  9 18  2 12  6 10 11]
np.random.permutation(males)[0:n_mar]
[ 0 12 19  8 20 23 22 17 15  2]
np.random.permutation(males)[0:n_mar]
[14  3 23 11  7  4  8 12  2  5]
np.random.permutation(males)[0:n_mar]
[17 13  8  6  3 10 14 12 23 20]
np.random.permutation(males)[0:n_mar]
[17  6 16  1 19  9 15 12 20  7]
np.random.permutation(males)[0:n_mar]
[17 18  0 13 15  6 11 10 14  5]
np.random.permutation(males)[0:n_mar]
[ 2  6 22 18 14  3 17 15 19 13]
np.random.permutation(males)[0:n_mar]
[ 7  4 10 14 17 23  2 16  5  0]
np.random.permutation(males)[0:n_mar]
[ 1  4  3 12 11 21 15 17  5 23]
np.random.permutation(males)[0:n_mar]
[ 1  0 21 10 22  3  7 20  2 11]
np.random.permutation(males)[0:n_mar]
[ 1 15  6  0 14  3 23  9 11 12]
np.random.permutation(males)[0:n_mar]
[ 6  8 15 20 14 16 11 18  5 21]
np.random.permutation(males)[0:n_mar]
[ 9 11 22  2 13  1  4 21 18 15]
np.random.permutation(males)[0:n_mar]
[ 1  8  2  0 15 18  6 23 12 19]
np.random.permutation(males)[0:n_mar]
[ 7  0 10 18  8  5  1 23  9 15]
np.random.permutation(males)[0:n_mar]
[10  2 14 16 13 12  6 22  4  9]
np.random.permutation(males)[0:n_mar]
[23 19 12  7  2 21 22  8 16  9]
np.random.permutation(males)[0:n_mar]
[ 4 23  2  7 14 16 11 15 12  9]
np.random.permutation(males)[0:n_mar]
[ 1 12  3 23  7 15 19 14 18  6]
np.random.permutation(males)[0:n_mar]
[17 12 10  4 19  5 11  6 20  2]
np.random.permutation(males)[0:n_mar]
[20 23 11 19 15 12 17 18  5 21]
np.random.permutation(males)[0:n_mar]
[20 13  5 18  8 22 21 10 19  7]
np.random.permutation(males)[0:n_mar]
[17  3  5 10 15 18 23  1  8 12]
np.random.permutation(males)[0:n_mar]
[19 10  9 23  0 20 21 17 22  8]
np.random.permutation(males)[0:n_mar]
[12  7 16 10  6 22 14  9 13 21]
np.random.permutation(males)[0:n_mar]
[ 0 18 10 22  3 20 17 14  1 11]
np.random.permutation(males)[0:n_mar]
[ 9 21 22 13  2  6 16 12 10 20]
np.random.permutation(males)[0:n_mar]
[ 9  6 13 16  4 23 17 14  8  1]
np.random.permutation(males)[0:n_mar]
[ 7  4 19 16 17 13 11  0  2  3]
np.random.permutation(males)[0:n_mar]
[18  9  1 23  7 14 15 20  5  0]
np.random.permutation(males)[0:n_mar]
[22 12  9 10 15 23  1  8 14  3]
np.random.permutation(males)[0:n_mar]
[23 15  4 12 20  5  9 14  1  6]
np.random.permutation(males)[0:n_mar]
[20  4  7 23 13  5 18 22  6  8]
np.random.permutation(males)[0:n_mar]
[11  5  8 22  7  9  0  4  1 21]
np.random.permutation(males)[0:n_mar]
[18  2 11  9  8 17  3  5  4  6]
np.random.permutation(males)[0:n_mar]
[13  0  8 20 14  5  1 17  7  3]
np.random.permutation(males)[0:n_mar]
[15 11  5 18 20  0 21  4 12 23]
np.random.permutation(males)[0:n_mar]
[10 14 16 22 18 17 21  8 23 19]
np.random.permutation(males)[0:n_mar]
[ 0 17 15 18  7  9  8 20 12 11]
np.random.permutation(males)[0:n_mar]
[23 19  5 22 18 14  0  1  9 16]
np.random.permutation(males)[0:n_mar]
[ 8  2 18  5  7  9 17 12 21  0]
np.random.permutation(males)[0:n_mar]
[18  1  5 14 21  3  6 23  2 12]
np.random.permutation(males)[0:n_mar]
[14  8 19  6  4 10 20 18 17  1]
np.random.permutation(males)[0:n_mar]
[22  4  6 16  9  5  1 17  0  3]
np.random.permutation(males)[0:n_mar]
[23 19 16  2 15  5 12 20 13 22]
np.random.permutation(males)[0:n_mar]
[ 7 10  9 18  8 16 17  0 15 20]
np.random.permutation(males)[0:n_mar]
[22  6 19  2 21  4 17  8 18  5]
np.random.permutation(males)[0:n_mar]
[ 3 11 17  6 18 21 16  0 15 23]
np.random.permutation(males)[0:n_mar]
[ 1  3 11 16  8  2 13  5 17 21]
np.random.permutation(males)[0:n_mar]
[19  1 17  6  7  2 21 11 12 16]
np.random.permutation(males)[0:n_mar]
[17 15  3  9 21  8  7 18 14 19]
np.random.permutation(males)[0:n_mar]
[ 0  6 23 22 13 20 19 21 12 17]
np.random.permutation(males)[0:n_mar]
[ 5  2 17 14 13 23 18 20 21 16]
np.random.permutation(males)[0:n_mar]
[14 17 12 10 13 11  4  0  7  9]
np.random.permutation(males)[0:n_mar]
[ 2  0  7 14 11  5 19  6 22  3]
np.random.permutation(males)[0:n_mar]
[ 4 22  1 12 10  3 20  6  9 13]
np.random.permutation(males)[0:n_mar]
[14 23  6 12  8 13 19 18 10  2]
np.random.permutation(males)[0:n_mar]
[ 6  3  0 12 10  8 19  2 13 18]
np.random.permutation(males)[0:n_mar]
[23 22  2 11 16 19  8 10  5 12]
np.random.permutation(males)[0:n_mar]
[22  9  6 19  2  1 10 14  7  4]
np.random.permutation(males)[0:n_mar]
[ 9  8 22 16 15  0 11  3 20 10]
np.random.permutation(males)[0:n_mar]
[14  3 12 22 13 15 10 23 21 19]
np.random.permutation(males)[0:n_mar]
[22 19  5 23  3  1 18  9 17  2]
np.random.permutation(males)[0:n_mar]
[11 19 12 15  5  1  7 14 21  4]
np.random.permutation(males)[0:n_mar]
[ 1 16 11  4 12  8 22 19 10 17]
np.random.permutation(males)[0:n_mar]
[ 0 19  2 16  8  5 11  7 23 22]
np.random.permutation(males)[0:n_mar]
[ 4  2 15 11  7  0 10  5 12 13]
np.random.permutation(males)[0:n_mar]
[21 18  3  1 20 19  5 16 17  0]
np.random.permutation(males)[0:n_mar]
[10 21  9  5 20 15 12 13  4 11]
np.random.permutation(males)[0:n_mar]
[15  5 22 23  0 16 21  3  8 17]
np.random.permutation(males)[0:n_mar]
[21  7 12 14 15 20 23 19 18 13]
np.random.permutation(males)[0:n_mar]
[ 2 10  4  6 15 17 16  9 19 18]
np.random.permutation(males)[0:n_mar]
[17  1 16 13  9  5  2 18  7  6]
np.random.permutation(males)[0:n_mar]
[17 13  3  9 14 12  4 21  0 10]
np.random.permutation(males)[0:n_mar]
[23 19 20 16  6 15  4 12  9  3]
np.random.permutation(males)[0:n_mar]
[ 5  3 16 21 15 10 12  2 13 23]
np.random.permutation(males)[0:n_mar]
[19  6  5 12 16  7 17  0  1 21]
np.random.permutation(males)[0:n_mar]
[ 7 22  5 20 14  8  1 23  9 19]
np.random.permutation(males)[0:n_mar]
[22  8  7 10  0  4  9 16  1 17]
np.random.permutation(males)[0:n_mar]
[12  5 15 10 23  7  0  1 13 18]
np.random.permutation(males)[0:n_mar]
[ 0 19  4 18 21 16 23  6 22  8]
np.random.permutation(males)[0:n_mar]
[19 15  4  1 20 14  3  5 18 11]
np.random.permutation(males)[0:n_mar]
[11 16  6 22 20  3 18 12 23  5]
np.random.permutation(males)[0:n_mar]
[ 7 21 23  1  6  4 11 17 15  8]
np.random.permutation(males)[0:n_mar]
[13 15  3 21 12 19  6 16 18  7]
np.random.permutation(males)[0:n_mar]
[23  7  3 16 21 13 17 15  4  5]
np.random.permutation(males)[0:n_mar]
[21 23  2 14  7 13 22  3  0 18]
np.random.permutation(males)[0:n_mar]
[20 10 19  9 23 12  7 17  0 15]
np.random.permutation(males)[0:n_mar]
[15 17 11 20 13  3 23  0 12 21]
np.random.permutation(males)[0:n_mar]
[21  7 15 19 14 10 18  3 12  8]
np.random.permutation(males)[0:n_mar]
[12 20 19  7  6 18 21 23  8 10]
np.random.permutation(males)[0:n_mar]
[12 23  0  9  5 15  6  3  7  2]
np.random.permutation(males)[0:n_mar]
[ 3  4 18 23 21  2 15 12  7  5]
np.random.permutation(males)[0:n_mar]
[13 15 21 11 19 17 20 16  0 14]
np.random.permutation(males)[0:n_mar]
[21  9 16  2  5  7  1 11 17 22]
np.random.permutation(males)[0:n_mar]
[16  9 21  1 12 15  8 23  6 18]
np.random.permutation(males)[0:n_mar]
[ 4 11 12 17 14  0 18 16 15 19]
np.random.permutation(males)[0:n_mar]
[ 9  6  7 15  4  3 13 21 14  2]
np.random.permutation(males)[0:n_mar]
[10 19  8 14 15 13 11  2  9  3]
np.random.permutation(males)[0:n_mar]
[21  9  5  1 22  6  4 11 13 23]
np.random.permutation(males)[0:n_mar]
[ 6  4  8  2  5 10 21 20 22 16]
np.random.permutation(males)[0:n_mar]
[16  3 21 17 12  4 10 19 15 23]
np.random.permutation(males)[0:n_mar]
[ 1  6  4 19 15 10  2 18 14 11]
np.random.permutation(males)[0:n_mar]
[ 0 16 18 23 22 17  5  3 20  2]
np.random.permutation(males)[0:n_mar]
[20 10  7  1 13 23 12  9 11  8]
np.random.permutation(males)[0:n_mar]
[20 15  7  3  9 17 11 21 13  4]
np.random.permutation(males)[0:n_mar]
[ 8 10 22 12 21  3  0  5  9 13]
np.random.permutation(males)[0:n_mar]
[ 4  2  7 19  5 21 16 23 18  6]
np.random.permutation(males)[0:n_mar]
[10  3  6 11  7 23 12  9 13  0]
np.random.permutation(males)[0:n_mar]
[11 23 15 21  9 20  3  2  7 18]
np.random.permutation(males)[0:n_mar]
[ 1  8  4  0  7 20 15 19  5  6]
np.random.permutation(males)[0:n_mar]
[19  6  0 11  5 22  7  1 21 12]
np.random.permutation(males)[0:n_mar]
[22  0 10 17 20  5 12  8 21  3]
np.random.permutation(males)[0:n_mar]
[13  5 19 18  6 17  9 16  8 11]
np.random.permutation(males)[0:n_mar]
[ 3 23  7  4 18  1 11 14 16  5]
np.random.permutation(males)[0:n_mar]
[22  7  9 17  2  0 20 14 19 16]
np.random.permutation(males)[0:n_mar]
[13 18 15 20 14  5 10  7  8  6]
np.random.permutation(males)[0:n_mar]
[15 21  6  2 18 19  9  5 17 10]
np.random.permutation(males)[0:n_mar]
[12  0  4 18 17  9  5  6 22 13]
np.random.permutation(males)[0:n_mar]
[ 0 12 20  5 14  6  2  3 18 16]
np.random.permutation(males)[0:n_mar]
[ 0  4  1 17 10 14 20  8 18 16]
np.random.permutation(males)[0:n_mar]
[ 3  5  1 16 11 21  7 12 19 18]
np.random.permutation(males)[0:n_mar]
[ 3 14  6 10 13  9 22 23  1  0]
np.random.permutation(males)[0:n_mar]
[ 7 16 22 23  9 15 12 21 10 11]
np.random.permutation(males)[0:n_mar]
[21 16 13  2  1 22 20  3 11  6]
np.random.permutation(males)[0:n_mar]
[ 1 14  2  9 15 19 12 13  3 16]
np.random.permutation(males)[0:n_mar]
[18 22 13  0 15 21 17  8  5  7]
np.random.permutation(males)[0:n_mar]
[ 0  3 22  2 23 17 10  1  7  4]
np.random.permutation(males)[0:n_mar]
[17 11 18  3  5 20 10  4 23 22]
np.random.permutation(males)[0:n_mar]
[11 10 15 17  6 13 14 18 20 19]
np.random.permutation(males)[0:n_mar]
[ 9 15  4  3 12 23  7 20 10  5]
np.random.permutation(males)[0:n_mar]
[22 23  8  9 12  5  4 10 14  7]
np.random.permutation(males)[0:n_mar]
[12 14 19 10  6 16  4 23  0 15]
np.random.permutation(males)[0:n_mar]
[16  5  6  1 13  4 20 19 18 15]
np.random.permutation(males)[0:n_mar]
[ 5  7  4 19 10 14 12 16 18 20]
np.random.permutation(males)[0:n_mar]
[ 3 22 12 16 21 10  0  1 14 20]
np.random.permutation(males)[0:n_mar]
[14  8  0 22  6 19 12  3 20 16]
np.random.permutation(males)[0:n_mar]
[ 6  9  0 19 12 17  4 13  7 22]
np.random.permutation(males)[0:n_mar]
[14 15 20 22 23  0  1 18 19 12]
np.random.permutation(males)[0:n_mar]
[13 11  6 23  5  0 20 15 22  7]
np.random.permutation(males)[0:n_mar]
[20 17  4 19  8 10 13  5 23 18]
np.random.permutation(males)[0:n_mar]
[12  5  1  8 14  9 19 15 11  2]
np.random.permutation(males)[0:n_mar]
[19  7 16  2 23 18 11  8 20 17]
np.random.permutation(males)[0:n_mar]
[16 13 22 10 23 19 20 17 21  4]
np.random.permutation(males)[0:n_mar]
[22 11  4 15 19 14  8 21 16  1]
np.random.permutation(males)[0:n_mar]
[19 10 20  8  3 15  9 14 11  2]
np.random.permutation(males)[0:n_mar]
[20  0  7  6  5  3 23  4 19 13]
np.random.permutation(males)[0:n_mar]
[17  2 22 18 20 13 16  0 10  3]
np.random.permutation(males)[0:n_mar]
[17 19  4  8 14  2  7  5 15 10]
np.random.permutation(males)[0:n_mar]
[ 0  4 19 11  7 13 17 14  2 15]
np.random.permutation(males)[0:n_mar]
[13 11 21  3  5  8 19 16 22 18]
np.random.permutation(males)[0:n_mar]
[ 0  8 17 21 13 14 18 22  1 10]
np.random.permutation(males)[0:n_mar]
[ 7  4  2 22 11 20  6  3  9 16]
np.random.permutation(males)[0:n_mar]
[ 6  7  0 22 21 18 16 19  8 11]
np.random.permutation(males)[0:n_mar]
[15  1  6 13  0 20 17  8  4  7]
np.random.permutation(males)[0:n_mar]
[ 8  7  2  4 19  3 18 13  0 16]
np.random.permutation(males)[0:n_mar]
[23 14 20  7 16  3 12  4 18 13]
np.random.permutation(males)[0:n_mar]
[23 17  1  3 14 12  7 18  2 16]
np.random.permutation(males)[0:n_mar]
[ 8 18 13 22 19 12  2 17  5  4]
np.random.permutation(males)[0:n_mar]
[10  2  4 12 14 22 23  5  8 21]
np.random.permutation(males)[0:n_mar]
[13  6  2 11 20 16  1 17  8 22]
np.random.permutation(males)[0:n_mar]
[11 15 14 12  4 18  3 19 20 13]
np.random.permutation(males)[0:n_mar]
[11  2  1  5 16  9 22 15 23 14]
np.random.permutation(males)[0:n_mar]
[ 3  8 23 11  9 17 20  7 21  6]
np.random.permutation(males)[0:n_mar]
[ 2  7  9 19  0  4 14 17 21  3]
np.random.permutation(males)[0:n_mar]
[ 1  9 22 23 14 15 11 17 18  0]
np.random.permutation(males)[0:n_mar]
[20  4 14 21  3 11  1 23 22 16]
np.random.permutation(males)[0:n_mar]
[ 6 18 23  7  2  4 15 13 11  1]
np.random.permutation(males)[0:n_mar]
[16  8 19 12  5 22 14 17  0 15]
np.random.permutation(males)[0:n_mar]
[ 8 10  9 16 14  5 19 23 11  6]
np.random.permutation(males)[0:n_mar]
[ 1 23 21  7 14 16  4 17 12 19]
np.random.permutation(males)[0:n_mar]
[ 7  4 12 17  3 21 16 19 20 22]
np.random.permutation(males)[0:n_mar]
[ 3 13  4  1  5 21  6 10 19 14]
np.random.permutation(males)[0:n_mar]
[ 0  1 17 12 14  9  8 10 23 11]
np.random.permutation(males)[0:n_mar]
[13 14  9  3  0 17 20 21 22  5]
np.random.permutation(males)[0:n_mar]
[ 4  2  7 16 11 10 20 22  5 17]
np.random.permutation(males)[0:n_mar]
[ 5  4 23  7  3 19 13 10 15  6]
np.random.permutation(males)[0:n_mar]
[ 4 16 17 10  7 11 23 20 13  1]
np.random.permutation(males)[0:n_mar]
[ 4 12 23 13  2  3  5 10  0 22]
np.random.permutation(males)[0:n_mar]
[ 8  2 18 14  5  9  3  0 20 16]
np.random.permutation(males)[0:n_mar]
[12  5 20  6 21  9  1  0 19 23]
np.random.permutation(males)[0:n_mar]
[12  7 10  0  6 20 21 11  3  4]
np.random.permutation(males)[0:n_mar]
[12  1 22  5  8  0 16 20 21 17]
np.random.permutation(males)[0:n_mar]
[15  4  6  0 16  3  1 14 11 23]
np.random.permutation(males)[0:n_mar]
[ 5 23  3  0  6  2 22 10 13 11]
np.random.permutation(males)[0:n_mar]
[18  2 11 10  1 12  8 16  7 22]
np.random.permutation(males)[0:n_mar]
[17 19 12 15 10  2 23  8 20  4]
np.random.permutation(males)[0:n_mar]
[ 0 19 17  7 20  1  5 16 13 22]
np.random.permutation(males)[0:n_mar]
[10 20  1 13 22 12 16  5  0 19]
np.random.permutation(males)[0:n_mar]
[12  1  2  3 21  0 13 14  5 11]
np.random.permutation(males)[0:n_mar]
[ 0 10  2  7 16 13 23 14 20  3]
np.random.permutation(males)[0:n_mar]
[18 22 19  4 17  5  9 12  3 21]
np.random.permutation(males)[0:n_mar]
[12  1 13  9 22  2 14  4 16 20]
np.random.permutation(males)[0:n_mar]
[ 1 11 22  5 21 18 13 23  3  4]
np.random.permutation(males)[0:n_mar]
[ 8 16 21  3 15  2 11  6 19  9]
np.random.permutation(males)[0:n_mar]
[23  3  8 10  9 22 19 14 13  4]
np.random.permutation(males)[0:n_mar]
[11  3 23  7  1 22 18  5  4  9]
np.random.permutation(males)[0:n_mar]
[10 20 14 15  8  1  5  3 12 21]
np.random.permutation(males)[0:n_mar]
[ 7 16 11  5 15  0  1  3 23  4]
np.random.permutation(males)[0:n_mar]
[10  5 20  7 15 14  3 12 22  2]
np.random.permutation(males)[0:n_mar]
[14  2 16 23  4 20 11  7  0 18]
np.random.permutation(males)[0:n_mar]
[ 9 20 21 14  1 22 10  4 12  8]
np.random.permutation(males)[0:n_mar]
[19 16 10 15  9  8  5 17 13  6]
np.random.permutation(males)[0:n_mar]
[17  7  1 14 21  9  2 18 16 23]
np.random.permutation(males)[0:n_mar]
[12 14  4 23  6 18  0 15  2 22]
np.random.permutation(males)[0:n_mar]
[ 2 10  0 22  1 15 12 19  7  4]
np.random.permutation(males)[0:n_mar]
[ 6 12  1 21 16 14 18 17 19 23]
np.random.permutation(males)[0:n_mar]
[10  4 22  0 17  8  2  6 23 19]
np.random.permutation(males)[0:n_mar]
[14 13 15 11 10 20  6 22  3  8]
np.random.permutation(males)[0:n_mar]
[ 1 14 15  8  4  7 21 16  9 11]
np.random.permutation(males)[0:n_mar]
[23 20  6 11  1 21 19 15  2 14]
np.random.permutation(males)[0:n_mar]
[12 15 10 17  4 20  6  1  9 14]
np.random.permutation(males)[0:n_mar]
[17 22  5 20  1 14  8 15 13 16]
np.random.permutation(males)[0:n_mar]
[16 10  1  6  8 21 15  0  2 13]
np.random.permutation(males)[0:n_mar]
[ 8  7 14 12 10  9 22  3  1 16]
np.random.permutation(males)[0:n_mar]
[16  1 12 17 20  9 13 19 22 14]
np.random.permutation(males)[0:n_mar]
[21 11  6 15  1  7  2 22  5  0]
np.random.permutation(males)[0:n_mar]
[ 7 18 21  2 19 12 20  0 16  5]
np.random.permutation(males)[0:n_mar]
[ 3  6  4 10 11 14 23 20 15 13]
np.random.permutation(males)[0:n_mar]
[18 20  4  2 13 14  8 17  1  7]
np.random.permutation(males)[0:n_mar]
[21 20 11  2 15 18  4 17  0 22]
np.random.permutation(males)[0:n_mar]
[19 23 20 12 16 14  5 21  7  9]
np.random.permutation(males)[0:n_mar]
[ 7 21 12  2  0 13 15 19 23  8]
np.random.permutation(males)[0:n_mar]
[ 4 20  7 15  3 17  9 21  2 22]
np.random.permutation(males)[0:n_mar]
[15 11 20  8  9 13 17 10 12  6]
np.random.permutation(males)[0:n_mar]
[23  8 14 10 12 17 18  1  5  0]
np.random.permutation(males)[0:n_mar]
[17 13 19  0 23 20 15 21  5 12]
np.random.permutation(males)[0:n_mar]
[13  9  2  0 11 14 20 17  1  7]
