np.random.permutation(males)[0:n_mar]
[ 4  3 18 15  0]
np.random.permutation(males)[0:n_mar]
[ 6 23  9 15  3]
np.random.permutation(males)[0:n_mar]
[ 2 12 19 11 21]
np.random.permutation(males)[0:n_mar]
[16 18  9 14  4]
np.random.permutation(males)[0:n_mar]
[23 22 17 12 20]
np.random.permutation(males)[0:n_mar]
[ 8 15  1 20 11]
np.random.permutation(males)[0:n_mar]
[10  4  3 19 14]
np.random.permutation(males)[0:n_mar]
[13 16 20 15 11]
np.random.permutation(males)[0:n_mar]
[14  3 16  1 23]
np.random.permutation(males)[0:n_mar]
[15  7 18 19  6]
np.random.permutation(males)[0:n_mar]
[ 1 21 11 22 12]
np.random.permutation(males)[0:n_mar]
[ 7  6 13 23 16]
np.random.permutation(males)[0:n_mar]
[ 0  3 20  4  5]
np.random.permutation(males)[0:n_mar]
[21 22  0  2  5]
np.random.permutation(males)[0:n_mar]
[21  5 12  7 23]
np.random.permutation(males)[0:n_mar]
[ 7  3 13 19  2]
np.random.permutation(males)[0:n_mar]
[ 1 20  2  3 10]
np.random.permutation(males)[0:n_mar]
[ 3 23 16 17  6]
np.random.permutation(males)[0:n_mar]
[ 4  0 15  9 22]
np.random.permutation(males)[0:n_mar]
[12 20 18  6  4]
np.random.permutation(males)[0:n_mar]
[16 15 12  7 10]
np.random.permutation(males)[0:n_mar]
[19 17 16 11  0]
np.random.permutation(males)[0:n_mar]
[ 4  1 22 16 13]
np.random.permutation(males)[0:n_mar]
[ 7  8 23 13  1]
np.random.permutation(males)[0:n_mar]
[17 21  9 11 20]
np.random.permutation(males)[0:n_mar]
[11 22  5 13  7]
np.random.permutation(males)[0:n_mar]
[12  5 20 14 21]
np.random.permutation(males)[0:n_mar]
[ 6  7 10  2  0]
np.random.permutation(males)[0:n_mar]
[ 2  8  7 19  3]
np.random.permutation(males)[0:n_mar]
[10  5 14  3  2]
np.random.permutation(males)[0:n_mar]
[ 5 20 13  1  7]
np.random.permutation(males)[0:n_mar]
[18  5 20  6  0]
np.random.permutation(males)[0:n_mar]
[ 7 20  0  5  3]
np.random.permutation(males)[0:n_mar]
[19 18 17  5  3]
np.random.permutation(males)[0:n_mar]
[17 21 13  4 19]
np.random.permutation(males)[0:n_mar]
[ 5  7  9 20 12]
np.random.permutation(males)[0:n_mar]
[10 17 23 19  5]
np.random.permutation(males)[0:n_mar]
[20  0 10 22 23]
np.random.permutation(males)[0:n_mar]
[ 9 14  1 18 23]
np.random.permutation(males)[0:n_mar]
[ 4 14 19  9 16]
np.random.permutation(males)[0:n_mar]
[23 10 13  9 22]
np.random.permutation(males)[0:n_mar]
[18  3 13  0  8]
np.random.permutation(males)[0:n_mar]
[18  2 20  1 10]
np.random.permutation(males)[0:n_mar]
[ 6  9 20  0 10]
np.random.permutation(males)[0:n_mar]
[11 14  5  2  0]
np.random.permutation(males)[0:n_mar]
[13  9 15 21 16]
np.random.permutation(males)[0:n_mar]
[18 11  7  1  4]
np.random.permutation(males)[0:n_mar]
[ 8  2 11 10 15]
np.random.permutation(males)[0:n_mar]
[20 13  6 17  0]
np.random.permutation(males)[0:n_mar]
[15  7  4 13  0]
np.random.permutation(males)[0:n_mar]
[12  3 20 14  7]
np.random.permutation(males)[0:n_mar]
[1 5 7 2 9]
np.random.permutation(males)[0:n_mar]
[17 22 20 23  3]
np.random.permutation(males)[0:n_mar]
[ 9 10 19 12 13]
np.random.permutation(males)[0:n_mar]
[14  6 19  9 12]
np.random.permutation(males)[0:n_mar]
[ 7 16 18  0 10]
np.random.permutation(males)[0:n_mar]
[ 4 21  7 23  6]
np.random.permutation(males)[0:n_mar]
[15 14  6  7  5]
np.random.permutation(males)[0:n_mar]
[ 7 14 21 19  3]
np.random.permutation(males)[0:n_mar]
[ 2 19 16 20  4]
np.random.permutation(males)[0:n_mar]
[22  9  3  2 18]
np.random.permutation(males)[0:n_mar]
[ 7 12  1  9 18]
np.random.permutation(males)[0:n_mar]
[ 8 19  7 21 11]
np.random.permutation(males)[0:n_mar]
[18  5  9  6 19]
np.random.permutation(males)[0:n_mar]
[ 4 12  7  6  8]
np.random.permutation(males)[0:n_mar]
[ 2 23 16  3  4]
np.random.permutation(males)[0:n_mar]
[ 6 14 21 12 10]
np.random.permutation(males)[0:n_mar]
[11 17 16  4 20]
np.random.permutation(males)[0:n_mar]
[12  5  0 13 15]
np.random.permutation(males)[0:n_mar]
[ 6 22 21  5 20]
np.random.permutation(males)[0:n_mar]
[21 23  4 22  8]
np.random.permutation(males)[0:n_mar]
[ 1 16 19 11  4]
np.random.permutation(males)[0:n_mar]
[16 19  6 22 12]
np.random.permutation(males)[0:n_mar]
[ 4 11 13 18 17]
np.random.permutation(males)[0:n_mar]
[ 3 12 20 14 13]
np.random.permutation(males)[0:n_mar]
[ 1  6 15 14  7]
np.random.permutation(males)[0:n_mar]
[22  7  2 15  9]
np.random.permutation(males)[0:n_mar]
[17  9  3  5  1]
np.random.permutation(males)[0:n_mar]
[ 2 23 14 18 13]
np.random.permutation(males)[0:n_mar]
[23 12 11  6 20]
np.random.permutation(males)[0:n_mar]
[12 23  6  4  7]
np.random.permutation(males)[0:n_mar]
[15 18  5  9 14]
np.random.permutation(males)[0:n_mar]
[ 8  5 10 11 23]
np.random.permutation(males)[0:n_mar]
[ 1  4 10 16  3]
np.random.permutation(males)[0:n_mar]
[ 8 12  2 17  1]
np.random.permutation(males)[0:n_mar]
[21  2  4 16 14]
np.random.permutation(males)[0:n_mar]
[11  1 12 10  9]
np.random.permutation(males)[0:n_mar]
[ 0 11  1 16  9]
np.random.permutation(males)[0:n_mar]
[20  1 14  0 19]
np.random.permutation(males)[0:n_mar]
[ 3 10 13 20 15]
np.random.permutation(males)[0:n_mar]
[23 22 20  0  4]
np.random.permutation(males)[0:n_mar]
[ 3  1  0  6 18]
np.random.permutation(males)[0:n_mar]
[19 20  5 13  9]
np.random.permutation(males)[0:n_mar]
[ 5  6 13 11  8]
np.random.permutation(males)[0:n_mar]
[11  7 22 15  4]
np.random.permutation(males)[0:n_mar]
[16  7  4  1 19]
np.random.permutation(males)[0:n_mar]
[6 5 4 3 8]
np.random.permutation(males)[0:n_mar]
[22 16  4 13 17]
np.random.permutation(males)[0:n_mar]
[16 23  0  3 14]
np.random.permutation(males)[0:n_mar]
[ 6  4 11 16  2]
np.random.permutation(males)[0:n_mar]
[ 9 16  1 21 23]
np.random.permutation(males)[0:n_mar]
[ 1 17 11  8 18]
np.random.permutation(males)[0:n_mar]
[ 7  0  9 11  5]
np.random.permutation(males)[0:n_mar]
[12 19 16  0 13]
np.random.permutation(males)[0:n_mar]
[17 23 11  9  0]
np.random.permutation(males)[0:n_mar]
[ 7 16 23  0  4]
np.random.permutation(males)[0:n_mar]
[ 8 23 15  9 11]
np.random.permutation(males)[0:n_mar]
[ 6 17  4 12 13]
np.random.permutation(males)[0:n_mar]
[ 0 12  6 13 20]
np.random.permutation(males)[0:n_mar]
[ 6 19 13  3 11]
np.random.permutation(males)[0:n_mar]
[16 15 11 19  0]
np.random.permutation(males)[0:n_mar]
[ 6 18  3 13 19]
np.random.permutation(males)[0:n_mar]
[12 22 20 16 21]
np.random.permutation(males)[0:n_mar]
[23  3 19 13 17]
np.random.permutation(males)[0:n_mar]
[14 15  3 17  5]
np.random.permutation(males)[0:n_mar]
[ 8 12 21  4 17]
np.random.permutation(males)[0:n_mar]
[ 1 15  8  5  0]
np.random.permutation(males)[0:n_mar]
[12  9 11 15 18]
np.random.permutation(males)[0:n_mar]
[18 23  1  4 21]
np.random.permutation(males)[0:n_mar]
[12  1 16 21  2]
np.random.permutation(males)[0:n_mar]
[ 7 19 23  2  6]
np.random.permutation(males)[0:n_mar]
[17  8 12 19 20]
np.random.permutation(males)[0:n_mar]
[11 21  0  9 17]
np.random.permutation(males)[0:n_mar]
[ 4  6  8 14 21]
np.random.permutation(males)[0:n_mar]
[20  8  2 18  5]
np.random.permutation(males)[0:n_mar]
[11  2  5 15  7]
np.random.permutation(males)[0:n_mar]
[23 14  6 21 17]
np.random.permutation(males)[0:n_mar]
[ 1  8 21  2  3]
np.random.permutation(males)[0:n_mar]
[ 5 16  3 21 23]
np.random.permutation(males)[0:n_mar]
[ 7 13 23  2  0]
np.random.permutation(males)[0:n_mar]
[15  0 14  8 11]
np.random.permutation(males)[0:n_mar]
[19  7 23 16 11]
np.random.permutation(males)[0:n_mar]
[23  7 15  3  0]
np.random.permutation(males)[0:n_mar]
[18  6  1  4  8]
np.random.permutation(males)[0:n_mar]
[12 20 13 14 17]
np.random.permutation(males)[0:n_mar]
[11 17 18 14 20]
np.random.permutation(males)[0:n_mar]
[23 13  7 17  6]
np.random.permutation(males)[0:n_mar]
[ 9 15 17  3  2]
np.random.permutation(males)[0:n_mar]
[17 19  8 22  9]
np.random.permutation(males)[0:n_mar]
[ 7 22  2 12  8]
np.random.permutation(males)[0:n_mar]
[14  1 13 16 12]
np.random.permutation(males)[0:n_mar]
[21  2  5 10  3]
np.random.permutation(males)[0:n_mar]
[ 6  2 18  9 22]
np.random.permutation(males)[0:n_mar]
[20 19 10  2  0]
np.random.permutation(males)[0:n_mar]
[ 8 13  9 17 22]
np.random.permutation(males)[0:n_mar]
[13  1 15 17 23]
np.random.permutation(males)[0:n_mar]
[16 20 12 10  6]
np.random.permutation(males)[0:n_mar]
[10 14 15 13 19]
np.random.permutation(males)[0:n_mar]
[17 12  1  2 14]
np.random.permutation(males)[0:n_mar]
[ 1 22  9 14  5]
np.random.permutation(males)[0:n_mar]
[ 8 20  5 23 16]
np.random.permutation(males)[0:n_mar]
[15  1  3 18 10]
np.random.permutation(males)[0:n_mar]
[13 20  7 22  1]
np.random.permutation(males)[0:n_mar]
[ 5 15 10  8 23]
np.random.permutation(males)[0:n_mar]
[ 0 17  5 19  7]
np.random.permutation(males)[0:n_mar]
[22  5 18  8 17]
np.random.permutation(males)[0:n_mar]
[23  9 22 15  5]
np.random.permutation(males)[0:n_mar]
[ 5 14 12  1 16]
np.random.permutation(males)[0:n_mar]
[ 6 10  9 16 14]
np.random.permutation(males)[0:n_mar]
[ 2 15 23 14 16]
np.random.permutation(males)[0:n_mar]
[16 12 22  8 17]
np.random.permutation(males)[0:n_mar]
[ 8 19 16  2  9]
np.random.permutation(males)[0:n_mar]
[16 17  9  0  5]
np.random.permutation(males)[0:n_mar]
[ 0 16  5 10 18]
np.random.permutation(males)[0:n_mar]
[ 1 19  6 11 16]
np.random.permutation(males)[0:n_mar]
[16 11  6 18  4]
np.random.permutation(males)[0:n_mar]
[23 20  4 12 16]
np.random.permutation(males)[0:n_mar]
[14 11  0 15 18]
np.random.permutation(males)[0:n_mar]
[15 17 11  4  6]
np.random.permutation(males)[0:n_mar]
[23 20  9 16 14]
np.random.permutation(males)[0:n_mar]
[ 5 18 17  1 22]
np.random.permutation(males)[0:n_mar]
[23  7 12 18  8]
np.random.permutation(males)[0:n_mar]
[ 3  6  8  9 20]
np.random.permutation(males)[0:n_mar]
[15 17 14 23 18]
np.random.permutation(males)[0:n_mar]
[ 3 10  2 20 16]
np.random.permutation(males)[0:n_mar]
[21 22  8 12 16]
np.random.permutation(males)[0:n_mar]
[21 16 12  7 23]
np.random.permutation(males)[0:n_mar]
[23 21  0  9 18]
np.random.permutation(males)[0:n_mar]
[20 22 17  5 11]
np.random.permutation(males)[0:n_mar]
[19 16 18 13  1]
np.random.permutation(males)[0:n_mar]
[17 22 13 20  9]
np.random.permutation(males)[0:n_mar]
[20 16  3  5 22]
np.random.permutation(males)[0:n_mar]
[21 13  8  4  9]
np.random.permutation(males)[0:n_mar]
[16  2  0  6 14]
np.random.permutation(males)[0:n_mar]
[ 7  5 12  2 23]
np.random.permutation(males)[0:n_mar]
[11  1  8 15 21]
np.random.permutation(males)[0:n_mar]
[12  4 13  5 10]
np.random.permutation(males)[0:n_mar]
[21  5  0 17  3]
np.random.permutation(males)[0:n_mar]
[12  5 13 18  2]
np.random.permutation(males)[0:n_mar]
[ 6 11 23 16  0]
np.random.permutation(males)[0:n_mar]
[18  7 20 21  1]
np.random.permutation(males)[0:n_mar]
[16 18  1 20 21]
np.random.permutation(males)[0:n_mar]
[19 22  0  9 18]
np.random.permutation(males)[0:n_mar]
[ 8 10  6 14  9]
np.random.permutation(males)[0:n_mar]
[ 1 16  5 10 14]
np.random.permutation(males)[0:n_mar]
[4 1 6 9 7]
np.random.permutation(males)[0:n_mar]
[ 0  5 23  3 22]
np.random.permutation(males)[0:n_mar]
[11  9  4  8  7]
np.random.permutation(males)[0:n_mar]
[23 10 15  4 17]
np.random.permutation(males)[0:n_mar]
[10 20  4 19  1]
np.random.permutation(males)[0:n_mar]
[14 18  2 13  8]
np.random.permutation(males)[0:n_mar]
[ 5 19  8  1 15]
np.random.permutation(males)[0:n_mar]
[ 0 19 20 11  2]
np.random.permutation(males)[0:n_mar]
[17 16  6 19 22]
np.random.permutation(males)[0:n_mar]
[12 13  3 17  0]
np.random.permutation(males)[0:n_mar]
[ 9 20 23  2  8]
np.random.permutation(males)[0:n_mar]
[22  4 15 18  3]
np.random.permutation(males)[0:n_mar]
[ 1  5 10 20 14]
np.random.permutation(males)[0:n_mar]
[0 6 4 2 7]
np.random.permutation(males)[0:n_mar]
[ 9  7 18 20 23]
np.random.permutation(males)[0:n_mar]
[ 4  6  9 21  1]
np.random.permutation(males)[0:n_mar]
[16 15 10 20  2]
np.random.permutation(males)[0:n_mar]
[10 13 19 12  3]
np.random.permutation(males)[0:n_mar]
[15 18 11  7 12]
np.random.permutation(males)[0:n_mar]
[19  1  2  9 17]
np.random.permutation(males)[0:n_mar]
[23 21 20  3 12]
np.random.permutation(males)[0:n_mar]
[17 12  2 15  0]
np.random.permutation(males)[0:n_mar]
[16 10  6 11  8]
np.random.permutation(males)[0:n_mar]
[ 7 15  2  1 17]
np.random.permutation(males)[0:n_mar]
[17  8 13  0 23]
np.random.permutation(males)[0:n_mar]
[16  3 22 18 23]
np.random.permutation(males)[0:n_mar]
[20  8  1 22 12]
np.random.permutation(males)[0:n_mar]
[ 4 20 22  5 15]
np.random.permutation(males)[0:n_mar]
[ 7 20 23 22  1]
np.random.permutation(males)[0:n_mar]
[15  3  0 22 12]
np.random.permutation(males)[0:n_mar]
[10 12  8 23  5]
np.random.permutation(males)[0:n_mar]
[15 14  3 16 23]
np.random.permutation(males)[0:n_mar]
[22 21 19  0 10]
np.random.permutation(males)[0:n_mar]
[ 7  3 16  1 12]
np.random.permutation(males)[0:n_mar]
[ 3 15 16 11 21]
np.random.permutation(males)[0:n_mar]
[10  3 19  5 11]
np.random.permutation(males)[0:n_mar]
[20  2 22  6  3]
np.random.permutation(males)[0:n_mar]
[ 9  3  5 15 11]
np.random.permutation(males)[0:n_mar]
[11  5 23 18 13]
np.random.permutation(males)[0:n_mar]
[ 8 19 18  0 17]
np.random.permutation(males)[0:n_mar]
[ 1 19  2  7  0]
np.random.permutation(males)[0:n_mar]
[ 6  0  1 21  4]
np.random.permutation(males)[0:n_mar]
[ 0 18  6 13 17]
np.random.permutation(males)[0:n_mar]
[15 21  5 18 11]
np.random.permutation(males)[0:n_mar]
[20  3 18 23  9]
np.random.permutation(males)[0:n_mar]
[20 15 12  1  5]
np.random.permutation(males)[0:n_mar]
[11  6  4 12 15]
np.random.permutation(males)[0:n_mar]
[16 19 13  8 22]
np.random.permutation(males)[0:n_mar]
[14  3 11 16 17]
np.random.permutation(males)[0:n_mar]
[23 13 22  0  9]
np.random.permutation(males)[0:n_mar]
[ 6 20 23  9 22]
np.random.permutation(males)[0:n_mar]
[ 4  3 19 12 14]
np.random.permutation(males)[0:n_mar]
[20  1  7 22 16]
np.random.permutation(males)[0:n_mar]
[22 18 14  2 13]
np.random.permutation(males)[0:n_mar]
[22 11 17 15 13]
np.random.permutation(males)[0:n_mar]
[ 5 19  9 23  2]
np.random.permutation(males)[0:n_mar]
[16  4  1 18 12]
np.random.permutation(males)[0:n_mar]
[15 21  2 12  4]
np.random.permutation(males)[0:n_mar]
[ 4 16  7 21 20]
np.random.permutation(males)[0:n_mar]
[ 6  9 17  8 21]
np.random.permutation(males)[0:n_mar]
[ 4 20  1 16 21]
np.random.permutation(males)[0:n_mar]
[ 3 21 19 10  2]
np.random.permutation(males)[0:n_mar]
[ 2 21 11  6 15]
np.random.permutation(males)[0:n_mar]
[12 18 19  4 11]
np.random.permutation(males)[0:n_mar]
[13  2  8  4 17]
np.random.permutation(males)[0:n_mar]
[ 1  4 20 13  8]
np.random.permutation(males)[0:n_mar]
[ 9  5  0 13 16]
np.random.permutation(males)[0:n_mar]
[ 7 13 11 20 17]
np.random.permutation(males)[0:n_mar]
[ 1 11 18 23 16]
np.random.permutation(males)[0:n_mar]
[ 7 21  2 13 18]
np.random.permutation(males)[0:n_mar]
[ 0 12 10  1  7]
np.random.permutation(males)[0:n_mar]
[ 1 18 22 12  3]
np.random.permutation(males)[0:n_mar]
[ 3 20 23 21 16]
np.random.permutation(males)[0:n_mar]
[16  8  0  5  2]
np.random.permutation(males)[0:n_mar]
[ 3  9  0 23  4]
np.random.permutation(males)[0:n_mar]
[18  6 22 23 15]
np.random.permutation(males)[0:n_mar]
[ 6  7 21 17 10]
np.random.permutation(males)[0:n_mar]
[10 16 15  9  1]
np.random.permutation(males)[0:n_mar]
[13 10 22  7 11]
np.random.permutation(males)[0:n_mar]
[ 9 15  4 17  7]
np.random.permutation(males)[0:n_mar]
[15 18 13 21  3]
np.random.permutation(males)[0:n_mar]
[ 1  4 12  9 22]
np.random.permutation(males)[0:n_mar]
[11 19  5  8  0]
np.random.permutation(males)[0:n_mar]
[ 4 20  6 13  1]
np.random.permutation(males)[0:n_mar]
[ 4  6 12 16  0]
np.random.permutation(males)[0:n_mar]
[ 2  0 16 21 12]
np.random.permutation(males)[0:n_mar]
[23 17 13 11  5]
np.random.permutation(males)[0:n_mar]
[19 13 14 18 11]
np.random.permutation(males)[0:n_mar]
[14  9 11 12  5]
np.random.permutation(males)[0:n_mar]
[18 15 14  4  0]
np.random.permutation(males)[0:n_mar]
[20 14 17 18 23]
np.random.permutation(males)[0:n_mar]
[ 7 20  2 11 16]
np.random.permutation(males)[0:n_mar]
[ 5 16 12  9 21]
np.random.permutation(males)[0:n_mar]
[20  7 14 11 15]
np.random.permutation(males)[0:n_mar]
[15 10 16  7 21]
np.random.permutation(males)[0:n_mar]
[11 19  5 12 10]
np.random.permutation(males)[0:n_mar]
[ 8  5 13 17 14]
np.random.permutation(males)[0:n_mar]
[ 0 23  5 12  4]
np.random.permutation(males)[0:n_mar]
[19  8 16  6  7]
np.random.permutation(males)[0:n_mar]
[13 18 17  5  6]
np.random.permutation(males)[0:n_mar]
[ 4 18 13 15  9]
np.random.permutation(males)[0:n_mar]
[10  9  0 23 18]
np.random.permutation(males)[0:n_mar]
[19 16 17 13  2]
np.random.permutation(males)[0:n_mar]
[19  1  6 12  0]
np.random.permutation(males)[0:n_mar]
[12 15  6  9  1]
np.random.permutation(males)[0:n_mar]
[10 11 14  7 23]
np.random.permutation(males)[0:n_mar]
[10  4  6  1  8]
np.random.permutation(males)[0:n_mar]
[ 2  4  3 23 18]
np.random.permutation(males)[0:n_mar]
[20  8 21 12 18]
np.random.permutation(males)[0:n_mar]
[15  8  6 17  7]
np.random.permutation(males)[0:n_mar]
[ 2 22  3  5 14]
np.random.permutation(males)[0:n_mar]
[16  0 13  2  5]
np.random.permutation(males)[0:n_mar]
[ 5 23 10 20 17]
np.random.permutation(males)[0:n_mar]
[21 16 11 17 13]
np.random.permutation(males)[0:n_mar]
[23 15 21 20 17]
np.random.permutation(males)[0:n_mar]
[16 21  7 18  1]
np.random.permutation(males)[0:n_mar]
[13  3  0  6 19]
np.random.permutation(males)[0:n_mar]
[ 6  9 18  2 21]
np.random.permutation(males)[0:n_mar]
[ 8 23  5  6  3]
np.random.permutation(males)[0:n_mar]
[16 10  0  3 21]
np.random.permutation(males)[0:n_mar]
[18  0  1  7 10]
np.random.permutation(males)[0:n_mar]
[ 8  1 10  2 22]
np.random.permutation(males)[0:n_mar]
[ 8 15 11  9 20]
np.random.permutation(males)[0:n_mar]
[20  9 17 12 13]
np.random.permutation(males)[0:n_mar]
[ 8  0 12 11 10]
np.random.permutation(males)[0:n_mar]
[ 3 21  5  2 15]
np.random.permutation(males)[0:n_mar]
[ 9  8 17 15 16]
np.random.permutation(males)[0:n_mar]
[3 4 2 1 0]
np.random.permutation(males)[0:n_mar]
[13 11 23  4 17]
np.random.permutation(males)[0:n_mar]
[21 19 23  8 17]
np.random.permutation(males)[0:n_mar]
[22 15  9  5 23]
np.random.permutation(males)[0:n_mar]
[21 22  1 12 11]
np.random.permutation(males)[0:n_mar]
[18 20  0 21 11]
np.random.permutation(males)[0:n_mar]
[16  3 20 12 22]
np.random.permutation(males)[0:n_mar]
[ 0  4  3  7 11]
np.random.permutation(males)[0:n_mar]
[ 5 23  1 15  7]
np.random.permutation(males)[0:n_mar]
[ 6  9  0 18 22]
np.random.permutation(males)[0:n_mar]
[ 1 12 15  2 14]
np.random.permutation(males)[0:n_mar]
[ 2  1 18 20  8]
np.random.permutation(males)[0:n_mar]
[19  4 16  0  3]
np.random.permutation(males)[0:n_mar]
[ 1 14 22 13  3]
np.random.permutation(males)[0:n_mar]
[13  1  2  9 23]
np.random.permutation(males)[0:n_mar]
[ 1 12 15  8 19]
np.random.permutation(males)[0:n_mar]
[10 13  3 23  6]
np.random.permutation(males)[0:n_mar]
[19 17  3 21  7]
np.random.permutation(males)[0:n_mar]
[11 13 23 12  4]
np.random.permutation(males)[0:n_mar]
[ 7 18 17 14 15]
np.random.permutation(males)[0:n_mar]
[19  7 15 16  8]
np.random.permutation(males)[0:n_mar]
[21 17 12  2 10]
np.random.permutation(males)[0:n_mar]
[ 5 20 14 12 21]
np.random.permutation(males)[0:n_mar]
[ 9 14  5 16  1]
np.random.permutation(males)[0:n_mar]
[13 18 15  1 14]
np.random.permutation(males)[0:n_mar]
[21  3  9 15 19]
np.random.permutation(males)[0:n_mar]
[ 2 13 21  6 15]
np.random.permutation(males)[0:n_mar]
[11 18 20 16  7]
np.random.permutation(males)[0:n_mar]
[ 8 23 18 22  7]
np.random.permutation(males)[0:n_mar]
[15  7 13 18  9]
np.random.permutation(males)[0:n_mar]
[23 20  5  7  9]
np.random.permutation(males)[0:n_mar]
[20  1 10  8  2]
np.random.permutation(males)[0:n_mar]
[21  6  7 15  2]
np.random.permutation(males)[0:n_mar]
[ 0 10 13 20  1]
np.random.permutation(males)[0:n_mar]
[10  5 12 18 19]
np.random.permutation(males)[0:n_mar]
[ 6 17 11 16  9]
np.random.permutation(males)[0:n_mar]
[ 8 15  4 12  2]
np.random.permutation(males)[0:n_mar]
[ 9 22  0 23 17]
np.random.permutation(males)[0:n_mar]
[21  4  0  1 13]
np.random.permutation(males)[0:n_mar]
[ 7 23  4  1  5]
np.random.permutation(males)[0:n_mar]
[16  9 13 21 18]
np.random.permutation(males)[0:n_mar]
[17  2  9  3 20]
np.random.permutation(males)[0:n_mar]
[ 6  5 18 12 10]
np.random.permutation(males)[0:n_mar]
[ 9 10 12 23 11]
np.random.permutation(males)[0:n_mar]
[ 5  0 10 22 23]
np.random.permutation(males)[0:n_mar]
[ 8 10  4  3 22]
np.random.permutation(males)[0:n_mar]
[10  7 22 17  6]
np.random.permutation(males)[0:n_mar]
[ 1 19 17 23 20]
np.random.permutation(males)[0:n_mar]
[10  8  0 19  4]
np.random.permutation(males)[0:n_mar]
[ 2 19 22  8  9]
np.random.permutation(males)[0:n_mar]
[16  9  6  2 12]
np.random.permutation(males)[0:n_mar]
[23 10  7 16  6]
np.random.permutation(males)[0:n_mar]
[ 9 23  7 13 22]
np.random.permutation(males)[0:n_mar]
[ 2  8  1  4 23]
np.random.permutation(males)[0:n_mar]
[13 12 14 16 15]
np.random.permutation(males)[0:n_mar]
[10  8  2 16 20]
np.random.permutation(males)[0:n_mar]
[ 6  5 23 15 17]
np.random.permutation(males)[0:n_mar]
[22 10  1 19  2]
np.random.permutation(males)[0:n_mar]
[14  9 10  5 20]
np.random.permutation(males)[0:n_mar]
[23  2  7 13  9]
np.random.permutation(males)[0:n_mar]
[16 22  6  7 23]
np.random.permutation(males)[0:n_mar]
[16  3 11 13 17]
np.random.permutation(males)[0:n_mar]
[ 7 16 22 23  4]
np.random.permutation(males)[0:n_mar]
[ 3  7 18  6  5]
np.random.permutation(males)[0:n_mar]
[ 2 20 21 16 22]
np.random.permutation(males)[0:n_mar]
[10  2 22 12 15]
np.random.permutation(males)[0:n_mar]
[23  5 20 19 12]
np.random.permutation(males)[0:n_mar]
[13 17 10  5  1]
np.random.permutation(males)[0:n_mar]
[10 23 19  8  5]
np.random.permutation(males)[0:n_mar]
[ 5  0  6 12  8]
np.random.permutation(males)[0:n_mar]
[14  5  4  8  3]
np.random.permutation(males)[0:n_mar]
[20 23 22  8 14]
np.random.permutation(males)[0:n_mar]
[12 13  7  5 10]
np.random.permutation(males)[0:n_mar]
[11 14  8  6 13]
np.random.permutation(males)[0:n_mar]
[20 10  9 14 23]
np.random.permutation(males)[0:n_mar]
[ 6  3 15 10  5]
np.random.permutation(males)[0:n_mar]
[23  1  9 16 21]
np.random.permutation(males)[0:n_mar]
[ 9 12 13  1 18]
np.random.permutation(males)[0:n_mar]
[ 5  8 15 13 14]
np.random.permutation(males)[0:n_mar]
[22  3  2 16 13]
np.random.permutation(males)[0:n_mar]
[23 14  1  0 17]
np.random.permutation(males)[0:n_mar]
[19 15 21 22  8]
np.random.permutation(males)[0:n_mar]
[ 9  7 19  6 11]
np.random.permutation(males)[0:n_mar]
[21 11 15 12 23]
np.random.permutation(males)[0:n_mar]
[ 8 18 21  1 13]
np.random.permutation(males)[0:n_mar]
[20  1  0 19  5]
np.random.permutation(males)[0:n_mar]
[12 14 18 13  7]
np.random.permutation(males)[0:n_mar]
[15  4  2  5 13]
np.random.permutation(males)[0:n_mar]
[ 2 10  3 18 12]
np.random.permutation(males)[0:n_mar]
[15  6 19 14 20]
np.random.permutation(males)[0:n_mar]
[ 7 16 19 12  0]
np.random.permutation(males)[0:n_mar]
[22  2  5  7  9]
np.random.permutation(males)[0:n_mar]
[23 13 10  1  2]
np.random.permutation(males)[0:n_mar]
[ 0 18 15 17  5]
np.random.permutation(males)[0:n_mar]
[ 0  6  7 16 12]
np.random.permutation(males)[0:n_mar]
[18 12 10  6 13]
np.random.permutation(males)[0:n_mar]
[ 4  2 20 19 12]
np.random.permutation(males)[0:n_mar]
[15 13 14  6  7]
np.random.permutation(males)[0:n_mar]
[ 9 11  3 18  5]
np.random.permutation(males)[0:n_mar]
[ 3 22 16 12 21]
np.random.permutation(males)[0:n_mar]
[10 19 23 12  2]
np.random.permutation(males)[0:n_mar]
[12 19  0 11  9]
np.random.permutation(males)[0:n_mar]
[20 12  0  5  3]
np.random.permutation(males)[0:n_mar]
[ 7  3 13 16 22]
np.random.permutation(males)[0:n_mar]
[ 2  6  5 16 18]
np.random.permutation(males)[0:n_mar]
[20  4  3 17 23]
np.random.permutation(males)[0:n_mar]
[ 6  5 15  0  2]
np.random.permutation(males)[0:n_mar]
[ 9 19 13 12 16]
np.random.permutation(males)[0:n_mar]
[ 0 22 21  1  8]
np.random.permutation(males)[0:n_mar]
[13 10 11  1 18]
np.random.permutation(males)[0:n_mar]
[10  9 13 22  2]
np.random.permutation(males)[0:n_mar]
[21 16  4  6 14]
np.random.permutation(males)[0:n_mar]
[ 4 15 11  6  2]
np.random.permutation(males)[0:n_mar]
[14  5 10 18 21]
np.random.permutation(males)[0:n_mar]
[12  0  9 13 20]
np.random.permutation(males)[0:n_mar]
[ 2 11  6 21  8]
np.random.permutation(males)[0:n_mar]
[21  5  9 10  6]
np.random.permutation(males)[0:n_mar]
[14  6 22 19  2]
np.random.permutation(males)[0:n_mar]
[13  1 21  4 20]
np.random.permutation(males)[0:n_mar]
[22  2  1  8  6]
np.random.permutation(males)[0:n_mar]
[ 4  3 16 15 20]
np.random.permutation(males)[0:n_mar]
[18 23  2  5 20]
np.random.permutation(males)[0:n_mar]
[ 8 12 22  0 19]
np.random.permutation(males)[0:n_mar]
[14  5 21  8 10]
np.random.permutation(males)[0:n_mar]
[ 7  2 10  9  1]
np.random.permutation(males)[0:n_mar]
[ 8  1 19  9 16]
np.random.permutation(males)[0:n_mar]
[14  7 13  8 16]
np.random.permutation(males)[0:n_mar]
[19 21 12 18  6]
np.random.permutation(males)[0:n_mar]
[15  3  9 19 20]
np.random.permutation(males)[0:n_mar]
[ 8  9 14  3 18]
np.random.permutation(males)[0:n_mar]
[15 23  8 21 13]
np.random.permutation(males)[0:n_mar]
[22  3 16  9  4]
np.random.permutation(males)[0:n_mar]
[20 16  7 21 23]
np.random.permutation(males)[0:n_mar]
[ 1 20  4  2  9]
np.random.permutation(males)[0:n_mar]
[11  0  1 17  4]
np.random.permutation(males)[0:n_mar]
[ 2  5 16 19 21]
np.random.permutation(males)[0:n_mar]
[ 4  5  1 19 21]
np.random.permutation(males)[0:n_mar]
[ 9 19 20 17 16]
np.random.permutation(males)[0:n_mar]
[19  1  6  7 10]
np.random.permutation(males)[0:n_mar]
[ 2 14  7 18  3]
np.random.permutation(males)[0:n_mar]
[12 22  2  5  4]
np.random.permutation(males)[0:n_mar]
[17  8 10  7 22]
np.random.permutation(males)[0:n_mar]
[13 20  8 12  1]
np.random.permutation(males)[0:n_mar]
[ 4  9  1 14 12]
np.random.permutation(males)[0:n_mar]
[19 17  3 13 18]
np.random.permutation(males)[0:n_mar]
[12  2 13 17 19]
np.random.permutation(males)[0:n_mar]
[15  7  6 12  4]
np.random.permutation(males)[0:n_mar]
[ 2  3 22 14  5]
np.random.permutation(males)[0:n_mar]
[0 7 3 4 5]
np.random.permutation(males)[0:n_mar]
[ 6 18  8 11  3]
np.random.permutation(males)[0:n_mar]
[16 13 18  7  3]
np.random.permutation(males)[0:n_mar]
[ 0  1 19 17  3]
np.random.permutation(males)[0:n_mar]
[19 23  8  5  3]
np.random.permutation(males)[0:n_mar]
[16  7  6  0  4]
np.random.permutation(males)[0:n_mar]
[14 15  1  3  5]
np.random.permutation(males)[0:n_mar]
[ 7 20 23  6  3]
np.random.permutation(males)[0:n_mar]
[12 18 16 22  7]
np.random.permutation(males)[0:n_mar]
[16  3 11  0  6]
np.random.permutation(males)[0:n_mar]
[ 1  7 23  8  6]
np.random.permutation(males)[0:n_mar]
[12  3 10  5 23]
np.random.permutation(males)[0:n_mar]
[ 9  7 12  8 18]
np.random.permutation(males)[0:n_mar]
[16 17 10  1  7]
np.random.permutation(males)[0:n_mar]
[ 0 14  3  7 21]
np.random.permutation(males)[0:n_mar]
[ 4 16  3  5  9]
np.random.permutation(males)[0:n_mar]
[12  4 23 18  3]
np.random.permutation(males)[0:n_mar]
[11  2  3  6  8]
np.random.permutation(males)[0:n_mar]
[ 9  7 19 10 12]
np.random.permutation(males)[0:n_mar]
[12  3  1 23 15]
np.random.permutation(males)[0:n_mar]
[12  5  4 17 21]
np.random.permutation(males)[0:n_mar]
[15 23  5  1 11]
np.random.permutation(males)[0:n_mar]
[14  9  5  0  2]
np.random.permutation(males)[0:n_mar]
[15  6  1 17 20]
np.random.permutation(males)[0:n_mar]
[ 2 21 18  7 11]
np.random.permutation(males)[0:n_mar]
[22  2 11  8  1]
np.random.permutation(males)[0:n_mar]
[15  6  1 20 17]
np.random.permutation(males)[0:n_mar]
[ 3  4 11 21 10]
np.random.permutation(males)[0:n_mar]
[ 8 23  9 15 10]
np.random.permutation(males)[0:n_mar]
[ 8  2 18  0 22]
np.random.permutation(males)[0:n_mar]
[10 17  5  1 21]
np.random.permutation(males)[0:n_mar]
[ 3 22  9 12  7]
np.random.permutation(males)[0:n_mar]
[16 15  7 11  0]
np.random.permutation(males)[0:n_mar]
[19 20 23 22 11]
np.random.permutation(males)[0:n_mar]
[ 4 15 20 17 19]
np.random.permutation(males)[0:n_mar]
[ 6 10 16  2  8]
np.random.permutation(males)[0:n_mar]
[21 13  5  6 12]
np.random.permutation(males)[0:n_mar]
[ 7  9 21 17  0]
np.random.permutation(males)[0:n_mar]
[16  4 12  6 15]
np.random.permutation(males)[0:n_mar]
[11 10  9  1 15]
np.random.permutation(males)[0:n_mar]
[11  7  6  0 13]
np.random.permutation(males)[0:n_mar]
[19  4 17 13 10]
np.random.permutation(males)[0:n_mar]
[23 19 14 13  8]
np.random.permutation(males)[0:n_mar]
[ 0 10 15 23 11]
np.random.permutation(males)[0:n_mar]
[ 6 22 10  3 11]
np.random.permutation(males)[0:n_mar]
[ 4  3  1 20 21]
np.random.permutation(males)[0:n_mar]
[14 22  5 10 16]
np.random.permutation(males)[0:n_mar]
[20 15 19 23 16]
np.random.permutation(males)[0:n_mar]
[23  9  1 16  3]
np.random.permutation(males)[0:n_mar]
[ 9  6  2 21  5]
np.random.permutation(males)[0:n_mar]
[13  5  1 16  6]
np.random.permutation(males)[0:n_mar]
[11 12  6 13  5]
np.random.permutation(males)[0:n_mar]
[ 9  7 16 23 12]
np.random.permutation(males)[0:n_mar]
[10  2  4 11 14]
np.random.permutation(males)[0:n_mar]
[16 12  5  2 11]
np.random.permutation(males)[0:n_mar]
[14  6 21  9 12]
np.random.permutation(males)[0:n_mar]
[20 12 15  9  3]
np.random.permutation(males)[0:n_mar]
[11 13 10 16  1]
np.random.permutation(males)[0:n_mar]
[17 21  3 11 16]
np.random.permutation(males)[0:n_mar]
[23 20 19 18 21]
np.random.permutation(males)[0:n_mar]
[ 1  7 12 17 15]
np.random.permutation(males)[0:n_mar]
[19  9  6  5  0]
np.random.permutation(males)[0:n_mar]
[13  2 16 17  1]
np.random.permutation(males)[0:n_mar]
[16 10 11 18 19]
np.random.permutation(males)[0:n_mar]
[ 8  3 12  6 22]
np.random.permutation(males)[0:n_mar]
[ 8 19  2 22  5]
np.random.permutation(males)[0:n_mar]
[ 9 21 20 12  1]
np.random.permutation(males)[0:n_mar]
[21 10  3 13  6]
np.random.permutation(males)[0:n_mar]
[23  9  4  5 18]
np.random.permutation(males)[0:n_mar]
[14 11  2 18  4]
np.random.permutation(males)[0:n_mar]
[19 17 21 12  0]
np.random.permutation(males)[0:n_mar]
[11  8 15 17 10]
np.random.permutation(males)[0:n_mar]
[22  9 14 15 16]
np.random.permutation(males)[0:n_mar]
[ 5 20  2 12 21]
np.random.permutation(males)[0:n_mar]
[11  7 10  1  3]
np.random.permutation(males)[0:n_mar]
[ 3  2  8 20 14]
np.random.permutation(males)[0:n_mar]
[14 13 12 18  6]
np.random.permutation(males)[0:n_mar]
[ 2  0 14 17  9]
np.random.permutation(males)[0:n_mar]
[ 3 14 22  6  2]
np.random.permutation(males)[0:n_mar]
[ 6 11 23 19 21]
np.random.permutation(males)[0:n_mar]
[ 4 14  9 16  2]
np.random.permutation(males)[0:n_mar]
[14 11 13  4 15]
np.random.permutation(males)[0:n_mar]
[10 12 23  3  7]
np.random.permutation(males)[0:n_mar]
[17 21  6  2 12]
np.random.permutation(males)[0:n_mar]
[17  0  9 23  7]
np.random.permutation(males)[0:n_mar]
[12  1  2  4 11]
np.random.permutation(males)[0:n_mar]
[17 23 13 21 22]
np.random.permutation(males)[0:n_mar]
[ 3  4 23 21  9]
np.random.permutation(males)[0:n_mar]
[ 2 21  0  1 20]
np.random.permutation(males)[0:n_mar]
[ 1  4 18 16 12]
np.random.permutation(males)[0:n_mar]
[18  3 20  5 11]
np.random.permutation(males)[0:n_mar]
[18  5  9  8 23]
np.random.permutation(males)[0:n_mar]
[14 11 18  3 13]
np.random.permutation(males)[0:n_mar]
[22  4  3 16  8]
np.random.permutation(males)[0:n_mar]
[21 19 13  1 18]
np.random.permutation(males)[0:n_mar]
[14 19 21 20  3]
np.random.permutation(males)[0:n_mar]
[ 1 20 14 22 10]
np.random.permutation(males)[0:n_mar]
[15  1 12 22 13]
np.random.permutation(males)[0:n_mar]
[ 2  9  8 11 16]
np.random.permutation(males)[0:n_mar]
[ 2 15 13 14 20]
np.random.permutation(males)[0:n_mar]
[ 1 10 13  8 22]
np.random.permutation(males)[0:n_mar]
[14 13 22 23  7]
np.random.permutation(males)[0:n_mar]
[19 10 13  1  4]
np.random.permutation(males)[0:n_mar]
[19  3 17 16 18]
np.random.permutation(males)[0:n_mar]
[ 1 21 23  5  2]
np.random.permutation(males)[0:n_mar]
[19  2 23 22 16]
np.random.permutation(males)[0:n_mar]
[ 6 15 19  7  3]
np.random.permutation(males)[0:n_mar]
[ 5 19 14  8 23]
np.random.permutation(males)[0:n_mar]
[10 17  9 15 21]
np.random.permutation(males)[0:n_mar]
[19  2 21  8 20]
np.random.permutation(males)[0:n_mar]
[22  2 18 13  1]
np.random.permutation(males)[0:n_mar]
[20  2 10  6 15]
np.random.permutation(males)[0:n_mar]
[12 15 10 22  7]
np.random.permutation(males)[0:n_mar]
[23 17  7  6 15]
np.random.permutation(males)[0:n_mar]
[12 17  7  3  5]
np.random.permutation(males)[0:n_mar]
[21 15 10  6  8]
np.random.permutation(males)[0:n_mar]
[ 7 23 21  9 18]
np.random.permutation(males)[0:n_mar]
[18  2 17 19 22]
np.random.permutation(males)[0:n_mar]
[20  5  6 18  9]
np.random.permutation(males)[0:n_mar]
[23  9  4 10 14]
np.random.permutation(males)[0:n_mar]
[13  2  3 11 19]
np.random.permutation(males)[0:n_mar]
[17  7  5 16 11]
np.random.permutation(males)[0:n_mar]
[16  3  4  7 19]
np.random.permutation(males)[0:n_mar]
[14 19 10  8 20]
np.random.permutation(males)[0:n_mar]
[ 3  1 14  4 15]
np.random.permutation(males)[0:n_mar]
[ 6 15 18 16 21]
np.random.permutation(males)[0:n_mar]
[ 1 21 10 16  6]
np.random.permutation(males)[0:n_mar]
[21  4  3  1  6]
np.random.permutation(males)[0:n_mar]
[ 3  4 22 13  9]
np.random.permutation(males)[0:n_mar]
[12  8  6 20  2]
np.random.permutation(males)[0:n_mar]
[16 23  1 12 10]
np.random.permutation(males)[0:n_mar]
[17 11 10  8 16]
np.random.permutation(males)[0:n_mar]
[21  7 10 13  6]
np.random.permutation(males)[0:n_mar]
[ 3 20 16 22  2]
np.random.permutation(males)[0:n_mar]
[17  0 23 22  6]
np.random.permutation(males)[0:n_mar]
[13 23  3 15  4]
np.random.permutation(males)[0:n_mar]
[ 8 17 21 13  6]
np.random.permutation(males)[0:n_mar]
[ 2  9 14  1 23]
np.random.permutation(males)[0:n_mar]
[22  0 20  9  2]
np.random.permutation(males)[0:n_mar]
[ 5  3 21 14 20]
np.random.permutation(males)[0:n_mar]
[ 8  4 19  3  9]
np.random.permutation(males)[0:n_mar]
[ 1 18  6  5  3]
np.random.permutation(males)[0:n_mar]
[ 9 16  7 19  5]
np.random.permutation(males)[0:n_mar]
[19  3  9 12 10]
np.random.permutation(males)[0:n_mar]
[17 11  3  6 19]
np.random.permutation(males)[0:n_mar]
[ 0 21  5  6 17]
np.random.permutation(males)[0:n_mar]
[17 11 13  6  2]
np.random.permutation(males)[0:n_mar]
[23 17 22 14  3]
np.random.permutation(males)[0:n_mar]
[10  4  3  8  9]
np.random.permutation(males)[0:n_mar]
[14  7  5 17 18]
np.random.permutation(males)[0:n_mar]
[ 4 18 11  9 12]
np.random.permutation(males)[0:n_mar]
[20 10  7 14 11]
np.random.permutation(males)[0:n_mar]
[12 23  6 18  0]
np.random.permutation(males)[0:n_mar]
[ 0 23  4 18 14]
np.random.permutation(males)[0:n_mar]
[22 17  4 21  5]
np.random.permutation(males)[0:n_mar]
[ 9 14  8  3 20]
np.random.permutation(males)[0:n_mar]
[ 1  6 23 21 11]
np.random.permutation(males)[0:n_mar]
[13 20  1 22 10]
np.random.permutation(males)[0:n_mar]
[14  9 13 20 21]
np.random.permutation(males)[0:n_mar]
[ 0 18 22  2 21]
np.random.permutation(males)[0:n_mar]
[19 23  7  9 16]
np.random.permutation(males)[0:n_mar]
[10 15  2  8  3]
np.random.permutation(males)[0:n_mar]
[20 16  3 13  4]
np.random.permutation(males)[0:n_mar]
[ 1  7 16  6  3]
np.random.permutation(males)[0:n_mar]
[11 17  7 21 10]
np.random.permutation(males)[0:n_mar]
[ 4  6 10 21  3]
np.random.permutation(males)[0:n_mar]
[ 9  0  5  8 10]
np.random.permutation(males)[0:n_mar]
[23  7 11 20 10]
np.random.permutation(males)[0:n_mar]
[18  7 15 17  2]
np.random.permutation(males)[0:n_mar]
[12 10  3  6  0]
np.random.permutation(males)[0:n_mar]
[ 6 11  3 23 16]
np.random.permutation(males)[0:n_mar]
[17 22  4  5 18]
np.random.permutation(males)[0:n_mar]
[15  1 18  6 11]
np.random.permutation(males)[0:n_mar]
[20  5 18  8 23]
np.random.permutation(males)[0:n_mar]
[ 8 20  2  3 11]
np.random.permutation(males)[0:n_mar]
[16 11 21 12 17]
np.random.permutation(males)[0:n_mar]
[ 7 15  5 13 20]
np.random.permutation(males)[0:n_mar]
[ 4 16 17  2 18]
np.random.permutation(males)[0:n_mar]
[10  7 15  0 19]
np.random.permutation(males)[0:n_mar]
[23  1 15 21  6]
np.random.permutation(males)[0:n_mar]
[23  5 22 14  2]
np.random.permutation(males)[0:n_mar]
[16  5 15 23  4]
np.random.permutation(males)[0:n_mar]
[18  8 22 13  2]
np.random.permutation(males)[0:n_mar]
[ 8  2 18  4 10]
np.random.permutation(males)[0:n_mar]
[10 23  9 15 18]
np.random.permutation(males)[0:n_mar]
[21 16  3 12  5]
np.random.permutation(males)[0:n_mar]
[12  4  3  1 19]
np.random.permutation(males)[0:n_mar]
[19  7 21 23  4]
np.random.permutation(males)[0:n_mar]
[ 5  3 17  1 16]
np.random.permutation(males)[0:n_mar]
[18  0 19  3  4]
np.random.permutation(males)[0:n_mar]
[20 18  9 17  6]
np.random.permutation(males)[0:n_mar]
[12 23  1 18 22]
np.random.permutation(males)[0:n_mar]
[12 13 19 20  6]
np.random.permutation(males)[0:n_mar]
[11 23 14  6 16]
np.random.permutation(males)[0:n_mar]
[11  4  2  8 23]
np.random.permutation(males)[0:n_mar]
[ 6 18 11  7  8]
np.random.permutation(males)[0:n_mar]
[ 9 22  5 21  2]
np.random.permutation(males)[0:n_mar]
[21 19  9  7 12]
np.random.permutation(males)[0:n_mar]
[ 6  4 22  9 10]
np.random.permutation(males)[0:n_mar]
[11  7  6 18 22]
np.random.permutation(males)[0:n_mar]
[23  2 17 10  5]
np.random.permutation(males)[0:n_mar]
[ 3 16  2  4 18]
np.random.permutation(males)[0:n_mar]
[16  3 14 11  0]
np.random.permutation(males)[0:n_mar]
[ 4 13 16 19  2]
np.random.permutation(males)[0:n_mar]
[ 8  6 16  9  7]
np.random.permutation(males)[0:n_mar]
[16  4  6 22 10]
np.random.permutation(males)[0:n_mar]
[ 1 17  9 11  5]
np.random.permutation(males)[0:n_mar]
[11 13 17  6 12]
np.random.permutation(males)[0:n_mar]
[21  7 22 23 20]
np.random.permutation(males)[0:n_mar]
[ 0 22 15  2  1]
np.random.permutation(males)[0:n_mar]
[23  5 12  7  0]
np.random.permutation(males)[0:n_mar]
[22 17 15  0 21]
np.random.permutation(males)[0:n_mar]
[ 5 23 14  2 17]
np.random.permutation(males)[0:n_mar]
[ 8 12  2 20 14]
np.random.permutation(males)[0:n_mar]
[18 19  8  1  9]
np.random.permutation(males)[0:n_mar]
[ 9 22 13 15  6]
np.random.permutation(males)[0:n_mar]
[ 2 14 15  4 16]
np.random.permutation(males)[0:n_mar]
[23  4 10  8 14]
np.random.permutation(males)[0:n_mar]
[17 18  6  7 14]
np.random.permutation(males)[0:n_mar]
[ 8 13 20 19 12]
np.random.permutation(males)[0:n_mar]
[17 22  6 19  5]
np.random.permutation(males)[0:n_mar]
[23 14  9 13  3]
np.random.permutation(males)[0:n_mar]
[14 21 16 17 18]
np.random.permutation(males)[0:n_mar]
[13 19 18  7 11]
np.random.permutation(males)[0:n_mar]
[ 8  4  0 17 22]
np.random.permutation(males)[0:n_mar]
[17 11 15 19 18]
np.random.permutation(males)[0:n_mar]
[18 11 16  0  3]
np.random.permutation(males)[0:n_mar]
[23 22  7 20 18]
np.random.permutation(males)[0:n_mar]
[16 13  4 18  9]
np.random.permutation(males)[0:n_mar]
[ 8  0 15  5 19]
np.random.permutation(males)[0:n_mar]
[23  4 21 12 13]
np.random.permutation(males)[0:n_mar]
[12 21 14 17 20]
np.random.permutation(males)[0:n_mar]
[ 1 18 13 22  6]
np.random.permutation(males)[0:n_mar]
[4 5 0 7 9]
np.random.permutation(males)[0:n_mar]
[ 7  5 19 22  4]
np.random.permutation(males)[0:n_mar]
[13 17 22 14  1]
np.random.permutation(males)[0:n_mar]
[ 4 17  2 15 20]
np.random.permutation(males)[0:n_mar]
[21 20 18 19  9]
np.random.permutation(males)[0:n_mar]
[18  7  8 11 14]
np.random.permutation(males)[0:n_mar]
[ 8  1 11  4  2]
np.random.permutation(males)[0:n_mar]
[ 8 23  6  9 19]
np.random.permutation(males)[0:n_mar]
[10 20  6 14 12]
np.random.permutation(males)[0:n_mar]
[23  5 11 10 19]
np.random.permutation(males)[0:n_mar]
[18 13  0 14 10]
np.random.permutation(males)[0:n_mar]
[21 18 17  0  8]
np.random.permutation(males)[0:n_mar]
[19  6  4 18 17]
np.random.permutation(males)[0:n_mar]
[17 22 10  0 14]
np.random.permutation(males)[0:n_mar]
[21 12  1 10 17]
np.random.permutation(males)[0:n_mar]
[11  8 20  5 12]
np.random.permutation(males)[0:n_mar]
[21 23 12 17  0]
np.random.permutation(males)[0:n_mar]
[13 14 22  7  6]
np.random.permutation(males)[0:n_mar]
[ 4 17 14  0  2]
np.random.permutation(males)[0:n_mar]
[17 18  6  2 23]
np.random.permutation(males)[0:n_mar]
[17 18 22 13  5]
np.random.permutation(males)[0:n_mar]
[23 14  2 15  3]
np.random.permutation(males)[0:n_mar]
[ 1 12 20 23 19]
np.random.permutation(males)[0:n_mar]
[13 10 18 17 11]
np.random.permutation(males)[0:n_mar]
[10  7 13 15 11]
np.random.permutation(males)[0:n_mar]
[11  9 16 22  0]
np.random.permutation(males)[0:n_mar]
[19  7  2  6 14]
np.random.permutation(males)[0:n_mar]
[18  0 20 11  8]
np.random.permutation(males)[0:n_mar]
[14  9 15 16 17]
np.random.permutation(males)[0:n_mar]
[15  8 11  9 10]
np.random.permutation(males)[0:n_mar]
[ 7 14  8  3 13]
np.random.permutation(males)[0:n_mar]
[17 12 21 11 15]
np.random.permutation(males)[0:n_mar]
[ 3 16 20  1  0]
np.random.permutation(males)[0:n_mar]
[ 6 18  1 15  9]
np.random.permutation(males)[0:n_mar]
[ 3  2 14 10 11]
np.random.permutation(males)[0:n_mar]
[18 13  8  4 17]
np.random.permutation(males)[0:n_mar]
[ 0 18 10  7  4]
np.random.permutation(males)[0:n_mar]
[23 12 15  6  5]
np.random.permutation(males)[0:n_mar]
[ 2  8 11 16 23]
np.random.permutation(males)[0:n_mar]
[23 22 21  7  5]
np.random.permutation(males)[0:n_mar]
[ 2  1  0 21 14]
np.random.permutation(males)[0:n_mar]
[22 15 17 23  3]
np.random.permutation(males)[0:n_mar]
[ 3  4 23 14  2]
np.random.permutation(males)[0:n_mar]
[10 23 20 18  6]
np.random.permutation(males)[0:n_mar]
[13  8 11 23 21]
np.random.permutation(males)[0:n_mar]
[ 5  4 22  1 16]
np.random.permutation(males)[0:n_mar]
[ 2 23 21  3 13]
np.random.permutation(males)[0:n_mar]
[15 17 22  7  2]
np.random.permutation(males)[0:n_mar]
[ 8  0  2  5 17]
np.random.permutation(males)[0:n_mar]
[20 11 23  8  3]
np.random.permutation(males)[0:n_mar]
[ 9 17 15 22 16]
np.random.permutation(males)[0:n_mar]
[ 7 12 17  6  0]
np.random.permutation(males)[0:n_mar]
[ 0  8 17 19 11]
np.random.permutation(males)[0:n_mar]
[21 22 18 16 20]
np.random.permutation(males)[0:n_mar]
[21 10  1 16  2]
np.random.permutation(males)[0:n_mar]
[22  2  7 10  4]
np.random.permutation(males)[0:n_mar]
[ 4  1 15 23  6]
np.random.permutation(males)[0:n_mar]
[ 8  9 10 15 16]
np.random.permutation(males)[0:n_mar]
[ 8 13  7 17 23]
np.random.permutation(males)[0:n_mar]
[17 20 16 13 14]
np.random.permutation(males)[0:n_mar]
[14 19  7 17 18]
np.random.permutation(males)[0:n_mar]
[ 4 17 14  2 13]
np.random.permutation(males)[0:n_mar]
[18  9 12 20 22]
np.random.permutation(males)[0:n_mar]
[10 11 16  2 20]
np.random.permutation(males)[0:n_mar]
[18 15  9 23 21]
np.random.permutation(males)[0:n_mar]
[ 2  3 16 14 21]
np.random.permutation(males)[0:n_mar]
[ 6 13 23 18 11]
np.random.permutation(males)[0:n_mar]
[ 3 15 13 19 16]
np.random.permutation(males)[0:n_mar]
[19  9 10 17 21]
np.random.permutation(males)[0:n_mar]
[17 16 10 15  1]
np.random.permutation(males)[0:n_mar]
[ 5  3 19 21  7]
np.random.permutation(males)[0:n_mar]
[ 7 15  5 23 11]
np.random.permutation(males)[0:n_mar]
[13  2  8  3  0]
np.random.permutation(males)[0:n_mar]
[23  8 11  2 10]
np.random.permutation(males)[0:n_mar]
[21 10  7  0 23]
np.random.permutation(males)[0:n_mar]
[ 7 23 10 19 14]
np.random.permutation(males)[0:n_mar]
[ 8  9 17 12  1]
np.random.permutation(males)[0:n_mar]
[18 13  4  6 10]
np.random.permutation(males)[0:n_mar]
[22  0 19  5  3]
np.random.permutation(males)[0:n_mar]
[ 4 21 17  2 22]
np.random.permutation(males)[0:n_mar]
[12 22 13 10  3]
np.random.permutation(males)[0:n_mar]
[10 15 20  8 16]
np.random.permutation(males)[0:n_mar]
[14 12 16  8 20]
np.random.permutation(males)[0:n_mar]
[20 15 22 17 13]
np.random.permutation(males)[0:n_mar]
[19  1 15 11 10]
np.random.permutation(males)[0:n_mar]
[ 4  0 22  3 10]
np.random.permutation(males)[0:n_mar]
[16 13  3 21  7]
np.random.permutation(males)[0:n_mar]
[ 8  0 13  6  1]
np.random.permutation(males)[0:n_mar]
[22 10 20  7 19]
np.random.permutation(males)[0:n_mar]
[16 22 11  0 18]
np.random.permutation(males)[0:n_mar]
[ 6 21 15 22 23]
np.random.permutation(males)[0:n_mar]
[ 2 17 14  6 16]
np.random.permutation(males)[0:n_mar]
[ 9  8 15 14  1]
np.random.permutation(males)[0:n_mar]
[12 15 13 17  1]
np.random.permutation(males)[0:n_mar]
[15  4 17 20  2]
np.random.permutation(males)[0:n_mar]
[ 2 18  4  0  7]
np.random.permutation(males)[0:n_mar]
[14  0 10  6  3]
np.random.permutation(males)[0:n_mar]
[ 5 13  7 21 10]
np.random.permutation(males)[0:n_mar]
[10 13 16  2  5]
np.random.permutation(males)[0:n_mar]
[ 5  4 14 16 18]
np.random.permutation(males)[0:n_mar]
[13  2  8  3 20]
np.random.permutation(males)[0:n_mar]
[ 0 14  2 18  9]
np.random.permutation(males)[0:n_mar]
[19  5 20 16 15]
np.random.permutation(males)[0:n_mar]
[ 5 20 23 14 10]
np.random.permutation(males)[0:n_mar]
[15 22 20  9  4]
np.random.permutation(males)[0:n_mar]
[ 1 14 19 23 10]
np.random.permutation(males)[0:n_mar]
[14  2  1  0 20]
np.random.permutation(males)[0:n_mar]
[ 4 16 22  5 11]
np.random.permutation(males)[0:n_mar]
[19 14 17  8  9]
np.random.permutation(males)[0:n_mar]
[ 5  9 15 11  4]
np.random.permutation(males)[0:n_mar]
[ 0  8 17  9  5]
np.random.permutation(males)[0:n_mar]
[ 4 10 22  0 23]
np.random.permutation(males)[0:n_mar]
[18 19  3 15  7]
np.random.permutation(males)[0:n_mar]
[ 9  2  7 23  1]
np.random.permutation(males)[0:n_mar]
[20  3 10 22  8]
np.random.permutation(males)[0:n_mar]
[18  8 19 21 15]
np.random.permutation(males)[0:n_mar]
[20  2 19 21 12]
np.random.permutation(males)[0:n_mar]
[15  3  9  2  0]
np.random.permutation(males)[0:n_mar]
[ 4 23 22 16 12]
np.random.permutation(males)[0:n_mar]
[20  5  7  0  2]
np.random.permutation(males)[0:n_mar]
[ 2 16 20  6  9]
np.random.permutation(males)[0:n_mar]
[10  8 21  1  7]
np.random.permutation(males)[0:n_mar]
[22 16 18 17 20]
np.random.permutation(males)[0:n_mar]
[22 13 21  9 18]
np.random.permutation(males)[0:n_mar]
[17 18 11 19  3]
np.random.permutation(males)[0:n_mar]
[11  8  9 19  2]
np.random.permutation(males)[0:n_mar]
[ 4 12 23  0 13]
np.random.permutation(males)[0:n_mar]
[15 19  6  7 11]
np.random.permutation(males)[0:n_mar]
[ 7  4 22 23 12]
np.random.permutation(males)[0:n_mar]
[20 16 19 17 12]
np.random.permutation(males)[0:n_mar]
[ 2  5  4  1 22]
np.random.permutation(males)[0:n_mar]
[ 4  9 15  5  8]
np.random.permutation(males)[0:n_mar]
[ 7 14 18 16 22]
np.random.permutation(males)[0:n_mar]
[ 0  3 22 21  7]
np.random.permutation(males)[0:n_mar]
[ 7  1 20  3 22]
np.random.permutation(males)[0:n_mar]
[18  0 13 20  3]
np.random.permutation(males)[0:n_mar]
[ 8 21  2  9 23]
np.random.permutation(males)[0:n_mar]
[14 15 16  6 17]
np.random.permutation(males)[0:n_mar]
[14  0 21 19 18]
np.random.permutation(males)[0:n_mar]
[ 5 15 16  7  9]
np.random.permutation(males)[0:n_mar]
[13 16 10  3 15]
np.random.permutation(males)[0:n_mar]
[ 9 15 20 19 10]
np.random.permutation(males)[0:n_mar]
[ 0  7 19 14 16]
np.random.permutation(males)[0:n_mar]
[10 11 12  7 19]
np.random.permutation(males)[0:n_mar]
[17 13  1  7  4]
np.random.permutation(males)[0:n_mar]
[22 23  2  4 13]
np.random.permutation(males)[0:n_mar]
[17  2  6  3 21]
np.random.permutation(males)[0:n_mar]
[ 1  7 23  9 12]
np.random.permutation(males)[0:n_mar]
[15  3  9  6 16]
np.random.permutation(males)[0:n_mar]
[23  2 12  0 18]
np.random.permutation(males)[0:n_mar]
[ 2 11 20 16  0]
np.random.permutation(males)[0:n_mar]
[ 7  4 12 17  5]
np.random.permutation(males)[0:n_mar]
[14  0 10 12  4]
np.random.permutation(males)[0:n_mar]
[19 22  3 14 18]
np.random.permutation(males)[0:n_mar]
[16  2 11 23  4]
np.random.permutation(males)[0:n_mar]
[14  9 22  7 11]
np.random.permutation(males)[0:n_mar]
[ 5  9  4 23 15]
np.random.permutation(males)[0:n_mar]
[ 6 20 13  1 16]
np.random.permutation(males)[0:n_mar]
[23 11 22 19  5]
np.random.permutation(males)[0:n_mar]
[15  1 21 11 23]
np.random.permutation(males)[0:n_mar]
[13 23 18 12  5]
np.random.permutation(males)[0:n_mar]
[17 20  5  4 18]
np.random.permutation(males)[0:n_mar]
[22  6 10 12 21]
np.random.permutation(males)[0:n_mar]
[12  7 14  5  9]
np.random.permutation(males)[0:n_mar]
[21  3  2  4  6]
np.random.permutation(males)[0:n_mar]
[20 22  9 11 15]
np.random.permutation(males)[0:n_mar]
[ 2 17 18  8 20]
np.random.permutation(males)[0:n_mar]
[22 20 23 11  4]
np.random.permutation(males)[0:n_mar]
[ 2  0 14  7 12]
np.random.permutation(males)[0:n_mar]
[ 7 16 15  0 20]
np.random.permutation(males)[0:n_mar]
[ 6  3 12  7 19]
np.random.permutation(males)[0:n_mar]
[ 3  5  2 22 17]
np.random.permutation(males)[0:n_mar]
[ 2 13  1  8 21]
np.random.permutation(males)[0:n_mar]
[ 4 10 23 12 22]
np.random.permutation(males)[0:n_mar]
[16 18 20  4  9]
np.random.permutation(males)[0:n_mar]
[22 12 11 18 17]
np.random.permutation(males)[0:n_mar]
[15  0 18  2  5]
np.random.permutation(males)[0:n_mar]
[ 0  8  7  5 18]
np.random.permutation(males)[0:n_mar]
[ 0 20 11 19  8]
np.random.permutation(males)[0:n_mar]
[16  2 13 17  6]
np.random.permutation(males)[0:n_mar]
[23 12 22  5  2]
np.random.permutation(males)[0:n_mar]
[ 4  8 18  1 12]
np.random.permutation(males)[0:n_mar]
[22 12  8 23 21]
np.random.permutation(males)[0:n_mar]
[15  5  9 14  1]
np.random.permutation(males)[0:n_mar]
[15 19 10 23 18]
np.random.permutation(males)[0:n_mar]
[ 3  5 21  1 17]
np.random.permutation(males)[0:n_mar]
[20  0 10 18 11]
np.random.permutation(males)[0:n_mar]
[14 10 18  4  7]
np.random.permutation(males)[0:n_mar]
[23 21  5 14 19]
np.random.permutation(males)[0:n_mar]
[ 6  2  5 15 13]
np.random.permutation(males)[0:n_mar]
[ 2  6 20 17  0]
np.random.permutation(males)[0:n_mar]
[13 15  8 19  5]
np.random.permutation(males)[0:n_mar]
[ 8  6 12 13  9]
np.random.permutation(males)[0:n_mar]
[ 1  6 11 20  7]
np.random.permutation(males)[0:n_mar]
[17  1 23  4  6]
np.random.permutation(males)[0:n_mar]
[15  4 18 23  7]
np.random.permutation(males)[0:n_mar]
[ 9 12  4 15 22]
np.random.permutation(males)[0:n_mar]
[14  4 11  2 10]
np.random.permutation(males)[0:n_mar]
[ 5 12  6 22 10]
np.random.permutation(males)[0:n_mar]
[ 2 10 11  3 13]
np.random.permutation(males)[0:n_mar]
[ 0 11 13 12 20]
np.random.permutation(males)[0:n_mar]
[18 15 21  6 20]
np.random.permutation(males)[0:n_mar]
[ 1 22 12  6 19]
np.random.permutation(males)[0:n_mar]
[23  3 19 16 12]
np.random.permutation(males)[0:n_mar]
[15  2 13 14 20]
np.random.permutation(males)[0:n_mar]
[ 1 22  5  9  2]
np.random.permutation(males)[0:n_mar]
[ 1  9  5 20 23]
np.random.permutation(males)[0:n_mar]
[ 7  5  9  6 11]
np.random.permutation(males)[0:n_mar]
[13  1 18  6 10]
np.random.permutation(males)[0:n_mar]
[ 4 18 15  3 10]
np.random.permutation(males)[0:n_mar]
[20 13 15 12  9]
np.random.permutation(males)[0:n_mar]
[ 1 11  5 20 15]
np.random.permutation(males)[0:n_mar]
[ 0 19  8  9  1]
np.random.permutation(males)[0:n_mar]
[10 15 12  7  5]
np.random.permutation(males)[0:n_mar]
[12 17  6 23  5]
np.random.permutation(males)[0:n_mar]
[ 8 13  7 18  1]
np.random.permutation(males)[0:n_mar]
[ 4 15  7  8 18]
np.random.permutation(males)[0:n_mar]
[18 10  9  1 19]
np.random.permutation(males)[0:n_mar]
[19 21  9 17 14]
np.random.permutation(males)[0:n_mar]
[20 16 21 23 22]
np.random.permutation(males)[0:n_mar]
[ 3 15 21 20 22]
np.random.permutation(males)[0:n_mar]
[20  0 12  4 10]
np.random.permutation(males)[0:n_mar]
[ 9 17 14  3  1]
np.random.permutation(males)[0:n_mar]
[ 8 11 10  9 22]
np.random.permutation(males)[0:n_mar]
[10  1  6  2 14]
np.random.permutation(males)[0:n_mar]
[21 23  3 19  9]
np.random.permutation(males)[0:n_mar]
[ 9 10  5 20 15]
np.random.permutation(males)[0:n_mar]
[13 15 10 18 16]
np.random.permutation(males)[0:n_mar]
[ 9 16  0 22 23]
np.random.permutation(males)[0:n_mar]
[ 5  8 21 10 22]
np.random.permutation(males)[0:n_mar]
[10  9 12  0 22]
np.random.permutation(males)[0:n_mar]
[21 15 22 18 11]
np.random.permutation(males)[0:n_mar]
[ 9 13  4 23 22]
np.random.permutation(males)[0:n_mar]
[18 22 12 14 19]
np.random.permutation(males)[0:n_mar]
[ 5  3  6 15  2]
np.random.permutation(males)[0:n_mar]
[21  1  8  3 19]
np.random.permutation(males)[0:n_mar]
[ 0  2  7  5 23]
np.random.permutation(males)[0:n_mar]
[ 1 14  9 12  2]
np.random.permutation(males)[0:n_mar]
[18  7 16  5  6]
np.random.permutation(males)[0:n_mar]
[12  3  9 21 14]
np.random.permutation(males)[0:n_mar]
[18  5  4  8 16]
np.random.permutation(males)[0:n_mar]
[14 23  9  8 20]
np.random.permutation(males)[0:n_mar]
[19 14  0 15 21]
np.random.permutation(males)[0:n_mar]
[ 7  2 10 17 16]
np.random.permutation(males)[0:n_mar]
[ 9 20  6  8 14]
np.random.permutation(males)[0:n_mar]
[ 4 22  3 11 20]
np.random.permutation(males)[0:n_mar]
[ 2  0 19  9 17]
np.random.permutation(males)[0:n_mar]
[11 21  5 23 17]
np.random.permutation(males)[0:n_mar]
[13  8  1 17 16]
np.random.permutation(males)[0:n_mar]
[ 8 16 21  1 12]
np.random.permutation(males)[0:n_mar]
[ 9 14 15  5 17]
np.random.permutation(males)[0:n_mar]
[ 2 15  4 18  8]
np.random.permutation(males)[0:n_mar]
[ 6 20 16  4 14]
np.random.permutation(males)[0:n_mar]
[22 17  3  4 20]
np.random.permutation(males)[0:n_mar]
[15 11  5 20  9]
np.random.permutation(males)[0:n_mar]
[10 20 16 19  0]
np.random.permutation(males)[0:n_mar]
[14  3 21 23  2]
np.random.permutation(males)[0:n_mar]
[ 8 17 11  0 14]
np.random.permutation(males)[0:n_mar]
[10  9 14 21 23]
np.random.permutation(males)[0:n_mar]
[14 21  7 12  9]
np.random.permutation(males)[0:n_mar]
[22  2 16  7 11]
np.random.permutation(males)[0:n_mar]
[19 20 23 18  0]
np.random.permutation(males)[0:n_mar]
[ 9 23  1 19 13]
np.random.permutation(males)[0:n_mar]
[ 3 13  1  6  8]
np.random.permutation(males)[0:n_mar]
[10 13 18 11 16]
np.random.permutation(males)[0:n_mar]
[21  6 23  5 17]
np.random.permutation(males)[0:n_mar]
[22 21 14 20 18]
np.random.permutation(males)[0:n_mar]
[ 2 19  4 17 23]
np.random.permutation(males)[0:n_mar]
[ 9 23 19 22 14]
np.random.permutation(males)[0:n_mar]
[ 8  0 18  7  3]
np.random.permutation(males)[0:n_mar]
[ 0 14 19  7  6]
np.random.permutation(males)[0:n_mar]
[19  5 14  1 15]
np.random.permutation(males)[0:n_mar]
[ 3  2 20 21  7]
np.random.permutation(males)[0:n_mar]
[3 1 9 0 8]
np.random.permutation(males)[0:n_mar]
[ 4 16 11  6 15]
np.random.permutation(males)[0:n_mar]
[ 9  8 19  6 14]
np.random.permutation(males)[0:n_mar]
[ 5  6 21 12  7]
np.random.permutation(males)[0:n_mar]
[18  1 14 10 15]
np.random.permutation(males)[0:n_mar]
[ 2 21 23 16 12]
np.random.permutation(males)[0:n_mar]
[15  4  6 13  9]
np.random.permutation(males)[0:n_mar]
[22  2  9 16 21]
np.random.permutation(males)[0:n_mar]
[21 16 11  0 23]
np.random.permutation(males)[0:n_mar]
[ 4 12 10 13 15]
np.random.permutation(males)[0:n_mar]
[ 0  2 13 16 21]
np.random.permutation(males)[0:n_mar]
[ 4  5  0  2 13]
np.random.permutation(males)[0:n_mar]
[14 21 12 20  2]
np.random.permutation(males)[0:n_mar]
[ 5 14  4  0  8]
np.random.permutation(males)[0:n_mar]
[ 5 12 11  6 10]
np.random.permutation(males)[0:n_mar]
[ 5  4  7 15 17]
np.random.permutation(males)[0:n_mar]
[23  7 16  9 21]
np.random.permutation(males)[0:n_mar]
[11 19 13  9 21]
np.random.permutation(males)[0:n_mar]
[13 12 21  4  5]
np.random.permutation(males)[0:n_mar]
[21 19  8 17 20]
np.random.permutation(males)[0:n_mar]
[12  5  3  8 10]
np.random.permutation(males)[0:n_mar]
[13 19 12  9 17]
np.random.permutation(males)[0:n_mar]
[20  0 19 12 22]
np.random.permutation(males)[0:n_mar]
[10 18 16 22 19]
