np.random.permutation(males)[0:n_mar]
[ 6 10]
np.random.permutation(males)[0:n_mar]
[0 7]
np.random.permutation(males)[0:n_mar]
[11  3]
np.random.permutation(males)[0:n_mar]
[5 6]
np.random.permutation(males)[0:n_mar]
[ 1 10]
np.random.permutation(males)[0:n_mar]
[1 8]
np.random.permutation(males)[0:n_mar]
[3 1]
np.random.permutation(males)[0:n_mar]
[7 2]
np.random.permutation(males)[0:n_mar]
[3 6]
np.random.permutation(males)[0:n_mar]
[7 2]
np.random.permutation(males)[0:n_mar]
[3 2]
np.random.permutation(males)[0:n_mar]
[ 8 11]
np.random.permutation(males)[0:n_mar]
[2 9]
np.random.permutation(males)[0:n_mar]
[8 4]
np.random.permutation(males)[0:n_mar]
[6 1]
np.random.permutation(males)[0:n_mar]
[9 5]
np.random.permutation(males)[0:n_mar]
[ 2 10]
np.random.permutation(males)[0:n_mar]
[ 7 11]
np.random.permutation(males)[0:n_mar]
[11  6]
np.random.permutation(males)[0:n_mar]
[9 3]
np.random.permutation(males)[0:n_mar]
[1 6]
np.random.permutation(males)[0:n_mar]
[7 2]
np.random.permutation(males)[0:n_mar]
[10  1]
np.random.permutation(males)[0:n_mar]
[10  1]
np.random.permutation(males)[0:n_mar]
[8 4]
np.random.permutation(males)[0:n_mar]
[3 0]
np.random.permutation(males)[0:n_mar]
[8 2]
np.random.permutation(males)[0:n_mar]
[ 4 10]
np.random.permutation(males)[0:n_mar]
[0 7]
np.random.permutation(males)[0:n_mar]
[2 4]
np.random.permutation(males)[0:n_mar]
[6 2]
np.random.permutation(males)[0:n_mar]
[ 6 10]
np.random.permutation(males)[0:n_mar]
[9 2]
np.random.permutation(males)[0:n_mar]
[6 8]
np.random.permutation(males)[0:n_mar]
[5 1]
np.random.permutation(males)[0:n_mar]
[3 8]
np.random.permutation(males)[0:n_mar]
[ 7 11]
np.random.permutation(males)[0:n_mar]
[3 1]
np.random.permutation(males)[0:n_mar]
[1 4]
np.random.permutation(males)[0:n_mar]
[9 3]
np.random.permutation(males)[0:n_mar]
[3 2]
np.random.permutation(males)[0:n_mar]
[7 0]
np.random.permutation(males)[0:n_mar]
[6 2]
np.random.permutation(males)[0:n_mar]
[11  4]
np.random.permutation(males)[0:n_mar]
[3 0]
np.random.permutation(males)[0:n_mar]
[7 6]
np.random.permutation(males)[0:n_mar]
[10  4]
np.random.permutation(males)[0:n_mar]
[6 8]
np.random.permutation(males)[0:n_mar]
[4 9]
np.random.permutation(males)[0:n_mar]
[10  6]
np.random.permutation(males)[0:n_mar]
[9 8]
np.random.permutation(males)[0:n_mar]
[10  9]
np.random.permutation(males)[0:n_mar]
[11  0]
np.random.permutation(males)[0:n_mar]
[ 5 11]
np.random.permutation(males)[0:n_mar]
[7 3]
np.random.permutation(males)[0:n_mar]
[5 8]
np.random.permutation(males)[0:n_mar]
[8 4]
np.random.permutation(males)[0:n_mar]
[7 3]
np.random.permutation(males)[0:n_mar]
[1 9]
np.random.permutation(males)[0:n_mar]
[1 9]
np.random.permutation(males)[0:n_mar]
[10  8]
np.random.permutation(males)[0:n_mar]
[9 8]
np.random.permutation(males)[0:n_mar]
[1 4]
np.random.permutation(males)[0:n_mar]
[7 2]
np.random.permutation(males)[0:n_mar]
[5 9]
np.random.permutation(males)[0:n_mar]
[8 6]
np.random.permutation(males)[0:n_mar]
[8 0]
np.random.permutation(males)[0:n_mar]
[4 5]
np.random.permutation(males)[0:n_mar]
[ 4 11]
np.random.permutation(males)[0:n_mar]
[6 9]
np.random.permutation(males)[0:n_mar]
[0 6]
np.random.permutation(males)[0:n_mar]
[11  8]
np.random.permutation(males)[0:n_mar]
[ 6 10]
np.random.permutation(males)[0:n_mar]
[6 0]
np.random.permutation(males)[0:n_mar]
[8 9]
np.random.permutation(males)[0:n_mar]
[9 5]
np.random.permutation(males)[0:n_mar]
[4 8]
np.random.permutation(males)[0:n_mar]
[9 2]
np.random.permutation(males)[0:n_mar]
[2 5]
np.random.permutation(males)[0:n_mar]
[ 9 11]
np.random.permutation(males)[0:n_mar]
[10  7]
np.random.permutation(males)[0:n_mar]
[1 7]
np.random.permutation(males)[0:n_mar]
[1 3]
np.random.permutation(males)[0:n_mar]
[4 0]
np.random.permutation(males)[0:n_mar]
[11  8]
np.random.permutation(males)[0:n_mar]
[1 5]
np.random.permutation(males)[0:n_mar]
[5 8]
np.random.permutation(males)[0:n_mar]
[5 7]
np.random.permutation(males)[0:n_mar]
[2 6]
np.random.permutation(males)[0:n_mar]
[2 6]
np.random.permutation(males)[0:n_mar]
[6 3]
np.random.permutation(males)[0:n_mar]
[1 3]
np.random.permutation(males)[0:n_mar]
[ 1 11]
np.random.permutation(males)[0:n_mar]
[4 8]
np.random.permutation(males)[0:n_mar]
[2 1]
np.random.permutation(males)[0:n_mar]
[1 4]
np.random.permutation(males)[0:n_mar]
[5 2]
np.random.permutation(males)[0:n_mar]
[2 0]
np.random.permutation(males)[0:n_mar]
[ 0 10]
np.random.permutation(males)[0:n_mar]
[10  6]
np.random.permutation(males)[0:n_mar]
[0 6]
np.random.permutation(males)[0:n_mar]
[ 6 11]
np.random.permutation(males)[0:n_mar]
[11  0]
np.random.permutation(males)[0:n_mar]
[ 1 11]
np.random.permutation(males)[0:n_mar]
[1 6]
np.random.permutation(males)[0:n_mar]
[7 2]
np.random.permutation(males)[0:n_mar]
[11  6]
np.random.permutation(males)[0:n_mar]
[9 7]
np.random.permutation(males)[0:n_mar]
[ 1 10]
np.random.permutation(males)[0:n_mar]
[4 0]
np.random.permutation(males)[0:n_mar]
[10  2]
np.random.permutation(males)[0:n_mar]
[0 1]
np.random.permutation(males)[0:n_mar]
[11 10]
np.random.permutation(males)[0:n_mar]
[ 1 11]
np.random.permutation(males)[0:n_mar]
[4 9]
np.random.permutation(males)[0:n_mar]
[3 5]
np.random.permutation(males)[0:n_mar]
[11  9]
np.random.permutation(males)[0:n_mar]
[10  3]
np.random.permutation(males)[0:n_mar]
[5 3]
np.random.permutation(males)[0:n_mar]
[7 2]
np.random.permutation(males)[0:n_mar]
[11  5]
np.random.permutation(males)[0:n_mar]
[ 0 10]
np.random.permutation(males)[0:n_mar]
[ 3 11]
np.random.permutation(males)[0:n_mar]
[10  2]
np.random.permutation(males)[0:n_mar]
[7 9]
np.random.permutation(males)[0:n_mar]
[8 4]
np.random.permutation(males)[0:n_mar]
[0 5]
np.random.permutation(males)[0:n_mar]
[ 4 10]
np.random.permutation(males)[0:n_mar]
[ 0 10]
np.random.permutation(males)[0:n_mar]
[ 5 10]
np.random.permutation(males)[0:n_mar]
[3 9]
np.random.permutation(males)[0:n_mar]
[0 3]
np.random.permutation(males)[0:n_mar]
[1 2]
np.random.permutation(males)[0:n_mar]
[10 11]
np.random.permutation(males)[0:n_mar]
[3 0]
np.random.permutation(males)[0:n_mar]
[ 7 11]
np.random.permutation(males)[0:n_mar]
[11  3]
np.random.permutation(males)[0:n_mar]
[8 6]
np.random.permutation(males)[0:n_mar]
[4 0]
np.random.permutation(males)[0:n_mar]
[1 3]
np.random.permutation(males)[0:n_mar]
[9 4]
np.random.permutation(males)[0:n_mar]
[7 3]
np.random.permutation(males)[0:n_mar]
[7 4]
np.random.permutation(males)[0:n_mar]
[5 7]
np.random.permutation(males)[0:n_mar]
[7 1]
np.random.permutation(males)[0:n_mar]
[ 0 11]
np.random.permutation(males)[0:n_mar]
[7 9]
np.random.permutation(males)[0:n_mar]
[8 4]
np.random.permutation(males)[0:n_mar]
[ 1 10]
np.random.permutation(males)[0:n_mar]
[6 0]
np.random.permutation(males)[0:n_mar]
[6 1]
np.random.permutation(males)[0:n_mar]
[5 0]
np.random.permutation(males)[0:n_mar]
[4 8]
np.random.permutation(males)[0:n_mar]
[9 7]
np.random.permutation(males)[0:n_mar]
[1 5]
np.random.permutation(males)[0:n_mar]
[7 2]
np.random.permutation(males)[0:n_mar]
[7 4]
np.random.permutation(males)[0:n_mar]
[6 7]
np.random.permutation(males)[0:n_mar]
[11  6]
np.random.permutation(males)[0:n_mar]
[10  5]
np.random.permutation(males)[0:n_mar]
[0 8]
np.random.permutation(males)[0:n_mar]
[ 5 10]
np.random.permutation(males)[0:n_mar]
[5 0]
np.random.permutation(males)[0:n_mar]
[2 7]
np.random.permutation(males)[0:n_mar]
[1 7]
np.random.permutation(males)[0:n_mar]
[3 5]
np.random.permutation(males)[0:n_mar]
[11  4]
np.random.permutation(males)[0:n_mar]
[ 3 11]
np.random.permutation(males)[0:n_mar]
[4 6]
np.random.permutation(males)[0:n_mar]
[ 1 10]
np.random.permutation(males)[0:n_mar]
[1 3]
np.random.permutation(males)[0:n_mar]
[6 9]
np.random.permutation(males)[0:n_mar]
[ 4 10]
np.random.permutation(males)[0:n_mar]
[1 4]
np.random.permutation(males)[0:n_mar]
[4 0]
np.random.permutation(males)[0:n_mar]
[8 9]
np.random.permutation(males)[0:n_mar]
[1 6]
np.random.permutation(males)[0:n_mar]
[1 7]
np.random.permutation(males)[0:n_mar]
[7 8]
np.random.permutation(males)[0:n_mar]
[ 0 10]
np.random.permutation(males)[0:n_mar]
[7 8]
np.random.permutation(males)[0:n_mar]
[2 8]
np.random.permutation(males)[0:n_mar]
[3 9]
np.random.permutation(males)[0:n_mar]
[9 1]
np.random.permutation(males)[0:n_mar]
[7 2]
np.random.permutation(males)[0:n_mar]
[0 8]
np.random.permutation(males)[0:n_mar]
[4 6]
np.random.permutation(males)[0:n_mar]
[10  9]
np.random.permutation(males)[0:n_mar]
[ 3 10]
np.random.permutation(males)[0:n_mar]
[8 2]
np.random.permutation(males)[0:n_mar]
[2 6]
np.random.permutation(males)[0:n_mar]
[5 1]
np.random.permutation(males)[0:n_mar]
[ 9 10]
np.random.permutation(males)[0:n_mar]
[0 8]
np.random.permutation(males)[0:n_mar]
[8 5]
np.random.permutation(males)[0:n_mar]
[4 7]
np.random.permutation(males)[0:n_mar]
[0 8]
np.random.permutation(males)[0:n_mar]
[ 4 11]
np.random.permutation(males)[0:n_mar]
[1 0]
np.random.permutation(males)[0:n_mar]
[5 2]
np.random.permutation(males)[0:n_mar]
[ 7 11]
np.random.permutation(males)[0:n_mar]
[ 1 10]
np.random.permutation(males)[0:n_mar]
[2 8]
np.random.permutation(males)[0:n_mar]
[ 6 10]
np.random.permutation(males)[0:n_mar]
[6 3]
np.random.permutation(males)[0:n_mar]
[10  5]
np.random.permutation(males)[0:n_mar]
[5 3]
np.random.permutation(males)[0:n_mar]
[5 8]
np.random.permutation(males)[0:n_mar]
[ 7 11]
np.random.permutation(males)[0:n_mar]
[4 0]
np.random.permutation(males)[0:n_mar]
[1 0]
np.random.permutation(males)[0:n_mar]
[1 9]
np.random.permutation(males)[0:n_mar]
[2 5]
np.random.permutation(males)[0:n_mar]
[0 9]
np.random.permutation(males)[0:n_mar]
[5 7]
np.random.permutation(males)[0:n_mar]
[1 7]
np.random.permutation(males)[0:n_mar]
[6 4]
np.random.permutation(males)[0:n_mar]
[ 0 10]
np.random.permutation(males)[0:n_mar]
[ 2 10]
np.random.permutation(males)[0:n_mar]
[ 3 10]
np.random.permutation(males)[0:n_mar]
[ 8 10]
np.random.permutation(males)[0:n_mar]
[5 9]
np.random.permutation(males)[0:n_mar]
[1 8]
np.random.permutation(males)[0:n_mar]
[11  1]
np.random.permutation(males)[0:n_mar]
[6 1]
np.random.permutation(males)[0:n_mar]
[1 5]
np.random.permutation(males)[0:n_mar]
[10  8]
np.random.permutation(males)[0:n_mar]
[ 9 11]
np.random.permutation(males)[0:n_mar]
[11  0]
np.random.permutation(males)[0:n_mar]
[3 6]
np.random.permutation(males)[0:n_mar]
[0 1]
np.random.permutation(males)[0:n_mar]
[11  2]
np.random.permutation(males)[0:n_mar]
[3 8]
np.random.permutation(males)[0:n_mar]
[1 2]
np.random.permutation(males)[0:n_mar]
[2 7]
np.random.permutation(males)[0:n_mar]
[11  8]
np.random.permutation(males)[0:n_mar]
[10  8]
np.random.permutation(males)[0:n_mar]
[4 5]
np.random.permutation(males)[0:n_mar]
[4 1]
np.random.permutation(males)[0:n_mar]
[ 4 11]
np.random.permutation(males)[0:n_mar]
[3 2]
np.random.permutation(males)[0:n_mar]
[ 6 11]
np.random.permutation(males)[0:n_mar]
[1 0]
np.random.permutation(males)[0:n_mar]
[0 2]
np.random.permutation(males)[0:n_mar]
[3 8]
np.random.permutation(males)[0:n_mar]
[9 3]
np.random.permutation(males)[0:n_mar]
[ 3 11]
np.random.permutation(males)[0:n_mar]
[4 2]
np.random.permutation(males)[0:n_mar]
[3 6]
np.random.permutation(males)[0:n_mar]
[11  3]
np.random.permutation(males)[0:n_mar]
[ 3 11]
np.random.permutation(males)[0:n_mar]
[10  9]
np.random.permutation(males)[0:n_mar]
[0 5]
np.random.permutation(males)[0:n_mar]
[2 9]
np.random.permutation(males)[0:n_mar]
[4 6]
np.random.permutation(males)[0:n_mar]
[10  9]
np.random.permutation(males)[0:n_mar]
[11  2]
np.random.permutation(males)[0:n_mar]
[1 8]
np.random.permutation(males)[0:n_mar]
[10  8]
np.random.permutation(males)[0:n_mar]
[ 7 10]
np.random.permutation(males)[0:n_mar]
[5 2]
np.random.permutation(males)[0:n_mar]
[6 4]
np.random.permutation(males)[0:n_mar]
[0 8]
np.random.permutation(males)[0:n_mar]
[6 0]
np.random.permutation(males)[0:n_mar]
[10  5]
np.random.permutation(males)[0:n_mar]
[1 4]
np.random.permutation(males)[0:n_mar]
[0 9]
np.random.permutation(males)[0:n_mar]
[5 7]
np.random.permutation(males)[0:n_mar]
[ 7 11]
np.random.permutation(males)[0:n_mar]
[10  4]
np.random.permutation(males)[0:n_mar]
[ 2 10]
np.random.permutation(males)[0:n_mar]
[3 8]
np.random.permutation(males)[0:n_mar]
[9 3]
np.random.permutation(males)[0:n_mar]
[ 8 10]
np.random.permutation(males)[0:n_mar]
[5 7]
np.random.permutation(males)[0:n_mar]
[10 11]
np.random.permutation(males)[0:n_mar]
[6 8]
np.random.permutation(males)[0:n_mar]
[4 6]
np.random.permutation(males)[0:n_mar]
[1 5]
np.random.permutation(males)[0:n_mar]
[9 2]
np.random.permutation(males)[0:n_mar]
[4 1]
np.random.permutation(males)[0:n_mar]
[7 6]
np.random.permutation(males)[0:n_mar]
[1 5]
np.random.permutation(males)[0:n_mar]
[6 3]
np.random.permutation(males)[0:n_mar]
[3 1]
np.random.permutation(males)[0:n_mar]
[ 9 11]
np.random.permutation(males)[0:n_mar]
[9 4]
np.random.permutation(males)[0:n_mar]
[9 4]
np.random.permutation(males)[0:n_mar]
[8 2]
np.random.permutation(males)[0:n_mar]
[8 2]
np.random.permutation(males)[0:n_mar]
[ 2 10]
np.random.permutation(males)[0:n_mar]
[1 7]
np.random.permutation(males)[0:n_mar]
[1 2]
np.random.permutation(males)[0:n_mar]
[7 9]
np.random.permutation(males)[0:n_mar]
[5 4]
np.random.permutation(males)[0:n_mar]
[2 0]
np.random.permutation(males)[0:n_mar]
[1 5]
np.random.permutation(males)[0:n_mar]
[7 9]
np.random.permutation(males)[0:n_mar]
[4 8]
np.random.permutation(males)[0:n_mar]
[9 4]
np.random.permutation(males)[0:n_mar]
[3 5]
np.random.permutation(males)[0:n_mar]
[1 4]
np.random.permutation(males)[0:n_mar]
[ 0 11]
np.random.permutation(males)[0:n_mar]
[11  2]
np.random.permutation(males)[0:n_mar]
[8 0]
np.random.permutation(males)[0:n_mar]
[3 4]
np.random.permutation(males)[0:n_mar]
[1 7]
np.random.permutation(males)[0:n_mar]
[5 2]
np.random.permutation(males)[0:n_mar]
[9 1]
np.random.permutation(males)[0:n_mar]
[10  8]
np.random.permutation(males)[0:n_mar]
[5 4]
np.random.permutation(males)[0:n_mar]
[ 1 10]
np.random.permutation(males)[0:n_mar]
[7 6]
np.random.permutation(males)[0:n_mar]
[3 9]
np.random.permutation(males)[0:n_mar]
[6 4]
np.random.permutation(males)[0:n_mar]
[10  1]
np.random.permutation(males)[0:n_mar]
[0 8]
np.random.permutation(males)[0:n_mar]
[5 1]
np.random.permutation(males)[0:n_mar]
[ 9 11]
np.random.permutation(males)[0:n_mar]
[5 1]
np.random.permutation(males)[0:n_mar]
[3 1]
np.random.permutation(males)[0:n_mar]
[7 3]
np.random.permutation(males)[0:n_mar]
[2 9]
np.random.permutation(males)[0:n_mar]
[4 1]
np.random.permutation(males)[0:n_mar]
[6 0]
np.random.permutation(males)[0:n_mar]
[3 5]
np.random.permutation(males)[0:n_mar]
[5 4]
np.random.permutation(males)[0:n_mar]
[8 2]
np.random.permutation(males)[0:n_mar]
[10  0]
np.random.permutation(males)[0:n_mar]
[9 8]
np.random.permutation(males)[0:n_mar]
[9 3]
np.random.permutation(males)[0:n_mar]
[3 2]
np.random.permutation(males)[0:n_mar]
[4 0]
np.random.permutation(males)[0:n_mar]
[10  8]
np.random.permutation(males)[0:n_mar]
[0 3]
np.random.permutation(males)[0:n_mar]
[0 2]
np.random.permutation(males)[0:n_mar]
[10  7]
np.random.permutation(males)[0:n_mar]
[ 8 10]
np.random.permutation(males)[0:n_mar]
[0 2]
np.random.permutation(males)[0:n_mar]
[0 3]
np.random.permutation(males)[0:n_mar]
[9 7]
np.random.permutation(males)[0:n_mar]
[10  5]
np.random.permutation(males)[0:n_mar]
[7 1]
np.random.permutation(males)[0:n_mar]
[ 2 10]
np.random.permutation(males)[0:n_mar]
[ 8 11]
np.random.permutation(males)[0:n_mar]
[7 5]
np.random.permutation(males)[0:n_mar]
[8 7]
np.random.permutation(males)[0:n_mar]
[7 3]
np.random.permutation(males)[0:n_mar]
[9 1]
np.random.permutation(males)[0:n_mar]
[2 6]
np.random.permutation(males)[0:n_mar]
[ 1 11]
np.random.permutation(males)[0:n_mar]
[1 3]
np.random.permutation(males)[0:n_mar]
[ 1 11]
np.random.permutation(males)[0:n_mar]
[10  6]
np.random.permutation(males)[0:n_mar]
[3 0]
np.random.permutation(males)[0:n_mar]
[5 3]
np.random.permutation(males)[0:n_mar]
[ 3 11]
np.random.permutation(males)[0:n_mar]
[10  4]
np.random.permutation(males)[0:n_mar]
[2 1]
np.random.permutation(males)[0:n_mar]
[9 3]
np.random.permutation(males)[0:n_mar]
[7 0]
np.random.permutation(males)[0:n_mar]
[ 6 11]
np.random.permutation(males)[0:n_mar]
[2 3]
np.random.permutation(males)[0:n_mar]
[ 9 11]
np.random.permutation(males)[0:n_mar]
[2 8]
np.random.permutation(males)[0:n_mar]
[7 8]
np.random.permutation(males)[0:n_mar]
[10  4]
np.random.permutation(males)[0:n_mar]
[ 9 10]
np.random.permutation(males)[0:n_mar]
[5 1]
np.random.permutation(males)[0:n_mar]
[ 7 11]
np.random.permutation(males)[0:n_mar]
[ 6 10]
np.random.permutation(males)[0:n_mar]
[5 0]
np.random.permutation(males)[0:n_mar]
[4 6]
np.random.permutation(males)[0:n_mar]
[4 8]
np.random.permutation(males)[0:n_mar]
[9 2]
np.random.permutation(males)[0:n_mar]
[0 8]
np.random.permutation(males)[0:n_mar]
[9 1]
np.random.permutation(males)[0:n_mar]
[9 4]
np.random.permutation(males)[0:n_mar]
[6 3]
np.random.permutation(males)[0:n_mar]
[0 1]
np.random.permutation(males)[0:n_mar]
[ 7 10]
np.random.permutation(males)[0:n_mar]
[0 9]
np.random.permutation(males)[0:n_mar]
[10  7]
np.random.permutation(males)[0:n_mar]
[9 5]
np.random.permutation(males)[0:n_mar]
[1 5]
np.random.permutation(males)[0:n_mar]
[11  5]
np.random.permutation(males)[0:n_mar]
[10  5]
np.random.permutation(males)[0:n_mar]
[8 4]
np.random.permutation(males)[0:n_mar]
[ 7 11]
np.random.permutation(males)[0:n_mar]
[11  3]
np.random.permutation(males)[0:n_mar]
[ 5 11]
np.random.permutation(males)[0:n_mar]
[11  3]
np.random.permutation(males)[0:n_mar]
[10  0]
np.random.permutation(males)[0:n_mar]
[11  2]
np.random.permutation(males)[0:n_mar]
[2 8]
np.random.permutation(males)[0:n_mar]
[ 9 11]
np.random.permutation(males)[0:n_mar]
[3 6]
np.random.permutation(males)[0:n_mar]
[ 4 11]
np.random.permutation(males)[0:n_mar]
[7 0]
np.random.permutation(males)[0:n_mar]
[10  2]
np.random.permutation(males)[0:n_mar]
[2 4]
np.random.permutation(males)[0:n_mar]
[7 6]
np.random.permutation(males)[0:n_mar]
[6 3]
np.random.permutation(males)[0:n_mar]
[ 9 10]
np.random.permutation(males)[0:n_mar]
[9 1]
np.random.permutation(males)[0:n_mar]
[9 4]
np.random.permutation(males)[0:n_mar]
[2 0]
np.random.permutation(males)[0:n_mar]
[6 1]
np.random.permutation(males)[0:n_mar]
[2 5]
np.random.permutation(males)[0:n_mar]
[5 2]
np.random.permutation(males)[0:n_mar]
[11  7]
np.random.permutation(males)[0:n_mar]
[5 1]
np.random.permutation(males)[0:n_mar]
[2 8]
np.random.permutation(males)[0:n_mar]
[ 0 10]
np.random.permutation(males)[0:n_mar]
[5 4]
np.random.permutation(males)[0:n_mar]
[10  4]
np.random.permutation(males)[0:n_mar]
[ 6 10]
np.random.permutation(males)[0:n_mar]
[0 3]
np.random.permutation(males)[0:n_mar]
[ 9 10]
np.random.permutation(males)[0:n_mar]
[6 7]
np.random.permutation(males)[0:n_mar]
[0 1]
np.random.permutation(males)[0:n_mar]
[6 3]
np.random.permutation(males)[0:n_mar]
[2 8]
np.random.permutation(males)[0:n_mar]
[9 4]
np.random.permutation(males)[0:n_mar]
[1 4]
np.random.permutation(males)[0:n_mar]
[2 8]
np.random.permutation(males)[0:n_mar]
[1 2]
np.random.permutation(males)[0:n_mar]
[ 0 11]
np.random.permutation(males)[0:n_mar]
[8 1]
np.random.permutation(males)[0:n_mar]
[8 4]
np.random.permutation(males)[0:n_mar]
[11 10]
np.random.permutation(males)[0:n_mar]
[ 1 10]
np.random.permutation(males)[0:n_mar]
[1 6]
np.random.permutation(males)[0:n_mar]
[3 5]
np.random.permutation(males)[0:n_mar]
[0 9]
np.random.permutation(males)[0:n_mar]
[0 2]
np.random.permutation(males)[0:n_mar]
[8 5]
np.random.permutation(males)[0:n_mar]
[6 0]
np.random.permutation(males)[0:n_mar]
[9 4]
np.random.permutation(males)[0:n_mar]
[ 2 11]
np.random.permutation(males)[0:n_mar]
[10 11]
np.random.permutation(males)[0:n_mar]
[8 4]
np.random.permutation(males)[0:n_mar]
[10  2]
np.random.permutation(males)[0:n_mar]
[10  7]
np.random.permutation(males)[0:n_mar]
[11  9]
np.random.permutation(males)[0:n_mar]
[6 3]
np.random.permutation(males)[0:n_mar]
[7 4]
np.random.permutation(males)[0:n_mar]
[ 7 11]
np.random.permutation(males)[0:n_mar]
[7 1]
np.random.permutation(males)[0:n_mar]
[ 6 11]
np.random.permutation(males)[0:n_mar]
[0 1]
np.random.permutation(males)[0:n_mar]
[9 4]
np.random.permutation(males)[0:n_mar]
[3 2]
np.random.permutation(males)[0:n_mar]
[3 5]
np.random.permutation(males)[0:n_mar]
[ 2 11]
np.random.permutation(males)[0:n_mar]
[8 4]
np.random.permutation(males)[0:n_mar]
[7 2]
np.random.permutation(males)[0:n_mar]
[ 3 10]
np.random.permutation(males)[0:n_mar]
[ 4 10]
np.random.permutation(males)[0:n_mar]
[11  0]
np.random.permutation(males)[0:n_mar]
[4 7]
np.random.permutation(males)[0:n_mar]
[7 8]
np.random.permutation(males)[0:n_mar]
[6 4]
np.random.permutation(males)[0:n_mar]
[8 9]
np.random.permutation(males)[0:n_mar]
[5 6]
np.random.permutation(males)[0:n_mar]
[10  2]
np.random.permutation(males)[0:n_mar]
[ 2 11]
np.random.permutation(males)[0:n_mar]
[7 9]
np.random.permutation(males)[0:n_mar]
[5 8]
np.random.permutation(males)[0:n_mar]
[2 6]
np.random.permutation(males)[0:n_mar]
[ 2 10]
np.random.permutation(males)[0:n_mar]
[1 0]
np.random.permutation(males)[0:n_mar]
[0 5]
np.random.permutation(males)[0:n_mar]
[7 2]
np.random.permutation(males)[0:n_mar]
[ 2 11]
np.random.permutation(males)[0:n_mar]
[9 6]
np.random.permutation(males)[0:n_mar]
[2 0]
np.random.permutation(males)[0:n_mar]
[2 7]
np.random.permutation(males)[0:n_mar]
[9 7]
np.random.permutation(males)[0:n_mar]
[2 3]
np.random.permutation(males)[0:n_mar]
[ 9 11]
np.random.permutation(males)[0:n_mar]
[0 7]
np.random.permutation(males)[0:n_mar]
[ 9 10]
np.random.permutation(males)[0:n_mar]
[11  0]
np.random.permutation(males)[0:n_mar]
[1 9]
np.random.permutation(males)[0:n_mar]
[9 3]
np.random.permutation(males)[0:n_mar]
[11  0]
np.random.permutation(males)[0:n_mar]
[11  9]
np.random.permutation(males)[0:n_mar]
[8 0]
np.random.permutation(males)[0:n_mar]
[9 6]
np.random.permutation(males)[0:n_mar]
[4 8]
np.random.permutation(males)[0:n_mar]
[1 0]
np.random.permutation(males)[0:n_mar]
[5 8]
np.random.permutation(males)[0:n_mar]
[9 6]
np.random.permutation(males)[0:n_mar]
[3 8]
np.random.permutation(males)[0:n_mar]
[3 9]
np.random.permutation(males)[0:n_mar]
[11  3]
np.random.permutation(males)[0:n_mar]
[5 1]
np.random.permutation(males)[0:n_mar]
[ 0 10]
np.random.permutation(males)[0:n_mar]
[0 9]
np.random.permutation(males)[0:n_mar]
[6 0]
np.random.permutation(males)[0:n_mar]
[11  7]
np.random.permutation(males)[0:n_mar]
[4 9]
np.random.permutation(males)[0:n_mar]
[10 11]
np.random.permutation(males)[0:n_mar]
[5 1]
np.random.permutation(males)[0:n_mar]
[9 6]
np.random.permutation(males)[0:n_mar]
[8 1]
np.random.permutation(males)[0:n_mar]
[ 7 11]
np.random.permutation(males)[0:n_mar]
[ 3 10]
np.random.permutation(males)[0:n_mar]
[6 2]
np.random.permutation(males)[0:n_mar]
[ 8 10]
np.random.permutation(males)[0:n_mar]
[11  2]
np.random.permutation(males)[0:n_mar]
[8 5]
np.random.permutation(males)[0:n_mar]
[7 5]
np.random.permutation(males)[0:n_mar]
[ 9 11]
np.random.permutation(males)[0:n_mar]
[0 5]
np.random.permutation(males)[0:n_mar]
[7 2]
np.random.permutation(males)[0:n_mar]
[ 4 11]
np.random.permutation(males)[0:n_mar]
[9 6]
np.random.permutation(males)[0:n_mar]
[ 2 10]
np.random.permutation(males)[0:n_mar]
[9 4]
np.random.permutation(males)[0:n_mar]
[5 9]
np.random.permutation(males)[0:n_mar]
[7 2]
np.random.permutation(males)[0:n_mar]
[5 0]
np.random.permutation(males)[0:n_mar]
[3 7]
np.random.permutation(males)[0:n_mar]
[9 0]
np.random.permutation(males)[0:n_mar]
[ 5 10]
np.random.permutation(males)[0:n_mar]
[ 7 11]
np.random.permutation(males)[0:n_mar]
[4 2]
np.random.permutation(males)[0:n_mar]
[5 0]
np.random.permutation(males)[0:n_mar]
[10  3]
np.random.permutation(males)[0:n_mar]
[2 4]
np.random.permutation(males)[0:n_mar]
[11  7]
np.random.permutation(males)[0:n_mar]
[9 5]
np.random.permutation(males)[0:n_mar]
[9 5]
np.random.permutation(males)[0:n_mar]
[2 8]
np.random.permutation(males)[0:n_mar]
[2 0]
np.random.permutation(males)[0:n_mar]
[2 4]
np.random.permutation(males)[0:n_mar]
[ 5 10]
np.random.permutation(males)[0:n_mar]
[3 8]
np.random.permutation(males)[0:n_mar]
[0 2]
np.random.permutation(males)[0:n_mar]
[9 8]
np.random.permutation(males)[0:n_mar]
[0 2]
np.random.permutation(males)[0:n_mar]
[11  3]
np.random.permutation(males)[0:n_mar]
[10  3]
np.random.permutation(males)[0:n_mar]
[7 8]
np.random.permutation(males)[0:n_mar]
[11  1]
np.random.permutation(males)[0:n_mar]
[2 9]
np.random.permutation(males)[0:n_mar]
[6 8]
np.random.permutation(males)[0:n_mar]
[11  9]
np.random.permutation(males)[0:n_mar]
[ 8 11]
np.random.permutation(males)[0:n_mar]
[8 1]
np.random.permutation(males)[0:n_mar]
[6 7]
np.random.permutation(males)[0:n_mar]
[ 5 11]
np.random.permutation(males)[0:n_mar]
[0 1]
np.random.permutation(males)[0:n_mar]
[ 8 11]
np.random.permutation(males)[0:n_mar]
[ 8 10]
np.random.permutation(males)[0:n_mar]
[10  6]
np.random.permutation(males)[0:n_mar]
[8 1]
np.random.permutation(males)[0:n_mar]
[7 5]
np.random.permutation(males)[0:n_mar]
[5 0]
np.random.permutation(males)[0:n_mar]
[ 7 10]
np.random.permutation(males)[0:n_mar]
[1 9]
np.random.permutation(males)[0:n_mar]
[3 2]
np.random.permutation(males)[0:n_mar]
[7 4]
np.random.permutation(males)[0:n_mar]
[4 0]
np.random.permutation(males)[0:n_mar]
[4 5]
np.random.permutation(males)[0:n_mar]
[ 3 11]
np.random.permutation(males)[0:n_mar]
[9 0]
np.random.permutation(males)[0:n_mar]
[3 5]
np.random.permutation(males)[0:n_mar]
[ 4 10]
np.random.permutation(males)[0:n_mar]
[7 6]
np.random.permutation(males)[0:n_mar]
[ 3 11]
np.random.permutation(males)[0:n_mar]
[8 5]
np.random.permutation(males)[0:n_mar]
[2 9]
np.random.permutation(males)[0:n_mar]
[10  7]
np.random.permutation(males)[0:n_mar]
[11  8]
np.random.permutation(males)[0:n_mar]
[3 4]
np.random.permutation(males)[0:n_mar]
[8 9]
np.random.permutation(males)[0:n_mar]
[5 6]
np.random.permutation(males)[0:n_mar]
[10  6]
np.random.permutation(males)[0:n_mar]
[8 3]
np.random.permutation(males)[0:n_mar]
[11  2]
np.random.permutation(males)[0:n_mar]
[9 8]
np.random.permutation(males)[0:n_mar]
[ 4 11]
np.random.permutation(males)[0:n_mar]
[7 0]
np.random.permutation(males)[0:n_mar]
[2 1]
np.random.permutation(males)[0:n_mar]
[3 1]
np.random.permutation(males)[0:n_mar]
[5 6]
np.random.permutation(males)[0:n_mar]
[11  8]
np.random.permutation(males)[0:n_mar]
[11  5]
np.random.permutation(males)[0:n_mar]
[9 8]
np.random.permutation(males)[0:n_mar]
[4 0]
np.random.permutation(males)[0:n_mar]
[7 8]
np.random.permutation(males)[0:n_mar]
[8 4]
np.random.permutation(males)[0:n_mar]
[0 9]
np.random.permutation(males)[0:n_mar]
[11  6]
np.random.permutation(males)[0:n_mar]
[11  4]
np.random.permutation(males)[0:n_mar]
[8 6]
np.random.permutation(males)[0:n_mar]
[11  6]
np.random.permutation(males)[0:n_mar]
[10  9]
np.random.permutation(males)[0:n_mar]
[8 2]
np.random.permutation(males)[0:n_mar]
[11  1]
np.random.permutation(males)[0:n_mar]
[ 8 11]
np.random.permutation(males)[0:n_mar]
[11  6]
np.random.permutation(males)[0:n_mar]
[4 6]
np.random.permutation(males)[0:n_mar]
[11  7]
np.random.permutation(males)[0:n_mar]
[11  4]
np.random.permutation(males)[0:n_mar]
[ 7 10]
np.random.permutation(males)[0:n_mar]
[9 4]
np.random.permutation(males)[0:n_mar]
[8 5]
np.random.permutation(males)[0:n_mar]
[5 0]
np.random.permutation(males)[0:n_mar]
[2 6]
np.random.permutation(males)[0:n_mar]
[2 3]
np.random.permutation(males)[0:n_mar]
[2 7]
np.random.permutation(males)[0:n_mar]
[10  5]
np.random.permutation(males)[0:n_mar]
[1 4]
np.random.permutation(males)[0:n_mar]
[4 8]
np.random.permutation(males)[0:n_mar]
[ 4 10]
np.random.permutation(males)[0:n_mar]
[4 6]
np.random.permutation(males)[0:n_mar]
[7 8]
np.random.permutation(males)[0:n_mar]
[4 8]
np.random.permutation(males)[0:n_mar]
[11  4]
np.random.permutation(males)[0:n_mar]
[0 2]
np.random.permutation(males)[0:n_mar]
[9 2]
np.random.permutation(males)[0:n_mar]
[ 1 10]
np.random.permutation(males)[0:n_mar]
[6 9]
np.random.permutation(males)[0:n_mar]
[4 8]
np.random.permutation(males)[0:n_mar]
[11 10]
np.random.permutation(males)[0:n_mar]
[2 8]
np.random.permutation(males)[0:n_mar]
[6 4]
np.random.permutation(males)[0:n_mar]
[1 4]
np.random.permutation(males)[0:n_mar]
[0 2]
np.random.permutation(males)[0:n_mar]
[4 5]
np.random.permutation(males)[0:n_mar]
[11  3]
np.random.permutation(males)[0:n_mar]
[10  9]
np.random.permutation(males)[0:n_mar]
[6 3]
np.random.permutation(males)[0:n_mar]
[8 4]
np.random.permutation(males)[0:n_mar]
[ 1 10]
np.random.permutation(males)[0:n_mar]
[ 8 10]
np.random.permutation(males)[0:n_mar]
[7 8]
np.random.permutation(males)[0:n_mar]
[0 3]
np.random.permutation(males)[0:n_mar]
[ 1 10]
np.random.permutation(males)[0:n_mar]
[6 7]
np.random.permutation(males)[0:n_mar]
[2 6]
np.random.permutation(males)[0:n_mar]
[10  2]
np.random.permutation(males)[0:n_mar]
[7 0]
np.random.permutation(males)[0:n_mar]
[10  9]
np.random.permutation(males)[0:n_mar]
[4 7]
np.random.permutation(males)[0:n_mar]
[11  4]
np.random.permutation(males)[0:n_mar]
[4 6]
np.random.permutation(males)[0:n_mar]
[10  6]
np.random.permutation(males)[0:n_mar]
[7 8]
np.random.permutation(males)[0:n_mar]
[0 6]
np.random.permutation(males)[0:n_mar]
[0 8]
np.random.permutation(males)[0:n_mar]
[9 6]
np.random.permutation(males)[0:n_mar]
[2 7]
np.random.permutation(males)[0:n_mar]
[ 6 10]
np.random.permutation(males)[0:n_mar]
[7 2]
np.random.permutation(males)[0:n_mar]
[3 6]
np.random.permutation(males)[0:n_mar]
[ 7 10]
np.random.permutation(males)[0:n_mar]
[5 1]
np.random.permutation(males)[0:n_mar]
[3 6]
np.random.permutation(males)[0:n_mar]
[9 0]
np.random.permutation(males)[0:n_mar]
[ 9 11]
np.random.permutation(males)[0:n_mar]
[ 0 11]
np.random.permutation(males)[0:n_mar]
[11  6]
np.random.permutation(males)[0:n_mar]
[0 7]
np.random.permutation(males)[0:n_mar]
[3 0]
np.random.permutation(males)[0:n_mar]
[10  2]
np.random.permutation(males)[0:n_mar]
[4 9]
np.random.permutation(males)[0:n_mar]
[5 7]
np.random.permutation(males)[0:n_mar]
[8 2]
np.random.permutation(males)[0:n_mar]
[ 9 10]
np.random.permutation(males)[0:n_mar]
[0 4]
np.random.permutation(males)[0:n_mar]
[11  4]
np.random.permutation(males)[0:n_mar]
[ 5 10]
np.random.permutation(males)[0:n_mar]
[ 9 10]
np.random.permutation(males)[0:n_mar]
[5 2]
np.random.permutation(males)[0:n_mar]
[2 1]
np.random.permutation(males)[0:n_mar]
[8 1]
np.random.permutation(males)[0:n_mar]
[7 2]
np.random.permutation(males)[0:n_mar]
[10  7]
np.random.permutation(males)[0:n_mar]
[ 1 10]
np.random.permutation(males)[0:n_mar]
[7 1]
np.random.permutation(males)[0:n_mar]
[9 7]
np.random.permutation(males)[0:n_mar]
[ 3 10]
np.random.permutation(males)[0:n_mar]
[1 5]
np.random.permutation(males)[0:n_mar]
[9 1]
np.random.permutation(males)[0:n_mar]
[2 1]
np.random.permutation(males)[0:n_mar]
[10  9]
np.random.permutation(males)[0:n_mar]
[ 7 11]
np.random.permutation(males)[0:n_mar]
[11  3]
np.random.permutation(males)[0:n_mar]
[10  5]
np.random.permutation(males)[0:n_mar]
[ 6 11]
np.random.permutation(males)[0:n_mar]
[7 1]
np.random.permutation(males)[0:n_mar]
[6 3]
np.random.permutation(males)[0:n_mar]
[8 4]
np.random.permutation(males)[0:n_mar]
[10  8]
np.random.permutation(males)[0:n_mar]
[6 7]
np.random.permutation(males)[0:n_mar]
[0 6]
np.random.permutation(males)[0:n_mar]
[1 3]
np.random.permutation(males)[0:n_mar]
[2 8]
np.random.permutation(males)[0:n_mar]
[11 10]
np.random.permutation(males)[0:n_mar]
[10  8]
np.random.permutation(males)[0:n_mar]
[5 0]
np.random.permutation(males)[0:n_mar]
[11  4]
np.random.permutation(males)[0:n_mar]
[5 7]
np.random.permutation(males)[0:n_mar]
[7 1]
np.random.permutation(males)[0:n_mar]
[ 4 10]
np.random.permutation(males)[0:n_mar]
[ 7 11]
np.random.permutation(males)[0:n_mar]
[5 0]
np.random.permutation(males)[0:n_mar]
[4 5]
np.random.permutation(males)[0:n_mar]
[7 5]
np.random.permutation(males)[0:n_mar]
[1 7]
np.random.permutation(males)[0:n_mar]
[6 8]
np.random.permutation(males)[0:n_mar]
[4 7]
np.random.permutation(males)[0:n_mar]
[4 2]
np.random.permutation(males)[0:n_mar]
[10  3]
np.random.permutation(males)[0:n_mar]
[2 8]
np.random.permutation(males)[0:n_mar]
[8 2]
np.random.permutation(males)[0:n_mar]
[7 0]
np.random.permutation(males)[0:n_mar]
[1 4]
np.random.permutation(males)[0:n_mar]
[6 1]
np.random.permutation(males)[0:n_mar]
[8 0]
np.random.permutation(males)[0:n_mar]
[7 5]
np.random.permutation(males)[0:n_mar]
[8 2]
np.random.permutation(males)[0:n_mar]
[7 5]
np.random.permutation(males)[0:n_mar]
[0 2]
np.random.permutation(males)[0:n_mar]
[11  9]
np.random.permutation(males)[0:n_mar]
[ 6 10]
np.random.permutation(males)[0:n_mar]
[8 4]
np.random.permutation(males)[0:n_mar]
[2 1]
np.random.permutation(males)[0:n_mar]
[3 5]
np.random.permutation(males)[0:n_mar]
[7 8]
np.random.permutation(males)[0:n_mar]
[4 0]
np.random.permutation(males)[0:n_mar]
[7 1]
np.random.permutation(males)[0:n_mar]
[3 6]
np.random.permutation(males)[0:n_mar]
[9 4]
np.random.permutation(males)[0:n_mar]
[6 1]
np.random.permutation(males)[0:n_mar]
[6 8]
np.random.permutation(males)[0:n_mar]
[ 7 11]
np.random.permutation(males)[0:n_mar]
[9 7]
np.random.permutation(males)[0:n_mar]
[ 3 10]
np.random.permutation(males)[0:n_mar]
[ 3 11]
np.random.permutation(males)[0:n_mar]
[5 1]
np.random.permutation(males)[0:n_mar]
[7 6]
np.random.permutation(males)[0:n_mar]
[11  3]
np.random.permutation(males)[0:n_mar]
[1 3]
np.random.permutation(males)[0:n_mar]
[5 7]
np.random.permutation(males)[0:n_mar]
[6 9]
np.random.permutation(males)[0:n_mar]
[ 9 10]
np.random.permutation(males)[0:n_mar]
[8 5]
np.random.permutation(males)[0:n_mar]
[5 1]
np.random.permutation(males)[0:n_mar]
[1 4]
np.random.permutation(males)[0:n_mar]
[10 11]
np.random.permutation(males)[0:n_mar]
[6 2]
np.random.permutation(males)[0:n_mar]
[3 2]
np.random.permutation(males)[0:n_mar]
[10  7]
np.random.permutation(males)[0:n_mar]
[1 7]
np.random.permutation(males)[0:n_mar]
[4 8]
np.random.permutation(males)[0:n_mar]
[6 0]
np.random.permutation(males)[0:n_mar]
[ 2 10]
np.random.permutation(males)[0:n_mar]
[5 2]
np.random.permutation(males)[0:n_mar]
[1 6]
np.random.permutation(males)[0:n_mar]
[4 2]
np.random.permutation(males)[0:n_mar]
[4 9]
np.random.permutation(males)[0:n_mar]
[2 0]
np.random.permutation(males)[0:n_mar]
[ 2 11]
np.random.permutation(males)[0:n_mar]
[3 5]
np.random.permutation(males)[0:n_mar]
[8 5]
np.random.permutation(males)[0:n_mar]
[1 3]
np.random.permutation(males)[0:n_mar]
[3 6]
np.random.permutation(males)[0:n_mar]
[10  7]
np.random.permutation(males)[0:n_mar]
[5 1]
np.random.permutation(males)[0:n_mar]
[ 7 11]
np.random.permutation(males)[0:n_mar]
[2 7]
np.random.permutation(males)[0:n_mar]
[3 8]
np.random.permutation(males)[0:n_mar]
[7 6]
np.random.permutation(males)[0:n_mar]
[9 5]
np.random.permutation(males)[0:n_mar]
[2 0]
np.random.permutation(males)[0:n_mar]
[2 3]
np.random.permutation(males)[0:n_mar]
[10  8]
np.random.permutation(males)[0:n_mar]
[ 7 11]
np.random.permutation(males)[0:n_mar]
[ 9 11]
np.random.permutation(males)[0:n_mar]
[5 2]
np.random.permutation(males)[0:n_mar]
[0 2]
np.random.permutation(males)[0:n_mar]
[8 7]
np.random.permutation(males)[0:n_mar]
[ 5 10]
np.random.permutation(males)[0:n_mar]
[4 7]
np.random.permutation(males)[0:n_mar]
[ 7 10]
np.random.permutation(males)[0:n_mar]
[9 2]
np.random.permutation(males)[0:n_mar]
[9 3]
np.random.permutation(males)[0:n_mar]
[2 1]
np.random.permutation(males)[0:n_mar]
[9 8]
np.random.permutation(males)[0:n_mar]
[2 4]
np.random.permutation(males)[0:n_mar]
[9 1]
np.random.permutation(males)[0:n_mar]
[ 9 11]
np.random.permutation(males)[0:n_mar]
[ 6 11]
np.random.permutation(males)[0:n_mar]
[8 6]
np.random.permutation(males)[0:n_mar]
[10  4]
np.random.permutation(males)[0:n_mar]
[7 5]
np.random.permutation(males)[0:n_mar]
[0 4]
np.random.permutation(males)[0:n_mar]
[ 3 11]
np.random.permutation(males)[0:n_mar]
[5 4]
np.random.permutation(males)[0:n_mar]
[0 2]
np.random.permutation(males)[0:n_mar]
[3 8]
np.random.permutation(males)[0:n_mar]
[10 11]
np.random.permutation(males)[0:n_mar]
[8 6]
np.random.permutation(males)[0:n_mar]
[6 0]
np.random.permutation(males)[0:n_mar]
[2 5]
np.random.permutation(males)[0:n_mar]
[2 0]
np.random.permutation(males)[0:n_mar]
[ 8 11]
np.random.permutation(males)[0:n_mar]
[2 7]
np.random.permutation(males)[0:n_mar]
[ 6 10]
np.random.permutation(males)[0:n_mar]
[11 10]
np.random.permutation(males)[0:n_mar]
[6 5]
np.random.permutation(males)[0:n_mar]
[10  0]
np.random.permutation(males)[0:n_mar]
[7 1]
np.random.permutation(males)[0:n_mar]
[3 0]
np.random.permutation(males)[0:n_mar]
[11  4]
np.random.permutation(males)[0:n_mar]
[3 0]
np.random.permutation(males)[0:n_mar]
[2 4]
np.random.permutation(males)[0:n_mar]
[2 6]
np.random.permutation(males)[0:n_mar]
[2 6]
np.random.permutation(males)[0:n_mar]
[1 0]
np.random.permutation(males)[0:n_mar]
[1 9]
np.random.permutation(males)[0:n_mar]
[ 9 10]
np.random.permutation(males)[0:n_mar]
[10  1]
np.random.permutation(males)[0:n_mar]
[6 9]
np.random.permutation(males)[0:n_mar]
[ 1 11]
np.random.permutation(males)[0:n_mar]
[10  3]
np.random.permutation(males)[0:n_mar]
[ 4 11]
np.random.permutation(males)[0:n_mar]
[ 6 11]
np.random.permutation(males)[0:n_mar]
[6 5]
np.random.permutation(males)[0:n_mar]
[9 3]
np.random.permutation(males)[0:n_mar]
[1 2]
np.random.permutation(males)[0:n_mar]
[11  8]
np.random.permutation(males)[0:n_mar]
[8 6]
np.random.permutation(males)[0:n_mar]
[6 2]
np.random.permutation(males)[0:n_mar]
[0 2]
np.random.permutation(males)[0:n_mar]
[10 11]
np.random.permutation(males)[0:n_mar]
[10 11]
np.random.permutation(males)[0:n_mar]
[4 2]
np.random.permutation(males)[0:n_mar]
[3 5]
np.random.permutation(males)[0:n_mar]
[11  5]
np.random.permutation(males)[0:n_mar]
[2 8]
np.random.permutation(males)[0:n_mar]
[8 2]
np.random.permutation(males)[0:n_mar]
[9 6]
np.random.permutation(males)[0:n_mar]
[5 6]
np.random.permutation(males)[0:n_mar]
[9 4]
np.random.permutation(males)[0:n_mar]
[9 3]
np.random.permutation(males)[0:n_mar]
[1 0]
np.random.permutation(males)[0:n_mar]
[0 7]
np.random.permutation(males)[0:n_mar]
[10  8]
np.random.permutation(males)[0:n_mar]
[6 9]
np.random.permutation(males)[0:n_mar]
[ 9 11]
np.random.permutation(males)[0:n_mar]
[2 0]
np.random.permutation(males)[0:n_mar]
[0 3]
np.random.permutation(males)[0:n_mar]
[2 1]
np.random.permutation(males)[0:n_mar]
[4 8]
np.random.permutation(males)[0:n_mar]
[11  6]
np.random.permutation(males)[0:n_mar]
[7 0]
np.random.permutation(males)[0:n_mar]
[5 8]
np.random.permutation(males)[0:n_mar]
[ 0 10]
np.random.permutation(males)[0:n_mar]
[ 8 11]
np.random.permutation(males)[0:n_mar]
[3 5]
np.random.permutation(males)[0:n_mar]
[0 3]
np.random.permutation(males)[0:n_mar]
[3 1]
np.random.permutation(males)[0:n_mar]
[1 2]
np.random.permutation(males)[0:n_mar]
[10  8]
np.random.permutation(males)[0:n_mar]
[5 9]
np.random.permutation(males)[0:n_mar]
[10  5]
np.random.permutation(males)[0:n_mar]
[3 0]
np.random.permutation(males)[0:n_mar]
[8 0]
np.random.permutation(males)[0:n_mar]
[2 4]
np.random.permutation(males)[0:n_mar]
[3 2]
np.random.permutation(males)[0:n_mar]
[2 8]
np.random.permutation(males)[0:n_mar]
[11  4]
np.random.permutation(males)[0:n_mar]
[11  5]
np.random.permutation(males)[0:n_mar]
[4 6]
np.random.permutation(males)[0:n_mar]
[5 8]
np.random.permutation(males)[0:n_mar]
[5 8]
np.random.permutation(males)[0:n_mar]
[0 9]
np.random.permutation(males)[0:n_mar]
[11  4]
np.random.permutation(males)[0:n_mar]
[11  2]
np.random.permutation(males)[0:n_mar]
[10  8]
np.random.permutation(males)[0:n_mar]
[10  6]
np.random.permutation(males)[0:n_mar]
[8 6]
np.random.permutation(males)[0:n_mar]
[5 8]
np.random.permutation(males)[0:n_mar]
[ 5 10]
np.random.permutation(males)[0:n_mar]
[ 8 10]
np.random.permutation(males)[0:n_mar]
[6 8]
np.random.permutation(males)[0:n_mar]
[9 5]
np.random.permutation(males)[0:n_mar]
[4 6]
np.random.permutation(males)[0:n_mar]
[4 5]
np.random.permutation(males)[0:n_mar]
[ 0 11]
np.random.permutation(males)[0:n_mar]
[10 11]
np.random.permutation(males)[0:n_mar]
[6 8]
np.random.permutation(males)[0:n_mar]
[11  5]
np.random.permutation(males)[0:n_mar]
[6 8]
np.random.permutation(males)[0:n_mar]
[1 6]
np.random.permutation(males)[0:n_mar]
[2 6]
np.random.permutation(males)[0:n_mar]
[3 7]
np.random.permutation(males)[0:n_mar]
[11  0]
np.random.permutation(males)[0:n_mar]
[4 9]
np.random.permutation(males)[0:n_mar]
[11  1]
np.random.permutation(males)[0:n_mar]
[8 7]
np.random.permutation(males)[0:n_mar]
[9 6]
np.random.permutation(males)[0:n_mar]
[11  7]
np.random.permutation(males)[0:n_mar]
[2 7]
np.random.permutation(males)[0:n_mar]
[4 9]
np.random.permutation(males)[0:n_mar]
[2 3]
np.random.permutation(males)[0:n_mar]
[9 1]
np.random.permutation(males)[0:n_mar]
[9 5]
np.random.permutation(males)[0:n_mar]
[8 4]
np.random.permutation(males)[0:n_mar]
[5 8]
np.random.permutation(males)[0:n_mar]
[3 6]
np.random.permutation(males)[0:n_mar]
[4 7]
np.random.permutation(males)[0:n_mar]
[2 3]
np.random.permutation(males)[0:n_mar]
[6 0]
np.random.permutation(males)[0:n_mar]
[9 1]
np.random.permutation(males)[0:n_mar]
[8 9]
np.random.permutation(males)[0:n_mar]
[ 8 10]
np.random.permutation(males)[0:n_mar]
[7 9]
np.random.permutation(males)[0:n_mar]
[3 2]
np.random.permutation(males)[0:n_mar]
[5 6]
np.random.permutation(males)[0:n_mar]
[8 0]
np.random.permutation(males)[0:n_mar]
[6 3]
np.random.permutation(males)[0:n_mar]
[6 3]
np.random.permutation(males)[0:n_mar]
[9 5]
np.random.permutation(males)[0:n_mar]
[8 7]
np.random.permutation(males)[0:n_mar]
[5 4]
np.random.permutation(males)[0:n_mar]
[ 5 10]
np.random.permutation(males)[0:n_mar]
[10  2]
np.random.permutation(males)[0:n_mar]
[7 2]
np.random.permutation(males)[0:n_mar]
[5 4]
np.random.permutation(males)[0:n_mar]
[ 9 10]
np.random.permutation(males)[0:n_mar]
[4 2]
np.random.permutation(males)[0:n_mar]
[5 4]
np.random.permutation(males)[0:n_mar]
[1 9]
np.random.permutation(males)[0:n_mar]
[1 7]
np.random.permutation(males)[0:n_mar]
[5 3]
np.random.permutation(males)[0:n_mar]
[ 8 10]
np.random.permutation(males)[0:n_mar]
[2 9]
np.random.permutation(males)[0:n_mar]
[9 8]
np.random.permutation(males)[0:n_mar]
[9 8]
np.random.permutation(males)[0:n_mar]
[4 6]
np.random.permutation(males)[0:n_mar]
[11  6]
np.random.permutation(males)[0:n_mar]
[9 3]
np.random.permutation(males)[0:n_mar]
[5 3]
np.random.permutation(males)[0:n_mar]
[6 0]
np.random.permutation(males)[0:n_mar]
[ 3 11]
np.random.permutation(males)[0:n_mar]
[4 0]
np.random.permutation(males)[0:n_mar]
[8 1]
np.random.permutation(males)[0:n_mar]
[ 7 11]
np.random.permutation(males)[0:n_mar]
[5 2]
np.random.permutation(males)[0:n_mar]
[ 5 10]
np.random.permutation(males)[0:n_mar]
[ 9 11]
np.random.permutation(males)[0:n_mar]
[2 7]
np.random.permutation(males)[0:n_mar]
[5 7]
np.random.permutation(males)[0:n_mar]
[ 2 11]
np.random.permutation(males)[0:n_mar]
[9 1]
np.random.permutation(males)[0:n_mar]
[10  2]
np.random.permutation(males)[0:n_mar]
[4 1]
np.random.permutation(males)[0:n_mar]
[7 0]
np.random.permutation(males)[0:n_mar]
[0 5]
np.random.permutation(males)[0:n_mar]
[9 4]
np.random.permutation(males)[0:n_mar]
[6 9]
np.random.permutation(males)[0:n_mar]
[8 9]
np.random.permutation(males)[0:n_mar]
[6 9]
np.random.permutation(males)[0:n_mar]
[1 7]
np.random.permutation(males)[0:n_mar]
[10  1]
np.random.permutation(males)[0:n_mar]
[8 7]
np.random.permutation(males)[0:n_mar]
[ 0 11]
np.random.permutation(males)[0:n_mar]
[9 3]
np.random.permutation(males)[0:n_mar]
[4 8]
np.random.permutation(males)[0:n_mar]
[4 8]
np.random.permutation(males)[0:n_mar]
[0 5]
np.random.permutation(males)[0:n_mar]
[4 2]
np.random.permutation(males)[0:n_mar]
[6 0]
np.random.permutation(males)[0:n_mar]
[10  4]
np.random.permutation(males)[0:n_mar]
[11  4]
np.random.permutation(males)[0:n_mar]
[2 7]
np.random.permutation(males)[0:n_mar]
[ 7 10]
np.random.permutation(males)[0:n_mar]
[5 1]
np.random.permutation(males)[0:n_mar]
[0 6]
np.random.permutation(males)[0:n_mar]
[ 1 11]
np.random.permutation(males)[0:n_mar]
[ 1 10]
np.random.permutation(males)[0:n_mar]
[3 9]
np.random.permutation(males)[0:n_mar]
[8 6]
np.random.permutation(males)[0:n_mar]
[10  6]
np.random.permutation(males)[0:n_mar]
[ 7 11]
np.random.permutation(males)[0:n_mar]
[0 7]
np.random.permutation(males)[0:n_mar]
[3 5]
np.random.permutation(males)[0:n_mar]
[5 7]
np.random.permutation(males)[0:n_mar]
[9 7]
np.random.permutation(males)[0:n_mar]
[4 1]
np.random.permutation(males)[0:n_mar]
[3 5]
np.random.permutation(males)[0:n_mar]
[6 3]
