np.random.permutation(males)[0:n_mar]
[ 8 23 21 19]
np.random.permutation(males)[0:n_mar]
[12  6 10 11]
np.random.permutation(males)[0:n_mar]
[ 4  1 17  6]
np.random.permutation(males)[0:n_mar]
[20  1  0  5]
np.random.permutation(males)[0:n_mar]
[11  8 17 16]
np.random.permutation(males)[0:n_mar]
[20 23  9 14]
np.random.permutation(males)[0:n_mar]
[20 15 16  4]
np.random.permutation(males)[0:n_mar]
[ 4  0 20  3]
np.random.permutation(males)[0:n_mar]
[10  3  7  2]
np.random.permutation(males)[0:n_mar]
[18 10 12  1]
np.random.permutation(males)[0:n_mar]
[22 18  8  7]
np.random.permutation(males)[0:n_mar]
[22  7  6 23]
np.random.permutation(males)[0:n_mar]
[14 22 20  8]
np.random.permutation(males)[0:n_mar]
[15 19 20  6]
np.random.permutation(males)[0:n_mar]
[16 22 14 21]
np.random.permutation(males)[0:n_mar]
[9 5 8 1]
np.random.permutation(males)[0:n_mar]
[20 11 14  2]
np.random.permutation(males)[0:n_mar]
[16  6 15  8]
np.random.permutation(males)[0:n_mar]
[ 6  9 12  3]
np.random.permutation(males)[0:n_mar]
[20  4 12  7]
np.random.permutation(males)[0:n_mar]
[18 22 23  8]
np.random.permutation(males)[0:n_mar]
[ 6 20 14 13]
np.random.permutation(males)[0:n_mar]
[10 19 16 14]
np.random.permutation(males)[0:n_mar]
[ 9  2 20 10]
np.random.permutation(males)[0:n_mar]
[15 13  5 11]
np.random.permutation(males)[0:n_mar]
[22  1 20 19]
np.random.permutation(males)[0:n_mar]
[15 12 16  8]
np.random.permutation(males)[0:n_mar]
[14  6 13 17]
np.random.permutation(males)[0:n_mar]
[17 10  7 22]
np.random.permutation(males)[0:n_mar]
[ 6  0 17  1]
np.random.permutation(males)[0:n_mar]
[20  9 19 22]
np.random.permutation(males)[0:n_mar]
[16  5 17 22]
np.random.permutation(males)[0:n_mar]
[9 7 3 0]
np.random.permutation(males)[0:n_mar]
[19 12 11 23]
np.random.permutation(males)[0:n_mar]
[15  6  5  3]
np.random.permutation(males)[0:n_mar]
[10  1  7 23]
np.random.permutation(males)[0:n_mar]
[ 3 15 23 12]
np.random.permutation(males)[0:n_mar]
[21 18  8 11]
np.random.permutation(males)[0:n_mar]
[11  1  2  7]
np.random.permutation(males)[0:n_mar]
[18 20  3  4]
np.random.permutation(males)[0:n_mar]
[12 23 11  7]
np.random.permutation(males)[0:n_mar]
[ 5  0 17 12]
np.random.permutation(males)[0:n_mar]
[18  6 10  8]
np.random.permutation(males)[0:n_mar]
[ 4 17  6  1]
np.random.permutation(males)[0:n_mar]
[ 3  9 12  2]
np.random.permutation(males)[0:n_mar]
[12 10  5 14]
np.random.permutation(males)[0:n_mar]
[ 2 23 10  8]
np.random.permutation(males)[0:n_mar]
[ 8  9 23 19]
np.random.permutation(males)[0:n_mar]
[ 5  1 23  9]
np.random.permutation(males)[0:n_mar]
[ 2 20  0  3]
np.random.permutation(males)[0:n_mar]
[12 14 23  6]
np.random.permutation(males)[0:n_mar]
[ 2 11  7 17]
np.random.permutation(males)[0:n_mar]
[18  5  1 20]
np.random.permutation(males)[0:n_mar]
[ 7 20  6 21]
np.random.permutation(males)[0:n_mar]
[ 3 19  2 11]
np.random.permutation(males)[0:n_mar]
[11  2 12  5]
np.random.permutation(males)[0:n_mar]
[15 10 12 11]
np.random.permutation(males)[0:n_mar]
[ 3 12  5  0]
np.random.permutation(males)[0:n_mar]
[ 7  6 21  4]
np.random.permutation(males)[0:n_mar]
[21 17  8 11]
np.random.permutation(males)[0:n_mar]
[13  5 15 14]
np.random.permutation(males)[0:n_mar]
[ 8  9  3 17]
np.random.permutation(males)[0:n_mar]
[23  3  6 10]
np.random.permutation(males)[0:n_mar]
[17 20 10  7]
np.random.permutation(males)[0:n_mar]
[17  0  6 20]
np.random.permutation(males)[0:n_mar]
[ 9 18  8 22]
np.random.permutation(males)[0:n_mar]
[10  3 18  4]
np.random.permutation(males)[0:n_mar]
[ 8  0 14 16]
np.random.permutation(males)[0:n_mar]
[13 22 21 15]
np.random.permutation(males)[0:n_mar]
[16  5 11 23]
np.random.permutation(males)[0:n_mar]
[11 23 17  5]
np.random.permutation(males)[0:n_mar]
[15 17 23  7]
np.random.permutation(males)[0:n_mar]
[ 8 13  9 11]
np.random.permutation(males)[0:n_mar]
[14 21  2  4]
np.random.permutation(males)[0:n_mar]
[20  6  3 12]
np.random.permutation(males)[0:n_mar]
[13 19 11 22]
np.random.permutation(males)[0:n_mar]
[11  8  4 10]
np.random.permutation(males)[0:n_mar]
[11 19 21  9]
np.random.permutation(males)[0:n_mar]
[18 23 20 14]
np.random.permutation(males)[0:n_mar]
[22  2 16 14]
np.random.permutation(males)[0:n_mar]
[10 14 16  3]
np.random.permutation(males)[0:n_mar]
[18  0 19 15]
np.random.permutation(males)[0:n_mar]
[18  9 20 10]
np.random.permutation(males)[0:n_mar]
[ 2 15  6 19]
np.random.permutation(males)[0:n_mar]
[ 6 23 11  9]
np.random.permutation(males)[0:n_mar]
[ 6 14 15  8]
np.random.permutation(males)[0:n_mar]
[ 5 17  4 16]
np.random.permutation(males)[0:n_mar]
[20 14  9 22]
np.random.permutation(males)[0:n_mar]
[16 15  6 20]
np.random.permutation(males)[0:n_mar]
[ 9 22  1 17]
np.random.permutation(males)[0:n_mar]
[19 16 13 22]
np.random.permutation(males)[0:n_mar]
[ 1  8 21  9]
np.random.permutation(males)[0:n_mar]
[ 5 13  6 17]
np.random.permutation(males)[0:n_mar]
[10  2 11 17]
np.random.permutation(males)[0:n_mar]
[21  0  4  8]
np.random.permutation(males)[0:n_mar]
[12 17 19  7]
np.random.permutation(males)[0:n_mar]
[19 22 14 11]
np.random.permutation(males)[0:n_mar]
[ 1  4 12  6]
np.random.permutation(males)[0:n_mar]
[19 13 16  6]
np.random.permutation(males)[0:n_mar]
[ 4  0  7 12]
np.random.permutation(males)[0:n_mar]
[ 5 20  1 16]
np.random.permutation(males)[0:n_mar]
[16 17  6 21]
np.random.permutation(males)[0:n_mar]
[11 19 20  0]
np.random.permutation(males)[0:n_mar]
[17 22 23 21]
np.random.permutation(males)[0:n_mar]
[10  9 13 17]
np.random.permutation(males)[0:n_mar]
[22 18 12  8]
np.random.permutation(males)[0:n_mar]
[11  8 10 13]
np.random.permutation(males)[0:n_mar]
[17 13 23  6]
np.random.permutation(males)[0:n_mar]
[10 17 14 23]
np.random.permutation(males)[0:n_mar]
[20 15 13  7]
np.random.permutation(males)[0:n_mar]
[15 10 19 16]
np.random.permutation(males)[0:n_mar]
[16  2 21  9]
np.random.permutation(males)[0:n_mar]
[14 18 12 19]
np.random.permutation(males)[0:n_mar]
[10 14 16 21]
np.random.permutation(males)[0:n_mar]
[ 2  8  6 15]
np.random.permutation(males)[0:n_mar]
[ 7 22  3 14]
np.random.permutation(males)[0:n_mar]
[19  9  2 22]
np.random.permutation(males)[0:n_mar]
[7 0 6 5]
np.random.permutation(males)[0:n_mar]
[15  2 11 22]
np.random.permutation(males)[0:n_mar]
[23 14  7 15]
np.random.permutation(males)[0:n_mar]
[14 23  4 15]
np.random.permutation(males)[0:n_mar]
[13  3 16 15]
np.random.permutation(males)[0:n_mar]
[ 1  8  2 19]
np.random.permutation(males)[0:n_mar]
[20 12 23 18]
np.random.permutation(males)[0:n_mar]
[12  3  0  4]
np.random.permutation(males)[0:n_mar]
[6 5 7 2]
np.random.permutation(males)[0:n_mar]
[ 1 23  0 21]
np.random.permutation(males)[0:n_mar]
[1 8 0 6]
np.random.permutation(males)[0:n_mar]
[ 7 23  1 11]
np.random.permutation(males)[0:n_mar]
[18 14  5  1]
np.random.permutation(males)[0:n_mar]
[ 3  2  6 20]
np.random.permutation(males)[0:n_mar]
[ 6  1  3 20]
np.random.permutation(males)[0:n_mar]
[ 9 10  7 22]
np.random.permutation(males)[0:n_mar]
[ 5 14  0 16]
np.random.permutation(males)[0:n_mar]
[ 4  5 16 23]
np.random.permutation(males)[0:n_mar]
[13 17  1  7]
np.random.permutation(males)[0:n_mar]
[21 20 19 18]
np.random.permutation(males)[0:n_mar]
[22 13  5 16]
np.random.permutation(males)[0:n_mar]
[ 5 22  4 14]
np.random.permutation(males)[0:n_mar]
[20 15 12  6]
np.random.permutation(males)[0:n_mar]
[ 7  3 14  2]
np.random.permutation(males)[0:n_mar]
[19  2 10  3]
np.random.permutation(males)[0:n_mar]
[18 20  0 23]
np.random.permutation(males)[0:n_mar]
[20 10  2  7]
np.random.permutation(males)[0:n_mar]
[ 7 19  6  5]
np.random.permutation(males)[0:n_mar]
[19  1 14  5]
np.random.permutation(males)[0:n_mar]
[13 18 22  7]
np.random.permutation(males)[0:n_mar]
[17 10 13 21]
np.random.permutation(males)[0:n_mar]
[ 6 11  8  1]
np.random.permutation(males)[0:n_mar]
[20 13 12 18]
np.random.permutation(males)[0:n_mar]
[20  8 11 22]
np.random.permutation(males)[0:n_mar]
[ 7 16 18 14]
np.random.permutation(males)[0:n_mar]
[19  8  6 16]
np.random.permutation(males)[0:n_mar]
[14  0 18 10]
np.random.permutation(males)[0:n_mar]
[ 1 19 12  6]
np.random.permutation(males)[0:n_mar]
[ 0 12 20 18]
np.random.permutation(males)[0:n_mar]
[20 13  5 23]
np.random.permutation(males)[0:n_mar]
[ 8  7 18 21]
np.random.permutation(males)[0:n_mar]
[ 0 15  5 20]
np.random.permutation(males)[0:n_mar]
[22  3  7  1]
np.random.permutation(males)[0:n_mar]
[21 16 14  2]
np.random.permutation(males)[0:n_mar]
[14  5  7  4]
np.random.permutation(males)[0:n_mar]
[ 5  1 23  3]
np.random.permutation(males)[0:n_mar]
[17 20 10  0]
np.random.permutation(males)[0:n_mar]
[20  2 19 21]
np.random.permutation(males)[0:n_mar]
[15  2  1 13]
np.random.permutation(males)[0:n_mar]
[19 21 18  9]
np.random.permutation(males)[0:n_mar]
[21 15  9  4]
np.random.permutation(males)[0:n_mar]
[12 13 21 22]
np.random.permutation(males)[0:n_mar]
[ 5  9 17  7]
np.random.permutation(males)[0:n_mar]
[ 4 10  9  5]
np.random.permutation(males)[0:n_mar]
[21 23 10 18]
np.random.permutation(males)[0:n_mar]
[20 22  7  3]
np.random.permutation(males)[0:n_mar]
[16 10 12  4]
np.random.permutation(males)[0:n_mar]
[11 14  0 16]
np.random.permutation(males)[0:n_mar]
[ 8 14 16 11]
np.random.permutation(males)[0:n_mar]
[ 9 14 21 15]
np.random.permutation(males)[0:n_mar]
[13 16 17 12]
np.random.permutation(males)[0:n_mar]
[ 6  5 16 10]
np.random.permutation(males)[0:n_mar]
[13 17  2  3]
np.random.permutation(males)[0:n_mar]
[19  5 23 22]
np.random.permutation(males)[0:n_mar]
[ 1 13  5  9]
np.random.permutation(males)[0:n_mar]
[ 8  4 14  3]
np.random.permutation(males)[0:n_mar]
[17  6  7 13]
np.random.permutation(males)[0:n_mar]
[ 0  4 23 21]
np.random.permutation(males)[0:n_mar]
[ 8 15  1 20]
np.random.permutation(males)[0:n_mar]
[ 8 17  4 12]
np.random.permutation(males)[0:n_mar]
[ 0 18 11  6]
np.random.permutation(males)[0:n_mar]
[ 6  4  9 11]
np.random.permutation(males)[0:n_mar]
[15 10 20 21]
np.random.permutation(males)[0:n_mar]
[19 15  9  2]
np.random.permutation(males)[0:n_mar]
[ 1 13 16  7]
np.random.permutation(males)[0:n_mar]
[ 3 16 15 12]
np.random.permutation(males)[0:n_mar]
[23 12 13 20]
np.random.permutation(males)[0:n_mar]
[ 5 12 14 23]
np.random.permutation(males)[0:n_mar]
[ 3 10  8  4]
np.random.permutation(males)[0:n_mar]
[10 15  0  5]
np.random.permutation(males)[0:n_mar]
[ 1 15 20  6]
np.random.permutation(males)[0:n_mar]
[14 10 13 18]
np.random.permutation(males)[0:n_mar]
[ 8  5 17  6]
np.random.permutation(males)[0:n_mar]
[13 22  2 12]
np.random.permutation(males)[0:n_mar]
[22  3  2  4]
np.random.permutation(males)[0:n_mar]
[14 15  1  3]
np.random.permutation(males)[0:n_mar]
[ 2  7 23 22]
np.random.permutation(males)[0:n_mar]
[19  2 20 13]
np.random.permutation(males)[0:n_mar]
[ 5  7  8 18]
np.random.permutation(males)[0:n_mar]
[20  7 18 22]
np.random.permutation(males)[0:n_mar]
[16 12  5  8]
np.random.permutation(males)[0:n_mar]
[21 10 17  8]
np.random.permutation(males)[0:n_mar]
[13  2 12  1]
np.random.permutation(males)[0:n_mar]
[15 16  1 23]
np.random.permutation(males)[0:n_mar]
[ 1 22  9 12]
np.random.permutation(males)[0:n_mar]
[ 8 17 19 16]
np.random.permutation(males)[0:n_mar]
[23 17  3 19]
np.random.permutation(males)[0:n_mar]
[ 0 22 12 10]
np.random.permutation(males)[0:n_mar]
[13 23  8 11]
np.random.permutation(males)[0:n_mar]
[21  2  8  1]
np.random.permutation(males)[0:n_mar]
[13  7  3 17]
np.random.permutation(males)[0:n_mar]
[15 12 11  9]
np.random.permutation(males)[0:n_mar]
[18 11 17 14]
np.random.permutation(males)[0:n_mar]
[16  2 22  8]
np.random.permutation(males)[0:n_mar]
[15 10  2 22]
np.random.permutation(males)[0:n_mar]
[10 22 17 19]
np.random.permutation(males)[0:n_mar]
[ 8 14 15 16]
np.random.permutation(males)[0:n_mar]
[14 22 13 20]
np.random.permutation(males)[0:n_mar]
[ 5 14 23 19]
np.random.permutation(males)[0:n_mar]
[19 11  9  4]
np.random.permutation(males)[0:n_mar]
[22 20  5  2]
np.random.permutation(males)[0:n_mar]
[14  1  8  9]
np.random.permutation(males)[0:n_mar]
[14  2 16 15]
np.random.permutation(males)[0:n_mar]
[19  1  5 11]
np.random.permutation(males)[0:n_mar]
[10 18 21 20]
np.random.permutation(males)[0:n_mar]
[ 6 15 20 23]
np.random.permutation(males)[0:n_mar]
[12 16 19 23]
np.random.permutation(males)[0:n_mar]
[ 0 10  5  4]
np.random.permutation(males)[0:n_mar]
[ 9 15 16  1]
np.random.permutation(males)[0:n_mar]
[ 7  3 18  0]
np.random.permutation(males)[0:n_mar]
[11  4 10  9]
np.random.permutation(males)[0:n_mar]
[22  8  0 11]
np.random.permutation(males)[0:n_mar]
[14 11  6 20]
np.random.permutation(males)[0:n_mar]
[21 18  2 15]
np.random.permutation(males)[0:n_mar]
[ 4 23  8 20]
np.random.permutation(males)[0:n_mar]
[23 20  2  9]
np.random.permutation(males)[0:n_mar]
[ 7 16  2 20]
np.random.permutation(males)[0:n_mar]
[ 3 16  2  9]
np.random.permutation(males)[0:n_mar]
[ 0 12 20 23]
np.random.permutation(males)[0:n_mar]
[22 23 12 16]
np.random.permutation(males)[0:n_mar]
[ 5  8 15  7]
np.random.permutation(males)[0:n_mar]
[ 2 21  0  7]
np.random.permutation(males)[0:n_mar]
[ 3  0 22 19]
np.random.permutation(males)[0:n_mar]
[19  4 16  6]
np.random.permutation(males)[0:n_mar]
[ 7 17 21 20]
np.random.permutation(males)[0:n_mar]
[ 5  0 10 17]
np.random.permutation(males)[0:n_mar]
[17 20  1 18]
np.random.permutation(males)[0:n_mar]
[13  4 21 11]
np.random.permutation(males)[0:n_mar]
[ 7 17 19  4]
np.random.permutation(males)[0:n_mar]
[18 23 11 15]
np.random.permutation(males)[0:n_mar]
[11 16 10  9]
np.random.permutation(males)[0:n_mar]
[13 20  5 16]
np.random.permutation(males)[0:n_mar]
[ 9 17 10  5]
np.random.permutation(males)[0:n_mar]
[ 0  9 12 10]
np.random.permutation(males)[0:n_mar]
[ 6 14 11 22]
np.random.permutation(males)[0:n_mar]
[13 20  4  2]
np.random.permutation(males)[0:n_mar]
[14  2  7 17]
np.random.permutation(males)[0:n_mar]
[ 7 14 11 10]
np.random.permutation(males)[0:n_mar]
[15  3 12 21]
np.random.permutation(males)[0:n_mar]
[11 22  3  2]
np.random.permutation(males)[0:n_mar]
[ 4  3 18 10]
np.random.permutation(males)[0:n_mar]
[10 22 19 23]
np.random.permutation(males)[0:n_mar]
[14  9 21 20]
np.random.permutation(males)[0:n_mar]
[14  7  0 22]
np.random.permutation(males)[0:n_mar]
[ 1 13 10 11]
np.random.permutation(males)[0:n_mar]
[ 1  7 23 13]
np.random.permutation(males)[0:n_mar]
[10  7  2 18]
np.random.permutation(males)[0:n_mar]
[18 11 19 13]
np.random.permutation(males)[0:n_mar]
[12 17  6  3]
np.random.permutation(males)[0:n_mar]
[12 23  9  0]
np.random.permutation(males)[0:n_mar]
[10 17 13 18]
np.random.permutation(males)[0:n_mar]
[22 11 20  4]
np.random.permutation(males)[0:n_mar]
[17  7 11  0]
np.random.permutation(males)[0:n_mar]
[ 4  1  9 17]
np.random.permutation(males)[0:n_mar]
[ 6 12 20 15]
np.random.permutation(males)[0:n_mar]
[22  3  6  8]
np.random.permutation(males)[0:n_mar]
[ 2 15  4  1]
np.random.permutation(males)[0:n_mar]
[13 16 10 21]
np.random.permutation(males)[0:n_mar]
[21 11 14  2]
np.random.permutation(males)[0:n_mar]
[ 2 15 20  1]
np.random.permutation(males)[0:n_mar]
[7 4 9 3]
np.random.permutation(males)[0:n_mar]
[13 17 11  0]
np.random.permutation(males)[0:n_mar]
[14 22 20  7]
np.random.permutation(males)[0:n_mar]
[19 10  6  3]
np.random.permutation(males)[0:n_mar]
[19  8 15 18]
np.random.permutation(males)[0:n_mar]
[ 4 17 10 19]
np.random.permutation(males)[0:n_mar]
[ 8  0 22  6]
np.random.permutation(males)[0:n_mar]
[16  5  6 10]
np.random.permutation(males)[0:n_mar]
[17  8 14  1]
np.random.permutation(males)[0:n_mar]
[ 0  1 16  5]
np.random.permutation(males)[0:n_mar]
[ 0 17 19  4]
np.random.permutation(males)[0:n_mar]
[ 9 19  4 20]
np.random.permutation(males)[0:n_mar]
[ 1 23 20  8]
np.random.permutation(males)[0:n_mar]
[ 8  2 20  4]
np.random.permutation(males)[0:n_mar]
[18 16  7  5]
np.random.permutation(males)[0:n_mar]
[ 7  1  0 15]
np.random.permutation(males)[0:n_mar]
[ 4 22  0  9]
np.random.permutation(males)[0:n_mar]
[18  1  4 21]
np.random.permutation(males)[0:n_mar]
[13 22 20 18]
np.random.permutation(males)[0:n_mar]
[11 18  6  1]
np.random.permutation(males)[0:n_mar]
[ 1  7 15 22]
np.random.permutation(males)[0:n_mar]
[11 18  1 15]
np.random.permutation(males)[0:n_mar]
[12 23  8 11]
np.random.permutation(males)[0:n_mar]
[ 7  3 22 11]
np.random.permutation(males)[0:n_mar]
[ 9 23  0 17]
np.random.permutation(males)[0:n_mar]
[21 16  8  6]
np.random.permutation(males)[0:n_mar]
[12 23 20 17]
np.random.permutation(males)[0:n_mar]
[ 0  5  2 10]
np.random.permutation(males)[0:n_mar]
[ 7 11 18 14]
np.random.permutation(males)[0:n_mar]
[ 9 21 19 12]
np.random.permutation(males)[0:n_mar]
[12  7 17  9]
np.random.permutation(males)[0:n_mar]
[ 6 14  5 18]
np.random.permutation(males)[0:n_mar]
[ 7  4 22 23]
np.random.permutation(males)[0:n_mar]
[22  2  3 15]
np.random.permutation(males)[0:n_mar]
[16  7 15  9]
np.random.permutation(males)[0:n_mar]
[18  5  2  1]
np.random.permutation(males)[0:n_mar]
[ 7  2 22  0]
np.random.permutation(males)[0:n_mar]
[15  8 22 19]
np.random.permutation(males)[0:n_mar]
[19  7 10  0]
np.random.permutation(males)[0:n_mar]
[13 23 19 12]
np.random.permutation(males)[0:n_mar]
[18  0 16 22]
np.random.permutation(males)[0:n_mar]
[ 9  1 22 20]
np.random.permutation(males)[0:n_mar]
[23 16 18  1]
np.random.permutation(males)[0:n_mar]
[21  9 23 10]
np.random.permutation(males)[0:n_mar]
[16  1 17 15]
np.random.permutation(males)[0:n_mar]
[ 5 11 17 23]
np.random.permutation(males)[0:n_mar]
[16 15  3 13]
np.random.permutation(males)[0:n_mar]
[ 9  0 15 18]
np.random.permutation(males)[0:n_mar]
[ 9  2 16 10]
np.random.permutation(males)[0:n_mar]
[ 9  1 23  2]
np.random.permutation(males)[0:n_mar]
[16  9 20 17]
np.random.permutation(males)[0:n_mar]
[17 23 22  5]
np.random.permutation(males)[0:n_mar]
[ 5 17 13  0]
np.random.permutation(males)[0:n_mar]
[ 0 21 13 14]
np.random.permutation(males)[0:n_mar]
[11  3 10  7]
np.random.permutation(males)[0:n_mar]
[17 19 21 13]
np.random.permutation(males)[0:n_mar]
[11  9  1  8]
np.random.permutation(males)[0:n_mar]
[10 23  3  1]
np.random.permutation(males)[0:n_mar]
[10 11 14  3]
np.random.permutation(males)[0:n_mar]
[ 2  4 13  0]
np.random.permutation(males)[0:n_mar]
[10 16  7  4]
np.random.permutation(males)[0:n_mar]
[14 20 19 15]
np.random.permutation(males)[0:n_mar]
[ 8  5  7 16]
np.random.permutation(males)[0:n_mar]
[20 17  4 19]
np.random.permutation(males)[0:n_mar]
[14  6  5 10]
np.random.permutation(males)[0:n_mar]
[ 4  5  9 21]
np.random.permutation(males)[0:n_mar]
[ 5 21  2  1]
np.random.permutation(males)[0:n_mar]
[10 20  3 19]
np.random.permutation(males)[0:n_mar]
[16  5  4  9]
np.random.permutation(males)[0:n_mar]
[10 12  1 11]
np.random.permutation(males)[0:n_mar]
[22  2  8  1]
np.random.permutation(males)[0:n_mar]
[ 2 10  8  5]
np.random.permutation(males)[0:n_mar]
[ 3 20 23 22]
np.random.permutation(males)[0:n_mar]
[ 4 19 15  5]
np.random.permutation(males)[0:n_mar]
[ 4  3 23 13]
np.random.permutation(males)[0:n_mar]
[20  8  9  7]
np.random.permutation(males)[0:n_mar]
[20  7  9  4]
np.random.permutation(males)[0:n_mar]
[ 9 21 16 14]
np.random.permutation(males)[0:n_mar]
[ 0  2 18  8]
np.random.permutation(males)[0:n_mar]
[ 0  4 21 19]
np.random.permutation(males)[0:n_mar]
[17  6 16 18]
np.random.permutation(males)[0:n_mar]
[ 5 18 20 17]
np.random.permutation(males)[0:n_mar]
[18  4 15 13]
np.random.permutation(males)[0:n_mar]
[12 11  3 13]
np.random.permutation(males)[0:n_mar]
[22  6  7  3]
np.random.permutation(males)[0:n_mar]
[ 9 17  6  5]
np.random.permutation(males)[0:n_mar]
[12  0 10 11]
np.random.permutation(males)[0:n_mar]
[21  1 22  5]
np.random.permutation(males)[0:n_mar]
[ 9 12 20  1]
np.random.permutation(males)[0:n_mar]
[ 0 17  7 13]
np.random.permutation(males)[0:n_mar]
[19 18 12  4]
np.random.permutation(males)[0:n_mar]
[22  2  6  7]
np.random.permutation(males)[0:n_mar]
[10  5  2  0]
np.random.permutation(males)[0:n_mar]
[17 18 13  2]
np.random.permutation(males)[0:n_mar]
[ 0  1 16  8]
np.random.permutation(males)[0:n_mar]
[5 3 2 7]
np.random.permutation(males)[0:n_mar]
[ 4 18 16  9]
np.random.permutation(males)[0:n_mar]
[20 18  8  1]
np.random.permutation(males)[0:n_mar]
[13 14 16  8]
np.random.permutation(males)[0:n_mar]
[ 5  1  6 12]
np.random.permutation(males)[0:n_mar]
[ 5  1  8 11]
np.random.permutation(males)[0:n_mar]
[20 22  5 19]
np.random.permutation(males)[0:n_mar]
[21 17  3 23]
np.random.permutation(males)[0:n_mar]
[ 1 13 18  6]
np.random.permutation(males)[0:n_mar]
[ 2  3 19  8]
np.random.permutation(males)[0:n_mar]
[22 12 15  0]
np.random.permutation(males)[0:n_mar]
[13 12  2  3]
np.random.permutation(males)[0:n_mar]
[11  9 17  7]
np.random.permutation(males)[0:n_mar]
[ 5  1 22 18]
np.random.permutation(males)[0:n_mar]
[10 22 17 11]
np.random.permutation(males)[0:n_mar]
[ 3 12  2  5]
np.random.permutation(males)[0:n_mar]
[ 3  5 21 10]
np.random.permutation(males)[0:n_mar]
[18 21 10 23]
np.random.permutation(males)[0:n_mar]
[ 5 10 20 14]
np.random.permutation(males)[0:n_mar]
[ 9 16 14  8]
np.random.permutation(males)[0:n_mar]
[ 8 20  7 15]
np.random.permutation(males)[0:n_mar]
[11  8 15  1]
np.random.permutation(males)[0:n_mar]
[ 4 16 22  2]
np.random.permutation(males)[0:n_mar]
[15  0  3  6]
np.random.permutation(males)[0:n_mar]
[15  8 12  4]
np.random.permutation(males)[0:n_mar]
[ 2 11 10 17]
np.random.permutation(males)[0:n_mar]
[18 20  2  8]
np.random.permutation(males)[0:n_mar]
[ 3  2  0 21]
np.random.permutation(males)[0:n_mar]
[ 9 23 16  7]
np.random.permutation(males)[0:n_mar]
[ 8 13 23 18]
np.random.permutation(males)[0:n_mar]
[16  1 14 23]
np.random.permutation(males)[0:n_mar]
[14  8 17 15]
np.random.permutation(males)[0:n_mar]
[ 9 18 13  0]
np.random.permutation(males)[0:n_mar]
[ 9 21  0 23]
np.random.permutation(males)[0:n_mar]
[ 6 11  3 16]
np.random.permutation(males)[0:n_mar]
[11 12 20  2]
np.random.permutation(males)[0:n_mar]
[ 7 16 18 22]
np.random.permutation(males)[0:n_mar]
[19  3 16  6]
np.random.permutation(males)[0:n_mar]
[21 19  0 15]
np.random.permutation(males)[0:n_mar]
[17 20 11 18]
np.random.permutation(males)[0:n_mar]
[ 7 17 18  3]
np.random.permutation(males)[0:n_mar]
[12  5 11 20]
np.random.permutation(males)[0:n_mar]
[22  5 19 15]
np.random.permutation(males)[0:n_mar]
[ 6  5  3 11]
np.random.permutation(males)[0:n_mar]
[20  1  5 19]
np.random.permutation(males)[0:n_mar]
[ 1  3 16 14]
np.random.permutation(males)[0:n_mar]
[13  8 14 18]
np.random.permutation(males)[0:n_mar]
[ 2  5 13 14]
np.random.permutation(males)[0:n_mar]
[21 16  8  0]
np.random.permutation(males)[0:n_mar]
[23 17  6  4]
np.random.permutation(males)[0:n_mar]
[13 19 21 17]
np.random.permutation(males)[0:n_mar]
[ 8  0 23 12]
np.random.permutation(males)[0:n_mar]
[18  1  6  7]
np.random.permutation(males)[0:n_mar]
[ 0 10 13 19]
np.random.permutation(males)[0:n_mar]
[ 3  2  1 14]
np.random.permutation(males)[0:n_mar]
[ 8 12 23  1]
np.random.permutation(males)[0:n_mar]
[10 11  5  9]
np.random.permutation(males)[0:n_mar]
[2 8 1 6]
np.random.permutation(males)[0:n_mar]
[10 13 20 15]
np.random.permutation(males)[0:n_mar]
[21 17 16 19]
np.random.permutation(males)[0:n_mar]
[ 0 16  6  2]
np.random.permutation(males)[0:n_mar]
[11  8  1  3]
np.random.permutation(males)[0:n_mar]
[ 4  8 19  3]
np.random.permutation(males)[0:n_mar]
[23 20 17  8]
np.random.permutation(males)[0:n_mar]
[19 16 21 23]
np.random.permutation(males)[0:n_mar]
[18 17 19 13]
np.random.permutation(males)[0:n_mar]
[13 18  0 19]
np.random.permutation(males)[0:n_mar]
[ 8 13 15  9]
np.random.permutation(males)[0:n_mar]
[22  0 10  5]
np.random.permutation(males)[0:n_mar]
[ 8 18 20  9]
np.random.permutation(males)[0:n_mar]
[22 15  7 19]
np.random.permutation(males)[0:n_mar]
[17 12  1  6]
np.random.permutation(males)[0:n_mar]
[ 3  6 20  7]
np.random.permutation(males)[0:n_mar]
[ 9 19  1  4]
np.random.permutation(males)[0:n_mar]
[21  5 12 23]
np.random.permutation(males)[0:n_mar]
[17  3  2  9]
np.random.permutation(males)[0:n_mar]
[ 8 11 20  6]
np.random.permutation(males)[0:n_mar]
[ 8  3 11  0]
np.random.permutation(males)[0:n_mar]
[ 8 19  4 11]
np.random.permutation(males)[0:n_mar]
[14  6 17  9]
np.random.permutation(males)[0:n_mar]
[22 19  5 14]
np.random.permutation(males)[0:n_mar]
[15 11 19  3]
np.random.permutation(males)[0:n_mar]
[ 6 17  7  3]
np.random.permutation(males)[0:n_mar]
[17  3 21 19]
np.random.permutation(males)[0:n_mar]
[ 7 14 18  9]
np.random.permutation(males)[0:n_mar]
[ 7  6  9 13]
np.random.permutation(males)[0:n_mar]
[20 17 19 21]
np.random.permutation(males)[0:n_mar]
[19 10 21  5]
np.random.permutation(males)[0:n_mar]
[21 12 13 22]
np.random.permutation(males)[0:n_mar]
[17  3 18 12]
np.random.permutation(males)[0:n_mar]
[ 4 19  1 16]
np.random.permutation(males)[0:n_mar]
[10 22  8 14]
np.random.permutation(males)[0:n_mar]
[12 11 20 15]
np.random.permutation(males)[0:n_mar]
[ 3 11  9  0]
np.random.permutation(males)[0:n_mar]
[ 3  9 23  2]
np.random.permutation(males)[0:n_mar]
[ 8 18 20  7]
np.random.permutation(males)[0:n_mar]
[19  3  4 15]
np.random.permutation(males)[0:n_mar]
[6 3 0 5]
np.random.permutation(males)[0:n_mar]
[ 6  9 16 23]
np.random.permutation(males)[0:n_mar]
[14 18  9  3]
np.random.permutation(males)[0:n_mar]
[18 14 12  1]
np.random.permutation(males)[0:n_mar]
[20  3  1 13]
np.random.permutation(males)[0:n_mar]
[16 20 23 11]
np.random.permutation(males)[0:n_mar]
[13 23 17 20]
np.random.permutation(males)[0:n_mar]
[15  6 13 20]
np.random.permutation(males)[0:n_mar]
[16  0 10  3]
np.random.permutation(males)[0:n_mar]
[ 3 17  7  4]
np.random.permutation(males)[0:n_mar]
[10  7  5 17]
np.random.permutation(males)[0:n_mar]
[12  3 11  5]
np.random.permutation(males)[0:n_mar]
[ 5  4 12  2]
np.random.permutation(males)[0:n_mar]
[22  9  7 23]
np.random.permutation(males)[0:n_mar]
[ 7 18  1 17]
np.random.permutation(males)[0:n_mar]
[14  4 20 16]
np.random.permutation(males)[0:n_mar]
[ 1 20  4  6]
np.random.permutation(males)[0:n_mar]
[11  9  3  2]
np.random.permutation(males)[0:n_mar]
[ 9  8 11  6]
np.random.permutation(males)[0:n_mar]
[22  6  5  3]
np.random.permutation(males)[0:n_mar]
[20  8 10  2]
np.random.permutation(males)[0:n_mar]
[ 8 16 12  1]
np.random.permutation(males)[0:n_mar]
[11  5 15 12]
np.random.permutation(males)[0:n_mar]
[ 6 19 21  7]
np.random.permutation(males)[0:n_mar]
[ 1 15  6 13]
np.random.permutation(males)[0:n_mar]
[22 17 12 11]
np.random.permutation(males)[0:n_mar]
[12 22  5 13]
np.random.permutation(males)[0:n_mar]
[15  7  3 11]
np.random.permutation(males)[0:n_mar]
[19 17 14 10]
np.random.permutation(males)[0:n_mar]
[16  3 12  5]
np.random.permutation(males)[0:n_mar]
[16 15 10  5]
np.random.permutation(males)[0:n_mar]
[ 4 21 16  1]
np.random.permutation(males)[0:n_mar]
[10  8  2  4]
np.random.permutation(males)[0:n_mar]
[ 9 19 21  2]
np.random.permutation(males)[0:n_mar]
[ 9  5 11 15]
np.random.permutation(males)[0:n_mar]
[ 5 14 18  0]
np.random.permutation(males)[0:n_mar]
[13 16  0 19]
np.random.permutation(males)[0:n_mar]
[11 21  7 17]
np.random.permutation(males)[0:n_mar]
[11 16 14 22]
np.random.permutation(males)[0:n_mar]
[10  3  8  5]
np.random.permutation(males)[0:n_mar]
[21  3  5 17]
np.random.permutation(males)[0:n_mar]
[15 17 22 19]
np.random.permutation(males)[0:n_mar]
[ 5 12 21  3]
np.random.permutation(males)[0:n_mar]
[ 5 23  7  6]
np.random.permutation(males)[0:n_mar]
[17 21 11  1]
np.random.permutation(males)[0:n_mar]
[10  2 19  8]
np.random.permutation(males)[0:n_mar]
[12  3  0 14]
np.random.permutation(males)[0:n_mar]
[23 21  1  5]
np.random.permutation(males)[0:n_mar]
[ 4 12  8 23]
np.random.permutation(males)[0:n_mar]
[18 16 13 21]
np.random.permutation(males)[0:n_mar]
[10 20  2 11]
np.random.permutation(males)[0:n_mar]
[16 21 14  1]
np.random.permutation(males)[0:n_mar]
[ 3 12 16  8]
np.random.permutation(males)[0:n_mar]
[ 4 22 21  6]
np.random.permutation(males)[0:n_mar]
[ 7 19 17 18]
np.random.permutation(males)[0:n_mar]
[19 21 17 20]
np.random.permutation(males)[0:n_mar]
[19  4 12 17]
np.random.permutation(males)[0:n_mar]
[11  2  1 17]
np.random.permutation(males)[0:n_mar]
[ 6 20 10  8]
np.random.permutation(males)[0:n_mar]
[16 18 23 17]
np.random.permutation(males)[0:n_mar]
[14 11 17 12]
np.random.permutation(males)[0:n_mar]
[ 3  5  2 19]
np.random.permutation(males)[0:n_mar]
[18  8 16  4]
np.random.permutation(males)[0:n_mar]
[ 1  9 19 21]
np.random.permutation(males)[0:n_mar]
[ 6 20 10  0]
np.random.permutation(males)[0:n_mar]
[ 7  9 16  0]
np.random.permutation(males)[0:n_mar]
[15 21 18 22]
np.random.permutation(males)[0:n_mar]
[18 16 17  0]
np.random.permutation(males)[0:n_mar]
[ 9 15  5 10]
np.random.permutation(males)[0:n_mar]
[20 14 11 10]
np.random.permutation(males)[0:n_mar]
[14  8  7 13]
np.random.permutation(males)[0:n_mar]
[ 7  9 23 18]
np.random.permutation(males)[0:n_mar]
[13 14 18 15]
np.random.permutation(males)[0:n_mar]
[14 19  8 20]
np.random.permutation(males)[0:n_mar]
[17 14  1 10]
np.random.permutation(males)[0:n_mar]
[ 7 13  6 17]
np.random.permutation(males)[0:n_mar]
[14  6 23  2]
np.random.permutation(males)[0:n_mar]
[22  3  2 18]
np.random.permutation(males)[0:n_mar]
[ 9 17 19  8]
np.random.permutation(males)[0:n_mar]
[ 2 20  6  3]
np.random.permutation(males)[0:n_mar]
[21  0  6  5]
np.random.permutation(males)[0:n_mar]
[11 22 23 10]
np.random.permutation(males)[0:n_mar]
[ 0 22 13 10]
np.random.permutation(males)[0:n_mar]
[ 7 17 21 20]
np.random.permutation(males)[0:n_mar]
[ 7 21 14 11]
np.random.permutation(males)[0:n_mar]
[ 8  5 15 22]
np.random.permutation(males)[0:n_mar]
[16  3 19 18]
np.random.permutation(males)[0:n_mar]
[15 12  5 22]
np.random.permutation(males)[0:n_mar]
[23  1 22  7]
np.random.permutation(males)[0:n_mar]
[21  4  6  9]
np.random.permutation(males)[0:n_mar]
[ 3 22 13 14]
np.random.permutation(males)[0:n_mar]
[ 5  4  6 15]
np.random.permutation(males)[0:n_mar]
[ 3  4 18 23]
np.random.permutation(males)[0:n_mar]
[16  2 20  9]
np.random.permutation(males)[0:n_mar]
[ 8 21  9 14]
np.random.permutation(males)[0:n_mar]
[ 7 19  8  4]
np.random.permutation(males)[0:n_mar]
[9 2 6 0]
np.random.permutation(males)[0:n_mar]
[7 0 1 6]
np.random.permutation(males)[0:n_mar]
[ 9 22 20 21]
np.random.permutation(males)[0:n_mar]
[19 18  9 11]
np.random.permutation(males)[0:n_mar]
[ 6 23 14  5]
np.random.permutation(males)[0:n_mar]
[11  5 18  3]
np.random.permutation(males)[0:n_mar]
[23  3  0  2]
np.random.permutation(males)[0:n_mar]
[10 23 11  4]
np.random.permutation(males)[0:n_mar]
[ 3 17 19  9]
np.random.permutation(males)[0:n_mar]
[22 18 12 23]
np.random.permutation(males)[0:n_mar]
[11 16  7  9]
np.random.permutation(males)[0:n_mar]
[21 16 22 10]
np.random.permutation(males)[0:n_mar]
[20 10 15  2]
np.random.permutation(males)[0:n_mar]
[23 17  6  7]
np.random.permutation(males)[0:n_mar]
[18  7 22 14]
np.random.permutation(males)[0:n_mar]
[ 2  9 17 14]
np.random.permutation(males)[0:n_mar]
[14 15 11 20]
np.random.permutation(males)[0:n_mar]
[15 14  4 20]
np.random.permutation(males)[0:n_mar]
[ 8 16 13 19]
np.random.permutation(males)[0:n_mar]
[ 9  6 12 13]
np.random.permutation(males)[0:n_mar]
[0 6 7 5]
np.random.permutation(males)[0:n_mar]
[2 4 8 5]
np.random.permutation(males)[0:n_mar]
[ 9  7 22 13]
np.random.permutation(males)[0:n_mar]
[0 7 4 8]
np.random.permutation(males)[0:n_mar]
[20  1  2  8]
np.random.permutation(males)[0:n_mar]
[ 1 21 18  2]
np.random.permutation(males)[0:n_mar]
[11 15  4 19]
np.random.permutation(males)[0:n_mar]
[22  9 18 16]
np.random.permutation(males)[0:n_mar]
[ 0 18  2 16]
np.random.permutation(males)[0:n_mar]
[ 3 12  1  5]
np.random.permutation(males)[0:n_mar]
[10 21 18  2]
np.random.permutation(males)[0:n_mar]
[22  7 12  5]
np.random.permutation(males)[0:n_mar]
[23 17 19  9]
np.random.permutation(males)[0:n_mar]
[ 7 18  9 14]
np.random.permutation(males)[0:n_mar]
[ 5 22 15 18]
np.random.permutation(males)[0:n_mar]
[20 23  4  7]
np.random.permutation(males)[0:n_mar]
[8 7 6 9]
np.random.permutation(males)[0:n_mar]
[19 12 16 18]
np.random.permutation(males)[0:n_mar]
[23 18 10 12]
np.random.permutation(males)[0:n_mar]
[ 3  0  6 21]
np.random.permutation(males)[0:n_mar]
[23 14  8 19]
np.random.permutation(males)[0:n_mar]
[ 0 23  3 12]
np.random.permutation(males)[0:n_mar]
[7 1 3 8]
np.random.permutation(males)[0:n_mar]
[17  2  8 10]
np.random.permutation(males)[0:n_mar]
[17  1 13 16]
np.random.permutation(males)[0:n_mar]
[18 20 10 12]
np.random.permutation(males)[0:n_mar]
[ 9  4 17  5]
np.random.permutation(males)[0:n_mar]
[ 4  9  8 18]
np.random.permutation(males)[0:n_mar]
[22 16 14 15]
np.random.permutation(males)[0:n_mar]
[23  3  9 21]
np.random.permutation(males)[0:n_mar]
[12  8 15 17]
np.random.permutation(males)[0:n_mar]
[11 21 12  0]
np.random.permutation(males)[0:n_mar]
[ 0 15  4 17]
np.random.permutation(males)[0:n_mar]
[14  4  3 21]
np.random.permutation(males)[0:n_mar]
[10 19 13  1]
np.random.permutation(males)[0:n_mar]
[20  0  5 23]
np.random.permutation(males)[0:n_mar]
[17 21  8 12]
np.random.permutation(males)[0:n_mar]
[ 2 10  9  4]
np.random.permutation(males)[0:n_mar]
[10 13 16 18]
np.random.permutation(males)[0:n_mar]
[18 10 17  7]
np.random.permutation(males)[0:n_mar]
[ 5  4 14  3]
np.random.permutation(males)[0:n_mar]
[12  7 17 21]
np.random.permutation(males)[0:n_mar]
[18  0 21  7]
np.random.permutation(males)[0:n_mar]
[22 10 13  8]
np.random.permutation(males)[0:n_mar]
[ 6 13  3 21]
np.random.permutation(males)[0:n_mar]
[8 2 1 0]
np.random.permutation(males)[0:n_mar]
[22 15  5  7]
np.random.permutation(males)[0:n_mar]
[18 17  6 20]
np.random.permutation(males)[0:n_mar]
[15 10 13  1]
np.random.permutation(males)[0:n_mar]
[ 2 22 15  6]
np.random.permutation(males)[0:n_mar]
[ 5 16 19 14]
np.random.permutation(males)[0:n_mar]
[21  2  3 16]
np.random.permutation(males)[0:n_mar]
[ 9 19  4 15]
np.random.permutation(males)[0:n_mar]
[10  6  1 22]
np.random.permutation(males)[0:n_mar]
[ 9 11 21 12]
np.random.permutation(males)[0:n_mar]
[20 11  3 14]
np.random.permutation(males)[0:n_mar]
[15 19 16 17]
np.random.permutation(males)[0:n_mar]
[12  0 23  7]
np.random.permutation(males)[0:n_mar]
[ 7 19 23  8]
np.random.permutation(males)[0:n_mar]
[ 1 23 12  5]
np.random.permutation(males)[0:n_mar]
[ 3 19 21  0]
np.random.permutation(males)[0:n_mar]
[ 0  8 18 21]
np.random.permutation(males)[0:n_mar]
[17 12  5 10]
np.random.permutation(males)[0:n_mar]
[19 21  1  3]
np.random.permutation(males)[0:n_mar]
[19 10 20 16]
np.random.permutation(males)[0:n_mar]
[18 16 20 10]
np.random.permutation(males)[0:n_mar]
[ 8 18 20  1]
np.random.permutation(males)[0:n_mar]
[ 2 22 15 13]
np.random.permutation(males)[0:n_mar]
[13  3 23 22]
np.random.permutation(males)[0:n_mar]
[ 7  4 23 16]
np.random.permutation(males)[0:n_mar]
[ 6  5  7 22]
np.random.permutation(males)[0:n_mar]
[12 14  0 18]
np.random.permutation(males)[0:n_mar]
[ 6 15 23 22]
np.random.permutation(males)[0:n_mar]
[12  3  4 22]
np.random.permutation(males)[0:n_mar]
[14  3 10  9]
np.random.permutation(males)[0:n_mar]
[ 5 13  9 18]
np.random.permutation(males)[0:n_mar]
[18 11  9 16]
np.random.permutation(males)[0:n_mar]
[ 4 23  8 22]
np.random.permutation(males)[0:n_mar]
[7 5 9 8]
np.random.permutation(males)[0:n_mar]
[ 6 15  5 19]
np.random.permutation(males)[0:n_mar]
[22 18 21  0]
np.random.permutation(males)[0:n_mar]
[19 10 14  8]
np.random.permutation(males)[0:n_mar]
[19 18 22 13]
np.random.permutation(males)[0:n_mar]
[ 3  1 23  8]
np.random.permutation(males)[0:n_mar]
[23  6 20 12]
np.random.permutation(males)[0:n_mar]
[ 9 21 15 16]
np.random.permutation(males)[0:n_mar]
[ 2 18  4 13]
np.random.permutation(males)[0:n_mar]
[20  0 16 12]
np.random.permutation(males)[0:n_mar]
[15  4  6 13]
np.random.permutation(males)[0:n_mar]
[ 6 22 15  9]
np.random.permutation(males)[0:n_mar]
[19 15  5 10]
np.random.permutation(males)[0:n_mar]
[ 9 17 10  7]
np.random.permutation(males)[0:n_mar]
[ 9  7 13 22]
np.random.permutation(males)[0:n_mar]
[ 5 23  0 12]
np.random.permutation(males)[0:n_mar]
[ 7  1  6 19]
np.random.permutation(males)[0:n_mar]
[19 20  9  1]
np.random.permutation(males)[0:n_mar]
[15 19  1 16]
np.random.permutation(males)[0:n_mar]
[21 23 12 13]
np.random.permutation(males)[0:n_mar]
[15  9  6 11]
np.random.permutation(males)[0:n_mar]
[13  0  7  6]
np.random.permutation(males)[0:n_mar]
[15  7 11  0]
np.random.permutation(males)[0:n_mar]
[2 9 1 8]
np.random.permutation(males)[0:n_mar]
[23 17 19 22]
np.random.permutation(males)[0:n_mar]
[ 5 14 13 15]
np.random.permutation(males)[0:n_mar]
[20 10 22  8]
np.random.permutation(males)[0:n_mar]
[ 2  4 22 19]
np.random.permutation(males)[0:n_mar]
[14 18  6 19]
np.random.permutation(males)[0:n_mar]
[ 8 23  6  5]
np.random.permutation(males)[0:n_mar]
[13 17 12  3]
np.random.permutation(males)[0:n_mar]
[21 16  9 20]
np.random.permutation(males)[0:n_mar]
[17 15 23  3]
np.random.permutation(males)[0:n_mar]
[12  0  1 10]
np.random.permutation(males)[0:n_mar]
[21 16 22 13]
np.random.permutation(males)[0:n_mar]
[21 22  3 17]
np.random.permutation(males)[0:n_mar]
[ 7 10 23 12]
np.random.permutation(males)[0:n_mar]
[20 11  4 21]
np.random.permutation(males)[0:n_mar]
[22  4 13 10]
np.random.permutation(males)[0:n_mar]
[18 12  9 15]
np.random.permutation(males)[0:n_mar]
[5 6 1 0]
np.random.permutation(males)[0:n_mar]
[21  6 10 19]
np.random.permutation(males)[0:n_mar]
[ 4 17 14 15]
np.random.permutation(males)[0:n_mar]
[16 23  8  1]
np.random.permutation(males)[0:n_mar]
[18 11  7 19]
np.random.permutation(males)[0:n_mar]
[20 21 11 12]
np.random.permutation(males)[0:n_mar]
[11  4  0  8]
np.random.permutation(males)[0:n_mar]
[ 6 21  2 15]
np.random.permutation(males)[0:n_mar]
[10 20  6 15]
np.random.permutation(males)[0:n_mar]
[ 3  1 12 23]
np.random.permutation(males)[0:n_mar]
[15  9 11 23]
np.random.permutation(males)[0:n_mar]
[ 2 14  5 22]
np.random.permutation(males)[0:n_mar]
[ 1 23  8 18]
np.random.permutation(males)[0:n_mar]
[22 12 20 19]
np.random.permutation(males)[0:n_mar]
[ 1 22 13  5]
np.random.permutation(males)[0:n_mar]
[ 8 16  1  9]
np.random.permutation(males)[0:n_mar]
[21 17 14 23]
np.random.permutation(males)[0:n_mar]
[ 4 21  1  0]
np.random.permutation(males)[0:n_mar]
[ 8 21  0  7]
np.random.permutation(males)[0:n_mar]
[ 8 10 13 11]
np.random.permutation(males)[0:n_mar]
[16 10 19  0]
np.random.permutation(males)[0:n_mar]
[ 5  4 16  8]
np.random.permutation(males)[0:n_mar]
[11 21 23 17]
np.random.permutation(males)[0:n_mar]
[12 13  5 23]
np.random.permutation(males)[0:n_mar]
[21 22 23  7]
np.random.permutation(males)[0:n_mar]
[19 23  6 11]
np.random.permutation(males)[0:n_mar]
[15 19  5 14]
np.random.permutation(males)[0:n_mar]
[0 6 5 4]
np.random.permutation(males)[0:n_mar]
[ 9 18  7  6]
np.random.permutation(males)[0:n_mar]
[ 8 14 20  5]
np.random.permutation(males)[0:n_mar]
[23  3 14 12]
np.random.permutation(males)[0:n_mar]
[13  8 21 10]
np.random.permutation(males)[0:n_mar]
[14  4  2 12]
np.random.permutation(males)[0:n_mar]
[ 3  5 13  8]
np.random.permutation(males)[0:n_mar]
[18 17 12 19]
np.random.permutation(males)[0:n_mar]
[17  4  7  9]
np.random.permutation(males)[0:n_mar]
[ 7 14  2 12]
np.random.permutation(males)[0:n_mar]
[20 23 11  5]
np.random.permutation(males)[0:n_mar]
[15  4  7  3]
np.random.permutation(males)[0:n_mar]
[20  3 15  5]
np.random.permutation(males)[0:n_mar]
[14  1  4  0]
np.random.permutation(males)[0:n_mar]
[20  3  4  2]
np.random.permutation(males)[0:n_mar]
[ 5 17 12  6]
np.random.permutation(males)[0:n_mar]
[19  2  4  7]
np.random.permutation(males)[0:n_mar]
[13  6  0 18]
np.random.permutation(males)[0:n_mar]
[19 20  3  1]
np.random.permutation(males)[0:n_mar]
[22  5 11  4]
np.random.permutation(males)[0:n_mar]
[22 15 11  7]
np.random.permutation(males)[0:n_mar]
[ 2  9  1 23]
np.random.permutation(males)[0:n_mar]
[ 7  6 16  1]
np.random.permutation(males)[0:n_mar]
[ 0  5 19 20]
np.random.permutation(males)[0:n_mar]
[10 21 13 20]
np.random.permutation(males)[0:n_mar]
[11 20  0  1]
np.random.permutation(males)[0:n_mar]
[13  3 21 14]
np.random.permutation(males)[0:n_mar]
[19 17 21 14]
np.random.permutation(males)[0:n_mar]
[ 8 23 19  3]
np.random.permutation(males)[0:n_mar]
[20  0 19  4]
np.random.permutation(males)[0:n_mar]
[ 3 12 15 20]
np.random.permutation(males)[0:n_mar]
[18 16 22  4]
np.random.permutation(males)[0:n_mar]
[12  2 15  4]
np.random.permutation(males)[0:n_mar]
[19 14 22  8]
np.random.permutation(males)[0:n_mar]
[12 22  1  5]
np.random.permutation(males)[0:n_mar]
[16  1 10  0]
np.random.permutation(males)[0:n_mar]
[ 3 18  5 23]
np.random.permutation(males)[0:n_mar]
[18  6 23  7]
np.random.permutation(males)[0:n_mar]
[15 23 12  9]
np.random.permutation(males)[0:n_mar]
[12 11  0 17]
np.random.permutation(males)[0:n_mar]
[12  9  0  5]
np.random.permutation(males)[0:n_mar]
[ 0  8  5 15]
np.random.permutation(males)[0:n_mar]
[11  5 17  2]
np.random.permutation(males)[0:n_mar]
[23 11 17 16]
np.random.permutation(males)[0:n_mar]
[11  3 13  6]
np.random.permutation(males)[0:n_mar]
[ 2 10 23  7]
np.random.permutation(males)[0:n_mar]
[ 3 17 22  2]
np.random.permutation(males)[0:n_mar]
[21 18  4  7]
np.random.permutation(males)[0:n_mar]
[12 22 21 19]
np.random.permutation(males)[0:n_mar]
[11  8 13  7]
np.random.permutation(males)[0:n_mar]
[17 11 15  2]
np.random.permutation(males)[0:n_mar]
[17 16 14  6]
np.random.permutation(males)[0:n_mar]
[15 20 18  2]
np.random.permutation(males)[0:n_mar]
[14  9 15  8]
np.random.permutation(males)[0:n_mar]
[ 3 12  5 21]
np.random.permutation(males)[0:n_mar]
[16 20 21  3]
np.random.permutation(males)[0:n_mar]
[13  2  6 11]
np.random.permutation(males)[0:n_mar]
[16 23 19 14]
np.random.permutation(males)[0:n_mar]
[10  9 17  1]
np.random.permutation(males)[0:n_mar]
[20 16  6  7]
np.random.permutation(males)[0:n_mar]
[11 12  2 23]
np.random.permutation(males)[0:n_mar]
[ 7 23  6 13]
np.random.permutation(males)[0:n_mar]
[ 9 10  4 17]
np.random.permutation(males)[0:n_mar]
[13  3 17 21]
np.random.permutation(males)[0:n_mar]
[ 7  4 19 12]
np.random.permutation(males)[0:n_mar]
[ 8  2 16  7]
np.random.permutation(males)[0:n_mar]
[20  2 16 22]
np.random.permutation(males)[0:n_mar]
[ 9  1 16 14]
np.random.permutation(males)[0:n_mar]
[ 4 13 16  9]
np.random.permutation(males)[0:n_mar]
[20  9 23  8]
np.random.permutation(males)[0:n_mar]
[2 7 5 9]
np.random.permutation(males)[0:n_mar]
[ 5 14 16 12]
np.random.permutation(males)[0:n_mar]
[12 15  5 16]
np.random.permutation(males)[0:n_mar]
[ 3 11 12 17]
np.random.permutation(males)[0:n_mar]
[4 0 1 7]
np.random.permutation(males)[0:n_mar]
[ 7 17 18  5]
np.random.permutation(males)[0:n_mar]
[17  2  6 10]
np.random.permutation(males)[0:n_mar]
[ 4 17 14 18]
np.random.permutation(males)[0:n_mar]
[18  0  3 13]
np.random.permutation(males)[0:n_mar]
[9 4 5 1]
np.random.permutation(males)[0:n_mar]
[21 16 12  0]
np.random.permutation(males)[0:n_mar]
[10 11 22  3]
np.random.permutation(males)[0:n_mar]
[ 3 15  2 10]
np.random.permutation(males)[0:n_mar]
[ 1 22  4  9]
np.random.permutation(males)[0:n_mar]
[19  0  3  4]
np.random.permutation(males)[0:n_mar]
[22 13  0 20]
np.random.permutation(males)[0:n_mar]
[14 13 11 19]
np.random.permutation(males)[0:n_mar]
[ 0 12 20  1]
np.random.permutation(males)[0:n_mar]
[11  7 15  8]
np.random.permutation(males)[0:n_mar]
[12 23  4 20]
np.random.permutation(males)[0:n_mar]
[12  0 21  5]
np.random.permutation(males)[0:n_mar]
[14 11 18  8]
np.random.permutation(males)[0:n_mar]
[16 23 13 12]
np.random.permutation(males)[0:n_mar]
[22 10  0  8]
np.random.permutation(males)[0:n_mar]
[10  6 22  4]
np.random.permutation(males)[0:n_mar]
[18 15 21 23]
np.random.permutation(males)[0:n_mar]
[ 6  0 11 23]
np.random.permutation(males)[0:n_mar]
[11 19  2 18]
np.random.permutation(males)[0:n_mar]
[15 17  9  5]
np.random.permutation(males)[0:n_mar]
[ 7 10  4 23]
np.random.permutation(males)[0:n_mar]
[ 3  6  4 14]
np.random.permutation(males)[0:n_mar]
[ 0 15 17 12]
np.random.permutation(males)[0:n_mar]
[15  2 19  4]
np.random.permutation(males)[0:n_mar]
[ 0  6 19 16]
np.random.permutation(males)[0:n_mar]
[ 7 21  3 15]
np.random.permutation(males)[0:n_mar]
[18 20  5 14]
np.random.permutation(males)[0:n_mar]
[ 9 20 15 11]
np.random.permutation(males)[0:n_mar]
[ 5 22 17 21]
np.random.permutation(males)[0:n_mar]
[23 16  6 19]
np.random.permutation(males)[0:n_mar]
[13 15  6 23]
np.random.permutation(males)[0:n_mar]
[ 3 19 15 18]
np.random.permutation(males)[0:n_mar]
[20 21  5 13]
np.random.permutation(males)[0:n_mar]
[ 7  9 19 17]
np.random.permutation(males)[0:n_mar]
[ 0 17 23 11]
np.random.permutation(males)[0:n_mar]
[16 18 11  4]
np.random.permutation(males)[0:n_mar]
[ 6 15 12  8]
np.random.permutation(males)[0:n_mar]
[ 9  7 13  1]
np.random.permutation(males)[0:n_mar]
[ 6 22 20 21]
np.random.permutation(males)[0:n_mar]
[ 0 22 14  2]
np.random.permutation(males)[0:n_mar]
[18  9  6  8]
np.random.permutation(males)[0:n_mar]
[ 7 23  6 18]
np.random.permutation(males)[0:n_mar]
[23 19 20  1]
np.random.permutation(males)[0:n_mar]
[ 1 10  9  7]
np.random.permutation(males)[0:n_mar]
[17 12  1 16]
np.random.permutation(males)[0:n_mar]
[23  5 10  4]
np.random.permutation(males)[0:n_mar]
[14 12 17 10]
np.random.permutation(males)[0:n_mar]
[21  7 22  8]
np.random.permutation(males)[0:n_mar]
[21 18  3 12]
np.random.permutation(males)[0:n_mar]
[15  7 13  6]
np.random.permutation(males)[0:n_mar]
[10 18 16 21]
np.random.permutation(males)[0:n_mar]
[12  9  3 11]
np.random.permutation(males)[0:n_mar]
[16 15 20 10]
np.random.permutation(males)[0:n_mar]
[10 12  5 22]
np.random.permutation(males)[0:n_mar]
[14 16 15 21]
np.random.permutation(males)[0:n_mar]
[22 14 13 15]
np.random.permutation(males)[0:n_mar]
[18 12 15  6]
np.random.permutation(males)[0:n_mar]
[15 19 16  4]
np.random.permutation(males)[0:n_mar]
[10  8  3 16]
np.random.permutation(males)[0:n_mar]
[ 9  4 20 21]
np.random.permutation(males)[0:n_mar]
[19 23 21  4]
np.random.permutation(males)[0:n_mar]
[18 19 17 20]
np.random.permutation(males)[0:n_mar]
[10  0  4  7]
np.random.permutation(males)[0:n_mar]
[ 5 10  7  6]
np.random.permutation(males)[0:n_mar]
[ 6 13  0 23]
np.random.permutation(males)[0:n_mar]
[13 14 22  5]
np.random.permutation(males)[0:n_mar]
[6 9 3 1]
np.random.permutation(males)[0:n_mar]
[ 8  0 16 11]
np.random.permutation(males)[0:n_mar]
[ 9 10 22  8]
np.random.permutation(males)[0:n_mar]
[17  0 15 14]
np.random.permutation(males)[0:n_mar]
[11  2 17 12]
np.random.permutation(males)[0:n_mar]
[17 20  7 13]
np.random.permutation(males)[0:n_mar]
[13  4 20  1]
np.random.permutation(males)[0:n_mar]
[ 1 13 16 15]
np.random.permutation(males)[0:n_mar]
[14 16 22  6]
np.random.permutation(males)[0:n_mar]
[18 22  1 19]
np.random.permutation(males)[0:n_mar]
[8 0 6 3]
np.random.permutation(males)[0:n_mar]
[ 9 12 11 18]
np.random.permutation(males)[0:n_mar]
[ 5 18  4 22]
np.random.permutation(males)[0:n_mar]
[ 5 18  0 23]
np.random.permutation(males)[0:n_mar]
[ 5  6 15 23]
np.random.permutation(males)[0:n_mar]
[12 17 13 20]
np.random.permutation(males)[0:n_mar]
[18  1 19 23]
np.random.permutation(males)[0:n_mar]
[23 18  5 19]
np.random.permutation(males)[0:n_mar]
[ 4 13  6 11]
np.random.permutation(males)[0:n_mar]
[ 3 20 11 21]
np.random.permutation(males)[0:n_mar]
[19 10 22 16]
np.random.permutation(males)[0:n_mar]
[11  3  4 21]
np.random.permutation(males)[0:n_mar]
[19 22  9  2]
np.random.permutation(males)[0:n_mar]
[18 15 19  3]
np.random.permutation(males)[0:n_mar]
[ 0 20  5 22]
np.random.permutation(males)[0:n_mar]
[ 8 17 23 14]
np.random.permutation(males)[0:n_mar]
[ 9 21 16  0]
np.random.permutation(males)[0:n_mar]
[21  3 16 19]
np.random.permutation(males)[0:n_mar]
[10 16 21  2]
np.random.permutation(males)[0:n_mar]
[ 0 16 14  8]
np.random.permutation(males)[0:n_mar]
[ 9  5 10 21]
np.random.permutation(males)[0:n_mar]
[22  3  2  0]
np.random.permutation(males)[0:n_mar]
[18 21 12  3]
np.random.permutation(males)[0:n_mar]
[11 21 17  5]
np.random.permutation(males)[0:n_mar]
[10 17 13 18]
np.random.permutation(males)[0:n_mar]
[23 16 19  2]
np.random.permutation(males)[0:n_mar]
[ 3 21 14 13]
np.random.permutation(males)[0:n_mar]
[13 18 16  5]
np.random.permutation(males)[0:n_mar]
[11  0 15  4]
np.random.permutation(males)[0:n_mar]
[ 2 10 12 14]
np.random.permutation(males)[0:n_mar]
[4 7 3 5]
np.random.permutation(males)[0:n_mar]
[23 20 13 12]
np.random.permutation(males)[0:n_mar]
[ 8 11 21  5]
np.random.permutation(males)[0:n_mar]
[15 14 12 22]
np.random.permutation(males)[0:n_mar]
[19  6  8 16]
np.random.permutation(males)[0:n_mar]
[22 19  5 10]
np.random.permutation(males)[0:n_mar]
[ 0  6 17 11]
np.random.permutation(males)[0:n_mar]
[ 7  9 11  5]
np.random.permutation(males)[0:n_mar]
[ 2  9 15 23]
np.random.permutation(males)[0:n_mar]
[ 9  3 19 10]
np.random.permutation(males)[0:n_mar]
[15  6 21  2]
np.random.permutation(males)[0:n_mar]
[ 6 11 23  1]
np.random.permutation(males)[0:n_mar]
[21 23 15 14]
np.random.permutation(males)[0:n_mar]
[ 1  9 10  8]
np.random.permutation(males)[0:n_mar]
[ 8  7  4 13]
np.random.permutation(males)[0:n_mar]
[12  6  3 19]
np.random.permutation(males)[0:n_mar]
[19  0 10  5]
np.random.permutation(males)[0:n_mar]
[ 0 14  2 12]
np.random.permutation(males)[0:n_mar]
[10 11 21 22]
np.random.permutation(males)[0:n_mar]
[10 18  8 20]
np.random.permutation(males)[0:n_mar]
[11  5  7 14]
np.random.permutation(males)[0:n_mar]
[20  6  5  1]
np.random.permutation(males)[0:n_mar]
[ 4 15 19 21]
np.random.permutation(males)[0:n_mar]
[11 17 18  1]
np.random.permutation(males)[0:n_mar]
[10  4  8 21]
np.random.permutation(males)[0:n_mar]
[12 18 10 14]
np.random.permutation(males)[0:n_mar]
[ 7  5 19  2]
np.random.permutation(males)[0:n_mar]
[ 4  1 23 10]
np.random.permutation(males)[0:n_mar]
[19 20  8  9]
np.random.permutation(males)[0:n_mar]
[21 18  7 22]
np.random.permutation(males)[0:n_mar]
[ 7  0 21 22]
np.random.permutation(males)[0:n_mar]
[ 2 21  0  8]
np.random.permutation(males)[0:n_mar]
[15 18  7 17]
np.random.permutation(males)[0:n_mar]
[18 13 12  2]
np.random.permutation(males)[0:n_mar]
[ 9  2  8 23]
np.random.permutation(males)[0:n_mar]
[ 1 19 11 10]
np.random.permutation(males)[0:n_mar]
[20 19 22 18]
np.random.permutation(males)[0:n_mar]
[11  3 17 22]
np.random.permutation(males)[0:n_mar]
[ 8 16  7 19]
np.random.permutation(males)[0:n_mar]
[ 3  1 20 19]
np.random.permutation(males)[0:n_mar]
[14 23 21 12]
np.random.permutation(males)[0:n_mar]
[ 4 20 16  2]
np.random.permutation(males)[0:n_mar]
[12  9 23  6]
np.random.permutation(males)[0:n_mar]
[20 18 12  4]
np.random.permutation(males)[0:n_mar]
[ 8 10 23  5]
np.random.permutation(males)[0:n_mar]
[ 4 23  2 14]
np.random.permutation(males)[0:n_mar]
[19 12  2 20]
np.random.permutation(males)[0:n_mar]
[ 7 13 20  5]
np.random.permutation(males)[0:n_mar]
[ 3 18  8 12]
np.random.permutation(males)[0:n_mar]
[16  1 22 10]
np.random.permutation(males)[0:n_mar]
[18  6 11 14]
np.random.permutation(males)[0:n_mar]
[19 10  8  9]
np.random.permutation(males)[0:n_mar]
[22  2 23  9]
np.random.permutation(males)[0:n_mar]
[19  1 21 16]
np.random.permutation(males)[0:n_mar]
[18 22 19  9]
np.random.permutation(males)[0:n_mar]
[15 12 16 19]
np.random.permutation(males)[0:n_mar]
[ 4 20  6 14]
np.random.permutation(males)[0:n_mar]
[11 12  6  2]
np.random.permutation(males)[0:n_mar]
[17 18 13  5]
np.random.permutation(males)[0:n_mar]
[12 21  6  3]
np.random.permutation(males)[0:n_mar]
[23 13 14 18]
np.random.permutation(males)[0:n_mar]
[ 3 16 17 14]
np.random.permutation(males)[0:n_mar]
[ 3 15  6  1]
np.random.permutation(males)[0:n_mar]
[22  0  3  2]
np.random.permutation(males)[0:n_mar]
[ 3 22 11  7]
np.random.permutation(males)[0:n_mar]
[15 22 23 13]
np.random.permutation(males)[0:n_mar]
[12  2  7  9]
np.random.permutation(males)[0:n_mar]
[ 0 10 15  9]
np.random.permutation(males)[0:n_mar]
[18  2 17 11]
np.random.permutation(males)[0:n_mar]
[ 2 15  3  8]
np.random.permutation(males)[0:n_mar]
[ 9  2 16 20]
np.random.permutation(males)[0:n_mar]
[15  3  2  7]
np.random.permutation(males)[0:n_mar]
[ 6 23  4 20]
np.random.permutation(males)[0:n_mar]
[10 22  6  4]
np.random.permutation(males)[0:n_mar]
[ 0 16 12  9]
