np.random.permutation(males)[0:n_mar]
[17 14  7 23  1  6 18 13  4 12 16]
np.random.permutation(males)[0:n_mar]
[20  0  3 18  9 13  4 16  2 12  5]
np.random.permutation(males)[0:n_mar]
[15 11  7  9 10 23 19  0 18 21 22]
np.random.permutation(males)[0:n_mar]
[ 1 11  0  4 17 19  7 10 21  3 20]
np.random.permutation(males)[0:n_mar]
[11  6 14  9 22 18 23 19 21  7 16]
np.random.permutation(males)[0:n_mar]
[15 16 17 11  8  3 13  2 21 19 10]
np.random.permutation(males)[0:n_mar]
[ 6 18 11  5 13  3  9 16  8 15  0]
np.random.permutation(males)[0:n_mar]
[ 2 16 17  7 21 13 23  9 20  5  0]
np.random.permutation(males)[0:n_mar]
[22 14  0 18 13  1  4 15 16  3  9]
np.random.permutation(males)[0:n_mar]
[15 14  5  1  2 11 22 20  7 23  3]
np.random.permutation(males)[0:n_mar]
[23 20 12  9  6  5 10 15  7 16  1]
np.random.permutation(males)[0:n_mar]
[12  6  3 15 19 10  2  4  0  7 13]
np.random.permutation(males)[0:n_mar]
[13 17 16 15  2  7 21 19  4 11 23]
np.random.permutation(males)[0:n_mar]
[22 18 13 11 20  4  8 23  0 16  6]
np.random.permutation(males)[0:n_mar]
[11 17  7 18 19  1 21 13  8 20 14]
np.random.permutation(males)[0:n_mar]
[ 9 19  7  3 18  5 22  2 17  6 12]
np.random.permutation(males)[0:n_mar]
[ 6  8  5 10  0 21 16  3 13 18 14]
np.random.permutation(males)[0:n_mar]
[ 9 17 15 11 12 21 14  1 16 18  0]
np.random.permutation(males)[0:n_mar]
[15  7  1  9 23 16  8  5 18 10 20]
np.random.permutation(males)[0:n_mar]
[13 15 18 12  0 20  8 21  1  2  3]
np.random.permutation(males)[0:n_mar]
[ 2 16 15 18 19  1 22 11  5 20  4]
np.random.permutation(males)[0:n_mar]
[15  5  1 17  7 10 23  0 12  6 22]
np.random.permutation(males)[0:n_mar]
[14  1 17 10 13  2  0  7 21 12  4]
np.random.permutation(males)[0:n_mar]
[23  2 14  1 15 21  8 19 17 12  0]
np.random.permutation(males)[0:n_mar]
[21 10  6  5 17  8 23  9  4 20 11]
np.random.permutation(males)[0:n_mar]
[21  7 23 22 10 20 19 12  8  3 15]
np.random.permutation(males)[0:n_mar]
[ 9 18 16  8 22  4  1 14  7  5 12]
np.random.permutation(males)[0:n_mar]
[18  9  3  8 10  2 20  0 11 21 22]
np.random.permutation(males)[0:n_mar]
[10  1  2  0  3 11 16  8  9 20 13]
np.random.permutation(males)[0:n_mar]
[11 23  7 17  6 16  3 14  5 12 20]
np.random.permutation(males)[0:n_mar]
[ 5  9 23 14 20  7  6  4 19 11  8]
np.random.permutation(males)[0:n_mar]
[ 3 14 10  2 22  4  8 13 18  0  1]
np.random.permutation(males)[0:n_mar]
[15 17 12  4  9 10  7 14 20 22  6]
np.random.permutation(males)[0:n_mar]
[ 8  5 13 22 20  4 17 16  9  0 18]
np.random.permutation(males)[0:n_mar]
[11  8  5  4  9 22 17  7  0  3 23]
np.random.permutation(males)[0:n_mar]
[ 2 18 22  7  0  5 16 21 11 12 19]
np.random.permutation(males)[0:n_mar]
[ 0  9  4 12 11  8  1 23 14  6  3]
np.random.permutation(males)[0:n_mar]
[20 10  8 22 18  0  1 19  9  2  3]
np.random.permutation(males)[0:n_mar]
[21  1 12 22 20 16  0 15  4  6 11]
np.random.permutation(males)[0:n_mar]
[13 16 15 21 14  3  0  2  1  8  7]
np.random.permutation(males)[0:n_mar]
[10 23 16 20 12  9 18  0 17 13  5]
np.random.permutation(males)[0:n_mar]
[11 16 19  4 22 20 18  6  0 15 14]
np.random.permutation(males)[0:n_mar]
[ 7 21 12 11 10 20  1  0  9  3 15]
np.random.permutation(males)[0:n_mar]
[13  7 17 20  0  9  2 16  4 21 10]
np.random.permutation(males)[0:n_mar]
[ 9  2 10 15 16  4 13 11 12  5 20]
np.random.permutation(males)[0:n_mar]
[22  6  2 17 10  9 13  0  3  5 21]
np.random.permutation(males)[0:n_mar]
[ 9 18 14 15 19  4  8  0 10  5 20]
np.random.permutation(males)[0:n_mar]
[ 8 20 13 18 11  9 15 12  7 21  2]
np.random.permutation(males)[0:n_mar]
[ 6 23 13  4 21  9 12 20  0 18 17]
np.random.permutation(males)[0:n_mar]
[12  9 16 22 18  5 14  7 13 19  2]
np.random.permutation(males)[0:n_mar]
[ 0 19 10 20 23  5  2  1  3 13 12]
np.random.permutation(males)[0:n_mar]
[ 1  5 11  3  7 12 14  0 20  2 21]
np.random.permutation(males)[0:n_mar]
[15  6 22  8 11 16  2  4  1 17  0]
np.random.permutation(males)[0:n_mar]
[12  9  7 14  8 19 23  0  6 16 18]
np.random.permutation(males)[0:n_mar]
[23  7  8  3 17  5 13 11  2  9  6]
np.random.permutation(males)[0:n_mar]
[ 2 21 17 10 12 11  7 19  4  5  8]
np.random.permutation(males)[0:n_mar]
[ 0  3  1 17 20  8 19 18 14 12 22]
np.random.permutation(males)[0:n_mar]
[22  0 13 15 12  1  5 20 17 11 18]
np.random.permutation(males)[0:n_mar]
[10  7 19  4  9  0 11 15  1  3 23]
np.random.permutation(males)[0:n_mar]
[22 11 19 15  1  0 17  2  6 13 21]
np.random.permutation(males)[0:n_mar]
[16 23 17  5  0 15 10  1  2 20 22]
np.random.permutation(males)[0:n_mar]
[ 2  9  8 17  3  7 13 20  5  4 12]
np.random.permutation(males)[0:n_mar]
[ 0 22 16  3  1 21 18 13  4 11  6]
np.random.permutation(males)[0:n_mar]
[ 4 12 11 21 10 23  3 17 16 22 15]
np.random.permutation(males)[0:n_mar]
[23 12 15 10 20 13  5 17  1  2 19]
np.random.permutation(males)[0:n_mar]
[21 16 11 19 23  5 18 17  3  4  9]
np.random.permutation(males)[0:n_mar]
[22  3 19 15 10  8 14 13  1 20 17]
np.random.permutation(males)[0:n_mar]
[22 13  3 16 12 17  1  8 21  0 20]
np.random.permutation(males)[0:n_mar]
[21 13 22 18  1 16  3 15 17  9 10]
np.random.permutation(males)[0:n_mar]
[17 14  3  5  4 12 20 10  7 18  6]
np.random.permutation(males)[0:n_mar]
[20  3 16 21  4  1 12  8  6 13 11]
np.random.permutation(males)[0:n_mar]
[ 6 21 10  4  8  5 19  0 17  9 23]
np.random.permutation(males)[0:n_mar]
[14  4  5  3  2  0  9 20  6 12 19]
np.random.permutation(males)[0:n_mar]
[ 9 18  5  4 15  2 23  3 17 21 12]
np.random.permutation(males)[0:n_mar]
[23 20  3 14  8  1 15 19 10  6  5]
np.random.permutation(males)[0:n_mar]
[22  0 15 18 13 21  9 23  7 10 16]
np.random.permutation(males)[0:n_mar]
[ 8 15 13 14 17  7  5  1 16 23 21]
np.random.permutation(males)[0:n_mar]
[18  9 16  4 15 14 20  0  8  1 19]
np.random.permutation(males)[0:n_mar]
[18 21 11 22 19  1 15 17  3  6  4]
np.random.permutation(males)[0:n_mar]
[ 0 23 19  5  1 10 16  2 15  8 18]
np.random.permutation(males)[0:n_mar]
[10 20  6 12 23  2  0  8 14  1 22]
np.random.permutation(males)[0:n_mar]
[ 3 23 12  8 22 21  4 16 13  6 14]
np.random.permutation(males)[0:n_mar]
[17  9  7  0  8 23 21 15  6  1 14]
np.random.permutation(males)[0:n_mar]
[ 9 19 18 20 23 21 12 22 16 15  0]
np.random.permutation(males)[0:n_mar]
[14  0  7  4 20 13  3 11  1 21 17]
np.random.permutation(males)[0:n_mar]
[23  1  6  8 11 12 17 21 19 14  9]
np.random.permutation(males)[0:n_mar]
[18  8  0 11 10 19 22  9 13  4  5]
np.random.permutation(males)[0:n_mar]
[17 19 22 11  0 14  1 10  3  4 15]
np.random.permutation(males)[0:n_mar]
[20  9 11  7  8  5  0  6 12 16 19]
np.random.permutation(males)[0:n_mar]
[17  0 10  7 21 18  8 23  5 11  3]
np.random.permutation(males)[0:n_mar]
[15  1  0 18 21  8  6  3  4 14 16]
np.random.permutation(males)[0:n_mar]
[22  5  2  9  7  0 20 23 18  3  6]
np.random.permutation(males)[0:n_mar]
[21 23  7 11 14  8 15  1 12 18  2]
np.random.permutation(males)[0:n_mar]
[11  9 22  3  1 13  5  7 14  8 15]
np.random.permutation(males)[0:n_mar]
[13 19  6 10  0  2  4  7 11 15 22]
np.random.permutation(males)[0:n_mar]
[ 1 18  9  5 16 12 22 21 13 15  3]
np.random.permutation(males)[0:n_mar]
[20  3 19  7  2  4 11  5 17 12 23]
np.random.permutation(males)[0:n_mar]
[ 7 14  0  1 13 19  5 16 21  8 17]
np.random.permutation(males)[0:n_mar]
[ 0  2  8  9 14 21  6 20 12 22 23]
np.random.permutation(males)[0:n_mar]
[15 13  8  7 17  6 14  4 10 20 22]
np.random.permutation(males)[0:n_mar]
[18 11 20  2  0 13  7 19 10 21 15]
np.random.permutation(males)[0:n_mar]
[12  3  4 14  1 13  6 23 18  7  2]
np.random.permutation(males)[0:n_mar]
[18 21 17  6 12 20 22  5 14  4  3]
np.random.permutation(males)[0:n_mar]
[ 0 23 15 14 22  6 13 20  2 12  9]
np.random.permutation(males)[0:n_mar]
[ 6 22 21 10  7 20 17  8  0  1 13]
np.random.permutation(males)[0:n_mar]
[16  2  9  3 20  1 14 17 22 15 13]
np.random.permutation(males)[0:n_mar]
[11  8  1 18  2  5 10  6  3 16 17]
np.random.permutation(males)[0:n_mar]
[16  8  9 10 22 19 14 13 12 23  1]
np.random.permutation(males)[0:n_mar]
[ 2 16  3  7 14 23  5 11 20  4  6]
np.random.permutation(males)[0:n_mar]
[ 3 16  4 13 12 19  8 14  5 20  9]
np.random.permutation(males)[0:n_mar]
[ 4  3 20 22  6  0 19  7 14 10  5]
np.random.permutation(males)[0:n_mar]
[11 15 12 10 16 13  1 20  2  7  3]
np.random.permutation(males)[0:n_mar]
[ 3 13 11 16 18 20 10 15  8 23  0]
np.random.permutation(males)[0:n_mar]
[ 5  6 19 22  3  9 12  7  8  2 20]
np.random.permutation(males)[0:n_mar]
[ 9  0 16 23 13 21 10  7 11  6 14]
np.random.permutation(males)[0:n_mar]
[ 4  1  8 16 15 12 11 22 13 10 20]
np.random.permutation(males)[0:n_mar]
[16 22  7 18 13 17  1  2 10 12 11]
np.random.permutation(males)[0:n_mar]
[18  9 10  7 14 17 11  4 12  1 22]
np.random.permutation(males)[0:n_mar]
[ 8 22  0 14  5 15 18 20 10  7 19]
np.random.permutation(males)[0:n_mar]
[ 7  5 16  8 17  1  3 10 15 18 14]
np.random.permutation(males)[0:n_mar]
[ 8  9 21 20 10  0  6 15 11 16 18]
np.random.permutation(males)[0:n_mar]
[18 14 15 21  6  4 22  0 20  9  1]
np.random.permutation(males)[0:n_mar]
[ 4  2  9 20 15 13 21 16  3 11 12]
np.random.permutation(males)[0:n_mar]
[22 14  4  1 20  6 13 10  5 18 19]
np.random.permutation(males)[0:n_mar]
[ 0  4 22 16 10  3 17 15 23  9 14]
np.random.permutation(males)[0:n_mar]
[10 19  1 23  2 11  0  3  9 15 22]
np.random.permutation(males)[0:n_mar]
[ 9 11 18  5 20  7 23 13  3 19  1]
np.random.permutation(males)[0:n_mar]
[ 3  1  4 12 22 13 23 10 21 11  6]
np.random.permutation(males)[0:n_mar]
[ 7 16  3 15  4  0 14 20  8 22  6]
np.random.permutation(males)[0:n_mar]
[ 1  6  2  7  3 18 11 16 22 13 23]
np.random.permutation(males)[0:n_mar]
[10 19  6 17 14  4  5 16  0 15 21]
np.random.permutation(males)[0:n_mar]
[20 11 13  0 17  5  1 12 22 23  9]
np.random.permutation(males)[0:n_mar]
[12 11 20  1 19 23 22 10  5  4 17]
np.random.permutation(males)[0:n_mar]
[ 4 18 17  5 15 16 23  0 12 19  7]
np.random.permutation(males)[0:n_mar]
[19  3 18  8 14 22 21 11  0 10  2]
np.random.permutation(males)[0:n_mar]
[12 19 10 11 13  6 16  2  4  0 18]
np.random.permutation(males)[0:n_mar]
[ 0 22 12  6 21  1 11 23  9 18 17]
np.random.permutation(males)[0:n_mar]
[21 15 17  6  2  7  3  0  5 22  4]
np.random.permutation(males)[0:n_mar]
[19 22  6  8 12  2  1 14 18 21 13]
np.random.permutation(males)[0:n_mar]
[13  7 10  0 17  5 15 21 20  9  3]
np.random.permutation(males)[0:n_mar]
[ 8 12 16 23  6 17  2 21 15 20 13]
np.random.permutation(males)[0:n_mar]
[ 4  7 21 23  1 20 11 16  0  3  5]
np.random.permutation(males)[0:n_mar]
[16  3  0 20 13 10  7  5  2  8 17]
np.random.permutation(males)[0:n_mar]
[ 8 16 20  6  3 10 23 15  9 13  4]
np.random.permutation(males)[0:n_mar]
[22 13 11 17  6  1  5 12  0  3 21]
np.random.permutation(males)[0:n_mar]
[ 3  5 22  1 11  9  8  4 21 12  2]
np.random.permutation(males)[0:n_mar]
[12  5  6 11  0 13 21 10 17  8 20]
np.random.permutation(males)[0:n_mar]
[ 9  6 13 12  5 10 14 21  4  3 16]
np.random.permutation(males)[0:n_mar]
[ 4 11 12 14  8  3 13 17 23  9 15]
np.random.permutation(males)[0:n_mar]
[18 10  4  3  0 20 16  8 21  5 15]
np.random.permutation(males)[0:n_mar]
[14 15  5 23  3 21 19  6 12  8  0]
np.random.permutation(males)[0:n_mar]
[12  8  9 18  0 22  5 15 20 13  4]
np.random.permutation(males)[0:n_mar]
[12  0 14 17 10  5  4  7 16  3  2]
np.random.permutation(males)[0:n_mar]
[18 13 17  3 16  4  0 20 15 21 11]
np.random.permutation(males)[0:n_mar]
[23  6 19 21  1  9 15 17  2 22 20]
np.random.permutation(males)[0:n_mar]
[ 6 19 18  8 21 13  2  3  9 17 14]
np.random.permutation(males)[0:n_mar]
[23  3 18  9 10 13 14 15 21  7  1]
np.random.permutation(males)[0:n_mar]
[23 18 17 14  7  9  3  8  4  1  2]
np.random.permutation(males)[0:n_mar]
[22  8 12 21 18  9 13  0 14 23 20]
np.random.permutation(males)[0:n_mar]
[23  6 12 14  1 18  3 11 16 20  7]
np.random.permutation(males)[0:n_mar]
[11 13 18  8 10  5 17 23  9 21  2]
np.random.permutation(males)[0:n_mar]
[ 7 23 13  5  2 16  4 12  6 11 20]
np.random.permutation(males)[0:n_mar]
[ 9 21  4  0  1  7 11  5 15 17  6]
np.random.permutation(males)[0:n_mar]
[ 8 18  5 12 20 19 14 16  6 13 22]
np.random.permutation(males)[0:n_mar]
[ 9 20 13  1 15 23  0  4  6  7 21]
np.random.permutation(males)[0:n_mar]
[ 7 16 23 21 20  5 12  0 15 10 22]
np.random.permutation(males)[0:n_mar]
[ 7  5 10 20 17 21  8  6 12 15 18]
np.random.permutation(males)[0:n_mar]
[ 2 10  0 18 23  9  5  3 14  7  4]
np.random.permutation(males)[0:n_mar]
[10 16 15  1 21  0 11 14 22 17 13]
np.random.permutation(males)[0:n_mar]
[20  6 23  4 13 18  0 17 16  3 10]
np.random.permutation(males)[0:n_mar]
[ 0  1  2  5  7 16 21  8 15 20 14]
np.random.permutation(males)[0:n_mar]
[21 10 12  1 19 20 14 16  7 23  0]
np.random.permutation(males)[0:n_mar]
[20 22 16 19 12 11  5 13  4  7 18]
np.random.permutation(males)[0:n_mar]
[ 5 21  1  9  2 14  0  3 20 15 13]
np.random.permutation(males)[0:n_mar]
[20 12 10  2 14 16 15  9  3 11  7]
np.random.permutation(males)[0:n_mar]
[ 3 21 22  8  2 18  7  4 14  5  6]
np.random.permutation(males)[0:n_mar]
[ 5 21 16  7  6 18  3 17 12 11 22]
np.random.permutation(males)[0:n_mar]
[ 4 15  5  3 20 18  1 19 14 17 10]
np.random.permutation(males)[0:n_mar]
[ 5 15 21 22  9 12 19  8  2 18 14]
np.random.permutation(males)[0:n_mar]
[19 18 15  5 10  6  7 13  3  4  9]
np.random.permutation(males)[0:n_mar]
[22 23 19  2  8  7 21 12 14  4 17]
np.random.permutation(males)[0:n_mar]
[11  9  0  6 16 15 21  4  7 19 23]
np.random.permutation(males)[0:n_mar]
[ 2 21 17 11  4 14 22 23  5  6  3]
np.random.permutation(males)[0:n_mar]
[ 6 15 12  2  3 22 21 20 14 16 10]
np.random.permutation(males)[0:n_mar]
[12 10 23  1  0  9 16  6 13 22  7]
np.random.permutation(males)[0:n_mar]
[ 6 12 23 20  0 21 19 18 16 13  3]
np.random.permutation(males)[0:n_mar]
[ 5  6 13  8 18 22  3 14 11 19 23]
np.random.permutation(males)[0:n_mar]
[23 18  4  3  0 17 14 15 21  8 22]
np.random.permutation(males)[0:n_mar]
[13 23 16  9 19 18 11 21 10  6 17]
np.random.permutation(males)[0:n_mar]
[19  8 18 11 12  5  7  0 23 13  6]
np.random.permutation(males)[0:n_mar]
[16  8  2 23  7  0  5 20 15 18  4]
np.random.permutation(males)[0:n_mar]
[ 2 19 12  7  1 13  5  6  3  8 10]
np.random.permutation(males)[0:n_mar]
[22 23 20 16  7 18 15  4  6 10 17]
np.random.permutation(males)[0:n_mar]
[ 0  6 19  5 15 16 11  8  1  7 22]
np.random.permutation(males)[0:n_mar]
[13  8 20 14  1  9 19 10 23  6 18]
np.random.permutation(males)[0:n_mar]
[ 2  0 16 18  5 20 15  6 11 21 10]
np.random.permutation(males)[0:n_mar]
[ 9 17 18 14 12  7 21  2 16  1 11]
np.random.permutation(males)[0:n_mar]
[ 3 14  4  2 18 16  7  6  9 23  0]
np.random.permutation(males)[0:n_mar]
[ 5  8 10  3 21 12 18  6  9  2 16]
np.random.permutation(males)[0:n_mar]
[ 1 20  6 23 10  3 12 16  4  8 21]
np.random.permutation(males)[0:n_mar]
[ 2 16  4 13  3  0 17  7 23 22 11]
np.random.permutation(males)[0:n_mar]
[22 23  6  5 15 13 19  9 10  8 11]
np.random.permutation(males)[0:n_mar]
[22 23 13 15 20  5  1 21  9 11 14]
np.random.permutation(males)[0:n_mar]
[ 2 10  8 15 23  4 22  7 17 13 18]
np.random.permutation(males)[0:n_mar]
[21 11 23 10  2 13 17  5 18 15  3]
np.random.permutation(males)[0:n_mar]
[19  6  1 14 10 17 18 21 12  9 15]
np.random.permutation(males)[0:n_mar]
[20 14 12 11  3  5  7  4  6 21  9]
np.random.permutation(males)[0:n_mar]
[22 23 17 18  2 19  4 16 14 10  9]
np.random.permutation(males)[0:n_mar]
[18  5  6  7  4 16 17  2 20 21 14]
np.random.permutation(males)[0:n_mar]
[ 6 21 12 13  4 17 10  5  3 19  8]
np.random.permutation(males)[0:n_mar]
[11  9  1  3 18 22 20 21 23 19  2]
np.random.permutation(males)[0:n_mar]
[ 6 13  2  9 18  0 14 20 15 12  8]
np.random.permutation(males)[0:n_mar]
[22 17 14 12 20 19 23 10  4  6  2]
np.random.permutation(males)[0:n_mar]
[ 4 11  1 23 14  7  5  3  0 21  8]
np.random.permutation(males)[0:n_mar]
[16 19  6 22  5  0 15 17 12  1  8]
np.random.permutation(males)[0:n_mar]
[12 19 16 11  8  5  9 18 15 10  2]
np.random.permutation(males)[0:n_mar]
[ 4  2 23  0  1  8  6 15 21  7 20]
np.random.permutation(males)[0:n_mar]
[ 7 23 19  5 15 18  9  3  8 11 14]
np.random.permutation(males)[0:n_mar]
[ 7 17 12 19  2  5  6 10 23 15  1]
np.random.permutation(males)[0:n_mar]
[21  6  0 14 17 22 13  4 18 11 20]
np.random.permutation(males)[0:n_mar]
[16  4  5  9  0  2 12 20  3 17 14]
np.random.permutation(males)[0:n_mar]
[ 7 23  9 17  4  3 15 10  6  8 14]
np.random.permutation(males)[0:n_mar]
[ 9 12  8 23 18 11 14 17 20  4 13]
np.random.permutation(males)[0:n_mar]
[ 9  3 23 15  2 14 12  8  7 20  6]
np.random.permutation(males)[0:n_mar]
[ 4 11  7  3  0 12 13 22  9 19 14]
np.random.permutation(males)[0:n_mar]
[21 18 15  9 23 20 22 16 14  4  2]
np.random.permutation(males)[0:n_mar]
[ 5 13  9 19  4 21  3  8 14  7 15]
np.random.permutation(males)[0:n_mar]
[22 23 15  0  7 14 10  2  5  4  1]
np.random.permutation(males)[0:n_mar]
[19 12  8 15  3 11 18  1  0  7 16]
np.random.permutation(males)[0:n_mar]
[22 12 17  3  0 18  7  2 11  5 15]
np.random.permutation(males)[0:n_mar]
[ 0 23 19 14  5 17  7  4  3 11  8]
np.random.permutation(males)[0:n_mar]
[15 11 14 21 20  3  0  7  1 22  9]
np.random.permutation(males)[0:n_mar]
[12 13 22 18  7 10 14  0  4 11 17]
np.random.permutation(males)[0:n_mar]
[22  5 18  7 19  3 17 20 21  0  6]
np.random.permutation(males)[0:n_mar]
[19  2 14  0 21 15  1 22  6  4  8]
np.random.permutation(males)[0:n_mar]
[10  9  6 15 14 19 16 20 23  2  0]
np.random.permutation(males)[0:n_mar]
[ 3 10  4 19 11 21  8 23  6 18 14]
np.random.permutation(males)[0:n_mar]
[ 1 18  0  4 12 15 11  2 23 16  7]
np.random.permutation(males)[0:n_mar]
[17 20  2 13 15  7  5 21  0 23  8]
np.random.permutation(males)[0:n_mar]
[18  7 13  1 16  8  4 15  6 22  5]
np.random.permutation(males)[0:n_mar]
[12 22  3 15 17 21  5  6  7 14 23]
np.random.permutation(males)[0:n_mar]
[ 4 17  7  0 10 20 16 15 13 18  5]
np.random.permutation(males)[0:n_mar]
[ 8  6 21 19  1 11 14 10 15 22  9]
np.random.permutation(males)[0:n_mar]
[21 10  6 17  0 12 13 22 14 19 16]
np.random.permutation(males)[0:n_mar]
[13  3  6 14 16  9  1 20 11  4  8]
np.random.permutation(males)[0:n_mar]
[21 22 11 12 15  7 16 23  1  4  9]
np.random.permutation(males)[0:n_mar]
[11 23 22  5  1  6 17  8 21 20 14]
np.random.permutation(males)[0:n_mar]
[17 21 12 10 16 23 15  9  2  5 13]
np.random.permutation(males)[0:n_mar]
[15 16 23 20 13  2 11 21 22  8 10]
np.random.permutation(males)[0:n_mar]
[16  6  1  2  9  5 14 22  3 17 12]
np.random.permutation(males)[0:n_mar]
[13 14 18 10 15 23 22  3 21  6 19]
np.random.permutation(males)[0:n_mar]
[ 6 15 13  0  5  9 12 14  4 21  8]
np.random.permutation(males)[0:n_mar]
[18 14 22 20  7  8  5 15  2  4  1]
np.random.permutation(males)[0:n_mar]
[ 8  5  2  7  6 16 22 11 18 14  0]
np.random.permutation(males)[0:n_mar]
[ 3 22 16 13  0  1  2  9 15 10 20]
np.random.permutation(males)[0:n_mar]
[ 5 17 12 18 11  0 13  7 15 16  6]
np.random.permutation(males)[0:n_mar]
[12 19  0  9 20  4 21 17  2 15 23]
np.random.permutation(males)[0:n_mar]
[ 4  3 23  9  6 13  8 15  0  2  5]
np.random.permutation(males)[0:n_mar]
[10  5 23  4  6 13 20  7 22  2  8]
np.random.permutation(males)[0:n_mar]
[13 22 21  5  7 12 10  0  8  2  4]
np.random.permutation(males)[0:n_mar]
[11  4 15  9 22 19 18 12  5  6  8]
np.random.permutation(males)[0:n_mar]
[ 6 13  8 23  4  0 19  1  2 21 12]
np.random.permutation(males)[0:n_mar]
[17 16 18 19 21  9  1  3 12 23 14]
np.random.permutation(males)[0:n_mar]
[18 21  0 15 17  4  7  1  2 12  3]
np.random.permutation(males)[0:n_mar]
[ 0 15  3  6 17 20  4  2 14 22 19]
np.random.permutation(males)[0:n_mar]
[ 7  4 11 22 21  9  0  6  8 13 10]
np.random.permutation(males)[0:n_mar]
[15 22 13  0 18  3  5 21 17  7  2]
np.random.permutation(males)[0:n_mar]
[13  3  4  2  0  5  8 19 17 21  9]
np.random.permutation(males)[0:n_mar]
[ 9 12 21  8 11 14 17 18 23  3 20]
np.random.permutation(males)[0:n_mar]
[12 20  7  9 10 11 15 13 14  0  3]
np.random.permutation(males)[0:n_mar]
[ 3 10 11 16 21 18 12 15 23  8 22]
np.random.permutation(males)[0:n_mar]
[ 8 14  3  4  6 11  5  0 15  1 19]
np.random.permutation(males)[0:n_mar]
[ 1  0  7  5 21  3 20 13 23 15  8]
np.random.permutation(males)[0:n_mar]
[20  7  8 19  2  5 10 13  0  3  1]
np.random.permutation(males)[0:n_mar]
[10  5 12  3 13 17 14 15 18  4  9]
np.random.permutation(males)[0:n_mar]
[19  1 12  3 17 14 15  5  0 13  7]
np.random.permutation(males)[0:n_mar]
[ 7 10  2 11  3 15  8  9 20  1 21]
np.random.permutation(males)[0:n_mar]
[ 9 22  7 11  0 15  3 21 18 16  1]
np.random.permutation(males)[0:n_mar]
[ 0  4  3 20  7 21 23  5 18 11 19]
np.random.permutation(males)[0:n_mar]
[10 17  0 18 15 14  4  2  5  8 16]
np.random.permutation(males)[0:n_mar]
[17 16  0 10  6 19 15 11  1 21  4]
np.random.permutation(males)[0:n_mar]
[14  6 11 15 21 22  4 23  9  0 18]
np.random.permutation(males)[0:n_mar]
[ 6 16  7 10 20  9 12 21 22 14 19]
np.random.permutation(males)[0:n_mar]
[ 7 12 22 19  4 18  3 20 10 17 13]
np.random.permutation(males)[0:n_mar]
[ 0  6  4  2  1 22 17 16 20  3 21]
np.random.permutation(males)[0:n_mar]
[15 16 17 13  4  9 12  1 11 19 10]
np.random.permutation(males)[0:n_mar]
[ 4  7 13 20 17 18  0 15  2 23 12]
np.random.permutation(males)[0:n_mar]
[17  1 19  3 12  6 23 15 16  0 22]
np.random.permutation(males)[0:n_mar]
[ 8 13  2  3  4  1 21 15 14  9 12]
np.random.permutation(males)[0:n_mar]
[22  9 12  8 20  0 23 18 14 17  2]
np.random.permutation(males)[0:n_mar]
[20  6 17  8  0  7  3 13 16  1 11]
np.random.permutation(males)[0:n_mar]
[18  2  6  1 10 13  0 14  9  4  7]
np.random.permutation(males)[0:n_mar]
[ 4 17 11 12  5 16 15 23  9  7 10]
np.random.permutation(males)[0:n_mar]
[23 12  1  9  5  6 21 13 15  8 20]
np.random.permutation(males)[0:n_mar]
[13  6 20 17 14  3  2 12 22 18 23]
np.random.permutation(males)[0:n_mar]
[22 13 23  3 10 11  2 17 20  7  1]
np.random.permutation(males)[0:n_mar]
[19 23  8 15  1 13  5 14  7 21 22]
np.random.permutation(males)[0:n_mar]
[21  8 15 19  4  2 10 18 23 22  0]
np.random.permutation(males)[0:n_mar]
[ 1  3  8 16 13 18 11 12  0 10 19]
np.random.permutation(males)[0:n_mar]
[22 10 15  1 23  0 14  8 19  5 17]
np.random.permutation(males)[0:n_mar]
[ 3 19 18 20 14 22 21  9 23 12  5]
np.random.permutation(males)[0:n_mar]
[21 10  9 16 12  7  4 19 22  2 20]
np.random.permutation(males)[0:n_mar]
[20  5  3 18  2  7  1 11 12  4 22]
np.random.permutation(males)[0:n_mar]
[ 9  5  4  6 22  0 12 18 10 15  3]
np.random.permutation(males)[0:n_mar]
[12  1  5  3 20  6 10 14  7  0  8]
np.random.permutation(males)[0:n_mar]
[13 16 20 15 23 19  6 21 14  8 17]
np.random.permutation(males)[0:n_mar]
[13  0 20  9 22  4  7 12 19 14 16]
np.random.permutation(males)[0:n_mar]
[ 2  0  4  7 19 17 15 16  3  9 13]
np.random.permutation(males)[0:n_mar]
[ 4 17 22 23  0  6  3  1 10 19 12]
np.random.permutation(males)[0:n_mar]
[13 14  3  4 21 12  2  6 23  1  9]
np.random.permutation(males)[0:n_mar]
[ 0 18 22  9  1  3 15 20 16 23 11]
np.random.permutation(males)[0:n_mar]
[20 14  6  4 16 21  8  5  9  3  1]
np.random.permutation(males)[0:n_mar]
[11 19  2  9 22  4 15  5 13  1  7]
np.random.permutation(males)[0:n_mar]
[10 21  7  4 12  5  0  1 22  3 17]
np.random.permutation(males)[0:n_mar]
[19  0 15 14  1 13 22  2 12  7 10]
np.random.permutation(males)[0:n_mar]
[18 11 23 14 19 12  7  1  6 17  0]
np.random.permutation(males)[0:n_mar]
[15 10 14 17  1 20 22  2 19 18  6]
np.random.permutation(males)[0:n_mar]
[16 10 15  4  8 23 19  2  9 21  1]
np.random.permutation(males)[0:n_mar]
[17 18  2 20 14 15  0 13 12  8 10]
np.random.permutation(males)[0:n_mar]
[20  0  2  8  3 14 13 22 16  9  7]
np.random.permutation(males)[0:n_mar]
[13  6  8  9 20 19 22 16  4 10 23]
np.random.permutation(males)[0:n_mar]
[ 7 17  5  9 18  4 16  0 20 19 21]
np.random.permutation(males)[0:n_mar]
[ 3 13  4  5  0  6 22 11  1  8 19]
np.random.permutation(males)[0:n_mar]
[15 19  6 21  7 13  5  1 17 23  0]
np.random.permutation(males)[0:n_mar]
[23  3 14  0 16 15 11  9  4 12  5]
np.random.permutation(males)[0:n_mar]
[17 16 14 18 21 19  5  9 11 22  2]
np.random.permutation(males)[0:n_mar]
[13 14 23 20  0  2 15 22 16 10  9]
np.random.permutation(males)[0:n_mar]
[16 20  3  2  6 21  4 17 22 12  8]
np.random.permutation(males)[0:n_mar]
[18  1 17 12 23 22 21  4 10  6 20]
np.random.permutation(males)[0:n_mar]
[ 0 11  9  6 20 10 18  7 22 16 14]
np.random.permutation(males)[0:n_mar]
[ 4  3  2 12 15  7 20  6 13 23 17]
np.random.permutation(males)[0:n_mar]
[ 9 15  3  0 19 16  5 12 11  4  7]
np.random.permutation(males)[0:n_mar]
[ 9  1  5 13 11 23 19  8 21 17 10]
np.random.permutation(males)[0:n_mar]
[17 12 13  2 23  8 18 16  6  9 20]
np.random.permutation(males)[0:n_mar]
[17 13 23  4 20 15 11 14  0  2  9]
np.random.permutation(males)[0:n_mar]
[10 12  8  9 18 22 11  1 14 13  3]
np.random.permutation(males)[0:n_mar]
[ 2  6  4 15 20 10  7  0 21 19  9]
np.random.permutation(males)[0:n_mar]
[13  0 21  6  2  5 22  9 15 16 14]
np.random.permutation(males)[0:n_mar]
[ 5 10  1 14  8 19 12  6 13  0 11]
np.random.permutation(males)[0:n_mar]
[23  9 21  1 14  3 10  8  5 22  4]
np.random.permutation(males)[0:n_mar]
[ 4 15  6  9 16  0 14  5 19 12 23]
np.random.permutation(males)[0:n_mar]
[18  5 12  1  6 19 13 20 10 22 11]
np.random.permutation(males)[0:n_mar]
[ 9 18 19 14  2 23  5  6  0  1 11]
np.random.permutation(males)[0:n_mar]
[20 11  1  8  4 23 22 17 12  0 15]
np.random.permutation(males)[0:n_mar]
[ 0  6  8  7 14 18 13 10  1  9  4]
np.random.permutation(males)[0:n_mar]
[14  2  9 15  5 18 20 12 22  6 21]
np.random.permutation(males)[0:n_mar]
[ 1  4  6 19 16  8  3 17  0 10 22]
np.random.permutation(males)[0:n_mar]
[17 22 13  9 21  4  2  1 12  5 11]
np.random.permutation(males)[0:n_mar]
[11 16  6 22  4 21  7  1 19 20 12]
np.random.permutation(males)[0:n_mar]
[ 4 23  9 16 13 19 21 17 14 12  6]
np.random.permutation(males)[0:n_mar]
[ 7 18  5 13 14  3 20  4  8 17  1]
np.random.permutation(males)[0:n_mar]
[ 9  4 17 14  2  7  6 19  8  3  5]
np.random.permutation(males)[0:n_mar]
[18  4  5  9 23 14 13  0 21 15 10]
np.random.permutation(males)[0:n_mar]
[15  6 16  8  0 21 10 20  7 23 18]
np.random.permutation(males)[0:n_mar]
[ 5 11  2  8 22 23  3 18 14  1 16]
np.random.permutation(males)[0:n_mar]
[ 9  0 16 22 11 19 13 20 18  7 10]
np.random.permutation(males)[0:n_mar]
[18 14 15 21 13  1 22 17  5  0  9]
np.random.permutation(males)[0:n_mar]
[13 14 16  4  1 22 19  9  6  2 15]
np.random.permutation(males)[0:n_mar]
[ 4  9  2 15  1  3 12 18 10  8 11]
np.random.permutation(males)[0:n_mar]
[ 5  8 13 20  7  0  6 15  1 11 10]
np.random.permutation(males)[0:n_mar]
[12 19 14  7 20 10 23 22  0  9 21]
np.random.permutation(males)[0:n_mar]
[ 8 12 11 14 21 13  0 15 17 10 18]
np.random.permutation(males)[0:n_mar]
[17  3  7 11 22 23 15  1  4  8 16]
np.random.permutation(males)[0:n_mar]
[13 20  7  1  9 15 11  4  3  5 22]
np.random.permutation(males)[0:n_mar]
[ 7  8 14  5  0  9 19 23 21 20  1]
np.random.permutation(males)[0:n_mar]
[16 22 20  7 13 19 15 18  2 14  5]
np.random.permutation(males)[0:n_mar]
[16 10 19  0 14  5 22 17 11  3  1]
np.random.permutation(males)[0:n_mar]
[ 0  1  3  2 20 10  6 15 17  8 16]
np.random.permutation(males)[0:n_mar]
[ 9  7 10 17 13 20  5 19 21  2 11]
np.random.permutation(males)[0:n_mar]
[ 9 13 22  1 12 23 10 18  4  5 19]
np.random.permutation(males)[0:n_mar]
[13 15 20 18  9  8 19  3 11  5 22]
np.random.permutation(males)[0:n_mar]
[ 1 18 22 23 10  8 14  3 17  5 21]
np.random.permutation(males)[0:n_mar]
[19 17 11  4  3 22 14 20  1  5  0]
np.random.permutation(males)[0:n_mar]
[17  6 16  0  7  8 18 21 13  9 14]
np.random.permutation(males)[0:n_mar]
[ 2 14 23 22 19  4  7  1 10 21 15]
np.random.permutation(males)[0:n_mar]
[ 4 21  3 19 16  9 13 15 22 18  5]
np.random.permutation(males)[0:n_mar]
[16  4 22 18  1 13 21 10  9 23 11]
np.random.permutation(males)[0:n_mar]
[ 3 17  7 16  8  2  0  5 10  4 11]
np.random.permutation(males)[0:n_mar]
[ 3 14  8 19 10 22  5  7 16 11  0]
np.random.permutation(males)[0:n_mar]
[13  0  8 22  2  7  9 12 19 16  5]
np.random.permutation(males)[0:n_mar]
[ 0 10  5 22 19  3 17 13 16  7 20]
np.random.permutation(males)[0:n_mar]
[20 17 10 12  7 23  2 19  5  0 16]
np.random.permutation(males)[0:n_mar]
[18 22 19 15 10  4  6  8 16  2  5]
np.random.permutation(males)[0:n_mar]
[16  5 14 20  3  2  6 13 22 17  9]
np.random.permutation(males)[0:n_mar]
[11  7  9 19 10 16 15 21 17 12  8]
np.random.permutation(males)[0:n_mar]
[ 2  6  7 14  8 11 12 21  0 23 15]
np.random.permutation(males)[0:n_mar]
[16  5 20 19 12 21  4  6  1 17 18]
np.random.permutation(males)[0:n_mar]
[17 12  3 22 19 23  8  1  4 15  0]
np.random.permutation(males)[0:n_mar]
[20 12 13  6 10 16  4 22  1  5 14]
np.random.permutation(males)[0:n_mar]
[23 21 22  6 15 14  9 17  7 16  4]
np.random.permutation(males)[0:n_mar]
[ 1 20  4 19  2 15  5 18  8 17 14]
np.random.permutation(males)[0:n_mar]
[16 22  1  6  3 19 17 11 21  0  5]
np.random.permutation(males)[0:n_mar]
[15 18  5  8 21 19  9  1  7 22 14]
np.random.permutation(males)[0:n_mar]
[19 10  5  0  8 23 13 18 21 15 16]
np.random.permutation(males)[0:n_mar]
[ 3 23  8 13  2  1  4 14 17  6  7]
np.random.permutation(males)[0:n_mar]
[ 9  2 16 12  0 10  7 15  3 20 18]
np.random.permutation(males)[0:n_mar]
[22  8  4  5 10 13  2 12 15 14  0]
np.random.permutation(males)[0:n_mar]
[15 23 11 17  3  8  4 16 20  7  0]
np.random.permutation(males)[0:n_mar]
[12  0  1 21 20 23 11  5 14 19  9]
np.random.permutation(males)[0:n_mar]
[ 6 16 10 12  0 13 21  7  3  8 14]
np.random.permutation(males)[0:n_mar]
[ 6 16  0 14  8 13 12 17 11  4 10]
np.random.permutation(males)[0:n_mar]
[ 5  3 14  1  0  9 11 21 23 22 16]
np.random.permutation(males)[0:n_mar]
[23 15 14  6  9 19 21  7 22 17  0]
np.random.permutation(males)[0:n_mar]
[ 4 14 13 22 17 11 12 21 23  2 19]
np.random.permutation(males)[0:n_mar]
[ 1  2 20 18  8 12 19 23  9  5 16]
np.random.permutation(males)[0:n_mar]
[20  0 23  6 18  3  9 14 21 22 11]
np.random.permutation(males)[0:n_mar]
[16 10 14 20 12  8  4 23 19 17  9]
np.random.permutation(males)[0:n_mar]
[15 17 13  9  1 10 11 22  3 18  0]
np.random.permutation(males)[0:n_mar]
[16  9  1 10 22 11 13  0  8  6 12]
np.random.permutation(males)[0:n_mar]
[23 18  5 17 10 20  8 15  3 12 11]
np.random.permutation(males)[0:n_mar]
[16 19  3 21  9  8 11 10 14 23  1]
np.random.permutation(males)[0:n_mar]
[11 23  2  4  3 10 21 20  0 14  6]
np.random.permutation(males)[0:n_mar]
[11 12 15  1 20  8  7  5 14  6  2]
np.random.permutation(males)[0:n_mar]
[ 1 21 10 14 23  9  2 18 17  5  4]
np.random.permutation(males)[0:n_mar]
[20 17  5 16  9 15  8  6 12  1  4]
np.random.permutation(males)[0:n_mar]
[18 13  9  6  0 23 17  7 12 21  1]
np.random.permutation(males)[0:n_mar]
[ 3  6 18 21  0  1 20 14  2 23 19]
np.random.permutation(males)[0:n_mar]
[10  5  4 13 16 20  6 12  9 11  1]
np.random.permutation(males)[0:n_mar]
[20 19  8  4  1 17 21 23 10 16  3]
np.random.permutation(males)[0:n_mar]
[20 13 16 11  7 19 10  0 15  3 22]
np.random.permutation(males)[0:n_mar]
[19  6  3  2 20 21  1 15  8 11  9]
np.random.permutation(males)[0:n_mar]
[17 16 14  9  8 19  4  2  6 20 10]
np.random.permutation(males)[0:n_mar]
[ 1  8 13  7  2  0 19 18 17 10 11]
np.random.permutation(males)[0:n_mar]
[ 7  3 17  2 18 12  8 14  4 21  6]
np.random.permutation(males)[0:n_mar]
[10  6  1  9 17  4 21  3 19 13 15]
np.random.permutation(males)[0:n_mar]
[20 18 19  5 16 12 23 13 21  3 15]
np.random.permutation(males)[0:n_mar]
[ 5 21 15 18  1 23 16  4 11 20 10]
np.random.permutation(males)[0:n_mar]
[14  6  9  3  4 11  1 19 18 15 12]
np.random.permutation(males)[0:n_mar]
[20 18  0  9  6 23 16 11  3  5  1]
np.random.permutation(males)[0:n_mar]
[14 21  5 17  6  1  4 20  7 10  2]
np.random.permutation(males)[0:n_mar]
[ 7  9 14 22  4 13  0 11 10 16 15]
np.random.permutation(males)[0:n_mar]
[18 21 15  1  6 20 16  5 17  8 14]
np.random.permutation(males)[0:n_mar]
[22  2 10 11 23  4 12  1  3 17  0]
np.random.permutation(males)[0:n_mar]
[14 12 21  2  5 17 20 18  0 23  4]
np.random.permutation(males)[0:n_mar]
[ 4  3  9  5 23 19  6  7 10 20 22]
np.random.permutation(males)[0:n_mar]
[ 3  5  6  0  8 15  9 13 22 21  4]
np.random.permutation(males)[0:n_mar]
[23 14 11 18 13 19  1  0 21 12 15]
np.random.permutation(males)[0:n_mar]
[ 0  8 13 15  4  5 12 18 16 14  6]
np.random.permutation(males)[0:n_mar]
[ 1  2  7 20 19 11  8 13 15 10  9]
np.random.permutation(males)[0:n_mar]
[11  6  4  3 21 18 20 10  2 15 17]
np.random.permutation(males)[0:n_mar]
[12 10 15  1  0  3  6  9  4 22 14]
np.random.permutation(males)[0:n_mar]
[21 22  7 12  4  6  9 18 16 19 14]
np.random.permutation(males)[0:n_mar]
[19  4 20 15  1  8  3 17 11 13 14]
np.random.permutation(males)[0:n_mar]
[13  5 22  2 21  3 12  4 20  6 19]
np.random.permutation(males)[0:n_mar]
[17 11 10  8 15  6  5  4 13 18 22]
np.random.permutation(males)[0:n_mar]
[22  8 11  5 19  9  3  2 13 14  1]
np.random.permutation(males)[0:n_mar]
[22  4  3  6  2  8 13 21 19  7 16]
np.random.permutation(males)[0:n_mar]
[17  9  4  0 12 15 22  7 18 20  3]
np.random.permutation(males)[0:n_mar]
[17 16 20  2 13 11  3  9 12  0 14]
np.random.permutation(males)[0:n_mar]
[ 4  9 17  2  5 14  1 12  8  0 18]
np.random.permutation(males)[0:n_mar]
[ 2  5 18 17 16 10 15 13 19  6 11]
np.random.permutation(males)[0:n_mar]
[11  3 17 10 16  5 14 15  6  2  9]
np.random.permutation(males)[0:n_mar]
[10  8  5 15  9 18 12  3  0 20  6]
np.random.permutation(males)[0:n_mar]
[11 14  2 16 13 12 15 18 17 10  3]
np.random.permutation(males)[0:n_mar]
[16 21 17  8 20  2 14  4  3 15 13]
np.random.permutation(males)[0:n_mar]
[ 9 10 13  0 22 16  2 12  1  4 18]
np.random.permutation(males)[0:n_mar]
[ 3 16 22 12  7  2 19 10  0 15  6]
np.random.permutation(males)[0:n_mar]
[13 14 15  7  5  4 12  3 18 21 11]
np.random.permutation(males)[0:n_mar]
[ 9  1 13 18 16 14  3 23 22 10 19]
np.random.permutation(males)[0:n_mar]
[14 16  9  4  2 18  7 19  1  6 13]
np.random.permutation(males)[0:n_mar]
[ 5  7  2 11 13 17 15  4 10 16 20]
np.random.permutation(males)[0:n_mar]
[ 2  9 23 22 17 14 13  6 11 18  8]
np.random.permutation(males)[0:n_mar]
[14  2 15 12 23 20 21 11  0 22 18]
np.random.permutation(males)[0:n_mar]
[16  1 14 22  6  0 17  7  3  5  4]
np.random.permutation(males)[0:n_mar]
[15  8 16  0  5  6  2 18 11  7 17]
np.random.permutation(males)[0:n_mar]
[22  2  6 11 20  8 19  5 14  7 21]
np.random.permutation(males)[0:n_mar]
[16 13  1 19 18 20 22  5  7 23  8]
np.random.permutation(males)[0:n_mar]
[12 20  4 18  0  3 11 17  6  2 10]
np.random.permutation(males)[0:n_mar]
[10 23 13 16  2 14 17  9 22  3 11]
np.random.permutation(males)[0:n_mar]
[15 16  5 18 11  7 19  1 14  4 17]
np.random.permutation(males)[0:n_mar]
[ 6  8 15 16 21 17  7 11 10 12  9]
np.random.permutation(males)[0:n_mar]
[14 20 11 19  6  1  7  2  5 22  8]
np.random.permutation(males)[0:n_mar]
[ 4 21  5  6 10 18  9 17 22 16 20]
np.random.permutation(males)[0:n_mar]
[17  9 21 23 13 14  1 11  5  6 22]
np.random.permutation(males)[0:n_mar]
[ 7  6 11 23 16 10 17 15 18  5  3]
np.random.permutation(males)[0:n_mar]
[21 23 16 12 18 22  6  0  4  5  3]
np.random.permutation(males)[0:n_mar]
[13  6 22 19 15  8  0  1 23 18 12]
np.random.permutation(males)[0:n_mar]
[ 8 22  4  5 10 23 11  7  2  3 14]
np.random.permutation(males)[0:n_mar]
[16  9  6  0 17  5  4 19 13 21 23]
np.random.permutation(males)[0:n_mar]
[10 15 17  9 13 14  6 20  1 18  2]
np.random.permutation(males)[0:n_mar]
[ 5  7 22 10  4 13  9 12 14  8  1]
np.random.permutation(males)[0:n_mar]
[ 4 14 12 23  9 15  8  3 19  7 18]
np.random.permutation(males)[0:n_mar]
[ 7  0  4  9 21  2 17 13 14  6  8]
np.random.permutation(males)[0:n_mar]
[ 3 13 12 14  6 21 17  2 11  7 22]
np.random.permutation(males)[0:n_mar]
[16  9 12  5 21 11 14 18 13 15 20]
np.random.permutation(males)[0:n_mar]
[21 11 10 16 14  7  2  3 18  5 23]
np.random.permutation(males)[0:n_mar]
[ 1  4 22 14 19 12 20 17 15 13  6]
np.random.permutation(males)[0:n_mar]
[12 14  8  2 15 17 20 10 11 18  7]
np.random.permutation(males)[0:n_mar]
[21  4 14 13 12 17  8  0  3  2  6]
np.random.permutation(males)[0:n_mar]
[ 3 20 15  1  7 16  9 10 18 21 17]
np.random.permutation(males)[0:n_mar]
[16 13 19  5 23 17 18  2  0 15  9]
np.random.permutation(males)[0:n_mar]
[17  5 18 19  9 13 22 15  6  1 10]
np.random.permutation(males)[0:n_mar]
[10 15 22 11  8 21 18  3 12 16  9]
np.random.permutation(males)[0:n_mar]
[22  7 12  5  3  4  6  0 11 21 20]
np.random.permutation(males)[0:n_mar]
[16 17 10 20 12  9  6 23 18  4  0]
np.random.permutation(males)[0:n_mar]
[10  2 17 18 22 14 20 21  4  6  0]
np.random.permutation(males)[0:n_mar]
[11  5 23 17  2  3 14  8  9 20 15]
np.random.permutation(males)[0:n_mar]
[18  0 15 12 21 11  6 13 17  9  8]
np.random.permutation(males)[0:n_mar]
[ 8 12  7 23  0  9  2  6 22 19 17]
np.random.permutation(males)[0:n_mar]
[10  2 11  1 16  5 23  7  4 15 20]
np.random.permutation(males)[0:n_mar]
[16 20 14 19 21 18 22  0  7 23  5]
np.random.permutation(males)[0:n_mar]
[ 2 18 13 15  5 17 19 10 23 22  9]
np.random.permutation(males)[0:n_mar]
[20 14  4 11 13  3 17 21 22  2 18]
np.random.permutation(males)[0:n_mar]
[15  3 18 10  2 11  0  7  1 17 16]
np.random.permutation(males)[0:n_mar]
[12  2 15 23  7  5 14  0  8  1 11]
np.random.permutation(males)[0:n_mar]
[23 16 13  5 10  8  1 18  7 20 12]
np.random.permutation(males)[0:n_mar]
[ 6  9 18  0 16 14 22 17 20 10  4]
np.random.permutation(males)[0:n_mar]
[ 5 16 19 10 14  9  7  4 12 11 21]
np.random.permutation(males)[0:n_mar]
[23  3 21 16  8  4  9  7 14 17 15]
np.random.permutation(males)[0:n_mar]
[ 5 21  4 13 14  1 16 18  8 17 12]
np.random.permutation(males)[0:n_mar]
[20  1  9 16  3 13  2 10 21  6 23]
np.random.permutation(males)[0:n_mar]
[19  5  2 16  6  3 22  7 23  8  4]
np.random.permutation(males)[0:n_mar]
[22 18  3 19  8  7  6 11  4  9  1]
np.random.permutation(males)[0:n_mar]
[21  7 10  5 17 20  6  4  9 16 18]
np.random.permutation(males)[0:n_mar]
[19  7  3 22 11  6 10  9 17 23 16]
np.random.permutation(males)[0:n_mar]
[15  5 13 12 17 22 23  3  4  0  7]
np.random.permutation(males)[0:n_mar]
[16 19  3  9  7 15 23  4 22 10  1]
np.random.permutation(males)[0:n_mar]
[15  7 16 11  3 23 22 18 19  5 13]
np.random.permutation(males)[0:n_mar]
[ 7  8 12  9 15 16 19 20  0 22  4]
np.random.permutation(males)[0:n_mar]
[16 18  7  8 15  6 13 14  3  2 23]
np.random.permutation(males)[0:n_mar]
[ 2  6 16  3 10  8  4  7 11  1 13]
np.random.permutation(males)[0:n_mar]
[11 15 21  3 19  9 12  7 10 20  2]
np.random.permutation(males)[0:n_mar]
[ 0  8 21 16 14  1 20  4 23 15 19]
np.random.permutation(males)[0:n_mar]
[ 1 14  0 20  6 15  5 16 13 18 12]
np.random.permutation(males)[0:n_mar]
[ 4 21  3  8 19 10 13 20 16 14  9]
np.random.permutation(males)[0:n_mar]
[18  5 12 13 17 20 11 22  7  2  3]
np.random.permutation(males)[0:n_mar]
[23  7 20  8 11  6 15 17 10 13  5]
np.random.permutation(males)[0:n_mar]
[12  5 17  1  2 10 16  9  3 23 20]
np.random.permutation(males)[0:n_mar]
[ 7  9 18 13 14  2  4 16 20  1  3]
np.random.permutation(males)[0:n_mar]
[16  7  6 12 23 21  2  1 15  0  8]
np.random.permutation(males)[0:n_mar]
[ 6  0 14 21 22 16  5 19 18 23 13]
np.random.permutation(males)[0:n_mar]
[ 0  8 23 14  6  9 17  7 15  2 13]
np.random.permutation(males)[0:n_mar]
[20  6 13  3 11  8 21 15 17  5  1]
np.random.permutation(males)[0:n_mar]
[13 20  2 18  8  4 11 10 15  5 17]
np.random.permutation(males)[0:n_mar]
[16  0 15 23  7 14 20  8  6 11 22]
np.random.permutation(males)[0:n_mar]
[14  3 23 18  7  0 20 17  2  8 19]
np.random.permutation(males)[0:n_mar]
[ 5 17 21  2 10 13 18 12  9 22 14]
np.random.permutation(males)[0:n_mar]
[ 6  4  1  0 11  3 10 13  7  2 14]
np.random.permutation(males)[0:n_mar]
[16 21  3 20  9  6 22  8  5  7  2]
np.random.permutation(males)[0:n_mar]
[12 20 11  8  6 23 16  0 22 21 13]
np.random.permutation(males)[0:n_mar]
[11 14 23 20  9  8 15  1 16 10  6]
np.random.permutation(males)[0:n_mar]
[10  6 16  7 22 19 21  9  3  1  5]
np.random.permutation(males)[0:n_mar]
[21  2  0 13  5  1  4 12 16  8 18]
np.random.permutation(males)[0:n_mar]
[22  0 10 23  4 20 15 11  9 12 19]
np.random.permutation(males)[0:n_mar]
[ 4 20 23 11  9 13  0  7 21  8  2]
np.random.permutation(males)[0:n_mar]
[ 7 19  0 21  1 16  6  9 20 23 12]
np.random.permutation(males)[0:n_mar]
[20 14 11 23  7  6 22 10  8 17  3]
np.random.permutation(males)[0:n_mar]
[18  8 14  0  7 19 12 20 10 22  1]
np.random.permutation(males)[0:n_mar]
[23 17 16 11 19  3  8 18 22  6  2]
np.random.permutation(males)[0:n_mar]
[11 14 20 18 19 12  7 10 21 16 23]
np.random.permutation(males)[0:n_mar]
[21  5 13  7 20 17 12 22 16  6  0]
np.random.permutation(males)[0:n_mar]
[ 0  2 21 22 10 17  8 19 20 14  3]
np.random.permutation(males)[0:n_mar]
[10 12 21 16 20 19 17  2  1 23  3]
np.random.permutation(males)[0:n_mar]
[ 8 11  2 13  3 22 17 18 15 16 23]
np.random.permutation(males)[0:n_mar]
[23 16  2  0 14 21 19  4 20 11  8]
np.random.permutation(males)[0:n_mar]
[ 0  1 12 11 15  6 17 22 19  2 16]
np.random.permutation(males)[0:n_mar]
[20  3 16  1  8  0  2 11 18  9  4]
np.random.permutation(males)[0:n_mar]
[ 0  9 15  3  2 20 12 11  4  8 14]
np.random.permutation(males)[0:n_mar]
[23  2  8 22 21  9 16  4 17 13 10]
np.random.permutation(males)[0:n_mar]
[ 2 23 20 13 22  9  0 17  1  5 14]
np.random.permutation(males)[0:n_mar]
[19 13  6  8 16 17 18  1  3 10 15]
np.random.permutation(males)[0:n_mar]
[ 6 16  9  4  2 15  7  3  5 10 17]
np.random.permutation(males)[0:n_mar]
[14  4  8  9  7  0 10  3 18 13 16]
np.random.permutation(males)[0:n_mar]
[ 4 16 11 14  6 22  9  3 13 15 19]
np.random.permutation(males)[0:n_mar]
[14 22  5 11 23  6 17 18  8 13 19]
np.random.permutation(males)[0:n_mar]
[16  0  4  2 18 13 20  5  1  9  7]
np.random.permutation(males)[0:n_mar]
[23 18 11  6  5 17 12 21  2 16 15]
np.random.permutation(males)[0:n_mar]
[21 13  1  7 11 22  6 20 17 18  0]
np.random.permutation(males)[0:n_mar]
[ 2 21 12 17 23 18  7 10 13  0  6]
np.random.permutation(males)[0:n_mar]
[ 7 15 14  1 16 10  6 19  3  2 18]
np.random.permutation(males)[0:n_mar]
[10 21  7  3 15  0 19 14  9  2 12]
np.random.permutation(males)[0:n_mar]
[ 1  3  8  4 18 22 10  7 13 19 21]
np.random.permutation(males)[0:n_mar]
[14  0  4  9 13  3 17  1  6 10 16]
np.random.permutation(males)[0:n_mar]
[20  8  5 23 11 18  1  3 16  0  2]
np.random.permutation(males)[0:n_mar]
[22  5  8 12  7 20  2  6  3 21 16]
np.random.permutation(males)[0:n_mar]
[ 7  3 15 17  5 13 12  2 14  8  1]
np.random.permutation(males)[0:n_mar]
[ 0 15 14 19  1 11  4  6 10 12 16]
np.random.permutation(males)[0:n_mar]
[16  1 17 15 21 22 11  2 20  3 10]
np.random.permutation(males)[0:n_mar]
[ 4  2 10 13  8  9 18  1  6  7  3]
np.random.permutation(males)[0:n_mar]
[ 1  3  6 15  4 21 13 23 20  9 22]
np.random.permutation(males)[0:n_mar]
[ 5 11 17  6 23 14  1 16  9  8 15]
np.random.permutation(males)[0:n_mar]
[11 21 19 14 12 10 13  1 16 17 23]
np.random.permutation(males)[0:n_mar]
[ 6  9 13 18  7  8 22 17 20  0 16]
np.random.permutation(males)[0:n_mar]
[13 15  4 20 17  7 21  8 22 11  0]
np.random.permutation(males)[0:n_mar]
[16  1 22  8 17 10 15 21  6 20 19]
np.random.permutation(males)[0:n_mar]
[13 15  8  0  7 20 23  6  5 17 14]
np.random.permutation(males)[0:n_mar]
[21  1 15 19 16  7 17 18 22  4 20]
np.random.permutation(males)[0:n_mar]
[12 11  6  0  2  3 20 17  4  7 18]
np.random.permutation(males)[0:n_mar]
[ 7  0  3  9 17 22 23  8  2 16 14]
np.random.permutation(males)[0:n_mar]
[ 8 14 22  7  5 17 18 12 20  3  4]
np.random.permutation(males)[0:n_mar]
[13  5 14 12  9 19 20 17  2 10  7]
np.random.permutation(males)[0:n_mar]
[ 0  3  1 23 22 11 16  5 12 14 13]
np.random.permutation(males)[0:n_mar]
[16 10 17  5  6  0 15 19  1 12 22]
np.random.permutation(males)[0:n_mar]
[ 7  2  3 20 23 12 13 19  8 10 15]
np.random.permutation(males)[0:n_mar]
[11  6 22  2  5 10 14  7 21 17 13]
np.random.permutation(males)[0:n_mar]
[13  6  2  5  1 12  3 23 15  4 22]
np.random.permutation(males)[0:n_mar]
[ 7 20  3 14 22  1 21  9  2 17 18]
np.random.permutation(males)[0:n_mar]
[10 12 17  0 13 21  2  3  9  8 11]
np.random.permutation(males)[0:n_mar]
[ 9  2  1 16 22 15  3 23  6 20  8]
np.random.permutation(males)[0:n_mar]
[15 19 12  2  8  9 10 22  3  4  5]
np.random.permutation(males)[0:n_mar]
[ 6 19  1  3  5 11  0 17  2  9  7]
np.random.permutation(males)[0:n_mar]
[17  3 11  1 15 14 12 20  7 23  5]
np.random.permutation(males)[0:n_mar]
[18 16 12 19 10 20  4  0 15 11  5]
np.random.permutation(males)[0:n_mar]
[14  5  6 17 23 15 16 20  8 13 19]
np.random.permutation(males)[0:n_mar]
[11  8 17  7  2 21  6  4 13  1 15]
np.random.permutation(males)[0:n_mar]
[10 17 14 18 16  6 20  3  1 21  8]
np.random.permutation(males)[0:n_mar]
[ 9  7  6 23  0 14  3 19 16 18  1]
np.random.permutation(males)[0:n_mar]
[19  3  6 11 21  4 17  7 16 13  8]
np.random.permutation(males)[0:n_mar]
[13 23  5 18 20  0 22 21 19  9 17]
np.random.permutation(males)[0:n_mar]
[16 17  3  0 15 12 13  8  7  4 11]
np.random.permutation(males)[0:n_mar]
[ 7 20  3 13 19  0  2 11 18 12 14]
np.random.permutation(males)[0:n_mar]
[ 4 15  6 20  1  9 17 23 14  3 11]
np.random.permutation(males)[0:n_mar]
[16  1 23  8  2 19  7 17  5  0  3]
np.random.permutation(males)[0:n_mar]
[ 6 13 10 16  9  5  3  1 15 18  2]
np.random.permutation(males)[0:n_mar]
[ 6 15  4  9 21 20 14  1  2 11 12]
np.random.permutation(males)[0:n_mar]
[11  2 18 10  5 22  6 17  7 20 13]
np.random.permutation(males)[0:n_mar]
[ 2  6  8 14  4 10  7 12  0  5 18]
np.random.permutation(males)[0:n_mar]
[17 19 14  2  0 22 23 10 20  6  7]
np.random.permutation(males)[0:n_mar]
[13  6  7 10 11  9 17 20 12 18 15]
np.random.permutation(males)[0:n_mar]
[ 4 21 22 23  5  7 12  0  8 19  6]
np.random.permutation(males)[0:n_mar]
[ 5  8 10 11 12  4 22 17  2 19 18]
np.random.permutation(males)[0:n_mar]
[21 10  7 14 22  6  0 13 20 16 19]
np.random.permutation(males)[0:n_mar]
[17 12 11  2  3 10  6 20 23  8 13]
np.random.permutation(males)[0:n_mar]
[ 7  9 19 14 12  5 15  1 16 23  6]
np.random.permutation(males)[0:n_mar]
[ 3 10  4 15  7 23  1 19 11 13 21]
np.random.permutation(males)[0:n_mar]
[19 20  8 15 14 13  7 11  5 16 21]
np.random.permutation(males)[0:n_mar]
[ 4  6 12 13  7 15  5 21 23  2 16]
np.random.permutation(males)[0:n_mar]
[12  3 18 20 16  6  8 10 11  7  9]
np.random.permutation(males)[0:n_mar]
[19 10  7 13 15 11 12 17 20  0  1]
np.random.permutation(males)[0:n_mar]
[11 15 18 16  3  0 14  4 10  8  6]
np.random.permutation(males)[0:n_mar]
[12  6 11  8 14 20 15  1  5 13 22]
np.random.permutation(males)[0:n_mar]
[ 7 19 23 12 16 21  3 15  5  0  2]
np.random.permutation(males)[0:n_mar]
[17  1  2 15 21 22 16  4 11 20 10]
np.random.permutation(males)[0:n_mar]
[13 18 20 10 22  7 23 21  3  9  0]
np.random.permutation(males)[0:n_mar]
[ 8 17 20 18 23  7 22 16  3 19  2]
np.random.permutation(males)[0:n_mar]
[ 5 17 15 10  7  6 13 19  3 14  2]
np.random.permutation(males)[0:n_mar]
[ 3 23  7  8 10 11  1 20  4 17 21]
np.random.permutation(males)[0:n_mar]
[19 13  0 12  9 23 15  2 21 10  4]
np.random.permutation(males)[0:n_mar]
[12 20 21 15  9 18  7  4 14 16 19]
np.random.permutation(males)[0:n_mar]
[19  6 21 17 12  9 22 14  4  1  2]
np.random.permutation(males)[0:n_mar]
[14 23 12 19  1 16  0  3  4  7 22]
np.random.permutation(males)[0:n_mar]
[13  3 21  9  8 12  6 18  1 10 11]
np.random.permutation(males)[0:n_mar]
[20 17 22 23  0 15 13 12  2 21  5]
np.random.permutation(males)[0:n_mar]
[22 11  0 13  1 10  5  8  7  4 15]
np.random.permutation(males)[0:n_mar]
[15 11  3  6 22 19  1 18 13  8 16]
np.random.permutation(males)[0:n_mar]
[ 6  5 23 11  3 21 13  0 19  4 22]
np.random.permutation(males)[0:n_mar]
[21 16 23 11  1  2  6 18  5 17 13]
np.random.permutation(males)[0:n_mar]
[10 15  7  5 17  3  9 23 14 22 11]
np.random.permutation(males)[0:n_mar]
[10 17  2  6 11 12 15 20  1  4 16]
np.random.permutation(males)[0:n_mar]
[ 4  1 15 22 19  7  0  2 18  9 13]
np.random.permutation(males)[0:n_mar]
[ 8 15  7  6 19  3 11  5 14 22 23]
np.random.permutation(males)[0:n_mar]
[13 14 18  6  0 23  4  2  1 12  8]
np.random.permutation(males)[0:n_mar]
[ 0  1 21 16 14  5 13  4  8  2 10]
np.random.permutation(males)[0:n_mar]
[ 4 15 20 22 12 11 14 21 13 17  2]
np.random.permutation(males)[0:n_mar]
[ 7 21  9  3  2 12 14 19  6 17 22]
np.random.permutation(males)[0:n_mar]
[13 12 22 11  1 10 20 15 23  5 18]
np.random.permutation(males)[0:n_mar]
[ 2  7 20 18 15  0 19 13  9 14 12]
np.random.permutation(males)[0:n_mar]
[23 20 18  1  6 15 14  8 13 11 17]
np.random.permutation(males)[0:n_mar]
[13 18 20  2 22 12 19  1  9  5  4]
np.random.permutation(males)[0:n_mar]
[ 9 17 22 19 18  6  0  5 21 16  7]
np.random.permutation(males)[0:n_mar]
[17 14 12 18 21 11 15 13  4 23 10]
np.random.permutation(males)[0:n_mar]
[13 15  0 12 16  1  5 23  9 21 22]
np.random.permutation(males)[0:n_mar]
[11  2  5  3 14  1 12  9 20 19  4]
np.random.permutation(males)[0:n_mar]
[11 13  3 16  5  0 14 23 12 18  6]
np.random.permutation(males)[0:n_mar]
[22 18  7 15 13 16  2 10 21 20  8]
np.random.permutation(males)[0:n_mar]
[21  9  2 10 16 12  0 23 19  5  1]
np.random.permutation(males)[0:n_mar]
[12  1  3  4 14 22  9  8  2 13  5]
np.random.permutation(males)[0:n_mar]
[ 8 14 20 18  4 10  1  3 23 12 22]
np.random.permutation(males)[0:n_mar]
[23 14 15  6 16 21 13 11  9 17  3]
np.random.permutation(males)[0:n_mar]
[ 9 14 23  7 22  6 19 13 11  0 18]
np.random.permutation(males)[0:n_mar]
[ 7  1 15 22 14  3  4 16 13  8  5]
np.random.permutation(males)[0:n_mar]
[21 10  0 15  5  7  8  1  6 14 19]
np.random.permutation(males)[0:n_mar]
[ 6 11 10  3  7 18  2 12 21  4 16]
np.random.permutation(males)[0:n_mar]
[ 1  7  2  4 15 21  6 10  3 17  8]
np.random.permutation(males)[0:n_mar]
[13 17 23 19 18 12  5  1 11 21 10]
np.random.permutation(males)[0:n_mar]
[23  5 11  0 12 22 19 21 16 15  4]
np.random.permutation(males)[0:n_mar]
[19 18 14 15 21  3 22  6 11 17  0]
np.random.permutation(males)[0:n_mar]
[19 14 20  8 10 17  0  1  5 15  9]
np.random.permutation(males)[0:n_mar]
[ 8  3 14  7 23  9 19 16 11  1 10]
np.random.permutation(males)[0:n_mar]
[12 15 11 14  1  2  3  5  8 23 20]
np.random.permutation(males)[0:n_mar]
[ 0 15 12 18  9 10 21 14 16 22 17]
np.random.permutation(males)[0:n_mar]
[22  1  8 11 19 15 20 21  2 16  0]
np.random.permutation(males)[0:n_mar]
[ 8 22  7  0  5 11 15  6  3 17  4]
np.random.permutation(males)[0:n_mar]
[10  3  5  8  9 11 15 16 13  1 18]
np.random.permutation(males)[0:n_mar]
[ 6 12 19  5 21 14 11  1 20 18 15]
np.random.permutation(males)[0:n_mar]
[ 3 19 15 13 10  4 16 20  9  1 18]
np.random.permutation(males)[0:n_mar]
[11 18 14  0 12  9 16  5 15 10 19]
np.random.permutation(males)[0:n_mar]
[ 6  4 14 22 12  1 15  3 20  8 11]
np.random.permutation(males)[0:n_mar]
[23 16  4 15  0  9 19  8 12  3  7]
np.random.permutation(males)[0:n_mar]
[ 5 19  7  8 23 10 13  0 22  1  6]
np.random.permutation(males)[0:n_mar]
[15 20 12  1 22  8 21  4  3 13  9]
np.random.permutation(males)[0:n_mar]
[ 8 17  7 18  3 11 15 12 22 16  1]
np.random.permutation(males)[0:n_mar]
[19 13 11 15 16  3  0  7  9  8  5]
np.random.permutation(males)[0:n_mar]
[15  8  2 23  5 11  0 14 17 22 18]
np.random.permutation(males)[0:n_mar]
[18  8 13  4  3 22 20  7 16  2  5]
np.random.permutation(males)[0:n_mar]
[16  9  8 19  6 17 20  0 12  7 14]
np.random.permutation(males)[0:n_mar]
[19  3  2 14 21 15  8 20  4  0  9]
np.random.permutation(males)[0:n_mar]
[19 12  0 20 11  2  7 22  6  9 23]
np.random.permutation(males)[0:n_mar]
[14  5 10  7  6  8  4 20 12 16  3]
np.random.permutation(males)[0:n_mar]
[10 16 11  3  0  5 23 13 19 12  9]
np.random.permutation(males)[0:n_mar]
[21  0  9 20  6 23 22 17 10  4  5]
np.random.permutation(males)[0:n_mar]
[16 14 23 19  7 11  5  0 15  4 21]
np.random.permutation(males)[0:n_mar]
[ 0 21 18 23 22 13  3 20 15  4  8]
np.random.permutation(males)[0:n_mar]
[ 1 11 13 15  2  7  6 22 16  0  9]
np.random.permutation(males)[0:n_mar]
[ 3  2 16 14  7  0  5  8 22 15  6]
np.random.permutation(males)[0:n_mar]
[10  1 13 21 15 22  8 16 17  0 19]
np.random.permutation(males)[0:n_mar]
[19 12  3 17 21 18  7  1 11 20 16]
np.random.permutation(males)[0:n_mar]
[19 15  2  0 10  9  6 12  3  8  4]
np.random.permutation(males)[0:n_mar]
[ 9  0 22 18  6 14 16 17 10  7  3]
np.random.permutation(males)[0:n_mar]
[13 22 18  5 10 14 19  4  6 23 11]
np.random.permutation(males)[0:n_mar]
[ 5 22 23  6 20 21 12 16  1 14  2]
np.random.permutation(males)[0:n_mar]
[14 23  5 21  0  6 15 19  4  3 20]
np.random.permutation(males)[0:n_mar]
[ 5 16 10 13  9  8  3  4 23 21 14]
np.random.permutation(males)[0:n_mar]
[17  3 14 22 10  2 23  9 15  1 13]
np.random.permutation(males)[0:n_mar]
[23 20  2  6 10 15  5 13 12 22  7]
np.random.permutation(males)[0:n_mar]
[ 3 16  8 11 17  0 12 21 22 23  6]
np.random.permutation(males)[0:n_mar]
[ 7  6 11  5 10 12 17  2  3 16  0]
np.random.permutation(males)[0:n_mar]
[ 5 10  3 16 19  9 22  6 23  8  2]
np.random.permutation(males)[0:n_mar]
[18  4  7 23  8 12 10 16  0 19  9]
np.random.permutation(males)[0:n_mar]
[ 7 18  1 12  9 19 10 16  3  4 20]
np.random.permutation(males)[0:n_mar]
[19  9  6  4 14 18  1 20  8  0 10]
np.random.permutation(males)[0:n_mar]
[21  0  2 19  5 16  7  6  1 17  9]
np.random.permutation(males)[0:n_mar]
[23 14  4  3 11  7  9 21 19  6 18]
np.random.permutation(males)[0:n_mar]
[ 6  1 12 11  4 21 13 17  9 15  3]
np.random.permutation(males)[0:n_mar]
[ 6 16 22 23 10 20 13 17  1  8 11]
np.random.permutation(males)[0:n_mar]
[12 11 20 23  1  3 22 15  4 16  9]
np.random.permutation(males)[0:n_mar]
[ 2 16  0 11  5  7 17  8 21 13 14]
np.random.permutation(males)[0:n_mar]
[ 1 21 14  6  4 23 16 18  2  7  8]
np.random.permutation(males)[0:n_mar]
[19 15  1 16 10 20  9  0  5  8  4]
np.random.permutation(males)[0:n_mar]
[14 22 15 17 13  7 23  9  3 20  0]
np.random.permutation(males)[0:n_mar]
[ 0 14 21  4 10  6 22 15  1 12 13]
np.random.permutation(males)[0:n_mar]
[ 9 12  2 19 11  6  3  1  8 14 20]
np.random.permutation(males)[0:n_mar]
[12 20  5 13 11  9  0 23 14 19  6]
np.random.permutation(males)[0:n_mar]
[ 5  6  9 15  2 10 13 14  8  7 17]
np.random.permutation(males)[0:n_mar]
[ 5  2 16  1 22 19 17 12  0 21 15]
np.random.permutation(males)[0:n_mar]
[17  5 12 21 20 15 23 11 22  7 13]
np.random.permutation(males)[0:n_mar]
[20  4 13 10 23  8  3 11  7 22  0]
np.random.permutation(males)[0:n_mar]
[ 4 10  8  6 19 20 14  5  0 16 15]
np.random.permutation(males)[0:n_mar]
[10 18 14  0 22 23 11  1  4  7  6]
np.random.permutation(males)[0:n_mar]
[15  9  3  5  8 14 11  6 10  0 12]
np.random.permutation(males)[0:n_mar]
[ 8 18  1  0  6 15  9 14 17 20  7]
np.random.permutation(males)[0:n_mar]
[ 0  3 18 12 11 22 21 19 15  5  9]
np.random.permutation(males)[0:n_mar]
[10 22  0  7 19  2 20  1  9 13 18]
np.random.permutation(males)[0:n_mar]
[20 22 21 11 10 17 12 19 14  8  2]
np.random.permutation(males)[0:n_mar]
[23 16 18  4  2 14 11 15 21  5  9]
np.random.permutation(males)[0:n_mar]
[ 2 20  1  5 23 14 16  0 15  8 21]
np.random.permutation(males)[0:n_mar]
[14  1 22 17 16  5  6  8 11 21 19]
np.random.permutation(males)[0:n_mar]
[12 19 20 14 23  4 21  7 11 18 15]
np.random.permutation(males)[0:n_mar]
[ 4 20 18  0  5 13  2 17 19 12 15]
np.random.permutation(males)[0:n_mar]
[22  5 21 18 17 19 11 14  3 15  1]
np.random.permutation(males)[0:n_mar]
[11 12  0  5 13  8 18 21  9 14 20]
np.random.permutation(males)[0:n_mar]
[11  5 16  2  4  9 23 21  0  1  6]
np.random.permutation(males)[0:n_mar]
[20 18 17  5 14 10 22  8 12  0  7]
np.random.permutation(males)[0:n_mar]
[18 20  7 16  4 22 19 17  9 23  2]
np.random.permutation(males)[0:n_mar]
[21 12 17 20 11  4 10  3 18  0 14]
np.random.permutation(males)[0:n_mar]
[17 23 11  6 10  2  3  7 18 21 22]
np.random.permutation(males)[0:n_mar]
[19 13  5 16 10  2  7  0 15 18 21]
np.random.permutation(males)[0:n_mar]
[19 18 14 17  1  5  6 15  3  9  8]
np.random.permutation(males)[0:n_mar]
[16  7  4 15 20 13 18  1 22 23  0]
np.random.permutation(males)[0:n_mar]
[ 4 16  3 12 23 21  1 15 18  9 19]
np.random.permutation(males)[0:n_mar]
[19 18 12 15 13 10 14 11  2  6  1]
np.random.permutation(males)[0:n_mar]
[ 4 18  3  1 23  6 17 10 12 20  7]
np.random.permutation(males)[0:n_mar]
[14 22 11  7 16 20 15 10 19 23 17]
np.random.permutation(males)[0:n_mar]
[ 6 23 15 17 14  7  2 18  1 19  5]
np.random.permutation(males)[0:n_mar]
[15 12 16  9  4 13 19  3 17 18 22]
np.random.permutation(males)[0:n_mar]
[ 1 16  7 10 19 21 12  9  5 11 14]
np.random.permutation(males)[0:n_mar]
[ 5  7 18  4 20 14 23  0 11  2 13]
np.random.permutation(males)[0:n_mar]
[ 3  6 21 17  5  9 13 16 20 22  0]
np.random.permutation(males)[0:n_mar]
[20 15  6  8 18 11 14  3 23 16 17]
np.random.permutation(males)[0:n_mar]
[ 8 12 11 21  3 15 14 10 22  9  1]
np.random.permutation(males)[0:n_mar]
[ 6 23  0  4 13  3 18 19  5 22 10]
np.random.permutation(males)[0:n_mar]
[ 1  9 12  8  4  3 15  5 20 22 17]
np.random.permutation(males)[0:n_mar]
[16  8 15  7  6 12 13  2 17 23  1]
np.random.permutation(males)[0:n_mar]
[ 8 13  3 22 20 12 16 21 10 14  4]
np.random.permutation(males)[0:n_mar]
[ 2  0  7 19  3 12 16  4 22 20 10]
np.random.permutation(males)[0:n_mar]
[23 15  9 10  8 19 18  1  5  6 22]
np.random.permutation(males)[0:n_mar]
[ 2  4  5 17 23  9 12 20 18 11  8]
np.random.permutation(males)[0:n_mar]
[ 2 22  7 15  6 14 10 20 17  5 23]
np.random.permutation(males)[0:n_mar]
[ 9  7  0  1 18 16  3 23 19 13  8]
np.random.permutation(males)[0:n_mar]
[13 20 15  4 11  1  0  3 16 14 12]
np.random.permutation(males)[0:n_mar]
[15 21 18  5  4 14 11 16 13  2 17]
np.random.permutation(males)[0:n_mar]
[ 6 11  7 18 14  1 23 13 19 21  8]
np.random.permutation(males)[0:n_mar]
[11  9 10 15  6  8 20 16  7  4 23]
np.random.permutation(males)[0:n_mar]
[16  7  0  9 10  5  8 13 15  4 19]
np.random.permutation(males)[0:n_mar]
[15 13 23  8  9  7  4 19  3 14 16]
np.random.permutation(males)[0:n_mar]
[18  2 14  9 11  1 23 21 10  5 19]
np.random.permutation(males)[0:n_mar]
[ 3  8  4  6 20 14  2  1  9  5 11]
np.random.permutation(males)[0:n_mar]
[10  7  0 20 21  8  1 17  9 23  3]
np.random.permutation(males)[0:n_mar]
[10 20  2 15 14  7 11 21  4 23 13]
np.random.permutation(males)[0:n_mar]
[20  2 15 16 12 17  4 21 11  8 23]
np.random.permutation(males)[0:n_mar]
[ 6 22 12 18  5  7 16 17  8 23  2]
np.random.permutation(males)[0:n_mar]
[20  9 21 11 12  8 15 22  1 10  0]
np.random.permutation(males)[0:n_mar]
[ 2  3 20 19 12 11 14 18  7 21  9]
np.random.permutation(males)[0:n_mar]
[13 19  9 20 14  4  5 17 21  2 12]
np.random.permutation(males)[0:n_mar]
[ 5 21  7  2 12  1 22  3  9 14  0]
np.random.permutation(males)[0:n_mar]
[18 10  1 13 20  2 17 23 12  9 22]
np.random.permutation(males)[0:n_mar]
[ 3 13  6 14  2 22 11  4 17  7  1]
np.random.permutation(males)[0:n_mar]
[ 1 14  2  7 20  8 22  9 21 11 17]
np.random.permutation(males)[0:n_mar]
[ 4 22  3  8 15 19 18  7  2 23  5]
np.random.permutation(males)[0:n_mar]
[12 21 17 19  5  4 23 13 10 22  6]
np.random.permutation(males)[0:n_mar]
[ 0 15  7 19  9 10 11  5 16 12 22]
np.random.permutation(males)[0:n_mar]
[17 18 20  5 12  9 14 23 16  7  4]
np.random.permutation(males)[0:n_mar]
[11  2 20  7 23  6  0 21 16 17  4]
np.random.permutation(males)[0:n_mar]
[21  7  4 16 11  3 18 14  1 20 17]
np.random.permutation(males)[0:n_mar]
[21  2 22 12 20  3  0 15 10 19 16]
np.random.permutation(males)[0:n_mar]
[ 6 15 21  7 10 11 22  2 13  0  5]
np.random.permutation(males)[0:n_mar]
[ 7  1  8 17 23 10  9 14 11 16 20]
np.random.permutation(males)[0:n_mar]
[23 21  0 10 17 22 12  8 18 16 19]
np.random.permutation(males)[0:n_mar]
[ 1 16  7 15  6  8 21 22  0 13  3]
np.random.permutation(males)[0:n_mar]
[ 1  3 15 22  9 17 14  0 13  2  6]
np.random.permutation(males)[0:n_mar]
[ 6 11  7 21 14  9 19 22 15 10 18]
np.random.permutation(males)[0:n_mar]
[10  5 14 20  7  2 19 13 11  6  1]
np.random.permutation(males)[0:n_mar]
[ 4  0  3 13  9 12  1 20 16  6  8]
np.random.permutation(males)[0:n_mar]
[ 8 15 17 10 23 18  4 13 20  7 19]
np.random.permutation(males)[0:n_mar]
[ 1  5 20 16  4  6 12 11  9 10 14]
np.random.permutation(males)[0:n_mar]
[20 16 18 12  1 23 10 15  2 22  5]
np.random.permutation(males)[0:n_mar]
[10 13 17 18 23  9  6  0 22 15 12]
np.random.permutation(males)[0:n_mar]
[15 21  4 17 20  9 22  1  6  0 19]
np.random.permutation(males)[0:n_mar]
[16  4  1 18  3  7  6 12 17 13  2]
np.random.permutation(males)[0:n_mar]
[19 12 18  8 16  3 22  4  0  5 11]
np.random.permutation(males)[0:n_mar]
[ 1 13  8 15  2 16  9 23  5 11  3]
np.random.permutation(males)[0:n_mar]
[ 5 19  1 12 23 20  2 18 22  9 16]
np.random.permutation(males)[0:n_mar]
[22 21 11 15 19  4 18 17 10 16 14]
np.random.permutation(males)[0:n_mar]
[13  0  7  2 16  4 19 11  6  5  9]
np.random.permutation(males)[0:n_mar]
[19 11 13 18 17 21  9 12  6 16  2]
np.random.permutation(males)[0:n_mar]
[ 6 14  9 19  0 16  3 15  7 18 22]
np.random.permutation(males)[0:n_mar]
[17 16  6  1  5  3 18 22 23  2  8]
np.random.permutation(males)[0:n_mar]
[21  5 10 12 11 18  0  4 17 15 19]
np.random.permutation(males)[0:n_mar]
[20  8  5 19 22  4  0 21  9  6 18]
np.random.permutation(males)[0:n_mar]
[ 7  6 16 17 12  1  5 13  2 10 23]
np.random.permutation(males)[0:n_mar]
[ 9  7 14 12 23  5 16 20  6 19 11]
np.random.permutation(males)[0:n_mar]
[13  1 20  5  2 16 22  6 15  8 23]
np.random.permutation(males)[0:n_mar]
[17  9 10 11  5 22 14  4  7 15 18]
np.random.permutation(males)[0:n_mar]
[17  2  6  5 11 22  4 18 21  0 13]
np.random.permutation(males)[0:n_mar]
[13 15  2 23 21 12 10 20  0  3 11]
np.random.permutation(males)[0:n_mar]
[ 1  4 21 22 14 13 12 16 19  8 10]
np.random.permutation(males)[0:n_mar]
[ 8  7 13  6  4 16 18 21 23 15 10]
np.random.permutation(males)[0:n_mar]
[ 8 21  9 19 17 10 16  1 22 18 14]
np.random.permutation(males)[0:n_mar]
[ 2 21  4 15  0  6  7 22 12 14 18]
np.random.permutation(males)[0:n_mar]
[13 23 15 12  2  4  5  9  8 14  7]
np.random.permutation(males)[0:n_mar]
[ 0 20  8  2  9 10 22 14  1 18 16]
np.random.permutation(males)[0:n_mar]
[22  9 11 19  4  0  1 17 13 15 21]
np.random.permutation(males)[0:n_mar]
[11 13 20 10  1  9  3 22 23 12 19]
np.random.permutation(males)[0:n_mar]
[13 19  9 21 23  4  6 15 12  8 17]
np.random.permutation(males)[0:n_mar]
[18  8 19 23  2 11  5 22 20  1 17]
np.random.permutation(males)[0:n_mar]
[15 12 17  5  7 21  4 11 20 10  6]
np.random.permutation(males)[0:n_mar]
[20 22 21 19  1  8 16 17  3  5 13]
np.random.permutation(males)[0:n_mar]
[ 2 12 16  8  7 15 19 18  4  1 22]
np.random.permutation(males)[0:n_mar]
[ 7 13 11  9 18 12 15 10 20 23 21]
np.random.permutation(males)[0:n_mar]
[13  8 22 18  0 21  9 11  6  1 17]
np.random.permutation(males)[0:n_mar]
[ 1  4 14 18 12 11 20 19  0  8  6]
np.random.permutation(males)[0:n_mar]
[ 6  8 16 11  5 23 12 17  7 15 22]
np.random.permutation(males)[0:n_mar]
[13  2 22 18  3  9 14  7  8 19  0]
np.random.permutation(males)[0:n_mar]
[ 1 13  3 14  4 18 10  6 19  5  9]
np.random.permutation(males)[0:n_mar]
[ 8  1  0  4 18 23  7  2 17 22 21]
np.random.permutation(males)[0:n_mar]
[13  2  1  4  3  5  7 20  9 19 15]
np.random.permutation(males)[0:n_mar]
[23 12 20 14 15  7 19 22  5  2 18]
np.random.permutation(males)[0:n_mar]
[10 21 11  6 17  7 19  2  4 22 13]
np.random.permutation(males)[0:n_mar]
[12  4  2  8 15 16  5 18  3 22 20]
np.random.permutation(males)[0:n_mar]
[21 13  0  2 11 12 16  1 19  9 10]
np.random.permutation(males)[0:n_mar]
[ 9  6  7 20 13  3  4 15 19 16 11]
np.random.permutation(males)[0:n_mar]
[ 6 14 19  9  4  5 16 18  0  1  3]
np.random.permutation(males)[0:n_mar]
[15  5  0  1  8 10 20  6 17 23 11]
np.random.permutation(males)[0:n_mar]
[ 8  7  1 15  2 21 13 10  9  5 12]
np.random.permutation(males)[0:n_mar]
[22 18  5 10  0 11 17 21  9 23  2]
np.random.permutation(males)[0:n_mar]
[10  4 11  5 18  0 19  9  2 13 22]
np.random.permutation(males)[0:n_mar]
[ 7 21  2 22 14 19  1 18 12 15 10]
np.random.permutation(males)[0:n_mar]
[ 5  0 11 18  1 12 10  3  6 13 15]
np.random.permutation(males)[0:n_mar]
[17 14 20  0 12  5 18 15 21 10 11]
np.random.permutation(males)[0:n_mar]
[19 16 18  0 11 10  5  8  2 20  9]
np.random.permutation(males)[0:n_mar]
[12 14  6 16 13 21 18 20  2 19  5]
np.random.permutation(males)[0:n_mar]
[10  3  0  2  5 13 22 23  7  8 20]
np.random.permutation(males)[0:n_mar]
[ 5  2 19  0 23 14  6 12 20  9 17]
np.random.permutation(males)[0:n_mar]
[11  1 18 22 21 19 16 10  8  7  0]
np.random.permutation(males)[0:n_mar]
[20 18 11  4  6  7  5 23 10  8  0]
np.random.permutation(males)[0:n_mar]
[15  8  9 11  5 16  3  1 23 14  7]
np.random.permutation(males)[0:n_mar]
[11  4  8  3  1  9  5 22 19 16 12]
np.random.permutation(males)[0:n_mar]
[20 18  0 17 11  5  3  1 23 13  9]
np.random.permutation(males)[0:n_mar]
[ 2  3  7  6 15 11  8  4  9 17 12]
np.random.permutation(males)[0:n_mar]
[ 7 16  9 12 15  5 21 20 11  8  0]
np.random.permutation(males)[0:n_mar]
[12  7 11 17 15 21  0 16 19 18  1]
np.random.permutation(males)[0:n_mar]
[23 16  4 19 20 18 10 12  6  3 11]
np.random.permutation(males)[0:n_mar]
[22  4  8 21 15  0 20  5 19  9 11]
np.random.permutation(males)[0:n_mar]
[23 19 21  6 18  3 14 10 17  4 22]
np.random.permutation(males)[0:n_mar]
[ 0 20  7 13 23 12  3 17 10 22 14]
np.random.permutation(males)[0:n_mar]
[ 2 12 19  5 20 21 17 14  1 11  0]
np.random.permutation(males)[0:n_mar]
[13 19  8 14 22 23  6  5 20 18  3]
np.random.permutation(males)[0:n_mar]
[ 0  4  1 10  5 17 18 14 19 20 23]
np.random.permutation(males)[0:n_mar]
[12  8 19 22 23 18  9  1  6  2  3]
np.random.permutation(males)[0:n_mar]
[21  3  1 15  4  7  8 14 16  0 18]
np.random.permutation(males)[0:n_mar]
[ 7 17 16  8 10  9  1 12  4 14 23]
np.random.permutation(males)[0:n_mar]
[19 23  5  0  7 17 10 16 18 20 22]
np.random.permutation(males)[0:n_mar]
[ 0 20 11  1  4  8  7  9 18 19  6]
np.random.permutation(males)[0:n_mar]
[17 11 23  4 13 10 21 20  1 16  9]
np.random.permutation(males)[0:n_mar]
[10 18 15  5  6  7 12 11 16  2 13]
np.random.permutation(males)[0:n_mar]
[13 10  9 15  0 14 22  5 20 12 16]
np.random.permutation(males)[0:n_mar]
[ 7 19  6 14 21 12  3  0 10 20  1]
np.random.permutation(males)[0:n_mar]
[18  4 16  3 12  2 15 17 22  6 14]
np.random.permutation(males)[0:n_mar]
[ 1 16 15 20 13  4 22 11  7 17  3]
np.random.permutation(males)[0:n_mar]
[20 18 17  5 13 10 23  9 15  6  2]
np.random.permutation(males)[0:n_mar]
[14 22  4  0  1 13 12  2  8 17 23]
np.random.permutation(males)[0:n_mar]
[ 5  6 15 20 21  2 22  1  7 12 10]
np.random.permutation(males)[0:n_mar]
[ 5 13 12 20 15  6 18  9  0 21  7]
np.random.permutation(males)[0:n_mar]
[ 0 22  3  2 20 16 13  5 15 21 10]
np.random.permutation(males)[0:n_mar]
[11 16 14  2 12  5 13  8  9 17  3]
np.random.permutation(males)[0:n_mar]
[19 20 21 13  9  1 16  5  3  0  8]
np.random.permutation(males)[0:n_mar]
[21 17 13 14 20 10 22  2  4 11  8]
np.random.permutation(males)[0:n_mar]
[12  1  8 17  5 19  6 21 18 11  3]
np.random.permutation(males)[0:n_mar]
[15  2 10 17  4 14 18  6 13 20 23]
np.random.permutation(males)[0:n_mar]
[20  7 13 12  1  9 16 21 15 14  4]
np.random.permutation(males)[0:n_mar]
[18 13 10  0 21  1  4 12 16  6  5]
np.random.permutation(males)[0:n_mar]
[ 2  7  3 18  5  8 22 13  1 20 19]
np.random.permutation(males)[0:n_mar]
[ 5  9 18  2  0 23 22 19 15 10  7]
np.random.permutation(males)[0:n_mar]
[14  4 10  0 17 18  5 23  3  2  1]
np.random.permutation(males)[0:n_mar]
[11  9  5 17 18  4  2 14 22  7 23]
np.random.permutation(males)[0:n_mar]
[ 4  0 23 15 14  9  8 13  1 20 19]
np.random.permutation(males)[0:n_mar]
[15  4  0 21 13  6 10 22  2  3 17]
np.random.permutation(males)[0:n_mar]
[ 4  2 14  1 18 16  7 11 12  8  5]
np.random.permutation(males)[0:n_mar]
[14 23 10 22 21 17  5 12 16  6 18]
np.random.permutation(males)[0:n_mar]
[21 17 22 13 11 23  4  6 16  5  2]
np.random.permutation(males)[0:n_mar]
[14 15 17  2  0 16 13 20  7 21 18]
np.random.permutation(males)[0:n_mar]
[ 3  5  4  8 21 16  7 17 10 23 11]
np.random.permutation(males)[0:n_mar]
[ 0 19  7 20 15  3  5  9 13 22  1]
np.random.permutation(males)[0:n_mar]
[16 21  1 10 12  3 11 20 13 18 19]
np.random.permutation(males)[0:n_mar]
[13  4 15 12 21  8  0 23 17  3 10]
np.random.permutation(males)[0:n_mar]
[15 16 10  4  9  1 18 22  5  7 21]
np.random.permutation(males)[0:n_mar]
[11  6  4  3 16  5  9 19 13  1 10]
np.random.permutation(males)[0:n_mar]
[ 3  7 17 22 13  0 23 21 11 19 10]
np.random.permutation(males)[0:n_mar]
[17 22  6 21  2 18  4  0 15 13 16]
np.random.permutation(males)[0:n_mar]
[ 8  6  0 21  9 16  4 13 15  2 19]
np.random.permutation(males)[0:n_mar]
[21  0  4 22  8 14  6 16 18  2 19]
np.random.permutation(males)[0:n_mar]
[12 10  0 15  1 21  6  7 22 16 14]
np.random.permutation(males)[0:n_mar]
[ 5 20  8 15 22  7  1 23 21 19 10]
np.random.permutation(males)[0:n_mar]
[ 4 14 13 21  6 18  5  9 16  0  2]
np.random.permutation(males)[0:n_mar]
[ 3 23 16  2  0 12 19 11  9  1 13]
np.random.permutation(males)[0:n_mar]
[10 23 20 18  0  9 11  3 22  2  4]
np.random.permutation(males)[0:n_mar]
[14 16 21  8 23 18 12 20 19  6  5]
np.random.permutation(males)[0:n_mar]
[18  9  1 13 20 14  6  8  0  5 10]
np.random.permutation(males)[0:n_mar]
[ 9 12 16 10 22  0  4 21  7 19  1]
np.random.permutation(males)[0:n_mar]
[ 1  8  2  5 14 16 13 19 17  7 21]
np.random.permutation(males)[0:n_mar]
[11  2 20  1 23 14 18 21 13  7 15]
np.random.permutation(males)[0:n_mar]
[ 3 12  0 17  5  6 21  1  2 19 10]
np.random.permutation(males)[0:n_mar]
[ 4  0 14 18 22  2  8 15 13  7 12]
np.random.permutation(males)[0:n_mar]
[17 20 10  6 13 18  1 19  5 22 21]
np.random.permutation(males)[0:n_mar]
[18 15 11 12  0 13  3 23 19 21 17]
np.random.permutation(males)[0:n_mar]
[13  7  4  2 16 21  1  6 22 12 19]
np.random.permutation(males)[0:n_mar]
[14 10 17  6 13 20  3 21 22  2 12]
np.random.permutation(males)[0:n_mar]
[10 16 20 18 14  4  1 11 19  7 21]
np.random.permutation(males)[0:n_mar]
[12 13 22  8  5  2  4 16  0 11  6]
np.random.permutation(males)[0:n_mar]
[13 20  9  3  6 12  7  0 21  1 22]
np.random.permutation(males)[0:n_mar]
[14 12  2 20  7 21  4  8  0  9  6]
np.random.permutation(males)[0:n_mar]
[17  5  2 11 14  3 13 12  1 16 22]
np.random.permutation(males)[0:n_mar]
[ 1  4  6 22 23 14  8 12 16  9 21]
np.random.permutation(males)[0:n_mar]
[ 5  8  7 16 18 10 15 23  9  2 22]
np.random.permutation(males)[0:n_mar]
[20  6 11  2 14 22  8 13  9  0 15]
np.random.permutation(males)[0:n_mar]
[ 7  8  1 22  4 18 11  2  5 15  0]
np.random.permutation(males)[0:n_mar]
[11  1  3  4 12  9  8 22 18 15 23]
np.random.permutation(males)[0:n_mar]
[13 18  7 10 14 20  2 22 21  6  5]
np.random.permutation(males)[0:n_mar]
[23  9 19 13  1 16 17 18  6 12  2]
np.random.permutation(males)[0:n_mar]
[17  5  8 14 12  1  9 21 13  2 11]
np.random.permutation(males)[0:n_mar]
[ 4  2 11 16 15 21  8  5  1  6 10]
np.random.permutation(males)[0:n_mar]
[ 2  3 23  5 18 15 10  9 17 13  8]
np.random.permutation(males)[0:n_mar]
[ 7  1  3 16 23 11 21 10  4  8 22]
np.random.permutation(males)[0:n_mar]
[10 18  6 16 22 14 17  4  7  9 12]
np.random.permutation(males)[0:n_mar]
[12  3 23 20 16  5  1 10 18 22 11]
np.random.permutation(males)[0:n_mar]
[ 5 15  9  3 18  2  4 10 21 22 16]
np.random.permutation(males)[0:n_mar]
[ 0 11  7  6  5 23  8 17 15 16 19]
np.random.permutation(males)[0:n_mar]
[17 11 23  2  9  4  3 20 18 21  8]
np.random.permutation(males)[0:n_mar]
[21  8  4  6 14 13 20 19 12  9 15]
np.random.permutation(males)[0:n_mar]
[17 19  9 13 21 18 20  5 12 14  2]
np.random.permutation(males)[0:n_mar]
[12  8  0 10  7  4 16 20  6  2 15]
np.random.permutation(males)[0:n_mar]
[11 21  3  1 17  9  6 13 18 19 16]
np.random.permutation(males)[0:n_mar]
[15 13 17  2  9  7  0 16 22  5 19]
np.random.permutation(males)[0:n_mar]
[17 20  8 21 14 23 12 16  4  1  3]
np.random.permutation(males)[0:n_mar]
[ 6 12 21 20 18 23  2 19 17  4 10]
np.random.permutation(males)[0:n_mar]
[15 16 21 10  4 14  5 22 17  2  6]
np.random.permutation(males)[0:n_mar]
[23 14  7 12 10  6  0 11 21  3 20]
np.random.permutation(males)[0:n_mar]
[ 5  7  3  4 19 11  8 22  0 12 10]
np.random.permutation(males)[0:n_mar]
[10  8  7 21 23 15  1  3  5 20 22]
np.random.permutation(males)[0:n_mar]
[20  7  9 17 23 15  4  3  6 14 18]
np.random.permutation(males)[0:n_mar]
[ 1 20  0  7 21 17 11  8  6  5 18]
np.random.permutation(males)[0:n_mar]
[ 5 11 19 22 10 17  9 14  8 21 13]
np.random.permutation(males)[0:n_mar]
[16 15 18 19  1 12 20  2 21 13 10]
np.random.permutation(males)[0:n_mar]
[19  4  5 10 15  7 18 14 23 17  2]
np.random.permutation(males)[0:n_mar]
[21 17  3  0 15  1 18  5  8 11  6]
np.random.permutation(males)[0:n_mar]
[19 16 14  3 23 22  2  5 12 15  6]
np.random.permutation(males)[0:n_mar]
[14 22  6  7  3 23 19  1  2 16 12]
np.random.permutation(males)[0:n_mar]
[14 19 18 16 15 22 20  3 23  9 12]
np.random.permutation(males)[0:n_mar]
[18 16  6  3 11  8 20  1  5  7 13]
np.random.permutation(males)[0:n_mar]
[18 15  9 12 10  5  1 19  0  2 21]
np.random.permutation(males)[0:n_mar]
[ 4  8  2  6  7 10 14  1 11 19 12]
np.random.permutation(males)[0:n_mar]
[ 9  1 16 21 22 18  3  6 12 23  0]
np.random.permutation(males)[0:n_mar]
[15  2  3  0 19  8  5  9 22 11  7]
np.random.permutation(males)[0:n_mar]
[ 2 19 18  7  6  0  8 13 11  3 16]
np.random.permutation(males)[0:n_mar]
[19  1 12  9  7 15 10 14  4  3 21]
np.random.permutation(males)[0:n_mar]
[ 8 23 13  2 15 16  4 21 19 11 22]
np.random.permutation(males)[0:n_mar]
[18 22 17 20  7  9 15 11  1 14  4]
np.random.permutation(males)[0:n_mar]
[18 12  1 20 22  4 10  5 16  3  7]
np.random.permutation(males)[0:n_mar]
[ 7  4 19 20  8 17 12 13 14  6  5]
np.random.permutation(males)[0:n_mar]
[ 3  9 14 18  1 10  5  7  8 21 12]
