np.random.permutation(males)[0:n_mar]
[ 4  8 12 10 16 13]
np.random.permutation(males)[0:n_mar]
[19  4  3 12  5 10]
np.random.permutation(males)[0:n_mar]
[15  3 22 21 13 10]
np.random.permutation(males)[0:n_mar]
[19 22  3 12 18  5]
np.random.permutation(males)[0:n_mar]
[ 6 12 16  3 11 10]
np.random.permutation(males)[0:n_mar]
[ 3 14  9 10  2 11]
np.random.permutation(males)[0:n_mar]
[12 23 17  6  7 22]
np.random.permutation(males)[0:n_mar]
[21  3  9 11 12  8]
np.random.permutation(males)[0:n_mar]
[ 3  0 10 11 14 15]
np.random.permutation(males)[0:n_mar]
[ 2  7 18 21 11  8]
np.random.permutation(males)[0:n_mar]
[23  1  2 18 11 10]
np.random.permutation(males)[0:n_mar]
[ 3 18 14 15 19  6]
np.random.permutation(males)[0:n_mar]
[16 17 13 22  8 18]
np.random.permutation(males)[0:n_mar]
[ 7 19  3 17 21 14]
np.random.permutation(males)[0:n_mar]
[ 5 15 23 14 18 13]
np.random.permutation(males)[0:n_mar]
[10  9  8 20  4 21]
np.random.permutation(males)[0:n_mar]
[ 5  1 10 23 13 16]
np.random.permutation(males)[0:n_mar]
[14 16  8  0  1 19]
np.random.permutation(males)[0:n_mar]
[ 5 18 20 17  1 14]
np.random.permutation(males)[0:n_mar]
[ 7  5  6 17 18 14]
np.random.permutation(males)[0:n_mar]
[ 7 23  8  0  4 16]
np.random.permutation(males)[0:n_mar]
[17  9 12  8 19  6]
np.random.permutation(males)[0:n_mar]
[ 3 13 10  1  6  7]
np.random.permutation(males)[0:n_mar]
[ 8  2  6  9 14 23]
np.random.permutation(males)[0:n_mar]
[13  9  6 12 15 22]
np.random.permutation(males)[0:n_mar]
[ 7  6 20  0 16  9]
np.random.permutation(males)[0:n_mar]
[20  8  3  5  2  6]
np.random.permutation(males)[0:n_mar]
[ 6 14 15 17  0 10]
np.random.permutation(males)[0:n_mar]
[10 13 18 21  4  8]
np.random.permutation(males)[0:n_mar]
[14  4 18 23 11  1]
np.random.permutation(males)[0:n_mar]
[ 4  0  5  3 22 17]
np.random.permutation(males)[0:n_mar]
[15 14 21 11 12 20]
np.random.permutation(males)[0:n_mar]
[11 18  8  3 22 14]
np.random.permutation(males)[0:n_mar]
[11  2  5 15  6  0]
np.random.permutation(males)[0:n_mar]
[17  3  6 13  0  2]
np.random.permutation(males)[0:n_mar]
[ 0  4  2  9 22 21]
np.random.permutation(males)[0:n_mar]
[14  7  2  1 21  4]
np.random.permutation(males)[0:n_mar]
[ 1 15  4 11 19 18]
np.random.permutation(males)[0:n_mar]
[16 11  1  9  5 17]
np.random.permutation(males)[0:n_mar]
[19  5 21  3 10 20]
np.random.permutation(males)[0:n_mar]
[ 4 13  7 23 15  8]
np.random.permutation(males)[0:n_mar]
[21 18 12 13  4 14]
np.random.permutation(males)[0:n_mar]
[22  0  9 14  5 23]
np.random.permutation(males)[0:n_mar]
[ 1 14 23 20 11  4]
np.random.permutation(males)[0:n_mar]
[14  8  5 22  2  9]
np.random.permutation(males)[0:n_mar]
[10 16  1  4 22  3]
np.random.permutation(males)[0:n_mar]
[ 6 10  4 20 17  0]
np.random.permutation(males)[0:n_mar]
[ 7 11 20  4  2 19]
np.random.permutation(males)[0:n_mar]
[ 2 12 18 21  4 17]
np.random.permutation(males)[0:n_mar]
[17 21 14 22 20 13]
np.random.permutation(males)[0:n_mar]
[19 14  7 17  5 12]
np.random.permutation(males)[0:n_mar]
[ 6  7 15 12  2  1]
np.random.permutation(males)[0:n_mar]
[21 14  2 19 13 17]
np.random.permutation(males)[0:n_mar]
[ 8  7  9  4 19  6]
np.random.permutation(males)[0:n_mar]
[13 16  7  3 15  8]
np.random.permutation(males)[0:n_mar]
[18 16  3 12  5  9]
np.random.permutation(males)[0:n_mar]
[16 13  0  5  6 15]
np.random.permutation(males)[0:n_mar]
[ 0  8  2 10 21  7]
np.random.permutation(males)[0:n_mar]
[ 8  6 23 11  9  5]
np.random.permutation(males)[0:n_mar]
[ 1  9  7 16 23 10]
np.random.permutation(males)[0:n_mar]
[ 5 18  2 10  6 13]
np.random.permutation(males)[0:n_mar]
[17  8 18 16  9 23]
np.random.permutation(males)[0:n_mar]
[ 4 19 17  8 23 18]
np.random.permutation(males)[0:n_mar]
[21  9 15 10  7  0]
np.random.permutation(males)[0:n_mar]
[ 8  0  5 20 18  9]
np.random.permutation(males)[0:n_mar]
[ 7  5 21 23 17  1]
np.random.permutation(males)[0:n_mar]
[13  1 14  8 18  4]
np.random.permutation(males)[0:n_mar]
[ 7 20 12 19  8  4]
np.random.permutation(males)[0:n_mar]
[16 14  0 23  8 13]
np.random.permutation(males)[0:n_mar]
[20 12 10  2  0 21]
np.random.permutation(males)[0:n_mar]
[15 22 21 18 20 16]
np.random.permutation(males)[0:n_mar]
[10 11 22  7 15 19]
np.random.permutation(males)[0:n_mar]
[15  3 16  2 22 10]
np.random.permutation(males)[0:n_mar]
[ 6 21 18 23 16 19]
np.random.permutation(males)[0:n_mar]
[20  6  9 19 14  7]
np.random.permutation(males)[0:n_mar]
[19  1 13  2 21  8]
np.random.permutation(males)[0:n_mar]
[15 23 19  9 21  0]
np.random.permutation(males)[0:n_mar]
[15 10  4 19  6 14]
np.random.permutation(males)[0:n_mar]
[ 4  0  2 10 19 13]
np.random.permutation(males)[0:n_mar]
[ 0 17 12 14 13 10]
np.random.permutation(males)[0:n_mar]
[20  8 17 10 15 13]
np.random.permutation(males)[0:n_mar]
[21 20 19 13  7  3]
np.random.permutation(males)[0:n_mar]
[23 20 17  1  7  3]
np.random.permutation(males)[0:n_mar]
[23  2  1 11 22  7]
np.random.permutation(males)[0:n_mar]
[20 14  5 16  8  7]
np.random.permutation(males)[0:n_mar]
[19 17  3  9  7 14]
np.random.permutation(males)[0:n_mar]
[ 5  4  7  3 17 19]
np.random.permutation(males)[0:n_mar]
[19  4  1  9 18 10]
np.random.permutation(males)[0:n_mar]
[19 10  4 12 17  9]
np.random.permutation(males)[0:n_mar]
[ 1 20  9  7 23 17]
np.random.permutation(males)[0:n_mar]
[19 21  4 14  7 11]
np.random.permutation(males)[0:n_mar]
[ 7 22 15 23 14 20]
np.random.permutation(males)[0:n_mar]
[ 9  3 23  7 20 10]
np.random.permutation(males)[0:n_mar]
[17 13  4 23  9  7]
np.random.permutation(males)[0:n_mar]
[15  8 22 14 11  1]
np.random.permutation(males)[0:n_mar]
[ 1  4 11 15 20 13]
np.random.permutation(males)[0:n_mar]
[ 3 17  1  9 14  6]
np.random.permutation(males)[0:n_mar]
[ 9  3  2 10  0 19]
np.random.permutation(males)[0:n_mar]
[13  1 14 17  2 18]
np.random.permutation(males)[0:n_mar]
[ 5  1 19  2  8 12]
np.random.permutation(males)[0:n_mar]
[11  2  3  1 23  4]
np.random.permutation(males)[0:n_mar]
[14  0  5  7  4  3]
np.random.permutation(males)[0:n_mar]
[22 23  6  4  7 21]
np.random.permutation(males)[0:n_mar]
[20  4  1 13 21 15]
np.random.permutation(males)[0:n_mar]
[ 7 20  0 22  3 10]
np.random.permutation(males)[0:n_mar]
[16 14  5  1 20 15]
np.random.permutation(males)[0:n_mar]
[23  4 10 22  6 19]
np.random.permutation(males)[0:n_mar]
[ 3 20 22  5 21 13]
np.random.permutation(males)[0:n_mar]
[ 0  3  5 15 16 11]
np.random.permutation(males)[0:n_mar]
[ 5  3 23  0 10 21]
np.random.permutation(males)[0:n_mar]
[18  3 16 19  4 17]
np.random.permutation(males)[0:n_mar]
[ 5  3 20 21 16  4]
np.random.permutation(males)[0:n_mar]
[ 9 17 20  8  2 10]
np.random.permutation(males)[0:n_mar]
[22 21  5  1  2  0]
np.random.permutation(males)[0:n_mar]
[ 5 20 10 11 19 17]
np.random.permutation(males)[0:n_mar]
[17 12 22 13  8  0]
np.random.permutation(males)[0:n_mar]
[ 9 15  1 23 13 22]
np.random.permutation(males)[0:n_mar]
[ 5 12  4  6 11 17]
np.random.permutation(males)[0:n_mar]
[13  8  5 21 22 19]
np.random.permutation(males)[0:n_mar]
[11 23 20 15 13 21]
np.random.permutation(males)[0:n_mar]
[ 9 14 21 20  7 19]
np.random.permutation(males)[0:n_mar]
[20 16 21 12  0  8]
np.random.permutation(males)[0:n_mar]
[12 14 15 18 19  9]
np.random.permutation(males)[0:n_mar]
[17  2  5  6  7 16]
np.random.permutation(males)[0:n_mar]
[ 9 21  6  8  2 19]
np.random.permutation(males)[0:n_mar]
[ 9 14  5  0  8 22]
np.random.permutation(males)[0:n_mar]
[22 12  1 20  4 23]
np.random.permutation(males)[0:n_mar]
[ 1 15 10 19  3 22]
np.random.permutation(males)[0:n_mar]
[ 8 16 12 14  3 19]
np.random.permutation(males)[0:n_mar]
[ 5  1 11  4  8 12]
np.random.permutation(males)[0:n_mar]
[11  0  5 12 23  7]
np.random.permutation(males)[0:n_mar]
[13 10  5 18 15 19]
np.random.permutation(males)[0:n_mar]
[ 3  6 22 14  8  7]
np.random.permutation(males)[0:n_mar]
[17  8  6  1 20  0]
np.random.permutation(males)[0:n_mar]
[ 2 14 23 18 21 13]
np.random.permutation(males)[0:n_mar]
[19 21 12 11 23  4]
np.random.permutation(males)[0:n_mar]
[ 8 22  7  6  4 18]
np.random.permutation(males)[0:n_mar]
[18  5  6 13 16 10]
np.random.permutation(males)[0:n_mar]
[ 1 16 21  0 13  7]
np.random.permutation(males)[0:n_mar]
[ 9  6  4  1  2 23]
np.random.permutation(males)[0:n_mar]
[10 16 20  3  1  9]
np.random.permutation(males)[0:n_mar]
[10 21 12 13  1 11]
np.random.permutation(males)[0:n_mar]
[10 20 15 17 19  8]
np.random.permutation(males)[0:n_mar]
[16 21 10  7 14 19]
np.random.permutation(males)[0:n_mar]
[20 21  3 14 22 18]
np.random.permutation(males)[0:n_mar]
[12 15 17 23  3  2]
np.random.permutation(males)[0:n_mar]
[ 8  5  1  0 16 17]
np.random.permutation(males)[0:n_mar]
[16 21 12  0  9 11]
np.random.permutation(males)[0:n_mar]
[ 0  7  1 17 16  6]
np.random.permutation(males)[0:n_mar]
[ 6  4  2 11  3 23]
np.random.permutation(males)[0:n_mar]
[11 20  8 13 22  9]
np.random.permutation(males)[0:n_mar]
[21 19 17  2 23 18]
np.random.permutation(males)[0:n_mar]
[ 4 12 10 15  7  9]
np.random.permutation(males)[0:n_mar]
[16  3 14 12 15 19]
np.random.permutation(males)[0:n_mar]
[ 4 19  5  1  3  2]
np.random.permutation(males)[0:n_mar]
[23  7 22  1 21  5]
np.random.permutation(males)[0:n_mar]
[19  9 10 13  0 21]
np.random.permutation(males)[0:n_mar]
[11  2  0 17 13 10]
np.random.permutation(males)[0:n_mar]
[ 1  6 16  9 12 15]
np.random.permutation(males)[0:n_mar]
[10 13  5 14 19 16]
np.random.permutation(males)[0:n_mar]
[ 3 21 11  0 13 16]
np.random.permutation(males)[0:n_mar]
[ 4  7 18 23  6 13]
np.random.permutation(males)[0:n_mar]
[ 3  2  6 14 12  5]
np.random.permutation(males)[0:n_mar]
[ 4  6  0  1 20 21]
np.random.permutation(males)[0:n_mar]
[ 1  0 17  2 11 23]
np.random.permutation(males)[0:n_mar]
[ 3 18 14 23  0  5]
np.random.permutation(males)[0:n_mar]
[11 10  6  4 21  8]
np.random.permutation(males)[0:n_mar]
[ 0 12 21  3 17  6]
np.random.permutation(males)[0:n_mar]
[10 19 16  8 13  7]
np.random.permutation(males)[0:n_mar]
[16 14 13 19 22  4]
np.random.permutation(males)[0:n_mar]
[12  0 17 19  1  4]
np.random.permutation(males)[0:n_mar]
[ 2 17 13  5 20 15]
np.random.permutation(males)[0:n_mar]
[ 3  4  6 12 20  8]
np.random.permutation(males)[0:n_mar]
[19 22  8  7  4 10]
np.random.permutation(males)[0:n_mar]
[22  9 10 13  4  6]
np.random.permutation(males)[0:n_mar]
[12 19 18 16 14  4]
np.random.permutation(males)[0:n_mar]
[ 2 20  9 23 21 14]
np.random.permutation(males)[0:n_mar]
[11  5 19 22 16  1]
np.random.permutation(males)[0:n_mar]
[ 2 17 12 18  7 23]
np.random.permutation(males)[0:n_mar]
[ 8  5 12  4 16  3]
np.random.permutation(males)[0:n_mar]
[ 7 16 21  9  2  0]
np.random.permutation(males)[0:n_mar]
[11 13 22 17 16 18]
np.random.permutation(males)[0:n_mar]
[ 9 20 17  8  7 15]
np.random.permutation(males)[0:n_mar]
[ 8  5  0 14 23  7]
np.random.permutation(males)[0:n_mar]
[ 7 18 16 11 23 17]
np.random.permutation(males)[0:n_mar]
[13 21  6 17  5 10]
np.random.permutation(males)[0:n_mar]
[ 3 21 16  5  0 11]
np.random.permutation(males)[0:n_mar]
[ 0  7 16  4 12  2]
np.random.permutation(males)[0:n_mar]
[ 3 18 21  8 11  7]
np.random.permutation(males)[0:n_mar]
[15 20 11 13  1  8]
np.random.permutation(males)[0:n_mar]
[17 15  7 13 16  4]
np.random.permutation(males)[0:n_mar]
[ 2  1 18  0  9 10]
np.random.permutation(males)[0:n_mar]
[ 8 10  7 16  0  3]
np.random.permutation(males)[0:n_mar]
[21  2 18 11  4  3]
np.random.permutation(males)[0:n_mar]
[ 1 10 11  2  8 20]
np.random.permutation(males)[0:n_mar]
[ 1  2 12 10  4  9]
np.random.permutation(males)[0:n_mar]
[12 15 16  3 19 21]
np.random.permutation(males)[0:n_mar]
[ 6 13 18 12  0  7]
np.random.permutation(males)[0:n_mar]
[ 9 14  2 20  1 10]
np.random.permutation(males)[0:n_mar]
[ 1 21 12  8 23  7]
np.random.permutation(males)[0:n_mar]
[ 8 12  1 17 22  3]
np.random.permutation(males)[0:n_mar]
[13 18 19  1 17 11]
np.random.permutation(males)[0:n_mar]
[22 10  3 20 11 12]
np.random.permutation(males)[0:n_mar]
[ 3  1 11 20  8  0]
np.random.permutation(males)[0:n_mar]
[16  6 11 18  7 13]
np.random.permutation(males)[0:n_mar]
[17 19  4  7  0 12]
np.random.permutation(males)[0:n_mar]
[ 8  1 18  9 17 20]
np.random.permutation(males)[0:n_mar]
[18  3 20  8 10  0]
np.random.permutation(males)[0:n_mar]
[ 4  7  8  5 12  6]
np.random.permutation(males)[0:n_mar]
[21  0  6  7  3  4]
np.random.permutation(males)[0:n_mar]
[ 9 20 12 10 16  4]
np.random.permutation(males)[0:n_mar]
[ 6 19 17  5 14 15]
np.random.permutation(males)[0:n_mar]
[23  7  4 12 20 22]
np.random.permutation(males)[0:n_mar]
[20 18  9  3 15 13]
np.random.permutation(males)[0:n_mar]
[21  2  6 11  5  4]
np.random.permutation(males)[0:n_mar]
[22 11  3  8 23 20]
np.random.permutation(males)[0:n_mar]
[ 5 17 22 11  9  3]
np.random.permutation(males)[0:n_mar]
[16  5  0  6 23  8]
np.random.permutation(males)[0:n_mar]
[20 19 23  8 15 13]
np.random.permutation(males)[0:n_mar]
[20 17 22  2  4 11]
np.random.permutation(males)[0:n_mar]
[15 21 20 16 18  0]
np.random.permutation(males)[0:n_mar]
[ 2  7 18 22 14  4]
np.random.permutation(males)[0:n_mar]
[ 2  5 15 16 17 12]
np.random.permutation(males)[0:n_mar]
[16 13 20  9 21 23]
np.random.permutation(males)[0:n_mar]
[ 9  5  7 18 11  3]
np.random.permutation(males)[0:n_mar]
[11 10  4  8  3 23]
np.random.permutation(males)[0:n_mar]
[ 8 17 23 21  4  2]
np.random.permutation(males)[0:n_mar]
[ 6  5  7 15  2  9]
np.random.permutation(males)[0:n_mar]
[22  8  9 18 17 16]
np.random.permutation(males)[0:n_mar]
[ 0  5  2 12 21 22]
np.random.permutation(males)[0:n_mar]
[12  9  2 13 19  7]
np.random.permutation(males)[0:n_mar]
[21 11 23 13  1  0]
np.random.permutation(males)[0:n_mar]
[ 8  2 14 11  0  7]
np.random.permutation(males)[0:n_mar]
[18 21 17 15 16  0]
np.random.permutation(males)[0:n_mar]
[ 5 13 11 19  7  9]
np.random.permutation(males)[0:n_mar]
[ 4  7 11 16 22 18]
np.random.permutation(males)[0:n_mar]
[ 9 22  6  4  3 18]
np.random.permutation(males)[0:n_mar]
[16 20 14 21 22 23]
np.random.permutation(males)[0:n_mar]
[12 13  8  4 15  6]
np.random.permutation(males)[0:n_mar]
[ 2 15 20 19  0  4]
np.random.permutation(males)[0:n_mar]
[ 6 20 14  1 17 15]
np.random.permutation(males)[0:n_mar]
[ 5 14 13 10  7 15]
np.random.permutation(males)[0:n_mar]
[15 12  6  2 22  0]
np.random.permutation(males)[0:n_mar]
[11 18  4  5 16  7]
np.random.permutation(males)[0:n_mar]
[15  8 18 12 21  3]
np.random.permutation(males)[0:n_mar]
[12  3  2  5 19 13]
np.random.permutation(males)[0:n_mar]
[21 22 19  0  5  9]
np.random.permutation(males)[0:n_mar]
[ 1 11  5 12 19 20]
np.random.permutation(males)[0:n_mar]
[ 0 20 23 21  3  2]
np.random.permutation(males)[0:n_mar]
[ 1 13 22 23 19 16]
np.random.permutation(males)[0:n_mar]
[ 9  2  4  3  5 22]
np.random.permutation(males)[0:n_mar]
[ 2 11  6 19  5 17]
np.random.permutation(males)[0:n_mar]
[23 20  5  9  2 13]
np.random.permutation(males)[0:n_mar]
[11  8 12  7 10 14]
np.random.permutation(males)[0:n_mar]
[ 6  7 20 10 18  2]
np.random.permutation(males)[0:n_mar]
[10 23 21  9 19 18]
np.random.permutation(males)[0:n_mar]
[ 3  1 10  5 15  9]
np.random.permutation(males)[0:n_mar]
[21 15  6  4 13  5]
np.random.permutation(males)[0:n_mar]
[23 14 15  6  9 13]
np.random.permutation(males)[0:n_mar]
[ 5  0  8 23 15  4]
np.random.permutation(males)[0:n_mar]
[ 8  9 17  7 12 15]
np.random.permutation(males)[0:n_mar]
[16  6  4  1 19  2]
np.random.permutation(males)[0:n_mar]
[ 5 13 15  1  4  0]
np.random.permutation(males)[0:n_mar]
[ 6 14  2 20 17 18]
np.random.permutation(males)[0:n_mar]
[ 2 22  0  5 19  6]
np.random.permutation(males)[0:n_mar]
[11 12 23  5  4 13]
np.random.permutation(males)[0:n_mar]
[23 14 11  6 17  8]
np.random.permutation(males)[0:n_mar]
[19 21  2 22 16  0]
np.random.permutation(males)[0:n_mar]
[11  4 14 13  3 10]
np.random.permutation(males)[0:n_mar]
[14 19 17 13  3  6]
np.random.permutation(males)[0:n_mar]
[ 7 12 17 14 21 11]
np.random.permutation(males)[0:n_mar]
[ 1 10 12  7  8 22]
np.random.permutation(males)[0:n_mar]
[10 17 20  8  3 11]
np.random.permutation(males)[0:n_mar]
[ 0 19 23  7  1 21]
np.random.permutation(males)[0:n_mar]
[21 14  2  6 22 12]
np.random.permutation(males)[0:n_mar]
[20  8  4 18 23 19]
np.random.permutation(males)[0:n_mar]
[ 3  5 18 17 10 13]
np.random.permutation(males)[0:n_mar]
[21  2 19  3  6 22]
np.random.permutation(males)[0:n_mar]
[10 15  6 20  7  9]
np.random.permutation(males)[0:n_mar]
[15 14  9 21 22 11]
np.random.permutation(males)[0:n_mar]
[ 4 12 23 14 20  6]
np.random.permutation(males)[0:n_mar]
[ 2 10 18 17  1 15]
np.random.permutation(males)[0:n_mar]
[19  1  2 16 10 22]
np.random.permutation(males)[0:n_mar]
[ 6 22  4 18 10 11]
np.random.permutation(males)[0:n_mar]
[ 5 14  1 15  6 11]
np.random.permutation(males)[0:n_mar]
[14 12 22 16  2  7]
np.random.permutation(males)[0:n_mar]
[14  4 18 10  7 15]
np.random.permutation(males)[0:n_mar]
[ 7 13  3  1 10 19]
np.random.permutation(males)[0:n_mar]
[ 5  9 19 10 14 13]
np.random.permutation(males)[0:n_mar]
[ 0 15  4 14  7 19]
np.random.permutation(males)[0:n_mar]
[21  6 12  5  3 14]
np.random.permutation(males)[0:n_mar]
[ 2 16  6  7 12  4]
np.random.permutation(males)[0:n_mar]
[13  0  1 16 11  6]
np.random.permutation(males)[0:n_mar]
[10 14 13 17 22  5]
np.random.permutation(males)[0:n_mar]
[ 0 16  3 18 12  9]
np.random.permutation(males)[0:n_mar]
[14  9  0 20  8  6]
np.random.permutation(males)[0:n_mar]
[ 3  7 14  2  5 23]
np.random.permutation(males)[0:n_mar]
[ 3 16 19  8 11  1]
np.random.permutation(males)[0:n_mar]
[17 13 20 18  2  4]
np.random.permutation(males)[0:n_mar]
[14  6  7  8 17  9]
np.random.permutation(males)[0:n_mar]
[15 11  3 17  9 22]
np.random.permutation(males)[0:n_mar]
[ 6 18 16 12  2  3]
np.random.permutation(males)[0:n_mar]
[14 13  8  1 18 12]
np.random.permutation(males)[0:n_mar]
[16  7 13  2 21  4]
np.random.permutation(males)[0:n_mar]
[14 10  9 19 16  7]
np.random.permutation(males)[0:n_mar]
[ 3  9 11 21 22 19]
np.random.permutation(males)[0:n_mar]
[ 5  2 15 23 18  4]
np.random.permutation(males)[0:n_mar]
[ 1 13  3  6 17 12]
np.random.permutation(males)[0:n_mar]
[ 9 13 16  0  5 12]
np.random.permutation(males)[0:n_mar]
[17  8 23 22 11  1]
np.random.permutation(males)[0:n_mar]
[ 8 12 11 16  3 13]
np.random.permutation(males)[0:n_mar]
[20  5 14 11  6  9]
np.random.permutation(males)[0:n_mar]
[ 4 21  2  3  0 13]
np.random.permutation(males)[0:n_mar]
[ 2  5 17  9 23 12]
np.random.permutation(males)[0:n_mar]
[17 19 18 15  2 14]
np.random.permutation(males)[0:n_mar]
[ 3 20 10 11  1 14]
np.random.permutation(males)[0:n_mar]
[ 7  4  0 23 13  8]
np.random.permutation(males)[0:n_mar]
[16  3 15  4  2  8]
np.random.permutation(males)[0:n_mar]
[ 0  1  5 17 10 13]
np.random.permutation(males)[0:n_mar]
[ 5 12 14  2  0  4]
np.random.permutation(males)[0:n_mar]
[23  5 21 17 12  6]
np.random.permutation(males)[0:n_mar]
[23  9 22  0  3  4]
np.random.permutation(males)[0:n_mar]
[ 0 20  2 12 23  1]
np.random.permutation(males)[0:n_mar]
[13 14 17 19  8  7]
np.random.permutation(males)[0:n_mar]
[18  9  2 17 20  3]
np.random.permutation(males)[0:n_mar]
[17 22 18  8  5 12]
np.random.permutation(males)[0:n_mar]
[22 14 17  6  0  7]
np.random.permutation(males)[0:n_mar]
[ 1  4 23 14  3 16]
np.random.permutation(males)[0:n_mar]
[16 23 13 14  7 10]
np.random.permutation(males)[0:n_mar]
[ 5 19  7  0 23 13]
np.random.permutation(males)[0:n_mar]
[11 19 14  4 22  2]
np.random.permutation(males)[0:n_mar]
[ 7  0 17 12  2  5]
np.random.permutation(males)[0:n_mar]
[21  4  9  0 17 16]
np.random.permutation(males)[0:n_mar]
[ 7 20  0  1  2  9]
np.random.permutation(males)[0:n_mar]
[ 4 23 12 16 22  6]
np.random.permutation(males)[0:n_mar]
[19  7 20 13  0 23]
np.random.permutation(males)[0:n_mar]
[ 9 21  4  7 23 18]
np.random.permutation(males)[0:n_mar]
[18  2 20 21 22  7]
np.random.permutation(males)[0:n_mar]
[18 11  9  4  1 12]
np.random.permutation(males)[0:n_mar]
[12  0 21 11 15 20]
np.random.permutation(males)[0:n_mar]
[22 21 12 14 10 17]
np.random.permutation(males)[0:n_mar]
[ 7 13 23  5  9 18]
np.random.permutation(males)[0:n_mar]
[ 5  9 20  1 10  0]
np.random.permutation(males)[0:n_mar]
[14 12 20 15 22  8]
np.random.permutation(males)[0:n_mar]
[ 4 19 12 13  5  9]
np.random.permutation(males)[0:n_mar]
[ 1 13 19 10  5 20]
np.random.permutation(males)[0:n_mar]
[ 4 23 22 14 18  1]
np.random.permutation(males)[0:n_mar]
[15  2  6  0  8 22]
np.random.permutation(males)[0:n_mar]
[20  0  9  6  5 22]
np.random.permutation(males)[0:n_mar]
[19  0 23 22 11  2]
np.random.permutation(males)[0:n_mar]
[22  3  7 12 13 21]
np.random.permutation(males)[0:n_mar]
[ 8  7 18 13 17 16]
np.random.permutation(males)[0:n_mar]
[15  6 20  7 23 22]
np.random.permutation(males)[0:n_mar]
[ 5  0  2  7 22 20]
np.random.permutation(males)[0:n_mar]
[ 3 18 10  7 13 20]
np.random.permutation(males)[0:n_mar]
[ 9  2  7 10  6  5]
np.random.permutation(males)[0:n_mar]
[ 5 15  8  2 23 22]
np.random.permutation(males)[0:n_mar]
[14  8  2 15 22 16]
np.random.permutation(males)[0:n_mar]
[13 22  9 11 21  4]
np.random.permutation(males)[0:n_mar]
[ 1 12 10 18 14 23]
np.random.permutation(males)[0:n_mar]
[14 12  9 17  6  3]
np.random.permutation(males)[0:n_mar]
[12 13  3 10 18  5]
np.random.permutation(males)[0:n_mar]
[16  9 15  2 10  0]
np.random.permutation(males)[0:n_mar]
[14  3  6  2  4 21]
np.random.permutation(males)[0:n_mar]
[20  2  9 17  8 13]
np.random.permutation(males)[0:n_mar]
[ 8  9 18 12  5 10]
np.random.permutation(males)[0:n_mar]
[ 7 21 13 15 10  9]
np.random.permutation(males)[0:n_mar]
[17 21 12 20 15 18]
np.random.permutation(males)[0:n_mar]
[ 6 20  9 17 15 22]
np.random.permutation(males)[0:n_mar]
[18  3 23 15  8 19]
np.random.permutation(males)[0:n_mar]
[ 5 17 18 21  2 13]
np.random.permutation(males)[0:n_mar]
[ 8 11 15  1 21 10]
np.random.permutation(males)[0:n_mar]
[15 22  2 13 12 18]
np.random.permutation(males)[0:n_mar]
[13  7  8 16 20 22]
np.random.permutation(males)[0:n_mar]
[13  1  8 11 10 23]
np.random.permutation(males)[0:n_mar]
[16 22 11 14  2  3]
np.random.permutation(males)[0:n_mar]
[ 4 12  1  6  3 22]
np.random.permutation(males)[0:n_mar]
[ 0 10 16 14 22 19]
np.random.permutation(males)[0:n_mar]
[16 15  4 14  5  7]
np.random.permutation(males)[0:n_mar]
[ 2  7 19  0 15 17]
np.random.permutation(males)[0:n_mar]
[ 5  0 18  1  2 17]
np.random.permutation(males)[0:n_mar]
[22 21 12  9  8 18]
np.random.permutation(males)[0:n_mar]
[23  5  8 15 22 21]
np.random.permutation(males)[0:n_mar]
[15  0 16  1 20  5]
np.random.permutation(males)[0:n_mar]
[12 22 23  6 13  7]
np.random.permutation(males)[0:n_mar]
[ 2  5 12 15 16 10]
np.random.permutation(males)[0:n_mar]
[ 5 11 14 15  8  1]
np.random.permutation(males)[0:n_mar]
[20 16  4  7 11 15]
np.random.permutation(males)[0:n_mar]
[21  5  8 12 18 16]
np.random.permutation(males)[0:n_mar]
[12 15 18 21 22  0]
np.random.permutation(males)[0:n_mar]
[17  6 18  2  5 13]
np.random.permutation(males)[0:n_mar]
[ 7  8 11 10 21 20]
np.random.permutation(males)[0:n_mar]
[ 4  7 21  5  0  2]
np.random.permutation(males)[0:n_mar]
[ 4 21  6 20 22 10]
np.random.permutation(males)[0:n_mar]
[ 7  5  4  1 19 11]
np.random.permutation(males)[0:n_mar]
[13  4  8 19  5 23]
np.random.permutation(males)[0:n_mar]
[ 5 15  6 23 12  4]
np.random.permutation(males)[0:n_mar]
[11 10 14 12  3 19]
np.random.permutation(males)[0:n_mar]
[19  5  8 14 10 23]
np.random.permutation(males)[0:n_mar]
[22  0 11 12 21  1]
np.random.permutation(males)[0:n_mar]
[ 2  3 18 12 14  7]
np.random.permutation(males)[0:n_mar]
[ 9  4  8 13 20 22]
np.random.permutation(males)[0:n_mar]
[ 3 12  0 13 11 20]
np.random.permutation(males)[0:n_mar]
[11  3 21 19  7  1]
np.random.permutation(males)[0:n_mar]
[13  4  8 11 16 19]
np.random.permutation(males)[0:n_mar]
[ 3 19  0 23  2 20]
np.random.permutation(males)[0:n_mar]
[ 1 16  4  3 15  2]
np.random.permutation(males)[0:n_mar]
[ 5  2 14  9  8  6]
np.random.permutation(males)[0:n_mar]
[ 7  9 10  8  1 18]
np.random.permutation(males)[0:n_mar]
[19 17 18  0 20 23]
np.random.permutation(males)[0:n_mar]
[17  0 10 20 21  6]
np.random.permutation(males)[0:n_mar]
[ 0 21 20 22 19  4]
np.random.permutation(males)[0:n_mar]
[14  0  4  3  2 13]
np.random.permutation(males)[0:n_mar]
[17 14 15 20 16  2]
np.random.permutation(males)[0:n_mar]
[10 13 19  9 14 18]
np.random.permutation(males)[0:n_mar]
[ 3 14  9 10  0 12]
np.random.permutation(males)[0:n_mar]
[ 4  0  1 19 17 13]
np.random.permutation(males)[0:n_mar]
[21 22  0 16 10  6]
np.random.permutation(males)[0:n_mar]
[10 14 21 23  6  5]
np.random.permutation(males)[0:n_mar]
[23 14 11 12  8  2]
np.random.permutation(males)[0:n_mar]
[17  6  9  4 19 16]
np.random.permutation(males)[0:n_mar]
[19 15 18  0  1 16]
np.random.permutation(males)[0:n_mar]
[ 0 22  9 12 15  8]
np.random.permutation(males)[0:n_mar]
[16 10 17 13  1 11]
np.random.permutation(males)[0:n_mar]
[10  7 19 14 11  9]
np.random.permutation(males)[0:n_mar]
[ 0  1  2 19  9  6]
np.random.permutation(males)[0:n_mar]
[23  5 13 14 11  6]
np.random.permutation(males)[0:n_mar]
[ 2  6 23  5  3 19]
np.random.permutation(males)[0:n_mar]
[19 14  9 10 21  5]
np.random.permutation(males)[0:n_mar]
[14 10  1  4 16 20]
np.random.permutation(males)[0:n_mar]
[ 5 19  8  9  2 21]
np.random.permutation(males)[0:n_mar]
[22 16 21  9  3  1]
np.random.permutation(males)[0:n_mar]
[14 13 16  4  3  5]
np.random.permutation(males)[0:n_mar]
[21 23 16 18  5 12]
np.random.permutation(males)[0:n_mar]
[ 9 12  2  0  6  3]
np.random.permutation(males)[0:n_mar]
[11 12  1  7 23  9]
np.random.permutation(males)[0:n_mar]
[12  3 10  8 22 20]
np.random.permutation(males)[0:n_mar]
[ 6  1  3  9 21 12]
np.random.permutation(males)[0:n_mar]
[ 6  3  1 17  4 15]
np.random.permutation(males)[0:n_mar]
[15 10  2  9 23 14]
np.random.permutation(males)[0:n_mar]
[20 10 22 21  2 11]
np.random.permutation(males)[0:n_mar]
[19 23  6  2 20 16]
np.random.permutation(males)[0:n_mar]
[23  3  4  6  0 20]
np.random.permutation(males)[0:n_mar]
[15 11 12 18  8  4]
np.random.permutation(males)[0:n_mar]
[21  3  6 15 16 19]
np.random.permutation(males)[0:n_mar]
[ 5 16 11 15 20  1]
np.random.permutation(males)[0:n_mar]
[ 0  4 17  1 10 18]
np.random.permutation(males)[0:n_mar]
[ 8 15 17 16 13 23]
np.random.permutation(males)[0:n_mar]
[17  8 10 21  6  2]
np.random.permutation(males)[0:n_mar]
[20  7 23 13  3 18]
np.random.permutation(males)[0:n_mar]
[ 9  3  6  5 19 22]
np.random.permutation(males)[0:n_mar]
[15 19 20  6 16  1]
np.random.permutation(males)[0:n_mar]
[ 6  8  7  5  3 20]
np.random.permutation(males)[0:n_mar]
[17  5 20  9 12 18]
np.random.permutation(males)[0:n_mar]
[12  1 20  5 11 13]
np.random.permutation(males)[0:n_mar]
[ 4 15  2  9 14  8]
np.random.permutation(males)[0:n_mar]
[14  5  9 17  6 20]
np.random.permutation(males)[0:n_mar]
[18 10  8 14 17  4]
np.random.permutation(males)[0:n_mar]
[22  8  6  2 15 20]
np.random.permutation(males)[0:n_mar]
[ 0 20 13  3 17 21]
np.random.permutation(males)[0:n_mar]
[23 15 20 16  0  7]
np.random.permutation(males)[0:n_mar]
[19 23  4 11 16 18]
np.random.permutation(males)[0:n_mar]
[21 12 13 11 18  6]
np.random.permutation(males)[0:n_mar]
[23  7 21 12  0 19]
np.random.permutation(males)[0:n_mar]
[19 13  8  4  6 20]
np.random.permutation(males)[0:n_mar]
[12 22  3 17 19 13]
np.random.permutation(males)[0:n_mar]
[ 5 15  9 21  6 14]
np.random.permutation(males)[0:n_mar]
[ 4 12  0 15 13 22]
np.random.permutation(males)[0:n_mar]
[ 6 11  2 10 12  7]
np.random.permutation(males)[0:n_mar]
[22  6 13 14 15 12]
np.random.permutation(males)[0:n_mar]
[16 23  4  1 17  5]
np.random.permutation(males)[0:n_mar]
[ 3 23  7  0 10  6]
np.random.permutation(males)[0:n_mar]
[21 12  5 11  4 23]
np.random.permutation(males)[0:n_mar]
[13 11  0 22 19  6]
np.random.permutation(males)[0:n_mar]
[ 1 10  7  6  3 16]
np.random.permutation(males)[0:n_mar]
[ 8 20  1 13 11  9]
np.random.permutation(males)[0:n_mar]
[ 7 20 11 16 22 23]
np.random.permutation(males)[0:n_mar]
[ 4 16  7  1  2 11]
np.random.permutation(males)[0:n_mar]
[19 17  9 11 20 18]
np.random.permutation(males)[0:n_mar]
[11  0  7 15 13 23]
np.random.permutation(males)[0:n_mar]
[ 7 22 19 20 18 21]
np.random.permutation(males)[0:n_mar]
[ 8 13  4 21 15  7]
np.random.permutation(males)[0:n_mar]
[ 0 14  7 15 12 11]
np.random.permutation(males)[0:n_mar]
[ 0  2 10 22  7 15]
np.random.permutation(males)[0:n_mar]
[11 10  2 20  4  8]
np.random.permutation(males)[0:n_mar]
[22 11  9 21 19  2]
np.random.permutation(males)[0:n_mar]
[ 5 19 20  7 10 22]
np.random.permutation(males)[0:n_mar]
[ 8  5  7 22  4 13]
np.random.permutation(males)[0:n_mar]
[13  6  0 20 14 18]
np.random.permutation(males)[0:n_mar]
[14 12  4 13 15 19]
np.random.permutation(males)[0:n_mar]
[ 3  6  8 14  5 10]
np.random.permutation(males)[0:n_mar]
[ 0  6 16 10 23 14]
np.random.permutation(males)[0:n_mar]
[ 3  0  8 12 16  2]
np.random.permutation(males)[0:n_mar]
[ 4 10 11 18  5 21]
np.random.permutation(males)[0:n_mar]
[10  4 19  6 13  0]
np.random.permutation(males)[0:n_mar]
[20  5 21 13  1 16]
np.random.permutation(males)[0:n_mar]
[12 16  6  9 18 21]
np.random.permutation(males)[0:n_mar]
[23 11  6 14 19  4]
np.random.permutation(males)[0:n_mar]
[20  4 15  6  9  1]
np.random.permutation(males)[0:n_mar]
[11 23 18 15  7 13]
np.random.permutation(males)[0:n_mar]
[22 19  6 16  8  1]
np.random.permutation(males)[0:n_mar]
[19  6 12 22 20 21]
np.random.permutation(males)[0:n_mar]
[ 6 13 17 14  7  2]
np.random.permutation(males)[0:n_mar]
[ 1 22 14 12 19  2]
np.random.permutation(males)[0:n_mar]
[11 14  3 22  7 23]
np.random.permutation(males)[0:n_mar]
[ 4 22 20  1  2 13]
np.random.permutation(males)[0:n_mar]
[23  3 12 13  0 21]
np.random.permutation(males)[0:n_mar]
[12 11  3 15 16 23]
np.random.permutation(males)[0:n_mar]
[ 5  7 23 13  4 18]
np.random.permutation(males)[0:n_mar]
[22  1 10 20 19  7]
np.random.permutation(males)[0:n_mar]
[18  5 20 12  6 13]
np.random.permutation(males)[0:n_mar]
[ 5  3 10 20 19  7]
np.random.permutation(males)[0:n_mar]
[ 9 13 17  8  4 19]
np.random.permutation(males)[0:n_mar]
[ 4 19  6  7 13  9]
np.random.permutation(males)[0:n_mar]
[12 20  6  8 11 10]
np.random.permutation(males)[0:n_mar]
[ 4 13 11 18 15 12]
np.random.permutation(males)[0:n_mar]
[ 5  9  3  2 22 14]
np.random.permutation(males)[0:n_mar]
[ 2 19  1 13  4  7]
np.random.permutation(males)[0:n_mar]
[22 10 12 16 14  7]
np.random.permutation(males)[0:n_mar]
[13 21 12 20  5  4]
np.random.permutation(males)[0:n_mar]
[ 2  0 19 23 11 22]
np.random.permutation(males)[0:n_mar]
[13  4  8 14 15  3]
np.random.permutation(males)[0:n_mar]
[16 23  1  3 19 17]
np.random.permutation(males)[0:n_mar]
[23  8  2  1 21  9]
np.random.permutation(males)[0:n_mar]
[ 9  2 17  6 22  0]
np.random.permutation(males)[0:n_mar]
[18  5 10 21 19  6]
np.random.permutation(males)[0:n_mar]
[13 21 22  0 17  4]
np.random.permutation(males)[0:n_mar]
[ 3 10 18  4 16 14]
np.random.permutation(males)[0:n_mar]
[12 20  8  9 17  6]
np.random.permutation(males)[0:n_mar]
[16  0  7  2 12  1]
np.random.permutation(males)[0:n_mar]
[16 18  3  6  1 21]
np.random.permutation(males)[0:n_mar]
[14  8  9 22  0 11]
np.random.permutation(males)[0:n_mar]
[13  9 23  1 14 21]
np.random.permutation(males)[0:n_mar]
[2 7 6 0 9 5]
np.random.permutation(males)[0:n_mar]
[ 2  6  3 16  0 18]
np.random.permutation(males)[0:n_mar]
[15 10 17 19  3 13]
np.random.permutation(males)[0:n_mar]
[12 11  7 16  6  0]
np.random.permutation(males)[0:n_mar]
[ 9 20  7 12 11  6]
np.random.permutation(males)[0:n_mar]
[ 4 17  9 20  3  6]
np.random.permutation(males)[0:n_mar]
[19 13 10  6 16 11]
np.random.permutation(males)[0:n_mar]
[ 6  9  3 16 12 19]
np.random.permutation(males)[0:n_mar]
[ 4  9  0 17 10 16]
np.random.permutation(males)[0:n_mar]
[ 2  1  7 23  3  9]
np.random.permutation(males)[0:n_mar]
[ 0 21 20  9  8  2]
np.random.permutation(males)[0:n_mar]
[ 9  2 15 10 20  1]
np.random.permutation(males)[0:n_mar]
[23 21 17  1  8  7]
np.random.permutation(males)[0:n_mar]
[ 6  8  5 14 16  4]
np.random.permutation(males)[0:n_mar]
[17 19 15  8  5  6]
np.random.permutation(males)[0:n_mar]
[ 1 20 10 21 11  8]
np.random.permutation(males)[0:n_mar]
[15 12 23  8  2  1]
np.random.permutation(males)[0:n_mar]
[13 21  6 22  0 18]
np.random.permutation(males)[0:n_mar]
[15 20  6  5  3 23]
np.random.permutation(males)[0:n_mar]
[ 1 22 10  9  3  0]
np.random.permutation(males)[0:n_mar]
[ 1  4 13 12 11  3]
np.random.permutation(males)[0:n_mar]
[ 0 13 17 20 18 22]
np.random.permutation(males)[0:n_mar]
[20 18 12 23 21 11]
np.random.permutation(males)[0:n_mar]
[ 3  4  9 10  1 12]
np.random.permutation(males)[0:n_mar]
[18  0  8 14 19  2]
np.random.permutation(males)[0:n_mar]
[10 17  1 11  4 22]
np.random.permutation(males)[0:n_mar]
[20  7 19  2 15 11]
np.random.permutation(males)[0:n_mar]
[10 16 23  4 12  7]
np.random.permutation(males)[0:n_mar]
[14 23  5  9 21  6]
np.random.permutation(males)[0:n_mar]
[15 12 10  5 22  1]
np.random.permutation(males)[0:n_mar]
[ 2 13  8 12  1 19]
np.random.permutation(males)[0:n_mar]
[11 20 13 12  5  4]
np.random.permutation(males)[0:n_mar]
[ 6 20 13 14  3 22]
np.random.permutation(males)[0:n_mar]
[17 19  5  6  7  9]
np.random.permutation(males)[0:n_mar]
[11 19  1  0 20  4]
np.random.permutation(males)[0:n_mar]
[ 0 23 22 21  7 13]
np.random.permutation(males)[0:n_mar]
[11 12  9  3  0 20]
np.random.permutation(males)[0:n_mar]
[15  5  6  4 12 16]
np.random.permutation(males)[0:n_mar]
[14 17 12  3  1 20]
np.random.permutation(males)[0:n_mar]
[16 22  1  6  3 12]
np.random.permutation(males)[0:n_mar]
[ 9  3  6 20  5 16]
np.random.permutation(males)[0:n_mar]
[20 17 10 22  1 12]
np.random.permutation(males)[0:n_mar]
[ 6 10 15 17 16 19]
np.random.permutation(males)[0:n_mar]
[21  6 12 17  2  7]
np.random.permutation(males)[0:n_mar]
[14  5 19 21  3  1]
np.random.permutation(males)[0:n_mar]
[ 2  9  0 10 22 17]
np.random.permutation(males)[0:n_mar]
[ 0  6  2 20 22 13]
np.random.permutation(males)[0:n_mar]
[20 13 14  5 16 12]
np.random.permutation(males)[0:n_mar]
[ 6 21 20  0  4  7]
np.random.permutation(males)[0:n_mar]
[ 1 17  0 10 22 14]
np.random.permutation(males)[0:n_mar]
[20  8 16  5 19  4]
np.random.permutation(males)[0:n_mar]
[23 13  5 19  3 14]
np.random.permutation(males)[0:n_mar]
[13 10 19 14  2 17]
np.random.permutation(males)[0:n_mar]
[11  1 22  3  7 19]
np.random.permutation(males)[0:n_mar]
[ 3  1 17 13  2 12]
np.random.permutation(males)[0:n_mar]
[ 5 17 20 11 16  9]
np.random.permutation(males)[0:n_mar]
[11  2 15  3 22  4]
np.random.permutation(males)[0:n_mar]
[ 1 16  8 15  9 18]
np.random.permutation(males)[0:n_mar]
[ 5  1  3 10 21  7]
np.random.permutation(males)[0:n_mar]
[13  6  8 21 15  2]
np.random.permutation(males)[0:n_mar]
[ 2  6 18 16 22  8]
np.random.permutation(males)[0:n_mar]
[ 1 12  2 23 21 17]
np.random.permutation(males)[0:n_mar]
[ 9  0  5 17 12 10]
np.random.permutation(males)[0:n_mar]
[16  5  9  3 11 10]
np.random.permutation(males)[0:n_mar]
[ 3  9 15 21 22  0]
np.random.permutation(males)[0:n_mar]
[ 7  3  6 15  2 19]
np.random.permutation(males)[0:n_mar]
[22 23 18 15 10 11]
np.random.permutation(males)[0:n_mar]
[11  1  9 22  2  4]
np.random.permutation(males)[0:n_mar]
[11  8 21 12  0 22]
np.random.permutation(males)[0:n_mar]
[ 5 13  8 23 15  1]
np.random.permutation(males)[0:n_mar]
[10 18  8  5  4 22]
np.random.permutation(males)[0:n_mar]
[16  6 19  9 20 15]
np.random.permutation(males)[0:n_mar]
[21  9 13  3 14  2]
np.random.permutation(males)[0:n_mar]
[22  5  6  2 12 21]
np.random.permutation(males)[0:n_mar]
[18 10  8  5  7 20]
np.random.permutation(males)[0:n_mar]
[18 16 11 17  5  6]
np.random.permutation(males)[0:n_mar]
[23 12 11 22 18  0]
np.random.permutation(males)[0:n_mar]
[15 18  0  6 14  9]
np.random.permutation(males)[0:n_mar]
[ 8  9 23 11 20 16]
np.random.permutation(males)[0:n_mar]
[23  8 11  1  3  9]
np.random.permutation(males)[0:n_mar]
[ 2  4 22 13 10  3]
np.random.permutation(males)[0:n_mar]
[10  7  4 15 11 20]
np.random.permutation(males)[0:n_mar]
[ 1  2 13 12 20  4]
np.random.permutation(males)[0:n_mar]
[17 13 21  6 14  0]
np.random.permutation(males)[0:n_mar]
[ 5 10 17  9  7 19]
np.random.permutation(males)[0:n_mar]
[11 21  9 22  7  6]
np.random.permutation(males)[0:n_mar]
[ 7 15  0 16 11 22]
np.random.permutation(males)[0:n_mar]
[16 18 23  7 14  0]
np.random.permutation(males)[0:n_mar]
[11  0  2 17 23  5]
np.random.permutation(males)[0:n_mar]
[ 0 20  9  2 12  3]
np.random.permutation(males)[0:n_mar]
[15 16  4 23 19 18]
np.random.permutation(males)[0:n_mar]
[11  6  5 14  7 19]
np.random.permutation(males)[0:n_mar]
[ 4 17  5 10 16 18]
np.random.permutation(males)[0:n_mar]
[ 5  2 23 12 22 15]
np.random.permutation(males)[0:n_mar]
[22 15  5 14 16 18]
np.random.permutation(males)[0:n_mar]
[ 7  8  3 23 13  2]
np.random.permutation(males)[0:n_mar]
[13 16 17 20  4  5]
np.random.permutation(males)[0:n_mar]
[ 0 22 15  9 13 10]
np.random.permutation(males)[0:n_mar]
[ 7 12  2  9  4 16]
np.random.permutation(males)[0:n_mar]
[17  3 23 19  2 13]
np.random.permutation(males)[0:n_mar]
[15 20 16  7  6 10]
np.random.permutation(males)[0:n_mar]
[11 19  1 22 18 23]
np.random.permutation(males)[0:n_mar]
[ 7 20 13  4 21 14]
np.random.permutation(males)[0:n_mar]
[22 14 23  1  6 17]
np.random.permutation(males)[0:n_mar]
[ 4 14  5 20 22  1]
np.random.permutation(males)[0:n_mar]
[19 21  0  3 14  8]
np.random.permutation(males)[0:n_mar]
[22  9  3 12 13  7]
np.random.permutation(males)[0:n_mar]
[22  8 13 10 12 18]
np.random.permutation(males)[0:n_mar]
[16 15  2 22 14  1]
np.random.permutation(males)[0:n_mar]
[11  8  4  2 14  0]
np.random.permutation(males)[0:n_mar]
[15 12  8  9 21 22]
np.random.permutation(males)[0:n_mar]
[14 12  1  4  0  6]
np.random.permutation(males)[0:n_mar]
[ 8 17 11 23 15 19]
np.random.permutation(males)[0:n_mar]
[10 23 13 15  9 21]
np.random.permutation(males)[0:n_mar]
[23 22  6  1 17  2]
np.random.permutation(males)[0:n_mar]
[14  8 13 23 22  9]
np.random.permutation(males)[0:n_mar]
[ 4  3  9  7  5 13]
np.random.permutation(males)[0:n_mar]
[13  7  0  5  8  6]
np.random.permutation(males)[0:n_mar]
[22  6  8  3  0  1]
np.random.permutation(males)[0:n_mar]
[12  7 16 13 10  5]
np.random.permutation(males)[0:n_mar]
[ 5  0 16  8  2 10]
np.random.permutation(males)[0:n_mar]
[ 1 23 16 15  6 20]
np.random.permutation(males)[0:n_mar]
[ 3 10 11 16 19  6]
np.random.permutation(males)[0:n_mar]
[22  2  6 18 10  0]
np.random.permutation(males)[0:n_mar]
[21 15 12 16 22 20]
np.random.permutation(males)[0:n_mar]
[14  4 12  1 22  0]
np.random.permutation(males)[0:n_mar]
[ 1 17 23 22 20  5]
np.random.permutation(males)[0:n_mar]
[19  5  4  1  7  2]
np.random.permutation(males)[0:n_mar]
[18 15 22  9 11 10]
np.random.permutation(males)[0:n_mar]
[ 7 11  3  4 10 12]
np.random.permutation(males)[0:n_mar]
[ 8 23 19  9  5 10]
np.random.permutation(males)[0:n_mar]
[22 13  8  9  1 20]
np.random.permutation(males)[0:n_mar]
[11 19 14  7  2 20]
np.random.permutation(males)[0:n_mar]
[ 7 23  6  2 16 17]
np.random.permutation(males)[0:n_mar]
[19  3  4  7  6  5]
np.random.permutation(males)[0:n_mar]
[21 13  0 22  6  2]
np.random.permutation(males)[0:n_mar]
[ 6  2 23 18 10  7]
np.random.permutation(males)[0:n_mar]
[ 7 22 10  4 13 19]
np.random.permutation(males)[0:n_mar]
[22  6 15 14  5  4]
np.random.permutation(males)[0:n_mar]
[ 7 22  9 16 12 18]
np.random.permutation(males)[0:n_mar]
[19  2  8  9 15 17]
np.random.permutation(males)[0:n_mar]
[ 9 23  3 15  5 11]
np.random.permutation(males)[0:n_mar]
[10  9 15  8 11 23]
np.random.permutation(males)[0:n_mar]
[18  6  1 22  4  2]
np.random.permutation(males)[0:n_mar]
[ 6 12 14 22  5 13]
np.random.permutation(males)[0:n_mar]
[13  9 12 11  8  5]
np.random.permutation(males)[0:n_mar]
[21  1 10 11 20  6]
np.random.permutation(males)[0:n_mar]
[11 19 12 18 22  3]
np.random.permutation(males)[0:n_mar]
[20 19  0 15 11 13]
np.random.permutation(males)[0:n_mar]
[14 15  0  2  9  8]
np.random.permutation(males)[0:n_mar]
[ 3 13 22  9 12  8]
np.random.permutation(males)[0:n_mar]
[17 12  0  7  6  1]
np.random.permutation(males)[0:n_mar]
[ 8 15 22 19  6 13]
np.random.permutation(males)[0:n_mar]
[ 2 19  1 16 22 14]
np.random.permutation(males)[0:n_mar]
[ 8  5 14 10  7 23]
np.random.permutation(males)[0:n_mar]
[ 4 19 21  5 13  8]
np.random.permutation(males)[0:n_mar]
[18  8 17 19 20 12]
np.random.permutation(males)[0:n_mar]
[ 1 22  8 13  9 12]
np.random.permutation(males)[0:n_mar]
[ 5  3  6 12 14 18]
np.random.permutation(males)[0:n_mar]
[21 16 20  6 12 13]
np.random.permutation(males)[0:n_mar]
[ 7  5 14  3  8 13]
np.random.permutation(males)[0:n_mar]
[19 17 12 20 11  1]
np.random.permutation(males)[0:n_mar]
[18  4 19 13 14 21]
np.random.permutation(males)[0:n_mar]
[ 3 21 10 16  9 22]
np.random.permutation(males)[0:n_mar]
[ 9  7 23  5 14 11]
np.random.permutation(males)[0:n_mar]
[17  7  6 11 18 15]
np.random.permutation(males)[0:n_mar]
[11 16 14 13  6  7]
np.random.permutation(males)[0:n_mar]
[10 21 20  7 15 11]
np.random.permutation(males)[0:n_mar]
[21  9 17 19  2  4]
np.random.permutation(males)[0:n_mar]
[22  3 10 14  5 23]
np.random.permutation(males)[0:n_mar]
[ 9 19 10  0  3 20]
np.random.permutation(males)[0:n_mar]
[17 21 22  3 11 15]
np.random.permutation(males)[0:n_mar]
[12 16  6 18  9 11]
np.random.permutation(males)[0:n_mar]
[12  2  9 13 15  3]
np.random.permutation(males)[0:n_mar]
[21 19 18 13  7  2]
np.random.permutation(males)[0:n_mar]
[16 13 17  3 12  5]
np.random.permutation(males)[0:n_mar]
[ 6 16  1  7 15  3]
np.random.permutation(males)[0:n_mar]
[ 1 21 13  0  5 17]
np.random.permutation(males)[0:n_mar]
[ 3  5 21 18  0 19]
np.random.permutation(males)[0:n_mar]
[ 5 14 20  6 23  4]
np.random.permutation(males)[0:n_mar]
[15 11  9 22 21  0]
np.random.permutation(males)[0:n_mar]
[15 10 19 20  1  8]
np.random.permutation(males)[0:n_mar]
[16 15 17  1  7  9]
np.random.permutation(males)[0:n_mar]
[16 12 11 21 13 14]
np.random.permutation(males)[0:n_mar]
[17 23 14 21 13  1]
np.random.permutation(males)[0:n_mar]
[ 4  8  3  7 19 14]
np.random.permutation(males)[0:n_mar]
[16 14 23  7 21 11]
np.random.permutation(males)[0:n_mar]
[23  3 13 21 11 16]
np.random.permutation(males)[0:n_mar]
[12  4  6 17  5 16]
np.random.permutation(males)[0:n_mar]
[18 10 12 23  0  4]
np.random.permutation(males)[0:n_mar]
[15  5 17 18  9 11]
np.random.permutation(males)[0:n_mar]
[ 3 20  8 14  1  0]
np.random.permutation(males)[0:n_mar]
[20 15  2 21 18 12]
np.random.permutation(males)[0:n_mar]
[ 9 22 15  5  8 20]
np.random.permutation(males)[0:n_mar]
[15  3  0  2 23 17]
np.random.permutation(males)[0:n_mar]
[ 9  6  2 13 23 15]
np.random.permutation(males)[0:n_mar]
[ 4 17  9 10 12  6]
np.random.permutation(males)[0:n_mar]
[ 3  8  1 18 10  4]
np.random.permutation(males)[0:n_mar]
[ 6  1  2 22  7 11]
np.random.permutation(males)[0:n_mar]
[16  1  3  9 21 11]
np.random.permutation(males)[0:n_mar]
[11  2 23 20  9 18]
np.random.permutation(males)[0:n_mar]
[ 5 21 11  4  6  0]
np.random.permutation(males)[0:n_mar]
[ 5 21 10 17 22 16]
np.random.permutation(males)[0:n_mar]
[ 2 15  8  5  7 17]
np.random.permutation(males)[0:n_mar]
[ 3 14 19 21 20  4]
np.random.permutation(males)[0:n_mar]
[ 1 16  7 23 20 13]
np.random.permutation(males)[0:n_mar]
[16  8 20  2 21  7]
np.random.permutation(males)[0:n_mar]
[19  8  1  0  9  5]
np.random.permutation(males)[0:n_mar]
[13 18 15 21 12 20]
np.random.permutation(males)[0:n_mar]
[ 8  9 16 15 17  7]
np.random.permutation(males)[0:n_mar]
[ 6  0 13 15  5  1]
np.random.permutation(males)[0:n_mar]
[14 17 23 19  4  7]
np.random.permutation(males)[0:n_mar]
[ 7  8 21 12  5 18]
np.random.permutation(males)[0:n_mar]
[10 22 12 18 23  3]
np.random.permutation(males)[0:n_mar]
[16  8  5  3 15 23]
np.random.permutation(males)[0:n_mar]
[ 0  2  9 23  8 14]
np.random.permutation(males)[0:n_mar]
[23 16  8 13 20  4]
np.random.permutation(males)[0:n_mar]
[12 19 16 20  4 21]
np.random.permutation(males)[0:n_mar]
[18 19  8  6 10 16]
np.random.permutation(males)[0:n_mar]
[14  1 16 20 19  9]
np.random.permutation(males)[0:n_mar]
[15  9 13  4 23 11]
np.random.permutation(males)[0:n_mar]
[ 1 14 15  7 11 20]
np.random.permutation(males)[0:n_mar]
[ 9 15 22 11 12  8]
np.random.permutation(males)[0:n_mar]
[14  8  1 18 13 21]
np.random.permutation(males)[0:n_mar]
[18  6 11 17 23 10]
np.random.permutation(males)[0:n_mar]
[22 17  1  9 12  6]
np.random.permutation(males)[0:n_mar]
[ 9 12 16  6 19  3]
np.random.permutation(males)[0:n_mar]
[23  6 15  4 21 17]
np.random.permutation(males)[0:n_mar]
[ 5 15 13 23 17  3]
np.random.permutation(males)[0:n_mar]
[11 22 17  6  0  3]
np.random.permutation(males)[0:n_mar]
[15 16 22  0 19 21]
np.random.permutation(males)[0:n_mar]
[15  9 23  8  4 19]
np.random.permutation(males)[0:n_mar]
[18 23 10  3  2 22]
np.random.permutation(males)[0:n_mar]
[21 12 19 18  2 20]
np.random.permutation(males)[0:n_mar]
[13  9 23  7  4  1]
np.random.permutation(males)[0:n_mar]
[22  6  7 21  5 19]
np.random.permutation(males)[0:n_mar]
[22 18  7 15  6 23]
np.random.permutation(males)[0:n_mar]
[21  3 23 15  6  7]
np.random.permutation(males)[0:n_mar]
[ 0 14 18  5 15 23]
np.random.permutation(males)[0:n_mar]
[11 18 22  8 17 10]
np.random.permutation(males)[0:n_mar]
[21 13  5  2 12 10]
np.random.permutation(males)[0:n_mar]
[10  2 18  7  1  0]
np.random.permutation(males)[0:n_mar]
[ 4 11 16 14  1 21]
np.random.permutation(males)[0:n_mar]
[11  1  4 18  0 20]
np.random.permutation(males)[0:n_mar]
[13  4  5 21 14  8]
np.random.permutation(males)[0:n_mar]
[ 1 17  6 14  8  4]
np.random.permutation(males)[0:n_mar]
[11 12  6 18  2 20]
np.random.permutation(males)[0:n_mar]
[ 4 15  6 18 20 22]
np.random.permutation(males)[0:n_mar]
[12 15  2 18  0  5]
np.random.permutation(males)[0:n_mar]
[20  8  6 17 14  5]
np.random.permutation(males)[0:n_mar]
[21 11 15 20  9 13]
np.random.permutation(males)[0:n_mar]
[14 20  8 12 16  4]
np.random.permutation(males)[0:n_mar]
[16  7 15  0 18  2]
np.random.permutation(males)[0:n_mar]
[20  8 23 22  5 14]
np.random.permutation(males)[0:n_mar]
[19  2  7 16 11  0]
np.random.permutation(males)[0:n_mar]
[19  6 13 20  0 14]
np.random.permutation(males)[0:n_mar]
[11 21 18 23  2  0]
np.random.permutation(males)[0:n_mar]
[ 1  8  3  0 15 10]
np.random.permutation(males)[0:n_mar]
[15 17  1  5  3 10]
np.random.permutation(males)[0:n_mar]
[21 16  7 15 12 14]
np.random.permutation(males)[0:n_mar]
[21 19 16 22  8 23]
np.random.permutation(males)[0:n_mar]
[ 8 13  4 22 12 16]
np.random.permutation(males)[0:n_mar]
[19 22  7 11 14  3]
np.random.permutation(males)[0:n_mar]
[12 21 22  4 19 10]
np.random.permutation(males)[0:n_mar]
[ 3 21 17 20  0  9]
np.random.permutation(males)[0:n_mar]
[15 16 22 12  5 17]
np.random.permutation(males)[0:n_mar]
[14 17  2 15  6 18]
np.random.permutation(males)[0:n_mar]
[12 10 23  2 18  9]
np.random.permutation(males)[0:n_mar]
[23 13  1 14 11  7]
np.random.permutation(males)[0:n_mar]
[10  9  4 17 12  5]
np.random.permutation(males)[0:n_mar]
[10 23 13 14 21 20]
np.random.permutation(males)[0:n_mar]
[ 3 10  2 17 19 14]
np.random.permutation(males)[0:n_mar]
[12  3  7 19  0 20]
np.random.permutation(males)[0:n_mar]
[ 8 15 23 20  2  5]
np.random.permutation(males)[0:n_mar]
[ 0  1 20  6 21 14]
np.random.permutation(males)[0:n_mar]
[12  4 23 20 10  1]
np.random.permutation(males)[0:n_mar]
[21 22  7 15  1 13]
np.random.permutation(males)[0:n_mar]
[ 6 19  4  7 16 21]
np.random.permutation(males)[0:n_mar]
[ 9 18 14  0  6  5]
np.random.permutation(males)[0:n_mar]
[22 11 19 13 23  2]
np.random.permutation(males)[0:n_mar]
[ 5  4 21  2  1 17]
np.random.permutation(males)[0:n_mar]
[ 4 23  2 18 17 10]
np.random.permutation(males)[0:n_mar]
[ 1 18 20 17 11 16]
np.random.permutation(males)[0:n_mar]
[10  3  6 20 11 17]
np.random.permutation(males)[0:n_mar]
[20 17 21 10 22 15]
np.random.permutation(males)[0:n_mar]
[14 23 11 16 22  6]
np.random.permutation(males)[0:n_mar]
[ 2  6 10  4  1 22]
np.random.permutation(males)[0:n_mar]
[ 1 16 18 10  9  6]
np.random.permutation(males)[0:n_mar]
[22 13 15  8  2 16]
np.random.permutation(males)[0:n_mar]
[19  0  1 14 13 15]
np.random.permutation(males)[0:n_mar]
[ 0 19  7 18  1 22]
np.random.permutation(males)[0:n_mar]
[ 9 14 15  1 13  6]
np.random.permutation(males)[0:n_mar]
[12 14  3 23 16 13]
np.random.permutation(males)[0:n_mar]
[ 7  2 20  6  8 11]
np.random.permutation(males)[0:n_mar]
[21 20  8 22  2  9]
np.random.permutation(males)[0:n_mar]
[15 22  3 12 19 17]
np.random.permutation(males)[0:n_mar]
[ 7 14  3 10 23 17]
np.random.permutation(males)[0:n_mar]
[13 10  0 17 14 23]
np.random.permutation(males)[0:n_mar]
[15 21  2  4 18 14]
np.random.permutation(males)[0:n_mar]
[ 2  5  7 18 21 16]
np.random.permutation(males)[0:n_mar]
[21  8  4 19 20  5]
np.random.permutation(males)[0:n_mar]
[20  0  1 12 22 19]
np.random.permutation(males)[0:n_mar]
[22 14  0  4 23 19]
np.random.permutation(males)[0:n_mar]
[21  6 13  9  3 10]
np.random.permutation(males)[0:n_mar]
[ 8  0  7  6  4 22]
np.random.permutation(males)[0:n_mar]
[11  3 13  7  0 12]
np.random.permutation(males)[0:n_mar]
[16 17 10 21 14  3]
np.random.permutation(males)[0:n_mar]
[ 5  6 19 20 12 17]
np.random.permutation(males)[0:n_mar]
[23 21  0 15  6 18]
np.random.permutation(males)[0:n_mar]
[17 14  3 23  2  0]
np.random.permutation(males)[0:n_mar]
[ 2  4 22 19  0  9]
np.random.permutation(males)[0:n_mar]
[21 15  9 13  5 10]
np.random.permutation(males)[0:n_mar]
[17  6  2 15 18  1]
np.random.permutation(males)[0:n_mar]
[ 7 12 13 19  3  8]
np.random.permutation(males)[0:n_mar]
[ 5  8 23 21 10  2]
np.random.permutation(males)[0:n_mar]
[ 0 13 18  8 17 20]
np.random.permutation(males)[0:n_mar]
[18  5 14  7 13  6]
np.random.permutation(males)[0:n_mar]
[20  1  6 17  3  0]
np.random.permutation(males)[0:n_mar]
[ 8 22  1 11  4 18]
np.random.permutation(males)[0:n_mar]
[15  3 23  0 18  5]
np.random.permutation(males)[0:n_mar]
[18 12 10 19  1  0]
np.random.permutation(males)[0:n_mar]
[ 7 22 15  2  4 23]
np.random.permutation(males)[0:n_mar]
[ 7 23  4  9 10  3]
np.random.permutation(males)[0:n_mar]
[ 4 21  7 20  0 13]
np.random.permutation(males)[0:n_mar]
[ 2 20 21 14 13  0]
np.random.permutation(males)[0:n_mar]
[15 18 12 19  7  5]
np.random.permutation(males)[0:n_mar]
[18 20  3  9 22  4]
np.random.permutation(males)[0:n_mar]
[12  5 22 18 17 15]
np.random.permutation(males)[0:n_mar]
[10  4  6 12 11  9]
np.random.permutation(males)[0:n_mar]
[20  2  9 17  1 14]
np.random.permutation(males)[0:n_mar]
[ 4 22 19 20  1 18]
np.random.permutation(males)[0:n_mar]
[20  5  1 19  0 14]
np.random.permutation(males)[0:n_mar]
[20  1 14  5 12  7]
np.random.permutation(males)[0:n_mar]
[ 9 15 17 11 10 19]
np.random.permutation(males)[0:n_mar]
[ 9 21  2  0 11  6]
np.random.permutation(males)[0:n_mar]
[13 11  2 20 15 22]
np.random.permutation(males)[0:n_mar]
[19 16 22  6 18 20]
np.random.permutation(males)[0:n_mar]
[10 11 16  5 20  4]
np.random.permutation(males)[0:n_mar]
[13 21 17 22 18  1]
np.random.permutation(males)[0:n_mar]
[21 18 22  8 17 12]
np.random.permutation(males)[0:n_mar]
[ 0 16 19  3 10  1]
np.random.permutation(males)[0:n_mar]
[15 11  0  5 14 23]
np.random.permutation(males)[0:n_mar]
[12  3 21 11  0  9]
np.random.permutation(males)[0:n_mar]
[ 4 11 18 16 22 10]
np.random.permutation(males)[0:n_mar]
[ 8 11  7 14 17  4]
np.random.permutation(males)[0:n_mar]
[13  2  4 11  5 19]
np.random.permutation(males)[0:n_mar]
[ 6  2  7 16 15 21]
np.random.permutation(males)[0:n_mar]
[21 15 22 12  1  3]
np.random.permutation(males)[0:n_mar]
[10 22 20  9  8  0]
np.random.permutation(males)[0:n_mar]
[ 7  3 22  2 21  1]
np.random.permutation(males)[0:n_mar]
[19 20 14 23  8  1]
np.random.permutation(males)[0:n_mar]
[ 7 10  4  2 13 19]
np.random.permutation(males)[0:n_mar]
[13 10  9  5 15 22]
np.random.permutation(males)[0:n_mar]
[15  0 11 12 17 20]
np.random.permutation(males)[0:n_mar]
[19 20  3 23  2 16]
np.random.permutation(males)[0:n_mar]
[17 20 14 15 16  5]
np.random.permutation(males)[0:n_mar]
[12 20 11 19  5  9]
np.random.permutation(males)[0:n_mar]
[ 8  7  3 10 23 22]
np.random.permutation(males)[0:n_mar]
[ 1 10 11 20 18 22]
np.random.permutation(males)[0:n_mar]
[ 3 20  9 14  2 21]
np.random.permutation(males)[0:n_mar]
[ 0 13 15 19 21  3]
np.random.permutation(males)[0:n_mar]
[ 4 13  1 14 20 10]
np.random.permutation(males)[0:n_mar]
[19 13 20 14 12 15]
np.random.permutation(males)[0:n_mar]
[20  7  4  3  5 21]
np.random.permutation(males)[0:n_mar]
[16  9 23 12  6 15]
np.random.permutation(males)[0:n_mar]
[16  4 15 23 17 11]
np.random.permutation(males)[0:n_mar]
[ 6 23 17 15 22 13]
np.random.permutation(males)[0:n_mar]
[23  1 13 15 20  0]
np.random.permutation(males)[0:n_mar]
[16  8 10 17 12 14]
np.random.permutation(males)[0:n_mar]
[13 21 19  1  4  8]
np.random.permutation(males)[0:n_mar]
[18  1  9 11 15 20]
np.random.permutation(males)[0:n_mar]
[ 6  9 18  5 11 10]
np.random.permutation(males)[0:n_mar]
[ 5  7 18 19 22 20]
np.random.permutation(males)[0:n_mar]
[18  8  7  6  4  2]
np.random.permutation(males)[0:n_mar]
[11 14  9  6 21 13]
np.random.permutation(males)[0:n_mar]
[16  5 15  2 18 13]
np.random.permutation(males)[0:n_mar]
[ 7 19 18 22 15  3]
np.random.permutation(males)[0:n_mar]
[10  9 12  2  8 13]
np.random.permutation(males)[0:n_mar]
[10  5  8 16 18  4]
np.random.permutation(males)[0:n_mar]
[ 0 15 22  5 21  3]
np.random.permutation(males)[0:n_mar]
[ 9 23 13 19 11  4]
np.random.permutation(males)[0:n_mar]
[ 3 11 23  2  6 18]
np.random.permutation(males)[0:n_mar]
[ 8 17 20 19 23 10]
np.random.permutation(males)[0:n_mar]
[14 18 11 17  8 22]
np.random.permutation(males)[0:n_mar]
[19 21  5 14  8  0]
np.random.permutation(males)[0:n_mar]
[22  3  0 14 10 17]
np.random.permutation(males)[0:n_mar]
[17  7 16 21 19  2]
np.random.permutation(males)[0:n_mar]
[14  4  8 21 16 19]
np.random.permutation(males)[0:n_mar]
[20 13  4  9 11  5]
np.random.permutation(males)[0:n_mar]
[21  9 22 15 20  4]
np.random.permutation(males)[0:n_mar]
[ 6 20 10 18 17 21]
np.random.permutation(males)[0:n_mar]
[ 4 10 20 19 11 16]
np.random.permutation(males)[0:n_mar]
[21 18 17 10 11 13]
np.random.permutation(males)[0:n_mar]
[21 10  1 20 23 17]
np.random.permutation(males)[0:n_mar]
[23 11 15 13  8  0]
np.random.permutation(males)[0:n_mar]
[18 17 11  2 15  5]
np.random.permutation(males)[0:n_mar]
[ 8 19  7 18  5  1]
np.random.permutation(males)[0:n_mar]
[18 19 16 23  4  0]
np.random.permutation(males)[0:n_mar]
[ 6 22  4 21 17 18]
np.random.permutation(males)[0:n_mar]
[ 0  8  4  9 14 19]
np.random.permutation(males)[0:n_mar]
[10 22 14  3 19  9]
np.random.permutation(males)[0:n_mar]
[16  1 11  5 23 17]
np.random.permutation(males)[0:n_mar]
[17 21 10  4 14 22]
np.random.permutation(males)[0:n_mar]
[ 9 10 17 23  2 14]
np.random.permutation(males)[0:n_mar]
[22  6 23 20  9 14]
np.random.permutation(males)[0:n_mar]
[15  7 14  4 19 21]
np.random.permutation(males)[0:n_mar]
[11 22 17  7 16 21]
np.random.permutation(males)[0:n_mar]
[20 12 13  3 18 11]
np.random.permutation(males)[0:n_mar]
[22  2  0 15  7  4]
np.random.permutation(males)[0:n_mar]
[18 19  6  9 10 21]
np.random.permutation(males)[0:n_mar]
[ 7 22  1 19 18  6]
np.random.permutation(males)[0:n_mar]
[ 0 18  9 15 20  6]
np.random.permutation(males)[0:n_mar]
[ 9  3 16 11 20 19]
np.random.permutation(males)[0:n_mar]
[ 4  0 22 16 23 10]
np.random.permutation(males)[0:n_mar]
[ 1  8 15 19 16 13]
np.random.permutation(males)[0:n_mar]
[ 8 13  9 14 17  6]
np.random.permutation(males)[0:n_mar]
[13  3 19  4  7 18]
np.random.permutation(males)[0:n_mar]
[ 7 14 23 17  9  3]
np.random.permutation(males)[0:n_mar]
[16 19 13  2  8 17]
np.random.permutation(males)[0:n_mar]
[ 9  8  6 17  2 23]
np.random.permutation(males)[0:n_mar]
[ 7 14 17  9  6 18]
np.random.permutation(males)[0:n_mar]
[16 15  8  6 19 21]
np.random.permutation(males)[0:n_mar]
[19  6 14  1  5 11]
np.random.permutation(males)[0:n_mar]
[22  2  9  7  6 16]
np.random.permutation(males)[0:n_mar]
[ 5  7 17 23 19  0]
np.random.permutation(males)[0:n_mar]
[12 17 21  0 23 11]
np.random.permutation(males)[0:n_mar]
[ 8  5 12 13  1 15]
np.random.permutation(males)[0:n_mar]
[16 14  6 21 13 11]
np.random.permutation(males)[0:n_mar]
[14 21 23  1 17  0]
np.random.permutation(males)[0:n_mar]
[13 10 11  3 19  2]
np.random.permutation(males)[0:n_mar]
[13 21  9  0  3  8]
np.random.permutation(males)[0:n_mar]
[21 17 20 11 16  0]
np.random.permutation(males)[0:n_mar]
[ 3 13  1  0  5  8]
np.random.permutation(males)[0:n_mar]
[18  6 19 20 15 12]
np.random.permutation(males)[0:n_mar]
[ 5 16  3  7 18 21]
np.random.permutation(males)[0:n_mar]
[23  7  5 20 10  3]
np.random.permutation(males)[0:n_mar]
[ 1  3 11 22 15  7]
np.random.permutation(males)[0:n_mar]
[ 7 12  9 16  6  4]
np.random.permutation(males)[0:n_mar]
[ 5  2 14  0 17  1]
np.random.permutation(males)[0:n_mar]
[15 16 17 14 12 22]
np.random.permutation(males)[0:n_mar]
[18  4  9 19 21  0]
np.random.permutation(males)[0:n_mar]
[16 21 11  0 22 19]
np.random.permutation(males)[0:n_mar]
[20  8  7 22 14 18]
np.random.permutation(males)[0:n_mar]
[23 21 10  3 13 11]
np.random.permutation(males)[0:n_mar]
[ 6  5  9 13  7  1]
np.random.permutation(males)[0:n_mar]
[ 2 14  0 13  6  4]
np.random.permutation(males)[0:n_mar]
[23 15  7 19 12 14]
np.random.permutation(males)[0:n_mar]
[ 2 11  9 15 13 17]
np.random.permutation(males)[0:n_mar]
[22  3 12 10  8  0]
np.random.permutation(males)[0:n_mar]
[ 5 17  9 23 13  0]
np.random.permutation(males)[0:n_mar]
[ 7 12  6  8  0 15]
np.random.permutation(males)[0:n_mar]
[ 9  8 13 15 14 18]
np.random.permutation(males)[0:n_mar]
[11 12 23 15  6 14]
np.random.permutation(males)[0:n_mar]
[15  4 10  9 19  1]
np.random.permutation(males)[0:n_mar]
[20  9  4  7  1  0]
np.random.permutation(males)[0:n_mar]
[ 8  9  2 12  7  6]
np.random.permutation(males)[0:n_mar]
[ 8 14 11 15 13 16]
np.random.permutation(males)[0:n_mar]
[ 4  0 17  2  1 16]
np.random.permutation(males)[0:n_mar]
[19  0 13 18  2 23]
np.random.permutation(males)[0:n_mar]
[20 22  3 19  9 23]
np.random.permutation(males)[0:n_mar]
[ 5 21 12 14 23  4]
np.random.permutation(males)[0:n_mar]
[ 8 10 19  9 23 16]
np.random.permutation(males)[0:n_mar]
[15 14 11 19  7  4]
np.random.permutation(males)[0:n_mar]
[12 21 15  9  1 19]
np.random.permutation(males)[0:n_mar]
[ 7  2 20  3  9  8]
np.random.permutation(males)[0:n_mar]
[17  4  6 10  9 20]
np.random.permutation(males)[0:n_mar]
[20 12  5  1 17 19]
