np.random.permutation(males)[0:n_mar]
[18  7  4  0 12  8 23 13]
np.random.permutation(males)[0:n_mar]
[ 9  5  6  7 13 23 15 19]
np.random.permutation(males)[0:n_mar]
[17  3 20  5  8  2  0 22]
np.random.permutation(males)[0:n_mar]
[ 0 17 21  2 15 12  1 23]
np.random.permutation(males)[0:n_mar]
[19 14  7  5  4 20 16 15]
np.random.permutation(males)[0:n_mar]
[ 0  8  9 21 22 19 18  4]
np.random.permutation(males)[0:n_mar]
[16  5  2  4 12  0 13  3]
np.random.permutation(males)[0:n_mar]
[21  6  9 20 18 13 15  5]
np.random.permutation(males)[0:n_mar]
[16 22 11 13  7 21  4 23]
np.random.permutation(males)[0:n_mar]
[15 12 19  4 10  7 17 16]
np.random.permutation(males)[0:n_mar]
[ 4 15 18 14  8  5  3  9]
np.random.permutation(males)[0:n_mar]
[ 0  2  7  6 11  8  1 13]
np.random.permutation(males)[0:n_mar]
[12  5 17 11  2  1  7  6]
np.random.permutation(males)[0:n_mar]
[ 8 16 15 23 13 10  5 11]
np.random.permutation(males)[0:n_mar]
[18  9 10 13 12  3 23  8]
np.random.permutation(males)[0:n_mar]
[18  6 20 13 17  2 14 10]
np.random.permutation(males)[0:n_mar]
[21  8 14 20  3 12  5 17]
np.random.permutation(males)[0:n_mar]
[ 4  9  6 10  2 13 16 14]
np.random.permutation(males)[0:n_mar]
[23  9 16  8 14 20 22  7]
np.random.permutation(males)[0:n_mar]
[ 6  8  3 20  1  0 18 22]
np.random.permutation(males)[0:n_mar]
[ 6  7 20 18 17  5  4 13]
np.random.permutation(males)[0:n_mar]
[ 6  1 14 17  0  5  2 19]
np.random.permutation(males)[0:n_mar]
[13  2  5 11 23 16 20  4]
np.random.permutation(males)[0:n_mar]
[11 23 19 17  7  0 20 21]
np.random.permutation(males)[0:n_mar]
[ 2 23  0  8  4 13  1 11]
np.random.permutation(males)[0:n_mar]
[17  1  3 22 16 21  6 15]
np.random.permutation(males)[0:n_mar]
[13  4 22 17  3 21  2 11]
np.random.permutation(males)[0:n_mar]
[14  9 15  3 23 11 12  7]
np.random.permutation(males)[0:n_mar]
[ 5  7  1 21  0 15 22  9]
np.random.permutation(males)[0:n_mar]
[ 8 21  9 17  2  1 14 23]
np.random.permutation(males)[0:n_mar]
[ 3 15  2 17 18  0 10  1]
np.random.permutation(males)[0:n_mar]
[13 14  2  6 15 12 18 19]
np.random.permutation(males)[0:n_mar]
[ 4 16  6 17  1 22 21  0]
np.random.permutation(males)[0:n_mar]
[ 9 19  2 11 12  5 17 18]
np.random.permutation(males)[0:n_mar]
[18 14  3  8 22  7 12  4]
np.random.permutation(males)[0:n_mar]
[12  3 23  2  6 17 19 14]
np.random.permutation(males)[0:n_mar]
[18 14  8 22  9 16  0 13]
np.random.permutation(males)[0:n_mar]
[13 11  5 19 15 16 14 12]
np.random.permutation(males)[0:n_mar]
[16  4 22  1 18 19 23  7]
np.random.permutation(males)[0:n_mar]
[23  4  5 10 16 22 17 13]
np.random.permutation(males)[0:n_mar]
[23 13 12 14 20 19  5  6]
np.random.permutation(males)[0:n_mar]
[21  6 11  2 16 19  5 15]
np.random.permutation(males)[0:n_mar]
[11  8  9  7 23 22 21 10]
np.random.permutation(males)[0:n_mar]
[14 10  3 15  5  7  4 23]
np.random.permutation(males)[0:n_mar]
[ 8 10 21 20  4 16 14  3]
np.random.permutation(males)[0:n_mar]
[21 11  2  9  6  3  1 13]
np.random.permutation(males)[0:n_mar]
[22  3  1 15 12 16  6 10]
np.random.permutation(males)[0:n_mar]
[ 9 23  5 13 12  1  0 22]
np.random.permutation(males)[0:n_mar]
[ 5  8 20  4  1 14 13 12]
np.random.permutation(males)[0:n_mar]
[17  0 19  8 10  1 13 22]
np.random.permutation(males)[0:n_mar]
[ 3 16 15  7  1 11  8 10]
np.random.permutation(males)[0:n_mar]
[ 8  9  2 12 13 18 22 14]
np.random.permutation(males)[0:n_mar]
[19 23 22 20  1  7  4 14]
np.random.permutation(males)[0:n_mar]
[ 9 13 18 17 16  0 21 10]
np.random.permutation(males)[0:n_mar]
[14  8 15  9 10  1  0  7]
np.random.permutation(males)[0:n_mar]
[14 12 23 20 18 15  1  7]
np.random.permutation(males)[0:n_mar]
[ 4 19  3 13  6  9  8 15]
np.random.permutation(males)[0:n_mar]
[17 18  4 10  1  2  8 11]
np.random.permutation(males)[0:n_mar]
[ 6 11 21 16 23  7 17 10]
np.random.permutation(males)[0:n_mar]
[17 11 22  8 20 19 23 10]
np.random.permutation(males)[0:n_mar]
[10  1  2 15  7 21  4  3]
np.random.permutation(males)[0:n_mar]
[15 12 13 18  0  1  6 20]
np.random.permutation(males)[0:n_mar]
[23 20  5  0 13 15 14  3]
np.random.permutation(males)[0:n_mar]
[18 16 17 23  7  3 22 15]
np.random.permutation(males)[0:n_mar]
[11  5  4 13  9 21 10  3]
np.random.permutation(males)[0:n_mar]
[15  3 16 14  0 23  2 20]
np.random.permutation(males)[0:n_mar]
[10  1 18 23  2 12 17 16]
np.random.permutation(males)[0:n_mar]
[23 17 16  5  7  6 20  0]
np.random.permutation(males)[0:n_mar]
[ 5  3 17  4 15  1 10 22]
np.random.permutation(males)[0:n_mar]
[ 8 16  5  7 11 21 22 13]
np.random.permutation(males)[0:n_mar]
[12 21 10  2  9 18 16 22]
np.random.permutation(males)[0:n_mar]
[21  2 18 16  8 22 15 13]
np.random.permutation(males)[0:n_mar]
[11  0  7  4 21 17 22 18]
np.random.permutation(males)[0:n_mar]
[13  2  4 22  5  8 16 23]
np.random.permutation(males)[0:n_mar]
[20  9 14 11  7  6 17 13]
np.random.permutation(males)[0:n_mar]
[ 1 17 10  7  6 11 12 23]
np.random.permutation(males)[0:n_mar]
[ 0  7  6  1 15  4 16  9]
np.random.permutation(males)[0:n_mar]
[18  4  0 21  1 12 15  5]
np.random.permutation(males)[0:n_mar]
[21 15 14 10 20 16  0 17]
np.random.permutation(males)[0:n_mar]
[ 8  4 19 17  1  3 21 23]
np.random.permutation(males)[0:n_mar]
[22 21  1  3  2  9  5 19]
np.random.permutation(males)[0:n_mar]
[10  0  8 23 21  1 20 22]
np.random.permutation(males)[0:n_mar]
[11 19  6 17 18  9  8 10]
np.random.permutation(males)[0:n_mar]
[ 1 13 20 17 15 19 10  6]
np.random.permutation(males)[0:n_mar]
[ 3 17 21 16  0 14  9 12]
np.random.permutation(males)[0:n_mar]
[12  3  8 22  0  7  9  4]
np.random.permutation(males)[0:n_mar]
[ 1 18 17 12 21  9 20  6]
np.random.permutation(males)[0:n_mar]
[ 7 21 12 15  1  3  9 18]
np.random.permutation(males)[0:n_mar]
[ 6  2  9  4 19  0 18 15]
np.random.permutation(males)[0:n_mar]
[ 4  8  1  6 14  0 23 22]
np.random.permutation(males)[0:n_mar]
[19  6 21 15 10 11  3  7]
np.random.permutation(males)[0:n_mar]
[19 11  2 14  9 10 20 22]
np.random.permutation(males)[0:n_mar]
[ 7 10  5 13  0 15  3 18]
np.random.permutation(males)[0:n_mar]
[18 20 22 15 14 23  5 21]
np.random.permutation(males)[0:n_mar]
[ 6  7  1 20 15 10  2 18]
np.random.permutation(males)[0:n_mar]
[16 17  7 11 12  6  1 18]
np.random.permutation(males)[0:n_mar]
[14  2 20 10 13  4 17 16]
np.random.permutation(males)[0:n_mar]
[ 3  5  0 10  2 18  1 11]
np.random.permutation(males)[0:n_mar]
[ 3  2 14  4 13 22 10 20]
np.random.permutation(males)[0:n_mar]
[ 0 19 18  4 10 20 13  2]
np.random.permutation(males)[0:n_mar]
[ 5  7 21  8 15 14 18  1]
np.random.permutation(males)[0:n_mar]
[ 9 22 17 21 20 12 16  7]
np.random.permutation(males)[0:n_mar]
[13 22 23 10  6  5  2 14]
np.random.permutation(males)[0:n_mar]
[18 12 13 16 11 19  4 15]
np.random.permutation(males)[0:n_mar]
[13 17  7  0 21 10 18  9]
np.random.permutation(males)[0:n_mar]
[23  2 22  9 16 10 19 11]
np.random.permutation(males)[0:n_mar]
[16  8  7  6  9 22 18 23]
np.random.permutation(males)[0:n_mar]
[21 12 23 20  0 18 17 11]
np.random.permutation(males)[0:n_mar]
[ 5 20  2  9  0 23 11 16]
np.random.permutation(males)[0:n_mar]
[ 5  1 16 22  3 12 23 14]
np.random.permutation(males)[0:n_mar]
[ 0 22 12  2 14  4 18 15]
np.random.permutation(males)[0:n_mar]
[22 15 10  2  0 13 11 19]
np.random.permutation(males)[0:n_mar]
[22 20 21 13 17 23  4  9]
np.random.permutation(males)[0:n_mar]
[18 20 10 15  2  3 11 19]
np.random.permutation(males)[0:n_mar]
[18  2 14 11  8 10  7  1]
np.random.permutation(males)[0:n_mar]
[11 10  1 19  6 17 21  4]
np.random.permutation(males)[0:n_mar]
[19  7 11 21 16 17  3  5]
np.random.permutation(males)[0:n_mar]
[14  9 10  7  4 22 12 11]
np.random.permutation(males)[0:n_mar]
[21  2 15 14 23 12 10 18]
np.random.permutation(males)[0:n_mar]
[21 22  4  0 11  6 23  1]
np.random.permutation(males)[0:n_mar]
[ 9 16 20 10  5 18  1 11]
np.random.permutation(males)[0:n_mar]
[ 7 14 11  3 10 19  5 21]
np.random.permutation(males)[0:n_mar]
[12 20  1 10  5  3 23 17]
np.random.permutation(males)[0:n_mar]
[16  7 15 13  5 22  0 11]
np.random.permutation(males)[0:n_mar]
[20  0 10 22 19  9 17 18]
np.random.permutation(males)[0:n_mar]
[20 23  9 17 11 10  3 16]
np.random.permutation(males)[0:n_mar]
[18 21 11  7  5 14  6  8]
np.random.permutation(males)[0:n_mar]
[ 5  9  2 22  0  6 13 21]
np.random.permutation(males)[0:n_mar]
[ 8 15 11  7 14 13 12  4]
np.random.permutation(males)[0:n_mar]
[19  0  4  7  8 13 17 21]
np.random.permutation(males)[0:n_mar]
[ 2  4  3  1 12 10 11 23]
np.random.permutation(males)[0:n_mar]
[ 6 19  8  0  1 18 23 22]
np.random.permutation(males)[0:n_mar]
[15 13 21 19  3 12  1 20]
np.random.permutation(males)[0:n_mar]
[ 1 18 21  3  7  9 22  8]
np.random.permutation(males)[0:n_mar]
[19  0 15 17 11 23  9 18]
np.random.permutation(males)[0:n_mar]
[22  8  6 11 23  2  3  0]
np.random.permutation(males)[0:n_mar]
[23  7 18 12 14  9 11  1]
np.random.permutation(males)[0:n_mar]
[16  6 13 20 18  2 21  8]
np.random.permutation(males)[0:n_mar]
[ 9  1  3  6 20 23 13 18]
np.random.permutation(males)[0:n_mar]
[20  6  3 21  7 17 14 22]
np.random.permutation(males)[0:n_mar]
[19  4  8 13  0  9 12 15]
np.random.permutation(males)[0:n_mar]
[16 14 12  3 23  9 22 18]
np.random.permutation(males)[0:n_mar]
[23  2  6  3  0  1  9 16]
np.random.permutation(males)[0:n_mar]
[ 7 21 14 13  0  1  8  6]
np.random.permutation(males)[0:n_mar]
[19  2 22  8 17 13  3 12]
np.random.permutation(males)[0:n_mar]
[ 5  4 16  9 13  8  7 19]
np.random.permutation(males)[0:n_mar]
[13  1 10  2  0 18 23 22]
np.random.permutation(males)[0:n_mar]
[21 14 23 19  3  6 20  1]
np.random.permutation(males)[0:n_mar]
[15  4  6  0  5 10 18  1]
np.random.permutation(males)[0:n_mar]
[20 16 10 23 19  0  6  4]
np.random.permutation(males)[0:n_mar]
[11 16 22  8  5 17 18 21]
np.random.permutation(males)[0:n_mar]
[22 21 16 20 14 13 23 17]
np.random.permutation(males)[0:n_mar]
[ 5 11 20 15 21 17 13  0]
np.random.permutation(males)[0:n_mar]
[ 2 12 16  3 17 18  8  6]
np.random.permutation(males)[0:n_mar]
[ 9  1 18  5  0 16  6 17]
np.random.permutation(males)[0:n_mar]
[12 14 13 11 16 10  8 22]
np.random.permutation(males)[0:n_mar]
[23 11 17  6 16  1  2  3]
np.random.permutation(males)[0:n_mar]
[10 18 23  2  7  0 20 13]
np.random.permutation(males)[0:n_mar]
[ 0 14 10  9  6 12  7 17]
np.random.permutation(males)[0:n_mar]
[13 14 15  6  9  5  2 12]
np.random.permutation(males)[0:n_mar]
[ 9  4 10  8  2 14  0 18]
np.random.permutation(males)[0:n_mar]
[13  8 10  4 12  1 14  9]
np.random.permutation(males)[0:n_mar]
[11 19  4 12 14  5  3  9]
np.random.permutation(males)[0:n_mar]
[16 17  2 23 11  1 21 10]
np.random.permutation(males)[0:n_mar]
[15 13 12  6 19 18 14  3]
np.random.permutation(males)[0:n_mar]
[20  3  9 19 18  2 17  5]
np.random.permutation(males)[0:n_mar]
[16 18 12 23  6  2 21  3]
np.random.permutation(males)[0:n_mar]
[15 16 13 19  5  3 17  4]
np.random.permutation(males)[0:n_mar]
[ 0  9 16 10 13  6 18  3]
np.random.permutation(males)[0:n_mar]
[ 1 18  6  5 14 19 22 15]
np.random.permutation(males)[0:n_mar]
[ 5 11  3 12 15  6  1 10]
np.random.permutation(males)[0:n_mar]
[ 1  8 11  4 22 21  9 10]
np.random.permutation(males)[0:n_mar]
[ 1 21 16  7 18 11 23  5]
np.random.permutation(males)[0:n_mar]
[ 2  6 21  3 11 17 23  8]
np.random.permutation(males)[0:n_mar]
[ 7 15  2 20 22 17 10  4]
np.random.permutation(males)[0:n_mar]
[17  5 19 14  3  1  8 15]
np.random.permutation(males)[0:n_mar]
[13  4 16  6 18  7 12 20]
np.random.permutation(males)[0:n_mar]
[ 7  4  1  9  5 13 22 23]
np.random.permutation(males)[0:n_mar]
[21 23  2  6 22 11  0 14]
np.random.permutation(males)[0:n_mar]
[18 20  2  1 16  0  7 21]
np.random.permutation(males)[0:n_mar]
[12 15  6  3 19 22 18  4]
np.random.permutation(males)[0:n_mar]
[13 21  6  7 15  9  5 22]
np.random.permutation(males)[0:n_mar]
[17 23 12 22  0 15 19 13]
np.random.permutation(males)[0:n_mar]
[14  4  7 15  8  9 20 19]
np.random.permutation(males)[0:n_mar]
[ 3 23 11 18  6 16 14 12]
np.random.permutation(males)[0:n_mar]
[ 8  5 21  7 17  4  6  9]
np.random.permutation(males)[0:n_mar]
[ 7 14 17 21 10  1  4 11]
np.random.permutation(males)[0:n_mar]
[12  8 20  6  1  4 17  0]
np.random.permutation(males)[0:n_mar]
[17 10  2  9  5  6  3 14]
np.random.permutation(males)[0:n_mar]
[ 5 15 22 16 14 10  6  1]
np.random.permutation(males)[0:n_mar]
[ 2 23 11 15 18 20 16  1]
np.random.permutation(males)[0:n_mar]
[ 9  3  5  1  4 18  6 15]
np.random.permutation(males)[0:n_mar]
[ 7  6 11  8  1  0 21  3]
np.random.permutation(males)[0:n_mar]
[12  8 16  5 17 22 13 20]
np.random.permutation(males)[0:n_mar]
[ 0 20  8  6  1  5 17 13]
np.random.permutation(males)[0:n_mar]
[ 9 18 19 15 10  5 13 21]
np.random.permutation(males)[0:n_mar]
[ 8 15 14  6 17 16 19 18]
np.random.permutation(males)[0:n_mar]
[ 0 11  6 18  5 23  7  3]
np.random.permutation(males)[0:n_mar]
[ 3  0 12  1 10 16  9 13]
np.random.permutation(males)[0:n_mar]
[15 11  1 14  4 12 13  3]
np.random.permutation(males)[0:n_mar]
[12 19  6  2  3 11  0  7]
np.random.permutation(males)[0:n_mar]
[22 12  8 19 10 18 13  5]
np.random.permutation(males)[0:n_mar]
[12  1 22  0 20 18  9 11]
np.random.permutation(males)[0:n_mar]
[18 23  8 16  7 11 14  0]
np.random.permutation(males)[0:n_mar]
[ 8  3 21 10  2  0 17 12]
np.random.permutation(males)[0:n_mar]
[13  7 14 16  4 18 17 12]
np.random.permutation(males)[0:n_mar]
[22 11  5 17  0  8  7 10]
np.random.permutation(males)[0:n_mar]
[23 19 20 10  7 13 15  1]
np.random.permutation(males)[0:n_mar]
[ 5 11  0 19 14 13  7 12]
np.random.permutation(males)[0:n_mar]
[18  7  5 23 14  2 11 20]
np.random.permutation(males)[0:n_mar]
[ 5  7  0  8  4 11 10 21]
np.random.permutation(males)[0:n_mar]
[11  0  2  7 12 23  9 10]
np.random.permutation(males)[0:n_mar]
[ 2 13  0 23 15 22  3 12]
np.random.permutation(males)[0:n_mar]
[ 3  8  6 13 21  1 15  9]
np.random.permutation(males)[0:n_mar]
[ 9 19 16  3  8 15  0  7]
np.random.permutation(males)[0:n_mar]
[10  0 23 16  8  6 11 22]
np.random.permutation(males)[0:n_mar]
[23  3  6  1 12  8 11  5]
np.random.permutation(males)[0:n_mar]
[ 1 16 20  7 12 23  9 18]
np.random.permutation(males)[0:n_mar]
[ 3  8 23  7 21 10  5 12]
np.random.permutation(males)[0:n_mar]
[ 3 18  8 17  6  7 21 12]
np.random.permutation(males)[0:n_mar]
[10  5 11  3  0 16 13 17]
np.random.permutation(males)[0:n_mar]
[ 2 23  3 13  8  5 16 22]
np.random.permutation(males)[0:n_mar]
[ 4 14 21 19 12  5 23  1]
np.random.permutation(males)[0:n_mar]
[18 17  7  4 22  2 16 15]
np.random.permutation(males)[0:n_mar]
[10 20  2 18 23  8 13  1]
np.random.permutation(males)[0:n_mar]
[ 0  4 11 18 23  3  2 17]
np.random.permutation(males)[0:n_mar]
[ 7  5  3 22 19  2 20 13]
np.random.permutation(males)[0:n_mar]
[15  5 10 20  2 16 19  0]
np.random.permutation(males)[0:n_mar]
[ 1  0 10  5  2 22 23 18]
np.random.permutation(males)[0:n_mar]
[ 7  3 11 16 12 20  1 14]
np.random.permutation(males)[0:n_mar]
[14 16 23 21 22 10  7 12]
np.random.permutation(males)[0:n_mar]
[17 14 19  0 22 23  2  1]
np.random.permutation(males)[0:n_mar]
[ 2  3 16  7 15 22  1 20]
np.random.permutation(males)[0:n_mar]
[18 10 14 23  9 21 15  0]
np.random.permutation(males)[0:n_mar]
[ 5 15 22  9  8  6  0 19]
np.random.permutation(males)[0:n_mar]
[ 7  9  6 19 23 12 10  8]
np.random.permutation(males)[0:n_mar]
[ 3  6 19 16 13  2 23 11]
np.random.permutation(males)[0:n_mar]
[ 4  8 19  3  9  6  0  2]
np.random.permutation(males)[0:n_mar]
[ 9 20 15 11 14 13  5 12]
np.random.permutation(males)[0:n_mar]
[12 11  6 23 10 14 17 15]
np.random.permutation(males)[0:n_mar]
[ 2  0  7 15 11  6  8 21]
np.random.permutation(males)[0:n_mar]
[14  9 23 13 20 19 12  0]
np.random.permutation(males)[0:n_mar]
[11 10 16 20 14 23 13  0]
np.random.permutation(males)[0:n_mar]
[17 22 13 12 19  4  1  9]
np.random.permutation(males)[0:n_mar]
[ 7 22  2  8  4 16 11 15]
np.random.permutation(males)[0:n_mar]
[21 13  1 16 22  3 14 17]
np.random.permutation(males)[0:n_mar]
[20 22  4 21  5  7 16 18]
np.random.permutation(males)[0:n_mar]
[15 18  9 23 20 16  5 19]
np.random.permutation(males)[0:n_mar]
[ 0 14 19  3  5 10 16 11]
np.random.permutation(males)[0:n_mar]
[ 4 10  9 21 15 14 11  6]
np.random.permutation(males)[0:n_mar]
[23  4 21 17  1  3  9 12]
np.random.permutation(males)[0:n_mar]
[18 21 22 23  3  9 16  0]
np.random.permutation(males)[0:n_mar]
[14  8 20 11  6  4  1  5]
np.random.permutation(males)[0:n_mar]
[20  3  8 10 17  1  6 23]
np.random.permutation(males)[0:n_mar]
[10 11  2 20  1 15 17 23]
np.random.permutation(males)[0:n_mar]
[10 16 23  4 12 22  5 21]
np.random.permutation(males)[0:n_mar]
[15  8  3  6  0 12 17 10]
np.random.permutation(males)[0:n_mar]
[23 22  3 12 13  0 11 19]
np.random.permutation(males)[0:n_mar]
[15  7 21  9  0 17 13 14]
np.random.permutation(males)[0:n_mar]
[ 2  7  4  9 16 11  1 14]
np.random.permutation(males)[0:n_mar]
[12  8 11 23 21 17  5  6]
np.random.permutation(males)[0:n_mar]
[10  0  2 13  7 11  9  5]
np.random.permutation(males)[0:n_mar]
[21  3  2 17 10 23 12 18]
np.random.permutation(males)[0:n_mar]
[ 7 18 10  8 12  2 16 22]
np.random.permutation(males)[0:n_mar]
[ 4 14  9 16  7 19 12 20]
np.random.permutation(males)[0:n_mar]
[23 11  1  5 13 18 22 10]
np.random.permutation(males)[0:n_mar]
[ 2 15 10 12 14  4  7  0]
np.random.permutation(males)[0:n_mar]
[11  9 15  5  7 16  2 14]
np.random.permutation(males)[0:n_mar]
[18 16 17 11 19 10 21  2]
np.random.permutation(males)[0:n_mar]
[18 15  1 20  6  8 22  4]
np.random.permutation(males)[0:n_mar]
[16 17  5 11 15  1  9 19]
np.random.permutation(males)[0:n_mar]
[ 7  0  3  1  6  8  2 15]
np.random.permutation(males)[0:n_mar]
[23 19 15  7  4 21 16  8]
np.random.permutation(males)[0:n_mar]
[23  9 18 12 20  3 14 13]
np.random.permutation(males)[0:n_mar]
[20  1 23 17  2  3 18  7]
np.random.permutation(males)[0:n_mar]
[ 4  8 14  0  5 21 13 17]
np.random.permutation(males)[0:n_mar]
[14 11  2 17 16 19 21  9]
np.random.permutation(males)[0:n_mar]
[10 22 14  7 16 12  3 13]
np.random.permutation(males)[0:n_mar]
[17  6  2 21  7 15 11  4]
np.random.permutation(males)[0:n_mar]
[ 2 23 16 20 22  7  8 14]
np.random.permutation(males)[0:n_mar]
[16 11 13 18  9 23 14  7]
np.random.permutation(males)[0:n_mar]
[ 4  0 17 19 13  9 14 16]
np.random.permutation(males)[0:n_mar]
[ 9 20 19  4 21 18  6 15]
np.random.permutation(males)[0:n_mar]
[ 5 10 17  8  4 14 16  0]
np.random.permutation(males)[0:n_mar]
[ 0 22  3  7 14 15 19 17]
np.random.permutation(males)[0:n_mar]
[15 13  9 10 14  2 19  8]
np.random.permutation(males)[0:n_mar]
[ 1 16  7 23  5  4  8  6]
np.random.permutation(males)[0:n_mar]
[ 7 11  0 17 21 23 16  8]
np.random.permutation(males)[0:n_mar]
[16 12 13 20  4  8  1 14]
np.random.permutation(males)[0:n_mar]
[ 3 22 12  7 16 11  1 14]
np.random.permutation(males)[0:n_mar]
[21 10 20  1  7 17 16 13]
np.random.permutation(males)[0:n_mar]
[ 1 17  4  5 20  9 16 21]
np.random.permutation(males)[0:n_mar]
[12 21 11  1  0 22 10  3]
np.random.permutation(males)[0:n_mar]
[23  5  9 17  8 18  1  0]
np.random.permutation(males)[0:n_mar]
[17 22 16 11  8  2  1 13]
np.random.permutation(males)[0:n_mar]
[ 3  4 11  9  7 18 22 20]
np.random.permutation(males)[0:n_mar]
[11  5  4 16 14 17 15  9]
np.random.permutation(males)[0:n_mar]
[20 22  6  9  8 10 16 13]
np.random.permutation(males)[0:n_mar]
[18 16  2 22 20 23 13 17]
np.random.permutation(males)[0:n_mar]
[ 9 17 18 13 20 15  6  0]
np.random.permutation(males)[0:n_mar]
[16  4 19  5  7  3 11 20]
np.random.permutation(males)[0:n_mar]
[22  9 19 14 13 18 10 23]
np.random.permutation(males)[0:n_mar]
[ 4  2 11 20 17 21 14  6]
np.random.permutation(males)[0:n_mar]
[ 0  4  1 13 23  6  3 15]
np.random.permutation(males)[0:n_mar]
[ 7 21  9  2 23 17 14 15]
np.random.permutation(males)[0:n_mar]
[ 5 10 11 18 16 23 12  7]
np.random.permutation(males)[0:n_mar]
[17 12  4  0 10  9 21  7]
np.random.permutation(males)[0:n_mar]
[ 2 17 18 11 22  1 23 12]
np.random.permutation(males)[0:n_mar]
[11 19 22  4  8 21 12  9]
np.random.permutation(males)[0:n_mar]
[ 3  4 18  2 12 19  0 11]
np.random.permutation(males)[0:n_mar]
[ 2  6  3 13 16  7 14 12]
np.random.permutation(males)[0:n_mar]
[ 8 20  1 19  3 14 17  4]
np.random.permutation(males)[0:n_mar]
[19 22 23  0 11  4  2  7]
np.random.permutation(males)[0:n_mar]
[10  7  9 14 20 19 12  2]
np.random.permutation(males)[0:n_mar]
[ 5 20 19 18  4 15 17 21]
np.random.permutation(males)[0:n_mar]
[ 2 15  3 22 11 20 13  1]
np.random.permutation(males)[0:n_mar]
[21  9 20 16 11  1  3  7]
np.random.permutation(males)[0:n_mar]
[ 0 21 11  4  1 23  6  9]
np.random.permutation(males)[0:n_mar]
[ 3  7 20  1  4 13  5 14]
np.random.permutation(males)[0:n_mar]
[ 6 12  9  4  0 23 20 17]
np.random.permutation(males)[0:n_mar]
[ 9  2  6 23 22  0  1  4]
np.random.permutation(males)[0:n_mar]
[ 1 20 17 13  2  9 12  7]
np.random.permutation(males)[0:n_mar]
[20  7 19 17 18  0  6  8]
np.random.permutation(males)[0:n_mar]
[23 21  7  6 19 22  0 11]
np.random.permutation(males)[0:n_mar]
[ 8 10 19 20  1  2  6  4]
np.random.permutation(males)[0:n_mar]
[14 22 13 16  0 12 15 11]
np.random.permutation(males)[0:n_mar]
[ 1 17 13 20  8  4 14  5]
np.random.permutation(males)[0:n_mar]
[15 21 23  4 11 19 22  3]
np.random.permutation(males)[0:n_mar]
[22 12 23  1  4 21 14 16]
np.random.permutation(males)[0:n_mar]
[ 6 15  0 22  2 23  4  1]
np.random.permutation(males)[0:n_mar]
[ 0 12 20  8  9 21 13  1]
np.random.permutation(males)[0:n_mar]
[23 15 12 19 14  5  1  9]
np.random.permutation(males)[0:n_mar]
[ 7 13 15 10  0  3 18 12]
np.random.permutation(males)[0:n_mar]
[16  9 11 12  7 10 13 22]
np.random.permutation(males)[0:n_mar]
[ 9 18  8  0 16  6 19 11]
np.random.permutation(males)[0:n_mar]
[ 9  5 13 12 16 18  6 22]
np.random.permutation(males)[0:n_mar]
[22  5 16 13  8  1 12  9]
np.random.permutation(males)[0:n_mar]
[20 17  9 16  4  7 23 10]
np.random.permutation(males)[0:n_mar]
[10  7  9 14 16 15 13  3]
np.random.permutation(males)[0:n_mar]
[ 1  0  8 21 10 19  2  7]
np.random.permutation(males)[0:n_mar]
[17 20 12 13 11 10  6 23]
np.random.permutation(males)[0:n_mar]
[20  1 11 18 15  4 13  8]
np.random.permutation(males)[0:n_mar]
[ 3 20 12 18 10 16  5  8]
np.random.permutation(males)[0:n_mar]
[ 8 11 10  3 18  7 16 17]
np.random.permutation(males)[0:n_mar]
[15  2  3  9 23 12 13  8]
np.random.permutation(males)[0:n_mar]
[11 23  6 17  7 16  5  8]
np.random.permutation(males)[0:n_mar]
[ 6 14  1  2 23 16 11 22]
np.random.permutation(males)[0:n_mar]
[ 8  5 18 20 13 23  2 14]
np.random.permutation(males)[0:n_mar]
[ 0 18  3  7 15  1  5  8]
np.random.permutation(males)[0:n_mar]
[14 11  5  9 19 18  7  4]
np.random.permutation(males)[0:n_mar]
[ 0  3 22  1  5 16 20 17]
np.random.permutation(males)[0:n_mar]
[22  3  8 13  4  7 21 15]
np.random.permutation(males)[0:n_mar]
[ 3 15 21  0 12 10  1  8]
np.random.permutation(males)[0:n_mar]
[14 11  1  5 13  0 10 16]
np.random.permutation(males)[0:n_mar]
[ 4 15 22 12 21  8 10  1]
np.random.permutation(males)[0:n_mar]
[ 1  6 16 20  5  2  4 12]
np.random.permutation(males)[0:n_mar]
[ 8  0  4 19 14  1 12  5]
np.random.permutation(males)[0:n_mar]
[ 6 20  0  3 11 12  7 23]
np.random.permutation(males)[0:n_mar]
[23  7 17  3 12  9  5  2]
np.random.permutation(males)[0:n_mar]
[ 0 21  2  6 17  1 13  5]
np.random.permutation(males)[0:n_mar]
[23 21 22 19  7  5 15  0]
np.random.permutation(males)[0:n_mar]
[ 7 11  3  6 18 16  0 15]
np.random.permutation(males)[0:n_mar]
[ 4  8 16  0 15 12  2 22]
np.random.permutation(males)[0:n_mar]
[19 15  9  5 23  0 22 20]
np.random.permutation(males)[0:n_mar]
[23  8 14  0  7 17  6 19]
np.random.permutation(males)[0:n_mar]
[ 2  6  7 22  9  5 15 13]
np.random.permutation(males)[0:n_mar]
[ 1  2 10  9 17  7  6 18]
np.random.permutation(males)[0:n_mar]
[15  6 20  8 13 19 12 22]
np.random.permutation(males)[0:n_mar]
[ 9 22 18 16  2 11 12  6]
np.random.permutation(males)[0:n_mar]
[ 1 11 16  9  5 23 18  2]
np.random.permutation(males)[0:n_mar]
[15 19 14 10  1 21  5  9]
np.random.permutation(males)[0:n_mar]
[12 13 11  7 10 14 16  3]
np.random.permutation(males)[0:n_mar]
[22 11 21 14  5  6 12  9]
np.random.permutation(males)[0:n_mar]
[16 13 17  4 22 14  6 12]
np.random.permutation(males)[0:n_mar]
[10 18 21 12 11 13  5 15]
np.random.permutation(males)[0:n_mar]
[ 2  8  3 17 23 21 18  0]
np.random.permutation(males)[0:n_mar]
[ 2 11 18 21 22 12 19  0]
np.random.permutation(males)[0:n_mar]
[ 5  7 23  9 15  3  1 17]
np.random.permutation(males)[0:n_mar]
[14  5 12 20 18 15  3 16]
np.random.permutation(males)[0:n_mar]
[10  9  6 18 17 19 11 20]
np.random.permutation(males)[0:n_mar]
[10 14  6 13  1  2  0  3]
np.random.permutation(males)[0:n_mar]
[15  1 14 22 17  7  3 10]
np.random.permutation(males)[0:n_mar]
[20 15  7 18 13 10  5  2]
np.random.permutation(males)[0:n_mar]
[ 6 11 19  2  1 15 22  3]
np.random.permutation(males)[0:n_mar]
[17  2 16 22 20  6  1  4]
np.random.permutation(males)[0:n_mar]
[16 21  7 13  1 14  0  5]
np.random.permutation(males)[0:n_mar]
[18 16 13 15 14 12  6 10]
np.random.permutation(males)[0:n_mar]
[11  8  9 18  0 23  6  5]
np.random.permutation(males)[0:n_mar]
[ 9 23 16  2 19 10  1  4]
np.random.permutation(males)[0:n_mar]
[16  2  8 14  0 19 12  4]
np.random.permutation(males)[0:n_mar]
[19  0 11 21  1 20  5 10]
np.random.permutation(males)[0:n_mar]
[14  5  0 16  2 10 17 13]
np.random.permutation(males)[0:n_mar]
[ 5  4 20  0 11 19 23  3]
np.random.permutation(males)[0:n_mar]
[ 7  9 15  1 12 11  5 20]
np.random.permutation(males)[0:n_mar]
[23 16 18  5 11 21  9 13]
np.random.permutation(males)[0:n_mar]
[22 13 12 10  7 20  2  0]
np.random.permutation(males)[0:n_mar]
[17  7 20 10  4 11  1  2]
np.random.permutation(males)[0:n_mar]
[ 1 17 11 18  2 16 22  4]
np.random.permutation(males)[0:n_mar]
[ 5  6 18  2 21 22 19  0]
np.random.permutation(males)[0:n_mar]
[15 10 13 12 20 17  0 22]
np.random.permutation(males)[0:n_mar]
[21 12  0  7 18 14 10  5]
np.random.permutation(males)[0:n_mar]
[19 11 13 21 23 16  5  6]
np.random.permutation(males)[0:n_mar]
[17 13  5 18  7 19  0 21]
np.random.permutation(males)[0:n_mar]
[19  5  8  7 14 16 20 23]
np.random.permutation(males)[0:n_mar]
[ 9 19 21 12  4  2 16 22]
np.random.permutation(males)[0:n_mar]
[ 0 23 13  7  3 22  4  8]
np.random.permutation(males)[0:n_mar]
[23 13  3 14  6 10 12  9]
np.random.permutation(males)[0:n_mar]
[ 6  7 12  8  0 15 14  3]
np.random.permutation(males)[0:n_mar]
[15  3 10  1 20 16 14 12]
np.random.permutation(males)[0:n_mar]
[ 6 21 19 20 18 10  1 13]
np.random.permutation(males)[0:n_mar]
[ 5 15  3  4 12  0  8 22]
np.random.permutation(males)[0:n_mar]
[11  7 21  9 18  2 13  0]
np.random.permutation(males)[0:n_mar]
[ 6  3  9  1  4  8  2 22]
np.random.permutation(males)[0:n_mar]
[18 23  5  0 21  6 11 19]
np.random.permutation(males)[0:n_mar]
[ 2 14 12 20  8  5 13 18]
np.random.permutation(males)[0:n_mar]
[ 9  2  6 23  7 16  8 14]
np.random.permutation(males)[0:n_mar]
[21  5 13 12 14  9 15 23]
np.random.permutation(males)[0:n_mar]
[15 23 10  1 21 19  2 20]
np.random.permutation(males)[0:n_mar]
[17 22 15 14 20  6 12 19]
np.random.permutation(males)[0:n_mar]
[14  1  9 19 10  8 20 17]
np.random.permutation(males)[0:n_mar]
[20  8  6  7  5  9 16 15]
np.random.permutation(males)[0:n_mar]
[16  1  6 10 20 19  9  5]
np.random.permutation(males)[0:n_mar]
[18 11 12  1 23  2 15  6]
np.random.permutation(males)[0:n_mar]
[18  2 11  3 19  7 20  5]
np.random.permutation(males)[0:n_mar]
[14 23  1 11 17  3  8 22]
np.random.permutation(males)[0:n_mar]
[ 7 23  9 12 19 22 14 18]
np.random.permutation(males)[0:n_mar]
[15 17 12 16 23 19  1 11]
np.random.permutation(males)[0:n_mar]
[ 8 22 19  4 21 18  0  3]
np.random.permutation(males)[0:n_mar]
[12 10 23 18  9 22  8  1]
np.random.permutation(males)[0:n_mar]
[13 21 12 15 22 17  5 23]
np.random.permutation(males)[0:n_mar]
[ 6 12 22  9 14 13  4  8]
np.random.permutation(males)[0:n_mar]
[16 12 11 13 20 22  1 10]
np.random.permutation(males)[0:n_mar]
[ 6 23  0 10 18 16 19 13]
np.random.permutation(males)[0:n_mar]
[20 19 16 12  7  5  0 11]
np.random.permutation(males)[0:n_mar]
[13  8  0  9  7 20 22  5]
np.random.permutation(males)[0:n_mar]
[ 6  7  5 15  2 20  8 11]
np.random.permutation(males)[0:n_mar]
[ 4 12 19  3 21  6  0 10]
np.random.permutation(males)[0:n_mar]
[22 23  8 20  2 11 16 15]
np.random.permutation(males)[0:n_mar]
[15  8  5  7  9 21 10  1]
np.random.permutation(males)[0:n_mar]
[ 2 16 12 13  8 17 14  1]
np.random.permutation(males)[0:n_mar]
[ 4 19 16 23 13 12 14  8]
np.random.permutation(males)[0:n_mar]
[16 10 18  7  8  3 22 14]
np.random.permutation(males)[0:n_mar]
[ 9 14  3 10 23  8  2 19]
np.random.permutation(males)[0:n_mar]
[14  8  5 17  9  2  0 20]
np.random.permutation(males)[0:n_mar]
[13 12  9  3 16 23  4 15]
np.random.permutation(males)[0:n_mar]
[ 9 20  8 18 13 21 14  0]
np.random.permutation(males)[0:n_mar]
[17  8  9 23  3 14 10  6]
np.random.permutation(males)[0:n_mar]
[12  6 17  8  9 23 20 18]
np.random.permutation(males)[0:n_mar]
[13  7  4  0 12  1 10 23]
np.random.permutation(males)[0:n_mar]
[ 7 11 20  1  9 12 16  3]
np.random.permutation(males)[0:n_mar]
[23 10  7 16 14 19 17 13]
np.random.permutation(males)[0:n_mar]
[19 16 10  2  8 14 21 17]
np.random.permutation(males)[0:n_mar]
[11 10 21  7 12 19  9 15]
np.random.permutation(males)[0:n_mar]
[12  9 15 10 17  2 18 21]
np.random.permutation(males)[0:n_mar]
[14  3  5 17 20 10  6 15]
np.random.permutation(males)[0:n_mar]
[22 15 20 17  5 19 14  2]
np.random.permutation(males)[0:n_mar]
[17 13  8 14  3 19 10 20]
np.random.permutation(males)[0:n_mar]
[16 20 18  5 23 14  9 12]
np.random.permutation(males)[0:n_mar]
[ 9 22 19  8 13 15  0 23]
np.random.permutation(males)[0:n_mar]
[ 9 20  5 18  6  2 13  7]
np.random.permutation(males)[0:n_mar]
[14  6 16 18  8  1  4 21]
np.random.permutation(males)[0:n_mar]
[21  3  0  6  4 11 17 13]
np.random.permutation(males)[0:n_mar]
[18 15  4  2  0 20  3 14]
np.random.permutation(males)[0:n_mar]
[ 3  0 13  6 21  7  2 18]
np.random.permutation(males)[0:n_mar]
[ 3  7 10 20  5  1  2  4]
np.random.permutation(males)[0:n_mar]
[12  1 15  8  7 20  2  3]
np.random.permutation(males)[0:n_mar]
[23  8  9 17 13 20 10  7]
np.random.permutation(males)[0:n_mar]
[ 0  8 12 11 15  1  4 23]
np.random.permutation(males)[0:n_mar]
[16  5 22 13  1  4  8 23]
np.random.permutation(males)[0:n_mar]
[ 3 22  9 17  2 19  6 10]
np.random.permutation(males)[0:n_mar]
[18  9  4 22  3 19 15 23]
np.random.permutation(males)[0:n_mar]
[15  4  6  9  5 14 23 13]
np.random.permutation(males)[0:n_mar]
[13  2 14  0  6  7 12 15]
np.random.permutation(males)[0:n_mar]
[ 8 14  3  6 23 18 10  0]
np.random.permutation(males)[0:n_mar]
[16 11 23 18 14 12  3 13]
np.random.permutation(males)[0:n_mar]
[ 4  0 20  2 11  9 18 13]
np.random.permutation(males)[0:n_mar]
[ 5 11 14  1 17  7 18 15]
np.random.permutation(males)[0:n_mar]
[14 21 18  0  2 12 15  3]
np.random.permutation(males)[0:n_mar]
[13  5  8  4 12  6  7  9]
np.random.permutation(males)[0:n_mar]
[10  2 16  9 19  4 21 22]
np.random.permutation(males)[0:n_mar]
[16 10 12  1  5  6  4 14]
np.random.permutation(males)[0:n_mar]
[15 12  8  9  3 19 23  1]
np.random.permutation(males)[0:n_mar]
[13 21  1  5 17  0 14 20]
np.random.permutation(males)[0:n_mar]
[ 1  9 20  3 18  2  8  5]
np.random.permutation(males)[0:n_mar]
[11 21 19 14  6 20  9 17]
np.random.permutation(males)[0:n_mar]
[12 19  1 15 14 11  9 13]
np.random.permutation(males)[0:n_mar]
[20 19  7  6 15 17 23  8]
np.random.permutation(males)[0:n_mar]
[12 17  1 22  8 21  4  0]
np.random.permutation(males)[0:n_mar]
[10  9 15 12  2 16 11 19]
np.random.permutation(males)[0:n_mar]
[ 2 15 22  7 16 18 20  5]
np.random.permutation(males)[0:n_mar]
[ 0 18 19  5 13 20  7 22]
np.random.permutation(males)[0:n_mar]
[19  1  0 21 16 13  7 22]
np.random.permutation(males)[0:n_mar]
[20 10  7  2  9 13 21  3]
np.random.permutation(males)[0:n_mar]
[13  6  7  2 21 23  1 17]
np.random.permutation(males)[0:n_mar]
[13 16  0 18 22 21  1  4]
np.random.permutation(males)[0:n_mar]
[15 23 22  2  0  6 20 11]
np.random.permutation(males)[0:n_mar]
[ 6 18 13 16  9  1  0 12]
np.random.permutation(males)[0:n_mar]
[ 3  4 19 16 21  2  7 20]
np.random.permutation(males)[0:n_mar]
[19 20  4 18 16  9 21  1]
np.random.permutation(males)[0:n_mar]
[ 3 22  9 15 18 19 14 17]
np.random.permutation(males)[0:n_mar]
[16  2 23  7  3 11 20 22]
np.random.permutation(males)[0:n_mar]
[ 3 14 13  9 20 15  1  0]
np.random.permutation(males)[0:n_mar]
[ 4 18  7  1 16  5 10 22]
np.random.permutation(males)[0:n_mar]
[15  8 14 23 12  9  0  1]
np.random.permutation(males)[0:n_mar]
[19 22 23  5 13 11  7  0]
np.random.permutation(males)[0:n_mar]
[ 9 10  0  2 19 12 22 16]
np.random.permutation(males)[0:n_mar]
[22 18  5 12 21 19 20  3]
np.random.permutation(males)[0:n_mar]
[19 11 18 17  9 12 21  8]
np.random.permutation(males)[0:n_mar]
[16 19  5 12  8 13 21 23]
np.random.permutation(males)[0:n_mar]
[19 14  5  2 12 20  4 18]
np.random.permutation(males)[0:n_mar]
[10 16  0  3 19 12  6  8]
np.random.permutation(males)[0:n_mar]
[16 20 11 13  8  9  4  3]
np.random.permutation(males)[0:n_mar]
[11 13  5 10 23 16  7 19]
np.random.permutation(males)[0:n_mar]
[14 19 21 20  6 22 10 15]
np.random.permutation(males)[0:n_mar]
[21  7 16 19  4 12  5  8]
np.random.permutation(males)[0:n_mar]
[ 3 15 22  1  2 12  7  8]
np.random.permutation(males)[0:n_mar]
[14 17 13 21  8 15  0  1]
np.random.permutation(males)[0:n_mar]
[15 20 13  6  7  2 14 17]
np.random.permutation(males)[0:n_mar]
[12  6 13  5  4  8 20  3]
np.random.permutation(males)[0:n_mar]
[20 12  6 11 17 14  8 18]
np.random.permutation(males)[0:n_mar]
[16 13 23 21 11 20 15 10]
np.random.permutation(males)[0:n_mar]
[13 22 20 16  8  7  1 14]
np.random.permutation(males)[0:n_mar]
[19  0 11 13 15 16  7 14]
np.random.permutation(males)[0:n_mar]
[15  1 11 16  3 10 23  4]
np.random.permutation(males)[0:n_mar]
[11 19  8  3 12 14  0 23]
np.random.permutation(males)[0:n_mar]
[12 14  9 18  6 11 16 19]
np.random.permutation(males)[0:n_mar]
[11  0 21 22 19 16 18  6]
np.random.permutation(males)[0:n_mar]
[ 5 20 18  9 23 10 21 17]
np.random.permutation(males)[0:n_mar]
[10  6 22 18  5  2  1 17]
np.random.permutation(males)[0:n_mar]
[ 4  6 12  2  1 21 10  7]
np.random.permutation(males)[0:n_mar]
[14  6  1 11 20  4 23 15]
np.random.permutation(males)[0:n_mar]
[10 20  8 23 14 12 22  3]
np.random.permutation(males)[0:n_mar]
[ 9 10  3 18 21  2 13  1]
np.random.permutation(males)[0:n_mar]
[ 8 23  3 18 16 14 20 15]
np.random.permutation(males)[0:n_mar]
[13 18  0  1  2 15 11  3]
np.random.permutation(males)[0:n_mar]
[12  9  5 13 16 10 21  3]
np.random.permutation(males)[0:n_mar]
[ 4 21 11  1 18  6 16  3]
np.random.permutation(males)[0:n_mar]
[ 4  9 19  3  6 16 14  1]
np.random.permutation(males)[0:n_mar]
[20 22 18  9  4 16 14  1]
np.random.permutation(males)[0:n_mar]
[ 8 19 15 16  4 20 10 14]
np.random.permutation(males)[0:n_mar]
[23 22 13 18 10  6  3  5]
np.random.permutation(males)[0:n_mar]
[ 7  6 16 17  1  5 15 18]
np.random.permutation(males)[0:n_mar]
[22  5 10 15 13  6 11 12]
np.random.permutation(males)[0:n_mar]
[18  3 21  8 15 14  2  7]
np.random.permutation(males)[0:n_mar]
[20 17 11  3 13  7  9 12]
np.random.permutation(males)[0:n_mar]
[15 22  6 18  1 13  8  9]
np.random.permutation(males)[0:n_mar]
[13  3 14 16 21  0  1  2]
np.random.permutation(males)[0:n_mar]
[ 8 20 16 19  9  3 22  5]
np.random.permutation(males)[0:n_mar]
[15 14  7 16 11  6  1 22]
np.random.permutation(males)[0:n_mar]
[ 2  9  1  4 15 17 20  7]
np.random.permutation(males)[0:n_mar]
[14  4 13  0  1  9 12 15]
np.random.permutation(males)[0:n_mar]
[ 0 17  3 11  4 14  8 22]
np.random.permutation(males)[0:n_mar]
[ 7 14  4 18  2 23 15 17]
np.random.permutation(males)[0:n_mar]
[22 21  6  4 15  3 19  5]
np.random.permutation(males)[0:n_mar]
[14  2  7 13  1 10  5 18]
np.random.permutation(males)[0:n_mar]
[17 10 13  3  5 15  4 19]
np.random.permutation(males)[0:n_mar]
[12  1  8 11  9 13  2  4]
np.random.permutation(males)[0:n_mar]
[ 8 18  3 20 13 14 22  9]
np.random.permutation(males)[0:n_mar]
[ 4 18 10  3 23 19  9  7]
np.random.permutation(males)[0:n_mar]
[16 18 20 17  4  7 22 12]
np.random.permutation(males)[0:n_mar]
[ 8 16 15  6 21  9  2 23]
np.random.permutation(males)[0:n_mar]
[ 9  6 13  8  4 19 23 21]
np.random.permutation(males)[0:n_mar]
[11 12 18 23  4 13  6 19]
np.random.permutation(males)[0:n_mar]
[ 6  8 17  2 13  7 20  5]
np.random.permutation(males)[0:n_mar]
[ 1 14 22 11 13  3 17  9]
np.random.permutation(males)[0:n_mar]
[23 14  0  2  8  5 10 11]
np.random.permutation(males)[0:n_mar]
[21 15 12 23  4 10 22 18]
np.random.permutation(males)[0:n_mar]
[ 5 18 19 17 20 11 12  2]
np.random.permutation(males)[0:n_mar]
[17 22 14 13 15 23  7  2]
np.random.permutation(males)[0:n_mar]
[10  6  1  3 19  4  7 23]
np.random.permutation(males)[0:n_mar]
[13 16 17 23 12  2  6 19]
np.random.permutation(males)[0:n_mar]
[20  9  0 10 22  1 18 17]
np.random.permutation(males)[0:n_mar]
[ 5 23  7  1 13 22 14 16]
np.random.permutation(males)[0:n_mar]
[18  1 13  5  0  2 22  4]
np.random.permutation(males)[0:n_mar]
[11 22 13  4 18 15  2  7]
np.random.permutation(males)[0:n_mar]
[10 17 13 18  4  6 16  8]
np.random.permutation(males)[0:n_mar]
[ 0  5  8 23 21 13 18  3]
np.random.permutation(males)[0:n_mar]
[ 5  7  8 12 20  2 13 22]
np.random.permutation(males)[0:n_mar]
[23  1 10 13  6 20  0 16]
np.random.permutation(males)[0:n_mar]
[11 17  0  5 18 19 20 23]
np.random.permutation(males)[0:n_mar]
[15  4  5  8  3  1 22 20]
np.random.permutation(males)[0:n_mar]
[ 8 18 19 14 21  3 10  6]
np.random.permutation(males)[0:n_mar]
[ 9 23 18  6 15  1 16 20]
np.random.permutation(males)[0:n_mar]
[20  1  9 18  0 13 15  4]
np.random.permutation(males)[0:n_mar]
[16  6 18  7 23 12 15 22]
np.random.permutation(males)[0:n_mar]
[10 11 16  4  5 15  0 22]
np.random.permutation(males)[0:n_mar]
[23 12 19  7  8 20 11  1]
np.random.permutation(males)[0:n_mar]
[17 14  0  2 23 22 20  7]
np.random.permutation(males)[0:n_mar]
[ 8 11 18  1  5 12 21 15]
np.random.permutation(males)[0:n_mar]
[14 23 12 16 21 11  5  8]
np.random.permutation(males)[0:n_mar]
[14  1 12  5 17 11  7  0]
np.random.permutation(males)[0:n_mar]
[ 7  4 16  6 12 10 19  5]
np.random.permutation(males)[0:n_mar]
[10 23  9  6  3  2  5  7]
np.random.permutation(males)[0:n_mar]
[ 3  9 22  5 11  8 19  1]
np.random.permutation(males)[0:n_mar]
[12 19 18 13  2  1 20  5]
np.random.permutation(males)[0:n_mar]
[ 2  1 10 16 22 13 23 20]
np.random.permutation(males)[0:n_mar]
[18 21 11  7  2 14 17 19]
np.random.permutation(males)[0:n_mar]
[ 8  0  2 10 16 11 21 13]
np.random.permutation(males)[0:n_mar]
[16  1 22  4  6  5  8 10]
np.random.permutation(males)[0:n_mar]
[13  7 17  5 10 19 23 16]
np.random.permutation(males)[0:n_mar]
[ 4  2  6 23  8 22  5 13]
np.random.permutation(males)[0:n_mar]
[20 22  2  6  0 23 12  9]
np.random.permutation(males)[0:n_mar]
[16  8 14 19 10  2 15 21]
np.random.permutation(males)[0:n_mar]
[ 6  3  5 11 13 22  0 15]
np.random.permutation(males)[0:n_mar]
[ 0 23  5  6  4 22  7 20]
np.random.permutation(males)[0:n_mar]
[ 7  9  1 16 22 23 15  6]
np.random.permutation(males)[0:n_mar]
[23 20  5  1  0 16 22 11]
np.random.permutation(males)[0:n_mar]
[16 18 10 22 19 13  1 15]
np.random.permutation(males)[0:n_mar]
[ 3 11  0  4  9 20 12 16]
np.random.permutation(males)[0:n_mar]
[ 3  4  8 17 16 14 22  9]
np.random.permutation(males)[0:n_mar]
[23  4  5 11 18 13  0 14]
np.random.permutation(males)[0:n_mar]
[ 6 12  2 13 22  4 20 14]
np.random.permutation(males)[0:n_mar]
[ 5  9 13  2  4 14 12  0]
np.random.permutation(males)[0:n_mar]
[19  3 23 13 14  9 16 12]
np.random.permutation(males)[0:n_mar]
[ 8  5 13  0 10 11 20  4]
np.random.permutation(males)[0:n_mar]
[13 23  8 16 20 22  9  3]
np.random.permutation(males)[0:n_mar]
[17  6 11 10 23 12  0 15]
np.random.permutation(males)[0:n_mar]
[13 16 19 18  8 17  4 15]
np.random.permutation(males)[0:n_mar]
[18 15 23  2  3 17 22  8]
np.random.permutation(males)[0:n_mar]
[ 1  4 14 13 18  3  6 23]
np.random.permutation(males)[0:n_mar]
[ 9  5  0 23  4  2 14 12]
np.random.permutation(males)[0:n_mar]
[ 3  0 13 22 17  8  5 12]
np.random.permutation(males)[0:n_mar]
[21  1 18  8 10 13 12 16]
np.random.permutation(males)[0:n_mar]
[ 4 11 23 16 22  5  0  7]
np.random.permutation(males)[0:n_mar]
[17 15  4  1 22 10  2 19]
np.random.permutation(males)[0:n_mar]
[ 9 23 12  4 21  3  0  2]
np.random.permutation(males)[0:n_mar]
[19 17  3 22  4 15 12 16]
np.random.permutation(males)[0:n_mar]
[11  8 16  1 20 10  2 19]
np.random.permutation(males)[0:n_mar]
[ 2 16  9 20 18 17 12  5]
np.random.permutation(males)[0:n_mar]
[ 7 11 16 21  3 18 12  5]
np.random.permutation(males)[0:n_mar]
[14  8 10 17  9  7 23 18]
np.random.permutation(males)[0:n_mar]
[ 1  2 20 14 10 15  6 16]
np.random.permutation(males)[0:n_mar]
[23  6 12  7  5 20 16 13]
np.random.permutation(males)[0:n_mar]
[ 1 18 17 20 16 10  2  9]
np.random.permutation(males)[0:n_mar]
[16 11  4  2 23 12  3 17]
np.random.permutation(males)[0:n_mar]
[ 8 19  3 17 21 13 20 23]
np.random.permutation(males)[0:n_mar]
[ 1 12  5  9 11  8  4 21]
np.random.permutation(males)[0:n_mar]
[ 5 22 12  9  4 14 23  0]
np.random.permutation(males)[0:n_mar]
[ 8  5 22 13 10  3 23 16]
np.random.permutation(males)[0:n_mar]
[19 10  9 18 17  0  4  3]
np.random.permutation(males)[0:n_mar]
[ 8 11 10 21  6  9 18  7]
np.random.permutation(males)[0:n_mar]
[ 9  8 14 15 10 16 12 21]
np.random.permutation(males)[0:n_mar]
[20 19  7 10 23  9 21 15]
np.random.permutation(males)[0:n_mar]
[13 11 14  0 18  8 21 22]
np.random.permutation(males)[0:n_mar]
[12  9 13  8  1 19 16  0]
np.random.permutation(males)[0:n_mar]
[ 1  5 15 16 22 18 20  7]
np.random.permutation(males)[0:n_mar]
[ 8  2 13 15 17  6 18 21]
np.random.permutation(males)[0:n_mar]
[15 13  2 11 18 19  3  5]
np.random.permutation(males)[0:n_mar]
[14 12  3  4 22 20 10  2]
np.random.permutation(males)[0:n_mar]
[12 18 21 14  6 22 13 20]
np.random.permutation(males)[0:n_mar]
[18  4  8 13 22 14  0  6]
np.random.permutation(males)[0:n_mar]
[14  5 19 15 13  2  3  7]
np.random.permutation(males)[0:n_mar]
[23  0 15 18  1 13  5  8]
np.random.permutation(males)[0:n_mar]
[10  9  1  2  5 18 17 23]
np.random.permutation(males)[0:n_mar]
[ 9 12 16  5  7 13 10 20]
np.random.permutation(males)[0:n_mar]
[ 4 18 21  6 15 20 14  2]
np.random.permutation(males)[0:n_mar]
[19 12 15  8  1 22 18 10]
np.random.permutation(males)[0:n_mar]
[13 14 21  4  9 20 18  0]
np.random.permutation(males)[0:n_mar]
[ 8 16  9  5 19 20 10 17]
np.random.permutation(males)[0:n_mar]
[ 4  2 23 12 22 13 18 10]
np.random.permutation(males)[0:n_mar]
[ 5  3  9 16 14 10 17  0]
np.random.permutation(males)[0:n_mar]
[ 8 11 15  0  2 10 21 19]
np.random.permutation(males)[0:n_mar]
[19  7  8  5 20 23  0 18]
np.random.permutation(males)[0:n_mar]
[14 20 23  2  7 16  8 10]
np.random.permutation(males)[0:n_mar]
[ 5  7 20  3 15  0  9  4]
np.random.permutation(males)[0:n_mar]
[12  1  2 22  7 23 18 11]
np.random.permutation(males)[0:n_mar]
[ 8  7  2 10  5  4  3  9]
np.random.permutation(males)[0:n_mar]
[18 19  2  7  8  6 22 10]
np.random.permutation(males)[0:n_mar]
[ 7 22  8  1 19 17 15 23]
np.random.permutation(males)[0:n_mar]
[ 3  0 16  1 15 12 11  6]
np.random.permutation(males)[0:n_mar]
[23 17 16 13  3 20 14 11]
np.random.permutation(males)[0:n_mar]
[ 5  3  6  2  8 11 13  1]
np.random.permutation(males)[0:n_mar]
[13  5  1 21 17  7  6 16]
np.random.permutation(males)[0:n_mar]
[17  2  6 22 19  1 14 23]
np.random.permutation(males)[0:n_mar]
[21  4  2 17 15 23  7  1]
np.random.permutation(males)[0:n_mar]
[20  0 15  8 16  1 22 10]
np.random.permutation(males)[0:n_mar]
[18  4 17 12 14  1  6  7]
np.random.permutation(males)[0:n_mar]
[ 4  5  9 14 17  6  0 18]
np.random.permutation(males)[0:n_mar]
[14 22 11 20 17  0 16  2]
np.random.permutation(males)[0:n_mar]
[ 4  2 16 23 19 12  5  0]
np.random.permutation(males)[0:n_mar]
[13 15 17  4 14 18  8  6]
np.random.permutation(males)[0:n_mar]
[11  6  9 22  5 14 13 17]
np.random.permutation(males)[0:n_mar]
[ 2 15 19 18  5 20 17  9]
np.random.permutation(males)[0:n_mar]
[ 3  6  9 11  8 15  5 23]
np.random.permutation(males)[0:n_mar]
[12 17  8  5  9  0 19 20]
np.random.permutation(males)[0:n_mar]
[ 4  5 20  9 12 14  0 17]
np.random.permutation(males)[0:n_mar]
[12 20 19  4  2 14  5 22]
np.random.permutation(males)[0:n_mar]
[14 21 10 18 17 23 13 19]
np.random.permutation(males)[0:n_mar]
[15  7 16  3  9 10 17 13]
np.random.permutation(males)[0:n_mar]
[19  5 10 11 13  6  2 18]
np.random.permutation(males)[0:n_mar]
[ 7  8 17  6 12 15  9  0]
np.random.permutation(males)[0:n_mar]
[ 7 18 19  0 12 17  1  3]
np.random.permutation(males)[0:n_mar]
[ 8  1  3 20 15 13 18 11]
np.random.permutation(males)[0:n_mar]
[13  8  2 17  6 14  0  3]
np.random.permutation(males)[0:n_mar]
[22  6 14  1 11  2  5  8]
np.random.permutation(males)[0:n_mar]
[11 19  0  1 10  2  7  5]
np.random.permutation(males)[0:n_mar]
[22 13  3  5 16 20 18 12]
np.random.permutation(males)[0:n_mar]
[ 9  4  3 18 10 14  7 13]
np.random.permutation(males)[0:n_mar]
[16 18  9 17  2  6 15 21]
np.random.permutation(males)[0:n_mar]
[12 16 14  3  4  8  2  5]
np.random.permutation(males)[0:n_mar]
[16  9  0 11 18 14 19 15]
np.random.permutation(males)[0:n_mar]
[13 17 16  0  1 10  8 22]
np.random.permutation(males)[0:n_mar]
[23  6 20  1 12 18  0 15]
np.random.permutation(males)[0:n_mar]
[15  3 17 23 10 21  1  6]
np.random.permutation(males)[0:n_mar]
[ 9 20 23  5 14  3 16 18]
np.random.permutation(males)[0:n_mar]
[ 4 16 14 23  2  3 20 15]
np.random.permutation(males)[0:n_mar]
[ 7 11 21  2  9 17  5  4]
np.random.permutation(males)[0:n_mar]
[19  2 21 20  5  0  9 16]
np.random.permutation(males)[0:n_mar]
[15 16  0 17 23 12 20  6]
np.random.permutation(males)[0:n_mar]
[ 6  5 23 16 11  7 15 17]
np.random.permutation(males)[0:n_mar]
[15  4  9 14 22 19  8  7]
np.random.permutation(males)[0:n_mar]
[12 18  5  9  4 10  1 22]
np.random.permutation(males)[0:n_mar]
[20 15  8 17  7 21 13  3]
np.random.permutation(males)[0:n_mar]
[16  2  1  7  3 13  8 12]
np.random.permutation(males)[0:n_mar]
[ 3 18  4  6 17 21 13 11]
np.random.permutation(males)[0:n_mar]
[19  8 15 11 17 21  9  3]
np.random.permutation(males)[0:n_mar]
[18 22  9 19  3 15 12 23]
np.random.permutation(males)[0:n_mar]
[10 20 14 19 16  1  4 21]
np.random.permutation(males)[0:n_mar]
[ 1 16 15 23 20 18  8  0]
np.random.permutation(males)[0:n_mar]
[ 8 19  3  2 11  6  4 15]
np.random.permutation(males)[0:n_mar]
[ 7  1 21 17  4 22  9 19]
np.random.permutation(males)[0:n_mar]
[ 1 12 23 10 22 19 17 13]
np.random.permutation(males)[0:n_mar]
[ 6 17  2 12  3 15 19 11]
np.random.permutation(males)[0:n_mar]
[ 6 17  1 12 14 10  8  3]
np.random.permutation(males)[0:n_mar]
[18  8 23 15  4  7 10  9]
np.random.permutation(males)[0:n_mar]
[ 8 17 16 23 20  7  2 14]
np.random.permutation(males)[0:n_mar]
[ 1 15 10 19 14  5  0  7]
np.random.permutation(males)[0:n_mar]
[16  8 13  1 21 18  7  2]
np.random.permutation(males)[0:n_mar]
[11 21 10 12 20  9  7 19]
np.random.permutation(males)[0:n_mar]
[16 11 23 20  1 15  3 13]
np.random.permutation(males)[0:n_mar]
[ 7  6  8 16 22 12 13  2]
np.random.permutation(males)[0:n_mar]
[ 5  8  4  7 23 18 17 13]
np.random.permutation(males)[0:n_mar]
[ 5  3  4  7 10 12  0 22]
np.random.permutation(males)[0:n_mar]
[16 15 14  2 10 11  7  5]
np.random.permutation(males)[0:n_mar]
[10  0  1 19  3  2 11 14]
np.random.permutation(males)[0:n_mar]
[ 9  2 10 16 20  3 18 21]
np.random.permutation(males)[0:n_mar]
[16  2 23  6  1 18  4  3]
np.random.permutation(males)[0:n_mar]
[21 13 23  7  8 11 15  2]
np.random.permutation(males)[0:n_mar]
[ 0  8  5  1  3 11 18 10]
np.random.permutation(males)[0:n_mar]
[12 23 20  2 11  9 18  7]
np.random.permutation(males)[0:n_mar]
[14  8 19 10  1 21 22  0]
np.random.permutation(males)[0:n_mar]
[16 19 18 15  5 17  6 21]
np.random.permutation(males)[0:n_mar]
[17 18 16 14  5 12  6 15]
np.random.permutation(males)[0:n_mar]
[23 17 13  9 16  8  5 10]
np.random.permutation(males)[0:n_mar]
[ 5 15  8 22  6 13 18 14]
np.random.permutation(males)[0:n_mar]
[16  3  5  2 14  0 19 11]
np.random.permutation(males)[0:n_mar]
[ 2 11 21 15  8 18  5  1]
np.random.permutation(males)[0:n_mar]
[ 9 16 22  1 21  3 23 19]
np.random.permutation(males)[0:n_mar]
[23  7 16 19  3 20 15  2]
np.random.permutation(males)[0:n_mar]
[ 3 10 20  0  8 16  2 17]
np.random.permutation(males)[0:n_mar]
[ 3 23 16 13 14 22 20  5]
np.random.permutation(males)[0:n_mar]
[ 3  6  0  5  1 11  2 14]
np.random.permutation(males)[0:n_mar]
[ 2 18  8  5 17 21 16  6]
np.random.permutation(males)[0:n_mar]
[18  9  1  3 10 16 21  6]
np.random.permutation(males)[0:n_mar]
[14 17 19 18  4  9 23  2]
np.random.permutation(males)[0:n_mar]
[ 1  4 22 19 12  6 11 20]
np.random.permutation(males)[0:n_mar]
[13 10 15 21  6  2 22  4]
np.random.permutation(males)[0:n_mar]
[12 11  0 15  8  7 18  6]
np.random.permutation(males)[0:n_mar]
[ 8 18 14 20 12 19  5 15]
np.random.permutation(males)[0:n_mar]
[16  7  0  8  3  1 13 21]
np.random.permutation(males)[0:n_mar]
[20  6  4  9 16  3 23 12]
np.random.permutation(males)[0:n_mar]
[14 19 22  0 13 23 21  7]
np.random.permutation(males)[0:n_mar]
[17  1 10  0 21  7  5  6]
np.random.permutation(males)[0:n_mar]
[ 9 17 15  8 22  1  5 10]
np.random.permutation(males)[0:n_mar]
[20 23 10  8  5 11 22  9]
np.random.permutation(males)[0:n_mar]
[23  9 18 19 12 21 20  0]
np.random.permutation(males)[0:n_mar]
[ 1 17  7 22 14 20  8  2]
np.random.permutation(males)[0:n_mar]
[ 2  8  7 10 20 12 19 15]
np.random.permutation(males)[0:n_mar]
[ 8 15  6 14  3 23  9 10]
np.random.permutation(males)[0:n_mar]
[15  7 21 19  0 12 16 23]
np.random.permutation(males)[0:n_mar]
[17  7 10  5  6  9 13  1]
np.random.permutation(males)[0:n_mar]
[23 13  3 22 16 21  4 20]
np.random.permutation(males)[0:n_mar]
[21 13  2  0 17 12  1  8]
np.random.permutation(males)[0:n_mar]
[ 4 18 14 21 12  1 23 19]
np.random.permutation(males)[0:n_mar]
[14  8 20  2  3 13 16 12]
np.random.permutation(males)[0:n_mar]
[15 10 13  1 16 23  7 12]
np.random.permutation(males)[0:n_mar]
[12  8 14  9 11 20 18  5]
np.random.permutation(males)[0:n_mar]
[ 1 18 12 22 13  2  8 11]
np.random.permutation(males)[0:n_mar]
[ 2 23  4 17  6  0  7  8]
np.random.permutation(males)[0:n_mar]
[20 12 22 10  2 18  9  0]
np.random.permutation(males)[0:n_mar]
[ 1 13  4 18 12 16  8 14]
np.random.permutation(males)[0:n_mar]
[11 13  4 15 23  7  6 19]
np.random.permutation(males)[0:n_mar]
[20 19 11  5  9  8 21  6]
np.random.permutation(males)[0:n_mar]
[ 7  4 20  8  2 10 14 17]
np.random.permutation(males)[0:n_mar]
[14 19  9 23  0 15 17  8]
np.random.permutation(males)[0:n_mar]
[17 20 23  1 11 10  8 16]
np.random.permutation(males)[0:n_mar]
[ 4 21 20  6 15  2 22 18]
np.random.permutation(males)[0:n_mar]
[11 22  0  4 10  6  7  2]
np.random.permutation(males)[0:n_mar]
[15 21 10 19  1 20  6 22]
np.random.permutation(males)[0:n_mar]
[ 2 22  6 13 15 10  9 12]
np.random.permutation(males)[0:n_mar]
[17  4  8  1  7 12 19 11]
np.random.permutation(males)[0:n_mar]
[14  2 18  5  4 19  1 12]
np.random.permutation(males)[0:n_mar]
[ 1 11  0 20  9 21 18 23]
np.random.permutation(males)[0:n_mar]
[ 0 12 17  1  6 13 21  4]
np.random.permutation(males)[0:n_mar]
[ 3 22 17  6 21 19 10 11]
np.random.permutation(males)[0:n_mar]
[19 23 13 14 15 22  2 21]
np.random.permutation(males)[0:n_mar]
[ 6  3 17  9 12  1 19 18]
np.random.permutation(males)[0:n_mar]
[14  5 10  3 20 22 18 13]
np.random.permutation(males)[0:n_mar]
[15 13 16  8  3  6  2 17]
np.random.permutation(males)[0:n_mar]
[18 17  2  6  3 12  1  9]
np.random.permutation(males)[0:n_mar]
[ 8 21  2 20 10 22  9 23]
np.random.permutation(males)[0:n_mar]
[ 3  8  2 15 20 22  1 17]
np.random.permutation(males)[0:n_mar]
[20 13  3 18  1 11  4 22]
np.random.permutation(males)[0:n_mar]
[15 11 20 23 12  6  8  4]
np.random.permutation(males)[0:n_mar]
[ 4 11  8  1 20  3 23  0]
np.random.permutation(males)[0:n_mar]
[ 7 23 13 16  6 21  0  5]
np.random.permutation(males)[0:n_mar]
[ 6  3 15 22 17  9 21  4]
np.random.permutation(males)[0:n_mar]
[15 22  5 14 21  3  7 12]
np.random.permutation(males)[0:n_mar]
[14  7 13  6  1 18  9 23]
np.random.permutation(males)[0:n_mar]
[17  5 15 16  6 13 11  7]
np.random.permutation(males)[0:n_mar]
[14 22 10  9 19  5  7 21]
np.random.permutation(males)[0:n_mar]
[17  4  3  8  6 16  0 20]
np.random.permutation(males)[0:n_mar]
[ 2  9  0 19 22  3 20 17]
np.random.permutation(males)[0:n_mar]
[10  0 14  3 12 16 13 20]
np.random.permutation(males)[0:n_mar]
[12 14  5 15  1 18  3 20]
np.random.permutation(males)[0:n_mar]
[ 1  6  7 19  4 21  2  3]
np.random.permutation(males)[0:n_mar]
[11 13  3  1 21 15  9 16]
np.random.permutation(males)[0:n_mar]
[12  6 14  8 13 19 10  2]
np.random.permutation(males)[0:n_mar]
[19 10 20 17 12  9  1 14]
np.random.permutation(males)[0:n_mar]
[13 18 10 16 22  2 21  1]
np.random.permutation(males)[0:n_mar]
[16 10  1 19 23  7  3  4]
np.random.permutation(males)[0:n_mar]
[18 23 20  7 15 17 16  3]
np.random.permutation(males)[0:n_mar]
[10  8 19 18  0 15  1 22]
np.random.permutation(males)[0:n_mar]
[22  8 14 19  6 20  1  9]
np.random.permutation(males)[0:n_mar]
[ 2 16 11 19 12  4  6  5]
np.random.permutation(males)[0:n_mar]
[22  9 13 15 14  8 21  5]
np.random.permutation(males)[0:n_mar]
[10 20 18  8  4 13  3 14]
np.random.permutation(males)[0:n_mar]
[ 8  4 23 12  0 21  9  7]
np.random.permutation(males)[0:n_mar]
[ 3  8 21  4 20  2 11 12]
np.random.permutation(males)[0:n_mar]
[15 18  2 19  4  3  9 12]
np.random.permutation(males)[0:n_mar]
[16 11  9  4  2 21  7  0]
np.random.permutation(males)[0:n_mar]
[ 2  1 10 20  5 19 17  7]
np.random.permutation(males)[0:n_mar]
[14 11 19  5  4 23 21 22]
np.random.permutation(males)[0:n_mar]
[23  0 22  1 10 20  9 14]
np.random.permutation(males)[0:n_mar]
[11  4 23 22 14  9 13 16]
np.random.permutation(males)[0:n_mar]
[ 2 11 12  9 20 14 19  0]
np.random.permutation(males)[0:n_mar]
[23  9  1 22 18  7  6 17]
np.random.permutation(males)[0:n_mar]
[21 23 12 19  0 18 13 22]
np.random.permutation(males)[0:n_mar]
[19 11 10  7  1 23 22  6]
np.random.permutation(males)[0:n_mar]
[13 12 19 21  8  6 23  9]
np.random.permutation(males)[0:n_mar]
[ 2 12  5  0  7 15  8  4]
np.random.permutation(males)[0:n_mar]
[17  1 14  5 21  6 12  4]
np.random.permutation(males)[0:n_mar]
[ 3 18  5 11  7 16 23 20]
np.random.permutation(males)[0:n_mar]
[ 5 11  1 19 18  6  2  4]
np.random.permutation(males)[0:n_mar]
[ 9 17  5  7 11  6 20 16]
np.random.permutation(males)[0:n_mar]
[10  5 19 15 18  4  2  1]
np.random.permutation(males)[0:n_mar]
[17 16 14  0  2 10  8  3]
np.random.permutation(males)[0:n_mar]
[17  5 18 11 14  0 20  7]
np.random.permutation(males)[0:n_mar]
[23  0 10 13 20 14 11 15]
np.random.permutation(males)[0:n_mar]
[12 10 16 23  0 21  1 13]
np.random.permutation(males)[0:n_mar]
[18  9  7 17  5 15 19 22]
np.random.permutation(males)[0:n_mar]
[22  4 12  0  8 17 16 11]
np.random.permutation(males)[0:n_mar]
[11  5 21 16  4  1 18  6]
np.random.permutation(males)[0:n_mar]
[22 12 18  3 16 21 11 23]
np.random.permutation(males)[0:n_mar]
[ 9  0  1 19  2 21 16  7]
np.random.permutation(males)[0:n_mar]
[14 23  7  1  2  3 22 20]
np.random.permutation(males)[0:n_mar]
[ 1 14  0  7 16  8  5 17]
np.random.permutation(males)[0:n_mar]
[15 11 19 13 12 22  7 18]
np.random.permutation(males)[0:n_mar]
[ 3  6 20 19  4 18 11  1]
np.random.permutation(males)[0:n_mar]
[ 8 20 15  6 18 10 19 22]
np.random.permutation(males)[0:n_mar]
[ 0 17  4 15  5 22  8 16]
np.random.permutation(males)[0:n_mar]
[12 15 23  5 16 14  1 18]
np.random.permutation(males)[0:n_mar]
[20 11  7 13 18  8 22 15]
np.random.permutation(males)[0:n_mar]
[ 4  5 15  6 14  1  2 22]
np.random.permutation(males)[0:n_mar]
[ 6 12 23 19  8 20 21 14]
np.random.permutation(males)[0:n_mar]
[21 14 23 13 11 16 12 22]
np.random.permutation(males)[0:n_mar]
[13  9 14  8 23  5 21 11]
np.random.permutation(males)[0:n_mar]
[16 10  9  4 15  2 23  8]
np.random.permutation(males)[0:n_mar]
[23  0 22  8 12  6 11 19]
np.random.permutation(males)[0:n_mar]
[11  4  9 13 16  7 22  0]
np.random.permutation(males)[0:n_mar]
[ 0  5 17  7 11 18 13 14]
np.random.permutation(males)[0:n_mar]
[18  5 19  2 21 13 20  4]
np.random.permutation(males)[0:n_mar]
[15 22  3  9  4 18 11 12]
np.random.permutation(males)[0:n_mar]
[19  4  1  3 11  0  7 17]
np.random.permutation(males)[0:n_mar]
[ 1 16  3  9 15 17 10 18]
np.random.permutation(males)[0:n_mar]
[19 15 16 13 21  2  1 23]
np.random.permutation(males)[0:n_mar]
[ 3 19  5 15 11 10 13  2]
np.random.permutation(males)[0:n_mar]
[ 2 19  5 21 15  6 20 17]
np.random.permutation(males)[0:n_mar]
[ 7 12 22  8  1 21 13 19]
np.random.permutation(males)[0:n_mar]
[ 1  8  5 18  2 17  0 19]
np.random.permutation(males)[0:n_mar]
[17  4  5 11 20 14  6  1]
np.random.permutation(males)[0:n_mar]
[21 23 17  6  3 13  1  4]
np.random.permutation(males)[0:n_mar]
[14 17 22 15 13  9  5 10]
np.random.permutation(males)[0:n_mar]
[11 10  5 19  7 12  8 14]
np.random.permutation(males)[0:n_mar]
[15 13  3 19  0 10  6 17]
np.random.permutation(males)[0:n_mar]
[21 19  0  4 14  5 20 15]
np.random.permutation(males)[0:n_mar]
[13 17  8  1 22 21 20 18]
np.random.permutation(males)[0:n_mar]
[19 11  8 14 21  9 15 16]
np.random.permutation(males)[0:n_mar]
[ 8 22 13 12 15 19 14  9]
np.random.permutation(males)[0:n_mar]
[ 5 18 21 12  3 13  2 20]
np.random.permutation(males)[0:n_mar]
[ 7  5 19 23 15 17  8 22]
np.random.permutation(males)[0:n_mar]
[22  2  8 21 17 14  5  0]
np.random.permutation(males)[0:n_mar]
[21  3 14  5 13 20 17  8]
np.random.permutation(males)[0:n_mar]
[15  6 21 22  8 16 13  0]
np.random.permutation(males)[0:n_mar]
[ 4 14 18 23  7 10  8 15]
np.random.permutation(males)[0:n_mar]
[10 23 21  6 14 20 15  5]
np.random.permutation(males)[0:n_mar]
[21  0  4 13  7  9  1 10]
np.random.permutation(males)[0:n_mar]
[11 17  1 20  0  6 19  8]
np.random.permutation(males)[0:n_mar]
[20  7  6  3 23 16  9 11]
np.random.permutation(males)[0:n_mar]
[11  9 15 19  5  2 10  8]
np.random.permutation(males)[0:n_mar]
[ 5 15 14 18  6 21  1  4]
np.random.permutation(males)[0:n_mar]
[23  9  6 16  0 10 12 20]
np.random.permutation(males)[0:n_mar]
[ 0 16  5  6 22 12 15  4]
np.random.permutation(males)[0:n_mar]
[19  1 20 13 15  6 22 17]
np.random.permutation(males)[0:n_mar]
[19  3  6 10  8  2  4 20]
np.random.permutation(males)[0:n_mar]
[ 8  7 13  5 19 16 10 17]
np.random.permutation(males)[0:n_mar]
[21  4 23 22 10  6  5  8]
np.random.permutation(males)[0:n_mar]
[ 8 14 10 17  6  9 18 21]
np.random.permutation(males)[0:n_mar]
[ 8  5 13 20 14 19 22  0]
np.random.permutation(males)[0:n_mar]
[ 7  4 18 15 13 11  3  0]
np.random.permutation(males)[0:n_mar]
[23 16  4 17 10 19  1  0]
np.random.permutation(males)[0:n_mar]
[ 5 21 19 18 22 11 23 17]
np.random.permutation(males)[0:n_mar]
[16 11  7 12  8 20 23  5]
np.random.permutation(males)[0:n_mar]
[20  6  5 19 18  2  8 17]
np.random.permutation(males)[0:n_mar]
[12 10  2  0  6 22 20 21]
np.random.permutation(males)[0:n_mar]
[17  1  5 18 21 23 13  6]
np.random.permutation(males)[0:n_mar]
[13  4 17 23  0 22 15  3]
np.random.permutation(males)[0:n_mar]
[ 1 23  0 14 11 22  2 12]
np.random.permutation(males)[0:n_mar]
[12  1 11  5 19 21  6 10]
np.random.permutation(males)[0:n_mar]
[ 1 21 14  2 12 16 11 20]
np.random.permutation(males)[0:n_mar]
[ 3 20 22 17  9 19  1 14]
np.random.permutation(males)[0:n_mar]
[ 5 20  9 18 19  1 22 13]
np.random.permutation(males)[0:n_mar]
[ 6 18  7 10 16  1  5 19]
np.random.permutation(males)[0:n_mar]
[ 6 12  0 20  1  2  4  7]
np.random.permutation(males)[0:n_mar]
[21 22  5  6 13 23 20  0]
np.random.permutation(males)[0:n_mar]
[ 5 16 22  0 20  1 17 14]
np.random.permutation(males)[0:n_mar]
[10  5  2  1 21 20 17  8]
np.random.permutation(males)[0:n_mar]
[ 6 12 14  5 15 10  8 16]
np.random.permutation(males)[0:n_mar]
[23 13 15 11 20  6 18  9]
np.random.permutation(males)[0:n_mar]
[ 7  2 11  6 22  0 13 23]
np.random.permutation(males)[0:n_mar]
[ 1 18  2 21 23 11  0  9]
np.random.permutation(males)[0:n_mar]
[18  9 17 14 19 20  1  7]
np.random.permutation(males)[0:n_mar]
[10 18  7 21 13 19 22 16]
np.random.permutation(males)[0:n_mar]
[13 22  9 11 12 18 16 17]
np.random.permutation(males)[0:n_mar]
[17  7 14 22 12  0  3 19]
np.random.permutation(males)[0:n_mar]
[11 10  1 22 23  6 14 19]
np.random.permutation(males)[0:n_mar]
[18  7 22 20  5 10 16 17]
np.random.permutation(males)[0:n_mar]
[22  3  5  4  0 15  7 23]
np.random.permutation(males)[0:n_mar]
[ 0  7  8 14 20  3 12 11]
np.random.permutation(males)[0:n_mar]
[ 5  1  7 19  6 18 13 22]
np.random.permutation(males)[0:n_mar]
[21 23 11 14 20  3  0  7]
np.random.permutation(males)[0:n_mar]
[18 21 20  9 10 17 13 22]
np.random.permutation(males)[0:n_mar]
[23 11 18 17 21  9 10  2]
np.random.permutation(males)[0:n_mar]
[ 0 11  6 22 21 19  1  4]
np.random.permutation(males)[0:n_mar]
[ 3 20 23 17  7 12 10 18]
np.random.permutation(males)[0:n_mar]
[ 7  4  8  6  1  9 13 22]
np.random.permutation(males)[0:n_mar]
[11 12 16  8  0  5 13 15]
np.random.permutation(males)[0:n_mar]
[20 13  3 16 14  2 18 22]
np.random.permutation(males)[0:n_mar]
[ 4 14  3 10  6 13  1 12]
np.random.permutation(males)[0:n_mar]
[ 5 16 18  0 13 14  6 12]
np.random.permutation(males)[0:n_mar]
[20 21  3 16  6 13  9 11]
np.random.permutation(males)[0:n_mar]
[21 14 10 11  1 12 23  6]
np.random.permutation(males)[0:n_mar]
[ 4  5 22 20  2  7 10 21]
np.random.permutation(males)[0:n_mar]
[17  2 20  3 22 12 14 15]
np.random.permutation(males)[0:n_mar]
[19  1  4 23  6  3  7  2]
np.random.permutation(males)[0:n_mar]
[ 9  0 12 15  2 13 14 11]
np.random.permutation(males)[0:n_mar]
[ 5  0 16 10 23  1  2  3]
np.random.permutation(males)[0:n_mar]
[10  4 13 15 21  2 18 12]
np.random.permutation(males)[0:n_mar]
[18 23 16 12 11  8  3  0]
np.random.permutation(males)[0:n_mar]
[ 9  6  2 15  7 12  8 13]
np.random.permutation(males)[0:n_mar]
[14  9  0 11 23 17 12  5]
np.random.permutation(males)[0:n_mar]
[ 9 22  0  2  1 21 13 18]
np.random.permutation(males)[0:n_mar]
[ 6 23  7  1 15  0  8 14]
np.random.permutation(males)[0:n_mar]
[14  4 10 11 18 21 13 12]
np.random.permutation(males)[0:n_mar]
[ 1  6 17 20  0  3  9  5]
np.random.permutation(males)[0:n_mar]
[18 14  0 15 20 13  3  7]
np.random.permutation(males)[0:n_mar]
[23 16 17 22 12  5 13  4]
np.random.permutation(males)[0:n_mar]
[ 3 13 21 15 17 23  0  8]
np.random.permutation(males)[0:n_mar]
[22  4  0  2 12 17  7  9]
np.random.permutation(males)[0:n_mar]
[17  2  3 15 21 13  1  9]
np.random.permutation(males)[0:n_mar]
[21 11 14  5  0 12 20 19]
np.random.permutation(males)[0:n_mar]
[18  3 19 20  1  9 13 21]
np.random.permutation(males)[0:n_mar]
[ 7 16  2 14 20  3 23 10]
np.random.permutation(males)[0:n_mar]
[ 0 17 22  1  4 20 21 18]
np.random.permutation(males)[0:n_mar]
[14 15 17 13  5  0  8  1]
np.random.permutation(males)[0:n_mar]
[16 19 15 14 12 21  3  5]
np.random.permutation(males)[0:n_mar]
[10  1  2 13  4 14  8 23]
np.random.permutation(males)[0:n_mar]
[16 14  6 10  4 20 11  9]
np.random.permutation(males)[0:n_mar]
[ 6 14 21  5 15  4 22 19]
np.random.permutation(males)[0:n_mar]
[17 20  1 19 21 15  3 12]
np.random.permutation(males)[0:n_mar]
[22 17 13 14 19 20 12 10]
np.random.permutation(males)[0:n_mar]
[ 7 19  4  3  9  1  8 11]
np.random.permutation(males)[0:n_mar]
[17 16  0 21 19 12  7 15]
np.random.permutation(males)[0:n_mar]
[17  7  6  5  9 23 10 20]
np.random.permutation(males)[0:n_mar]
[ 3  2  9  1  6 10 18 19]
np.random.permutation(males)[0:n_mar]
[17  1 23  9 16 11  6  8]
np.random.permutation(males)[0:n_mar]
[11  0 14 12 18 20 16  9]
np.random.permutation(males)[0:n_mar]
[21  9  0 15 23 17  2 19]
np.random.permutation(males)[0:n_mar]
[23  6  4  5  9  2 10 21]
np.random.permutation(males)[0:n_mar]
[ 7 19 22 13 15  8  9 14]
np.random.permutation(males)[0:n_mar]
[ 3 19 17  4 12 20 14 10]
np.random.permutation(males)[0:n_mar]
[19  0 11 20 17 16  1  2]
np.random.permutation(males)[0:n_mar]
[ 5 17  0  3 18 15 16 21]
np.random.permutation(males)[0:n_mar]
[ 9 11 18  3  5  7 19 23]
np.random.permutation(males)[0:n_mar]
[ 9  4  0 20 18 21 10 15]
np.random.permutation(males)[0:n_mar]
[12  7  4 15  1 17 21 22]
np.random.permutation(males)[0:n_mar]
[ 1  6  9 15  5 13 10  0]
np.random.permutation(males)[0:n_mar]
[10  7  0  1  2 18 14 22]
np.random.permutation(males)[0:n_mar]
[ 5  9 18  6 15 17 16 10]
np.random.permutation(males)[0:n_mar]
[ 1  6  2 22 10  7 15 21]
