np.random.permutation(males)[0:n_mar]
[18  7 17 11 23  3 15 19  1  9]
np.random.permutation(males)[0:n_mar]
[11  3 10 14  8 12 19  0 17 18]
np.random.permutation(males)[0:n_mar]
[ 3 14 13  4 23  5 18  2 22 19]
np.random.permutation(males)[0:n_mar]
[20  3  2  9 23 16 15  6  4 18]
np.random.permutation(males)[0:n_mar]
[ 8  6 19  3 12 23 22 14 20  9]
np.random.permutation(males)[0:n_mar]
[ 1  6  7  9 14  2  5 15  8  4]
np.random.permutation(males)[0:n_mar]
[16 12 19  9 17  3 22  4 13 15]
np.random.permutation(males)[0:n_mar]
[12  1  4 22 18 10 15 14 16  7]
np.random.permutation(males)[0:n_mar]
[13  6 11 20  7 12  5 10  2 14]
np.random.permutation(males)[0:n_mar]
[ 5 16  2 23 10 20  9 12  0 15]
np.random.permutation(males)[0:n_mar]
[20 10 13 12 14 11  8 17 15  6]
np.random.permutation(males)[0:n_mar]
[20  9 15 16 11 21 14  2  6 22]
np.random.permutation(males)[0:n_mar]
[10 16 13  3  4 23 17  2 19 15]
np.random.permutation(males)[0:n_mar]
[ 3  1 20 19  0 10 12 11  7 18]
np.random.permutation(males)[0:n_mar]
[21 11 23 18  3  5 19  6 20 16]
np.random.permutation(males)[0:n_mar]
[21 20  1  2  4  0 17 10 18 13]
np.random.permutation(males)[0:n_mar]
[ 7  1  2 13 16  4 19 14  5 17]
np.random.permutation(males)[0:n_mar]
[ 3  1 17 12 13 14  8 20 16 23]
np.random.permutation(males)[0:n_mar]
[14 18  7 23 10 19  0  9 13 21]
np.random.permutation(males)[0:n_mar]
[ 1 11  8  2  3  7 20 22 19 18]
np.random.permutation(males)[0:n_mar]
[ 9  4 10  1 11  2 23  7 14 19]
np.random.permutation(males)[0:n_mar]
[17  6 21  3 14 11  9  7  1 16]
np.random.permutation(males)[0:n_mar]
[23  8 16  6 12  4 14  2 21  1]
np.random.permutation(males)[0:n_mar]
[23 13  8 20  4 15  0 18  3  6]
np.random.permutation(males)[0:n_mar]
[12  8 16  6 22  5 10  7  9 13]
np.random.permutation(males)[0:n_mar]
[ 2 21 13 14 22  5 16  8  1  7]
np.random.permutation(males)[0:n_mar]
[13 22 17  9 23  2  7  1  4 18]
np.random.permutation(males)[0:n_mar]
[ 2 11  0 12  3  8  9  5 16 13]
np.random.permutation(males)[0:n_mar]
[ 6 20 12 16  3 21 22  8  9 18]
np.random.permutation(males)[0:n_mar]
[ 0  5 10 15 13  1  9  3  8 14]
np.random.permutation(males)[0:n_mar]
[10 22  4 19 14 12 21  6  9 11]
np.random.permutation(males)[0:n_mar]
[19  9 20  2 11  0 22 17 16  8]
np.random.permutation(males)[0:n_mar]
[14 12 15  5  0 20  7  3  8 19]
np.random.permutation(males)[0:n_mar]
[ 7 23  4 19 22 13 21 14  6  3]
np.random.permutation(males)[0:n_mar]
[ 7  6  3 21 22  1 13  0 23 18]
np.random.permutation(males)[0:n_mar]
[22  2 19 15  7 13 10  3  0 20]
np.random.permutation(males)[0:n_mar]
[ 2 16 10 11 15  5 19  9  6  7]
np.random.permutation(males)[0:n_mar]
[12  2 11 18  4 17 10  3  6 16]
np.random.permutation(males)[0:n_mar]
[ 7 17 13  2  3  9 22 10 18 11]
np.random.permutation(males)[0:n_mar]
[22 15  2 16 13  0  5 14 10 11]
np.random.permutation(males)[0:n_mar]
[23 14 16 10 12  8  5  9  0  6]
np.random.permutation(males)[0:n_mar]
[ 8  4 10 15 20  6  2 12 19 16]
np.random.permutation(males)[0:n_mar]
[ 6  2 16  5 23 18 19 12 14  8]
np.random.permutation(males)[0:n_mar]
[ 1 18 14 10 11 16 13  3  8 21]
np.random.permutation(males)[0:n_mar]
[ 8 14 13 19 21 17  0  7  9 23]
np.random.permutation(males)[0:n_mar]
[ 8 20 17  3 18  6  7  0  2  5]
np.random.permutation(males)[0:n_mar]
[13 14  4  1 22  7  8 10 11  5]
np.random.permutation(males)[0:n_mar]
[10 21  8  0  6 16 13 14  5 11]
np.random.permutation(males)[0:n_mar]
[15 11  1  2  4  8 16 18  5 14]
np.random.permutation(males)[0:n_mar]
[22  9  2 16 20 11 10 13 17 15]
np.random.permutation(males)[0:n_mar]
[ 9  7 16  3  0  2  4 17 14 18]
np.random.permutation(males)[0:n_mar]
[ 3 10 21  4 20  1  7 16 14 17]
np.random.permutation(males)[0:n_mar]
[18 20 16  7  2  9 15  5 22  8]
np.random.permutation(males)[0:n_mar]
[10  3 20  2  4 16 23  1 13 14]
np.random.permutation(males)[0:n_mar]
[ 2 17 12  5 22 19 21  6 18 13]
np.random.permutation(males)[0:n_mar]
[16 13 19 20 18 12  7 22  3  6]
np.random.permutation(males)[0:n_mar]
[10 23  9  0  7 22  4 13 21 12]
np.random.permutation(males)[0:n_mar]
[16  1 12 23  5 13  8 18  6 14]
np.random.permutation(males)[0:n_mar]
[ 8 12  3 22 14 16 17  2 11 21]
np.random.permutation(males)[0:n_mar]
[ 1 20 23  2  4 13 14 11 10  5]
np.random.permutation(males)[0:n_mar]
[14  4 19 13  6 12 23  0 21  7]
np.random.permutation(males)[0:n_mar]
[ 2  4  6 13 18 20  8 19 16  0]
np.random.permutation(males)[0:n_mar]
[16 22 21 18 11  4 15  9  3 14]
np.random.permutation(males)[0:n_mar]
[ 5 20 13  0 14  7  2 17 21 15]
np.random.permutation(males)[0:n_mar]
[ 6 20  1  8 18  5  3  7 15 13]
np.random.permutation(males)[0:n_mar]
[16  4  7 23  6 22 17 20 11 13]
np.random.permutation(males)[0:n_mar]
[15 21  6  4  3  5 11  0 23  9]
np.random.permutation(males)[0:n_mar]
[23 10  0 20 21 11 19  8 16  7]
np.random.permutation(males)[0:n_mar]
[19 20 16  6 14 18  5 15 23  1]
np.random.permutation(males)[0:n_mar]
[ 0  6  2 15 10  8  7 20 13  1]
np.random.permutation(males)[0:n_mar]
[ 9 17 22  8  6 18 19 12 21 11]
np.random.permutation(males)[0:n_mar]
[ 6  8  0  5 15 22 13 18 19  3]
np.random.permutation(males)[0:n_mar]
[17  7  2  4 12 20  9  6 23 10]
np.random.permutation(males)[0:n_mar]
[ 0 14 12 18 17 11  1 19 22 21]
np.random.permutation(males)[0:n_mar]
[12  7 19 13 16 17  1  9  0  6]
np.random.permutation(males)[0:n_mar]
[17  6  9 10  5 22  7 23 21 15]
np.random.permutation(males)[0:n_mar]
[10  4 15 16  0 19  1  9  2 21]
np.random.permutation(males)[0:n_mar]
[19 10 12 20 15  7 22 23 18  5]
np.random.permutation(males)[0:n_mar]
[ 4  2  1  8 21  6 17 13 15  5]
np.random.permutation(males)[0:n_mar]
[21  5  7  2 15 13 10 14 11 17]
np.random.permutation(males)[0:n_mar]
[15  7  9 18 19 14 21 13  2  4]
np.random.permutation(males)[0:n_mar]
[ 1  3  8  2 14 21 16 19 23  0]
np.random.permutation(males)[0:n_mar]
[ 3 21  9 15 22 19 20 16  6 14]
np.random.permutation(males)[0:n_mar]
[ 1 18  6 11 12  3 16 15  8 10]
np.random.permutation(males)[0:n_mar]
[16 22  7 19  5  1  9  4 23 21]
np.random.permutation(males)[0:n_mar]
[20 12  7 19  5  6 16 11 15 21]
np.random.permutation(males)[0:n_mar]
[ 1 16 21  8  6 14  4  9  7 11]
np.random.permutation(males)[0:n_mar]
[ 8  3 18 12 19 21 20 13 22 15]
np.random.permutation(males)[0:n_mar]
[16  5 21 10  1 23 13  7 11  8]
np.random.permutation(males)[0:n_mar]
[10 15  4 13 20 11  6  5 12 16]
np.random.permutation(males)[0:n_mar]
[17  5  4 13  6 18 15  8 20 21]
np.random.permutation(males)[0:n_mar]
[23  9  6  1 10 12 22 11  2  3]
np.random.permutation(males)[0:n_mar]
[11 10 17 13  0  2 14  4 16  7]
np.random.permutation(males)[0:n_mar]
[10  8  2 23  1  4 21 11 18 20]
np.random.permutation(males)[0:n_mar]
[23 11  8  6 14 10 19 16 20 21]
np.random.permutation(males)[0:n_mar]
[ 1 23  2  3  7 16 20 13 21 12]
np.random.permutation(males)[0:n_mar]
[ 5 19 10  4  3  7  6 14 16 20]
np.random.permutation(males)[0:n_mar]
[ 0  8 17 11  4 13 21  1 16  5]
np.random.permutation(males)[0:n_mar]
[10 14  8 13 16  4 11 17 15 22]
np.random.permutation(males)[0:n_mar]
[ 8  6 11 21 22 18  0  4  9  7]
np.random.permutation(males)[0:n_mar]
[19 21 18  1 10 12  5  4  2  7]
np.random.permutation(males)[0:n_mar]
[10  0 17 11 16  5 20 15 22  4]
np.random.permutation(males)[0:n_mar]
[17 21  0  2 22 10  3  4  1 15]
np.random.permutation(males)[0:n_mar]
[16 23 17 10 20  8  9 21  4 13]
np.random.permutation(males)[0:n_mar]
[14 20  5  9  2 12 13 10  0 18]
np.random.permutation(males)[0:n_mar]
[ 8 16 17 15  2  1 18 14  3 21]
np.random.permutation(males)[0:n_mar]
[ 0  5 10 17 16  8  4 15  2 18]
np.random.permutation(males)[0:n_mar]
[18 21 15  5  4  7  3  6  8 20]
np.random.permutation(males)[0:n_mar]
[ 1  6 21 17 10 22 13  9 16 18]
np.random.permutation(males)[0:n_mar]
[23  3 21  4 10  2  1 20 18 15]
np.random.permutation(males)[0:n_mar]
[ 1  3 14 12 15 20  9 16  8 13]
np.random.permutation(males)[0:n_mar]
[14  3 15  6 19  1  2  5 10 12]
np.random.permutation(males)[0:n_mar]
[ 0  3  6 14  2 11 15 16 10 20]
np.random.permutation(males)[0:n_mar]
[17 16 22  0  1 20  8 18 11 19]
np.random.permutation(males)[0:n_mar]
[16  8 18 15  7  3 20 12  4  5]
np.random.permutation(males)[0:n_mar]
[ 2  6  5 16  3 10 12 18 13 19]
np.random.permutation(males)[0:n_mar]
[ 0 14 20  9  6  5 16 23  4  8]
np.random.permutation(males)[0:n_mar]
[20 18 16  6 21 10  1 15  3  0]
np.random.permutation(males)[0:n_mar]
[ 2 13  9 21 19  5  1  4 18 10]
np.random.permutation(males)[0:n_mar]
[ 1 23  8 15 17  4 22 21  6 16]
np.random.permutation(males)[0:n_mar]
[18  6 12  2 22 14  1  9  7  3]
np.random.permutation(males)[0:n_mar]
[19  9 21  8  6 23 22 15  1 12]
np.random.permutation(males)[0:n_mar]
[ 2 13 18  8 21  7 10 12 23  9]
np.random.permutation(males)[0:n_mar]
[12  1 14  0  5  4  3 11 10  6]
np.random.permutation(males)[0:n_mar]
[12  4  8 21  3 11  5  2 23  0]
np.random.permutation(males)[0:n_mar]
[13  6 22  1  9  2 18 19  7 21]
np.random.permutation(males)[0:n_mar]
[19  2 21  5  1 11 14  4 22  7]
np.random.permutation(males)[0:n_mar]
[ 4  3  1  8 14 17 22 23 21 16]
np.random.permutation(males)[0:n_mar]
[ 2 15  9 21 10 13 19  7  4  3]
np.random.permutation(males)[0:n_mar]
[12 11 18 23  2 14  4 22  6 20]
np.random.permutation(males)[0:n_mar]
[20 11  6  1 22  2 17 13  8  4]
np.random.permutation(males)[0:n_mar]
[10 20 15  0 14  2 22 11  9 17]
np.random.permutation(males)[0:n_mar]
[ 7  0 21 20 22 12  3 15 14 16]
np.random.permutation(males)[0:n_mar]
[17  9 12  2  7 22  4  6 18 13]
np.random.permutation(males)[0:n_mar]
[ 7  8 16  9 23  5 11  2  0  3]
np.random.permutation(males)[0:n_mar]
[ 4 19 15  1 14 23  3 12  6 20]
np.random.permutation(males)[0:n_mar]
[13 14 16  9 17 18 12  1  5  4]
np.random.permutation(males)[0:n_mar]
[16 11  0 10 15  5 19  9  4 18]
np.random.permutation(males)[0:n_mar]
[14 12  1  2 22 16 20 10 18 11]
np.random.permutation(males)[0:n_mar]
[17  1 10  2 15 16 12  9 14  3]
np.random.permutation(males)[0:n_mar]
[ 8 15  0  7 21  5 22  1 18 13]
np.random.permutation(males)[0:n_mar]
[23  0 17 14 13  8 20 16  7  1]
np.random.permutation(males)[0:n_mar]
[16  3 19 23 22  8 21  9 17 11]
np.random.permutation(males)[0:n_mar]
[ 0  8 23 19 10  4 18  5  7 22]
np.random.permutation(males)[0:n_mar]
[23 14 10 12  5  9 11 21  8  0]
np.random.permutation(males)[0:n_mar]
[15 18  1  7  6 20 11 22 14  3]
np.random.permutation(males)[0:n_mar]
[ 5 23  3  7  9 17  0  2 14 20]
np.random.permutation(males)[0:n_mar]
[20  7  0 17 14 16  2  1 18  4]
np.random.permutation(males)[0:n_mar]
[ 6  8 10 17  1 19  3 14 16 13]
np.random.permutation(males)[0:n_mar]
[16 22 17 10  3  2 15 11  1  9]
np.random.permutation(males)[0:n_mar]
[ 0 12  8 13  6 18  4 14 22 15]
np.random.permutation(males)[0:n_mar]
[22  8  1 13 23  7  5 20  6 14]
np.random.permutation(males)[0:n_mar]
[19 12 16 10  7 14 17 20  5 22]
np.random.permutation(males)[0:n_mar]
[ 3 11  4  8  5 20  6 10 17  1]
np.random.permutation(males)[0:n_mar]
[16 10 12 20 22  7 14  2 11  1]
np.random.permutation(males)[0:n_mar]
[13  5 16 21 15  0  2  6 17 20]
np.random.permutation(males)[0:n_mar]
[16  1 23  0  7 11  5 20 22  3]
np.random.permutation(males)[0:n_mar]
[12  8  7 11  2 20  6 16  3 22]
np.random.permutation(males)[0:n_mar]
[ 2  0  6  5 20 21 14 11 12  4]
np.random.permutation(males)[0:n_mar]
[ 2  1 21 19 22 20 17 13 11  5]
np.random.permutation(males)[0:n_mar]
[ 9  8 17  3  5 18 22  1  6 12]
np.random.permutation(males)[0:n_mar]
[14  9 23 11  8  7  3 10  5  2]
np.random.permutation(males)[0:n_mar]
[19  1 18 10 15 22 17  9 14  7]
np.random.permutation(males)[0:n_mar]
[13 20 18  4 12 10  9  7  0 22]
np.random.permutation(males)[0:n_mar]
[17  3  7 13 14 12  0  5  4 16]
np.random.permutation(males)[0:n_mar]
[ 1 14 10  9 11  8 12  4 19  7]
np.random.permutation(males)[0:n_mar]
[ 5 20  0 16 17 14 10 11 23 22]
np.random.permutation(males)[0:n_mar]
[15  5 12 23 17 20  7  2 18  4]
np.random.permutation(males)[0:n_mar]
[ 3 19 21 23  6 18  5  2 15 16]
np.random.permutation(males)[0:n_mar]
[18 13 19 17  5  0  2 15  7  9]
np.random.permutation(males)[0:n_mar]
[ 5  0  8 16 21 13 18 23 10  4]
np.random.permutation(males)[0:n_mar]
[ 9 23  8  6 17  0 12 13  7  1]
np.random.permutation(males)[0:n_mar]
[16 22 20  0 10  8  7  6  4  3]
np.random.permutation(males)[0:n_mar]
[16 20 19  3  1  7 12  9  2  4]
np.random.permutation(males)[0:n_mar]
[ 0  2  6 20  9 11  5  7 10 14]
np.random.permutation(males)[0:n_mar]
[ 3 10  5 11 23  6  7 15 18 20]
np.random.permutation(males)[0:n_mar]
[10  8  3 23 16 13 21  6 22 11]
np.random.permutation(males)[0:n_mar]
[ 6  1 14 11 18  3 16 19 22  0]
np.random.permutation(males)[0:n_mar]
[18  5  6 21  4 14 19 13  7 15]
np.random.permutation(males)[0:n_mar]
[ 8  3 10 19 21 12  5 16 15  6]
np.random.permutation(males)[0:n_mar]
[ 6  8 22 16 20 14  3 13 17  9]
np.random.permutation(males)[0:n_mar]
[17 16  4 11  3  0 21 13 19 15]
np.random.permutation(males)[0:n_mar]
[18  2 14  8  5  4 10  0 23 15]
np.random.permutation(males)[0:n_mar]
[ 9 18 11  7  6 15 23 22 17 19]
np.random.permutation(males)[0:n_mar]
[ 8  7 18 19  1 15  0  4 13  2]
np.random.permutation(males)[0:n_mar]
[ 0 13  1 12  6  4  3 20 23 22]
np.random.permutation(males)[0:n_mar]
[20 11 12 17  6  8  0 18  4  5]
np.random.permutation(males)[0:n_mar]
[15 11  3  8 22 19  0  6 12 17]
np.random.permutation(males)[0:n_mar]
[21  1 18  2 11 17 23  8  6  0]
np.random.permutation(males)[0:n_mar]
[23  4 21 22 10 14  8 17  9 13]
np.random.permutation(males)[0:n_mar]
[18 16 12  2 15 17 21 22  8 20]
np.random.permutation(males)[0:n_mar]
[14 10 17  6 18 20 11 21  3 12]
np.random.permutation(males)[0:n_mar]
[23 10 11  9 13  7  5  2 12 14]
np.random.permutation(males)[0:n_mar]
[18 21  5  7 19 22 15  8  1 12]
np.random.permutation(males)[0:n_mar]
[ 3  1  8 22  0 17 16  7 20  4]
np.random.permutation(males)[0:n_mar]
[ 8 10 11 19  5 21 16 17  6 14]
np.random.permutation(males)[0:n_mar]
[ 1 17 19  9 15  2 23  4  3  8]
np.random.permutation(males)[0:n_mar]
[17  1  8 15 21  0 14  9  5 11]
np.random.permutation(males)[0:n_mar]
[15 21 14 17 18  0 20  8  6 23]
np.random.permutation(males)[0:n_mar]
[13 16 15  3  9 20  0 18 11 23]
np.random.permutation(males)[0:n_mar]
[ 0 20 23 11 10  1 19  2 17  3]
np.random.permutation(males)[0:n_mar]
[ 7 19  2  9  6 22 15 10 13 18]
np.random.permutation(males)[0:n_mar]
[ 0  6 10 18 15  2 17  7 13 19]
np.random.permutation(males)[0:n_mar]
[ 1  2  7 21 17 23  6  4  5  9]
np.random.permutation(males)[0:n_mar]
[17 14  4  0 15  8 16 13  1  5]
np.random.permutation(males)[0:n_mar]
[18 12 13 19 22 17 23  6 11  4]
np.random.permutation(males)[0:n_mar]
[ 2  5 13  9 15 17  8  4 10 16]
np.random.permutation(males)[0:n_mar]
[22 15 16  6  7  4  1  5 21  9]
np.random.permutation(males)[0:n_mar]
[ 6  1  5 23  0 15  9 11 10 16]
np.random.permutation(males)[0:n_mar]
[ 8 13  4 12  2  5  3 10  7 14]
np.random.permutation(males)[0:n_mar]
[ 1  7  4 12  2 23  5 13 14 10]
np.random.permutation(males)[0:n_mar]
[12 20 18 15 19 21  0 11  8 13]
np.random.permutation(males)[0:n_mar]
[20 11  3 16  0 17 21  8  6 22]
np.random.permutation(males)[0:n_mar]
[ 2 16  8 10 12  9 23  6  0  7]
np.random.permutation(males)[0:n_mar]
[23 11 12  6  7 16 10  0  2 20]
np.random.permutation(males)[0:n_mar]
[18 16 22 11  0  4 10 21 20 19]
np.random.permutation(males)[0:n_mar]
[21  3  8 15 14 22  7  2 13  0]
np.random.permutation(males)[0:n_mar]
[16 21 15 11 10  3  8 19 14 12]
np.random.permutation(males)[0:n_mar]
[22  7 11 16  9  1  8 20 17 21]
np.random.permutation(males)[0:n_mar]
[15 23 20  7  3 11 13 17  8 14]
np.random.permutation(males)[0:n_mar]
[ 6 10 13  7 19  4 16  9 23 11]
np.random.permutation(males)[0:n_mar]
[ 9 17  1  8  6 11 20 18 12 16]
np.random.permutation(males)[0:n_mar]
[13  9  8  4 20  2 19 14 18  5]
np.random.permutation(males)[0:n_mar]
[ 0 10 21  6  2 14  3  9 11 15]
np.random.permutation(males)[0:n_mar]
[21  5  9 17 19  1 16 13  7 14]
np.random.permutation(males)[0:n_mar]
[ 4 22  3 12  7  8 19 14  0 21]
np.random.permutation(males)[0:n_mar]
[ 7  9 15 21 19 20  0 14  8  6]
np.random.permutation(males)[0:n_mar]
[14 18 10  1 17 12 22 20  7  5]
np.random.permutation(males)[0:n_mar]
[ 1  0 12  5 10  6  4 21  7  3]
np.random.permutation(males)[0:n_mar]
[13  5  4  7  2 10  3 19  1 20]
np.random.permutation(males)[0:n_mar]
[ 7 15  1  2 17 13 10 16 20  9]
np.random.permutation(males)[0:n_mar]
[22  5 19 20  2  7  9 15  3  1]
np.random.permutation(males)[0:n_mar]
[ 0  5  2 23 12  1 17 19 13 15]
np.random.permutation(males)[0:n_mar]
[ 8  9  2  5  7  0  6  3 14 21]
np.random.permutation(males)[0:n_mar]
[13  5 21  2 19 10  6  3 16  1]
np.random.permutation(males)[0:n_mar]
[ 3 13  0  5  7 15  9 12  6  2]
np.random.permutation(males)[0:n_mar]
[ 9 22 16  6  1 18 12  0 21 15]
np.random.permutation(males)[0:n_mar]
[ 9 14 16  6  0  5 18 12 19 21]
np.random.permutation(males)[0:n_mar]
[ 5 15 10 19 22 18 20 13  0  2]
np.random.permutation(males)[0:n_mar]
[10  4  2 21 18 22  5  3  9  6]
np.random.permutation(males)[0:n_mar]
[ 5 21  0 18  9  4 14 22  6 17]
np.random.permutation(males)[0:n_mar]
[13  7  8 22 20  6 21  4 14  3]
np.random.permutation(males)[0:n_mar]
[13  2  8  6  5 14  3  9 19 21]
np.random.permutation(males)[0:n_mar]
[ 1  0  4 13 23 18 20 22  6  5]
np.random.permutation(males)[0:n_mar]
[10 20 12 13 16  5 11  8 17  7]
np.random.permutation(males)[0:n_mar]
[ 9  3  5  4 12  2 11 17 23  6]
np.random.permutation(males)[0:n_mar]
[ 3 18 23 16  8  9 15 11 17 22]
np.random.permutation(males)[0:n_mar]
[ 7 10 22  2 12  4 16 20 23  3]
np.random.permutation(males)[0:n_mar]
[ 1 17  2  9 16  5 23 20 15 10]
np.random.permutation(males)[0:n_mar]
[ 3 10  4  2 20 17  9 14  6 13]
np.random.permutation(males)[0:n_mar]
[ 2 15  3 12 23  4  9 17  8  7]
np.random.permutation(males)[0:n_mar]
[ 4 18 13 20  0 14 23  7 19  9]
np.random.permutation(males)[0:n_mar]
[11 20  5 16  4 23  0 12 14  7]
np.random.permutation(males)[0:n_mar]
[ 9 10  4  5 12 14  6  8  3 23]
np.random.permutation(males)[0:n_mar]
[15  1 22 11  4 14 16 18 19 21]
np.random.permutation(males)[0:n_mar]
[10 15 16  0  6 23  3  4  1 21]
np.random.permutation(males)[0:n_mar]
[21 20  7 14  6 12  4  3  1 16]
np.random.permutation(males)[0:n_mar]
[ 8 12 10 22  2 17 23  4 11 20]
np.random.permutation(males)[0:n_mar]
[ 3 10 21 12  1 11  5  4  6  0]
np.random.permutation(males)[0:n_mar]
[ 8  6  3 13  9 15  1 18  5 16]
np.random.permutation(males)[0:n_mar]
[ 7 13 23  5 10 16 14 15 11  1]
np.random.permutation(males)[0:n_mar]
[19 18  5 20 23  2  0 22 12  9]
np.random.permutation(males)[0:n_mar]
[ 3 20 16  4 23  6 22 17 15 21]
np.random.permutation(males)[0:n_mar]
[ 8 13  6  4  9 21  5  0 22  1]
np.random.permutation(males)[0:n_mar]
[ 5 10 17 18  6  2  7 12 23 13]
np.random.permutation(males)[0:n_mar]
[16  2 14  9  1 23  5 18  7 20]
np.random.permutation(males)[0:n_mar]
[ 5  7 20  0 17 14 11  9  6 16]
np.random.permutation(males)[0:n_mar]
[20 22  3 10  1  6 14  4 11  0]
np.random.permutation(males)[0:n_mar]
[ 6  1 16 12  4  2  5  0 10 21]
np.random.permutation(males)[0:n_mar]
[ 1 20 23 22  6 15  5 21 19 12]
np.random.permutation(males)[0:n_mar]
[11  4 16  2 10 20 21  7 14 17]
np.random.permutation(males)[0:n_mar]
[16 18 13 22  2  5  7 19 17  0]
np.random.permutation(males)[0:n_mar]
[ 8 20  1 11 18  3 23  4 21  7]
np.random.permutation(males)[0:n_mar]
[22 19 12  7 17 18 20 14 11 16]
np.random.permutation(males)[0:n_mar]
[10  3  1 15 17  8  7 22  2  0]
np.random.permutation(males)[0:n_mar]
[ 6  3  9 12 13 18  4 16 19  5]
np.random.permutation(males)[0:n_mar]
[ 5 15  3 14 23 20  1 19 11 22]
np.random.permutation(males)[0:n_mar]
[ 5 12 21 18  3 16  8 10 14  1]
np.random.permutation(males)[0:n_mar]
[14 17 18 20 15 16  7 22 21 12]
np.random.permutation(males)[0:n_mar]
[ 1 13  3  9 14  2 17 23 12 21]
np.random.permutation(males)[0:n_mar]
[22  6 21  9 10 14 13 23  8  5]
np.random.permutation(males)[0:n_mar]
[16  0 17 11  1  4 22 15  6  2]
np.random.permutation(males)[0:n_mar]
[ 5 19 17  4 11 12  6 22  2  8]
np.random.permutation(males)[0:n_mar]
[ 6 22 11  0  2  5 10 14 16 15]
np.random.permutation(males)[0:n_mar]
[11 23  8  1 13 17  9 20 14 16]
np.random.permutation(males)[0:n_mar]
[23  9  8 18  2 14  1 16 15 17]
np.random.permutation(males)[0:n_mar]
[ 5 15  7 16  8 20 21 23 10 12]
np.random.permutation(males)[0:n_mar]
[13  5 16 17 23  8  6 19  7 22]
np.random.permutation(males)[0:n_mar]
[20  1 23 22  2 10 18 15 13 11]
np.random.permutation(males)[0:n_mar]
[11 23 12 22  5  3 19 16  4 18]
np.random.permutation(males)[0:n_mar]
[22 10 11  9  7 21  3 15 14  6]
np.random.permutation(males)[0:n_mar]
[11 10  3  6 19 14 15 20  4  8]
np.random.permutation(males)[0:n_mar]
[15  0  2 16  3 23  7 13  6 14]
np.random.permutation(males)[0:n_mar]
[13 17 20  1 18  0 23  6 12  4]
np.random.permutation(males)[0:n_mar]
[13  6  3 15 23 10  5 18 17  0]
np.random.permutation(males)[0:n_mar]
[14 12 22 13 18 10  9  6  5 19]
np.random.permutation(males)[0:n_mar]
[ 6 23 13 22 15 21  0 17  5 12]
np.random.permutation(males)[0:n_mar]
[23 12 20 13  9 11  2 10  4 15]
np.random.permutation(males)[0:n_mar]
[12  6 11 22  4  8 16 10  0 21]
np.random.permutation(males)[0:n_mar]
[10  2 22 13 14  3  1  4  7 17]
np.random.permutation(males)[0:n_mar]
[ 5  6 11  0 21  4 13 23  8  2]
np.random.permutation(males)[0:n_mar]
[19  2 14 13 21 23 16  9 18  7]
np.random.permutation(males)[0:n_mar]
[23 18 15  6  4  8  1 20 19 11]
np.random.permutation(males)[0:n_mar]
[ 1  3 20 15  9 14  2  6  0 22]
np.random.permutation(males)[0:n_mar]
[11 15 10 20 18 21 22  2 23  0]
np.random.permutation(males)[0:n_mar]
[ 4 16  6  5 18 15 22  0  8 23]
np.random.permutation(males)[0:n_mar]
[ 6  9 20 17 12 16 14 23  8  3]
np.random.permutation(males)[0:n_mar]
[11  5  9  4 22 13  8 19 14 15]
np.random.permutation(males)[0:n_mar]
[19  2  6 12 16 18  1  8 20  5]
np.random.permutation(males)[0:n_mar]
[12  7 15 10 20  1  3  9 14 13]
np.random.permutation(males)[0:n_mar]
[18 16 12 19  7 13  1  6  2  8]
np.random.permutation(males)[0:n_mar]
[ 8  6  4 16 17 11 13  7  0 12]
np.random.permutation(males)[0:n_mar]
[15 10  9 16  8  5  2 18 12 21]
np.random.permutation(males)[0:n_mar]
[17 18 11 16  6 23  2  9 14 10]
np.random.permutation(males)[0:n_mar]
[21 20  5  2  8 10 23  4  6 11]
np.random.permutation(males)[0:n_mar]
[15  9  1  3 20 22  5 23 19  6]
np.random.permutation(males)[0:n_mar]
[10 20  7  0 17 11 14  3  1 21]
np.random.permutation(males)[0:n_mar]
[10 20 17 12  0 19  3  6 22 11]
np.random.permutation(males)[0:n_mar]
[ 5 10 19  4 14 22 13 21 18  3]
np.random.permutation(males)[0:n_mar]
[15 13 23  5 19  2 12 18 22  7]
np.random.permutation(males)[0:n_mar]
[20 11  5 19  9 15  0  4 17  6]
np.random.permutation(males)[0:n_mar]
[13  9 12  6 21  1 17  2  7  0]
np.random.permutation(males)[0:n_mar]
[23  6 16 20 17 22  4 21  3  2]
np.random.permutation(males)[0:n_mar]
[ 4 19  7  8 23  1 10 11 14  5]
np.random.permutation(males)[0:n_mar]
[ 7  6 12 16 21  3 22 11 18  9]
np.random.permutation(males)[0:n_mar]
[ 2  7 21 18  8 11 16  3 22  9]
np.random.permutation(males)[0:n_mar]
[ 2 16  1 23  3 22 21  7  9  8]
np.random.permutation(males)[0:n_mar]
[ 9  5  0 12  1  6 14 17  7 20]
np.random.permutation(males)[0:n_mar]
[ 3 14  1 21  8  9 20 17 10  7]
np.random.permutation(males)[0:n_mar]
[ 4 18  1  9  0  3 17  5 14 23]
np.random.permutation(males)[0:n_mar]
[11  2  4  0  3 17 12  1  6 18]
np.random.permutation(males)[0:n_mar]
[ 6 22  7  2 17 12  0 19 20 23]
np.random.permutation(males)[0:n_mar]
[ 5 20 15 21  7  8  1 13  3 10]
np.random.permutation(males)[0:n_mar]
[ 5  4 22 15 16  1  3 18  9 23]
np.random.permutation(males)[0:n_mar]
[10  6 18 15 12  1 20  0 16  5]
np.random.permutation(males)[0:n_mar]
[ 8 17  6  1 19  9 18 22 12 13]
np.random.permutation(males)[0:n_mar]
[14 22  5 17 11  6  4 23  9 15]
np.random.permutation(males)[0:n_mar]
[ 7  8 22 11 13 16 21  3  1 15]
np.random.permutation(males)[0:n_mar]
[21 15 22 19  5 12  8 16 11  3]
np.random.permutation(males)[0:n_mar]
[ 6 17 22  1 15  5 18 19 14  7]
np.random.permutation(males)[0:n_mar]
[ 2  5 12  6 16 22 10 14 15 11]
np.random.permutation(males)[0:n_mar]
[ 4 19  0 20 17 13 21  6  5 12]
np.random.permutation(males)[0:n_mar]
[10 13  4 17  7  9 18  8 20 16]
np.random.permutation(males)[0:n_mar]
[10  7  5 17 19  3  1 11 13  6]
np.random.permutation(males)[0:n_mar]
[ 8 22 17 13  5  0  1 18 15 12]
np.random.permutation(males)[0:n_mar]
[18 21  4  5  0  2 23 15  6  9]
np.random.permutation(males)[0:n_mar]
[17  3  1 20 10  0  9 18 13  2]
np.random.permutation(males)[0:n_mar]
[ 1 22  4 20  9 19  8  6 18 14]
np.random.permutation(males)[0:n_mar]
[ 5 21  0 20  4  9  6 14 11 16]
np.random.permutation(males)[0:n_mar]
[ 5 19  4  8 10  1 23 18 15 21]
np.random.permutation(males)[0:n_mar]
[ 5 15 22 23 17 10 16 20 11  6]
np.random.permutation(males)[0:n_mar]
[20  6 14 18  7 17  8 10 19  4]
np.random.permutation(males)[0:n_mar]
[ 1  9 16 18 14 12 19 11  2 10]
np.random.permutation(males)[0:n_mar]
[19  0  5  1 17  9  7 20 23 12]
np.random.permutation(males)[0:n_mar]
[16  5  4 12  6 20  3 14  1  7]
np.random.permutation(males)[0:n_mar]
[ 3 20  7 17 21 15  4  0  1 18]
np.random.permutation(males)[0:n_mar]
[13 11 18 14  8  3 17 16 19  4]
np.random.permutation(males)[0:n_mar]
[15 12 23 17 19 14 20  1  6 16]
np.random.permutation(males)[0:n_mar]
[15 12  8 20 10 13  7  2  5  4]
np.random.permutation(males)[0:n_mar]
[ 8  2 18  4 21 15 14 12 20 16]
np.random.permutation(males)[0:n_mar]
[11  0  2  5 13  7 17  3 12 14]
np.random.permutation(males)[0:n_mar]
[ 1 21 18  6 10  8  5  4 22 14]
np.random.permutation(males)[0:n_mar]
[12  8 22 18  6  2 13 15  0  3]
np.random.permutation(males)[0:n_mar]
[ 4 13 22 21 12  2 14 19 17  0]
np.random.permutation(males)[0:n_mar]
[15 22  5 21  0 12  4 10 17 11]
np.random.permutation(males)[0:n_mar]
[ 1  8 12 20 10 17 22 18  4  2]
np.random.permutation(males)[0:n_mar]
[18 17 16 14 23 10  1 22  7  9]
np.random.permutation(males)[0:n_mar]
[10 22  8 11  3 17  1  2  6 18]
np.random.permutation(males)[0:n_mar]
[ 1  0  5 10  4  9 15 14  6 23]
np.random.permutation(males)[0:n_mar]
[ 1  8 17 22  2  4 18 19 11  9]
np.random.permutation(males)[0:n_mar]
[11  1 13 22 20  5 17 12  2 19]
np.random.permutation(males)[0:n_mar]
[ 7  8 17  1 22 14  5 20 18 13]
np.random.permutation(males)[0:n_mar]
[18 14 12  0  8  1  6  4 15 10]
np.random.permutation(males)[0:n_mar]
[10  1 13 17 19 21  9  5  0 15]
np.random.permutation(males)[0:n_mar]
[16 20  0  5  1  8 15 19 14 22]
np.random.permutation(males)[0:n_mar]
[15 22  1  9 18 21  7 16 11  5]
np.random.permutation(males)[0:n_mar]
[ 3  7  0  8  5 18 14 20  2 12]
np.random.permutation(males)[0:n_mar]
[ 5 15  4  7  8 21 20 13 17  9]
np.random.permutation(males)[0:n_mar]
[14 19  8 17  6 15 16 21 18 13]
np.random.permutation(males)[0:n_mar]
[ 0  2  3  4 22 10  1 19  6 21]
np.random.permutation(males)[0:n_mar]
[ 4 19  3 20 14 21  1 11  6 23]
np.random.permutation(males)[0:n_mar]
[ 6 15 20 13  0 22 18  7 17 12]
np.random.permutation(males)[0:n_mar]
[23  1  4 20 21  2 18  3 19 11]
np.random.permutation(males)[0:n_mar]
[10  4 21 15  7 16 20 19 13 17]
np.random.permutation(males)[0:n_mar]
[18  8 13  4  7 22 15 23 21  9]
np.random.permutation(males)[0:n_mar]
[11  9  7  5 21 10  8 12  0  3]
np.random.permutation(males)[0:n_mar]
[10 23 19  1  3 20  8 12  2  6]
np.random.permutation(males)[0:n_mar]
[12 22  4 18 11 23 21  2 16  9]
np.random.permutation(males)[0:n_mar]
[10 16 20 11  1  6  2 13 22 18]
np.random.permutation(males)[0:n_mar]
[12 14  7  6  1  0 13 23 15 20]
np.random.permutation(males)[0:n_mar]
[23 22 12 10  3 11 17 18  6  0]
np.random.permutation(males)[0:n_mar]
[18  0 11  7  2 23 15 20 17  9]
np.random.permutation(males)[0:n_mar]
[10 17  1  6  4 22 19  5 23  0]
np.random.permutation(males)[0:n_mar]
[ 8 13 14  1 18  0  2  4 10 22]
np.random.permutation(males)[0:n_mar]
[ 3  9 11 15 18 19  4  6  5  1]
np.random.permutation(males)[0:n_mar]
[ 7  3 16 17  2  9 23 15 12 14]
np.random.permutation(males)[0:n_mar]
[23 20  5  2 17  3 15  1 10 12]
np.random.permutation(males)[0:n_mar]
[ 8  6 21 17  5  9 18 16 11 13]
np.random.permutation(males)[0:n_mar]
[ 1 15 20  5 18 17  0  8  7  4]
np.random.permutation(males)[0:n_mar]
[20 17 18 16  9  2  3 19 23  4]
np.random.permutation(males)[0:n_mar]
[ 4 14 20  6  5  3 15 18 16 19]
np.random.permutation(males)[0:n_mar]
[ 5  8 15  2 23 21  7 19 14 20]
np.random.permutation(males)[0:n_mar]
[ 0  8 16  6 11  1 23 15  7 20]
np.random.permutation(males)[0:n_mar]
[10  3  0  6 12 22  4 16  7 15]
np.random.permutation(males)[0:n_mar]
[ 3  7  9  2 15 16  0  1 21 19]
np.random.permutation(males)[0:n_mar]
[23  4  9 20 16  0 15  2  5 17]
np.random.permutation(males)[0:n_mar]
[18  5 16 22  3  7  2  1 21  8]
np.random.permutation(males)[0:n_mar]
[19  9 11 12 23 15 21 13  5 22]
np.random.permutation(males)[0:n_mar]
[ 4 22 18 14 21  0  7  2 20 19]
np.random.permutation(males)[0:n_mar]
[ 9 20  2 14 21 11 10  0 22  5]
np.random.permutation(males)[0:n_mar]
[ 4 17 11 12  5 14 10  6  8  9]
np.random.permutation(males)[0:n_mar]
[17 22 11 12  8 14  9 16 18 21]
np.random.permutation(males)[0:n_mar]
[10  2 14  6  8 11  0  1 21  7]
np.random.permutation(males)[0:n_mar]
[18 15  1 10  2  4 13 17  8 16]
np.random.permutation(males)[0:n_mar]
[16  2 21  9  6 19 23 13 17 18]
np.random.permutation(males)[0:n_mar]
[18 11  2  0  5 15 13  6 23 12]
np.random.permutation(males)[0:n_mar]
[ 1 22  9 20 15 10 13  0 18 21]
np.random.permutation(males)[0:n_mar]
[10  2 14 18 11 20  0  3 12 23]
np.random.permutation(males)[0:n_mar]
[21 19  2 12  6 16 10 13  3  5]
np.random.permutation(males)[0:n_mar]
[19 15 17  4 18  6 12 21 14  3]
np.random.permutation(males)[0:n_mar]
[ 5 22 15 19  3 10  4  2 11 18]
np.random.permutation(males)[0:n_mar]
[20 23  3 17  6  7 19  4 11  9]
np.random.permutation(males)[0:n_mar]
[ 1  0 11  4  8  9 16  5 23 12]
np.random.permutation(males)[0:n_mar]
[17 10 21  9 15  7 11 23 20 18]
np.random.permutation(males)[0:n_mar]
[17 23  7 21 18  9 14 10  1 11]
np.random.permutation(males)[0:n_mar]
[ 5  0 12 18 15 20 19 16 13 10]
np.random.permutation(males)[0:n_mar]
[23 15 10 12  2 16 20  6  1 21]
np.random.permutation(males)[0:n_mar]
[13  1 17 14  8  2 18  0 10  6]
np.random.permutation(males)[0:n_mar]
[17  9 20  0 21 18  1  6  5 13]
np.random.permutation(males)[0:n_mar]
[11  8  4 13 12 20 10  0 14  7]
np.random.permutation(males)[0:n_mar]
[10  9 23  1  5 18 13 14  2 15]
np.random.permutation(males)[0:n_mar]
[20  1  4 13 21 12  3  8 19 17]
np.random.permutation(males)[0:n_mar]
[ 9 18 21 19 10  7  4 15 20 11]
np.random.permutation(males)[0:n_mar]
[ 3 15 17  6 21 13  0 16 22  1]
np.random.permutation(males)[0:n_mar]
[ 2 17 18 23  5 10 13  9 19  3]
np.random.permutation(males)[0:n_mar]
[16 19 22 17  5 13  6 14 20  2]
np.random.permutation(males)[0:n_mar]
[20  9 11 16  5  6  8 13  4 18]
np.random.permutation(males)[0:n_mar]
[18  9 17 21  3 19 16  4  5 10]
np.random.permutation(males)[0:n_mar]
[ 3 16 17 20  2 15 18  7 23  4]
np.random.permutation(males)[0:n_mar]
[12 19  6 22 16  8 11 20 18  1]
np.random.permutation(males)[0:n_mar]
[16  2 12 21  0  9 15 17 19 23]
np.random.permutation(males)[0:n_mar]
[11 17 15  6 19 22 12 21  5 20]
np.random.permutation(males)[0:n_mar]
[ 8  4 14 19 20 15  1 16 11 13]
np.random.permutation(males)[0:n_mar]
[20  6 13 23  2 22 15  3 18 19]
np.random.permutation(males)[0:n_mar]
[ 4  9 16 21 17 20 22 11 10 18]
np.random.permutation(males)[0:n_mar]
[22  6  9 10 11 16  3  7 15 20]
np.random.permutation(males)[0:n_mar]
[23 15  1  2 17  4 20  6 18  8]
np.random.permutation(males)[0:n_mar]
[ 7 23  3  5 13 22  0  8 11  9]
np.random.permutation(males)[0:n_mar]
[ 6 17 16 19 20  4 11  3 14 18]
np.random.permutation(males)[0:n_mar]
[21  2 16  8 12 22  7  0  4 14]
np.random.permutation(males)[0:n_mar]
[ 9 22  4 11 18  3 21  0 17 12]
np.random.permutation(males)[0:n_mar]
[ 7 19  8 23 14  9 10 22  5  3]
np.random.permutation(males)[0:n_mar]
[ 2 15 16 11 12  5  7 14  8 18]
np.random.permutation(males)[0:n_mar]
[15  8 12  0 21 22  7 17  4  2]
np.random.permutation(males)[0:n_mar]
[ 0 20  8  2 11 16  1 21  5  9]
np.random.permutation(males)[0:n_mar]
[20  9 11  3 22 17  7 14 21 15]
np.random.permutation(males)[0:n_mar]
[19 17 12 11  0  4  5  7 23  2]
np.random.permutation(males)[0:n_mar]
[23  7  0  4  6 17 20 10  1  9]
np.random.permutation(males)[0:n_mar]
[14 10 11  4  9  1  6  7 17 20]
np.random.permutation(males)[0:n_mar]
[ 0 22 10 19 11  1  9  4  7 20]
np.random.permutation(males)[0:n_mar]
[22  2 20 14 21 10 13 23  8 15]
np.random.permutation(males)[0:n_mar]
[23 13  1  0 18 19  6  9 11 10]
np.random.permutation(males)[0:n_mar]
[21  6 23  4  8 20 15  2 14 13]
np.random.permutation(males)[0:n_mar]
[ 5 12 13 18 10 14 19 15  2  1]
np.random.permutation(males)[0:n_mar]
[20  8 18 14 22 15  5  3 13 10]
np.random.permutation(males)[0:n_mar]
[20  9 11 22 18 15 16 21  6  3]
np.random.permutation(males)[0:n_mar]
[ 8 15  4 12 18 17 13 20  1 11]
np.random.permutation(males)[0:n_mar]
[ 6  1 22  7 19 16 11 15  8 20]
np.random.permutation(males)[0:n_mar]
[ 4 21 11 17 16  0  7  8  2 12]
np.random.permutation(males)[0:n_mar]
[16 13  4  0  9  8  3 21  1 19]
np.random.permutation(males)[0:n_mar]
[21 15  5 16 17  3  8 12 11 14]
np.random.permutation(males)[0:n_mar]
[18 12 13  2 19  8 16  1 20 14]
np.random.permutation(males)[0:n_mar]
[11 23  3 19 14 16  7  8 12 10]
np.random.permutation(males)[0:n_mar]
[ 3  0  5 18  1 19 11 23  4  2]
np.random.permutation(males)[0:n_mar]
[10 11  1 14 23 22 18 21  6  8]
np.random.permutation(males)[0:n_mar]
[22  7 15  8  0 18 19 13 21  6]
np.random.permutation(males)[0:n_mar]
[ 8 17  7  9  5 19 13 16 10  3]
np.random.permutation(males)[0:n_mar]
[17  6 12 19 10  3  0  2  5 14]
np.random.permutation(males)[0:n_mar]
[12 23 19 13 18 15 17 10  6 16]
np.random.permutation(males)[0:n_mar]
[23 14  6  9 18 10 17 19  1  0]
np.random.permutation(males)[0:n_mar]
[16  6  8 22  2 14 20 21  7 13]
np.random.permutation(males)[0:n_mar]
[11  0 13  5 20 18  7 19  4  1]
np.random.permutation(males)[0:n_mar]
[23  7 22 10  9 11 19 21  2  1]
np.random.permutation(males)[0:n_mar]
[11  8  6 15  5 19 16 23 13  0]
np.random.permutation(males)[0:n_mar]
[21 22 18 12  5  1 13 16  6  3]
np.random.permutation(males)[0:n_mar]
[15 20  2 13 21  3 14  5 11  8]
np.random.permutation(males)[0:n_mar]
[ 3 12  2  1 15 18 22 11 21  4]
np.random.permutation(males)[0:n_mar]
[17 22 13 12 23  8 14  6 18  7]
np.random.permutation(males)[0:n_mar]
[23 11 22  2 18 13 14 12  1 21]
np.random.permutation(males)[0:n_mar]
[ 0 14 10  1  8  3  7 16 21 20]
np.random.permutation(males)[0:n_mar]
[ 6 20  8  3 14  1 15  2  7 23]
np.random.permutation(males)[0:n_mar]
[ 6  4  7 23  2  0 14 19 12 18]
np.random.permutation(males)[0:n_mar]
[19 22  4 17  5 11 20  3 23  1]
np.random.permutation(males)[0:n_mar]
[ 5 11  9 10 21  8 12  3 19 22]
np.random.permutation(males)[0:n_mar]
[ 2 16 19 13 23 20  8 12 17  3]
np.random.permutation(males)[0:n_mar]
[19 13 15  4 20 21  3 16 12 18]
np.random.permutation(males)[0:n_mar]
[14  2 10 15  8 21 19  6 16 13]
np.random.permutation(males)[0:n_mar]
[21 15  6  4 13  5 16  2 23  1]
np.random.permutation(males)[0:n_mar]
[14  7 20 16 12  1  4 21 10  3]
np.random.permutation(males)[0:n_mar]
[ 2 11  1 22 10 17 12 20  0 19]
np.random.permutation(males)[0:n_mar]
[ 0 14 12 21  8  6 23 20 10 16]
np.random.permutation(males)[0:n_mar]
[17 16 11 19 22  0  9 18 14 20]
np.random.permutation(males)[0:n_mar]
[14 22 11  9  8  5 13  2 16 12]
np.random.permutation(males)[0:n_mar]
[18 13 16 12  4  9 23 14  3  1]
np.random.permutation(males)[0:n_mar]
[ 9  2  7 21  1 20 10 17  3 19]
np.random.permutation(males)[0:n_mar]
[10 19 23 12  8  3  1 14 22  7]
np.random.permutation(males)[0:n_mar]
[22 12  9 17 23  3  4  2 18  8]
np.random.permutation(males)[0:n_mar]
[10 16 22  7 11  0  6 14  5  1]
np.random.permutation(males)[0:n_mar]
[ 9  5 21 20 11  1 17 19 10  7]
np.random.permutation(males)[0:n_mar]
[ 3 22 17  0 14 21 16  5 23 11]
np.random.permutation(males)[0:n_mar]
[ 6 15 19 14 11  9 21 20 18 23]
np.random.permutation(males)[0:n_mar]
[21  7 13  0 14 23  1  5  2 16]
np.random.permutation(males)[0:n_mar]
[11  8 13 20  7 16  0 14 17  9]
np.random.permutation(males)[0:n_mar]
[18  5  0 11 20 14  2  1 17  7]
np.random.permutation(males)[0:n_mar]
[ 4  2  3 10 17  9 13  0 19  5]
np.random.permutation(males)[0:n_mar]
[ 6 13 11 21 19  0 15  7  3 22]
np.random.permutation(males)[0:n_mar]
[ 8 19 12 17  9 20  7 21 13  0]
np.random.permutation(males)[0:n_mar]
[21 20  1 13 10 15  2 16 18  8]
np.random.permutation(males)[0:n_mar]
[ 9 14 12 21  5 17 15  3  0  6]
np.random.permutation(males)[0:n_mar]
[ 3  0 13 19 14  7 11 18 23 15]
np.random.permutation(males)[0:n_mar]
[ 2  1 18  8 16 23 11 22 20 12]
np.random.permutation(males)[0:n_mar]
[ 7 20 11 10 13 17  0 18 23 19]
np.random.permutation(males)[0:n_mar]
[18 23  1 13 10  9  8 21 14  3]
np.random.permutation(males)[0:n_mar]
[16  4  0 18  2 10 14 20  3  1]
np.random.permutation(males)[0:n_mar]
[22 19 11  5  2 18  0  6  3  9]
np.random.permutation(males)[0:n_mar]
[23 18  5  3  4 20 15 13 14  1]
np.random.permutation(males)[0:n_mar]
[15  3  8  9 20 12 21 23 14 13]
np.random.permutation(males)[0:n_mar]
[ 2 15  7  6 14  0 16 13  5  4]
np.random.permutation(males)[0:n_mar]
[11  7 23 19  2  0 12 20  1 15]
np.random.permutation(males)[0:n_mar]
[19 21 16  6 12  5  7 13 18  3]
np.random.permutation(males)[0:n_mar]
[17  3  8  4 10 14 19 23 15  9]
np.random.permutation(males)[0:n_mar]
[ 9  0 13 21 16  5 14 12 22 15]
np.random.permutation(males)[0:n_mar]
[12  9 14 15  7 11  6  1  0  2]
np.random.permutation(males)[0:n_mar]
[10  8  9  5 21 16  2  4  0 22]
np.random.permutation(males)[0:n_mar]
[23 22 12 10 21  9 15  3  8 16]
np.random.permutation(males)[0:n_mar]
[23 22  4 16 13 14  7  3  8  0]
np.random.permutation(males)[0:n_mar]
[19 14 11 17 18 13  5 16  0  9]
np.random.permutation(males)[0:n_mar]
[ 4 13 17  5  7 16 20  2  6  0]
np.random.permutation(males)[0:n_mar]
[23  4 20 14 13  3 16 12  2 17]
np.random.permutation(males)[0:n_mar]
[ 8 11 17 20  0 15  1 21 14 22]
np.random.permutation(males)[0:n_mar]
[ 6 10  0  3  2  4 23 12 14  8]
np.random.permutation(males)[0:n_mar]
[13 18  9 11  2 12  1 17 21  3]
np.random.permutation(males)[0:n_mar]
[ 0  4  8  6 20 15  7 12 18  3]
np.random.permutation(males)[0:n_mar]
[23  2  6 13 11  8 17  9 21 22]
np.random.permutation(males)[0:n_mar]
[ 4  6 17 11 21 15  5  7 18 12]
np.random.permutation(males)[0:n_mar]
[12  5  6  9  4 14 13 19 21  8]
np.random.permutation(males)[0:n_mar]
[16  7 21  9 14 12  8 11 17  5]
np.random.permutation(males)[0:n_mar]
[ 5  2 21 10 19  0  4 15 12 11]
np.random.permutation(males)[0:n_mar]
[ 6  5  7 22  8 20 14  3 12 16]
np.random.permutation(males)[0:n_mar]
[19 18  4 12  0  7 17  3 21 15]
np.random.permutation(males)[0:n_mar]
[10 14 21 23  5 20  2  4  8  6]
np.random.permutation(males)[0:n_mar]
[ 1 10  9 14  7 15  0 20  8 11]
np.random.permutation(males)[0:n_mar]
[22  5  7 18 11 16  1  3 20 13]
np.random.permutation(males)[0:n_mar]
[13  1 16  2  9 17  0  6 10  4]
np.random.permutation(males)[0:n_mar]
[ 5  8 18  4 20 22  3  7 16  9]
np.random.permutation(males)[0:n_mar]
[ 4 10  7  6  2 17  0 20 21 14]
np.random.permutation(males)[0:n_mar]
[22 13 11  3  4 12 21  0  1 16]
np.random.permutation(males)[0:n_mar]
[16 14 13  2  5 12 21 20  4  8]
np.random.permutation(males)[0:n_mar]
[22 19 20  5 16  1  4  8 17  2]
np.random.permutation(males)[0:n_mar]
[ 1  5 12 21  7 17 11 19  9 10]
np.random.permutation(males)[0:n_mar]
[18  7  1 14 13 10  5 17 23 20]
np.random.permutation(males)[0:n_mar]
[11 22  8 16 13  4 18  3  0  9]
np.random.permutation(males)[0:n_mar]
[13  1  0 23 17 21 18 10  7  9]
np.random.permutation(males)[0:n_mar]
[12  0  2  6 19  9 16 11  5 13]
np.random.permutation(males)[0:n_mar]
[ 9 11 23 20 10 21  6  0 19 12]
np.random.permutation(males)[0:n_mar]
[ 2  0  8 16  9  6  5  7 19 12]
np.random.permutation(males)[0:n_mar]
[13 22 15  8  1 12  3 23 17 19]
np.random.permutation(males)[0:n_mar]
[21  6 18 11 13  8  5  4  9 20]
np.random.permutation(males)[0:n_mar]
[12  8 13 16  0  7  6 22 11 23]
np.random.permutation(males)[0:n_mar]
[17 18 11 19  4  5 20  8  2 10]
np.random.permutation(males)[0:n_mar]
[ 4 14  8 18 12  1  5 22 10  2]
np.random.permutation(males)[0:n_mar]
[17  4  3 19 22 20  8 18 16 21]
np.random.permutation(males)[0:n_mar]
[11 16  7 13  6 21  4 15  5 12]
np.random.permutation(males)[0:n_mar]
[11 14 16  2 18 15 23 13 19  7]
np.random.permutation(males)[0:n_mar]
[23 17 22 20  7  3 13 14 11 10]
np.random.permutation(males)[0:n_mar]
[18 22  9 20  4  0 14 21 23 15]
np.random.permutation(males)[0:n_mar]
[ 9 22 19  6  8  0 10 11 14 17]
np.random.permutation(males)[0:n_mar]
[ 0  2  8 14  4 16  6 13 19 15]
np.random.permutation(males)[0:n_mar]
[19  4 14  0 15 13  7  2  6 21]
np.random.permutation(males)[0:n_mar]
[17 11 19  2  9 10 21 18  1  5]
np.random.permutation(males)[0:n_mar]
[ 9  2 13 17 21 14 10 23  1  8]
np.random.permutation(males)[0:n_mar]
[20  8 21 10  4  1  2 22 15  9]
np.random.permutation(males)[0:n_mar]
[ 4  0  5 14 19 20 21  3  6 16]
np.random.permutation(males)[0:n_mar]
[11 23 15 20 16 17  4  6 19 22]
np.random.permutation(males)[0:n_mar]
[19  3 18  6 11  5  7 15 10 21]
np.random.permutation(males)[0:n_mar]
[14 11 18 12 19  1 23  8 21 13]
np.random.permutation(males)[0:n_mar]
[11  8 10 17 21  4 19 14  5  2]
np.random.permutation(males)[0:n_mar]
[16 22  4  1 17  9  0 14 10  8]
np.random.permutation(males)[0:n_mar]
[12  8 11  1 10 20 17  0 16  4]
np.random.permutation(males)[0:n_mar]
[13 20  5 22 18  1 15 14 11 10]
np.random.permutation(males)[0:n_mar]
[14  2 16 19 23 12  8 11 18  3]
np.random.permutation(males)[0:n_mar]
[11 16 22 17  5  8  4 20  9 15]
np.random.permutation(males)[0:n_mar]
[17 23 22 16  9  1  2 18  6 12]
np.random.permutation(males)[0:n_mar]
[ 5 15  6  0  7 16 23 18 13 11]
np.random.permutation(males)[0:n_mar]
[18 20 19 22  8 16 13 21  6  2]
np.random.permutation(males)[0:n_mar]
[23  3 13  0 21 10 22  4 14  2]
np.random.permutation(males)[0:n_mar]
[20  6  5 14  9 19  7  0 23  1]
np.random.permutation(males)[0:n_mar]
[ 3  2 17 21  8 14 20 16 22 23]
np.random.permutation(males)[0:n_mar]
[23  4 20  9  3  1  2 13 21 22]
np.random.permutation(males)[0:n_mar]
[22  4 17 10  8  2 11 23 18 21]
np.random.permutation(males)[0:n_mar]
[ 5 17 18 23  9 15 10 21  6 16]
np.random.permutation(males)[0:n_mar]
[ 2 15 11 12  8 10 18  9  5 21]
np.random.permutation(males)[0:n_mar]
[ 1  7 10 19  2 18 22  3 11 17]
np.random.permutation(males)[0:n_mar]
[ 5  9 23  4  2 10 20 16  8  1]
np.random.permutation(males)[0:n_mar]
[23  7 16 20  8 14 15  4  2 12]
np.random.permutation(males)[0:n_mar]
[21  9  6 12 11 10  2 18  3 20]
np.random.permutation(males)[0:n_mar]
[ 5 23 11 20  7 10 18 21  1 12]
np.random.permutation(males)[0:n_mar]
[15 17  5  2  0  3 13 16  8  9]
np.random.permutation(males)[0:n_mar]
[ 3  7 21 18 17 14  0  4 16 11]
np.random.permutation(males)[0:n_mar]
[21  5 12 18 23 17  2 14 20  3]
np.random.permutation(males)[0:n_mar]
[20  7 19 23 14  9 17 22 18  8]
np.random.permutation(males)[0:n_mar]
[ 5  2  6 20  9  7 17  3 23  1]
np.random.permutation(males)[0:n_mar]
[ 2 20  9 19 22 11 12 15 13  4]
np.random.permutation(males)[0:n_mar]
[21  2 23  1 20 17 14  7  4 22]
np.random.permutation(males)[0:n_mar]
[23  8 17 19 13  9 10 22  2 18]
np.random.permutation(males)[0:n_mar]
[21  5 12  4  8  1 18 14 20  7]
np.random.permutation(males)[0:n_mar]
[ 3 21  2 11  5  7 18 19  8  0]
np.random.permutation(males)[0:n_mar]
[22 19 16 12 14 11 23  1  4 17]
np.random.permutation(males)[0:n_mar]
[20 15  7 11  6  4  8 19 16  1]
np.random.permutation(males)[0:n_mar]
[ 0  6  1 10 21 15 20 12 17  2]
np.random.permutation(males)[0:n_mar]
[ 1 15 17 19 11  8  9  2 14  4]
np.random.permutation(males)[0:n_mar]
[13 15  5 10 12  6 14  9 11 22]
np.random.permutation(males)[0:n_mar]
[21 13 15 11  6 19 20  4 23 10]
np.random.permutation(males)[0:n_mar]
[20  3 15 13 22  9  6 10 21 16]
np.random.permutation(males)[0:n_mar]
[ 0 12 22 23  5  2  7  6  3 16]
np.random.permutation(males)[0:n_mar]
[20  4 12 23 18 14  7 21  5 17]
np.random.permutation(males)[0:n_mar]
[19  5  7 22  4 18  9  2 10 14]
np.random.permutation(males)[0:n_mar]
[19 11  5 16  2  8  0  9 10 14]
np.random.permutation(males)[0:n_mar]
[16 15 11 19  9  6 12 14  7 21]
np.random.permutation(males)[0:n_mar]
[ 9  7 14 21 17  1 13 20 11 23]
np.random.permutation(males)[0:n_mar]
[12  0  5 14 19 15 16  6 22 11]
np.random.permutation(males)[0:n_mar]
[ 7 20 15 16 11 14  1 19  5  8]
np.random.permutation(males)[0:n_mar]
[22  9  4 19  5  1 10  8  7 20]
np.random.permutation(males)[0:n_mar]
[20  4  9 16 11  1  6 23 21  5]
np.random.permutation(males)[0:n_mar]
[11  3  8  1 21 14 23 15 17 18]
np.random.permutation(males)[0:n_mar]
[ 7 10 19  8 11 13 14 18 21  3]
np.random.permutation(males)[0:n_mar]
[21 10  3 14 22 16  9  7  5 20]
np.random.permutation(males)[0:n_mar]
[ 3 10 13  8  2  6 12 15 22  4]
np.random.permutation(males)[0:n_mar]
[ 5  0 13 16 19 20 17 11  9 18]
np.random.permutation(males)[0:n_mar]
[21 10 22 11  0 14  2  6 20 12]
np.random.permutation(males)[0:n_mar]
[14 18  7  4 23 19 17 20 15 21]
np.random.permutation(males)[0:n_mar]
[15  7 19 17  1 20 14  9  8 23]
np.random.permutation(males)[0:n_mar]
[23 16 12  9  3 19 17  0 14  5]
np.random.permutation(males)[0:n_mar]
[11 16 17  2  8 18  9 14  0 10]
np.random.permutation(males)[0:n_mar]
[15 14  3 22  5 12 19  7  1 20]
np.random.permutation(males)[0:n_mar]
[ 1 20 11 16  2  3 23 17 10 18]
np.random.permutation(males)[0:n_mar]
[18 11  4 21 13 19 23  8  9 15]
np.random.permutation(males)[0:n_mar]
[ 5 17 18  9 21 20  4  6  3 23]
np.random.permutation(males)[0:n_mar]
[ 2 14 22  3  1  6  9 21 13 18]
np.random.permutation(males)[0:n_mar]
[12 19 22  1  8 20  0 10 14 16]
np.random.permutation(males)[0:n_mar]
[ 7  4  2 17 16 13 23 20  1  5]
np.random.permutation(males)[0:n_mar]
[13 20 11 19 14  3 15  7  1 16]
np.random.permutation(males)[0:n_mar]
[17  0  7  5  1  4  2 10 19  8]
np.random.permutation(males)[0:n_mar]
[ 4 22 21 17 15  1  0 16 20 12]
np.random.permutation(males)[0:n_mar]
[ 8  0  3 17 14 20  9 16  1 19]
np.random.permutation(males)[0:n_mar]
[17 11 12 19 13 21  1  2 23  4]
np.random.permutation(males)[0:n_mar]
[ 1  5 21  6  7 14  2  4 20  8]
np.random.permutation(males)[0:n_mar]
[ 0  4 18  5 10  1 21 12 14  2]
np.random.permutation(males)[0:n_mar]
[ 7 15 13 19  1  3 14  9 21  4]
np.random.permutation(males)[0:n_mar]
[ 7  1  9  3 13 15 23  2 14  6]
np.random.permutation(males)[0:n_mar]
[15 22  7 14  2  4  9 21  8  5]
np.random.permutation(males)[0:n_mar]
[18 12  0 16  4  6 14 10  7 15]
np.random.permutation(males)[0:n_mar]
[12 11  7 13  5 22  8 15 20 14]
np.random.permutation(males)[0:n_mar]
[22 11  4  2  3  9  8 21  1  6]
np.random.permutation(males)[0:n_mar]
[23 22  8 12 16  4  6  2  9 11]
np.random.permutation(males)[0:n_mar]
[22 12 19 13 20  9 16  2 15 14]
np.random.permutation(males)[0:n_mar]
[18 11  9  5  8  2  7 14 13  1]
np.random.permutation(males)[0:n_mar]
[14  7 23  2  1 17  5 21 15  6]
np.random.permutation(males)[0:n_mar]
[19  1 21 12  8 13  5 23  7 15]
np.random.permutation(males)[0:n_mar]
[ 4 21 20 15 11  5  7 13 23  3]
np.random.permutation(males)[0:n_mar]
[10  5 22 13 18 15 23  3 17  2]
np.random.permutation(males)[0:n_mar]
[22 17 14 16  8 20 19 23 15  1]
np.random.permutation(males)[0:n_mar]
[18  9  7  3 17 16  8 20 23 10]
np.random.permutation(males)[0:n_mar]
[14 19  0 12  8 11 13 20  3 22]
np.random.permutation(males)[0:n_mar]
[ 9  6 12  0 18 10  1 19  2 17]
np.random.permutation(males)[0:n_mar]
[ 7 21  2 14 15 17 16  5  3  0]
np.random.permutation(males)[0:n_mar]
[ 7  9 17 19  2 20  4 16  5 15]
np.random.permutation(males)[0:n_mar]
[ 9  4  8 12 21  0 13  5  6 19]
np.random.permutation(males)[0:n_mar]
[ 8 22 16  2 12  0  7 20  5 14]
np.random.permutation(males)[0:n_mar]
[ 5  8  1  9  3 11 19 23  7  4]
np.random.permutation(males)[0:n_mar]
[ 1 23  7 21 22 11 10 20 19  9]
np.random.permutation(males)[0:n_mar]
[18 19 20 21  5 10  2  9 17 14]
np.random.permutation(males)[0:n_mar]
[ 4 17 21 18  0  2 20  9 23  3]
np.random.permutation(males)[0:n_mar]
[10 18 21 11  6  8  3  9  5  2]
np.random.permutation(males)[0:n_mar]
[19 20 14  8  7  5  3  2  4 17]
np.random.permutation(males)[0:n_mar]
[ 0 17  9 18 19 21 12 10 13  4]
np.random.permutation(males)[0:n_mar]
[22 19 23 10  4 20 12  7 15 13]
np.random.permutation(males)[0:n_mar]
[ 1 19 14  8  4  0  2 17 11 21]
np.random.permutation(males)[0:n_mar]
[23  9  7 12  2  8  6 13 10 17]
np.random.permutation(males)[0:n_mar]
[15  9  3 13 14 23 16 20 11  0]
np.random.permutation(males)[0:n_mar]
[11 23 17  7  2 12  4  5 16 14]
np.random.permutation(males)[0:n_mar]
[11  8 12  9 21 15  2 10 18 17]
np.random.permutation(males)[0:n_mar]
[17  4  1 18 19 21 15  0 12  5]
np.random.permutation(males)[0:n_mar]
[ 6 22  1 16  9 10 12 18  3 23]
np.random.permutation(males)[0:n_mar]
[ 4 10 16  2 22 12 15 23 14  6]
np.random.permutation(males)[0:n_mar]
[ 3  0  4 15  5 18 13 12  2  7]
np.random.permutation(males)[0:n_mar]
[ 7 11  1 18 15 16  8 23 17 10]
np.random.permutation(males)[0:n_mar]
[ 7  8 19 12 23 18 16 10  6  1]
np.random.permutation(males)[0:n_mar]
[ 8 12 16 15 19 17  9  1  3 23]
np.random.permutation(males)[0:n_mar]
[ 2 10  1  0 15 23 11 22 20 12]
np.random.permutation(males)[0:n_mar]
[11 12 23 14 22  2  7 15  0 18]
np.random.permutation(males)[0:n_mar]
[ 5 16 14 23 10 12 15 17  1 19]
np.random.permutation(males)[0:n_mar]
[16  8  5 17  4 10 14  3 11  7]
np.random.permutation(males)[0:n_mar]
[ 1 10  0 20 17 16 14 15 11  6]
np.random.permutation(males)[0:n_mar]
[21  5 17 13 23  6  7 19 18 12]
np.random.permutation(males)[0:n_mar]
[16 13 23 15  7  3 14  0  4 19]
np.random.permutation(males)[0:n_mar]
[11  2  4 18  6 20  1 22  7 14]
np.random.permutation(males)[0:n_mar]
[ 1 18 12  2 22 10 11  3  8  7]
np.random.permutation(males)[0:n_mar]
[ 9 17 18 14  4 21 16  5  2 20]
np.random.permutation(males)[0:n_mar]
[ 2 18 12  8  3 17  4  0 16 19]
np.random.permutation(males)[0:n_mar]
[22 13 16 12 20  8  3 17  1 14]
np.random.permutation(males)[0:n_mar]
[14  0 16  8 15  1 13 21  4  6]
np.random.permutation(males)[0:n_mar]
[ 2 18 20  0 22 23 13 19 12  5]
np.random.permutation(males)[0:n_mar]
[10 20 12  8 18  4  0 16 19 17]
np.random.permutation(males)[0:n_mar]
[17  8  4 16  2 10 13 12 21 20]
np.random.permutation(males)[0:n_mar]
[18  8 17 22 23 19 11 20 14 15]
np.random.permutation(males)[0:n_mar]
[15 21 13 10 12  1 19 23  3  6]
np.random.permutation(males)[0:n_mar]
[14  4  5 11 23 18 13 15  3  6]
np.random.permutation(males)[0:n_mar]
[ 3  1 18 23 13 16  6 11  9 17]
np.random.permutation(males)[0:n_mar]
[12 14 16  2  7 13 17  6  8  0]
np.random.permutation(males)[0:n_mar]
[ 0 15 22 20  4 10 11 12  7  6]
np.random.permutation(males)[0:n_mar]
[12 18  5 21  9 14 15 13  7  4]
np.random.permutation(males)[0:n_mar]
[ 9  8  5  0 11  6 23 18 12 21]
np.random.permutation(males)[0:n_mar]
[ 8  0 20  6  4 11 23 18  5 14]
np.random.permutation(males)[0:n_mar]
[17  2 23 21 11 12  5  1  0  3]
np.random.permutation(males)[0:n_mar]
[ 8 20  7  2 19  9  4 23 18  0]
np.random.permutation(males)[0:n_mar]
[ 0 17  4  5 23 11 10 14  2 19]
np.random.permutation(males)[0:n_mar]
[12 11 16  7 15 13 19 21 10 18]
np.random.permutation(males)[0:n_mar]
[ 2 11 13 23 16  8  0 14 17  6]
np.random.permutation(males)[0:n_mar]
[ 3 14 16 20  9  1 21  7 12 13]
np.random.permutation(males)[0:n_mar]
[ 7  3 14 20 23  6  5 18 22 15]
np.random.permutation(males)[0:n_mar]
[14  7 21  4 12  3 19  1 17 22]
np.random.permutation(males)[0:n_mar]
[ 3  4 10 19 14 15 21  0 13  1]
np.random.permutation(males)[0:n_mar]
[ 7 18 15  6  9 19 22 23  3  0]
np.random.permutation(males)[0:n_mar]
[21  7  6  1  0 17 20  3 14 10]
np.random.permutation(males)[0:n_mar]
[ 5 12  0 14 11 10  9 17 22 21]
np.random.permutation(males)[0:n_mar]
[14  1  4  7 13  9 20  0 23 12]
np.random.permutation(males)[0:n_mar]
[ 6 19  0  9 17 21  3  2  8 13]
np.random.permutation(males)[0:n_mar]
[ 4  5  3 14  8  9 13 21 18  0]
np.random.permutation(males)[0:n_mar]
[12  7 21  8 14  5 10 15 16  4]
np.random.permutation(males)[0:n_mar]
[ 4 22  7 15  0  3 21 20  8  6]
np.random.permutation(males)[0:n_mar]
[14  4 13 19 21 15 18 20  0  1]
np.random.permutation(males)[0:n_mar]
[12  7 10 11 14  1 20  4 22 18]
np.random.permutation(males)[0:n_mar]
[19 20 10 15 23 17 13  3  9  8]
np.random.permutation(males)[0:n_mar]
[19  8 15  0 13  7  4  6  9  3]
np.random.permutation(males)[0:n_mar]
[16  6  7  4 12 15  8  0  5 14]
np.random.permutation(males)[0:n_mar]
[ 5 12 18 21 13  7  2 19 10 22]
np.random.permutation(males)[0:n_mar]
[11 14  2  3  8  1 21  6 10 20]
np.random.permutation(males)[0:n_mar]
[10 19  3 20  4  9 14  6  2 18]
np.random.permutation(males)[0:n_mar]
[19 21  1  7 11 15  8 14 18  4]
np.random.permutation(males)[0:n_mar]
[19 22  9 21 16 18  2 23  3 10]
np.random.permutation(males)[0:n_mar]
[12  5  6  1 18  8 10 13 21 15]
np.random.permutation(males)[0:n_mar]
[18 15 20 16 22  6  2 12 14  4]
np.random.permutation(males)[0:n_mar]
[13  6 11  5  9 16 19  1 21  2]
np.random.permutation(males)[0:n_mar]
[12  0 18  1  7  3  9  5 10 23]
np.random.permutation(males)[0:n_mar]
[ 7 10 16 18 14 12  8  0  5  2]
np.random.permutation(males)[0:n_mar]
[15 17 18  2  3  6 19 23 21  7]
np.random.permutation(males)[0:n_mar]
[ 0 17 20  9  3 16  8 18 13  5]
np.random.permutation(males)[0:n_mar]
[ 9  6 14 19 10  5  8  2 21  3]
np.random.permutation(males)[0:n_mar]
[ 5 15 11  2 22  9  0  6  3 14]
np.random.permutation(males)[0:n_mar]
[ 6 20 23  9  3  4  7 22 19  1]
np.random.permutation(males)[0:n_mar]
[ 6 21  9 14 19 23  3  7  0 10]
np.random.permutation(males)[0:n_mar]
[22 11  3 13 16 15 23  9 14  4]
np.random.permutation(males)[0:n_mar]
[ 3 17  2 20  8 22 11  1  9 10]
np.random.permutation(males)[0:n_mar]
[ 4 19 13 23 15 22  0 17 18  9]
np.random.permutation(males)[0:n_mar]
[ 6  1 13 11  7  9 19 20 21  5]
np.random.permutation(males)[0:n_mar]
[ 9 12 21 10  4  7 20  0 19  2]
np.random.permutation(males)[0:n_mar]
[19  1 17  4  5 15 22  9 10 13]
np.random.permutation(males)[0:n_mar]
[ 5 22  1  8 19 10 21 23  6 18]
np.random.permutation(males)[0:n_mar]
[10 19 20 13  9  7  4 21  1 17]
np.random.permutation(males)[0:n_mar]
[ 2 13 16 14  3  8 22  0  5 11]
np.random.permutation(males)[0:n_mar]
[10 21  5 12  8 23 20 13  7  0]
np.random.permutation(males)[0:n_mar]
[17  8  6 19 20 15 11 22 16 23]
np.random.permutation(males)[0:n_mar]
[17  9 16 23 11  0  2 14  4 22]
np.random.permutation(males)[0:n_mar]
[ 4 19 10 21 17 13  5  6 18  0]
np.random.permutation(males)[0:n_mar]
[ 0 21  7 18 15  9  1  5  8 11]
np.random.permutation(males)[0:n_mar]
[ 0 22 18  7  2 20 11  5  8 23]
np.random.permutation(males)[0:n_mar]
[ 5 20 22  3 13 11 21  6  4 16]
np.random.permutation(males)[0:n_mar]
[22  1 18  9  4 23 20 19  2  3]
np.random.permutation(males)[0:n_mar]
[13  5 21  9  2 18 16 17  0 11]
np.random.permutation(males)[0:n_mar]
[17  0 13 15 20 22 10 21  7 12]
np.random.permutation(males)[0:n_mar]
[16  0 11 18 21  1  9 14 23  7]
np.random.permutation(males)[0:n_mar]
[14 17 19  7 13  9  2  3 15 20]
np.random.permutation(males)[0:n_mar]
[ 4 18 20  8 23  0  9 17 12  7]
np.random.permutation(males)[0:n_mar]
[ 6 13 12  2 19  8 11  4  7 23]
np.random.permutation(males)[0:n_mar]
[15  0  4 11  7 19 23  1 10 18]
np.random.permutation(males)[0:n_mar]
[ 9  6  5 14  1 11 12 22  0 23]
np.random.permutation(males)[0:n_mar]
[ 3 23  2  6 20 17 16 14 11 13]
np.random.permutation(males)[0:n_mar]
[14 18 17 15  4 20  5 10  1  8]
np.random.permutation(males)[0:n_mar]
[22 13  1 14  0 20  7 16  2  5]
np.random.permutation(males)[0:n_mar]
[22  0 16 18 12  7  2 14 15 23]
np.random.permutation(males)[0:n_mar]
[ 5 20  0 19  1 22  6 18  4 12]
np.random.permutation(males)[0:n_mar]
[ 9  4 18 19 15 23 12  7  6  1]
np.random.permutation(males)[0:n_mar]
[ 0 21 17 22 15  9 12 14  2 19]
np.random.permutation(males)[0:n_mar]
[17 11  7  9 20 13 22 19 10 16]
np.random.permutation(males)[0:n_mar]
[ 9  6 10 11 16 21 23  8 12 20]
np.random.permutation(males)[0:n_mar]
[ 0 22 13 12  6 19 10  4 14 21]
np.random.permutation(males)[0:n_mar]
[ 0 19 10 21  5 20 23  6  8  9]
np.random.permutation(males)[0:n_mar]
[14 15  1 21  2  0  8 18 23  4]
np.random.permutation(males)[0:n_mar]
[18  5 22  0  1 11 13 16 10  9]
np.random.permutation(males)[0:n_mar]
[15  1  3 14 18  6  7 12 10  5]
np.random.permutation(males)[0:n_mar]
[ 3  4 17  2  6  0 20 19  7 12]
np.random.permutation(males)[0:n_mar]
[20 13  5  4 19 18  0 22 12 21]
np.random.permutation(males)[0:n_mar]
[14 23 17  5 22  1  0 10  7 13]
np.random.permutation(males)[0:n_mar]
[ 8 18 13  0 20 12  5 16  3  1]
np.random.permutation(males)[0:n_mar]
[11 10  8 18 17 23  4  3 22  2]
np.random.permutation(males)[0:n_mar]
[12  1  2  6 16 21 20 19  4 17]
np.random.permutation(males)[0:n_mar]
[14 13  3  4  0  7 10 23  8 19]
np.random.permutation(males)[0:n_mar]
[ 1  6 12  8 19 10 15  7  2 17]
np.random.permutation(males)[0:n_mar]
[15  7  1 23 21 22 11  6 16 17]
np.random.permutation(males)[0:n_mar]
[17 22  1 12  5 18  4  8 15 19]
np.random.permutation(males)[0:n_mar]
[ 8  9 16 15  7 19 13 11  1 18]
np.random.permutation(males)[0:n_mar]
[11  2 18  0 16 21 10 17 13  8]
np.random.permutation(males)[0:n_mar]
[ 2  0 14 20 16 13 12 23  7  4]
np.random.permutation(males)[0:n_mar]
[ 3 17 11 22 20  9  5  4 21  6]
np.random.permutation(males)[0:n_mar]
[ 1 23 21  7  3  0  6  2 12 14]
np.random.permutation(males)[0:n_mar]
[16  1 10  0 12 11 13 20 22  8]
np.random.permutation(males)[0:n_mar]
[ 2 13 10 14 22  8 16 23  0 21]
np.random.permutation(males)[0:n_mar]
[ 7 12 22  5  0 18  6 23  1 16]
np.random.permutation(males)[0:n_mar]
[ 4 18 16 13  8 21  6 14 23 12]
np.random.permutation(males)[0:n_mar]
[ 1  9 17 13  7 10 19  6 14 15]
np.random.permutation(males)[0:n_mar]
[12  3 14 23 20  2  6 17 18  1]
np.random.permutation(males)[0:n_mar]
[10  4 22 19 18 14 11 13  7  0]
np.random.permutation(males)[0:n_mar]
[11 17 23  5  7 14  0 19 12 10]
np.random.permutation(males)[0:n_mar]
[18  9 23 17  7 21 15  6  3 11]
np.random.permutation(males)[0:n_mar]
[ 1  7 22  8 12  4 11 19 23 10]
np.random.permutation(males)[0:n_mar]
[10 18  7  0 11 19  1 13 14 22]
np.random.permutation(males)[0:n_mar]
[ 7 17 11  1 23 20 12  0 16 10]
np.random.permutation(males)[0:n_mar]
[ 0  3  7 10 19 17  8 23 12 15]
np.random.permutation(males)[0:n_mar]
[ 9 13 15  3 10  2 14 18  4  6]
np.random.permutation(males)[0:n_mar]
[13 23  6  3 12  2 17 15  8 22]
np.random.permutation(males)[0:n_mar]
[ 9 18  6 12  3 21 14  8  4 17]
np.random.permutation(males)[0:n_mar]
[ 4 22  7 23 15 14  9 13 21 11]
np.random.permutation(males)[0:n_mar]
[22  1  9  7 18 19  0  2 23 10]
np.random.permutation(males)[0:n_mar]
[ 7 21 23  3  5 17  1  8 11 12]
np.random.permutation(males)[0:n_mar]
[ 2  0  9  6 11  1 15 17 18  3]
np.random.permutation(males)[0:n_mar]
[ 9 14  4  7  1 16  5  0  6 18]
np.random.permutation(males)[0:n_mar]
[ 8 14  3  1 10 11 12  5 16 20]
np.random.permutation(males)[0:n_mar]
[ 3 10 16 18  2 14 11  7 12  4]
np.random.permutation(males)[0:n_mar]
[10 12 15  7  1  4  9 14 16 18]
np.random.permutation(males)[0:n_mar]
[ 3 19  4 22 13  7 12 11 21 17]
np.random.permutation(males)[0:n_mar]
[13 10  7  2 15  9 20 11 17 14]
np.random.permutation(males)[0:n_mar]
[ 7  6 10 21 22 18  4 19 15 13]
np.random.permutation(males)[0:n_mar]
[15 22  5  7  0  6 10 11 17  2]
np.random.permutation(males)[0:n_mar]
[13 15  6  7  0 12 20  4 11  2]
np.random.permutation(males)[0:n_mar]
[17  8  6  5 22 16 10  4 21 18]
np.random.permutation(males)[0:n_mar]
[ 5 15 16  2  1 23  8 19 20 17]
np.random.permutation(males)[0:n_mar]
[ 3 10  6  5 15 20  4  0 23 12]
np.random.permutation(males)[0:n_mar]
[ 2  3  6 21  7 13 19 14 18 12]
np.random.permutation(males)[0:n_mar]
[ 3 10 22 23  8 11  6 19 12  7]
np.random.permutation(males)[0:n_mar]
[12 23  4  7  8 16  9 15  6 22]
np.random.permutation(males)[0:n_mar]
[ 8  6 12  3 18  1 13 21 14 16]
np.random.permutation(males)[0:n_mar]
[18  8  9  2  7  3 14  5 16  6]
np.random.permutation(males)[0:n_mar]
[19  3  2 16 21 18  6  1 10 20]
np.random.permutation(males)[0:n_mar]
[23 16  6 18  9 12 15 10  3  0]
np.random.permutation(males)[0:n_mar]
[14 23 15  6  9 18 22 17 21  7]
np.random.permutation(males)[0:n_mar]
[ 9 16 21  8 23  3 19 10 15  7]
np.random.permutation(males)[0:n_mar]
[20 18 22 17  5  9 21  7  4 14]
np.random.permutation(males)[0:n_mar]
[12 20 10  1  4 15  3  8  2  9]
np.random.permutation(males)[0:n_mar]
[14 20 23 10 19  3 18 17 16  6]
np.random.permutation(males)[0:n_mar]
[20  9  3  2 14 21  8 17 18 12]
np.random.permutation(males)[0:n_mar]
[ 9  7  3 14 19  5 18 13  1 10]
np.random.permutation(males)[0:n_mar]
[ 3 19  8 12 17  9  2  5  4  6]
np.random.permutation(males)[0:n_mar]
[ 4  8 13 22 20  9 14 19 15 21]
np.random.permutation(males)[0:n_mar]
[ 7  4  3 10  1  0 15 14 13 22]
np.random.permutation(males)[0:n_mar]
[14 19 17  1  3 13 10  6  4  8]
np.random.permutation(males)[0:n_mar]
[ 3 15 21 16  0  9 18 13  8  2]
np.random.permutation(males)[0:n_mar]
[11 13  4 12  0 14  3 17  8  1]
np.random.permutation(males)[0:n_mar]
[15  1  4 23  7  0  6 12  3 16]
np.random.permutation(males)[0:n_mar]
[ 2 10  6 22 17 18  1 16  9 12]
np.random.permutation(males)[0:n_mar]
[14  1 12  3  8  2 23 15 13 16]
np.random.permutation(males)[0:n_mar]
[10  7  0 12  3 22  9 15 23  6]
np.random.permutation(males)[0:n_mar]
[ 3  5 12 16 19 21  9  8 11 10]
np.random.permutation(males)[0:n_mar]
[ 6  9  1 16 19 22 18  0  8  5]
np.random.permutation(males)[0:n_mar]
[ 5 14 11 20 22  7 23 19  9 16]
np.random.permutation(males)[0:n_mar]
[ 8 12  5 13 16  1  2  3 23 20]
np.random.permutation(males)[0:n_mar]
[ 0 13 15  3  2 18  5  4 12  1]
np.random.permutation(males)[0:n_mar]
[20  7 12  5  6  1 19 18 16 17]
np.random.permutation(males)[0:n_mar]
[12  2  8 11 15 10 22  0 23 20]
np.random.permutation(males)[0:n_mar]
[23 16  7 18 22  1  6  5  2  4]
np.random.permutation(males)[0:n_mar]
[ 9 21  0 14 17  2 13 12  6  7]
np.random.permutation(males)[0:n_mar]
[12 14 17  5  7  6 22  2 19  9]
np.random.permutation(males)[0:n_mar]
[ 8 17 10  3 13 12 14  9 20 16]
np.random.permutation(males)[0:n_mar]
[16  9 17 13 11 12  3 18  6  5]
np.random.permutation(males)[0:n_mar]
[13  3 15 22  5 21 16 10 14  9]
np.random.permutation(males)[0:n_mar]
[ 2  8 14  7 10  9 22 17 12 21]
np.random.permutation(males)[0:n_mar]
[ 6 11  9  2 10 14  7  8 18  5]
np.random.permutation(males)[0:n_mar]
[13  7 19  5  2 16 12 23 17 15]
np.random.permutation(males)[0:n_mar]
[18 11  1  5  6  7 14 13 22  9]
np.random.permutation(males)[0:n_mar]
[17  1  3 19 23  4  7 11 22  0]
np.random.permutation(males)[0:n_mar]
[19  8 18  2 11 17  0 15 10 22]
np.random.permutation(males)[0:n_mar]
[23 13  3 20  0 14 21  7  6 11]
np.random.permutation(males)[0:n_mar]
[ 0 16  6 15 23 20 11  2  1  7]
np.random.permutation(males)[0:n_mar]
[ 6  9 19 14 21  8 15  1  4 18]
np.random.permutation(males)[0:n_mar]
[10 21 18 23  5  3  9  4  6 15]
np.random.permutation(males)[0:n_mar]
[10  1 14 11 19  7 16  6 12 17]
np.random.permutation(males)[0:n_mar]
[13  7  8  2 16  5 12 18  0  1]
np.random.permutation(males)[0:n_mar]
[15  3  1  9 13 12  2 17 20  8]
np.random.permutation(males)[0:n_mar]
[11  6  9  8 12 14 16 22  7  5]
np.random.permutation(males)[0:n_mar]
[17  8 13 16  9  4 11 18  3 10]
np.random.permutation(males)[0:n_mar]
[ 1 21 16  5 11  4 19 14 23 20]
np.random.permutation(males)[0:n_mar]
[15  7 12 14  6 21 20 17  9  5]
np.random.permutation(males)[0:n_mar]
[21  1  9 13  7  4 22  8 18  6]
np.random.permutation(males)[0:n_mar]
[ 2  8 12 17 11 18 14  6 19 21]
np.random.permutation(males)[0:n_mar]
[ 8 15 17  1  4 18 20 22  7 10]
np.random.permutation(males)[0:n_mar]
[ 7 17  0  8 23  4  2 19  1 16]
np.random.permutation(males)[0:n_mar]
[16 14 19 20  5  2  4 21 13 17]
np.random.permutation(males)[0:n_mar]
[16 18  4  3  0  9  7 21 22  6]
np.random.permutation(males)[0:n_mar]
[12  2 16  0  7 15 14 11 13 18]
np.random.permutation(males)[0:n_mar]
[ 2 11 12 17 15 19 13  7  1  5]
np.random.permutation(males)[0:n_mar]
[17  5  6  7 22 14  0 13 11 21]
np.random.permutation(males)[0:n_mar]
[ 5  7 19 17  1  9 12  2  4  0]
np.random.permutation(males)[0:n_mar]
[13  5 21 15  4  1  7  3 16 17]
np.random.permutation(males)[0:n_mar]
[ 1 20 10 18  3 11  6 23 19 17]
np.random.permutation(males)[0:n_mar]
[ 1 17 20 18  2  3  4 13 11 10]
np.random.permutation(males)[0:n_mar]
[21  3  8 19 16 14 15 22  6  2]
np.random.permutation(males)[0:n_mar]
[20  7  4  1 18 17 14  0 13 16]
np.random.permutation(males)[0:n_mar]
[19  6 18 14  7  5 10 23 16  0]
np.random.permutation(males)[0:n_mar]
[17  8 14  5 20 19 23 16 22  9]
np.random.permutation(males)[0:n_mar]
[ 3 20 17  9 21 13 14 11  7  4]
np.random.permutation(males)[0:n_mar]
[ 5 18  0  9 15  8 14  1  3 13]
np.random.permutation(males)[0:n_mar]
[17 15  8  2 22 18 21 23 14  6]
np.random.permutation(males)[0:n_mar]
[ 0  8 18  9 20  2  3 13 14 12]
np.random.permutation(males)[0:n_mar]
[ 9 14 19  8  5  6 22 10 12 11]
np.random.permutation(males)[0:n_mar]
[22 11 12 18 15  5  9 19  1 23]
np.random.permutation(males)[0:n_mar]
[15 20 21 14 23 17 13 19  8 16]
np.random.permutation(males)[0:n_mar]
[ 0  9 14  2 18 20 21 10  6 16]
np.random.permutation(males)[0:n_mar]
[ 9  5 19 16 17  4 18 14 23  2]
np.random.permutation(males)[0:n_mar]
[11 20  9 19 18 16  2 21  6 22]
np.random.permutation(males)[0:n_mar]
[16 10 11 17 12 15  9  5  6 21]
np.random.permutation(males)[0:n_mar]
[16 20 22  4 15 13 11  1  6 21]
np.random.permutation(males)[0:n_mar]
[19 14  3  0 12 20 10  8 11 23]
np.random.permutation(males)[0:n_mar]
[22 11 16 23 14 19  0 20 10  8]
np.random.permutation(males)[0:n_mar]
[ 2  0  4 23 18 21 20 16 19 22]
np.random.permutation(males)[0:n_mar]
[21  5  3 18 10 13 20  9  4 16]
np.random.permutation(males)[0:n_mar]
[ 0 12 20 13  3 19  6  1  2 22]
np.random.permutation(males)[0:n_mar]
[ 3  2 22  1  9 23 10  7  8 17]
np.random.permutation(males)[0:n_mar]
[22 13 21  8 20  9  7 14 19  6]
np.random.permutation(males)[0:n_mar]
[22 13 15  5 17  4  9 16 21 18]
np.random.permutation(males)[0:n_mar]
[ 0 20 17 23 21 11 10  4 19  1]
np.random.permutation(males)[0:n_mar]
[ 2 11  1 18  3 13  5  7  9  8]
np.random.permutation(males)[0:n_mar]
[10 11  0 18  3  7  9 22 17 14]
np.random.permutation(males)[0:n_mar]
[ 9 13 20  8  4 11 10 12  3  7]
np.random.permutation(males)[0:n_mar]
[23  8 20 12  6 16  0 14  5  2]
np.random.permutation(males)[0:n_mar]
[16 18 14 10  4  1 20  9  0 15]
np.random.permutation(males)[0:n_mar]
[ 0  5  2 17 10  4 14  8 23  7]
np.random.permutation(males)[0:n_mar]
[17 11 15  3  9 18  7 10 13  0]
np.random.permutation(males)[0:n_mar]
[21  8 22 23  7 17 19  0  9 16]
np.random.permutation(males)[0:n_mar]
[21 13  8 10 23 11 16  1 20  5]
np.random.permutation(males)[0:n_mar]
[16 11 14 20  3  2  7 10  1  0]
np.random.permutation(males)[0:n_mar]
[18 14  6 11 10  7 23  9 21  0]
np.random.permutation(males)[0:n_mar]
[ 1 14 19 20 11 16 12  6  2 10]
np.random.permutation(males)[0:n_mar]
[16 17 23  7 14 20 10  0 15  3]
np.random.permutation(males)[0:n_mar]
[ 6  9 20 13 10 23  4 17  8 18]
np.random.permutation(males)[0:n_mar]
[16  3 14  9 21 20 10 13 15  4]
np.random.permutation(males)[0:n_mar]
[ 1 15  0  2 20  5 22 21 14 10]
np.random.permutation(males)[0:n_mar]
[ 4 12 19 22 14 20 18  1  0 17]
np.random.permutation(males)[0:n_mar]
[ 2 13  5 12  0  3  6  8 23 14]
np.random.permutation(males)[0:n_mar]
[12 11  9 23  8 16 19  4 21  2]
np.random.permutation(males)[0:n_mar]
[ 0 13 10  6 22 21 19  4  3 17]
np.random.permutation(males)[0:n_mar]
[ 9  2 15 22 11 18 23 20 12 10]
np.random.permutation(males)[0:n_mar]
[15 11 21 20 23  8  2  9  7 19]
np.random.permutation(males)[0:n_mar]
[ 4 11 20 15 14 16  3  8  1 23]
np.random.permutation(males)[0:n_mar]
[15 20 16 14  5 23 17 13  4 10]
np.random.permutation(males)[0:n_mar]
[ 2 14 17 18 20 19 11  6  9 12]
np.random.permutation(males)[0:n_mar]
[ 6 11 20 15  3  2 22  8 23 21]
np.random.permutation(males)[0:n_mar]
[18  0  1  4  8 16  9 17 12 13]
np.random.permutation(males)[0:n_mar]
[ 3 20 14 16 13 18  0 10  7  5]
np.random.permutation(males)[0:n_mar]
[23  6  5  1 18 17  9 16 15  8]
np.random.permutation(males)[0:n_mar]
[17  9  7 14 13 20  0 23 12  5]
np.random.permutation(males)[0:n_mar]
[23 21 14 11  8  0 20 18 16  2]
np.random.permutation(males)[0:n_mar]
[ 1 14  8 15 12 23  6 11 17  3]
np.random.permutation(males)[0:n_mar]
[20 21  9  4 16  3  8  2  0 23]
np.random.permutation(males)[0:n_mar]
[ 3 15  4 16  9 11 23  5  7 13]
np.random.permutation(males)[0:n_mar]
[17 23  7 20  4 19 18  3  8 11]
np.random.permutation(males)[0:n_mar]
[11 23  1  7  8 14  6 18 21 22]
np.random.permutation(males)[0:n_mar]
[ 4  3 12  8  7  6  1 14 19 13]
np.random.permutation(males)[0:n_mar]
[ 8 13  2 18  4  9 10  6  5 16]
np.random.permutation(males)[0:n_mar]
[10  2  1  9  3 13 23  5 14  6]
np.random.permutation(males)[0:n_mar]
[10 12  1  7  0  9  2 13 17 23]
np.random.permutation(males)[0:n_mar]
[ 3  9  8 14 19  6 13  4 10 20]
np.random.permutation(males)[0:n_mar]
[ 8 20 14  5 22 19 23 21  6 10]
np.random.permutation(males)[0:n_mar]
[16 13 17  7  8  5  9  0  3 15]
np.random.permutation(males)[0:n_mar]
[16  9  5 21  3  0 23 12  7 11]
np.random.permutation(males)[0:n_mar]
[21  1 13 15 17 10 11 20 23  6]
np.random.permutation(males)[0:n_mar]
[ 8 15 12 10 23  5 19 22  0  3]
np.random.permutation(males)[0:n_mar]
[14 17 19 12 23  0  9 18 11  4]
np.random.permutation(males)[0:n_mar]
[ 4 19 12  9  1  2 10 16  0 11]
np.random.permutation(males)[0:n_mar]
[12 21  9  1 11  0 13  7 19 23]
np.random.permutation(males)[0:n_mar]
[12 21 11 19 23 16 15  6  0 14]
np.random.permutation(males)[0:n_mar]
[ 1 17 19  9  0 15  5 12  4 20]
np.random.permutation(males)[0:n_mar]
[ 7 14  9  4 15  5 16 17 23 22]
np.random.permutation(males)[0:n_mar]
[ 5 22 23  6 21  1 10 14 20  2]
np.random.permutation(males)[0:n_mar]
[ 9  8  5  7 12 23 14 13  2 16]
np.random.permutation(males)[0:n_mar]
[11 13 21  8 12  5 15  2  4  7]
np.random.permutation(males)[0:n_mar]
[ 5 23 17 16  9 20  8  1 13 22]
np.random.permutation(males)[0:n_mar]
[10 18  2  5 11  8  0  4 12 20]
np.random.permutation(males)[0:n_mar]
[ 7  4  5  8  2 16 23 10  3 11]
np.random.permutation(males)[0:n_mar]
[ 5  4 21 13  7  0  9 19  1 10]
np.random.permutation(males)[0:n_mar]
[16 23 20  2 17  0 21  4  9 11]
