np.random.permutation(males)[0:n_mar]
[ 5  4  8  9  3 23 16 18]
np.random.permutation(males)[0:n_mar]
[19 15  9 18 17 21 14 22]
np.random.permutation(males)[0:n_mar]
[14 11 23  6  4  5 18 12]
np.random.permutation(males)[0:n_mar]
[10  5  0 11  1 22 14 20]
np.random.permutation(males)[0:n_mar]
[16 14 12  6  5 21 20 11]
np.random.permutation(males)[0:n_mar]
[18 14  3 10  1 19  9  8]
np.random.permutation(males)[0:n_mar]
[23 12  6 11  3  5 18  2]
np.random.permutation(males)[0:n_mar]
[ 4  1  0 20 18  9 11 15]
np.random.permutation(males)[0:n_mar]
[18 19  1 23  4  7 13 16]
np.random.permutation(males)[0:n_mar]
[14  0 10 18 21 20  7  8]
np.random.permutation(males)[0:n_mar]
[17 16  3  8  0 11 13 23]
np.random.permutation(males)[0:n_mar]
[ 0  9  3  4 12 13 20 11]
np.random.permutation(males)[0:n_mar]
[14 17 13  2 11 12  8  9]
np.random.permutation(males)[0:n_mar]
[ 4  8  6  3 12  7 13 23]
np.random.permutation(males)[0:n_mar]
[15 16  9 11 13 22 18 19]
np.random.permutation(males)[0:n_mar]
[11  2 12 16 20 14 18  4]
np.random.permutation(males)[0:n_mar]
[13  4  6 20 18 10  9 22]
np.random.permutation(males)[0:n_mar]
[14 15 13  7 19 12  0 23]
np.random.permutation(males)[0:n_mar]
[ 5 21 11 14 23  1 17  2]
np.random.permutation(males)[0:n_mar]
[ 0 22  4  7  1 10 19 16]
np.random.permutation(males)[0:n_mar]
[21  9  5 18  7 14 10  6]
np.random.permutation(males)[0:n_mar]
[16  7 17 22 23 15  5 13]
np.random.permutation(males)[0:n_mar]
[21  8  1 20 12 16 14  5]
np.random.permutation(males)[0:n_mar]
[ 9 18  5  0 12  2 19  6]
np.random.permutation(males)[0:n_mar]
[ 9 16  8 21 22  1 10 11]
np.random.permutation(males)[0:n_mar]
[14 10  8 19 12 21  2  9]
np.random.permutation(males)[0:n_mar]
[ 6 23 13  5 20 21  1 10]
np.random.permutation(males)[0:n_mar]
[ 5 13 23 19  9 15  4 14]
np.random.permutation(males)[0:n_mar]
[20  6  9 21  7 12 11 18]
np.random.permutation(males)[0:n_mar]
[15  8 10 16  6  7 12 17]
np.random.permutation(males)[0:n_mar]
[ 0  6  5 21  3  1  7 16]
np.random.permutation(males)[0:n_mar]
[ 4 11 12 19 21 15  5  3]
np.random.permutation(males)[0:n_mar]
[ 2  6 22  3  7 16 23  5]
np.random.permutation(males)[0:n_mar]
[11 19  1 20  9  4  0 10]
np.random.permutation(males)[0:n_mar]
[19 13  2 15 17  3 20 16]
np.random.permutation(males)[0:n_mar]
[20 14 16 23  9  0 18 19]
np.random.permutation(males)[0:n_mar]
[11 16 14  8  9  1 23 12]
np.random.permutation(males)[0:n_mar]
[22 13 18  6 23 14 10  7]
np.random.permutation(males)[0:n_mar]
[ 9  2 23 15  7 19 13  5]
np.random.permutation(males)[0:n_mar]
[20 15 18 17 16 22 12 11]
np.random.permutation(males)[0:n_mar]
[13  6 23 11  8 18 20 10]
np.random.permutation(males)[0:n_mar]
[ 8  4 21  0 11  2 19 16]
np.random.permutation(males)[0:n_mar]
[21  6 10 12 23  8  3  0]
np.random.permutation(males)[0:n_mar]
[ 0 16  7 17  9  1 20 21]
np.random.permutation(males)[0:n_mar]
[22 23 13 20 11  6  4 16]
np.random.permutation(males)[0:n_mar]
[10 21 13 22 19  1  0 16]
np.random.permutation(males)[0:n_mar]
[11  7 14 13 17 23 10  9]
np.random.permutation(males)[0:n_mar]
[23  6  4  8 22 14 13 10]
np.random.permutation(males)[0:n_mar]
[17  8 12 10  7 11 15 13]
np.random.permutation(males)[0:n_mar]
[13  6  1 12  9  3 14 16]
np.random.permutation(males)[0:n_mar]
[15 17 14 10 12 13  3 16]
np.random.permutation(males)[0:n_mar]
[19 21  3  0 17  1  9 16]
np.random.permutation(males)[0:n_mar]
[ 3  0 12 13 15 10  9  2]
np.random.permutation(males)[0:n_mar]
[ 9 13  3  1 18 22 17 12]
np.random.permutation(males)[0:n_mar]
[ 7  5 23 12 21 22 19 14]
np.random.permutation(males)[0:n_mar]
[20 22 19 14 10 17  9  1]
np.random.permutation(males)[0:n_mar]
[15  8  9 23  6  3 11  2]
np.random.permutation(males)[0:n_mar]
[21  9 12  0  7  3  8 15]
np.random.permutation(males)[0:n_mar]
[ 7  2 17 18 10 21 20  6]
np.random.permutation(males)[0:n_mar]
[ 2  0  5  6 20 17  1 16]
np.random.permutation(males)[0:n_mar]
[ 2 23 16 12  3  8  4 17]
np.random.permutation(males)[0:n_mar]
[ 4 22  0 16 10 20  2  9]
np.random.permutation(males)[0:n_mar]
[22 23  2 13  0  9 21 19]
np.random.permutation(males)[0:n_mar]
[20 18  5  1  9 23  6 10]
np.random.permutation(males)[0:n_mar]
[16 13 12  7  1  5  0  9]
np.random.permutation(males)[0:n_mar]
[ 6  3 23 18  2 17  1  7]
np.random.permutation(males)[0:n_mar]
[ 9 22  5 16 20 19 15  6]
np.random.permutation(males)[0:n_mar]
[ 8  6  3  4 15  5 12  9]
np.random.permutation(males)[0:n_mar]
[ 2 21  4 17  7  5 11  9]
np.random.permutation(males)[0:n_mar]
[ 6  7  2 21 22  5  0 14]
np.random.permutation(males)[0:n_mar]
[21 13 18 16  9  2 10  1]
np.random.permutation(males)[0:n_mar]
[ 0  6 20 17 16 10 23  3]
np.random.permutation(males)[0:n_mar]
[15 18  6 11 13  7 23 21]
np.random.permutation(males)[0:n_mar]
[ 7 16  4  8 10 20 23  5]
np.random.permutation(males)[0:n_mar]
[ 3 22 19 16 11  1  2  9]
np.random.permutation(males)[0:n_mar]
[10 20 22 14 21 17  6  7]
np.random.permutation(males)[0:n_mar]
[18 14 23 11 21 13  9  2]
np.random.permutation(males)[0:n_mar]
[ 8 16  3 15  9 19  7 14]
np.random.permutation(males)[0:n_mar]
[ 4 22  2  7 20  6 15  3]
np.random.permutation(males)[0:n_mar]
[15 11  7  9  6 23  4  3]
np.random.permutation(males)[0:n_mar]
[ 6 15 16  3  4  5 17  9]
np.random.permutation(males)[0:n_mar]
[ 4 23 19  3 13 14  6  8]
np.random.permutation(males)[0:n_mar]
[ 5 14  2  0 12 16 11  7]
np.random.permutation(males)[0:n_mar]
[10 23  2 22  0  3  1  5]
np.random.permutation(males)[0:n_mar]
[20 18 11 16  0  2 13 15]
np.random.permutation(males)[0:n_mar]
[ 1  8  2 12  9  0 17 19]
np.random.permutation(males)[0:n_mar]
[10  9 23 19  7 17  0 22]
np.random.permutation(males)[0:n_mar]
[11  3 10  6 22 16  8  2]
np.random.permutation(males)[0:n_mar]
[ 9  5 13 21  3 10 12 14]
np.random.permutation(males)[0:n_mar]
[ 4 19 21  1 20  0  9  8]
np.random.permutation(males)[0:n_mar]
[ 7  2  1 19  9 13 15  0]
np.random.permutation(males)[0:n_mar]
[20 23 19  4 14 17 12  1]
np.random.permutation(males)[0:n_mar]
[ 6 22 15 16  9 19 23 10]
np.random.permutation(males)[0:n_mar]
[17 21  3 14  2 19 23 16]
np.random.permutation(males)[0:n_mar]
[23 20 12  5 16  3  0 11]
np.random.permutation(males)[0:n_mar]
[18 12 20 22 21 23  5  0]
np.random.permutation(males)[0:n_mar]
[14 20 16 22  5 23  2 12]
np.random.permutation(males)[0:n_mar]
[10 23 21  2  6 20 19  0]
np.random.permutation(males)[0:n_mar]
[14  2 15  7  4 12  8 22]
np.random.permutation(males)[0:n_mar]
[13 23 11  0  4 15 10  2]
np.random.permutation(males)[0:n_mar]
[ 7 10 18  1 13  2 17  9]
np.random.permutation(males)[0:n_mar]
[17  5 18 12 13 21 19 16]
np.random.permutation(males)[0:n_mar]
[ 5 18 16  6  4 17  1 11]
np.random.permutation(males)[0:n_mar]
[20 22 21  1  6  4  5 16]
np.random.permutation(males)[0:n_mar]
[21 16  0 10 19  6 23 18]
np.random.permutation(males)[0:n_mar]
[ 0  7 20  8  2  5 19  6]
np.random.permutation(males)[0:n_mar]
[17 15  1 12  7 18  8 13]
np.random.permutation(males)[0:n_mar]
[11  9  4 22  0  6 15 20]
np.random.permutation(males)[0:n_mar]
[20 18  3  1  9 13 14 15]
np.random.permutation(males)[0:n_mar]
[10  8 23 12  6  2  4 15]
np.random.permutation(males)[0:n_mar]
[10  7  2 17  9  4 11 23]
np.random.permutation(males)[0:n_mar]
[17  6 11 10  4  9 19 14]
np.random.permutation(males)[0:n_mar]
[13 22  2  4  8 23  6  7]
np.random.permutation(males)[0:n_mar]
[18 16 21  9 15 23  5 14]
np.random.permutation(males)[0:n_mar]
[ 1 16  4  0 10  2  5 20]
np.random.permutation(males)[0:n_mar]
[ 8 17 20 19 16 18 13  2]
np.random.permutation(males)[0:n_mar]
[17  7  3 23 22 18  8 11]
np.random.permutation(males)[0:n_mar]
[ 2  3  0  1 21  4  6  9]
np.random.permutation(males)[0:n_mar]
[11 17 20  8  2  1 18 21]
np.random.permutation(males)[0:n_mar]
[23 17 20 16  4  0 19 21]
np.random.permutation(males)[0:n_mar]
[ 7  5 22 16  4 12 18 13]
np.random.permutation(males)[0:n_mar]
[ 6 18 23  0 21 12  1 22]
np.random.permutation(males)[0:n_mar]
[11 13  1  7 19  6 22  5]
np.random.permutation(males)[0:n_mar]
[ 9 20 19  2  0  6 12 15]
np.random.permutation(males)[0:n_mar]
[10 16 21 15  9  3 13 22]
np.random.permutation(males)[0:n_mar]
[ 7  4  3 11 13  6 20 23]
np.random.permutation(males)[0:n_mar]
[15  2  9 13  1 19  0  4]
np.random.permutation(males)[0:n_mar]
[20  4 17  5 18  7  1 15]
np.random.permutation(males)[0:n_mar]
[23  8 10  2  1  5  6 21]
np.random.permutation(males)[0:n_mar]
[19 16  5  1 15  4  7  3]
np.random.permutation(males)[0:n_mar]
[18 21 13  6  1 10 12  7]
np.random.permutation(males)[0:n_mar]
[18 10 23 22  2  9  3  7]
np.random.permutation(males)[0:n_mar]
[ 1 16  9 13 15 23  3  5]
np.random.permutation(males)[0:n_mar]
[ 1  6  9  3 15 18 21 16]
np.random.permutation(males)[0:n_mar]
[22 20  9 11 18  0 21  1]
np.random.permutation(males)[0:n_mar]
[17 19 13 16 10  4  9  2]
np.random.permutation(males)[0:n_mar]
[23  5 19  0  7 10 11  4]
np.random.permutation(males)[0:n_mar]
[18  9  2  0  1 14 22 19]
np.random.permutation(males)[0:n_mar]
[22 19  9 13 11  6 23 18]
np.random.permutation(males)[0:n_mar]
[ 8  5 16 17 13  7 15 21]
np.random.permutation(males)[0:n_mar]
[ 0  2  1  7 14  5 16 22]
np.random.permutation(males)[0:n_mar]
[ 9 15 18  1 23 12 10 17]
np.random.permutation(males)[0:n_mar]
[21 18 16  1  2  7 10  9]
np.random.permutation(males)[0:n_mar]
[17  3 20 18  0 21 23 14]
np.random.permutation(males)[0:n_mar]
[ 2  6 10 21 16  4 11 15]
np.random.permutation(males)[0:n_mar]
[14 13 12  8  2 19  1 16]
np.random.permutation(males)[0:n_mar]
[ 6 19 15  2 23  5 20  1]
np.random.permutation(males)[0:n_mar]
[20 21  6  1 13 15 22  7]
np.random.permutation(males)[0:n_mar]
[ 9  1  3 22  2 16 12 13]
np.random.permutation(males)[0:n_mar]
[17  0 20  4 23 12  1 15]
np.random.permutation(males)[0:n_mar]
[ 2 16  0  8 11  5 19  4]
np.random.permutation(males)[0:n_mar]
[11  0 18 20 14  1  6 16]
np.random.permutation(males)[0:n_mar]
[13 22  1  6  0 17  5  4]
np.random.permutation(males)[0:n_mar]
[10  2  0 21 14  1 11 13]
np.random.permutation(males)[0:n_mar]
[20 12  3 23  8 21 14  2]
np.random.permutation(males)[0:n_mar]
[ 7 12  0  9 16  3 13 19]
np.random.permutation(males)[0:n_mar]
[ 8 21 11 10 19 20 23 14]
np.random.permutation(males)[0:n_mar]
[13  9  2  5 10 22 23  6]
np.random.permutation(males)[0:n_mar]
[16 11 15 13 22  2 23  6]
np.random.permutation(males)[0:n_mar]
[19  3 18 15  2  1  9  6]
np.random.permutation(males)[0:n_mar]
[ 5 18 21  9 17 20 11  1]
np.random.permutation(males)[0:n_mar]
[23  7  9  8  1 10  3  6]
np.random.permutation(males)[0:n_mar]
[12  4 16 20 10  7 18 13]
np.random.permutation(males)[0:n_mar]
[11 18 14  4  8 12  2  3]
np.random.permutation(males)[0:n_mar]
[ 4 21  8  3 14 19  2 20]
np.random.permutation(males)[0:n_mar]
[12  5 11 13 20 15 21 16]
np.random.permutation(males)[0:n_mar]
[19 21  8  2 20  6 14  3]
np.random.permutation(males)[0:n_mar]
[ 8 23 18 12  1  2  5 22]
np.random.permutation(males)[0:n_mar]
[23  3  4 19 22 13  1 20]
np.random.permutation(males)[0:n_mar]
[13  5 16 21 23 12 11 14]
np.random.permutation(males)[0:n_mar]
[14  9 22 23 11 13 21 19]
np.random.permutation(males)[0:n_mar]
[11 17  2  5 18 12  9 21]
np.random.permutation(males)[0:n_mar]
[11 23  2  0 21  6  3  8]
np.random.permutation(males)[0:n_mar]
[ 0 17 12 23 19 22  2  5]
np.random.permutation(males)[0:n_mar]
[ 9 13  8 22 23  0 16 21]
np.random.permutation(males)[0:n_mar]
[13 12 17  7 22 18  6 19]
np.random.permutation(males)[0:n_mar]
[19  8  1 10 21  6 17 13]
np.random.permutation(males)[0:n_mar]
[ 6 17  0  9  4 10  1 18]
np.random.permutation(males)[0:n_mar]
[ 7 12 13  4 11  6  0  8]
np.random.permutation(males)[0:n_mar]
[16  2 11 10  1 13  4 21]
np.random.permutation(males)[0:n_mar]
[ 3 17  0  1 20 22 12 18]
np.random.permutation(males)[0:n_mar]
[22 17  7  9  4  3 19 15]
np.random.permutation(males)[0:n_mar]
[10  8 11  5 14  9 21 13]
np.random.permutation(males)[0:n_mar]
[ 9 20 18 17 12 13  3 22]
np.random.permutation(males)[0:n_mar]
[20 23 12 14  5 10 16  3]
np.random.permutation(males)[0:n_mar]
[18 21 20 15  7 22 17  0]
np.random.permutation(males)[0:n_mar]
[13 23  0 14  3 12  8 19]
np.random.permutation(males)[0:n_mar]
[ 8 10 22 21  1 12 19 13]
np.random.permutation(males)[0:n_mar]
[17  0 23 16  6  9 19 22]
np.random.permutation(males)[0:n_mar]
[11 20 10  1  9  6  3 16]
np.random.permutation(males)[0:n_mar]
[20 23  3  5 18 16 22 13]
np.random.permutation(males)[0:n_mar]
[ 8  0  6 22 16  2 12 11]
np.random.permutation(males)[0:n_mar]
[12 23 16 15  1 19  3  4]
np.random.permutation(males)[0:n_mar]
[ 3 11  7 10 16  9  1 19]
np.random.permutation(males)[0:n_mar]
[11 10  4  5 21  6 22 16]
np.random.permutation(males)[0:n_mar]
[19 10 18  7  1 13  9  3]
np.random.permutation(males)[0:n_mar]
[22  2  4 18  3 11 12 16]
np.random.permutation(males)[0:n_mar]
[ 5 19 18 23  2 13  8  3]
np.random.permutation(males)[0:n_mar]
[23 16 13  0 20 10 11  4]
np.random.permutation(males)[0:n_mar]
[ 0  7 23  9 10 14 13 16]
np.random.permutation(males)[0:n_mar]
[ 9  8  7 19 10  5  1 16]
np.random.permutation(males)[0:n_mar]
[ 8 22  9  4  7 19  1  5]
np.random.permutation(males)[0:n_mar]
[ 0 20 19  9  3  1  2  5]
np.random.permutation(males)[0:n_mar]
[10  4  7  3 17 21  2 22]
np.random.permutation(males)[0:n_mar]
[15  2 20 22 16  8  0 19]
np.random.permutation(males)[0:n_mar]
[22  5 23 15  7  9 12 21]
np.random.permutation(males)[0:n_mar]
[15 10  0 20  9 13 19  1]
np.random.permutation(males)[0:n_mar]
[12 18 23 15 22 13  4  1]
np.random.permutation(males)[0:n_mar]
[17 10 15 16 21  7  4  0]
np.random.permutation(males)[0:n_mar]
[ 7  9 22 11 19 18 12 23]
np.random.permutation(males)[0:n_mar]
[22  3  6 14  5 23  7 13]
np.random.permutation(males)[0:n_mar]
[15 12  5  1  2  3  6  9]
np.random.permutation(males)[0:n_mar]
[15  2 13  4 21 17 23  1]
np.random.permutation(males)[0:n_mar]
[21  3  6 11 17 10 14  2]
np.random.permutation(males)[0:n_mar]
[15 14 17 19 22  4 16  7]
np.random.permutation(males)[0:n_mar]
[13  5 18 21  8 12  7 19]
np.random.permutation(males)[0:n_mar]
[ 2 15 22  8 11  9 19 20]
np.random.permutation(males)[0:n_mar]
[21  3 13  4  2  9 17 18]
np.random.permutation(males)[0:n_mar]
[13  7 16 18 22 15 20 19]
np.random.permutation(males)[0:n_mar]
[10  3  8 16  9 11 14 22]
np.random.permutation(males)[0:n_mar]
[ 7  0 22  3 16 10 12  9]
np.random.permutation(males)[0:n_mar]
[ 2 16  7 18 15  8  1 20]
np.random.permutation(males)[0:n_mar]
[ 4  8 11 10  1  0 13  3]
np.random.permutation(males)[0:n_mar]
[16 13 12 15 14  5 10  7]
np.random.permutation(males)[0:n_mar]
[10  1 17  5 13  3  4 23]
np.random.permutation(males)[0:n_mar]
[19  1 21 22 18  2 16  6]
np.random.permutation(males)[0:n_mar]
[23 11  9  6 10  7 14 19]
np.random.permutation(males)[0:n_mar]
[23 22 20  8  9 14  4 18]
np.random.permutation(males)[0:n_mar]
[20  9  2 23 19 22 18  6]
np.random.permutation(males)[0:n_mar]
[11 16 13  7  8  3 15 22]
np.random.permutation(males)[0:n_mar]
[23  6 11  0  9 17 20  7]
np.random.permutation(males)[0:n_mar]
[ 6 20 11 22 18 12 10  3]
np.random.permutation(males)[0:n_mar]
[ 2  7 12 13  4  8 21 18]
np.random.permutation(males)[0:n_mar]
[ 1 12 23 14 16  3 19  4]
np.random.permutation(males)[0:n_mar]
[ 0 15  6 21  7 23  3 10]
np.random.permutation(males)[0:n_mar]
[22  3  0  1 12 15  6 16]
np.random.permutation(males)[0:n_mar]
[21 12  9  2 11  8 19 15]
np.random.permutation(males)[0:n_mar]
[ 0 13 16 19 21  5 11 23]
np.random.permutation(males)[0:n_mar]
[ 2  4 18  7 19 11  1 23]
np.random.permutation(males)[0:n_mar]
[ 9  3  7 22  0 15 13 16]
np.random.permutation(males)[0:n_mar]
[ 1 14 19  0 17 18 23 13]
np.random.permutation(males)[0:n_mar]
[ 1 13 20 12 18  7  6  5]
np.random.permutation(males)[0:n_mar]
[18  6  7 16 13 11 21  4]
np.random.permutation(males)[0:n_mar]
[18  5 21  2 15 14 19  0]
np.random.permutation(males)[0:n_mar]
[12  4  0 21 10  1  5  8]
np.random.permutation(males)[0:n_mar]
[ 0  8 21 14 10 17  5 19]
np.random.permutation(males)[0:n_mar]
[ 7 12 13  0 19  4  1  6]
np.random.permutation(males)[0:n_mar]
[ 5 20  1 14 17  0 23 21]
np.random.permutation(males)[0:n_mar]
[ 3 13 10 15 19 17 20  9]
np.random.permutation(males)[0:n_mar]
[22 18 10  8 13 12  2  4]
np.random.permutation(males)[0:n_mar]
[ 4 23 10  2  7 17 13  9]
np.random.permutation(males)[0:n_mar]
[ 2 12  7  8  6 10  5 11]
np.random.permutation(males)[0:n_mar]
[23 22 16 20 12  7 15  6]
np.random.permutation(males)[0:n_mar]
[11  2 14 16  5  9 21 23]
np.random.permutation(males)[0:n_mar]
[ 0  3  7 20  8 19 15  1]
np.random.permutation(males)[0:n_mar]
[11  0  3  2 13 21 12  5]
np.random.permutation(males)[0:n_mar]
[17  3  7 20  5 21  9 22]
np.random.permutation(males)[0:n_mar]
[ 9 14 10 23 12  6 18  0]
np.random.permutation(males)[0:n_mar]
[10  5 17 20  2 15 13  7]
np.random.permutation(males)[0:n_mar]
[21  0  5 12 17 18 14 11]
np.random.permutation(males)[0:n_mar]
[16  4  0 15  8 17 10 18]
np.random.permutation(males)[0:n_mar]
[ 8 14 19 10  9 23  1 20]
np.random.permutation(males)[0:n_mar]
[10  5  7 11  9 23  8  1]
np.random.permutation(males)[0:n_mar]
[23 20  0 12  3 14  1  5]
np.random.permutation(males)[0:n_mar]
[ 6  4  9 10 16 23 18 12]
np.random.permutation(males)[0:n_mar]
[11  3  8  5 12  4  0  9]
np.random.permutation(males)[0:n_mar]
[18 11  9 17 16 12  8  6]
np.random.permutation(males)[0:n_mar]
[17  7 22 14  9 15 23 19]
np.random.permutation(males)[0:n_mar]
[22 17 11 18 20 23  5 10]
np.random.permutation(males)[0:n_mar]
[ 2 17 11 10 16 13 12  7]
np.random.permutation(males)[0:n_mar]
[ 4 17  8 20  5  0 18 21]
np.random.permutation(males)[0:n_mar]
[ 8  9  7 21  5  4  6 19]
np.random.permutation(males)[0:n_mar]
[ 8 22 20 12 13 14 21  6]
np.random.permutation(males)[0:n_mar]
[ 8 19  0  2 21  5  3 16]
np.random.permutation(males)[0:n_mar]
[ 9 17 10 22  3 23  6 11]
np.random.permutation(males)[0:n_mar]
[ 7 22 17  4  8 23 11 18]
np.random.permutation(males)[0:n_mar]
[ 2 19  9 20  5  7  1 13]
np.random.permutation(males)[0:n_mar]
[ 4 17  2 20 13  7 21  0]
np.random.permutation(males)[0:n_mar]
[19  3 17  4  9 20  8  1]
np.random.permutation(males)[0:n_mar]
[19  3  8  2 17 20  9  5]
np.random.permutation(males)[0:n_mar]
[ 9  0 10 22  4 17 21 14]
np.random.permutation(males)[0:n_mar]
[ 5 16 13 14 12  6 23 22]
np.random.permutation(males)[0:n_mar]
[21 11 13 23  1 17 20 12]
np.random.permutation(males)[0:n_mar]
[10 20  8 14  6 17  9 13]
np.random.permutation(males)[0:n_mar]
[22 10  8 13  4  6 15 12]
np.random.permutation(males)[0:n_mar]
[21 16  1  3 17  6 10 14]
np.random.permutation(males)[0:n_mar]
[ 0  4 10  3 13 21  9 23]
np.random.permutation(males)[0:n_mar]
[15 10  0 19  2 22 18 13]
np.random.permutation(males)[0:n_mar]
[ 7 17 11 15 23 12 20 10]
np.random.permutation(males)[0:n_mar]
[ 0 14  7  5 23 15 20 17]
np.random.permutation(males)[0:n_mar]
[10 12 23  3 13  8 14 20]
np.random.permutation(males)[0:n_mar]
[ 5  6  7  9 11  1 17 14]
np.random.permutation(males)[0:n_mar]
[ 9 15 17  5 11  0 23  4]
np.random.permutation(males)[0:n_mar]
[ 3 11  9  6 19 18 12  0]
np.random.permutation(males)[0:n_mar]
[12  9 13 17  6 16  2  3]
np.random.permutation(males)[0:n_mar]
[18 10  5 17  0  6  1 21]
np.random.permutation(males)[0:n_mar]
[12 16 11  1 23 20  6 10]
np.random.permutation(males)[0:n_mar]
[11 17 21 10  2  1 18  3]
np.random.permutation(males)[0:n_mar]
[10  0  4  9 23  8 13 18]
np.random.permutation(males)[0:n_mar]
[16 18  1 14  2 19  0  6]
np.random.permutation(males)[0:n_mar]
[ 2  6  0 12  1 10  5 18]
np.random.permutation(males)[0:n_mar]
[18  2  0 12 10  1 21 23]
np.random.permutation(males)[0:n_mar]
[11 14  3  1 22 20  0  2]
np.random.permutation(males)[0:n_mar]
[16 11  5  1  2 23 15 13]
np.random.permutation(males)[0:n_mar]
[15  3 14  4  6  9 17 16]
np.random.permutation(males)[0:n_mar]
[ 4 21 13 19 10  2 18 11]
np.random.permutation(males)[0:n_mar]
[14 10 16 12  5 18  3  0]
np.random.permutation(males)[0:n_mar]
[20  9 19 21  1 13 14 17]
np.random.permutation(males)[0:n_mar]
[20 22  3  7  4 17 10 12]
np.random.permutation(males)[0:n_mar]
[14 21 23  9 22 18 10  4]
np.random.permutation(males)[0:n_mar]
[11 22 18 12 17  3 15 20]
np.random.permutation(males)[0:n_mar]
[13 21  3  8  9 23  5 17]
np.random.permutation(males)[0:n_mar]
[19  6 23 17 15 21  0 16]
np.random.permutation(males)[0:n_mar]
[22 15 21  4  9  3  1  0]
np.random.permutation(males)[0:n_mar]
[18 14  3 16  9 11  0 21]
np.random.permutation(males)[0:n_mar]
[16  3 23 18  6  9  2 21]
np.random.permutation(males)[0:n_mar]
[20  3  8 21  9 15  1 13]
np.random.permutation(males)[0:n_mar]
[ 0 10  9 22 16 15 12 11]
np.random.permutation(males)[0:n_mar]
[17  3  4 16 11 23 15 10]
np.random.permutation(males)[0:n_mar]
[ 2 18 11 13  9  6 15  4]
np.random.permutation(males)[0:n_mar]
[23  9  4 21 13 18  0  7]
np.random.permutation(males)[0:n_mar]
[ 4 22  1  7 17 23  2  0]
np.random.permutation(males)[0:n_mar]
[23 21  8  1  4 11 20 16]
np.random.permutation(males)[0:n_mar]
[ 2 21 23  3 19  6  9  0]
np.random.permutation(males)[0:n_mar]
[ 2 16 14 10 18 21  0  3]
np.random.permutation(males)[0:n_mar]
[17  1  3  7 15  6 13 11]
np.random.permutation(males)[0:n_mar]
[10  4 19  8 16  6 17  3]
np.random.permutation(males)[0:n_mar]
[ 2 15 23 21  4  1 22  7]
np.random.permutation(males)[0:n_mar]
[13  6  4 14 17  2  3  1]
np.random.permutation(males)[0:n_mar]
[ 7 15  0  4  3 19  6 12]
np.random.permutation(males)[0:n_mar]
[12 14  3 20 15 19 17 23]
np.random.permutation(males)[0:n_mar]
[ 0  5  9 16  7 14  2  1]
np.random.permutation(males)[0:n_mar]
[14  4 21  3  8  9 13 15]
np.random.permutation(males)[0:n_mar]
[ 9 22 13 21 18  0 14  8]
np.random.permutation(males)[0:n_mar]
[ 4 13  8 19 12  9 22  1]
np.random.permutation(males)[0:n_mar]
[ 3 12  6 20 22 19 18  1]
np.random.permutation(males)[0:n_mar]
[ 7  0 11 22 19 18 16 15]
np.random.permutation(males)[0:n_mar]
[11 12 23  8 21  0 14  5]
np.random.permutation(males)[0:n_mar]
[21 20 15 17 19  4  7  3]
np.random.permutation(males)[0:n_mar]
[11 14 17  7  5 23  9 16]
np.random.permutation(males)[0:n_mar]
[ 5  9 19 16 22  7 18  3]
np.random.permutation(males)[0:n_mar]
[14  7  6 12  1 20 19 11]
np.random.permutation(males)[0:n_mar]
[13 17  0 11  2  8 21 18]
np.random.permutation(males)[0:n_mar]
[22  0 18 20  5 12  6 15]
np.random.permutation(males)[0:n_mar]
[13 12 18 17 10 23 19  1]
np.random.permutation(males)[0:n_mar]
[ 2  9  7 18  3 17  4 11]
np.random.permutation(males)[0:n_mar]
[10 14  5 13  2  7  6  4]
np.random.permutation(males)[0:n_mar]
[11  9 18  8 23  6 13 20]
np.random.permutation(males)[0:n_mar]
[ 2 17 13 11 12 23 19 21]
np.random.permutation(males)[0:n_mar]
[16  7  9  4 19 11 10  3]
np.random.permutation(males)[0:n_mar]
[ 9  4 10 18  8 20 11  7]
np.random.permutation(males)[0:n_mar]
[ 9 12 22 18  2 17  6 23]
np.random.permutation(males)[0:n_mar]
[ 2 10 21 20  4 15  8  1]
np.random.permutation(males)[0:n_mar]
[12  8  5 22 23  2  7 14]
np.random.permutation(males)[0:n_mar]
[ 0 12  6 13  1 11 16 23]
np.random.permutation(males)[0:n_mar]
[ 3  5 13 14 21 16  2 11]
np.random.permutation(males)[0:n_mar]
[ 5 23 20 10 16  9 19 17]
np.random.permutation(males)[0:n_mar]
[ 6  5 13  3  9 17 12 23]
np.random.permutation(males)[0:n_mar]
[ 2 19  9 17 18 15  4 22]
np.random.permutation(males)[0:n_mar]
[22  2 10 14 16  9  5  1]
np.random.permutation(males)[0:n_mar]
[18  6 17 16  5 22 10  3]
np.random.permutation(males)[0:n_mar]
[11 19 15  4 21 20 14 16]
np.random.permutation(males)[0:n_mar]
[16 15  0  2 10  3  8 23]
np.random.permutation(males)[0:n_mar]
[23  8  9 11 21 20 12  5]
np.random.permutation(males)[0:n_mar]
[ 7 21  1 20  4 17  8 12]
np.random.permutation(males)[0:n_mar]
[ 2  0 22  5 10 14 20 11]
np.random.permutation(males)[0:n_mar]
[22  2 20  9  6  0 23 19]
np.random.permutation(males)[0:n_mar]
[ 9  1 11 12 20  4 17 16]
np.random.permutation(males)[0:n_mar]
[12  0  4  9 14 16  1  3]
np.random.permutation(males)[0:n_mar]
[ 0  5 20  3 15 23 16 21]
np.random.permutation(males)[0:n_mar]
[ 1  8  5 23  4 11 17 18]
np.random.permutation(males)[0:n_mar]
[14  2  6  7 11 16 10 20]
np.random.permutation(males)[0:n_mar]
[ 8 13 19 17 23 12  0  5]
np.random.permutation(males)[0:n_mar]
[21  1 16  5  6  9 23 20]
np.random.permutation(males)[0:n_mar]
[20 18 10  0 14 11  9  3]
np.random.permutation(males)[0:n_mar]
[15 21 20 17 23 10 11  0]
np.random.permutation(males)[0:n_mar]
[ 3 13 20  7 16  8  0 10]
np.random.permutation(males)[0:n_mar]
[ 4 12 23 13  2 16 21 11]
np.random.permutation(males)[0:n_mar]
[ 2 12  6 13 23  0 15  3]
np.random.permutation(males)[0:n_mar]
[17 20  8  4  1 14 13  7]
np.random.permutation(males)[0:n_mar]
[ 3 23  2 16 11 13 12  0]
np.random.permutation(males)[0:n_mar]
[ 5  2 15 19 14  8 23  3]
np.random.permutation(males)[0:n_mar]
[ 7 13 10 21  6 11  4  9]
np.random.permutation(males)[0:n_mar]
[ 7 18  3 15 20  9 16 22]
np.random.permutation(males)[0:n_mar]
[13 15  9 10 16  5  4 14]
np.random.permutation(males)[0:n_mar]
[ 6 18 16  1 12  8  2  4]
np.random.permutation(males)[0:n_mar]
[10 19 16 21  2 22  9 14]
np.random.permutation(males)[0:n_mar]
[21  2  7 19 17 18  1  0]
np.random.permutation(males)[0:n_mar]
[22  0 18  1  7 15 17 10]
np.random.permutation(males)[0:n_mar]
[ 9 21  6 13  2 14  7  0]
np.random.permutation(males)[0:n_mar]
[12 22  2 19 20 13  8 11]
np.random.permutation(males)[0:n_mar]
[15  6  5  0 18  9 23  4]
np.random.permutation(males)[0:n_mar]
[19 15 21  4 11 14  8 12]
np.random.permutation(males)[0:n_mar]
[18 19 22  0  2 14 17 21]
np.random.permutation(males)[0:n_mar]
[ 0 23 10  3 18 19 16 13]
np.random.permutation(males)[0:n_mar]
[14 18  7 10  4  8  6 21]
np.random.permutation(males)[0:n_mar]
[ 2 14 13  0  5  3  4 11]
np.random.permutation(males)[0:n_mar]
[ 0 22 16 13 12 23  5  6]
np.random.permutation(males)[0:n_mar]
[ 1 11  5 22  9 16 19 23]
np.random.permutation(males)[0:n_mar]
[22 18 11  2 14  6 20 21]
np.random.permutation(males)[0:n_mar]
[ 3  8  5 18  4 20 17  6]
np.random.permutation(males)[0:n_mar]
[ 8  7  3 12 16  0 23 10]
np.random.permutation(males)[0:n_mar]
[22 17 13  0  4  5  3 11]
np.random.permutation(males)[0:n_mar]
[10 12  0 14 13 19  9  8]
np.random.permutation(males)[0:n_mar]
[ 9 22  3 14  1 12 16  7]
np.random.permutation(males)[0:n_mar]
[12  9 10  2 20 21  5 11]
np.random.permutation(males)[0:n_mar]
[20 11 12 19  1  4 13 10]
np.random.permutation(males)[0:n_mar]
[17  7 16 13  6 18 20 19]
np.random.permutation(males)[0:n_mar]
[23 21 10  7  9 19 16  0]
np.random.permutation(males)[0:n_mar]
[ 6 20  5  1 12 23 22  9]
np.random.permutation(males)[0:n_mar]
[10 23 14  7  3  0 16  2]
np.random.permutation(males)[0:n_mar]
[20  5 17  2  3 16  9 15]
np.random.permutation(males)[0:n_mar]
[11 12 10 23 20 15 21  7]
np.random.permutation(males)[0:n_mar]
[22 23 14  1 12 18  6  0]
np.random.permutation(males)[0:n_mar]
[ 7  8 19 12 14 16 20 13]
np.random.permutation(males)[0:n_mar]
[ 7  2  3 14 10 22 12  0]
np.random.permutation(males)[0:n_mar]
[21 13  7  8  4 20 16  3]
np.random.permutation(males)[0:n_mar]
[19  9 14 21 13  4 22 18]
np.random.permutation(males)[0:n_mar]
[ 9 11  1 16 17  3 14 23]
np.random.permutation(males)[0:n_mar]
[ 6  4 16 11  8 23  2  5]
np.random.permutation(males)[0:n_mar]
[ 8 20  0  7 21  6 14 23]
np.random.permutation(males)[0:n_mar]
[19  6  7 12 11 21  8  0]
np.random.permutation(males)[0:n_mar]
[ 4  6 23 11 18 21  7 20]
np.random.permutation(males)[0:n_mar]
[ 1 17  9  8  2 23 16  4]
np.random.permutation(males)[0:n_mar]
[ 9  3  4  8  6 19  2 11]
np.random.permutation(males)[0:n_mar]
[ 1 17  3  7  2 12  8 14]
np.random.permutation(males)[0:n_mar]
[22 16  6 13  1  3 14 17]
np.random.permutation(males)[0:n_mar]
[ 3  1 21 11  9 17  0 20]
np.random.permutation(males)[0:n_mar]
[ 3  1 17  2  9 12 21 13]
np.random.permutation(males)[0:n_mar]
[16 21 11  4  7 13 18 12]
np.random.permutation(males)[0:n_mar]
[23  0  3  4  7  5  1 10]
np.random.permutation(males)[0:n_mar]
[ 9  1 13  0 21 14  2 16]
np.random.permutation(males)[0:n_mar]
[12 22 18 13  6 10  4  2]
np.random.permutation(males)[0:n_mar]
[19  2 11  1  6 22  5 12]
np.random.permutation(males)[0:n_mar]
[ 6 14 15  9 22 20 11 16]
np.random.permutation(males)[0:n_mar]
[ 3 15 20 22  9 23  6  7]
np.random.permutation(males)[0:n_mar]
[ 4 20  8 15 18 22 21 23]
np.random.permutation(males)[0:n_mar]
[16  8  5 21  2  0 11  3]
np.random.permutation(males)[0:n_mar]
[ 4 19 12 22 18  0  5 14]
np.random.permutation(males)[0:n_mar]
[16 22 14 11 12 19  6  1]
np.random.permutation(males)[0:n_mar]
[14 23  9  0  6 16  4  1]
np.random.permutation(males)[0:n_mar]
[22  6 14 21 16 13  5  4]
np.random.permutation(males)[0:n_mar]
[13 14  3  7 21 15 11 16]
np.random.permutation(males)[0:n_mar]
[16 21 10 11  7  3 18 17]
np.random.permutation(males)[0:n_mar]
[12 16 23  8  7 21  3 17]
np.random.permutation(males)[0:n_mar]
[ 3 11 23 14  5 15  7 19]
np.random.permutation(males)[0:n_mar]
[17  3 14  7 23 18 21  4]
np.random.permutation(males)[0:n_mar]
[15  5  0 17  9 14 16 23]
np.random.permutation(males)[0:n_mar]
[13 16 10 17 15  4 18 20]
np.random.permutation(males)[0:n_mar]
[ 0 11 13 15 21 23 16 10]
np.random.permutation(males)[0:n_mar]
[ 3 23  7  4 12 19 14  5]
np.random.permutation(males)[0:n_mar]
[15 12 18 17  9  6  2 13]
np.random.permutation(males)[0:n_mar]
[15 12  2 21  9 19  1  0]
np.random.permutation(males)[0:n_mar]
[12  5  8  0 16 22 21  1]
np.random.permutation(males)[0:n_mar]
[14 12  5 11  1  7 15 20]
np.random.permutation(males)[0:n_mar]
[ 5 18  3  7 15 16  9 20]
np.random.permutation(males)[0:n_mar]
[ 0 13 22  3  4 18 12 15]
np.random.permutation(males)[0:n_mar]
[ 5  9 21 17  3 12  7 19]
np.random.permutation(males)[0:n_mar]
[22 18  1 12 16 19  0  5]
np.random.permutation(males)[0:n_mar]
[15 18 23 12 14  3  4 17]
np.random.permutation(males)[0:n_mar]
[21 15  0 17  1  9  2  4]
np.random.permutation(males)[0:n_mar]
[19 14  2 15 11  9 13 20]
np.random.permutation(males)[0:n_mar]
[ 2 13 21  7  9  3  6 17]
np.random.permutation(males)[0:n_mar]
[ 0 20 17 10 12  5  2  8]
np.random.permutation(males)[0:n_mar]
[11 10  8 16 17  3  9  7]
np.random.permutation(males)[0:n_mar]
[ 4 23  6 13  8 22  1  5]
np.random.permutation(males)[0:n_mar]
[19  8 23 14 18 20 10 12]
np.random.permutation(males)[0:n_mar]
[14 17  0 19 10  7  6 22]
np.random.permutation(males)[0:n_mar]
[11 15 14  2  6  5 16 23]
np.random.permutation(males)[0:n_mar]
[ 3  8 19 17  5  1 15 13]
np.random.permutation(males)[0:n_mar]
[ 9 20  7 21 11 16 23  6]
np.random.permutation(males)[0:n_mar]
[ 6  1 20 23 11 17 18  7]
np.random.permutation(males)[0:n_mar]
[ 3 14 13  7 22 19 15 20]
np.random.permutation(males)[0:n_mar]
[10  0  5 18 19 16 15 21]
np.random.permutation(males)[0:n_mar]
[ 6 22 16 11 10 19 15 18]
np.random.permutation(males)[0:n_mar]
[14 22  2  1 19 17 21  6]
np.random.permutation(males)[0:n_mar]
[13  9  0 20  6 21 10 12]
np.random.permutation(males)[0:n_mar]
[ 7 22  8  4 10 19 13  2]
np.random.permutation(males)[0:n_mar]
[18  6 12 15 23  3 17 11]
np.random.permutation(males)[0:n_mar]
[20 16  1 12 11 17 22  2]
np.random.permutation(males)[0:n_mar]
[19  8 10  3 22  7  6  5]
np.random.permutation(males)[0:n_mar]
[12  0 11 14  2  5  3  4]
np.random.permutation(males)[0:n_mar]
[23  2  1 18 16 17  6 22]
np.random.permutation(males)[0:n_mar]
[10  7 20 18 22  8 17  0]
np.random.permutation(males)[0:n_mar]
[ 0  8  3  2 15 21 10 11]
np.random.permutation(males)[0:n_mar]
[ 4 11 13  9  7 10 20 19]
np.random.permutation(males)[0:n_mar]
[20 22 11  7  3  5 12  8]
np.random.permutation(males)[0:n_mar]
[16  8 17 15  4  3 22 18]
np.random.permutation(males)[0:n_mar]
[ 2  1 16  4 20  5  0 11]
np.random.permutation(males)[0:n_mar]
[ 8 10 18 20 11  3 22 16]
np.random.permutation(males)[0:n_mar]
[10 18  5 22 15  8  9 11]
np.random.permutation(males)[0:n_mar]
[ 4  0  3 20 10 11  6 15]
np.random.permutation(males)[0:n_mar]
[18 15 12  0  2  9  1 10]
np.random.permutation(males)[0:n_mar]
[ 0 14 17  3 15  2 12  1]
np.random.permutation(males)[0:n_mar]
[16 14  0  9 15 10  3  4]
np.random.permutation(males)[0:n_mar]
[14  2 22 15 13 17 16  3]
np.random.permutation(males)[0:n_mar]
[ 4 19  5  9 21  1 23 17]
np.random.permutation(males)[0:n_mar]
[22 19 18 21  7  9 10  0]
np.random.permutation(males)[0:n_mar]
[18 23  9 14  7  1 15 21]
np.random.permutation(males)[0:n_mar]
[11 22 13 21  4 20 17 15]
np.random.permutation(males)[0:n_mar]
[ 3  5 19  0 23  7 15 16]
np.random.permutation(males)[0:n_mar]
[ 8 14  0  4 19 17 10 18]
np.random.permutation(males)[0:n_mar]
[ 9  6 11  7 22 21  3  4]
np.random.permutation(males)[0:n_mar]
[13  8  6 19  4  9 22  1]
np.random.permutation(males)[0:n_mar]
[12 11 14  5 20  0  1 10]
np.random.permutation(males)[0:n_mar]
[16  9 13  7  2  8 17 10]
np.random.permutation(males)[0:n_mar]
[21 12 18  1 17 15 10 14]
np.random.permutation(males)[0:n_mar]
[ 7 17  0  9 21  8 20 16]
np.random.permutation(males)[0:n_mar]
[ 7 21 17  6  4 22  0  8]
np.random.permutation(males)[0:n_mar]
[ 4 18  9  7  8 21 17  1]
np.random.permutation(males)[0:n_mar]
[16 13  5 15 18  7 20  0]
np.random.permutation(males)[0:n_mar]
[21 18 23 10 22  2  3  4]
np.random.permutation(males)[0:n_mar]
[17  4  2 12 18 15 10  6]
np.random.permutation(males)[0:n_mar]
[22  9 10  4  0 14  2 21]
np.random.permutation(males)[0:n_mar]
[ 1  3 22 21 20 23  2  0]
np.random.permutation(males)[0:n_mar]
[16 11  4 20 23  6  8 19]
np.random.permutation(males)[0:n_mar]
[15  4 12  3  5 13 19  8]
np.random.permutation(males)[0:n_mar]
[ 0  2  9 22  5 12 10 20]
np.random.permutation(males)[0:n_mar]
[10 15  1 19  3  0 23 21]
np.random.permutation(males)[0:n_mar]
[ 9 20 12  8  2 18  5 23]
np.random.permutation(males)[0:n_mar]
[17  6 18 20 22 11  2  3]
np.random.permutation(males)[0:n_mar]
[14  7 19 13 22  4 15 11]
np.random.permutation(males)[0:n_mar]
[21 12  6  8  9 13 18 22]
np.random.permutation(males)[0:n_mar]
[13 12  4 17  6 22  7  1]
np.random.permutation(males)[0:n_mar]
[ 3 22 16  2  9 12  1 19]
np.random.permutation(males)[0:n_mar]
[21 12 13  5 20 16 19  7]
np.random.permutation(males)[0:n_mar]
[15 14 11 20 17  4  7  3]
np.random.permutation(males)[0:n_mar]
[14 22 15  3 16  5  1  8]
np.random.permutation(males)[0:n_mar]
[ 5  9  3 13 11 18 15  0]
np.random.permutation(males)[0:n_mar]
[23 14  4 20 15 11 17  3]
np.random.permutation(males)[0:n_mar]
[15 13  5  9  8  2 22  6]
np.random.permutation(males)[0:n_mar]
[17 10 14  6 15 21 11  1]
np.random.permutation(males)[0:n_mar]
[15 10 17 22 14  2 19  4]
np.random.permutation(males)[0:n_mar]
[17  0 20 23 14 19 18 13]
np.random.permutation(males)[0:n_mar]
[14  8 16  9  5  4  7 13]
np.random.permutation(males)[0:n_mar]
[ 5 19 13  3 17  6  0  8]
np.random.permutation(males)[0:n_mar]
[15  2 22  4  8 16 17 21]
np.random.permutation(males)[0:n_mar]
[12 15  0 20 21  7  1  8]
np.random.permutation(males)[0:n_mar]
[12 16  7 23 19 14  4 18]
np.random.permutation(males)[0:n_mar]
[18  7 10 22  1 16 20  4]
np.random.permutation(males)[0:n_mar]
[11  7  4 20  9 22  1 14]
np.random.permutation(males)[0:n_mar]
[16  2 21  3 19 11 12  5]
np.random.permutation(males)[0:n_mar]
[ 2  4 18  7 23 14 10  5]
np.random.permutation(males)[0:n_mar]
[ 6 15  0 19 20  7 18 16]
np.random.permutation(males)[0:n_mar]
[19  2 16  6 18 21  4 22]
np.random.permutation(males)[0:n_mar]
[15  1  7  6 11 16 10 20]
np.random.permutation(males)[0:n_mar]
[16 23 19  6  7 11  1 14]
np.random.permutation(males)[0:n_mar]
[11  8  4  3 18  5  7 12]
np.random.permutation(males)[0:n_mar]
[15 12 14 19 16 22 11  1]
np.random.permutation(males)[0:n_mar]
[13 15  9 18 11  2 14  7]
np.random.permutation(males)[0:n_mar]
[ 5 11  8 20  9  7 23 21]
np.random.permutation(males)[0:n_mar]
[13 23  8 17  9 12  7  4]
np.random.permutation(males)[0:n_mar]
[ 1 18 21 14  2 16 13 19]
np.random.permutation(males)[0:n_mar]
[13 12 17 10 15 18  0  1]
np.random.permutation(males)[0:n_mar]
[18 20  5 12  3  6 15 14]
np.random.permutation(males)[0:n_mar]
[17 16 21 12  3 19 14 13]
np.random.permutation(males)[0:n_mar]
[17  7  6  8 10  4 23 20]
np.random.permutation(males)[0:n_mar]
[17 22 21 11  0 12  3 23]
np.random.permutation(males)[0:n_mar]
[ 8  7  3  4 11 14 15 17]
np.random.permutation(males)[0:n_mar]
[ 4 22  2 15 14  8 23  7]
np.random.permutation(males)[0:n_mar]
[13 17  3 16  4  9 21 12]
np.random.permutation(males)[0:n_mar]
[ 8 11 13  2  4 10 19  6]
np.random.permutation(males)[0:n_mar]
[ 1 20 13 18 15  7 10  4]
np.random.permutation(males)[0:n_mar]
[17 14  4 15 13  8  2 18]
np.random.permutation(males)[0:n_mar]
[14  3 21 18  0  1  4 10]
np.random.permutation(males)[0:n_mar]
[20  5  8 22  0  2  1 16]
np.random.permutation(males)[0:n_mar]
[ 9  0 17 21  5  3 14 13]
np.random.permutation(males)[0:n_mar]
[14 13  2  8 15 16 21 23]
np.random.permutation(males)[0:n_mar]
[14  4  8  0 13 20 21 18]
np.random.permutation(males)[0:n_mar]
[ 4 10 23  5  2  9 15  6]
np.random.permutation(males)[0:n_mar]
[ 5  7 10  2  0  1 12  4]
np.random.permutation(males)[0:n_mar]
[ 8 19 22 15  6 20  7  0]
np.random.permutation(males)[0:n_mar]
[23  2 15  3  4 16 22 19]
np.random.permutation(males)[0:n_mar]
[14  7 20  0 21 10  3 12]
np.random.permutation(males)[0:n_mar]
[19 12 23 18 14  8  1  0]
np.random.permutation(males)[0:n_mar]
[16  5  6  3 20 10  8 22]
np.random.permutation(males)[0:n_mar]
[ 0  9  5  8 11  4 14  7]
np.random.permutation(males)[0:n_mar]
[22  7 15 16  8  4  0 13]
np.random.permutation(males)[0:n_mar]
[ 4 12  0 10 14 18 11 22]
np.random.permutation(males)[0:n_mar]
[12 20 11  6 18  3 13  5]
np.random.permutation(males)[0:n_mar]
[19  8 13 10  0 14 23 21]
np.random.permutation(males)[0:n_mar]
[ 9 15  3  6 17 18  7 19]
np.random.permutation(males)[0:n_mar]
[22  8 18  1 15  9  3  2]
np.random.permutation(males)[0:n_mar]
[20 15  8 13 22 10 11  1]
np.random.permutation(males)[0:n_mar]
[20 17 18  1  5  7 21  6]
np.random.permutation(males)[0:n_mar]
[11 19  2 14 23  7 20 16]
np.random.permutation(males)[0:n_mar]
[14 13  2 21 19 20  0 10]
np.random.permutation(males)[0:n_mar]
[17 11  0  4  3 21 10  9]
np.random.permutation(males)[0:n_mar]
[ 7  2  4 12 23 19  6  0]
np.random.permutation(males)[0:n_mar]
[19 14  0  7 20  4  3 13]
np.random.permutation(males)[0:n_mar]
[ 3 18  9 14 13  1  2  0]
np.random.permutation(males)[0:n_mar]
[12 11 14 23 18 19 10 17]
np.random.permutation(males)[0:n_mar]
[ 6 15  4  5  7 13  0 20]
np.random.permutation(males)[0:n_mar]
[11 22 21 16 12  6 13 20]
np.random.permutation(males)[0:n_mar]
[ 9 13  5 16 19 23 14 18]
np.random.permutation(males)[0:n_mar]
[ 3  0 19 10  2  5 23  7]
np.random.permutation(males)[0:n_mar]
[11  6 22  9 21 13  2  3]
np.random.permutation(males)[0:n_mar]
[ 2 18 13 15 17 11 16 14]
np.random.permutation(males)[0:n_mar]
[13 10  8 11  2 19  1 17]
np.random.permutation(males)[0:n_mar]
[ 1 18  8  5 13  9 22 14]
np.random.permutation(males)[0:n_mar]
[ 1 16 23 18  0 22  7 15]
np.random.permutation(males)[0:n_mar]
[ 5 14 12 20 17  6 16  0]
np.random.permutation(males)[0:n_mar]
[20 13  1  6 15  5 14 16]
np.random.permutation(males)[0:n_mar]
[12 19  5  0 23  9 18  6]
np.random.permutation(males)[0:n_mar]
[15 17 22  9  6 14 16  7]
np.random.permutation(males)[0:n_mar]
[18 14 21 19 11  2 17  6]
np.random.permutation(males)[0:n_mar]
[ 8  1  5 15  7 14 18  9]
np.random.permutation(males)[0:n_mar]
[12  3  0  8 21 10 16  5]
np.random.permutation(males)[0:n_mar]
[19 11 10 14  5 15 22  4]
np.random.permutation(males)[0:n_mar]
[ 9  0 21 16  1 17  8  3]
np.random.permutation(males)[0:n_mar]
[ 6 10 17  2  4 12 16 20]
np.random.permutation(males)[0:n_mar]
[ 9  0  8 16 21  3 23 13]
np.random.permutation(males)[0:n_mar]
[ 3 21  1 11  7 22  6  2]
np.random.permutation(males)[0:n_mar]
[ 4  3 20  7  9 16 21  6]
np.random.permutation(males)[0:n_mar]
[11  8  0 16 18 19 21 23]
np.random.permutation(males)[0:n_mar]
[ 2 10 23 19  3  0 13 18]
np.random.permutation(males)[0:n_mar]
[ 6 12 10 14  2  4  1  8]
np.random.permutation(males)[0:n_mar]
[ 7 20 18 22 13  0  2 11]
np.random.permutation(males)[0:n_mar]
[22 11 21 18 23  6  5  4]
np.random.permutation(males)[0:n_mar]
[ 6  0  1 11 17  5  2  3]
np.random.permutation(males)[0:n_mar]
[20 21  5  8 23  3  2  0]
np.random.permutation(males)[0:n_mar]
[ 3 18 17 19  8 12 13 16]
np.random.permutation(males)[0:n_mar]
[17 21 16  4  3 22  6 13]
np.random.permutation(males)[0:n_mar]
[20  1  7  2 16 23 15 22]
np.random.permutation(males)[0:n_mar]
[ 2  7  8 16 19 17  4 15]
np.random.permutation(males)[0:n_mar]
[ 9 14 11 18  5 23 16 10]
np.random.permutation(males)[0:n_mar]
[15 18 21 13 22 19 14  1]
np.random.permutation(males)[0:n_mar]
[13  1 23 14 15 17 21 11]
np.random.permutation(males)[0:n_mar]
[ 3 13 21  2 18 11  8  0]
np.random.permutation(males)[0:n_mar]
[23  2  7  0 22 21  1  4]
np.random.permutation(males)[0:n_mar]
[ 4  3 20 11  8 19 14 23]
np.random.permutation(males)[0:n_mar]
[10  4 11  5  0 22  7 21]
np.random.permutation(males)[0:n_mar]
[17 15 22 21 10  9 19 12]
np.random.permutation(males)[0:n_mar]
[10 16  4 21  8 20  9 17]
np.random.permutation(males)[0:n_mar]
[10 21  4  2 16 17 14  7]
np.random.permutation(males)[0:n_mar]
[12 18 13 14  9  1 17 19]
np.random.permutation(males)[0:n_mar]
[ 2  9 16  0 12 17 21  8]
np.random.permutation(males)[0:n_mar]
[ 9  1  5 19 20  2  0  4]
np.random.permutation(males)[0:n_mar]
[ 1 20 14 13 10 17 22 11]
np.random.permutation(males)[0:n_mar]
[23  1 16 18 20  4 11  5]
np.random.permutation(males)[0:n_mar]
[17 10  7  0  6 21 20  2]
np.random.permutation(males)[0:n_mar]
[ 9  5  3  4  7 22 14  8]
np.random.permutation(males)[0:n_mar]
[17  6 19  5  2 20  0  1]
np.random.permutation(males)[0:n_mar]
[16 20  2 19  4 17  0 15]
np.random.permutation(males)[0:n_mar]
[23 14 22 16 10  4  9 11]
np.random.permutation(males)[0:n_mar]
[13 22 19 15  3  7 18 10]
np.random.permutation(males)[0:n_mar]
[ 9  0  8 11  7 19 22 13]
np.random.permutation(males)[0:n_mar]
[ 7  3  5 23  2 18  8  6]
np.random.permutation(males)[0:n_mar]
[ 0 10  8 13  4 21  1 20]
np.random.permutation(males)[0:n_mar]
[19  2  7  0 22 11  1  6]
np.random.permutation(males)[0:n_mar]
[ 6 17  3  1  5 14 11 15]
np.random.permutation(males)[0:n_mar]
[ 2 15  7  1  9  0 12 22]
np.random.permutation(males)[0:n_mar]
[ 3 22 11  9  6 23 21 10]
np.random.permutation(males)[0:n_mar]
[20 16 11 19  7 10  9 21]
np.random.permutation(males)[0:n_mar]
[ 1  5  6 12  7  3 15 13]
np.random.permutation(males)[0:n_mar]
[12  0  2 18 10 13 15 11]
np.random.permutation(males)[0:n_mar]
[10  6 22 23 15 21 11  3]
np.random.permutation(males)[0:n_mar]
[11  9  0  1  3 17  4 19]
np.random.permutation(males)[0:n_mar]
[ 5 10  3  2 11 17  0 21]
np.random.permutation(males)[0:n_mar]
[15  6 18  2 10  0 23 13]
np.random.permutation(males)[0:n_mar]
[ 0  2  7  3  6 19 23 18]
np.random.permutation(males)[0:n_mar]
[ 6  1  8 16  4 18 23 10]
np.random.permutation(males)[0:n_mar]
[ 0  5 12 20 16  2 21  9]
np.random.permutation(males)[0:n_mar]
[16  1 10 13 22 17 20 15]
np.random.permutation(males)[0:n_mar]
[ 1 13 18 11  7  3  8  5]
np.random.permutation(males)[0:n_mar]
[ 2 12  6  8 21  7  9  0]
np.random.permutation(males)[0:n_mar]
[23 14  6 22  1  9 17  4]
np.random.permutation(males)[0:n_mar]
[ 9 10  5 14 12  2  4 21]
np.random.permutation(males)[0:n_mar]
[16 13 20 21  5  2  3  7]
np.random.permutation(males)[0:n_mar]
[ 9  8 23  7  2 22 11 18]
np.random.permutation(males)[0:n_mar]
[16 18 12  8 22  0  5 15]
np.random.permutation(males)[0:n_mar]
[ 1 10 12  9 15  7  8 19]
np.random.permutation(males)[0:n_mar]
[16  2 18 22  3  7  1 20]
np.random.permutation(males)[0:n_mar]
[ 9  1 21 14 10  0  7 22]
np.random.permutation(males)[0:n_mar]
[17 21 13 14  7  1  3 22]
np.random.permutation(males)[0:n_mar]
[ 4 16 15 22 12  5  0 21]
np.random.permutation(males)[0:n_mar]
[19  9 14 10  2  3 20 13]
np.random.permutation(males)[0:n_mar]
[ 0 19 22 13  2  5  7 17]
np.random.permutation(males)[0:n_mar]
[ 2  7 16 22 10 23 18  0]
np.random.permutation(males)[0:n_mar]
[10  2 21  0  7  1 20 19]
np.random.permutation(males)[0:n_mar]
[10  8  2  9 19 11 18 16]
np.random.permutation(males)[0:n_mar]
[17  8  9 21 23 11 14  1]
np.random.permutation(males)[0:n_mar]
[ 8 20 14 10  9  2 21 19]
np.random.permutation(males)[0:n_mar]
[ 6 12 10  7 21 18  3  4]
np.random.permutation(males)[0:n_mar]
[15  7  4 23 13  6 12 18]
np.random.permutation(males)[0:n_mar]
[19 23 22 15 10  5  1 11]
np.random.permutation(males)[0:n_mar]
[15 14 17  1 18 10  5  0]
np.random.permutation(males)[0:n_mar]
[ 3 15 22  8  7 17  6 16]
np.random.permutation(males)[0:n_mar]
[15 17  0  7 13  8 18 23]
np.random.permutation(males)[0:n_mar]
[ 1  8 22 21  0  9 14 10]
np.random.permutation(males)[0:n_mar]
[12 21 17 19  9  8  0 23]
np.random.permutation(males)[0:n_mar]
[ 8  0 14 12  1  9 10 11]
np.random.permutation(males)[0:n_mar]
[19 15  9 14  5  0  6 23]
np.random.permutation(males)[0:n_mar]
[14 23 17 22 13  5 19  3]
np.random.permutation(males)[0:n_mar]
[17  6 18  8 16 21 19  1]
np.random.permutation(males)[0:n_mar]
[15  5  4 20 12 13  0  7]
np.random.permutation(males)[0:n_mar]
[11 15  6 23  4 20 13  3]
np.random.permutation(males)[0:n_mar]
[23 14 17 15  6 10  1 13]
np.random.permutation(males)[0:n_mar]
[13  8  7  2  6 22 15 21]
np.random.permutation(males)[0:n_mar]
[ 6  8 18  9 15 12  3 22]
np.random.permutation(males)[0:n_mar]
[ 8 11 20 12 18  2  7  5]
np.random.permutation(males)[0:n_mar]
[23 20 22  2 19 13 15 17]
np.random.permutation(males)[0:n_mar]
[ 3 18 16 19 23 11  7  1]
np.random.permutation(males)[0:n_mar]
[13  3 15 14 18 17  8 19]
np.random.permutation(males)[0:n_mar]
[12 20  4  5 23  8 21  3]
np.random.permutation(males)[0:n_mar]
[23 13 11 19 16 10  5  8]
np.random.permutation(males)[0:n_mar]
[17  9 18 21  3  8 14 15]
np.random.permutation(males)[0:n_mar]
[10 19 15  1  4  9  3 22]
np.random.permutation(males)[0:n_mar]
[21 20  5  8 11 12 19 14]
np.random.permutation(males)[0:n_mar]
[19 17 16  5 11 23  8  9]
np.random.permutation(males)[0:n_mar]
[19 21 15  9  7  1  0 17]
np.random.permutation(males)[0:n_mar]
[10  1 12 19  3 16  9  5]
np.random.permutation(males)[0:n_mar]
[10 17  2 15 21 13 11  4]
np.random.permutation(males)[0:n_mar]
[23  9 16  4  8  2 12  5]
np.random.permutation(males)[0:n_mar]
[ 1  6 14  8  3  5 19  7]
np.random.permutation(males)[0:n_mar]
[ 6 11 15  9 17 21 19 12]
np.random.permutation(males)[0:n_mar]
[ 5  4 18 22  7  3 15  0]
np.random.permutation(males)[0:n_mar]
[ 8 21  9 19 17  4 10 15]
np.random.permutation(males)[0:n_mar]
[ 1 17 22 15 10  6 16  2]
np.random.permutation(males)[0:n_mar]
[20  4  2 16  3  7  9  6]
np.random.permutation(males)[0:n_mar]
[ 2  6 19 17  8  7  0 16]
np.random.permutation(males)[0:n_mar]
[20 22 13  9 16  1 12 21]
np.random.permutation(males)[0:n_mar]
[ 0 20 18  6  7  9 14 11]
np.random.permutation(males)[0:n_mar]
[23  5  9 10 20  1  4 12]
np.random.permutation(males)[0:n_mar]
[ 8 19 17 12  6 16  3  4]
np.random.permutation(males)[0:n_mar]
[16 11 22 15 18  0  2  7]
np.random.permutation(males)[0:n_mar]
[22  6 19  2 17 11 23 13]
np.random.permutation(males)[0:n_mar]
[16 12 20 11 14  3  8  5]
np.random.permutation(males)[0:n_mar]
[ 4  0  7 23  5 18  8 10]
np.random.permutation(males)[0:n_mar]
[14 18  3  5  7 19 21 16]
np.random.permutation(males)[0:n_mar]
[ 8 18  3  5  0  1 10 16]
np.random.permutation(males)[0:n_mar]
[ 8 16 21  2 15 18 10  4]
np.random.permutation(males)[0:n_mar]
[22 20 13  6  5  4 15 21]
np.random.permutation(males)[0:n_mar]
[19 12 21  9  4  7  6 22]
np.random.permutation(males)[0:n_mar]
[ 6  7 18 10  1 23  5 20]
np.random.permutation(males)[0:n_mar]
[ 2 17  7 18 15 22  9 12]
np.random.permutation(males)[0:n_mar]
[ 0  6 15  3 20 16  4 19]
np.random.permutation(males)[0:n_mar]
[14 22 11 12 23  9 18 13]
np.random.permutation(males)[0:n_mar]
[ 0 19 13  3  7  5  9  2]
np.random.permutation(males)[0:n_mar]
[21 16  0  9  5 19  2 12]
np.random.permutation(males)[0:n_mar]
[18  9  2  7  3 22 10  8]
np.random.permutation(males)[0:n_mar]
[11 18  4 19 12 13 15  6]
np.random.permutation(males)[0:n_mar]
[13  2 12  4  9 17  8  7]
np.random.permutation(males)[0:n_mar]
[ 9  7 17  4 20  5 21 10]
np.random.permutation(males)[0:n_mar]
[ 6 22  8  0 17  7  4 23]
np.random.permutation(males)[0:n_mar]
[ 1  4 19 14  7  5  0  9]
np.random.permutation(males)[0:n_mar]
[12  8 22 20  1 15 19 16]
np.random.permutation(males)[0:n_mar]
[21 11  5 10  3 16 14  6]
np.random.permutation(males)[0:n_mar]
[20 17  4 18  6  1  9  8]
np.random.permutation(males)[0:n_mar]
[ 7  9 19 23  4 18 17 16]
np.random.permutation(males)[0:n_mar]
[11  1 23  2 21  0  4 13]
np.random.permutation(males)[0:n_mar]
[ 7 22  4  6 11  9 23 14]
np.random.permutation(males)[0:n_mar]
[ 3  2 16  0 22 14 19 15]
np.random.permutation(males)[0:n_mar]
[17  7  4 10  3 20 12 23]
np.random.permutation(males)[0:n_mar]
[21 20 16  1 14 12 23 22]
np.random.permutation(males)[0:n_mar]
[23  6 15  9  4  1  0 18]
np.random.permutation(males)[0:n_mar]
[ 1  7  9 10 23 19  6 14]
np.random.permutation(males)[0:n_mar]
[ 5 18 22 16 10  7 23 19]
np.random.permutation(males)[0:n_mar]
[ 9 23  3  6 18  7 10 12]
np.random.permutation(males)[0:n_mar]
[ 1 13  3 20 22 23 19  8]
np.random.permutation(males)[0:n_mar]
[14 12  0 21  9  6 15 11]
np.random.permutation(males)[0:n_mar]
[ 0  8  9  3 19  5  4 10]
np.random.permutation(males)[0:n_mar]
[21  7  5 20 13  8  0 19]
np.random.permutation(males)[0:n_mar]
[ 7 14  5  1  6 21 17 12]
np.random.permutation(males)[0:n_mar]
[12 13 19  9 20 16  2 10]
np.random.permutation(males)[0:n_mar]
[21 20  8  6  3  9 11  1]
np.random.permutation(males)[0:n_mar]
[13 20  9  5 11  0 14 23]
np.random.permutation(males)[0:n_mar]
[16 19 17  9 22 21 13 10]
np.random.permutation(males)[0:n_mar]
[ 4  1  6 21  7 12  5 19]
np.random.permutation(males)[0:n_mar]
[15 19 12 14  5  4 22 21]
np.random.permutation(males)[0:n_mar]
[17 11  8  3 12 18  5 15]
np.random.permutation(males)[0:n_mar]
[11 19  2 17 16  5  7  3]
np.random.permutation(males)[0:n_mar]
[ 8  1 21  0 15 12 18  6]
np.random.permutation(males)[0:n_mar]
[15 10 22  9 20 17 12  2]
np.random.permutation(males)[0:n_mar]
[21  6  4 10  3 14  8  0]
np.random.permutation(males)[0:n_mar]
[ 4 19  3 21  1 22  2  9]
np.random.permutation(males)[0:n_mar]
[ 1 19 16  5 22 20  0  6]
np.random.permutation(males)[0:n_mar]
[10  8  9  5  7 14  2 21]
np.random.permutation(males)[0:n_mar]
[18 19 23 21  6 17 20  7]
np.random.permutation(males)[0:n_mar]
[22  9  1  7 11 14 18  6]
np.random.permutation(males)[0:n_mar]
[12 15 17 19  8  2 20 21]
np.random.permutation(males)[0:n_mar]
[ 2 17  6  7 22 10 12  1]
np.random.permutation(males)[0:n_mar]
[12 17 15  2  4  6  7 14]
np.random.permutation(males)[0:n_mar]
[13  5 11  3  2  4 22 10]
np.random.permutation(males)[0:n_mar]
[10  3  2  8 21 15  0 22]
np.random.permutation(males)[0:n_mar]
[21  6  7 15 17  4 13  9]
np.random.permutation(males)[0:n_mar]
[12 16 17 14 19 10  6 21]
np.random.permutation(males)[0:n_mar]
[ 6  9 14  1 21 11 23 17]
np.random.permutation(males)[0:n_mar]
[10  6  2 17  4 19 22 21]
np.random.permutation(males)[0:n_mar]
[18 12 17 11  4  1  8 13]
np.random.permutation(males)[0:n_mar]
[13  5  1 18 15  7  6 23]
np.random.permutation(males)[0:n_mar]
[ 4  7  1 19 21  8 14 11]
np.random.permutation(males)[0:n_mar]
[23  0 10  9 20 19  8 14]
np.random.permutation(males)[0:n_mar]
[13  5 11  9  3 16 18 12]
np.random.permutation(males)[0:n_mar]
[19  6 16  3 20 10  2  9]
np.random.permutation(males)[0:n_mar]
[16  9 11 20 23  0 12  2]
np.random.permutation(males)[0:n_mar]
[21  6 15 17 12 18  4  7]
np.random.permutation(males)[0:n_mar]
[10 19 18 13 11  8  5 22]
np.random.permutation(males)[0:n_mar]
[ 8 15  5 21  0 23  4 19]
np.random.permutation(males)[0:n_mar]
[ 1 15 10 14 11 18 19  5]
np.random.permutation(males)[0:n_mar]
[22 13 12  7 20 14 21  6]
np.random.permutation(males)[0:n_mar]
[ 6  2  8  3 13 11 10 21]
np.random.permutation(males)[0:n_mar]
[ 2  9 16  6 19 13 18 10]
np.random.permutation(males)[0:n_mar]
[ 4  6 17 20  8  3  7 18]
np.random.permutation(males)[0:n_mar]
[23  9 11 17  1  6 18  3]
np.random.permutation(males)[0:n_mar]
[15  6  5 13  2 11 23  9]
np.random.permutation(males)[0:n_mar]
[21  2 16 22 23 17  0  3]
np.random.permutation(males)[0:n_mar]
[14  7  1  5 18 15 20 23]
np.random.permutation(males)[0:n_mar]
[10 13 16 11  0  8 17  5]
np.random.permutation(males)[0:n_mar]
[ 4 12 13 19  8 20 23 16]
np.random.permutation(males)[0:n_mar]
[ 6 10 22 16  8  2 23  0]
np.random.permutation(males)[0:n_mar]
[ 4  1 16 19 12  5 15  9]
np.random.permutation(males)[0:n_mar]
[ 5 11 12  6 19 20  1 16]
np.random.permutation(males)[0:n_mar]
[ 0 11  6 14 15 21 12  3]
np.random.permutation(males)[0:n_mar]
[14 13 10  4 15  9  8 19]
np.random.permutation(males)[0:n_mar]
[17  6 12 16  3 11  5 19]
np.random.permutation(males)[0:n_mar]
[23  8 17 10  3 13 20 21]
np.random.permutation(males)[0:n_mar]
[22  4  9  3 19 11  0 12]
np.random.permutation(males)[0:n_mar]
[ 4 16 14  7 13 10 20  6]
np.random.permutation(males)[0:n_mar]
[ 0 13 16 12  5  4 21  8]
np.random.permutation(males)[0:n_mar]
[17 22  1 11 14  8  2  0]
np.random.permutation(males)[0:n_mar]
[ 9 23 19 16  6 18 14 12]
np.random.permutation(males)[0:n_mar]
[ 9 12 15  0  8 18 11 22]
np.random.permutation(males)[0:n_mar]
[19  1  8 18 17 23 22 15]
np.random.permutation(males)[0:n_mar]
[ 8 15  0 12 13  9 23  2]
np.random.permutation(males)[0:n_mar]
[17  6 10 18  4  9 23 11]
np.random.permutation(males)[0:n_mar]
[ 1 20  5 17  2 11  8 21]
np.random.permutation(males)[0:n_mar]
[14 13  9  8  1 18 19  0]
np.random.permutation(males)[0:n_mar]
[14  7 12 15  4  9 18 11]
np.random.permutation(males)[0:n_mar]
[ 2 23 13  4  7 17 14 19]
np.random.permutation(males)[0:n_mar]
[ 0 15 13  4  9 23 14 11]
np.random.permutation(males)[0:n_mar]
[ 0 11 15  7 21  4 22  2]
np.random.permutation(males)[0:n_mar]
[10 12  4 17  2 22 14 16]
np.random.permutation(males)[0:n_mar]
[11  9  8 16 20 15 12 13]
np.random.permutation(males)[0:n_mar]
[21 19  1 18 10 13  4  2]
np.random.permutation(males)[0:n_mar]
[17 10  2 23 11 16 14 12]
np.random.permutation(males)[0:n_mar]
[ 4  9 11 17 19  7  5 21]
np.random.permutation(males)[0:n_mar]
[ 1 23 14 13 18 11  7 16]
np.random.permutation(males)[0:n_mar]
[ 0 17 11  5 23  6 20  3]
np.random.permutation(males)[0:n_mar]
[18  2  0  3 10 14 20  9]
np.random.permutation(males)[0:n_mar]
[23 16  6  1  7 19 12  2]
np.random.permutation(males)[0:n_mar]
[ 5 21 15 14  1  0 18 12]
np.random.permutation(males)[0:n_mar]
[10 13 11 17 18 12  1 15]
np.random.permutation(males)[0:n_mar]
[ 5 10  2 14  6 16 22 21]
np.random.permutation(males)[0:n_mar]
[ 8  5  4 18 21  9  3 16]
np.random.permutation(males)[0:n_mar]
[23  6 16 22  4 15  7  3]
np.random.permutation(males)[0:n_mar]
[14  9 20 10 16  4  0 17]
np.random.permutation(males)[0:n_mar]
[ 8 10 12 15  2  6 21 20]
np.random.permutation(males)[0:n_mar]
[15  2 16 18  4 20 13  6]
np.random.permutation(males)[0:n_mar]
[14 11 12 10  2  7  1 18]
np.random.permutation(males)[0:n_mar]
[ 8 18  5 23 20  6  0 13]
np.random.permutation(males)[0:n_mar]
[15 10  4 18 13  1 23 17]
np.random.permutation(males)[0:n_mar]
[14 13  5 16 12  2 21 15]
np.random.permutation(males)[0:n_mar]
[19 11 12  1 18 16 23 15]
np.random.permutation(males)[0:n_mar]
[22  7 21  2 14 19 15  8]
np.random.permutation(males)[0:n_mar]
[20 10 13 11  2 14  5  8]
np.random.permutation(males)[0:n_mar]
[23  5 22 14 16 21 12 15]
np.random.permutation(males)[0:n_mar]
[15  4  6  3 17 11 18  2]
np.random.permutation(males)[0:n_mar]
[ 7 10  4  0  5 18 15 16]
np.random.permutation(males)[0:n_mar]
[19  6 17  1 23  0 16 18]
np.random.permutation(males)[0:n_mar]
[ 5 21  3  2 18 12 15  4]
np.random.permutation(males)[0:n_mar]
[ 1 11 23  5  6 14  2  0]
np.random.permutation(males)[0:n_mar]
[ 2 11 12 17 19 20  5 22]
np.random.permutation(males)[0:n_mar]
[19 14  7 22  8 13 18  1]
np.random.permutation(males)[0:n_mar]
[18  4  5 19  9  0 23  2]
np.random.permutation(males)[0:n_mar]
[ 7 11 23  8 18 21  0 19]
np.random.permutation(males)[0:n_mar]
[10  7  0 17 19 20  4 16]
np.random.permutation(males)[0:n_mar]
[ 2 23  9 14 10  3 20  0]
np.random.permutation(males)[0:n_mar]
[21 17 19 23 20  9 16 12]
np.random.permutation(males)[0:n_mar]
[13  1 18 10 14  3 16 23]
np.random.permutation(males)[0:n_mar]
[12 22 14  6 10 13 23  3]
np.random.permutation(males)[0:n_mar]
[ 4 17 12 13  8  0  3 15]
np.random.permutation(males)[0:n_mar]
[ 7 12 20 15 17 11 10 19]
np.random.permutation(males)[0:n_mar]
[23 12  9 22  0 16 20 13]
np.random.permutation(males)[0:n_mar]
[22  3 19 17 13  4 18 20]
np.random.permutation(males)[0:n_mar]
[ 8 10  2 11 20 21 15 19]
np.random.permutation(males)[0:n_mar]
[ 3 16 21  9 11 19 10  6]
np.random.permutation(males)[0:n_mar]
[11 19  2  1 23  3  8 13]
np.random.permutation(males)[0:n_mar]
[11  8 18 12 10  7 20 13]
np.random.permutation(males)[0:n_mar]
[21 13  3 23  5  2  6  8]
np.random.permutation(males)[0:n_mar]
[13 19 12 23  4 14  3 21]
np.random.permutation(males)[0:n_mar]
[14 13 19  3 21  5 15  0]
np.random.permutation(males)[0:n_mar]
[18  9 12 13 11  4 22  1]
np.random.permutation(males)[0:n_mar]
[ 7 15 19 18 12 10  5 17]
np.random.permutation(males)[0:n_mar]
[22 16  7 19  6 15  3 23]
np.random.permutation(males)[0:n_mar]
[20 10  4  2 11 18  7  1]
np.random.permutation(males)[0:n_mar]
[17 21  0 23 10  7  4  5]
np.random.permutation(males)[0:n_mar]
[11 23 18 19  6  2  4 13]
np.random.permutation(males)[0:n_mar]
[ 6  1  5  3  8 17 23 10]
np.random.permutation(males)[0:n_mar]
[ 4  1 15 14 16  6 21  2]
np.random.permutation(males)[0:n_mar]
[19  5  6 10 18  7 15 21]
np.random.permutation(males)[0:n_mar]
[ 5 10 13 14  1  6 11 12]
np.random.permutation(males)[0:n_mar]
[16 18 21 15  8 14 12 20]
np.random.permutation(males)[0:n_mar]
[22 18  4  1  5 12  0  3]
np.random.permutation(males)[0:n_mar]
[10  2  5 17 12  9  4 13]
np.random.permutation(males)[0:n_mar]
[14  8 15 16 10 17 21  7]
np.random.permutation(males)[0:n_mar]
[ 2 21  3 17  6 23  5  7]
np.random.permutation(males)[0:n_mar]
[19  6 10  9 21 17  0  7]
np.random.permutation(males)[0:n_mar]
[14  2 23 10 22  5 13  4]
np.random.permutation(males)[0:n_mar]
[ 0  2 14 20 13 11 22  4]
np.random.permutation(males)[0:n_mar]
[ 0 13 21 18  9 19  3 23]
np.random.permutation(males)[0:n_mar]
[11 18  2 14  3  7  8 10]
np.random.permutation(males)[0:n_mar]
[ 5  4  6 18 13 10 23  3]
np.random.permutation(males)[0:n_mar]
[14 19  0 22  5 18 10  7]
np.random.permutation(males)[0:n_mar]
[12 15  2  6  1 21 18  5]
np.random.permutation(males)[0:n_mar]
[21 19  9 13  7 18  6 15]
np.random.permutation(males)[0:n_mar]
[10  0  9 21  7 23 16 18]
np.random.permutation(males)[0:n_mar]
[22 13  4 23  0  1 10  8]
np.random.permutation(males)[0:n_mar]
[ 5 18 10  4 22  3  1  2]
np.random.permutation(males)[0:n_mar]
[17  7  9 20 13 12 11  1]
np.random.permutation(males)[0:n_mar]
[18 17 10  3 22 15 14  7]
np.random.permutation(males)[0:n_mar]
[13 23 22 11  4 15 17 18]
np.random.permutation(males)[0:n_mar]
[ 7  2  1  3  4  6 21 23]
np.random.permutation(males)[0:n_mar]
[ 6 17  8 21 15 19  7 11]
np.random.permutation(males)[0:n_mar]
[ 3  2 13 18 22 20 14 21]
np.random.permutation(males)[0:n_mar]
[ 9 11 12  0 10  6 13  3]
np.random.permutation(males)[0:n_mar]
[15 23 16  2  9 13  1  0]
np.random.permutation(males)[0:n_mar]
[ 6  8  7 10  9 15  1 20]
np.random.permutation(males)[0:n_mar]
[ 1 22 21 14  6  7 19  5]
np.random.permutation(males)[0:n_mar]
[15 12 18 21  3  7  4 13]
np.random.permutation(males)[0:n_mar]
[14  3  7 13  0 19 12  4]
np.random.permutation(males)[0:n_mar]
[ 5 15 19  3 22 18  2  6]
np.random.permutation(males)[0:n_mar]
[19  4 23 12 15 16 18 10]
np.random.permutation(males)[0:n_mar]
[18 20  7 19 23  5  6 12]
np.random.permutation(males)[0:n_mar]
[ 5 18  6 20  1 23  8  7]
np.random.permutation(males)[0:n_mar]
[13 19 22  7 16  4  6  1]
np.random.permutation(males)[0:n_mar]
[20  2 22 16 13 15 12  3]
np.random.permutation(males)[0:n_mar]
[ 1  5  3 18 14  6 12 17]
np.random.permutation(males)[0:n_mar]
[ 8  0 15 11 10 20  1 12]
np.random.permutation(males)[0:n_mar]
[ 6  4 12 19  8  1  7  0]
np.random.permutation(males)[0:n_mar]
[ 8 10 18 15  6 23 19  5]
np.random.permutation(males)[0:n_mar]
[ 5  0 12 15 16  2 19 17]
np.random.permutation(males)[0:n_mar]
[14 23 18  6  2  3 22 17]
np.random.permutation(males)[0:n_mar]
[16 18  2  9 19  4 23 10]
np.random.permutation(males)[0:n_mar]
[17 12 18  0 15  9 16  3]
np.random.permutation(males)[0:n_mar]
[16  6 20 11 17 21  4 13]
np.random.permutation(males)[0:n_mar]
[11  6 18  4 20  7  1 23]
np.random.permutation(males)[0:n_mar]
[11 20  9 17 23  2 21  6]
np.random.permutation(males)[0:n_mar]
[ 2 12 16  4 14 11 13 22]
np.random.permutation(males)[0:n_mar]
[23  2 22 14  9 15 13  6]
np.random.permutation(males)[0:n_mar]
[16 18  0  9  4 12  7  5]
np.random.permutation(males)[0:n_mar]
[13  2 20 21 14  6 15  4]
np.random.permutation(males)[0:n_mar]
[ 0 14  3  8 13 23  6  2]
np.random.permutation(males)[0:n_mar]
[ 5  2 13 16 23 22 12 18]
np.random.permutation(males)[0:n_mar]
[13 20 19 18  0  6  7  1]
np.random.permutation(males)[0:n_mar]
[23  4 21  1  6  8 17  9]
np.random.permutation(males)[0:n_mar]
[ 0 15 20 18  6 21 13  5]
np.random.permutation(males)[0:n_mar]
[21  7  3 20 17 18  2 11]
np.random.permutation(males)[0:n_mar]
[23 13  2 14 22 11  8  9]
np.random.permutation(males)[0:n_mar]
[17  2 23  4 13 15  6 16]
np.random.permutation(males)[0:n_mar]
[ 1 22  7 14  4 19  2  8]
np.random.permutation(males)[0:n_mar]
[10 14  2  5  9 13 17 21]
np.random.permutation(males)[0:n_mar]
[15 14  0  1 11  4  7 16]
np.random.permutation(males)[0:n_mar]
[ 1 18 11 13 15 10 23 19]
np.random.permutation(males)[0:n_mar]
[13  3 16 12 17 21 14  2]
np.random.permutation(males)[0:n_mar]
[ 2  7  5  4  1 16 18  8]
np.random.permutation(males)[0:n_mar]
[ 7 18 21 13 12 11 10  3]
np.random.permutation(males)[0:n_mar]
[20 11 12 10 18  2  9  8]
np.random.permutation(males)[0:n_mar]
[ 5  8  7 19 18 11 14  3]
np.random.permutation(males)[0:n_mar]
[15  0 12  8 22 19  6 10]
np.random.permutation(males)[0:n_mar]
[ 1 13 21  7 22 18 17  5]
np.random.permutation(males)[0:n_mar]
[23 13 10  3  4  1 21  5]
np.random.permutation(males)[0:n_mar]
[ 1  0 16  4  5  8 23 14]
np.random.permutation(males)[0:n_mar]
[ 3 15 16 17 11 14 13 21]
np.random.permutation(males)[0:n_mar]
[10  0 15 11 21 19  6  4]
np.random.permutation(males)[0:n_mar]
[13 15 17 22  4 20 21 23]
np.random.permutation(males)[0:n_mar]
[10 21  0 15  9 22 13 16]
np.random.permutation(males)[0:n_mar]
[12  7 20 16 22 10 17  0]
np.random.permutation(males)[0:n_mar]
[ 3 20 14  2 22 21 23 17]
np.random.permutation(males)[0:n_mar]
[16 20 10 14  5  3  0  1]
np.random.permutation(males)[0:n_mar]
[22 21  2 18  3  9 19 20]
np.random.permutation(males)[0:n_mar]
[ 6 12  9 20 15 16 11  3]
np.random.permutation(males)[0:n_mar]
[17  4  2 13  9 23  5 21]
np.random.permutation(males)[0:n_mar]
[19  0 18  1 22  5 11  7]
np.random.permutation(males)[0:n_mar]
[17 14 19  3 23  7  6  9]
np.random.permutation(males)[0:n_mar]
[13  1 18 15  4 11 20  9]
np.random.permutation(males)[0:n_mar]
[ 0  4 20 18 10 23 22  3]
np.random.permutation(males)[0:n_mar]
[11 18  1 20 21 14  0 16]
np.random.permutation(males)[0:n_mar]
[ 6 12  9 22 16 13 23  8]
np.random.permutation(males)[0:n_mar]
[ 5 19 13  1 23 10  6  0]
np.random.permutation(males)[0:n_mar]
[12 10  6  2  1 11  7 22]
np.random.permutation(males)[0:n_mar]
[12 10 23  8  9 13 18 16]
np.random.permutation(males)[0:n_mar]
[14  0 17 20 19 11 12  2]
np.random.permutation(males)[0:n_mar]
[10 23  9 20  0  5 14 12]
np.random.permutation(males)[0:n_mar]
[16 21  7  2 10 18 23  8]
np.random.permutation(males)[0:n_mar]
[16  1 17  6 12 19  8  4]
np.random.permutation(males)[0:n_mar]
[11 13 12 10 15 18  1 23]
np.random.permutation(males)[0:n_mar]
[ 5  7  3 20 12  1 22 17]
np.random.permutation(males)[0:n_mar]
[22 12 20  2  0  3 10 19]
np.random.permutation(males)[0:n_mar]
[12  3 11 15 14  8 10 22]
np.random.permutation(males)[0:n_mar]
[ 2  5 23 12 10 22  4  8]
np.random.permutation(males)[0:n_mar]
[19  9 13 20 14 12  5  3]
np.random.permutation(males)[0:n_mar]
[ 3 16 14 17 13 12 20  2]
np.random.permutation(males)[0:n_mar]
[15 13  3 12  0 16 21  6]
np.random.permutation(males)[0:n_mar]
[15  2  9 12 16 21 22  8]
np.random.permutation(males)[0:n_mar]
[22  2 17  8  7  6 18  1]
np.random.permutation(males)[0:n_mar]
[11 10 15 22  5 17  7  3]
np.random.permutation(males)[0:n_mar]
[ 2  0 20 23  3  4 19 16]
np.random.permutation(males)[0:n_mar]
[18  8 13 20 23  2  6  9]
np.random.permutation(males)[0:n_mar]
[15 19 18 23  1 17 16 20]
