np.random.permutation(males)[0:n_mar]
[16  8 20 15 18  9  4]
np.random.permutation(males)[0:n_mar]
[ 8 16 17 23  9  5  0]
np.random.permutation(males)[0:n_mar]
[ 2 20 10 11  1 15 14]
np.random.permutation(males)[0:n_mar]
[13 21 19  6  7 14 20]
np.random.permutation(males)[0:n_mar]
[16  3 12 10  2  5  1]
np.random.permutation(males)[0:n_mar]
[17 15 10 23 14  5 20]
np.random.permutation(males)[0:n_mar]
[ 9 15 16 20 19  0 18]
np.random.permutation(males)[0:n_mar]
[22  1 13 18 10  6  9]
np.random.permutation(males)[0:n_mar]
[18 14 22 13  2  7  3]
np.random.permutation(males)[0:n_mar]
[ 3  4 19 22 11 14 23]
np.random.permutation(males)[0:n_mar]
[16 18 14  1  0  3 22]
np.random.permutation(males)[0:n_mar]
[ 9  0 14  5  2 16 23]
np.random.permutation(males)[0:n_mar]
[13 23 14 15  3 20  5]
np.random.permutation(males)[0:n_mar]
[13 10  0 20 18  5  1]
np.random.permutation(males)[0:n_mar]
[ 4  1 10  2  5 15 19]
np.random.permutation(males)[0:n_mar]
[23 18 12 10  7  6  9]
np.random.permutation(males)[0:n_mar]
[17 22  3 20 10  5  9]
np.random.permutation(males)[0:n_mar]
[ 2 20  1 16  9 22 18]
np.random.permutation(males)[0:n_mar]
[12 15 22 11 13 19  7]
np.random.permutation(males)[0:n_mar]
[10  8  5 13  1 11 12]
np.random.permutation(males)[0:n_mar]
[ 0 22  2  4 14 10 18]
np.random.permutation(males)[0:n_mar]
[ 3 22  1 18 16  2  0]
np.random.permutation(males)[0:n_mar]
[ 4 10 15 11  2 14 13]
np.random.permutation(males)[0:n_mar]
[20 13  9  5 21 17  8]
np.random.permutation(males)[0:n_mar]
[22 14 21  2 19 20  7]
np.random.permutation(males)[0:n_mar]
[ 2 10  7 15 16 23 14]
np.random.permutation(males)[0:n_mar]
[20 21  6  0 12 14 16]
np.random.permutation(males)[0:n_mar]
[ 1 23 13 12  8  6  0]
np.random.permutation(males)[0:n_mar]
[ 5  3 18  6  0  2 14]
np.random.permutation(males)[0:n_mar]
[19  1 17 13  8 21 20]
np.random.permutation(males)[0:n_mar]
[22  9 16  7  2  4 17]
np.random.permutation(males)[0:n_mar]
[ 2 11  3 14 13 17  5]
np.random.permutation(males)[0:n_mar]
[ 8 18  5  2 11 17 15]
np.random.permutation(males)[0:n_mar]
[11  3  7 21 19 15 18]
np.random.permutation(males)[0:n_mar]
[ 3 19 13 15 18  8  1]
np.random.permutation(males)[0:n_mar]
[23 20 10 22 21  0 18]
np.random.permutation(males)[0:n_mar]
[ 8 10 11  2  5  4 20]
np.random.permutation(males)[0:n_mar]
[19 23 18 16 14 21  2]
np.random.permutation(males)[0:n_mar]
[13  9  7  2 18 14  3]
np.random.permutation(males)[0:n_mar]
[19 13  0  1 18 16  3]
np.random.permutation(males)[0:n_mar]
[18  4  1 15 11  0  3]
np.random.permutation(males)[0:n_mar]
[15  6 21 13  8  7 16]
np.random.permutation(males)[0:n_mar]
[11  6  5 17  0 10 22]
np.random.permutation(males)[0:n_mar]
[21  9  4  3  8  7 17]
np.random.permutation(males)[0:n_mar]
[11  1  9  8 13  5  2]
np.random.permutation(males)[0:n_mar]
[13  2 12  3 15 21 22]
np.random.permutation(males)[0:n_mar]
[ 8 15  9 12  1  4  0]
np.random.permutation(males)[0:n_mar]
[ 3 11  8  4 18  0 20]
np.random.permutation(males)[0:n_mar]
[22  8  6 18 10  7  1]
np.random.permutation(males)[0:n_mar]
[ 5  0 13  9 14 16 18]
np.random.permutation(males)[0:n_mar]
[ 4  8  6 16 15  9 17]
np.random.permutation(males)[0:n_mar]
[23 20  8  3  1 21 22]
np.random.permutation(males)[0:n_mar]
[18 16 11 14  1  2 17]
np.random.permutation(males)[0:n_mar]
[ 6 20  1  9  2 18  0]
np.random.permutation(males)[0:n_mar]
[23 19 11 16 18  2 17]
np.random.permutation(males)[0:n_mar]
[ 9 17  3 19 13 18  4]
np.random.permutation(males)[0:n_mar]
[20  9 10 19 11 16  1]
np.random.permutation(males)[0:n_mar]
[22 23 19 18 21  2  0]
np.random.permutation(males)[0:n_mar]
[12  0 19 13 17 10  7]
np.random.permutation(males)[0:n_mar]
[ 7 13  0  6  3 12 21]
np.random.permutation(males)[0:n_mar]
[14 18 19 23  5  2  8]
np.random.permutation(males)[0:n_mar]
[ 5  2 21 20 12 22 10]
np.random.permutation(males)[0:n_mar]
[13  0 21 14 12  8 22]
np.random.permutation(males)[0:n_mar]
[ 3  9  1  0 14 15 16]
np.random.permutation(males)[0:n_mar]
[21  2  1 19 13 11 10]
np.random.permutation(males)[0:n_mar]
[ 2 12  3 16 22 13  4]
np.random.permutation(males)[0:n_mar]
[ 8  1 22 10 18  3  5]
np.random.permutation(males)[0:n_mar]
[ 6  5 18 23  2 19  4]
np.random.permutation(males)[0:n_mar]
[20 18 12  5 19 21 17]
np.random.permutation(males)[0:n_mar]
[ 7 21  9 23  3  2 12]
np.random.permutation(males)[0:n_mar]
[19 16  2 12 17 22  5]
np.random.permutation(males)[0:n_mar]
[ 1 19 21  4  7  9  8]
np.random.permutation(males)[0:n_mar]
[17 13 18 12 15 21  7]
np.random.permutation(males)[0:n_mar]
[ 4  6 13 12  3 22  0]
np.random.permutation(males)[0:n_mar]
[ 2 16 17 14  3  9 10]
np.random.permutation(males)[0:n_mar]
[17  7 14  0  8 20 18]
np.random.permutation(males)[0:n_mar]
[15 22 12  2 18  7 19]
np.random.permutation(males)[0:n_mar]
[18 23 20  1 21 15  5]
np.random.permutation(males)[0:n_mar]
[ 0 13 22  7  6 19  4]
np.random.permutation(males)[0:n_mar]
[18  2 10  5  3  8 17]
np.random.permutation(males)[0:n_mar]
[22 14 15 13 12 11  4]
np.random.permutation(males)[0:n_mar]
[ 3 14 11 13  0  8 17]
np.random.permutation(males)[0:n_mar]
[17 20  3 19  8  7 18]
np.random.permutation(males)[0:n_mar]
[ 2 22  0  4 15 23  6]
np.random.permutation(males)[0:n_mar]
[ 9 19  1  5  0 16  4]
np.random.permutation(males)[0:n_mar]
[20 21 10 12  5 23  1]
np.random.permutation(males)[0:n_mar]
[ 5 10  9 22  4 17 18]
np.random.permutation(males)[0:n_mar]
[19  3 12 14 16  0 13]
np.random.permutation(males)[0:n_mar]
[ 9 23 10 18 22 19 15]
np.random.permutation(males)[0:n_mar]
[ 4  8 17 21  1  6 16]
np.random.permutation(males)[0:n_mar]
[ 3 11  5  2 21 22  6]
np.random.permutation(males)[0:n_mar]
[ 4  6  0 20 22  5  1]
np.random.permutation(males)[0:n_mar]
[ 8 20 15  6 11 17 18]
np.random.permutation(males)[0:n_mar]
[ 8 17 15  9 21 10 20]
np.random.permutation(males)[0:n_mar]
[21 18  4 11 12  6 19]
np.random.permutation(males)[0:n_mar]
[ 4 20 19  8 13  7 11]
np.random.permutation(males)[0:n_mar]
[13 18  2 22  7  6 23]
np.random.permutation(males)[0:n_mar]
[21 17  0  5 19  3  4]
np.random.permutation(males)[0:n_mar]
[ 1 15 20  5 12  0  3]
np.random.permutation(males)[0:n_mar]
[ 6 20 15  8 17 13  7]
np.random.permutation(males)[0:n_mar]
[ 9 13  2  3 15  5 19]
np.random.permutation(males)[0:n_mar]
[22  7 20 19  4  2 12]
np.random.permutation(males)[0:n_mar]
[ 2 17 19  4 22 10  5]
np.random.permutation(males)[0:n_mar]
[13 17 18  7  5 19  6]
np.random.permutation(males)[0:n_mar]
[19 17  9  5 22  3 15]
np.random.permutation(males)[0:n_mar]
[13  7 14 17 23  4 21]
np.random.permutation(males)[0:n_mar]
[ 8 13 10  2  4 14 18]
np.random.permutation(males)[0:n_mar]
[22  6 13  9  8  3  7]
np.random.permutation(males)[0:n_mar]
[16 20 13 15  9 23 14]
np.random.permutation(males)[0:n_mar]
[ 3 21 17 19  6  1 23]
np.random.permutation(males)[0:n_mar]
[17  9  8  3 19 21 22]
np.random.permutation(males)[0:n_mar]
[22  1  6  9 19 20  4]
np.random.permutation(males)[0:n_mar]
[11  7 16 15 19  8 13]
np.random.permutation(males)[0:n_mar]
[ 1  4 20  6  7  2 14]
np.random.permutation(males)[0:n_mar]
[12 22 21  6  7  8  0]
np.random.permutation(males)[0:n_mar]
[12 16  8 17 21 20 23]
np.random.permutation(males)[0:n_mar]
[ 7 14  5  8  3 11  2]
np.random.permutation(males)[0:n_mar]
[ 1  2  0  4 17  9 18]
np.random.permutation(males)[0:n_mar]
[ 1 14 12 13 11  8 10]
np.random.permutation(males)[0:n_mar]
[12  4  3 16  5 13 10]
np.random.permutation(males)[0:n_mar]
[16 12 20  6  2 18  3]
np.random.permutation(males)[0:n_mar]
[16  1 19  4 17 15 13]
np.random.permutation(males)[0:n_mar]
[22  2 20  5 14  8  0]
np.random.permutation(males)[0:n_mar]
[13 17  4 20 15  8  7]
np.random.permutation(males)[0:n_mar]
[19  0 18 20  9 11  3]
np.random.permutation(males)[0:n_mar]
[13 20 23 21 14  6  5]
np.random.permutation(males)[0:n_mar]
[ 8 22  1  4  3  2  6]
np.random.permutation(males)[0:n_mar]
[11 19 10 22  8  7 23]
np.random.permutation(males)[0:n_mar]
[23 21  8 19  6 18 20]
np.random.permutation(males)[0:n_mar]
[18  6 15  7  4 11 14]
np.random.permutation(males)[0:n_mar]
[22 19  1 15  3  6  8]
np.random.permutation(males)[0:n_mar]
[16 13  7  5 20  4 22]
np.random.permutation(males)[0:n_mar]
[ 5 15  0 20 21  1 18]
np.random.permutation(males)[0:n_mar]
[ 6 13  8 17  5 19 14]
np.random.permutation(males)[0:n_mar]
[ 3  1 12 15 14 16 23]
np.random.permutation(males)[0:n_mar]
[14  7  0 18  4  1 22]
np.random.permutation(males)[0:n_mar]
[12  8  2 10  4  5 18]
np.random.permutation(males)[0:n_mar]
[ 7  4  1 12  3  0 10]
np.random.permutation(males)[0:n_mar]
[ 7  6 20  0  8  1 22]
np.random.permutation(males)[0:n_mar]
[13 21 14  4 20 12  1]
np.random.permutation(males)[0:n_mar]
[13 17  1 15  2 14 16]
np.random.permutation(males)[0:n_mar]
[21  6 13  8 18  0 22]
np.random.permutation(males)[0:n_mar]
[23  8 15 20 18 17  3]
np.random.permutation(males)[0:n_mar]
[22 20  4 17 18 23 19]
np.random.permutation(males)[0:n_mar]
[17 11  9  1 12 21 16]
np.random.permutation(males)[0:n_mar]
[13 20  9 19 21  1 12]
np.random.permutation(males)[0:n_mar]
[ 0  6  8 15 21 14  9]
np.random.permutation(males)[0:n_mar]
[5 4 6 2 9 3 7]
np.random.permutation(males)[0:n_mar]
[ 8 13  2 14 10 16 19]
np.random.permutation(males)[0:n_mar]
[14 22  9  3  1 21  4]
np.random.permutation(males)[0:n_mar]
[ 3 10 17 11 18 23 16]
np.random.permutation(males)[0:n_mar]
[13 18  6  7  4 21 22]
np.random.permutation(males)[0:n_mar]
[ 3  8 17  2 23  5 19]
np.random.permutation(males)[0:n_mar]
[ 7 23  4 17 18  2  3]
np.random.permutation(males)[0:n_mar]
[17  8 12 16 13 23 11]
np.random.permutation(males)[0:n_mar]
[21 19  7  1 10  2 22]
np.random.permutation(males)[0:n_mar]
[16  6 18  3 17 14 15]
np.random.permutation(males)[0:n_mar]
[ 1  9 10 16 21  6 22]
np.random.permutation(males)[0:n_mar]
[20  8  5  2 10 21 22]
np.random.permutation(males)[0:n_mar]
[15  1 14 12 21 22 20]
np.random.permutation(males)[0:n_mar]
[13 22 19 20  4  8 12]
np.random.permutation(males)[0:n_mar]
[20 12  6 10 14  2 21]
np.random.permutation(males)[0:n_mar]
[ 9 22  4  6 20 23 14]
np.random.permutation(males)[0:n_mar]
[19  2 23 21  9  4 11]
np.random.permutation(males)[0:n_mar]
[ 1 10  2  8 19  3 23]
np.random.permutation(males)[0:n_mar]
[16  0  1 23 22 19 17]
np.random.permutation(males)[0:n_mar]
[13 11 16  8  9  0 18]
np.random.permutation(males)[0:n_mar]
[21 23  8 10 16 11  9]
np.random.permutation(males)[0:n_mar]
[ 3 16  6 19 12  5  2]
np.random.permutation(males)[0:n_mar]
[17 15 20 12  3  9 11]
np.random.permutation(males)[0:n_mar]
[13 14 20 19  2  4  5]
np.random.permutation(males)[0:n_mar]
[21 13 17 20  3 11 22]
np.random.permutation(males)[0:n_mar]
[ 3  2  9 21 23  0  8]
np.random.permutation(males)[0:n_mar]
[ 7 12 20 16  8 11  4]
np.random.permutation(males)[0:n_mar]
[11  3 15 19  8  1 17]
np.random.permutation(males)[0:n_mar]
[16  9 21 19 12 13 22]
np.random.permutation(males)[0:n_mar]
[ 9 21 23  8  1 15  5]
np.random.permutation(males)[0:n_mar]
[17 12 15  8 20 13 16]
np.random.permutation(males)[0:n_mar]
[18 11  0 15  3 16  2]
np.random.permutation(males)[0:n_mar]
[ 7  6 20 19 18  8 23]
np.random.permutation(males)[0:n_mar]
[ 9 14 15 22  3  2  4]
np.random.permutation(males)[0:n_mar]
[23 16 11 13 19 12  7]
np.random.permutation(males)[0:n_mar]
[ 8 19 15  5 17  1 21]
np.random.permutation(males)[0:n_mar]
[ 1 16 20 18  0 12  7]
np.random.permutation(males)[0:n_mar]
[8 9 1 3 6 7 4]
np.random.permutation(males)[0:n_mar]
[12 20  5  0 17 13  8]
np.random.permutation(males)[0:n_mar]
[12 17  7 21 10  4  9]
np.random.permutation(males)[0:n_mar]
[20  5  0  3 21  4 23]
np.random.permutation(males)[0:n_mar]
[16 11 17 10  0 12 14]
np.random.permutation(males)[0:n_mar]
[ 8 22 20 19  7  0 18]
np.random.permutation(males)[0:n_mar]
[12  4 14  7  5 16  9]
np.random.permutation(males)[0:n_mar]
[ 5 20 21  3  6 14  8]
np.random.permutation(males)[0:n_mar]
[13 23 19 22  7 14  2]
np.random.permutation(males)[0:n_mar]
[ 7  5 20  8 13 14 15]
np.random.permutation(males)[0:n_mar]
[10  5 18 21 17 23  0]
np.random.permutation(males)[0:n_mar]
[ 2  6 20 22 21  4  3]
np.random.permutation(males)[0:n_mar]
[18  3  1 12 14 16 10]
np.random.permutation(males)[0:n_mar]
[18 17 20  4 13  9  1]
np.random.permutation(males)[0:n_mar]
[17 22 13  1  4 12  7]
np.random.permutation(males)[0:n_mar]
[15 13 14 10 18 21 17]
np.random.permutation(males)[0:n_mar]
[22  4 13  9 12 20 14]
np.random.permutation(males)[0:n_mar]
[ 5  8 10 18  2 23  9]
np.random.permutation(males)[0:n_mar]
[ 0  9 12  1  3 16 23]
np.random.permutation(males)[0:n_mar]
[15  8 18  6 17  5 22]
np.random.permutation(males)[0:n_mar]
[ 9  0 16  3 22 21 13]
np.random.permutation(males)[0:n_mar]
[20 14 11  3 10 17 21]
np.random.permutation(males)[0:n_mar]
[ 0  9 21  6 10 13  4]
np.random.permutation(males)[0:n_mar]
[ 8  5  1 23 16 22  9]
np.random.permutation(males)[0:n_mar]
[ 3 21  6 17 23  5  1]
np.random.permutation(males)[0:n_mar]
[16  5 15 23  3 22 20]
np.random.permutation(males)[0:n_mar]
[14 19 21 17  8 11  6]
np.random.permutation(males)[0:n_mar]
[ 5 21 19  4 11 10 16]
np.random.permutation(males)[0:n_mar]
[ 2 23  8 18  9 10 16]
np.random.permutation(males)[0:n_mar]
[ 2 15 23  5 13 14 10]
np.random.permutation(males)[0:n_mar]
[ 5  1 19  8  3 14 17]
np.random.permutation(males)[0:n_mar]
[15 18  8  1  4 11 16]
np.random.permutation(males)[0:n_mar]
[ 9  0  8 19 11  5 18]
np.random.permutation(males)[0:n_mar]
[ 0 21  8 18 11 12  5]
np.random.permutation(males)[0:n_mar]
[22  6  2 13 11  8 23]
np.random.permutation(males)[0:n_mar]
[ 5 20 12 18 23 15 11]
np.random.permutation(males)[0:n_mar]
[ 1  7 18 17  5 19 23]
np.random.permutation(males)[0:n_mar]
[ 2 20 16 12  4 17 11]
np.random.permutation(males)[0:n_mar]
[23  5 22  2 13 17 14]
np.random.permutation(males)[0:n_mar]
[ 9  1  0 23 17  2  6]
np.random.permutation(males)[0:n_mar]
[16 14 13  7  1 19  3]
np.random.permutation(males)[0:n_mar]
[ 1  2 15 21  4  0  7]
np.random.permutation(males)[0:n_mar]
[15 19 13 10 16  6 18]
np.random.permutation(males)[0:n_mar]
[11 15 23  5 19  7  4]
np.random.permutation(males)[0:n_mar]
[19 12 17  7 14  6 23]
np.random.permutation(males)[0:n_mar]
[23  5 19 20 17  2 10]
np.random.permutation(males)[0:n_mar]
[16  3 23 14 19 22 13]
np.random.permutation(males)[0:n_mar]
[ 2 15 18  8 17 10  4]
np.random.permutation(males)[0:n_mar]
[20 18 23  6 13  9  2]
np.random.permutation(males)[0:n_mar]
[ 6  8  9 13  0 19 17]
np.random.permutation(males)[0:n_mar]
[ 2  0 20 14 16  4 15]
np.random.permutation(males)[0:n_mar]
[15  8 23  0  4 11  3]
np.random.permutation(males)[0:n_mar]
[ 4 12  6 15 14 18  3]
np.random.permutation(males)[0:n_mar]
[ 2 19 14  3 17 23  5]
np.random.permutation(males)[0:n_mar]
[ 7 22  6  9 13 18 20]
np.random.permutation(males)[0:n_mar]
[ 1  7  9  3 14 10  8]
np.random.permutation(males)[0:n_mar]
[12 15  4 21 22  6  8]
np.random.permutation(males)[0:n_mar]
[20 23 22 16 14 17  7]
np.random.permutation(males)[0:n_mar]
[17 16 12  5  6 19  1]
np.random.permutation(males)[0:n_mar]
[ 2  8 22 19  4  7 20]
np.random.permutation(males)[0:n_mar]
[ 0 21 12  1 14  4  6]
np.random.permutation(males)[0:n_mar]
[ 6 22 14  9 17 20  5]
np.random.permutation(males)[0:n_mar]
[19 12 15 14  6 22 21]
np.random.permutation(males)[0:n_mar]
[15  2 17  7  9 23 11]
np.random.permutation(males)[0:n_mar]
[14  7 15  4 20 16 12]
np.random.permutation(males)[0:n_mar]
[20 18  1  5  2 13  6]
np.random.permutation(males)[0:n_mar]
[17 13 19  2  0 15  1]
np.random.permutation(males)[0:n_mar]
[ 0 15 17  1 11  9  6]
np.random.permutation(males)[0:n_mar]
[10 18 15  9 22 13  6]
np.random.permutation(males)[0:n_mar]
[ 9  5 11  1 16 10  8]
np.random.permutation(males)[0:n_mar]
[14  4 19  8 20  0  2]
np.random.permutation(males)[0:n_mar]
[18 10  1 22 12 11 13]
np.random.permutation(males)[0:n_mar]
[ 4  8  1 18 19  0 11]
np.random.permutation(males)[0:n_mar]
[19 11  7  3  1  5  2]
np.random.permutation(males)[0:n_mar]
[23 20  9 17 22 14  1]
np.random.permutation(males)[0:n_mar]
[14 18 17 11 19  4  5]
np.random.permutation(males)[0:n_mar]
[10 18 22 20 12 19 13]
np.random.permutation(males)[0:n_mar]
[11  4  6  8  5 22 21]
np.random.permutation(males)[0:n_mar]
[16 17 11 22 18  9 19]
np.random.permutation(males)[0:n_mar]
[ 2 17 11  7  0 18 22]
np.random.permutation(males)[0:n_mar]
[ 5  4  1  6  2  0 19]
np.random.permutation(males)[0:n_mar]
[ 2 16 18  1  6 20 23]
np.random.permutation(males)[0:n_mar]
[ 1  0 15  3 21 12 17]
np.random.permutation(males)[0:n_mar]
[10 22 19  7 14  6 16]
np.random.permutation(males)[0:n_mar]
[16  8 23  9 22  5  1]
np.random.permutation(males)[0:n_mar]
[ 2 20 23 14 12 22  6]
np.random.permutation(males)[0:n_mar]
[10 13  3 16 21 19  9]
np.random.permutation(males)[0:n_mar]
[ 4 20 21 10 17 18 19]
np.random.permutation(males)[0:n_mar]
[18 16  3 23  2 13 20]
np.random.permutation(males)[0:n_mar]
[20 23  6  4  8 16  9]
np.random.permutation(males)[0:n_mar]
[18 17 21 23  1  7  3]
np.random.permutation(males)[0:n_mar]
[ 9 21 10 16 19  1  5]
np.random.permutation(males)[0:n_mar]
[ 5 20  0 10  9 11 12]
np.random.permutation(males)[0:n_mar]
[ 1  8 10  9  6 21 13]
np.random.permutation(males)[0:n_mar]
[13  9  8  3  6 21 16]
np.random.permutation(males)[0:n_mar]
[19 16 13 20 17  4 22]
np.random.permutation(males)[0:n_mar]
[ 6 21  1 22 17 18 23]
np.random.permutation(males)[0:n_mar]
[21  3  0 13 16  2 18]
np.random.permutation(males)[0:n_mar]
[22  4  3 19 20 21 14]
np.random.permutation(males)[0:n_mar]
[19 17  4  8 10  2 14]
np.random.permutation(males)[0:n_mar]
[17 21  2 19 11  1 20]
np.random.permutation(males)[0:n_mar]
[ 2 22 23  6 11 14  1]
np.random.permutation(males)[0:n_mar]
[ 6  8 20 18 23  5 13]
np.random.permutation(males)[0:n_mar]
[23  6 21  3 12  8  7]
np.random.permutation(males)[0:n_mar]
[ 4  5  7  3 21 17  1]
np.random.permutation(males)[0:n_mar]
[ 6 19  5 22  0 14 18]
np.random.permutation(males)[0:n_mar]
[12 14 17  3 13  7 18]
np.random.permutation(males)[0:n_mar]
[ 4 11  1  6 13 19 14]
np.random.permutation(males)[0:n_mar]
[20  8 12 18 15 22 23]
np.random.permutation(males)[0:n_mar]
[ 1 13  5  6  8 17 22]
np.random.permutation(males)[0:n_mar]
[20  1 19 11  5 15  9]
np.random.permutation(males)[0:n_mar]
[11  9  8 19 17  3 21]
np.random.permutation(males)[0:n_mar]
[10 21  2  4 19 18 16]
np.random.permutation(males)[0:n_mar]
[ 1  7 12  3 23 20 13]
np.random.permutation(males)[0:n_mar]
[11  0  3 18 13 21  1]
np.random.permutation(males)[0:n_mar]
[20  2 19  3 15 12 10]
np.random.permutation(males)[0:n_mar]
[11  1  8  0 12 18 13]
np.random.permutation(males)[0:n_mar]
[11 22  8  2 19 16  7]
np.random.permutation(males)[0:n_mar]
[ 8 11  7 12 15 14 10]
np.random.permutation(males)[0:n_mar]
[22  6 16 14  4  3 10]
np.random.permutation(males)[0:n_mar]
[16 12 20  9  4  3  8]
np.random.permutation(males)[0:n_mar]
[ 6  7  0 23  3 10 16]
np.random.permutation(males)[0:n_mar]
[ 4  9 13 18 15 10 21]
np.random.permutation(males)[0:n_mar]
[16 19  7  2 21  6  5]
np.random.permutation(males)[0:n_mar]
[ 4 23  6 18  2  8 22]
np.random.permutation(males)[0:n_mar]
[20  5 13  2  1 21 11]
np.random.permutation(males)[0:n_mar]
[23  9 12 14  0  5 16]
np.random.permutation(males)[0:n_mar]
[15  5  3  2  6 22 21]
np.random.permutation(males)[0:n_mar]
[11 18 23  1  0 10 22]
np.random.permutation(males)[0:n_mar]
[14 23 10  5  9  2  1]
np.random.permutation(males)[0:n_mar]
[15  7 14  2 21 11 23]
np.random.permutation(males)[0:n_mar]
[21  5  0  6 10  3 12]
np.random.permutation(males)[0:n_mar]
[19 16  9 22  1  6 15]
np.random.permutation(males)[0:n_mar]
[ 5 19 21 18 13  0 14]
np.random.permutation(males)[0:n_mar]
[ 0  6  7 23 14 13 18]
np.random.permutation(males)[0:n_mar]
[ 3  0  4  9 15 23 12]
np.random.permutation(males)[0:n_mar]
[15 21  6  3  1  8 14]
np.random.permutation(males)[0:n_mar]
[12  0  5 11 14  1 19]
np.random.permutation(males)[0:n_mar]
[ 9 16  6 22 23 15  5]
np.random.permutation(males)[0:n_mar]
[11  0 15  5 12  2 18]
np.random.permutation(males)[0:n_mar]
[ 6  1  0  9 14  4 22]
np.random.permutation(males)[0:n_mar]
[ 6  5 10  2 18  9  3]
np.random.permutation(males)[0:n_mar]
[ 7 19 17  3 21 13 16]
np.random.permutation(males)[0:n_mar]
[11 17  4  3 22 15 16]
np.random.permutation(males)[0:n_mar]
[ 0  5 13 16 17  7 15]
np.random.permutation(males)[0:n_mar]
[12 13 14 11 10 21  5]
np.random.permutation(males)[0:n_mar]
[ 3  9 22 10  0 13 11]
np.random.permutation(males)[0:n_mar]
[16 20 10 21  6  2  7]
np.random.permutation(males)[0:n_mar]
[16 20  2  1 18 12 23]
np.random.permutation(males)[0:n_mar]
[15  0 22 19 12 20 16]
np.random.permutation(males)[0:n_mar]
[11  5 16 13  6  9 19]
np.random.permutation(males)[0:n_mar]
[ 3 17 11 22  1  0  9]
np.random.permutation(males)[0:n_mar]
[ 9  1  0 14 18  4 16]
np.random.permutation(males)[0:n_mar]
[14  9 21 13  7  2  0]
np.random.permutation(males)[0:n_mar]
[11 10  6  9  1  5  7]
np.random.permutation(males)[0:n_mar]
[ 3  7  5  4 16 18 21]
np.random.permutation(males)[0:n_mar]
[ 9 22  3 15  4  5  2]
np.random.permutation(males)[0:n_mar]
[21 22 20 19  3 17 23]
np.random.permutation(males)[0:n_mar]
[ 8  7 21 13  9 16 17]
np.random.permutation(males)[0:n_mar]
[ 9 20 21  3 18 17 13]
np.random.permutation(males)[0:n_mar]
[ 0 21 11  7 10 23 16]
np.random.permutation(males)[0:n_mar]
[22  3  5  7 11  9 21]
np.random.permutation(males)[0:n_mar]
[ 1 15 11 13 12  4 16]
np.random.permutation(males)[0:n_mar]
[13 16 17 14  7 19  0]
np.random.permutation(males)[0:n_mar]
[21 22  9  2 13  0  4]
np.random.permutation(males)[0:n_mar]
[ 3  6 13  8  4  5 16]
np.random.permutation(males)[0:n_mar]
[ 1 19 17 20 18 14  6]
np.random.permutation(males)[0:n_mar]
[18  2 14  4  6 22 11]
np.random.permutation(males)[0:n_mar]
[19  6 21 20  2 23 14]
np.random.permutation(males)[0:n_mar]
[13  2 20 14  4  8  9]
np.random.permutation(males)[0:n_mar]
[21 20 18  0  1  9 11]
np.random.permutation(males)[0:n_mar]
[20 23 16  4 22 18  8]
np.random.permutation(males)[0:n_mar]
[18  4 10  7  9 14 20]
np.random.permutation(males)[0:n_mar]
[ 4  6 22 10 19 11 15]
np.random.permutation(males)[0:n_mar]
[ 1  6 12  3 17 16 19]
np.random.permutation(males)[0:n_mar]
[ 5  6 20 18 15  8 12]
np.random.permutation(males)[0:n_mar]
[13  6 19 23  9 14 11]
np.random.permutation(males)[0:n_mar]
[17  1 22  5 19 23 16]
np.random.permutation(males)[0:n_mar]
[ 8 16  9 18  2 15  4]
np.random.permutation(males)[0:n_mar]
[ 0  4 12  6 10  9  1]
np.random.permutation(males)[0:n_mar]
[21  2  4  7 20  9  8]
np.random.permutation(males)[0:n_mar]
[14 16 12  8  6 19 17]
np.random.permutation(males)[0:n_mar]
[ 9 13 12 10 15  3  1]
np.random.permutation(males)[0:n_mar]
[ 9 18 11 21  2  5  8]
np.random.permutation(males)[0:n_mar]
[21  8  0 10 15  6  1]
np.random.permutation(males)[0:n_mar]
[22  0 15 11 12 23 16]
np.random.permutation(males)[0:n_mar]
[23 16 22 14 13 18 11]
np.random.permutation(males)[0:n_mar]
[22 19 11  8 14 15  9]
np.random.permutation(males)[0:n_mar]
[ 4  5 20  9  3 13  1]
np.random.permutation(males)[0:n_mar]
[17 10 12 22 15 14  5]
np.random.permutation(males)[0:n_mar]
[ 1 17 11  6 20  0 19]
np.random.permutation(males)[0:n_mar]
[11 13 12 14 22  2 17]
np.random.permutation(males)[0:n_mar]
[19 16  9 11  3  8  5]
np.random.permutation(males)[0:n_mar]
[20 22 19  4  1 21  5]
np.random.permutation(males)[0:n_mar]
[ 0  1 21  7  8 13 14]
np.random.permutation(males)[0:n_mar]
[ 0 19  4 18 13 23 12]
np.random.permutation(males)[0:n_mar]
[ 7  1 23 13 19 18  6]
np.random.permutation(males)[0:n_mar]
[ 0 10  7 23 14 11 22]
np.random.permutation(males)[0:n_mar]
[ 3 16  5 15  0 20  4]
np.random.permutation(males)[0:n_mar]
[ 8  9  2  1 14 11 17]
np.random.permutation(males)[0:n_mar]
[16 23 14 18 21 19 15]
np.random.permutation(males)[0:n_mar]
[10  0  7  1 16  3 13]
np.random.permutation(males)[0:n_mar]
[18  7  2 21 15 23 11]
np.random.permutation(males)[0:n_mar]
[ 9 23 13  5  8  4 18]
np.random.permutation(males)[0:n_mar]
[19 22  7 23  6 10  0]
np.random.permutation(males)[0:n_mar]
[ 9  3 22 23  7 20  4]
np.random.permutation(males)[0:n_mar]
[22  3  6 11 14  9 15]
np.random.permutation(males)[0:n_mar]
[16 14  6 12  4 15 23]
np.random.permutation(males)[0:n_mar]
[ 2 23 16  9 20 18  6]
np.random.permutation(males)[0:n_mar]
[11  1 21 22  3 20 15]
np.random.permutation(males)[0:n_mar]
[19  5 14 18 22 11  8]
np.random.permutation(males)[0:n_mar]
[23  1  6  2 16  0  7]
np.random.permutation(males)[0:n_mar]
[ 3 23 11  4  8 15 17]
np.random.permutation(males)[0:n_mar]
[ 6  9  7 17  0 15  1]
np.random.permutation(males)[0:n_mar]
[23  2  1 14 20  9 16]
np.random.permutation(males)[0:n_mar]
[ 4 12 13  2  5  9 10]
np.random.permutation(males)[0:n_mar]
[ 1 14 21 10 22 15  4]
np.random.permutation(males)[0:n_mar]
[ 3 12 10 11  7 15 23]
np.random.permutation(males)[0:n_mar]
[23 16  4  1 20  6 22]
np.random.permutation(males)[0:n_mar]
[ 0 18  1 16 10  6 21]
np.random.permutation(males)[0:n_mar]
[18  4  6 19  7 23 21]
np.random.permutation(males)[0:n_mar]
[19  7 10 21 13 11  3]
np.random.permutation(males)[0:n_mar]
[15 23  3 10  9  5  2]
np.random.permutation(males)[0:n_mar]
[14 20  0 18  6 16 12]
np.random.permutation(males)[0:n_mar]
[ 2 23  1  8 18 10  0]
np.random.permutation(males)[0:n_mar]
[13 12  4 10  3  9 17]
np.random.permutation(males)[0:n_mar]
[12  3 11  7 10  8 16]
np.random.permutation(males)[0:n_mar]
[ 2 23  8 10 14 18  4]
np.random.permutation(males)[0:n_mar]
[ 6 19 18  7  0 10 11]
np.random.permutation(males)[0:n_mar]
[16  8 23  7  2 17 20]
np.random.permutation(males)[0:n_mar]
[ 6 14  8  5 22  3 19]
np.random.permutation(males)[0:n_mar]
[18  0  7  8  3 23  5]
np.random.permutation(males)[0:n_mar]
[ 2  4 11  0 18 19 20]
np.random.permutation(males)[0:n_mar]
[ 1 17 13  8 20 18 16]
np.random.permutation(males)[0:n_mar]
[12  5 19 17 22 11  3]
np.random.permutation(males)[0:n_mar]
[20  3 17 15  4 13 12]
np.random.permutation(males)[0:n_mar]
[ 8 19 12 23 11  0  9]
np.random.permutation(males)[0:n_mar]
[ 5 16 11 19  9  8  0]
np.random.permutation(males)[0:n_mar]
[ 9  3  1  0 18 20 13]
np.random.permutation(males)[0:n_mar]
[16 23 19 22  5  3  6]
np.random.permutation(males)[0:n_mar]
[ 8 15  2  4  1 16  6]
np.random.permutation(males)[0:n_mar]
[17 14 10  2 21  0  9]
np.random.permutation(males)[0:n_mar]
[11 18 16  7  4  2 14]
np.random.permutation(males)[0:n_mar]
[19 18 13  3  2  8 17]
np.random.permutation(males)[0:n_mar]
[ 8 17  5 15  7  9 14]
np.random.permutation(males)[0:n_mar]
[ 9  0  7 22  4 18  3]
np.random.permutation(males)[0:n_mar]
[16  2  4 22 14 17 23]
np.random.permutation(males)[0:n_mar]
[20  6 19  0 17  5 12]
np.random.permutation(males)[0:n_mar]
[ 1 20  5  3 13 10  0]
np.random.permutation(males)[0:n_mar]
[19 22 21 23  8 14  0]
np.random.permutation(males)[0:n_mar]
[15 10  0  2 14 12 22]
np.random.permutation(males)[0:n_mar]
[ 4 13  8 11  0 16  1]
np.random.permutation(males)[0:n_mar]
[11  4  6 15 21 18 13]
np.random.permutation(males)[0:n_mar]
[10 19 13  3 12  5 16]
np.random.permutation(males)[0:n_mar]
[22  2  3 16 19 14  0]
np.random.permutation(males)[0:n_mar]
[ 3  0 10 17 13  2 15]
np.random.permutation(males)[0:n_mar]
[22  4 12  7  8 11 13]
np.random.permutation(males)[0:n_mar]
[ 7 19 23  8  2  6  9]
np.random.permutation(males)[0:n_mar]
[22 19  8 21  9 11 14]
np.random.permutation(males)[0:n_mar]
[ 9 19 13  3  0 16 18]
np.random.permutation(males)[0:n_mar]
[ 6  1  8 22 12 13 21]
np.random.permutation(males)[0:n_mar]
[10  6 15 13 16  4  9]
np.random.permutation(males)[0:n_mar]
[ 1  0  6 23 11  2 19]
np.random.permutation(males)[0:n_mar]
[ 0 23  5  7 17  4  2]
np.random.permutation(males)[0:n_mar]
[ 6 23 22  2 18  7  5]
np.random.permutation(males)[0:n_mar]
[11 14  4 18 21 12  0]
np.random.permutation(males)[0:n_mar]
[ 4 20  5 11 18 12 10]
np.random.permutation(males)[0:n_mar]
[10 17 23 22 21 18 11]
np.random.permutation(males)[0:n_mar]
[12 10 20  0  8  3  6]
np.random.permutation(males)[0:n_mar]
[19  6  4  7 20  9 11]
np.random.permutation(males)[0:n_mar]
[ 1 19 20  3  0 16  6]
np.random.permutation(males)[0:n_mar]
[ 1 15 16 13  9  6  2]
np.random.permutation(males)[0:n_mar]
[ 8  0 15 19 16 23 22]
np.random.permutation(males)[0:n_mar]
[22 10  7  8 13  9 15]
np.random.permutation(males)[0:n_mar]
[ 7  5 22 17 15 13  6]
np.random.permutation(males)[0:n_mar]
[10 20  3 14  2  1 12]
np.random.permutation(males)[0:n_mar]
[11 22 23 16 21 13 15]
np.random.permutation(males)[0:n_mar]
[ 8 21 14 18  3 12  2]
np.random.permutation(males)[0:n_mar]
[22 19  8 18 11  9  1]
np.random.permutation(males)[0:n_mar]
[ 1 11 22 16  7 21  2]
np.random.permutation(males)[0:n_mar]
[ 9 22  8 13  3 17  5]
np.random.permutation(males)[0:n_mar]
[18 11 13 21 23 16  4]
np.random.permutation(males)[0:n_mar]
[ 1 19 17 11 13 23  5]
np.random.permutation(males)[0:n_mar]
[ 3 15 21 17 20 16 11]
np.random.permutation(males)[0:n_mar]
[22 20  6 21 17 23 19]
np.random.permutation(males)[0:n_mar]
[18 15  5  1  0  6  4]
np.random.permutation(males)[0:n_mar]
[14  0  2 17 18  4  9]
np.random.permutation(males)[0:n_mar]
[ 3  4  9 14 21 22 12]
np.random.permutation(males)[0:n_mar]
[ 7 20  5 22 13  8 23]
np.random.permutation(males)[0:n_mar]
[17 20 15 23 13 10  4]
np.random.permutation(males)[0:n_mar]
[12 23 21 14  1 16 19]
np.random.permutation(males)[0:n_mar]
[ 2 12  8  5 21  9  1]
np.random.permutation(males)[0:n_mar]
[11 21  9  4  8 10  7]
np.random.permutation(males)[0:n_mar]
[22  0 12 17 15 23 10]
np.random.permutation(males)[0:n_mar]
[22 14 21  3 23  9 13]
np.random.permutation(males)[0:n_mar]
[ 8  0 19  7  4 20 23]
np.random.permutation(males)[0:n_mar]
[ 4 12 15  2  5 22 16]
np.random.permutation(males)[0:n_mar]
[ 9 17 18  2 13  6 20]
np.random.permutation(males)[0:n_mar]
[ 0 14 21 22 17 10 15]
np.random.permutation(males)[0:n_mar]
[ 1 11  0 20  3 18 13]
np.random.permutation(males)[0:n_mar]
[13 17 12  5  6  4  3]
np.random.permutation(males)[0:n_mar]
[ 1 13  8 17 12 14 20]
np.random.permutation(males)[0:n_mar]
[ 9  0  6  7 10  3  4]
np.random.permutation(males)[0:n_mar]
[ 5  4  0 21  2 14 20]
np.random.permutation(males)[0:n_mar]
[12 17 23  4  6 11  3]
np.random.permutation(males)[0:n_mar]
[13 15  2  9 22 18 10]
np.random.permutation(males)[0:n_mar]
[19  3 14 18  2 12  6]
np.random.permutation(males)[0:n_mar]
[11  7  4  5  8 23 19]
np.random.permutation(males)[0:n_mar]
[ 3  0  6  9 15  5 14]
np.random.permutation(males)[0:n_mar]
[14  6 10 20 11 18 16]
np.random.permutation(males)[0:n_mar]
[23 12  5  9 10  6 16]
np.random.permutation(males)[0:n_mar]
[ 7 19  1  8  0 18  9]
np.random.permutation(males)[0:n_mar]
[ 0 23  5 11 14 20  7]
np.random.permutation(males)[0:n_mar]
[23  0  7  5  1 22 11]
np.random.permutation(males)[0:n_mar]
[22  7  2 20 18 23  4]
np.random.permutation(males)[0:n_mar]
[ 7  9 18 12 22  8  1]
np.random.permutation(males)[0:n_mar]
[ 7  9 13  6 17 16 10]
np.random.permutation(males)[0:n_mar]
[22  2  1  3 12 11  5]
np.random.permutation(males)[0:n_mar]
[12  9  7  0 19 22  2]
np.random.permutation(males)[0:n_mar]
[ 2  7 20 22  5 10  0]
np.random.permutation(males)[0:n_mar]
[23 17  9  0  6 15  3]
np.random.permutation(males)[0:n_mar]
[11 15 10  6  8  2 21]
np.random.permutation(males)[0:n_mar]
[17  2 19 22  5 20 23]
np.random.permutation(males)[0:n_mar]
[20 10  7 13  4 12 11]
np.random.permutation(males)[0:n_mar]
[ 4  3 23 20  0  2 18]
np.random.permutation(males)[0:n_mar]
[11 15  3 19  6 17  4]
np.random.permutation(males)[0:n_mar]
[ 6  3  2 19 20 15 22]
np.random.permutation(males)[0:n_mar]
[ 1  9 17  7  6 15  2]
np.random.permutation(males)[0:n_mar]
[ 7  1  6 19 20  8 13]
np.random.permutation(males)[0:n_mar]
[ 2 13  4  5  8 10  9]
np.random.permutation(males)[0:n_mar]
[13 15  6 12 19  8 22]
np.random.permutation(males)[0:n_mar]
[19 17 15 22 10  8 11]
np.random.permutation(males)[0:n_mar]
[23  3 16 12  7  0 17]
np.random.permutation(males)[0:n_mar]
[15  2 11 21 18 23 22]
np.random.permutation(males)[0:n_mar]
[21 23  3 11  8 19 14]
np.random.permutation(males)[0:n_mar]
[ 0  9 22 21 23  2 20]
np.random.permutation(males)[0:n_mar]
[20  6  8  0 15 23 11]
np.random.permutation(males)[0:n_mar]
[ 6 20  3 17  5  9 16]
np.random.permutation(males)[0:n_mar]
[21  1 14 22  6  8 15]
np.random.permutation(males)[0:n_mar]
[ 6 13 21 19 10  9 16]
np.random.permutation(males)[0:n_mar]
[20  6  3  4 21 17  5]
np.random.permutation(males)[0:n_mar]
[20  0 23 17 12  9  3]
np.random.permutation(males)[0:n_mar]
[19 15 17 11  0  7  3]
np.random.permutation(males)[0:n_mar]
[ 6  7  9 17  3 23  2]
np.random.permutation(males)[0:n_mar]
[17  1 16 21 13 15 23]
np.random.permutation(males)[0:n_mar]
[18 16 21  7 13  4  5]
np.random.permutation(males)[0:n_mar]
[ 8  4  5 16 14 15 17]
np.random.permutation(males)[0:n_mar]
[ 5 18  4 13 15  3  8]
np.random.permutation(males)[0:n_mar]
[ 8 15 12 22 14  2 10]
np.random.permutation(males)[0:n_mar]
[ 7  2  8 13 22  3 19]
np.random.permutation(males)[0:n_mar]
[21  4  1  8 16 12  7]
np.random.permutation(males)[0:n_mar]
[10  3 14 20  0  6 21]
np.random.permutation(males)[0:n_mar]
[ 0 13 17  1  9 14 10]
np.random.permutation(males)[0:n_mar]
[ 1  6 11 16 14 12 13]
np.random.permutation(males)[0:n_mar]
[13  6  3  5 18 11  1]
np.random.permutation(males)[0:n_mar]
[ 2 23 14  6  0 13 20]
np.random.permutation(males)[0:n_mar]
[15 14  9  2 19 11  7]
np.random.permutation(males)[0:n_mar]
[ 9  3 12  7  4  2 13]
np.random.permutation(males)[0:n_mar]
[ 6 17 14 19 18 23 20]
np.random.permutation(males)[0:n_mar]
[ 2 14 13 17 18  5 20]
np.random.permutation(males)[0:n_mar]
[12  7  4 17 15 18  9]
np.random.permutation(males)[0:n_mar]
[13  3 10 12  4 16 15]
np.random.permutation(males)[0:n_mar]
[11 23  2  3  6  8 21]
np.random.permutation(males)[0:n_mar]
[ 2 11  6 12  0  4  8]
np.random.permutation(males)[0:n_mar]
[12  2 14 15  3 17  6]
np.random.permutation(males)[0:n_mar]
[15 22  8 16 20 23  5]
np.random.permutation(males)[0:n_mar]
[18  9  5 17  8 20  3]
np.random.permutation(males)[0:n_mar]
[13 14  9  1 16 18 12]
np.random.permutation(males)[0:n_mar]
[17 14 10  6 20  7 12]
np.random.permutation(males)[0:n_mar]
[14 16  8  6 10  3  0]
np.random.permutation(males)[0:n_mar]
[20 10 11 23  1 18 21]
np.random.permutation(males)[0:n_mar]
[ 9 14 13 19 17  1 11]
np.random.permutation(males)[0:n_mar]
[ 1  4 22 23 19  0 20]
np.random.permutation(males)[0:n_mar]
[23 12  0  4  5 10 17]
np.random.permutation(males)[0:n_mar]
[ 8  4 17 15  6  7 20]
np.random.permutation(males)[0:n_mar]
[21 16  8  9 19  3  1]
np.random.permutation(males)[0:n_mar]
[ 6 23  3 22 18  7 17]
np.random.permutation(males)[0:n_mar]
[12 21  9  3  8  6  2]
np.random.permutation(males)[0:n_mar]
[19 15 11  3  2  8  1]
np.random.permutation(males)[0:n_mar]
[ 6 18  7 15  1 20  0]
np.random.permutation(males)[0:n_mar]
[21  7  1 18  6 14 10]
np.random.permutation(males)[0:n_mar]
[ 2 12  4 16 20 17  7]
np.random.permutation(males)[0:n_mar]
[12 23  7  3 21  9 15]
np.random.permutation(males)[0:n_mar]
[ 4  7 17 14 19  5  2]
np.random.permutation(males)[0:n_mar]
[14 16  4 12 22 18 11]
np.random.permutation(males)[0:n_mar]
[ 3 15 22  8  2 12  7]
np.random.permutation(males)[0:n_mar]
[ 3 18 17 11 12 21 14]
np.random.permutation(males)[0:n_mar]
[15 17 21 10  2 19  3]
np.random.permutation(males)[0:n_mar]
[12 13  8 15  9  5 16]
np.random.permutation(males)[0:n_mar]
[18 20 17 21  6  1 16]
np.random.permutation(males)[0:n_mar]
[21 12 20  1 15 18 13]
np.random.permutation(males)[0:n_mar]
[20 11 22  5 18 17  3]
np.random.permutation(males)[0:n_mar]
[20  4  2  3 19 12 21]
np.random.permutation(males)[0:n_mar]
[ 6 20 18  9  4 14 15]
np.random.permutation(males)[0:n_mar]
[13  0  9 18 20  7 16]
np.random.permutation(males)[0:n_mar]
[ 5 16 10  0 15 11  1]
np.random.permutation(males)[0:n_mar]
[11 10 23 21  2  8 14]
np.random.permutation(males)[0:n_mar]
[ 3  2 11 10 14  7  6]
np.random.permutation(males)[0:n_mar]
[ 3 21  1  6 22 20 11]
np.random.permutation(males)[0:n_mar]
[ 9 17  1  4  7 15  8]
np.random.permutation(males)[0:n_mar]
[ 8  7 21 10 16  4 23]
np.random.permutation(males)[0:n_mar]
[ 7 10 13  6  2  9 11]
np.random.permutation(males)[0:n_mar]
[ 2 16 17  7 18  3 22]
np.random.permutation(males)[0:n_mar]
[21  9 11 20 16 10 23]
np.random.permutation(males)[0:n_mar]
[ 8 13 10 22 19  2  5]
np.random.permutation(males)[0:n_mar]
[17 21  9  6 18  7 20]
np.random.permutation(males)[0:n_mar]
[18 16 13  3  6 11  4]
np.random.permutation(males)[0:n_mar]
[13  5 14 12  0 23 17]
np.random.permutation(males)[0:n_mar]
[ 0 10 21 22 13  7 16]
np.random.permutation(males)[0:n_mar]
[20 17  0  4  2 12 18]
np.random.permutation(males)[0:n_mar]
[16 19  4 13 14 21 10]
np.random.permutation(males)[0:n_mar]
[21  0  2 12 23 14 18]
np.random.permutation(males)[0:n_mar]
[18  3  1 11  4  8  5]
np.random.permutation(males)[0:n_mar]
[ 0 20 10 16  7  3 17]
np.random.permutation(males)[0:n_mar]
[23  1  7  5  3 21 22]
np.random.permutation(males)[0:n_mar]
[18  0 15 11 16  9  3]
np.random.permutation(males)[0:n_mar]
[ 7 16  4 10  3 11 20]
np.random.permutation(males)[0:n_mar]
[10 19 20 12 14  1  3]
np.random.permutation(males)[0:n_mar]
[17  5  9 16  1  0 22]
np.random.permutation(males)[0:n_mar]
[22  1  8  4  2 14  5]
np.random.permutation(males)[0:n_mar]
[22 10  0  9  2 23  6]
np.random.permutation(males)[0:n_mar]
[15 17 23  4  2 12 18]
np.random.permutation(males)[0:n_mar]
[15 17 16 20 18 22  8]
np.random.permutation(males)[0:n_mar]
[ 2  1 10 22 21 16 15]
np.random.permutation(males)[0:n_mar]
[12 17 22  3 20  1 11]
np.random.permutation(males)[0:n_mar]
[20  0 19 14  8 10 12]
np.random.permutation(males)[0:n_mar]
[ 2 12 17  1  0 19 14]
np.random.permutation(males)[0:n_mar]
[ 9  3  1  6 16 23  2]
np.random.permutation(males)[0:n_mar]
[12  7 17  5 21 13  2]
np.random.permutation(males)[0:n_mar]
[20 13 16  2 17  5 15]
np.random.permutation(males)[0:n_mar]
[10  5  2  4 17  9  0]
np.random.permutation(males)[0:n_mar]
[ 7 10 22 13  8  0  9]
np.random.permutation(males)[0:n_mar]
[23 16 14  0  6 19 17]
np.random.permutation(males)[0:n_mar]
[15  0 19  2 11  8 17]
np.random.permutation(males)[0:n_mar]
[ 4  8  0 17 12 13  5]
np.random.permutation(males)[0:n_mar]
[ 6 13 22 14  5  1  2]
np.random.permutation(males)[0:n_mar]
[17  9  1 19 11 15  4]
np.random.permutation(males)[0:n_mar]
[ 6  0 13 18 22  3  8]
np.random.permutation(males)[0:n_mar]
[13 10  5  8  4  9 11]
np.random.permutation(males)[0:n_mar]
[ 3  1 12  7  9  5 19]
np.random.permutation(males)[0:n_mar]
[ 5 22  2 10 11  7 15]
np.random.permutation(males)[0:n_mar]
[18  9 10 23 17 11 19]
np.random.permutation(males)[0:n_mar]
[ 6 19 10 13  9 14 15]
np.random.permutation(males)[0:n_mar]
[ 3 17  0 20 21  8 16]
np.random.permutation(males)[0:n_mar]
[ 4  1 21 11 16 22 13]
np.random.permutation(males)[0:n_mar]
[16 13 12  3 22 17 20]
np.random.permutation(males)[0:n_mar]
[ 7 23 14 10  1  3  5]
np.random.permutation(males)[0:n_mar]
[19  7 16 13 21 12  0]
np.random.permutation(males)[0:n_mar]
[ 4 13 15  8 16 11 12]
np.random.permutation(males)[0:n_mar]
[ 9 14 20 19  2  7  6]
np.random.permutation(males)[0:n_mar]
[ 9 11 18  1 21 15  8]
np.random.permutation(males)[0:n_mar]
[ 4  6 15  0 10  3 23]
np.random.permutation(males)[0:n_mar]
[22  1 10  5 19 21 23]
np.random.permutation(males)[0:n_mar]
[22 23 12 19  6 21 20]
np.random.permutation(males)[0:n_mar]
[13  3  5  8 11 20 14]
np.random.permutation(males)[0:n_mar]
[ 0 15 13  1  8 22 12]
np.random.permutation(males)[0:n_mar]
[17 15  6  0 21  7 16]
np.random.permutation(males)[0:n_mar]
[ 4 10  3 20  6  1 13]
np.random.permutation(males)[0:n_mar]
[21  4  0  2 23  5 11]
np.random.permutation(males)[0:n_mar]
[19  4 11  5 23  6 18]
np.random.permutation(males)[0:n_mar]
[22  3 15  8  2 19 20]
np.random.permutation(males)[0:n_mar]
[ 8  5 14 22 18 21  4]
np.random.permutation(males)[0:n_mar]
[ 9 23 22 19  3 16 14]
np.random.permutation(males)[0:n_mar]
[ 6  4  5 22 12 15 11]
np.random.permutation(males)[0:n_mar]
[ 4 14 10 12 22 23  9]
np.random.permutation(males)[0:n_mar]
[19  8 15  5 22 17  1]
np.random.permutation(males)[0:n_mar]
[ 6  3  2  1 19 20 10]
np.random.permutation(males)[0:n_mar]
[22 16 11  9 14  8  1]
np.random.permutation(males)[0:n_mar]
[21  6 20 16 15  2  5]
np.random.permutation(males)[0:n_mar]
[ 1 13 11 12  4 10 16]
np.random.permutation(males)[0:n_mar]
[ 2 19 11 14  4  8 22]
np.random.permutation(males)[0:n_mar]
[21 20  5 15  6  3 11]
np.random.permutation(males)[0:n_mar]
[16  9  4  1  0  5 23]
np.random.permutation(males)[0:n_mar]
[ 0 14 11  9  4 10 17]
np.random.permutation(males)[0:n_mar]
[ 9 22 11 14  3 15 20]
np.random.permutation(males)[0:n_mar]
[12  2  4  7 17 14  6]
np.random.permutation(males)[0:n_mar]
[20 21  1 12  8  7 18]
np.random.permutation(males)[0:n_mar]
[22 17  2  4 18  1 20]
np.random.permutation(males)[0:n_mar]
[ 1  0 16 20 10 21 17]
np.random.permutation(males)[0:n_mar]
[ 2 19  6  1  7  0 20]
np.random.permutation(males)[0:n_mar]
[ 4 18  5  2 20  9  0]
np.random.permutation(males)[0:n_mar]
[20 15 19 12  9  0 22]
np.random.permutation(males)[0:n_mar]
[23  9  6 10 21 19  3]
np.random.permutation(males)[0:n_mar]
[22  7  0  5  6 23  1]
np.random.permutation(males)[0:n_mar]
[11  5 16 20 15 23  6]
np.random.permutation(males)[0:n_mar]
[18 12 23  9  3 22 16]
np.random.permutation(males)[0:n_mar]
[17  0 11  7  5 21 16]
np.random.permutation(males)[0:n_mar]
[17  9 13 14 10  7  6]
np.random.permutation(males)[0:n_mar]
[ 0 11 19 10 21 18 17]
np.random.permutation(males)[0:n_mar]
[ 9 19 21 18  0 22 13]
np.random.permutation(males)[0:n_mar]
[ 4  5  9 12  8 10  1]
np.random.permutation(males)[0:n_mar]
[ 1 13 15 11  4 10  7]
np.random.permutation(males)[0:n_mar]
[ 5 14 15  7  2  9  0]
np.random.permutation(males)[0:n_mar]
[21 18 15 17 22  1  3]
np.random.permutation(males)[0:n_mar]
[ 0 13  4 21  5 20  7]
np.random.permutation(males)[0:n_mar]
[14  8 10 18  1 15 11]
np.random.permutation(males)[0:n_mar]
[23 12 18  3 19  4  1]
np.random.permutation(males)[0:n_mar]
[ 5 18  6  8 14  0 21]
np.random.permutation(males)[0:n_mar]
[11 23  1 17 12  5 22]
np.random.permutation(males)[0:n_mar]
[23 18 11 16  0  2  6]
np.random.permutation(males)[0:n_mar]
[19  7 20 11 13 16  5]
np.random.permutation(males)[0:n_mar]
[15 18  3 11  4 10  8]
np.random.permutation(males)[0:n_mar]
[23 14 12  9 21  5 22]
np.random.permutation(males)[0:n_mar]
[17  9 23  8 13  6 16]
np.random.permutation(males)[0:n_mar]
[ 1 13 21 22  8 14  4]
np.random.permutation(males)[0:n_mar]
[ 3 20 23 10  7 13 15]
np.random.permutation(males)[0:n_mar]
[11 14 10 23 20  2  6]
np.random.permutation(males)[0:n_mar]
[11  9 14  7 12 16 15]
np.random.permutation(males)[0:n_mar]
[21 23  9  6 10 11 17]
np.random.permutation(males)[0:n_mar]
[13  0 11 15  5 20 17]
np.random.permutation(males)[0:n_mar]
[ 8 16 11 19  1  5 15]
np.random.permutation(males)[0:n_mar]
[ 7 15 23 16 17 20  3]
np.random.permutation(males)[0:n_mar]
[ 7 19  9 23 22 18 20]
np.random.permutation(males)[0:n_mar]
[14 12 22 21  0 20  6]
np.random.permutation(males)[0:n_mar]
[14 16 12 21  3  0  5]
np.random.permutation(males)[0:n_mar]
[ 2 21  8 13  1 16 23]
np.random.permutation(males)[0:n_mar]
[23 14 21 13 11  7  8]
np.random.permutation(males)[0:n_mar]
[14  9 19 18 11  3  6]
np.random.permutation(males)[0:n_mar]
[ 4 14 17  0  1  2 16]
np.random.permutation(males)[0:n_mar]
[10 17  1 21 11 23 16]
np.random.permutation(males)[0:n_mar]
[ 5  3 10 18 21  9 12]
np.random.permutation(males)[0:n_mar]
[21  4 16 11 17  8  5]
np.random.permutation(males)[0:n_mar]
[ 6 18  3  9 19 17  8]
np.random.permutation(males)[0:n_mar]
[16  2 17 21 20  0 10]
np.random.permutation(males)[0:n_mar]
[ 1 16 17  0 21 11 10]
np.random.permutation(males)[0:n_mar]
[ 3 20  8  9 21  0 16]
np.random.permutation(males)[0:n_mar]
[ 1 14 22 21 20  2 15]
np.random.permutation(males)[0:n_mar]
[ 1 21  7  3 12 16 11]
np.random.permutation(males)[0:n_mar]
[12  8 13 11  2 21 20]
np.random.permutation(males)[0:n_mar]
[ 1 14 17 10  6  2  5]
np.random.permutation(males)[0:n_mar]
[16 13 11 15  3 22 19]
np.random.permutation(males)[0:n_mar]
[15  4 23 22  7  2 10]
np.random.permutation(males)[0:n_mar]
[11 18  6 16  2  4 20]
np.random.permutation(males)[0:n_mar]
[19  2 14 17 18 12 23]
np.random.permutation(males)[0:n_mar]
[ 7 11 10  4 13 12 19]
np.random.permutation(males)[0:n_mar]
[21  1 23  6 19  8 15]
np.random.permutation(males)[0:n_mar]
[18  0 20 10 21 14  5]
np.random.permutation(males)[0:n_mar]
[20  9 17  8 10 19 11]
np.random.permutation(males)[0:n_mar]
[19  3 23 15  0  8  7]
np.random.permutation(males)[0:n_mar]
[23 11  4 20  5  6  1]
np.random.permutation(males)[0:n_mar]
[23 21 10 13  9 12  4]
np.random.permutation(males)[0:n_mar]
[15 23  1  5 22  6  3]
np.random.permutation(males)[0:n_mar]
[ 9  2 23 12 20  3 14]
np.random.permutation(males)[0:n_mar]
[ 2  8 12 14  7  5  0]
np.random.permutation(males)[0:n_mar]
[18 13 10  6 12 17  0]
np.random.permutation(males)[0:n_mar]
[15  3 18 12 22  1  8]
np.random.permutation(males)[0:n_mar]
[15  5 14 23 20 22  3]
np.random.permutation(males)[0:n_mar]
[ 1  3  5 14 19 12 15]
np.random.permutation(males)[0:n_mar]
[23  1  6 21  2 14  8]
np.random.permutation(males)[0:n_mar]
[15 20  2 17  7 21  4]
np.random.permutation(males)[0:n_mar]
[ 8 13  0  1 21  5  2]
np.random.permutation(males)[0:n_mar]
[20  2 17 16  0  7 12]
np.random.permutation(males)[0:n_mar]
[13  5 16  3  9 17 10]
np.random.permutation(males)[0:n_mar]
[20 16 23  7 18 19  3]
np.random.permutation(males)[0:n_mar]
[10 13 23 15  7 22  5]
np.random.permutation(males)[0:n_mar]
[ 8 16  5 11 20 18 13]
np.random.permutation(males)[0:n_mar]
[20 23 21 15  4  2 18]
np.random.permutation(males)[0:n_mar]
[23  9 16  2 13 17 18]
np.random.permutation(males)[0:n_mar]
[ 7 19 12 15 18  6 13]
np.random.permutation(males)[0:n_mar]
[ 8 19 15 22  0 13 14]
np.random.permutation(males)[0:n_mar]
[17 20 12 15 13  5 14]
np.random.permutation(males)[0:n_mar]
[ 8  6 21 20  4 22  9]
np.random.permutation(males)[0:n_mar]
[21 13 23  3  5  9 11]
np.random.permutation(males)[0:n_mar]
[ 6  7  5  0  4 16 11]
np.random.permutation(males)[0:n_mar]
[23  0 13 17 10 16  4]
np.random.permutation(males)[0:n_mar]
[ 7 12  6 23 15 22  8]
np.random.permutation(males)[0:n_mar]
[18 13 20  2  7 10 19]
np.random.permutation(males)[0:n_mar]
[20 18  7  4 23 17 12]
np.random.permutation(males)[0:n_mar]
[16 17  7 21 22  9 19]
np.random.permutation(males)[0:n_mar]
[ 4 17  2 23 19  9  0]
np.random.permutation(males)[0:n_mar]
[14  2 21  5 17  1 12]
np.random.permutation(males)[0:n_mar]
[23 18  6 16 12  1 19]
np.random.permutation(males)[0:n_mar]
[ 1 21 19  7  4  2 10]
np.random.permutation(males)[0:n_mar]
[23 19 20  0 11  3  9]
np.random.permutation(males)[0:n_mar]
[ 8  4 12  3 10 11  7]
np.random.permutation(males)[0:n_mar]
[ 3 17  7  4 18 21 23]
np.random.permutation(males)[0:n_mar]
[ 2  3 22 10 13 18 23]
np.random.permutation(males)[0:n_mar]
[19  1  4 10 20 11 18]
np.random.permutation(males)[0:n_mar]
[14  0 10  4 22  8 18]
np.random.permutation(males)[0:n_mar]
[18 19 13  5  2  8  0]
np.random.permutation(males)[0:n_mar]
[ 8  6 19  7 18 14 11]
np.random.permutation(males)[0:n_mar]
[19 21 17 12 20  5  2]
np.random.permutation(males)[0:n_mar]
[20 21 19 16  3 17  9]
np.random.permutation(males)[0:n_mar]
[21  3 13 22  7 17 18]
np.random.permutation(males)[0:n_mar]
[ 1 21 14 10 18 20 16]
np.random.permutation(males)[0:n_mar]
[18 20 17 12 21  1 19]
np.random.permutation(males)[0:n_mar]
[17  6 12 10  1 16 11]
np.random.permutation(males)[0:n_mar]
[ 6 21 19 15  1  3 12]
np.random.permutation(males)[0:n_mar]
[18 12 19 23 11 14 20]
np.random.permutation(males)[0:n_mar]
[20 15  0 23 21 13 14]
np.random.permutation(males)[0:n_mar]
[13 15  4 14  3 22 16]
np.random.permutation(males)[0:n_mar]
[ 3 21  4 13  5 16 23]
np.random.permutation(males)[0:n_mar]
[21 22  9 13 20  7 15]
np.random.permutation(males)[0:n_mar]
[ 9  5 12 19 15  3 22]
np.random.permutation(males)[0:n_mar]
[ 2  0  8 12 16 11  3]
np.random.permutation(males)[0:n_mar]
[11 19 17 13 18  3  0]
np.random.permutation(males)[0:n_mar]
[ 8  4 17  3 14 23  7]
np.random.permutation(males)[0:n_mar]
[21 16 13 11  5 19 22]
np.random.permutation(males)[0:n_mar]
[16  2  3 12 15  5 14]
np.random.permutation(males)[0:n_mar]
[ 9  2 19  1 22 15 12]
np.random.permutation(males)[0:n_mar]
[ 7 17 15 19  9 21 13]
np.random.permutation(males)[0:n_mar]
[ 9 16  3  1 17 10  8]
np.random.permutation(males)[0:n_mar]
[ 9  7 20 18 23 14 13]
np.random.permutation(males)[0:n_mar]
[20  8 15  7  5 23 13]
np.random.permutation(males)[0:n_mar]
[17  1 16 22  2  4 14]
np.random.permutation(males)[0:n_mar]
[ 9 13  3 21 22 20  1]
np.random.permutation(males)[0:n_mar]
[22  8 14 10 19 15 20]
np.random.permutation(males)[0:n_mar]
[ 0 10 22 15 20 14 21]
np.random.permutation(males)[0:n_mar]
[20 15  1  4  2  3 19]
np.random.permutation(males)[0:n_mar]
[ 9 19 12 13 23 14 15]
np.random.permutation(males)[0:n_mar]
[19 13 18 16  8  1  5]
np.random.permutation(males)[0:n_mar]
[17 18 12 20  1  2 13]
np.random.permutation(males)[0:n_mar]
[22 17  0  8  3 11  4]
np.random.permutation(males)[0:n_mar]
[ 8 15  4 13 11 18 21]
np.random.permutation(males)[0:n_mar]
[16 21  7 18 17  1 20]
np.random.permutation(males)[0:n_mar]
[ 5 22 12 11  8  9  2]
np.random.permutation(males)[0:n_mar]
[22  1  7  8 15 11 12]
np.random.permutation(males)[0:n_mar]
[16  7  9 11 15 14 20]
np.random.permutation(males)[0:n_mar]
[22 20  9 19 13 16  8]
np.random.permutation(males)[0:n_mar]
[ 6 16 14 10  5 18 17]
np.random.permutation(males)[0:n_mar]
[ 8  1 19 11 23 18 15]
np.random.permutation(males)[0:n_mar]
[15 11 14 23  7  0  1]
np.random.permutation(males)[0:n_mar]
[ 8 11  7  1  3 14 21]
np.random.permutation(males)[0:n_mar]
[18  0 15  6  2  3  5]
np.random.permutation(males)[0:n_mar]
[ 2 11  1 18 13  6  5]
np.random.permutation(males)[0:n_mar]
[13 22 15  6 10 20  3]
np.random.permutation(males)[0:n_mar]
[21 23 13 22 10 17 18]
np.random.permutation(males)[0:n_mar]
[19  8 20  7  1 10 17]
np.random.permutation(males)[0:n_mar]
[21 23 12 20  4 13  5]
np.random.permutation(males)[0:n_mar]
[ 5 19 16  6  7 21  1]
np.random.permutation(males)[0:n_mar]
[14  7 21  2  0 12  1]
np.random.permutation(males)[0:n_mar]
[ 3  9 11  5 15  2  8]
np.random.permutation(males)[0:n_mar]
[23  3  0 19 17  4  7]
np.random.permutation(males)[0:n_mar]
[11  0  7 14 22  9  2]
np.random.permutation(males)[0:n_mar]
[16 17  8 15  1  3  7]
np.random.permutation(males)[0:n_mar]
[22 15  3  7 19  2 17]
np.random.permutation(males)[0:n_mar]
[10 16  6  0 19  8 14]
np.random.permutation(males)[0:n_mar]
[16  5 22 17  9 18 11]
np.random.permutation(males)[0:n_mar]
[ 1 22 12 21 20  2  6]
np.random.permutation(males)[0:n_mar]
[ 2 18  8  7 23  9 17]
np.random.permutation(males)[0:n_mar]
[ 3  0  1 11 15 13 22]
np.random.permutation(males)[0:n_mar]
[21 22  5  6  4  9  0]
np.random.permutation(males)[0:n_mar]
[20 22  6 19 10  3  2]
np.random.permutation(males)[0:n_mar]
[16 18 19 10  5  7 15]
np.random.permutation(males)[0:n_mar]
[ 5 19  9 17  6 12  4]
np.random.permutation(males)[0:n_mar]
[14 20  0  3  9 10 21]
np.random.permutation(males)[0:n_mar]
[ 6 19  1 23 11 20 13]
np.random.permutation(males)[0:n_mar]
[ 2 20  3 18 17  7 14]
np.random.permutation(males)[0:n_mar]
[ 2 14 10 19  7 17 21]
np.random.permutation(males)[0:n_mar]
[22  9  0  7 12  2  5]
np.random.permutation(males)[0:n_mar]
[15 19  9  6  8 11 14]
np.random.permutation(males)[0:n_mar]
[18 20 22 13 12  2  1]
np.random.permutation(males)[0:n_mar]
[ 7 16  9 17 13  4  5]
np.random.permutation(males)[0:n_mar]
[20 18 12 23 22  5 21]
np.random.permutation(males)[0:n_mar]
[ 4 18 11  6 21  8 23]
np.random.permutation(males)[0:n_mar]
[ 5 14 15 13 21  2  8]
np.random.permutation(males)[0:n_mar]
[ 8 23 13 17  6  3  4]
np.random.permutation(males)[0:n_mar]
[14 19  1 11 15  5 22]
np.random.permutation(males)[0:n_mar]
[ 3  4  8 11  5 22  0]
np.random.permutation(males)[0:n_mar]
[14  1 23  7 22  2 13]
np.random.permutation(males)[0:n_mar]
[11  5 18 23 14  3  2]
np.random.permutation(males)[0:n_mar]
[20  4  1  9 12  2  3]
np.random.permutation(males)[0:n_mar]
[22  8 14  3  1 12  4]
np.random.permutation(males)[0:n_mar]
[19  9  7 16 13 14 23]
np.random.permutation(males)[0:n_mar]
[17 20 21  3  6  1 23]
np.random.permutation(males)[0:n_mar]
[20  5 19 23 16 10 18]
np.random.permutation(males)[0:n_mar]
[ 6 10  1  0  3 13 17]
np.random.permutation(males)[0:n_mar]
[10 13 20 17 21  6  2]
np.random.permutation(males)[0:n_mar]
[ 6  5 13  0 11 12 20]
np.random.permutation(males)[0:n_mar]
[ 2 10  5  3 16 18  8]
np.random.permutation(males)[0:n_mar]
[23 19 16 21  0  6 22]
np.random.permutation(males)[0:n_mar]
[21  1 17 19 10 23  7]
np.random.permutation(males)[0:n_mar]
[17  6 14  7 18 13 15]
np.random.permutation(males)[0:n_mar]
[ 4 16  5 18 17 14 22]
np.random.permutation(males)[0:n_mar]
[23  8  1  6  4 11  0]
np.random.permutation(males)[0:n_mar]
[19 15  8 23  5  2 16]
np.random.permutation(males)[0:n_mar]
[ 9  0 12  6 21  3 17]
np.random.permutation(males)[0:n_mar]
[12  4 22 14 16 20  5]
np.random.permutation(males)[0:n_mar]
[16 23 18 12  7  8  6]
np.random.permutation(males)[0:n_mar]
[ 1  2 21 10 22 12 20]
np.random.permutation(males)[0:n_mar]
[23 13  4 11 18  9  0]
np.random.permutation(males)[0:n_mar]
[21 10 16  0  4 15  9]
np.random.permutation(males)[0:n_mar]
[16 21  9 15  3 11  1]
np.random.permutation(males)[0:n_mar]
[ 1  9 14  7  4 16 15]
np.random.permutation(males)[0:n_mar]
[11  7  2  8 16  4 12]
np.random.permutation(males)[0:n_mar]
[18  8 12  9 10 14 11]
np.random.permutation(males)[0:n_mar]
[16 17 12  2 22  7  6]
np.random.permutation(males)[0:n_mar]
[17 14  0 16 15 10  9]
np.random.permutation(males)[0:n_mar]
[10 14  3 20  8 12 17]
np.random.permutation(males)[0:n_mar]
[23  3 11 21  4 13 10]
np.random.permutation(males)[0:n_mar]
[18 14 21 11  2  0 10]
np.random.permutation(males)[0:n_mar]
[15 17 10 23  6  4 14]
np.random.permutation(males)[0:n_mar]
[ 0 22 23  7 10  8  5]
np.random.permutation(males)[0:n_mar]
[ 2 12  9  6 18  4 15]
np.random.permutation(males)[0:n_mar]
[ 2  4 22 21 14 10 19]
np.random.permutation(males)[0:n_mar]
[ 9 21  1 16  7 23 19]
np.random.permutation(males)[0:n_mar]
[23 15 21 13 10  9  7]
np.random.permutation(males)[0:n_mar]
[19 14  2  3 23  0 15]
np.random.permutation(males)[0:n_mar]
[11 18 12 20  6 17  4]
np.random.permutation(males)[0:n_mar]
[ 9 10  6  0 18 13 22]
np.random.permutation(males)[0:n_mar]
[17 12 15 22  1 23 21]
np.random.permutation(males)[0:n_mar]
[ 8 15 19  1 21  4  6]
np.random.permutation(males)[0:n_mar]
[17 10 11  3  9 20  2]
np.random.permutation(males)[0:n_mar]
[16  5  4  8  3  7 11]
np.random.permutation(males)[0:n_mar]
[ 7 22  0 18 15  8  2]
np.random.permutation(males)[0:n_mar]
[18  8 17  0  7 21  1]
np.random.permutation(males)[0:n_mar]
[19  2  5  3 15  1  6]
np.random.permutation(males)[0:n_mar]
[ 9 22  7 18  4 10 17]
np.random.permutation(males)[0:n_mar]
[12 20  4 11  3 22 10]
np.random.permutation(males)[0:n_mar]
[12  8 15 19  9  5  7]
np.random.permutation(males)[0:n_mar]
[ 0 11  8 10  2  7  1]
np.random.permutation(males)[0:n_mar]
[19 16  9  2  5 10 18]
np.random.permutation(males)[0:n_mar]
[15  1 22 19  3 20  0]
np.random.permutation(males)[0:n_mar]
[ 5 22 11  2  4 10 12]
np.random.permutation(males)[0:n_mar]
[23 22 21 16  8 17  9]
np.random.permutation(males)[0:n_mar]
[ 6 11 18 10  1 17 12]
np.random.permutation(males)[0:n_mar]
[ 1  0 18  3  9 17 19]
np.random.permutation(males)[0:n_mar]
[ 1 12  6  3 18 14  9]
np.random.permutation(males)[0:n_mar]
[16  0 15  7 13 12 19]
np.random.permutation(males)[0:n_mar]
[17  5 18 12  1 23 21]
np.random.permutation(males)[0:n_mar]
[ 0  5 12  8  3 15  7]
np.random.permutation(males)[0:n_mar]
[11 23  5  0  7 19 14]
np.random.permutation(males)[0:n_mar]
[ 7 18 10 16 19 14  5]
np.random.permutation(males)[0:n_mar]
[18  0  7 21 10  3 12]
np.random.permutation(males)[0:n_mar]
[20 12  5 22  3 13 15]
np.random.permutation(males)[0:n_mar]
[16 15 20  6 14  1 13]
np.random.permutation(males)[0:n_mar]
[18  4 13 16 22 17  7]
np.random.permutation(males)[0:n_mar]
[ 1 10  8 18 16  4 21]
np.random.permutation(males)[0:n_mar]
[10 19 21 18 11 15  4]
np.random.permutation(males)[0:n_mar]
[16 15  9 10 19 21  6]
np.random.permutation(males)[0:n_mar]
[ 3  7  5 18  4 15 11]
np.random.permutation(males)[0:n_mar]
[12 22 19 14 18 13 11]
np.random.permutation(males)[0:n_mar]
[14  3 15  4 13 17 16]
np.random.permutation(males)[0:n_mar]
[11 17  8  9 10 14  3]
np.random.permutation(males)[0:n_mar]
[ 1 19 23  5 17  8 20]
np.random.permutation(males)[0:n_mar]
[ 1  8 10  0 18 20  3]
np.random.permutation(males)[0:n_mar]
[21 15  2 11 22 20 19]
np.random.permutation(males)[0:n_mar]
[ 1 12  7 13  0 20 21]
np.random.permutation(males)[0:n_mar]
[ 7 10 14 13  8 17  3]
np.random.permutation(males)[0:n_mar]
[ 6 23  0 11 16 14 15]
np.random.permutation(males)[0:n_mar]
[21 14  6 23 15  0  7]
np.random.permutation(males)[0:n_mar]
[ 8 18 20 17 23  7  0]
np.random.permutation(males)[0:n_mar]
[ 3 22 11  2 16 23  8]
np.random.permutation(males)[0:n_mar]
[ 3 11 16 13  8  5  9]
np.random.permutation(males)[0:n_mar]
[ 0  9 10  7 16 17  2]
np.random.permutation(males)[0:n_mar]
[22  6  8 13  2  7 11]
np.random.permutation(males)[0:n_mar]
[ 3  0  4 23  1  2 15]
np.random.permutation(males)[0:n_mar]
[12  6 22 20 14 10 15]
np.random.permutation(males)[0:n_mar]
[22  9  7  8 17  1  4]
np.random.permutation(males)[0:n_mar]
[19  7  3 22 17  1  9]
np.random.permutation(males)[0:n_mar]
[ 3 21 13  1 18  2 11]
np.random.permutation(males)[0:n_mar]
[ 1 19  2 11 23 16 13]
np.random.permutation(males)[0:n_mar]
[19  4 21 15 14 13 18]
np.random.permutation(males)[0:n_mar]
[ 2 17 21  9 13 12  6]
np.random.permutation(males)[0:n_mar]
[ 8  4  2 22  5 17 12]
np.random.permutation(males)[0:n_mar]
[ 1  4 10  3 12 11  8]
np.random.permutation(males)[0:n_mar]
[16  9 11  6  7 18  2]
np.random.permutation(males)[0:n_mar]
[18 21 14 10 15 11  3]
np.random.permutation(males)[0:n_mar]
[ 5  4  9  6 10  1  7]
np.random.permutation(males)[0:n_mar]
[ 1 14 22 10 19 11  0]
np.random.permutation(males)[0:n_mar]
[ 1 19  8 18 15  6 11]
np.random.permutation(males)[0:n_mar]
[ 9  0  8  6  7 14 18]
np.random.permutation(males)[0:n_mar]
[12  3  9  2 23 15 22]
np.random.permutation(males)[0:n_mar]
[ 9 21  6 16 13  7  5]
np.random.permutation(males)[0:n_mar]
[23 11 16 20  8  7  2]
np.random.permutation(males)[0:n_mar]
[15 10 18 19  4  5 23]
np.random.permutation(males)[0:n_mar]
[19  9 12  1 23 11  2]
np.random.permutation(males)[0:n_mar]
[15  9  7 19  0 16 23]
np.random.permutation(males)[0:n_mar]
[19 20  2 14  9  7  3]
np.random.permutation(males)[0:n_mar]
[ 5 21 23  2 20  3 13]
np.random.permutation(males)[0:n_mar]
[ 4  9  8 11 19 18  7]
np.random.permutation(males)[0:n_mar]
[ 9  8 22 15 17 23  3]
np.random.permutation(males)[0:n_mar]
[ 9 17 15  1 13  2  3]
np.random.permutation(males)[0:n_mar]
[18  5  6 12 19  8  4]
np.random.permutation(males)[0:n_mar]
[ 4 10  2  8 21 20 12]
np.random.permutation(males)[0:n_mar]
[12  2 16  4 15  6  0]
np.random.permutation(males)[0:n_mar]
[15  6  5  2 19 22 17]
np.random.permutation(males)[0:n_mar]
[ 8  3  0  4 18  1 16]
np.random.permutation(males)[0:n_mar]
[ 5 15 21  4 17  7  9]
np.random.permutation(males)[0:n_mar]
[ 7  8 20 15  2  5  3]
np.random.permutation(males)[0:n_mar]
[15 22  8  9  5 19 12]
np.random.permutation(males)[0:n_mar]
[17  3  9 22  8 12 18]
np.random.permutation(males)[0:n_mar]
[ 5 20 16  6  9 13 15]
np.random.permutation(males)[0:n_mar]
[ 1  8  4  5 10  6  9]
np.random.permutation(males)[0:n_mar]
[13 16 19 10 15  1 20]
np.random.permutation(males)[0:n_mar]
[ 3 16  2 15 23  1 17]
np.random.permutation(males)[0:n_mar]
[ 4  0 11 23 17  6 22]
np.random.permutation(males)[0:n_mar]
[15  7  9 20 12 23 18]
np.random.permutation(males)[0:n_mar]
[14 23 11 18  0  8 20]
np.random.permutation(males)[0:n_mar]
[21 17 22 19 23  3  0]
np.random.permutation(males)[0:n_mar]
[17 10 11 22  5  7 13]
np.random.permutation(males)[0:n_mar]
[ 1  9 17  8  7 13 10]
np.random.permutation(males)[0:n_mar]
[14 11 13  3 17 23 15]
np.random.permutation(males)[0:n_mar]
[ 7 16  9 14  1  4 15]
np.random.permutation(males)[0:n_mar]
[10  3  9 15  4 18  1]
np.random.permutation(males)[0:n_mar]
[ 3  6 15  1 21  4  8]
np.random.permutation(males)[0:n_mar]
[11 20 14 15  6  2 12]
np.random.permutation(males)[0:n_mar]
[20  3 10 22  4  0  1]
np.random.permutation(males)[0:n_mar]
[ 6 23 15  8  5 10  0]
np.random.permutation(males)[0:n_mar]
[23 20  6 11  9  1  2]
np.random.permutation(males)[0:n_mar]
[23  6  4  0  8 14 20]
np.random.permutation(males)[0:n_mar]
[20  2 14  4  7 19  3]
np.random.permutation(males)[0:n_mar]
[15  7 14 19  8  4  5]
np.random.permutation(males)[0:n_mar]
[17 14 22  9 18 16 15]
np.random.permutation(males)[0:n_mar]
[ 2 11  3 15 23 21  9]
np.random.permutation(males)[0:n_mar]
[19  6  9 15 10  2 21]
np.random.permutation(males)[0:n_mar]
[12 11 10  6 22 17  0]
np.random.permutation(males)[0:n_mar]
[21 16 14 19 13  1  9]
np.random.permutation(males)[0:n_mar]
[22  3  6 21  4 15 11]
np.random.permutation(males)[0:n_mar]
[16  9  2 10 21 13 19]
np.random.permutation(males)[0:n_mar]
[14 11  5  1 22 18 21]
np.random.permutation(males)[0:n_mar]
[ 8  6  2  7  4 18  0]
np.random.permutation(males)[0:n_mar]
[23 13  9  4 22 16 14]
np.random.permutation(males)[0:n_mar]
[ 0  1 11 21 14 13  2]
np.random.permutation(males)[0:n_mar]
[ 8  6 15 13 23 22 11]
np.random.permutation(males)[0:n_mar]
[14  3 23 11  4  1 19]
