np.random.permutation(males)[0:n_mar]
[ 8 21  2 13 18 12]
np.random.permutation(males)[0:n_mar]
[17 18 20  5  7 13]
np.random.permutation(males)[0:n_mar]
[18  5 17 11 20 22]
np.random.permutation(males)[0:n_mar]
[ 5 21 14  2  9  3]
np.random.permutation(males)[0:n_mar]
[ 0 15  9 23 20  7]
np.random.permutation(males)[0:n_mar]
[ 2 15  4 19 18  7]
np.random.permutation(males)[0:n_mar]
[10  9  2  1  6  4]
np.random.permutation(males)[0:n_mar]
[ 4  5 10  3 22 21]
np.random.permutation(males)[0:n_mar]
[ 6  0 23 11  7 17]
np.random.permutation(males)[0:n_mar]
[10  7 18  8 12 15]
np.random.permutation(males)[0:n_mar]
[ 6 20 13 10  9 22]
np.random.permutation(males)[0:n_mar]
[ 6 21 17 13 11 14]
np.random.permutation(males)[0:n_mar]
[13  4 22 21 20  5]
np.random.permutation(males)[0:n_mar]
[18  7  5 14  3  0]
np.random.permutation(males)[0:n_mar]
[15 19 14  1  2 10]
np.random.permutation(males)[0:n_mar]
[21  5  7 10 19  0]
np.random.permutation(males)[0:n_mar]
[ 8 14 12  0 15  6]
np.random.permutation(males)[0:n_mar]
[ 5  0 14 11  4 21]
np.random.permutation(males)[0:n_mar]
[14 10 21  7  0  9]
np.random.permutation(males)[0:n_mar]
[ 7  9 18 21 22 16]
np.random.permutation(males)[0:n_mar]
[23  8  9 13 22  6]
np.random.permutation(males)[0:n_mar]
[13 22 15  1  8 16]
np.random.permutation(males)[0:n_mar]
[ 7  4  3 11 16  9]
np.random.permutation(males)[0:n_mar]
[18  0 10  9  6 22]
np.random.permutation(males)[0:n_mar]
[ 9  8 22 12 18  4]
np.random.permutation(males)[0:n_mar]
[ 7 22  3  8  5 15]
np.random.permutation(males)[0:n_mar]
[ 1  3  9 13 19 22]
np.random.permutation(males)[0:n_mar]
[ 7 15  8  2 11  9]
np.random.permutation(males)[0:n_mar]
[18 17 15  4 16  8]
np.random.permutation(males)[0:n_mar]
[ 7 13 19 16 22  5]
np.random.permutation(males)[0:n_mar]
[22  8 23  3 18  5]
np.random.permutation(males)[0:n_mar]
[16  4 10  3  2 13]
np.random.permutation(males)[0:n_mar]
[22 11 17  3 16  4]
np.random.permutation(males)[0:n_mar]
[11 14 20 18  7 15]
np.random.permutation(males)[0:n_mar]
[ 5  9  6  4 18  1]
np.random.permutation(males)[0:n_mar]
[20  7 17 13 16 18]
np.random.permutation(males)[0:n_mar]
[ 9 17 13  8 12  3]
np.random.permutation(males)[0:n_mar]
[10 12 13 23 16 22]
np.random.permutation(males)[0:n_mar]
[19  2  7 21  8 11]
np.random.permutation(males)[0:n_mar]
[20  2 13 23 21 11]
np.random.permutation(males)[0:n_mar]
[11 18 13 23 21  9]
np.random.permutation(males)[0:n_mar]
[22 13 11  7  3  8]
np.random.permutation(males)[0:n_mar]
[18 23  3  2 12 13]
np.random.permutation(males)[0:n_mar]
[19  3 23 22  1 15]
np.random.permutation(males)[0:n_mar]
[22 20 14 10 11 18]
np.random.permutation(males)[0:n_mar]
[17 12 18 21  5 13]
np.random.permutation(males)[0:n_mar]
[ 5 19 15 12  6 17]
np.random.permutation(males)[0:n_mar]
[20  0 21 18 10  7]
np.random.permutation(males)[0:n_mar]
[ 1 15  9 17  5  2]
np.random.permutation(males)[0:n_mar]
[ 0 14  8  5 23 13]
np.random.permutation(males)[0:n_mar]
[10  5 18 14  2 23]
np.random.permutation(males)[0:n_mar]
[19 11 10 13  1  3]
np.random.permutation(males)[0:n_mar]
[ 4 11  5 15  3  1]
np.random.permutation(males)[0:n_mar]
[20  6 15  0  3 12]
np.random.permutation(males)[0:n_mar]
[23 21 15 14  9 22]
np.random.permutation(males)[0:n_mar]
[ 3 18 14 12 20 15]
np.random.permutation(males)[0:n_mar]
[20 19  4  2 10 12]
np.random.permutation(males)[0:n_mar]
[19  3  6 10  2 21]
np.random.permutation(males)[0:n_mar]
[22  8  9  4 21 16]
np.random.permutation(males)[0:n_mar]
[ 0 23 18 10 21 17]
np.random.permutation(males)[0:n_mar]
[ 6  5  9  4  2 14]
np.random.permutation(males)[0:n_mar]
[13 18  5  2  7 20]
np.random.permutation(males)[0:n_mar]
[19 11 10  7  3 13]
np.random.permutation(males)[0:n_mar]
[ 8 15 22 17  0  2]
np.random.permutation(males)[0:n_mar]
[ 0 11 21  7  1 18]
np.random.permutation(males)[0:n_mar]
[20 13 18  4  1 11]
np.random.permutation(males)[0:n_mar]
[20  2  4  9 16 19]
np.random.permutation(males)[0:n_mar]
[17  1 11 13  9  3]
np.random.permutation(males)[0:n_mar]
[ 9  1 17 20 23 21]
np.random.permutation(males)[0:n_mar]
[ 0  4 23 21 16 14]
np.random.permutation(males)[0:n_mar]
[12 14  9 10  4 11]
np.random.permutation(males)[0:n_mar]
[16 14  1  4  7  8]
np.random.permutation(males)[0:n_mar]
[11 23 10 12  2 20]
np.random.permutation(males)[0:n_mar]
[ 0 16  8  6  5 11]
np.random.permutation(males)[0:n_mar]
[12  2 16  9 13 23]
np.random.permutation(males)[0:n_mar]
[16 20  0 23  9 10]
np.random.permutation(males)[0:n_mar]
[19  2 13 23  9 15]
np.random.permutation(males)[0:n_mar]
[16  4  5 19 23 13]
np.random.permutation(males)[0:n_mar]
[17 22  3 21 20  0]
np.random.permutation(males)[0:n_mar]
[22 14 15  1  2 18]
np.random.permutation(males)[0:n_mar]
[19 15  2 17  3 23]
np.random.permutation(males)[0:n_mar]
[ 6  7 10 17 12 14]
np.random.permutation(males)[0:n_mar]
[17 19  3 20  8 12]
np.random.permutation(males)[0:n_mar]
[12 23  4  0 22  1]
np.random.permutation(males)[0:n_mar]
[11  5 17 21  6  1]
np.random.permutation(males)[0:n_mar]
[16 23  1 17  9  4]
np.random.permutation(males)[0:n_mar]
[11  6 22  3 13  8]
np.random.permutation(males)[0:n_mar]
[ 2 23 16 11 15  9]
np.random.permutation(males)[0:n_mar]
[22 15  4 12  5 18]
np.random.permutation(males)[0:n_mar]
[12 18 16 17  5  0]
np.random.permutation(males)[0:n_mar]
[10  2  6  1 23  5]
np.random.permutation(males)[0:n_mar]
[ 5 14  4  8  0 20]
np.random.permutation(males)[0:n_mar]
[20  6 19  9 11 17]
np.random.permutation(males)[0:n_mar]
[ 3  8  2 21 17 11]
np.random.permutation(males)[0:n_mar]
[10 15  7 23 12  8]
np.random.permutation(males)[0:n_mar]
[21  3 10  0 23 14]
np.random.permutation(males)[0:n_mar]
[ 0  4 11 19  2  1]
np.random.permutation(males)[0:n_mar]
[20 21  3  7 22 16]
np.random.permutation(males)[0:n_mar]
[ 3  9 11  0 20 15]
np.random.permutation(males)[0:n_mar]
[10 21  3 22  5  1]
np.random.permutation(males)[0:n_mar]
[16 11 20 14  5 21]
np.random.permutation(males)[0:n_mar]
[13  5  3  7  2 14]
np.random.permutation(males)[0:n_mar]
[15 10 16  4  7 19]
np.random.permutation(males)[0:n_mar]
[ 8 15  4 11 12 16]
np.random.permutation(males)[0:n_mar]
[18 23 17 13  0  7]
np.random.permutation(males)[0:n_mar]
[ 6 13 19  4  8 22]
np.random.permutation(males)[0:n_mar]
[10 15  6  3 19  5]
np.random.permutation(males)[0:n_mar]
[ 7 17  5  8  4 19]
np.random.permutation(males)[0:n_mar]
[ 2  3 11  0 19 15]
np.random.permutation(males)[0:n_mar]
[12 17 22 19 23 14]
np.random.permutation(males)[0:n_mar]
[ 3  2 18  4  7 20]
np.random.permutation(males)[0:n_mar]
[13 19  5  7 17  2]
np.random.permutation(males)[0:n_mar]
[15 18  5  3 11 21]
np.random.permutation(males)[0:n_mar]
[18  4 15 10  3  8]
np.random.permutation(males)[0:n_mar]
[ 9 23 21 15 22  8]
np.random.permutation(males)[0:n_mar]
[ 3 20  7  8  9 18]
np.random.permutation(males)[0:n_mar]
[ 8  6 10  3 22 13]
np.random.permutation(males)[0:n_mar]
[ 1 18  9  4  8 13]
np.random.permutation(males)[0:n_mar]
[19  2 13 15  5  1]
np.random.permutation(males)[0:n_mar]
[20 14  4 18 15 23]
np.random.permutation(males)[0:n_mar]
[ 7  3 19 15  9  4]
np.random.permutation(males)[0:n_mar]
[ 2  8 23  6 10  0]
np.random.permutation(males)[0:n_mar]
[ 4  9 23 22 11 21]
np.random.permutation(males)[0:n_mar]
[11  9  3  4  8  7]
np.random.permutation(males)[0:n_mar]
[23  8  3 11  0  2]
np.random.permutation(males)[0:n_mar]
[22  9 19 13 18  1]
np.random.permutation(males)[0:n_mar]
[12 13 11 23  2 20]
np.random.permutation(males)[0:n_mar]
[ 1 19  8  3 10  5]
np.random.permutation(males)[0:n_mar]
[ 1 18 23  5  7 10]
np.random.permutation(males)[0:n_mar]
[ 4 14 17 10 19 12]
np.random.permutation(males)[0:n_mar]
[ 0  9  3 13  7 14]
np.random.permutation(males)[0:n_mar]
[ 7 17  1 16 23 21]
np.random.permutation(males)[0:n_mar]
[21  3  2 17 13  0]
np.random.permutation(males)[0:n_mar]
[ 6 13 10 23 19 15]
np.random.permutation(males)[0:n_mar]
[17  8 13 16  9  4]
np.random.permutation(males)[0:n_mar]
[ 6 23  5 12 10  9]
np.random.permutation(males)[0:n_mar]
[ 6  1 13  9 20 10]
np.random.permutation(males)[0:n_mar]
[13  2  9 20 10  1]
np.random.permutation(males)[0:n_mar]
[20  9 19  7 15 11]
np.random.permutation(males)[0:n_mar]
[14 12  8  7 20 15]
np.random.permutation(males)[0:n_mar]
[11 14 10 20 13  5]
np.random.permutation(males)[0:n_mar]
[ 7  1 21 20 16 11]
np.random.permutation(males)[0:n_mar]
[ 3 21  4  7  5 23]
np.random.permutation(males)[0:n_mar]
[ 5 21  7  0 14  9]
np.random.permutation(males)[0:n_mar]
[ 0  9  3  6  4 16]
np.random.permutation(males)[0:n_mar]
[18 19  6  5  4 20]
np.random.permutation(males)[0:n_mar]
[18 15 13 21 14  9]
np.random.permutation(males)[0:n_mar]
[20  9 16  4 17 22]
np.random.permutation(males)[0:n_mar]
[11 18  3 12  8  7]
np.random.permutation(males)[0:n_mar]
[ 0  9  4  8 19 15]
np.random.permutation(males)[0:n_mar]
[23  3 13  0 12  2]
np.random.permutation(males)[0:n_mar]
[12  1  5  2 14  9]
np.random.permutation(males)[0:n_mar]
[ 5 22 15 19 16 20]
np.random.permutation(males)[0:n_mar]
[ 3  0 17  5 22  1]
np.random.permutation(males)[0:n_mar]
[ 4 13  7 14  8  5]
np.random.permutation(males)[0:n_mar]
[ 7 13  0  6 16  4]
np.random.permutation(males)[0:n_mar]
[12 13 11 22  8  3]
np.random.permutation(males)[0:n_mar]
[15  3 13 12 16  4]
np.random.permutation(males)[0:n_mar]
[ 8  4 21 14 19 22]
np.random.permutation(males)[0:n_mar]
[21  0 20 22 17 23]
np.random.permutation(males)[0:n_mar]
[ 6 10 11 13 22 15]
np.random.permutation(males)[0:n_mar]
[19 11 21 13  0  9]
np.random.permutation(males)[0:n_mar]
[ 3 17  2 14  7 20]
np.random.permutation(males)[0:n_mar]
[ 0 18 10  5  8  6]
np.random.permutation(males)[0:n_mar]
[21  9 14 20  3 13]
np.random.permutation(males)[0:n_mar]
[19 20  1 12 17  8]
np.random.permutation(males)[0:n_mar]
[20 19  4  7  6 17]
np.random.permutation(males)[0:n_mar]
[10 23 12 16 11  8]
np.random.permutation(males)[0:n_mar]
[ 1 23 19  4 17 18]
np.random.permutation(males)[0:n_mar]
[11 10 15 22 19 13]
np.random.permutation(males)[0:n_mar]
[ 0 21 10 19 12 17]
np.random.permutation(males)[0:n_mar]
[13  8  4 22 18 15]
np.random.permutation(males)[0:n_mar]
[ 7 21 17 11  3 10]
np.random.permutation(males)[0:n_mar]
[10 18 22 16 23 13]
np.random.permutation(males)[0:n_mar]
[ 3 23 11  2 14  9]
np.random.permutation(males)[0:n_mar]
[ 8 13 21 16 17 14]
np.random.permutation(males)[0:n_mar]
[12 21 10  2  7  5]
np.random.permutation(males)[0:n_mar]
[ 4  0  5  7 12 19]
np.random.permutation(males)[0:n_mar]
[16 14  5  7  8 15]
np.random.permutation(males)[0:n_mar]
[12  7  2 14 11  8]
np.random.permutation(males)[0:n_mar]
[18 12  8  5  7  1]
np.random.permutation(males)[0:n_mar]
[14 22 16 23 20 10]
np.random.permutation(males)[0:n_mar]
[14  8 17  0 10  5]
np.random.permutation(males)[0:n_mar]
[ 7 16  8  2 19  6]
np.random.permutation(males)[0:n_mar]
[16  6  1  2 13 21]
np.random.permutation(males)[0:n_mar]
[ 7  9 21 14 20 13]
np.random.permutation(males)[0:n_mar]
[ 9 13 14  6 10 19]
np.random.permutation(males)[0:n_mar]
[ 2 19 14 13  3  6]
np.random.permutation(males)[0:n_mar]
[ 6 18  2 10 13 21]
np.random.permutation(males)[0:n_mar]
[ 7 22  8 12 17 10]
np.random.permutation(males)[0:n_mar]
[20  1 23 18 19 17]
np.random.permutation(males)[0:n_mar]
[18  8 13 14  1 16]
np.random.permutation(males)[0:n_mar]
[19 14  3 16 20 10]
np.random.permutation(males)[0:n_mar]
[21  7  8 14 20  3]
np.random.permutation(males)[0:n_mar]
[10 11  1  3  4 18]
np.random.permutation(males)[0:n_mar]
[10 18  6 14  7 12]
np.random.permutation(males)[0:n_mar]
[23  6  8 22  2 15]
np.random.permutation(males)[0:n_mar]
[18 20 13 11  1 19]
np.random.permutation(males)[0:n_mar]
[ 8  6 12 14  0 23]
np.random.permutation(males)[0:n_mar]
[11  2  1 10  3 17]
np.random.permutation(males)[0:n_mar]
[ 8 18  5  9 22 19]
np.random.permutation(males)[0:n_mar]
[10 17 14  9  6  7]
np.random.permutation(males)[0:n_mar]
[ 4 19  6 23 22 17]
np.random.permutation(males)[0:n_mar]
[ 6  8 12 10 20 23]
np.random.permutation(males)[0:n_mar]
[10 15 22  6 17 20]
np.random.permutation(males)[0:n_mar]
[ 1 12  4 14 13  8]
np.random.permutation(males)[0:n_mar]
[ 9  1 13 10 22 11]
np.random.permutation(males)[0:n_mar]
[11  4  9 10 19 14]
np.random.permutation(males)[0:n_mar]
[20 17 23 19 13 22]
np.random.permutation(males)[0:n_mar]
[23  7 14 12  3 22]
np.random.permutation(males)[0:n_mar]
[18  7  6  1 19  0]
np.random.permutation(males)[0:n_mar]
[ 2  4 10 14 12  9]
np.random.permutation(males)[0:n_mar]
[21  7 10  5  8 15]
np.random.permutation(males)[0:n_mar]
[ 3 13  7  1  6 18]
np.random.permutation(males)[0:n_mar]
[ 8  3  0 18 19 16]
np.random.permutation(males)[0:n_mar]
[ 3  5  9 13 22 14]
np.random.permutation(males)[0:n_mar]
[ 2 19  3  6  0 10]
np.random.permutation(males)[0:n_mar]
[22 13 15 12  1  4]
np.random.permutation(males)[0:n_mar]
[ 8 20 22  9  0 14]
np.random.permutation(males)[0:n_mar]
[ 6 18 14 15  3 19]
np.random.permutation(males)[0:n_mar]
[ 2 13 19 15  5 12]
np.random.permutation(males)[0:n_mar]
[ 9  8 10 14  7  5]
np.random.permutation(males)[0:n_mar]
[15  2 19  4 20 16]
np.random.permutation(males)[0:n_mar]
[ 8 18 20  5 17 15]
np.random.permutation(males)[0:n_mar]
[16 15  6  2 17  0]
np.random.permutation(males)[0:n_mar]
[21  6 20 23 22  2]
np.random.permutation(males)[0:n_mar]
[17  8  6  2 11 10]
np.random.permutation(males)[0:n_mar]
[ 5 16  2 11 15 22]
np.random.permutation(males)[0:n_mar]
[17  5 19 21 14 20]
np.random.permutation(males)[0:n_mar]
[ 9 23 16 19 13 20]
np.random.permutation(males)[0:n_mar]
[10 23  1 22  7 15]
np.random.permutation(males)[0:n_mar]
[ 8 15 22 17  0 23]
np.random.permutation(males)[0:n_mar]
[16 12 21 15  8  3]
np.random.permutation(males)[0:n_mar]
[20 21  9  7 19  5]
np.random.permutation(males)[0:n_mar]
[ 6  2 15  1  3 16]
np.random.permutation(males)[0:n_mar]
[18  3 16  2 17  1]
np.random.permutation(males)[0:n_mar]
[ 7  1 21  2 19 12]
np.random.permutation(males)[0:n_mar]
[ 0 19  9  3 15  1]
np.random.permutation(males)[0:n_mar]
[14  4 23  5 12  9]
np.random.permutation(males)[0:n_mar]
[ 8 14  0  6  9  1]
np.random.permutation(males)[0:n_mar]
[ 1  8  9  6 15  3]
np.random.permutation(males)[0:n_mar]
[13 12  0 17  8  3]
np.random.permutation(males)[0:n_mar]
[ 1 18 10  6  8 13]
np.random.permutation(males)[0:n_mar]
[ 0 15  2 12  3 10]
np.random.permutation(males)[0:n_mar]
[22  2 16  7 11 20]
np.random.permutation(males)[0:n_mar]
[19 17 15  4 14  2]
np.random.permutation(males)[0:n_mar]
[17 23 21  6  2  5]
np.random.permutation(males)[0:n_mar]
[ 3  0  7 15 10 18]
np.random.permutation(males)[0:n_mar]
[ 9 19 10 13  4 12]
np.random.permutation(males)[0:n_mar]
[ 9 14 21 13  4  7]
np.random.permutation(males)[0:n_mar]
[23  9 19 16  0  5]
np.random.permutation(males)[0:n_mar]
[13  8  6  0  3  7]
np.random.permutation(males)[0:n_mar]
[ 7 22 15 23  4 10]
np.random.permutation(males)[0:n_mar]
[ 4 16 11 15  0  8]
np.random.permutation(males)[0:n_mar]
[14 21 15 23  8  3]
np.random.permutation(males)[0:n_mar]
[10  5  6 17  3  7]
np.random.permutation(males)[0:n_mar]
[19 20 18  4 16 17]
np.random.permutation(males)[0:n_mar]
[ 3  4 20 13  9 22]
np.random.permutation(males)[0:n_mar]
[16  9  6 19 11 15]
np.random.permutation(males)[0:n_mar]
[13 21  5 19 23 20]
np.random.permutation(males)[0:n_mar]
[ 1 14  0 18 22  8]
np.random.permutation(males)[0:n_mar]
[18  5 11 23  4 10]
np.random.permutation(males)[0:n_mar]
[17  0 19  5  8  6]
np.random.permutation(males)[0:n_mar]
[12  5  0 19 13 21]
np.random.permutation(males)[0:n_mar]
[23 12 15  9  1  2]
np.random.permutation(males)[0:n_mar]
[11 20 18 10  3  4]
np.random.permutation(males)[0:n_mar]
[ 8  6 10 14 13  2]
np.random.permutation(males)[0:n_mar]
[ 6 10 15  9  0  8]
np.random.permutation(males)[0:n_mar]
[20 18 15 10 21  4]
np.random.permutation(males)[0:n_mar]
[ 8 10  9  6 17  5]
np.random.permutation(males)[0:n_mar]
[10 19  4 17  6  8]
np.random.permutation(males)[0:n_mar]
[ 6 20 23  8  3 13]
np.random.permutation(males)[0:n_mar]
[ 5  9 11 13  3 16]
np.random.permutation(males)[0:n_mar]
[ 7 13 15 10  0 14]
np.random.permutation(males)[0:n_mar]
[11 20  5  0 17  6]
np.random.permutation(males)[0:n_mar]
[21  8  9 18 16  6]
np.random.permutation(males)[0:n_mar]
[20 13  8  7  0  6]
np.random.permutation(males)[0:n_mar]
[14  1 16 17  6  9]
np.random.permutation(males)[0:n_mar]
[20  0  8 17 14 22]
np.random.permutation(males)[0:n_mar]
[ 2  1 20 15 13  3]
np.random.permutation(males)[0:n_mar]
[15  2 21 17  1  5]
np.random.permutation(males)[0:n_mar]
[19  2  7  1 11 18]
np.random.permutation(males)[0:n_mar]
[22 18 11 16 23  2]
np.random.permutation(males)[0:n_mar]
[17  7 15  2 18 10]
np.random.permutation(males)[0:n_mar]
[ 1 21  3 13  2  4]
np.random.permutation(males)[0:n_mar]
[13 16  1  4 20  8]
np.random.permutation(males)[0:n_mar]
[19  2  8  9  1  0]
np.random.permutation(males)[0:n_mar]
[23  4  2  8 19 12]
np.random.permutation(males)[0:n_mar]
[23 20 13 10  9 21]
np.random.permutation(males)[0:n_mar]
[17 21  0 19  9 10]
np.random.permutation(males)[0:n_mar]
[ 9  3  4  5  8 20]
np.random.permutation(males)[0:n_mar]
[ 7  2  5  4 20 18]
np.random.permutation(males)[0:n_mar]
[11 13 22 12  8 10]
np.random.permutation(males)[0:n_mar]
[ 3  9  4  7 15 21]
np.random.permutation(males)[0:n_mar]
[ 3  7 20  4  0 23]
np.random.permutation(males)[0:n_mar]
[11 16  5 14  1 20]
np.random.permutation(males)[0:n_mar]
[20  0  1 12  8  7]
np.random.permutation(males)[0:n_mar]
[ 6  2 21  3 12 17]
np.random.permutation(males)[0:n_mar]
[ 5  8  4  9 13 15]
np.random.permutation(males)[0:n_mar]
[21 10 20 22  8 14]
np.random.permutation(males)[0:n_mar]
[18 21 14 11  3  8]
np.random.permutation(males)[0:n_mar]
[14  1 11 20 18 22]
np.random.permutation(males)[0:n_mar]
[17  0 21 16 15 11]
np.random.permutation(males)[0:n_mar]
[ 6 19 18  8 12  4]
np.random.permutation(males)[0:n_mar]
[ 4 12  1 23  2  9]
np.random.permutation(males)[0:n_mar]
[19 10 18 13  6  0]
np.random.permutation(males)[0:n_mar]
[ 2  7 16  1 14 22]
np.random.permutation(males)[0:n_mar]
[23 15  7  0 11  1]
np.random.permutation(males)[0:n_mar]
[ 3 22  5 20  4  9]
np.random.permutation(males)[0:n_mar]
[18 19  4  3 11  1]
np.random.permutation(males)[0:n_mar]
[ 9 16  3  7 20  0]
np.random.permutation(males)[0:n_mar]
[ 5 16  3  1 20 14]
np.random.permutation(males)[0:n_mar]
[ 1 12 17 20  8  5]
np.random.permutation(males)[0:n_mar]
[14  6 21  5 12 17]
np.random.permutation(males)[0:n_mar]
[ 4  6 20 18  8 11]
np.random.permutation(males)[0:n_mar]
[ 5 14  4 21 12  6]
np.random.permutation(males)[0:n_mar]
[ 7 10 21 19 13  2]
np.random.permutation(males)[0:n_mar]
[ 6  9 19 18 20 15]
np.random.permutation(males)[0:n_mar]
[ 3  0  1  7 13  6]
np.random.permutation(males)[0:n_mar]
[ 6 17  7 20  5 15]
np.random.permutation(males)[0:n_mar]
[ 5 13  4  6  3  7]
np.random.permutation(males)[0:n_mar]
[13 21 15 23 17  1]
np.random.permutation(males)[0:n_mar]
[18 19  3  1  7 13]
np.random.permutation(males)[0:n_mar]
[19 21  9 12 11  2]
np.random.permutation(males)[0:n_mar]
[ 4 12  3 15 22 18]
np.random.permutation(males)[0:n_mar]
[13 14  3 12  5  1]
np.random.permutation(males)[0:n_mar]
[13 10 22  3  2  6]
np.random.permutation(males)[0:n_mar]
[14 18  1  6  8 10]
np.random.permutation(males)[0:n_mar]
[12  8 13 19 21  9]
np.random.permutation(males)[0:n_mar]
[11  7 10 12  2 16]
np.random.permutation(males)[0:n_mar]
[14  9 12  1 19 10]
np.random.permutation(males)[0:n_mar]
[ 7 19 15  1 23  4]
np.random.permutation(males)[0:n_mar]
[12 22  9 10 17 23]
np.random.permutation(males)[0:n_mar]
[18 11  1 15  5  3]
np.random.permutation(males)[0:n_mar]
[20 15 19 16  4  6]
np.random.permutation(males)[0:n_mar]
[18 10 14 11  6 17]
np.random.permutation(males)[0:n_mar]
[19 14 17  8 13  1]
np.random.permutation(males)[0:n_mar]
[10  5 16 12 13 19]
np.random.permutation(males)[0:n_mar]
[11 16 19 10 20 15]
np.random.permutation(males)[0:n_mar]
[12  0 22  3 10  8]
np.random.permutation(males)[0:n_mar]
[ 1 23 15  3 19  4]
np.random.permutation(males)[0:n_mar]
[12  2 23  6 16  3]
np.random.permutation(males)[0:n_mar]
[11 14  4 13  8 18]
np.random.permutation(males)[0:n_mar]
[ 1 19 13  5  8 22]
np.random.permutation(males)[0:n_mar]
[ 1 11 15 19 14  4]
np.random.permutation(males)[0:n_mar]
[ 7 12  8 16 22  6]
np.random.permutation(males)[0:n_mar]
[ 4  6 14  2 17  0]
np.random.permutation(males)[0:n_mar]
[ 4 12  3 20 13  7]
np.random.permutation(males)[0:n_mar]
[ 1  2 21  9 19  8]
np.random.permutation(males)[0:n_mar]
[22  0  9 10 18 20]
np.random.permutation(males)[0:n_mar]
[21 13 11 16 10  0]
np.random.permutation(males)[0:n_mar]
[13 22  6 15  2 23]
np.random.permutation(males)[0:n_mar]
[ 0 18  4 12 10  3]
np.random.permutation(males)[0:n_mar]
[ 5  8  7 17 20 12]
np.random.permutation(males)[0:n_mar]
[ 8  6 16 15 20  1]
np.random.permutation(males)[0:n_mar]
[17  4  9  0 12 14]
np.random.permutation(males)[0:n_mar]
[20 12  7 13  8 14]
np.random.permutation(males)[0:n_mar]
[15  0  3 22  6  7]
np.random.permutation(males)[0:n_mar]
[19  4 23 16 12 21]
np.random.permutation(males)[0:n_mar]
[23 20 21  5 12  1]
np.random.permutation(males)[0:n_mar]
[14 22  0  8 20 13]
np.random.permutation(males)[0:n_mar]
[13 14  7  4 10 11]
np.random.permutation(males)[0:n_mar]
[ 8  2 18 15  9 22]
np.random.permutation(males)[0:n_mar]
[ 2  8  4 16  0 23]
np.random.permutation(males)[0:n_mar]
[ 9 15  5  8  7 13]
np.random.permutation(males)[0:n_mar]
[12  8  0  1 16 22]
np.random.permutation(males)[0:n_mar]
[18 21 10  1  3 17]
np.random.permutation(males)[0:n_mar]
[ 9  5  4 18 13  7]
np.random.permutation(males)[0:n_mar]
[ 6 15 23 22  5 12]
np.random.permutation(males)[0:n_mar]
[21 22 23 15 17 16]
np.random.permutation(males)[0:n_mar]
[11  8 23 12  2 17]
np.random.permutation(males)[0:n_mar]
[ 8  6 10 19  7  5]
np.random.permutation(males)[0:n_mar]
[17 13 18 21 11  0]
np.random.permutation(males)[0:n_mar]
[ 6  4 18 14 22 13]
np.random.permutation(males)[0:n_mar]
[ 8 11 14 10  0 16]
np.random.permutation(males)[0:n_mar]
[ 0  6  3 20 18 15]
np.random.permutation(males)[0:n_mar]
[14  3  0 19  7 21]
np.random.permutation(males)[0:n_mar]
[20  0  9 23  1  4]
np.random.permutation(males)[0:n_mar]
[15  1 23 16 22 21]
np.random.permutation(males)[0:n_mar]
[23 13  0 21  6 19]
np.random.permutation(males)[0:n_mar]
[ 6  2 16 13  9 11]
np.random.permutation(males)[0:n_mar]
[ 1  0 19 20  5 17]
np.random.permutation(males)[0:n_mar]
[ 9 21  4 13  7  3]
np.random.permutation(males)[0:n_mar]
[ 2 11 21  4  3  5]
np.random.permutation(males)[0:n_mar]
[ 4 21 16  2  1 13]
np.random.permutation(males)[0:n_mar]
[15 16 22  3  0 12]
np.random.permutation(males)[0:n_mar]
[10 21 17 18 14 19]
np.random.permutation(males)[0:n_mar]
[15 22  8 23 14 13]
np.random.permutation(males)[0:n_mar]
[ 9  1 21 18  0 10]
np.random.permutation(males)[0:n_mar]
[ 1  8 10 13  0 11]
np.random.permutation(males)[0:n_mar]
[21 22 10  9  3 14]
np.random.permutation(males)[0:n_mar]
[10 11 23  2 16  5]
np.random.permutation(males)[0:n_mar]
[19 22  6 11 12 15]
np.random.permutation(males)[0:n_mar]
[23 19 10 22 12  5]
np.random.permutation(males)[0:n_mar]
[ 3 13  6 23 21 15]
np.random.permutation(males)[0:n_mar]
[15  3 11  9 21 10]
np.random.permutation(males)[0:n_mar]
[ 0  9 10 15 13 17]
np.random.permutation(males)[0:n_mar]
[15 16  5  4 22  6]
np.random.permutation(males)[0:n_mar]
[20  9  0  3 17 15]
np.random.permutation(males)[0:n_mar]
[ 8  5 10  9  1  3]
np.random.permutation(males)[0:n_mar]
[11 23 17  4 21  5]
np.random.permutation(males)[0:n_mar]
[ 6 20  8 23 22 11]
np.random.permutation(males)[0:n_mar]
[13 15 11  4 16 14]
np.random.permutation(males)[0:n_mar]
[23 20 21 22 13  7]
np.random.permutation(males)[0:n_mar]
[ 5  2  3  9 22 23]
np.random.permutation(males)[0:n_mar]
[10 18 19 12  7 14]
np.random.permutation(males)[0:n_mar]
[16 19 18 11 13 10]
np.random.permutation(males)[0:n_mar]
[ 4  7 11  1 21 18]
np.random.permutation(males)[0:n_mar]
[ 3  2 23 16  7 20]
np.random.permutation(males)[0:n_mar]
[18  5 14  3  6 17]
np.random.permutation(males)[0:n_mar]
[21 15  5  1 13 12]
np.random.permutation(males)[0:n_mar]
[ 1  5 11 22  9  2]
np.random.permutation(males)[0:n_mar]
[ 5  2 23 15 17  9]
np.random.permutation(males)[0:n_mar]
[ 5 12 14 15 19 10]
np.random.permutation(males)[0:n_mar]
[ 3 17 20  1  2 22]
np.random.permutation(males)[0:n_mar]
[ 6 22  0  1  9 11]
np.random.permutation(males)[0:n_mar]
[13 19  9  4 16 21]
np.random.permutation(males)[0:n_mar]
[ 1  7 20  2 11 22]
np.random.permutation(males)[0:n_mar]
[13 16 11  8  3 10]
np.random.permutation(males)[0:n_mar]
[ 5 14 15  6 21 10]
np.random.permutation(males)[0:n_mar]
[ 5  3 11 22 10 18]
np.random.permutation(males)[0:n_mar]
[ 5 11 22  7  8  2]
np.random.permutation(males)[0:n_mar]
[17  2  3  6 13 14]
np.random.permutation(males)[0:n_mar]
[17  7  8 21  5 10]
np.random.permutation(males)[0:n_mar]
[13  1  4 11  6 14]
np.random.permutation(males)[0:n_mar]
[11  9 10 22 17  8]
np.random.permutation(males)[0:n_mar]
[13 20 15  0 14  5]
np.random.permutation(males)[0:n_mar]
[13  5  0  9  6 21]
np.random.permutation(males)[0:n_mar]
[ 4 12  0  9  8  5]
np.random.permutation(males)[0:n_mar]
[ 7 15  1 22 10 17]
np.random.permutation(males)[0:n_mar]
[ 6  5 18 14 23 19]
np.random.permutation(males)[0:n_mar]
[ 2  4 11 16 15  0]
np.random.permutation(males)[0:n_mar]
[20  3  0 23  7 16]
np.random.permutation(males)[0:n_mar]
[ 9 12  5  2  4  8]
np.random.permutation(males)[0:n_mar]
[13  3 19 16  8 22]
np.random.permutation(males)[0:n_mar]
[12 11 21  5 10  1]
np.random.permutation(males)[0:n_mar]
[18 21  4  2 11  9]
np.random.permutation(males)[0:n_mar]
[ 0 17 11  6  4  2]
np.random.permutation(males)[0:n_mar]
[ 9 19  3 10  5 21]
np.random.permutation(males)[0:n_mar]
[18 12  7 19 13  5]
np.random.permutation(males)[0:n_mar]
[ 9 15 11  4 18 14]
np.random.permutation(males)[0:n_mar]
[20 14  8 16 19  1]
np.random.permutation(males)[0:n_mar]
[10 14  9 16 23 12]
np.random.permutation(males)[0:n_mar]
[14 12  5 21 23 20]
np.random.permutation(males)[0:n_mar]
[17 15 21  5  1  2]
np.random.permutation(males)[0:n_mar]
[ 9  0 19  4 22 16]
np.random.permutation(males)[0:n_mar]
[ 5 18 17  0 19  1]
np.random.permutation(males)[0:n_mar]
[ 5  1  8 12 14 18]
np.random.permutation(males)[0:n_mar]
[ 2 10  1 17  0 18]
np.random.permutation(males)[0:n_mar]
[20 23  2  0 19  5]
np.random.permutation(males)[0:n_mar]
[14  4 11 12  3 16]
np.random.permutation(males)[0:n_mar]
[20  1 15 10  2  8]
np.random.permutation(males)[0:n_mar]
[ 7 10 13 11 16 21]
np.random.permutation(males)[0:n_mar]
[16 19  9 10  6  3]
np.random.permutation(males)[0:n_mar]
[ 7 20  8 16 21 10]
np.random.permutation(males)[0:n_mar]
[11  2 21 19  1 13]
np.random.permutation(males)[0:n_mar]
[ 9 10  5 11  0 22]
np.random.permutation(males)[0:n_mar]
[ 3 20 11  7 18 15]
np.random.permutation(males)[0:n_mar]
[ 8 21 14 16  9 17]
np.random.permutation(males)[0:n_mar]
[21  8 17 16  1 18]
np.random.permutation(males)[0:n_mar]
[ 1  2  6  4 15 14]
np.random.permutation(males)[0:n_mar]
[14 18  5  9 13 16]
np.random.permutation(males)[0:n_mar]
[17 18 14  2  0  5]
np.random.permutation(males)[0:n_mar]
[ 8  5 12 22 14  0]
np.random.permutation(males)[0:n_mar]
[17 13 10  4 21  2]
np.random.permutation(males)[0:n_mar]
[ 6  8 15 21  3 19]
np.random.permutation(males)[0:n_mar]
[20  0 14  5 10  9]
np.random.permutation(males)[0:n_mar]
[19  7 13 11 20 12]
np.random.permutation(males)[0:n_mar]
[ 4  3 20 13 17 22]
np.random.permutation(males)[0:n_mar]
[22 10  0  1 12  6]
np.random.permutation(males)[0:n_mar]
[ 4 15  8 19 20  3]
np.random.permutation(males)[0:n_mar]
[ 4 20 17 18 21  5]
np.random.permutation(males)[0:n_mar]
[22  0  7 15  4 10]
np.random.permutation(males)[0:n_mar]
[ 5  4 12 23 14  9]
np.random.permutation(males)[0:n_mar]
[17  7  3 16 13  2]
np.random.permutation(males)[0:n_mar]
[21  1 22  3  7 13]
np.random.permutation(males)[0:n_mar]
[14  3 13  1  7  0]
np.random.permutation(males)[0:n_mar]
[18 16 12 13 23 10]
np.random.permutation(males)[0:n_mar]
[12  5 22  2  1  8]
np.random.permutation(males)[0:n_mar]
[14 23 10  4 19  3]
np.random.permutation(males)[0:n_mar]
[22 10 20 21 23 11]
np.random.permutation(males)[0:n_mar]
[20 13 10  9  3  8]
np.random.permutation(males)[0:n_mar]
[19  1  4  9 22  8]
np.random.permutation(males)[0:n_mar]
[ 3 20  5  2 11  7]
np.random.permutation(males)[0:n_mar]
[19  3 17 21  9  0]
np.random.permutation(males)[0:n_mar]
[ 8 12 13 22  2  4]
np.random.permutation(males)[0:n_mar]
[ 7  9 11  0  8  5]
np.random.permutation(males)[0:n_mar]
[ 9 13 15 21  4 22]
np.random.permutation(males)[0:n_mar]
[20 15 21 18  1  4]
np.random.permutation(males)[0:n_mar]
[13 12  0  6  5 21]
np.random.permutation(males)[0:n_mar]
[ 2  4 18  5 13  7]
np.random.permutation(males)[0:n_mar]
[19 16  6 11 12 22]
np.random.permutation(males)[0:n_mar]
[22 11  1 13 20  2]
np.random.permutation(males)[0:n_mar]
[15 11 19  0 12 13]
np.random.permutation(males)[0:n_mar]
[16  2 15 12 19 23]
np.random.permutation(males)[0:n_mar]
[ 4  2 11 12 15  8]
np.random.permutation(males)[0:n_mar]
[10 16 21  3  7  5]
np.random.permutation(males)[0:n_mar]
[15 13  5 23  7 22]
np.random.permutation(males)[0:n_mar]
[ 9  8 19  0  3 18]
np.random.permutation(males)[0:n_mar]
[16  2  7 15 22 21]
np.random.permutation(males)[0:n_mar]
[21 22 20 13  7  0]
np.random.permutation(males)[0:n_mar]
[ 6 10 19  0  7 13]
np.random.permutation(males)[0:n_mar]
[20  3 23 11 13  1]
np.random.permutation(males)[0:n_mar]
[12 16 20 15 18  5]
np.random.permutation(males)[0:n_mar]
[21 10  1  0 11 20]
np.random.permutation(males)[0:n_mar]
[ 3  6 18  7  5 19]
np.random.permutation(males)[0:n_mar]
[15 11  6 17 12  0]
np.random.permutation(males)[0:n_mar]
[17 11 20  0  1  5]
np.random.permutation(males)[0:n_mar]
[ 5  9  6 19 20 17]
np.random.permutation(males)[0:n_mar]
[ 1  2 16 19  9  4]
np.random.permutation(males)[0:n_mar]
[ 0  9 10 15 23 14]
np.random.permutation(males)[0:n_mar]
[ 3 16 22 10 20 23]
np.random.permutation(males)[0:n_mar]
[ 1 17  2  6 19  0]
np.random.permutation(males)[0:n_mar]
[ 0  1 11 10  9 13]
np.random.permutation(males)[0:n_mar]
[14 20 18  5 12  0]
np.random.permutation(males)[0:n_mar]
[13  2  4 22 20  3]
np.random.permutation(males)[0:n_mar]
[10  0  2 14  5  8]
np.random.permutation(males)[0:n_mar]
[17  9 16  0  3 18]
np.random.permutation(males)[0:n_mar]
[14  2 20 12  6  8]
np.random.permutation(males)[0:n_mar]
[ 3  5 14 17  1 15]
np.random.permutation(males)[0:n_mar]
[ 5 13  6  7 11 14]
np.random.permutation(males)[0:n_mar]
[23  6  7 18 14  0]
np.random.permutation(males)[0:n_mar]
[ 7  4  5 15  8 20]
np.random.permutation(males)[0:n_mar]
[19 11 13 21  3  4]
np.random.permutation(males)[0:n_mar]
[18 15 17 20  0  3]
np.random.permutation(males)[0:n_mar]
[ 7 10 14 23 22 20]
np.random.permutation(males)[0:n_mar]
[21 10 19  3 16 15]
np.random.permutation(males)[0:n_mar]
[10 12 16  5 20 18]
np.random.permutation(males)[0:n_mar]
[ 0  1 12  5  8 20]
np.random.permutation(males)[0:n_mar]
[ 2  4  9  7 16  0]
np.random.permutation(males)[0:n_mar]
[21  3  5 16 23 22]
np.random.permutation(males)[0:n_mar]
[ 1  4  5 18 22  6]
np.random.permutation(males)[0:n_mar]
[ 4  1 12 16  6 21]
np.random.permutation(males)[0:n_mar]
[14  7  4 16 18 15]
np.random.permutation(males)[0:n_mar]
[23  1  4  2  6 16]
np.random.permutation(males)[0:n_mar]
[23 12 22 13 18  1]
np.random.permutation(males)[0:n_mar]
[16  5 10  6  9 22]
np.random.permutation(males)[0:n_mar]
[ 2 10  4  0 15 14]
np.random.permutation(males)[0:n_mar]
[19  1  8 13 11 20]
np.random.permutation(males)[0:n_mar]
[ 2  6 20 11  3 22]
np.random.permutation(males)[0:n_mar]
[ 0 11 18 13  2 17]
np.random.permutation(males)[0:n_mar]
[ 5 18 13 14 16 12]
np.random.permutation(males)[0:n_mar]
[11 22 17 21  1  4]
np.random.permutation(males)[0:n_mar]
[19 23 10  3  8 17]
np.random.permutation(males)[0:n_mar]
[ 2 14 21  8  7  6]
np.random.permutation(males)[0:n_mar]
[ 5 11  4 10 23 17]
np.random.permutation(males)[0:n_mar]
[ 2 23 13 11  4 20]
np.random.permutation(males)[0:n_mar]
[11  9 12 19 18 15]
np.random.permutation(males)[0:n_mar]
[ 0  5 13 16  9 23]
np.random.permutation(males)[0:n_mar]
[17  2 12 11  9  7]
np.random.permutation(males)[0:n_mar]
[ 0 17 18  2  8 23]
np.random.permutation(males)[0:n_mar]
[ 9 16 17 21  5 11]
np.random.permutation(males)[0:n_mar]
[ 9 14 10 19 15 21]
np.random.permutation(males)[0:n_mar]
[16 12 10 17 14 11]
np.random.permutation(males)[0:n_mar]
[21 15  9  4 10 18]
np.random.permutation(males)[0:n_mar]
[ 1 22  2 14  5  3]
np.random.permutation(males)[0:n_mar]
[ 3  2  4 11  8 15]
np.random.permutation(males)[0:n_mar]
[ 7  9 16 17 19  5]
np.random.permutation(males)[0:n_mar]
[ 4 12 21 11 23 10]
np.random.permutation(males)[0:n_mar]
[ 8  2  5  9  6 19]
np.random.permutation(males)[0:n_mar]
[ 7  2 19  6 15 17]
np.random.permutation(males)[0:n_mar]
[15 18  1 16 20  6]
np.random.permutation(males)[0:n_mar]
[ 5  9 17 23  2 20]
np.random.permutation(males)[0:n_mar]
[17  1 19 15  6 23]
np.random.permutation(males)[0:n_mar]
[19 16 10 17  0 20]
np.random.permutation(males)[0:n_mar]
[20 23 10 18  5 17]
np.random.permutation(males)[0:n_mar]
[ 6  2 13 17  8 23]
np.random.permutation(males)[0:n_mar]
[ 6 19  2  7 11 22]
np.random.permutation(males)[0:n_mar]
[10 17  9  5 22 11]
np.random.permutation(males)[0:n_mar]
[ 1 19 10 14 11 20]
np.random.permutation(males)[0:n_mar]
[ 8 17  2 23 11 16]
np.random.permutation(males)[0:n_mar]
[ 3 19  2  5 16 22]
np.random.permutation(males)[0:n_mar]
[ 5 13 16 11  0  3]
np.random.permutation(males)[0:n_mar]
[ 5  2  9 13 11 12]
np.random.permutation(males)[0:n_mar]
[20  2 16  0  9 12]
np.random.permutation(males)[0:n_mar]
[ 7 15  3  1  2 11]
np.random.permutation(males)[0:n_mar]
[ 8  9 20 23 18 21]
np.random.permutation(males)[0:n_mar]
[ 2 20 14  9 15 19]
np.random.permutation(males)[0:n_mar]
[17 15 19  8  5 23]
np.random.permutation(males)[0:n_mar]
[ 3 13  6  4  2 15]
np.random.permutation(males)[0:n_mar]
[ 9 10 22 16  0 18]
np.random.permutation(males)[0:n_mar]
[ 1 18  9 23 13 20]
np.random.permutation(males)[0:n_mar]
[13 21 15 23  0 10]
np.random.permutation(males)[0:n_mar]
[ 1  4  7 18 20 12]
np.random.permutation(males)[0:n_mar]
[18 15 23 12 10  0]
np.random.permutation(males)[0:n_mar]
[18  0 12  6 13  9]
np.random.permutation(males)[0:n_mar]
[12  7 14  1  0 16]
np.random.permutation(males)[0:n_mar]
[23 12  5  2  7 21]
np.random.permutation(males)[0:n_mar]
[19  8 21 12  0  6]
np.random.permutation(males)[0:n_mar]
[17 15  2  9 23 10]
np.random.permutation(males)[0:n_mar]
[13 14  9  8 21 18]
np.random.permutation(males)[0:n_mar]
[ 5 17 18  2  0 13]
np.random.permutation(males)[0:n_mar]
[16  2 15 14  1  5]
np.random.permutation(males)[0:n_mar]
[13 15 11  4 14 19]
np.random.permutation(males)[0:n_mar]
[13  7 22  1  4  6]
np.random.permutation(males)[0:n_mar]
[19 20  9 23  2  4]
np.random.permutation(males)[0:n_mar]
[ 0  8  6 14 15  9]
np.random.permutation(males)[0:n_mar]
[10  2 12 22  1 13]
np.random.permutation(males)[0:n_mar]
[ 2 17  7 22 15 20]
np.random.permutation(males)[0:n_mar]
[ 0  5 19  1  7  4]
np.random.permutation(males)[0:n_mar]
[19 15 16 13 22  0]
np.random.permutation(males)[0:n_mar]
[22  1 20 14  5 23]
np.random.permutation(males)[0:n_mar]
[14  6 22  3  9  2]
np.random.permutation(males)[0:n_mar]
[22  2 18  6  7  8]
np.random.permutation(males)[0:n_mar]
[11  3 19 23  1 21]
np.random.permutation(males)[0:n_mar]
[ 2  9  7 17 11 22]
np.random.permutation(males)[0:n_mar]
[15 11 13  0  1  5]
np.random.permutation(males)[0:n_mar]
[ 9 23 16 13 10  0]
np.random.permutation(males)[0:n_mar]
[ 5 22  0  1  3 21]
np.random.permutation(males)[0:n_mar]
[ 9 14 20 17 19  2]
np.random.permutation(males)[0:n_mar]
[ 0 20  9  5 21 19]
np.random.permutation(males)[0:n_mar]
[17  5  2  7  0 13]
np.random.permutation(males)[0:n_mar]
[12 15 20 11 17 21]
np.random.permutation(males)[0:n_mar]
[13 10  1  5 11 19]
np.random.permutation(males)[0:n_mar]
[18  6 15  7 23  1]
np.random.permutation(males)[0:n_mar]
[ 6  9 17  7  3 14]
np.random.permutation(males)[0:n_mar]
[16  3 13 12  1  7]
np.random.permutation(males)[0:n_mar]
[ 7 14  2  9 21 18]
np.random.permutation(males)[0:n_mar]
[ 9 23  7  4 22  8]
np.random.permutation(males)[0:n_mar]
[21 14 22  4  8 11]
np.random.permutation(males)[0:n_mar]
[ 0  4 16 20  2 23]
np.random.permutation(males)[0:n_mar]
[ 6 16 21 14  9  3]
np.random.permutation(males)[0:n_mar]
[ 1 22  5  4 10  3]
np.random.permutation(males)[0:n_mar]
[ 9  0 20 10 15 22]
np.random.permutation(males)[0:n_mar]
[15 11 22 13 10 21]
np.random.permutation(males)[0:n_mar]
[10  6  3 16 19  2]
np.random.permutation(males)[0:n_mar]
[14  1 13 15 19  9]
np.random.permutation(males)[0:n_mar]
[10  8  4  7 16 19]
np.random.permutation(males)[0:n_mar]
[15 17 20 22 14 12]
np.random.permutation(males)[0:n_mar]
[12  1  4  3  8  0]
np.random.permutation(males)[0:n_mar]
[19  4 20 11 22  2]
np.random.permutation(males)[0:n_mar]
[ 8 18  6  0 13  7]
np.random.permutation(males)[0:n_mar]
[ 0  2  8 20  4  6]
np.random.permutation(males)[0:n_mar]
[ 7 15 18 22 23 11]
np.random.permutation(males)[0:n_mar]
[13 22 15  0  9 11]
np.random.permutation(males)[0:n_mar]
[21  0 11  3  2 18]
np.random.permutation(males)[0:n_mar]
[ 8  3 21 10 11  1]
np.random.permutation(males)[0:n_mar]
[ 9 23 19  1 16  7]
np.random.permutation(males)[0:n_mar]
[10 19 11  5 16 22]
np.random.permutation(males)[0:n_mar]
[17  1  8 10 18  9]
np.random.permutation(males)[0:n_mar]
[ 0 23 19  6 21  7]
np.random.permutation(males)[0:n_mar]
[22 17  1  7 20 11]
np.random.permutation(males)[0:n_mar]
[16  7 13 10 14  0]
np.random.permutation(males)[0:n_mar]
[23 13  3  7 10  1]
np.random.permutation(males)[0:n_mar]
[ 5 12  8  3  4 19]
np.random.permutation(males)[0:n_mar]
[ 5  1 20 18  2  6]
np.random.permutation(males)[0:n_mar]
[10  1 19  6 13  2]
np.random.permutation(males)[0:n_mar]
[11  8 18 12 20  4]
np.random.permutation(males)[0:n_mar]
[ 9  7  6  0 11 14]
np.random.permutation(males)[0:n_mar]
[12  2  5 16  4  3]
np.random.permutation(males)[0:n_mar]
[18 22  7 16 14  3]
np.random.permutation(males)[0:n_mar]
[ 1 12  2 23 20  6]
np.random.permutation(males)[0:n_mar]
[ 7 23  3  4  5  9]
np.random.permutation(males)[0:n_mar]
[ 6 21  9  0 11 23]
np.random.permutation(males)[0:n_mar]
[ 6 20 13 18 22  7]
np.random.permutation(males)[0:n_mar]
[ 3 10  1 12  8 11]
np.random.permutation(males)[0:n_mar]
[12  3  8 11 10 15]
np.random.permutation(males)[0:n_mar]
[ 5 22 19 20  4 10]
np.random.permutation(males)[0:n_mar]
[ 3  0  5 19 22 11]
np.random.permutation(males)[0:n_mar]
[ 1  0 16 20 10  7]
np.random.permutation(males)[0:n_mar]
[19  3 14 11  2 10]
np.random.permutation(males)[0:n_mar]
[23  7 12 13 15  1]
np.random.permutation(males)[0:n_mar]
[11  7 14 19  3  4]
np.random.permutation(males)[0:n_mar]
[10 13 14 21  4 16]
np.random.permutation(males)[0:n_mar]
[13  6 11  7  9  4]
np.random.permutation(males)[0:n_mar]
[23 15  3 22  9  7]
np.random.permutation(males)[0:n_mar]
[ 4 11 20 13  8  5]
np.random.permutation(males)[0:n_mar]
[18  9 19 12 21  8]
np.random.permutation(males)[0:n_mar]
[11  9 21  4 23  0]
np.random.permutation(males)[0:n_mar]
[15  5 18 10 21 12]
np.random.permutation(males)[0:n_mar]
[20  3  7 12 22 16]
np.random.permutation(males)[0:n_mar]
[22  9 14 12 19  0]
np.random.permutation(males)[0:n_mar]
[ 2  5 14  7  8  3]
np.random.permutation(males)[0:n_mar]
[ 1  0  9 22  7 18]
np.random.permutation(males)[0:n_mar]
[ 4  0  7 15 10  1]
np.random.permutation(males)[0:n_mar]
[18  1 14  2 17  4]
np.random.permutation(males)[0:n_mar]
[12  5 21  1 17  0]
np.random.permutation(males)[0:n_mar]
[18  4  8 15 23  6]
np.random.permutation(males)[0:n_mar]
[20  1 15 17  5 22]
np.random.permutation(males)[0:n_mar]
[16  0  1 14  4 21]
np.random.permutation(males)[0:n_mar]
[17 23 18 21 10 16]
np.random.permutation(males)[0:n_mar]
[ 5  0  6  1 21  3]
np.random.permutation(males)[0:n_mar]
[18  7 10  4 17 14]
np.random.permutation(males)[0:n_mar]
[10  5 21 23 19 13]
np.random.permutation(males)[0:n_mar]
[11 21  7  2 20 10]
np.random.permutation(males)[0:n_mar]
[10 21 11  5  2 16]
np.random.permutation(males)[0:n_mar]
[23 13  0  5 14 15]
np.random.permutation(males)[0:n_mar]
[11  6  5  8 19  1]
np.random.permutation(males)[0:n_mar]
[10  5 17 20 16  6]
np.random.permutation(males)[0:n_mar]
[ 4  8 15 12 18  2]
np.random.permutation(males)[0:n_mar]
[17  1 13 12 19  3]
np.random.permutation(males)[0:n_mar]
[ 3  6 18 12 20 17]
np.random.permutation(males)[0:n_mar]
[ 7 16  0 22 14  2]
np.random.permutation(males)[0:n_mar]
[21  4 22  5  6 10]
np.random.permutation(males)[0:n_mar]
[ 2 19  3 13  4 14]
np.random.permutation(males)[0:n_mar]
[ 9  7 10  6 15 16]
np.random.permutation(males)[0:n_mar]
[ 1 20 11  6 16 15]
np.random.permutation(males)[0:n_mar]
[ 3 18 15  4  2 23]
np.random.permutation(males)[0:n_mar]
[ 4 18  7  1  5 17]
np.random.permutation(males)[0:n_mar]
[17 21  5 11 12 13]
np.random.permutation(males)[0:n_mar]
[16 19  7  4 11 21]
np.random.permutation(males)[0:n_mar]
[19 18 16  3  9  8]
np.random.permutation(males)[0:n_mar]
[22  6 17  9  3 21]
np.random.permutation(males)[0:n_mar]
[19 15 12 20  8 17]
np.random.permutation(males)[0:n_mar]
[ 5 14 10 11 21  8]
np.random.permutation(males)[0:n_mar]
[ 9 23  4 22 12  1]
np.random.permutation(males)[0:n_mar]
[ 0 15 14 18 16  3]
np.random.permutation(males)[0:n_mar]
[22  7 10  0 19  4]
np.random.permutation(males)[0:n_mar]
[ 5  7 13  2  6 18]
np.random.permutation(males)[0:n_mar]
[14  0  7  3 12 20]
np.random.permutation(males)[0:n_mar]
[16  2 12  3 19 18]
np.random.permutation(males)[0:n_mar]
[16  8  4  5 23 20]
np.random.permutation(males)[0:n_mar]
[ 4  8 16  2  1 15]
np.random.permutation(males)[0:n_mar]
[15  1 16 21 20  0]
np.random.permutation(males)[0:n_mar]
[ 5 14 17 22 21  9]
np.random.permutation(males)[0:n_mar]
[ 6  8 13 23 22 17]
np.random.permutation(males)[0:n_mar]
[11 15 19  5  3 10]
np.random.permutation(males)[0:n_mar]
[14  4  7 22  3 23]
np.random.permutation(males)[0:n_mar]
[16 18 17 20 23  7]
np.random.permutation(males)[0:n_mar]
[10  9  8  5 12 21]
np.random.permutation(males)[0:n_mar]
[ 9  1 23 20 10 12]
np.random.permutation(males)[0:n_mar]
[23  6 12  3 19 15]
np.random.permutation(males)[0:n_mar]
[11  9  2 18 22  7]
np.random.permutation(males)[0:n_mar]
[ 4  9 23 20  7 16]
np.random.permutation(males)[0:n_mar]
[17  5  7 21  3 15]
np.random.permutation(males)[0:n_mar]
[ 5 13 10 21 12  8]
np.random.permutation(males)[0:n_mar]
[17 20  3  2 21  7]
np.random.permutation(males)[0:n_mar]
[15  4 12 22  0 19]
np.random.permutation(males)[0:n_mar]
[ 7 11 21  3 19 15]
np.random.permutation(males)[0:n_mar]
[ 6  7  8 17  1  9]
np.random.permutation(males)[0:n_mar]
[19  1  8 11  7  5]
np.random.permutation(males)[0:n_mar]
[ 7 16  5 23 20 11]
np.random.permutation(males)[0:n_mar]
[ 2  1 17  5 21 16]
np.random.permutation(males)[0:n_mar]
[ 2 17 18  1 20 14]
np.random.permutation(males)[0:n_mar]
[ 5 23 12  2 22 11]
np.random.permutation(males)[0:n_mar]
[12  2  3 14 11  5]
np.random.permutation(males)[0:n_mar]
[16 18  8 12  1  7]
np.random.permutation(males)[0:n_mar]
[22  8  2  0 17 13]
np.random.permutation(males)[0:n_mar]
[18 12  5  7 15  3]
np.random.permutation(males)[0:n_mar]
[ 6 18 10  4 20  8]
np.random.permutation(males)[0:n_mar]
[ 9 15 11 18  5 21]
np.random.permutation(males)[0:n_mar]
[ 8 10 16  7  1  9]
np.random.permutation(males)[0:n_mar]
[17  6  5 16  4  7]
np.random.permutation(males)[0:n_mar]
[19  2 11  9  3 17]
np.random.permutation(males)[0:n_mar]
[ 0 22 23 10 17 14]
np.random.permutation(males)[0:n_mar]
[ 9 21 11 14 19  1]
np.random.permutation(males)[0:n_mar]
[11  2  1 18  8  6]
np.random.permutation(males)[0:n_mar]
[ 3 12 19  9 23  2]
np.random.permutation(males)[0:n_mar]
[ 3  8 14  4 13  5]
np.random.permutation(males)[0:n_mar]
[ 8  1 18  2 15  4]
np.random.permutation(males)[0:n_mar]
[14 11  4 10 22 18]
np.random.permutation(males)[0:n_mar]
[22 21 16 12  0  8]
np.random.permutation(males)[0:n_mar]
[23  6  1 22  3 14]
np.random.permutation(males)[0:n_mar]
[20  1 12 21 10  4]
np.random.permutation(males)[0:n_mar]
[12  3 14  1  6  9]
np.random.permutation(males)[0:n_mar]
[11 23 22 17  3  7]
np.random.permutation(males)[0:n_mar]
[11 10 19  5  4  9]
np.random.permutation(males)[0:n_mar]
[10 18  3  9  8 12]
np.random.permutation(males)[0:n_mar]
[21  3 14 15  2  1]
np.random.permutation(males)[0:n_mar]
[22  9  3  5 19 10]
np.random.permutation(males)[0:n_mar]
[ 1 21 10  9  7 20]
np.random.permutation(males)[0:n_mar]
[ 1 10  3 20  4  2]
np.random.permutation(males)[0:n_mar]
[10 11  3  0 22  6]
np.random.permutation(males)[0:n_mar]
[11  2  9 19  1 22]
np.random.permutation(males)[0:n_mar]
[13  5  3  7  2 14]
np.random.permutation(males)[0:n_mar]
[10  0  8 21  2 11]
np.random.permutation(males)[0:n_mar]
[15 23  7  1 14 21]
np.random.permutation(males)[0:n_mar]
[19 15  2  5 16  8]
np.random.permutation(males)[0:n_mar]
[23 11  9  2  8 15]
np.random.permutation(males)[0:n_mar]
[16  9  4 15  7 10]
np.random.permutation(males)[0:n_mar]
[ 1  5 13  4 17 22]
np.random.permutation(males)[0:n_mar]
[21 14  5 11 18 20]
np.random.permutation(males)[0:n_mar]
[ 1 23  9 19 22  5]
np.random.permutation(males)[0:n_mar]
[13 11  0  1 17  2]
np.random.permutation(males)[0:n_mar]
[15  6 19 14  4  5]
np.random.permutation(males)[0:n_mar]
[13  9 10 18 11 19]
np.random.permutation(males)[0:n_mar]
[15 20  2 14  7 23]
np.random.permutation(males)[0:n_mar]
[13  0  1  8 16  7]
np.random.permutation(males)[0:n_mar]
[ 8  5  3 14 20  4]
np.random.permutation(males)[0:n_mar]
[19  0 13  5  8 21]
np.random.permutation(males)[0:n_mar]
[ 1  8  4 18 12  0]
np.random.permutation(males)[0:n_mar]
[ 5  1 10 16 11 12]
np.random.permutation(males)[0:n_mar]
[11 10 16  1 22 13]
np.random.permutation(males)[0:n_mar]
[ 3 20 10  8 18 23]
np.random.permutation(males)[0:n_mar]
[ 1  4 21 18 14  9]
np.random.permutation(males)[0:n_mar]
[ 5 13  2  9 12 11]
np.random.permutation(males)[0:n_mar]
[18  0 23 17 14 22]
np.random.permutation(males)[0:n_mar]
[11 13 14 20  4 12]
np.random.permutation(males)[0:n_mar]
[16  5 17 21  6  2]
np.random.permutation(males)[0:n_mar]
[ 6 21 17 22 14 20]
np.random.permutation(males)[0:n_mar]
[ 3 10  5 15 19 16]
np.random.permutation(males)[0:n_mar]
[ 6 20 15 13 23 14]
np.random.permutation(males)[0:n_mar]
[ 8 12  5 19 22 23]
np.random.permutation(males)[0:n_mar]
[ 9 18  2 23  6 17]
np.random.permutation(males)[0:n_mar]
[16  9 17 19  7 13]
np.random.permutation(males)[0:n_mar]
[20  1  9  2 19  5]
np.random.permutation(males)[0:n_mar]
[17  7  2  8 15 19]
np.random.permutation(males)[0:n_mar]
[15 14 22  9 10  0]
np.random.permutation(males)[0:n_mar]
[13  9  3  2 17  6]
np.random.permutation(males)[0:n_mar]
[18 13 16 23  0 12]
np.random.permutation(males)[0:n_mar]
[ 5 13 10 15 18 17]
np.random.permutation(males)[0:n_mar]
[ 2  7  8  3 12  4]
np.random.permutation(males)[0:n_mar]
[ 6  4 16 20 19  1]
np.random.permutation(males)[0:n_mar]
[ 2  4  1  9 23 17]
np.random.permutation(males)[0:n_mar]
[ 5 21  0 17 11  3]
np.random.permutation(males)[0:n_mar]
[ 9  3  6 19 11  0]
np.random.permutation(males)[0:n_mar]
[22 19 12 13 10 21]
np.random.permutation(males)[0:n_mar]
[ 0 22  3  8 11 21]
np.random.permutation(males)[0:n_mar]
[11  4 17  3  1 22]
np.random.permutation(males)[0:n_mar]
[12  0 13 19 16 17]
np.random.permutation(males)[0:n_mar]
[ 2  1  6 17 11 10]
np.random.permutation(males)[0:n_mar]
[ 6  3 15  2 12 21]
np.random.permutation(males)[0:n_mar]
[14 12 17  3  9 15]
np.random.permutation(males)[0:n_mar]
[ 4 18 11 22  6 15]
np.random.permutation(males)[0:n_mar]
[ 5  4 16 19  1 23]
np.random.permutation(males)[0:n_mar]
[11 12 21  9 20 18]
np.random.permutation(males)[0:n_mar]
[21 23 10 20  8  6]
np.random.permutation(males)[0:n_mar]
[17 20 13 16  4  9]
np.random.permutation(males)[0:n_mar]
[23  1  5 12 13  7]
np.random.permutation(males)[0:n_mar]
[22 23 17 19  2 21]
np.random.permutation(males)[0:n_mar]
[14  1 13 21  5 10]
np.random.permutation(males)[0:n_mar]
[11 16  9  8 14  2]
np.random.permutation(males)[0:n_mar]
[ 2  3 17 14  0 18]
np.random.permutation(males)[0:n_mar]
[21 20 23 19 13  3]
np.random.permutation(males)[0:n_mar]
[10 17  1 21 23  8]
np.random.permutation(males)[0:n_mar]
[20 19  5 21  2 13]
np.random.permutation(males)[0:n_mar]
[ 5  8 22  2 11  4]
np.random.permutation(males)[0:n_mar]
[ 6 14  5 15  8  9]
np.random.permutation(males)[0:n_mar]
[ 9 11 17  1 21 10]
np.random.permutation(males)[0:n_mar]
[17  6 22  5 20  9]
np.random.permutation(males)[0:n_mar]
[15 10  8 16 11 18]
np.random.permutation(males)[0:n_mar]
[13 16 10  1 22 19]
np.random.permutation(males)[0:n_mar]
[12  3 10  7 21  4]
np.random.permutation(males)[0:n_mar]
[15 16 19  7  8  2]
np.random.permutation(males)[0:n_mar]
[10  0 18  9  1  4]
np.random.permutation(males)[0:n_mar]
[13  4  6  8 14 23]
np.random.permutation(males)[0:n_mar]
[19  6  2 10 17 21]
np.random.permutation(males)[0:n_mar]
[20  1 11  5 15  9]
np.random.permutation(males)[0:n_mar]
[16 23  3  4 12  0]
np.random.permutation(males)[0:n_mar]
[10  6 22 12 11 15]
np.random.permutation(males)[0:n_mar]
[ 6  9 19 20 15 22]
np.random.permutation(males)[0:n_mar]
[22  1 15  4  7  6]
np.random.permutation(males)[0:n_mar]
[14 21 11  5  0 18]
np.random.permutation(males)[0:n_mar]
[ 8 14  5 20  7  4]
np.random.permutation(males)[0:n_mar]
[ 2  3  0  8 13 17]
np.random.permutation(males)[0:n_mar]
[19  7  2 22 20 21]
np.random.permutation(males)[0:n_mar]
[20  3 17  7 16 10]
np.random.permutation(males)[0:n_mar]
[ 6 14 19 23  9  3]
np.random.permutation(males)[0:n_mar]
[13 20 10 16 15  1]
np.random.permutation(males)[0:n_mar]
[20  0  9  5 18 19]
np.random.permutation(males)[0:n_mar]
[23 11  4  6 10 13]
np.random.permutation(males)[0:n_mar]
[11 10  6 15  2 12]
np.random.permutation(males)[0:n_mar]
[14 20 21  9 18  2]
np.random.permutation(males)[0:n_mar]
[ 8 19 13 22 15  9]
np.random.permutation(males)[0:n_mar]
[ 8  2 19  3  9 10]
np.random.permutation(males)[0:n_mar]
[18 17  7 15 13 14]
np.random.permutation(males)[0:n_mar]
[ 6 10  9  2  8 19]
np.random.permutation(males)[0:n_mar]
[ 5  1 11  4 20 16]
np.random.permutation(males)[0:n_mar]
[ 9  5 18  7  0 13]
np.random.permutation(males)[0:n_mar]
[21  1 17 16 19  7]
np.random.permutation(males)[0:n_mar]
[ 5 15 20 23 11  4]
np.random.permutation(males)[0:n_mar]
[ 2 19  1  7 12 13]
np.random.permutation(males)[0:n_mar]
[12 19 20  4  9 10]
np.random.permutation(males)[0:n_mar]
[23  1  4  2 20 12]
np.random.permutation(males)[0:n_mar]
[20 22 12  8 15 14]
np.random.permutation(males)[0:n_mar]
[11  8 20  0 17 15]
np.random.permutation(males)[0:n_mar]
[ 2  0  4 11 14 19]
np.random.permutation(males)[0:n_mar]
[20 14 10 17  2  5]
np.random.permutation(males)[0:n_mar]
[22  6 18 17  7  4]
np.random.permutation(males)[0:n_mar]
[ 4 12 22 18  9  1]
np.random.permutation(males)[0:n_mar]
[ 1 19 13 22 16 20]
np.random.permutation(males)[0:n_mar]
[ 3 22 17  8  1 23]
np.random.permutation(males)[0:n_mar]
[14 23 10  9 18 21]
np.random.permutation(males)[0:n_mar]
[16 10  4 19 13  5]
np.random.permutation(males)[0:n_mar]
[ 8 18 23 17 12  2]
np.random.permutation(males)[0:n_mar]
[ 5  8 15 22 11 12]
np.random.permutation(males)[0:n_mar]
[ 4  8  3  7  9 23]
np.random.permutation(males)[0:n_mar]
[17  2 19 14 11 22]
np.random.permutation(males)[0:n_mar]
[17  3 21 14  4 19]
np.random.permutation(males)[0:n_mar]
[ 0 14 13 11 19  4]
np.random.permutation(males)[0:n_mar]
[21 19  3 15  5 16]
np.random.permutation(males)[0:n_mar]
[22  0 20 14  8  6]
np.random.permutation(males)[0:n_mar]
[11 12 21  6 22  0]
np.random.permutation(males)[0:n_mar]
[ 4 10  1 18  3 14]
np.random.permutation(males)[0:n_mar]
[23 19 18  5  4 17]
np.random.permutation(males)[0:n_mar]
[ 9 23  4 17  0 13]
np.random.permutation(males)[0:n_mar]
[23 11 19 17 15 22]
np.random.permutation(males)[0:n_mar]
[ 2 17 22 10 14 12]
np.random.permutation(males)[0:n_mar]
[ 7  1  8  3 11  9]
np.random.permutation(males)[0:n_mar]
[11  2  6 22  1 12]
np.random.permutation(males)[0:n_mar]
[17  3 15 13  1 16]
np.random.permutation(males)[0:n_mar]
[14  5 12  9  2 16]
np.random.permutation(males)[0:n_mar]
[ 7  9 13 21 10  6]
np.random.permutation(males)[0:n_mar]
[23  9  3  2 13 19]
np.random.permutation(males)[0:n_mar]
[ 1 23 13  4  5  7]
np.random.permutation(males)[0:n_mar]
[14 15 13  9  4 17]
np.random.permutation(males)[0:n_mar]
[17 21  2 12 15  7]
np.random.permutation(males)[0:n_mar]
[23  3 20 17 22  1]
np.random.permutation(males)[0:n_mar]
[20 22  1 23 19 15]
np.random.permutation(males)[0:n_mar]
[10 20  6 19 22  5]
np.random.permutation(males)[0:n_mar]
[18  9 17  7  4 10]
np.random.permutation(males)[0:n_mar]
[23  6 21 13  7 10]
np.random.permutation(males)[0:n_mar]
[ 2 21  1  4  0  7]
np.random.permutation(males)[0:n_mar]
[17  2  8  3 13 15]
np.random.permutation(males)[0:n_mar]
[15  5  1 23 19 22]
np.random.permutation(males)[0:n_mar]
[19 11 13 15  1 16]
np.random.permutation(males)[0:n_mar]
[ 9 10 16 15  1 21]
np.random.permutation(males)[0:n_mar]
[ 4 18  2  3 15  9]
np.random.permutation(males)[0:n_mar]
[ 0 18 23 19 21 14]
np.random.permutation(males)[0:n_mar]
[15  0 22 21  7 18]
np.random.permutation(males)[0:n_mar]
[ 6  8  1 15  7 10]
np.random.permutation(males)[0:n_mar]
[ 0 15  6 22 21  7]
np.random.permutation(males)[0:n_mar]
[ 5 20 14  2 12  8]
np.random.permutation(males)[0:n_mar]
[17 11 19 21  4 14]
np.random.permutation(males)[0:n_mar]
[15 17 11  2  6 19]
np.random.permutation(males)[0:n_mar]
[12 10  7 15 19 23]
np.random.permutation(males)[0:n_mar]
[ 8 14  5 11 19 22]
np.random.permutation(males)[0:n_mar]
[12 16 13  5 21 18]
np.random.permutation(males)[0:n_mar]
[21  6  4  9  8  5]
np.random.permutation(males)[0:n_mar]
[ 9  4  6 11  1  2]
np.random.permutation(males)[0:n_mar]
[ 7  0  9  1 16 21]
np.random.permutation(males)[0:n_mar]
[ 7  2 11  0 21 18]
np.random.permutation(males)[0:n_mar]
[14 22  7  8  4 16]
np.random.permutation(males)[0:n_mar]
[ 3 21 22 20 12 19]
np.random.permutation(males)[0:n_mar]
[ 4  5  6 14 22 21]
np.random.permutation(males)[0:n_mar]
[23 14 16 10 21  1]
np.random.permutation(males)[0:n_mar]
[17 11  0  8 20  9]
np.random.permutation(males)[0:n_mar]
[15  4 21 22  9 11]
np.random.permutation(males)[0:n_mar]
[ 6 19 22  0 14 15]
np.random.permutation(males)[0:n_mar]
[ 5 15 19 10 16  2]
np.random.permutation(males)[0:n_mar]
[15 21  0  6 17 10]
np.random.permutation(males)[0:n_mar]
[ 0 22  3  6 10 13]
np.random.permutation(males)[0:n_mar]
[ 1  3  8 18  5  9]
np.random.permutation(males)[0:n_mar]
[ 2 19 16 10 15  5]
np.random.permutation(males)[0:n_mar]
[ 2  3 23  9 22  7]
np.random.permutation(males)[0:n_mar]
[ 2 12 17 15 14  6]
np.random.permutation(males)[0:n_mar]
[15 22 17  3  5 16]
np.random.permutation(males)[0:n_mar]
[23  1  7 19  5 21]
np.random.permutation(males)[0:n_mar]
[22  2 12 17 20  5]
np.random.permutation(males)[0:n_mar]
[19 16  1  8  2  0]
np.random.permutation(males)[0:n_mar]
[12  3 16 10 23 11]
np.random.permutation(males)[0:n_mar]
[22 14 10  6 18 11]
np.random.permutation(males)[0:n_mar]
[ 6 23 22 14 16  1]
np.random.permutation(males)[0:n_mar]
[10 12  9 15 19  2]
np.random.permutation(males)[0:n_mar]
[17 20 23 11 19 10]
np.random.permutation(males)[0:n_mar]
[ 8  1 16 21  6 14]
np.random.permutation(males)[0:n_mar]
[ 8  6 14 19 20  4]
np.random.permutation(males)[0:n_mar]
[19  9 23 18 14  3]
np.random.permutation(males)[0:n_mar]
[ 1 19 12  9  2  6]
np.random.permutation(males)[0:n_mar]
[21  4  9 20 19  1]
np.random.permutation(males)[0:n_mar]
[ 2  7 17 21  6 20]
np.random.permutation(males)[0:n_mar]
[14  0  8 15  6 22]
np.random.permutation(males)[0:n_mar]
[ 9  1 18 17 16  0]
np.random.permutation(males)[0:n_mar]
[ 6 17 16  5  8 23]
np.random.permutation(males)[0:n_mar]
[17  0  4 18 23  8]
np.random.permutation(males)[0:n_mar]
[ 0 23  2 20 12  8]
np.random.permutation(males)[0:n_mar]
[12 11 22 13  4  1]
np.random.permutation(males)[0:n_mar]
[10  4  5 16 21 15]
np.random.permutation(males)[0:n_mar]
[22 18  7  2 17  3]
np.random.permutation(males)[0:n_mar]
[17 19  7 16  1 21]
np.random.permutation(males)[0:n_mar]
[ 8 22 21  3  6 23]
np.random.permutation(males)[0:n_mar]
[ 3 21 16  9 20 19]
np.random.permutation(males)[0:n_mar]
[ 8 15 21 16  9 22]
np.random.permutation(males)[0:n_mar]
[19  9  1 23  5 21]
np.random.permutation(males)[0:n_mar]
[ 7 20 11  8 14 17]
np.random.permutation(males)[0:n_mar]
[ 2 23  3  9 17  4]
np.random.permutation(males)[0:n_mar]
[14 13 15 10 16  7]
np.random.permutation(males)[0:n_mar]
[ 3  4 10  6 12  9]
np.random.permutation(males)[0:n_mar]
[22 23 14  1 15  6]
np.random.permutation(males)[0:n_mar]
[18  8  6 20  7  5]
np.random.permutation(males)[0:n_mar]
[11 18 21  2 22  7]
np.random.permutation(males)[0:n_mar]
[ 2 12 11 17 18  5]
np.random.permutation(males)[0:n_mar]
[ 1  0  9 12  2 11]
np.random.permutation(males)[0:n_mar]
[12 13  8 19  4 10]
np.random.permutation(males)[0:n_mar]
[15 10 13 14 23  7]
np.random.permutation(males)[0:n_mar]
[10 15  8 12  0 16]
np.random.permutation(males)[0:n_mar]
[ 9 11 15 19 23 13]
np.random.permutation(males)[0:n_mar]
[18 15 13  1 16  2]
np.random.permutation(males)[0:n_mar]
[18 13  8 17  2 21]
np.random.permutation(males)[0:n_mar]
[16 18  8  4  0  3]
np.random.permutation(males)[0:n_mar]
[12 10 16 21 13  6]
np.random.permutation(males)[0:n_mar]
[ 7  9  3 23  6  4]
np.random.permutation(males)[0:n_mar]
[23  4 15 14 19 21]
np.random.permutation(males)[0:n_mar]
[ 2  7 16 23 21 18]
np.random.permutation(males)[0:n_mar]
[11 23  5  0  2 20]
np.random.permutation(males)[0:n_mar]
[16 22  8 12  7 17]
np.random.permutation(males)[0:n_mar]
[ 4  1 17 10 11 19]
np.random.permutation(males)[0:n_mar]
[15 10  1  7  3 14]
np.random.permutation(males)[0:n_mar]
[ 4 12 15 10  2  8]
np.random.permutation(males)[0:n_mar]
[23  7 14  3  2 17]
np.random.permutation(males)[0:n_mar]
[ 2 18  0 11  8 12]
np.random.permutation(males)[0:n_mar]
[16  6  2 21  9 11]
np.random.permutation(males)[0:n_mar]
[18 14  5  0  9 21]
np.random.permutation(males)[0:n_mar]
[16 18 13  3  5 20]
np.random.permutation(males)[0:n_mar]
[ 0  2 21 16  7  8]
np.random.permutation(males)[0:n_mar]
[12 11  5  6  0 16]
np.random.permutation(males)[0:n_mar]
[18 17  0 11 12 14]
np.random.permutation(males)[0:n_mar]
[20 11  5  7 17 13]
np.random.permutation(males)[0:n_mar]
[18 13 20 23 14 15]
np.random.permutation(males)[0:n_mar]
[23 14  8 13 16  9]
