np.random.permutation(males)[0:n_mar]
[ 1 10 15]
np.random.permutation(males)[0:n_mar]
[15  5  4]
np.random.permutation(males)[0:n_mar]
[12 17  2]
np.random.permutation(males)[0:n_mar]
[10 13 11]
np.random.permutation(males)[0:n_mar]
[18 15  2]
np.random.permutation(males)[0:n_mar]
[14 13  8]
np.random.permutation(males)[0:n_mar]
[15  1  4]
np.random.permutation(males)[0:n_mar]
[ 3 20 17]
np.random.permutation(males)[0:n_mar]
[15 14  4]
np.random.permutation(males)[0:n_mar]
[16 22  1]
np.random.permutation(males)[0:n_mar]
[5 9 4]
np.random.permutation(males)[0:n_mar]
[ 7  6 21]
np.random.permutation(males)[0:n_mar]
[ 1 17 20]
np.random.permutation(males)[0:n_mar]
[19  3  5]
np.random.permutation(males)[0:n_mar]
[12 21 17]
np.random.permutation(males)[0:n_mar]
[12 20 15]
np.random.permutation(males)[0:n_mar]
[ 9 21  6]
np.random.permutation(males)[0:n_mar]
[ 0 18  8]
np.random.permutation(males)[0:n_mar]
[ 9 22  3]
np.random.permutation(males)[0:n_mar]
[22  0 13]
np.random.permutation(males)[0:n_mar]
[13  1  6]
np.random.permutation(males)[0:n_mar]
[10 20  4]
np.random.permutation(males)[0:n_mar]
[10  0 23]
np.random.permutation(males)[0:n_mar]
[ 5 22 23]
np.random.permutation(males)[0:n_mar]
[17 14  2]
np.random.permutation(males)[0:n_mar]
[21  4 13]
np.random.permutation(males)[0:n_mar]
[20 21  0]
np.random.permutation(males)[0:n_mar]
[ 9  0 19]
np.random.permutation(males)[0:n_mar]
[10 12 11]
np.random.permutation(males)[0:n_mar]
[ 9 15  7]
np.random.permutation(males)[0:n_mar]
[ 4 22 14]
np.random.permutation(males)[0:n_mar]
[11  8 14]
np.random.permutation(males)[0:n_mar]
[15  5 16]
np.random.permutation(males)[0:n_mar]
[ 3 20 12]
np.random.permutation(males)[0:n_mar]
[22 21 18]
np.random.permutation(males)[0:n_mar]
[ 2  1 11]
np.random.permutation(males)[0:n_mar]
[21  2  7]
np.random.permutation(males)[0:n_mar]
[ 6 12 22]
np.random.permutation(males)[0:n_mar]
[13 21 16]
np.random.permutation(males)[0:n_mar]
[ 7 14  9]
np.random.permutation(males)[0:n_mar]
[11  8 14]
np.random.permutation(males)[0:n_mar]
[16  9  6]
np.random.permutation(males)[0:n_mar]
[ 9 14 18]
np.random.permutation(males)[0:n_mar]
[11  9  4]
np.random.permutation(males)[0:n_mar]
[14  1 21]
np.random.permutation(males)[0:n_mar]
[14  7  5]
np.random.permutation(males)[0:n_mar]
[15  7  5]
np.random.permutation(males)[0:n_mar]
[16  8  7]
np.random.permutation(males)[0:n_mar]
[11 16 23]
np.random.permutation(males)[0:n_mar]
[13 12 10]
np.random.permutation(males)[0:n_mar]
[13 17  7]
np.random.permutation(males)[0:n_mar]
[10  0 17]
np.random.permutation(males)[0:n_mar]
[19 14 11]
np.random.permutation(males)[0:n_mar]
[17  9 10]
np.random.permutation(males)[0:n_mar]
[12 21 20]
np.random.permutation(males)[0:n_mar]
[13  1  7]
np.random.permutation(males)[0:n_mar]
[15 20  0]
np.random.permutation(males)[0:n_mar]
[11  1  3]
np.random.permutation(males)[0:n_mar]
[15 10  2]
np.random.permutation(males)[0:n_mar]
[13 23 20]
np.random.permutation(males)[0:n_mar]
[20  9  2]
np.random.permutation(males)[0:n_mar]
[13 18 22]
np.random.permutation(males)[0:n_mar]
[19 17  2]
np.random.permutation(males)[0:n_mar]
[14 19 22]
np.random.permutation(males)[0:n_mar]
[12  8  4]
np.random.permutation(males)[0:n_mar]
[ 6 13  4]
np.random.permutation(males)[0:n_mar]
[12 15 17]
np.random.permutation(males)[0:n_mar]
[18 21 10]
np.random.permutation(males)[0:n_mar]
[7 0 9]
np.random.permutation(males)[0:n_mar]
[5 4 6]
np.random.permutation(males)[0:n_mar]
[ 8 16  9]
np.random.permutation(males)[0:n_mar]
[ 5 11  1]
np.random.permutation(males)[0:n_mar]
[15 16 10]
np.random.permutation(males)[0:n_mar]
[23 15 14]
np.random.permutation(males)[0:n_mar]
[ 4  7 18]
np.random.permutation(males)[0:n_mar]
[19  3  4]
np.random.permutation(males)[0:n_mar]
[ 2 20  6]
np.random.permutation(males)[0:n_mar]
[ 4  2 12]
np.random.permutation(males)[0:n_mar]
[ 9 12  0]
np.random.permutation(males)[0:n_mar]
[21  5 19]
np.random.permutation(males)[0:n_mar]
[14 13 21]
np.random.permutation(males)[0:n_mar]
[21 17  4]
np.random.permutation(males)[0:n_mar]
[ 0  4 21]
np.random.permutation(males)[0:n_mar]
[17 23  5]
np.random.permutation(males)[0:n_mar]
[21 23 17]
np.random.permutation(males)[0:n_mar]
[22  4 18]
np.random.permutation(males)[0:n_mar]
[ 3  4 13]
np.random.permutation(males)[0:n_mar]
[12  0 16]
np.random.permutation(males)[0:n_mar]
[16  5 20]
np.random.permutation(males)[0:n_mar]
[ 9 10 22]
np.random.permutation(males)[0:n_mar]
[ 3  4 11]
np.random.permutation(males)[0:n_mar]
[ 4 23 19]
np.random.permutation(males)[0:n_mar]
[17 16  5]
np.random.permutation(males)[0:n_mar]
[9 0 7]
np.random.permutation(males)[0:n_mar]
[20  8 11]
np.random.permutation(males)[0:n_mar]
[15 17 18]
np.random.permutation(males)[0:n_mar]
[16 19 23]
np.random.permutation(males)[0:n_mar]
[ 1 23 19]
np.random.permutation(males)[0:n_mar]
[ 3 14 16]
np.random.permutation(males)[0:n_mar]
[17 20  4]
np.random.permutation(males)[0:n_mar]
[10  0 20]
np.random.permutation(males)[0:n_mar]
[17 23  2]
np.random.permutation(males)[0:n_mar]
[13  8  9]
np.random.permutation(males)[0:n_mar]
[ 8 14 21]
np.random.permutation(males)[0:n_mar]
[23 14 19]
np.random.permutation(males)[0:n_mar]
[21  7  5]
np.random.permutation(males)[0:n_mar]
[ 9  0 18]
np.random.permutation(males)[0:n_mar]
[ 5 12 11]
np.random.permutation(males)[0:n_mar]
[ 9 13 18]
np.random.permutation(males)[0:n_mar]
[10 14 17]
np.random.permutation(males)[0:n_mar]
[ 4 14 20]
np.random.permutation(males)[0:n_mar]
[ 8 13  1]
np.random.permutation(males)[0:n_mar]
[18 13  1]
np.random.permutation(males)[0:n_mar]
[21  2 17]
np.random.permutation(males)[0:n_mar]
[19 12 16]
np.random.permutation(males)[0:n_mar]
[ 3  5 20]
np.random.permutation(males)[0:n_mar]
[ 5 16  1]
np.random.permutation(males)[0:n_mar]
[21  4 18]
np.random.permutation(males)[0:n_mar]
[22 12 18]
np.random.permutation(males)[0:n_mar]
[ 0 12 19]
np.random.permutation(males)[0:n_mar]
[15 11  4]
np.random.permutation(males)[0:n_mar]
[23  6  4]
np.random.permutation(males)[0:n_mar]
[17 14  7]
np.random.permutation(males)[0:n_mar]
[16  8 14]
np.random.permutation(males)[0:n_mar]
[4 3 8]
np.random.permutation(males)[0:n_mar]
[17 14 22]
np.random.permutation(males)[0:n_mar]
[ 8 13 19]
np.random.permutation(males)[0:n_mar]
[21  3  0]
np.random.permutation(males)[0:n_mar]
[ 3 16 23]
np.random.permutation(males)[0:n_mar]
[ 6 14  7]
np.random.permutation(males)[0:n_mar]
[6 4 7]
np.random.permutation(males)[0:n_mar]
[ 5 16  3]
np.random.permutation(males)[0:n_mar]
[0 7 1]
np.random.permutation(males)[0:n_mar]
[13 12  5]
np.random.permutation(males)[0:n_mar]
[ 9  0 12]
np.random.permutation(males)[0:n_mar]
[10 13  5]
np.random.permutation(males)[0:n_mar]
[ 1  7 13]
np.random.permutation(males)[0:n_mar]
[12 11 23]
np.random.permutation(males)[0:n_mar]
[14 21  6]
np.random.permutation(males)[0:n_mar]
[ 7 17 13]
np.random.permutation(males)[0:n_mar]
[21  8 10]
np.random.permutation(males)[0:n_mar]
[11  5 19]
np.random.permutation(males)[0:n_mar]
[14 19 18]
np.random.permutation(males)[0:n_mar]
[16 20 12]
np.random.permutation(males)[0:n_mar]
[13  5 11]
np.random.permutation(males)[0:n_mar]
[14 20  9]
np.random.permutation(males)[0:n_mar]
[ 2 10 12]
np.random.permutation(males)[0:n_mar]
[ 0 19  7]
np.random.permutation(males)[0:n_mar]
[2 3 6]
np.random.permutation(males)[0:n_mar]
[14  7 11]
np.random.permutation(males)[0:n_mar]
[8 3 2]
np.random.permutation(males)[0:n_mar]
[14 20 13]
np.random.permutation(males)[0:n_mar]
[11  2 18]
np.random.permutation(males)[0:n_mar]
[19  7 13]
np.random.permutation(males)[0:n_mar]
[ 2 10 22]
np.random.permutation(males)[0:n_mar]
[ 0 20 19]
np.random.permutation(males)[0:n_mar]
[21 11  9]
np.random.permutation(males)[0:n_mar]
[23  0 16]
np.random.permutation(males)[0:n_mar]
[21 18  0]
np.random.permutation(males)[0:n_mar]
[ 2 15 18]
np.random.permutation(males)[0:n_mar]
[18  2 11]
np.random.permutation(males)[0:n_mar]
[10 13  3]
np.random.permutation(males)[0:n_mar]
[17 14  2]
np.random.permutation(males)[0:n_mar]
[ 6  7 20]
np.random.permutation(males)[0:n_mar]
[23  4  2]
np.random.permutation(males)[0:n_mar]
[18  4 14]
np.random.permutation(males)[0:n_mar]
[ 8  2 20]
np.random.permutation(males)[0:n_mar]
[ 4 22  6]
np.random.permutation(males)[0:n_mar]
[17  1 15]
np.random.permutation(males)[0:n_mar]
[15  3  8]
np.random.permutation(males)[0:n_mar]
[20 23 21]
np.random.permutation(males)[0:n_mar]
[13 19 11]
np.random.permutation(males)[0:n_mar]
[17 15 22]
np.random.permutation(males)[0:n_mar]
[16 14  6]
np.random.permutation(males)[0:n_mar]
[10 17 14]
np.random.permutation(males)[0:n_mar]
[ 2 13 18]
np.random.permutation(males)[0:n_mar]
[5 9 4]
np.random.permutation(males)[0:n_mar]
[22  9 21]
np.random.permutation(males)[0:n_mar]
[13 16 11]
np.random.permutation(males)[0:n_mar]
[22  0 15]
np.random.permutation(males)[0:n_mar]
[11 10  6]
np.random.permutation(males)[0:n_mar]
[ 2  8 13]
np.random.permutation(males)[0:n_mar]
[17  6  2]
np.random.permutation(males)[0:n_mar]
[13  4 22]
np.random.permutation(males)[0:n_mar]
[20 15  4]
np.random.permutation(males)[0:n_mar]
[ 0 11 12]
np.random.permutation(males)[0:n_mar]
[13 15  7]
np.random.permutation(males)[0:n_mar]
[11 22 23]
np.random.permutation(males)[0:n_mar]
[21  0  8]
np.random.permutation(males)[0:n_mar]
[3 4 8]
np.random.permutation(males)[0:n_mar]
[ 7  1 23]
np.random.permutation(males)[0:n_mar]
[3 0 9]
np.random.permutation(males)[0:n_mar]
[ 9  7 22]
np.random.permutation(males)[0:n_mar]
[10 23 19]
np.random.permutation(males)[0:n_mar]
[17 21  0]
np.random.permutation(males)[0:n_mar]
[ 0  9 10]
np.random.permutation(males)[0:n_mar]
[11 17  6]
np.random.permutation(males)[0:n_mar]
[18  6  5]
np.random.permutation(males)[0:n_mar]
[ 9 10  1]
np.random.permutation(males)[0:n_mar]
[ 4  7 19]
np.random.permutation(males)[0:n_mar]
[4 8 7]
np.random.permutation(males)[0:n_mar]
[13 16 17]
np.random.permutation(males)[0:n_mar]
[13 19 23]
np.random.permutation(males)[0:n_mar]
[19 14 15]
np.random.permutation(males)[0:n_mar]
[23 21  3]
np.random.permutation(males)[0:n_mar]
[4 6 3]
np.random.permutation(males)[0:n_mar]
[16 14 15]
np.random.permutation(males)[0:n_mar]
[23 21 17]
np.random.permutation(males)[0:n_mar]
[19  1  4]
np.random.permutation(males)[0:n_mar]
[21  6  2]
np.random.permutation(males)[0:n_mar]
[ 9  0 20]
np.random.permutation(males)[0:n_mar]
[ 7 21 20]
np.random.permutation(males)[0:n_mar]
[4 3 7]
np.random.permutation(males)[0:n_mar]
[ 8 14  0]
np.random.permutation(males)[0:n_mar]
[10  2  6]
np.random.permutation(males)[0:n_mar]
[21 15  0]
np.random.permutation(males)[0:n_mar]
[ 5  1 23]
np.random.permutation(males)[0:n_mar]
[ 5  1 19]
np.random.permutation(males)[0:n_mar]
[22  2 21]
np.random.permutation(males)[0:n_mar]
[ 3 13 19]
np.random.permutation(males)[0:n_mar]
[19  1 13]
np.random.permutation(males)[0:n_mar]
[ 4  6 18]
np.random.permutation(males)[0:n_mar]
[9 6 8]
np.random.permutation(males)[0:n_mar]
[19 14 18]
np.random.permutation(males)[0:n_mar]
[5 9 8]
np.random.permutation(males)[0:n_mar]
[ 9  2 21]
np.random.permutation(males)[0:n_mar]
[14 23  6]
np.random.permutation(males)[0:n_mar]
[17  1 12]
np.random.permutation(males)[0:n_mar]
[ 6 18 14]
np.random.permutation(males)[0:n_mar]
[ 7 23 11]
np.random.permutation(males)[0:n_mar]
[19  8 16]
np.random.permutation(males)[0:n_mar]
[20  5 10]
np.random.permutation(males)[0:n_mar]
[ 9 10 18]
np.random.permutation(males)[0:n_mar]
[11 22  1]
np.random.permutation(males)[0:n_mar]
[16  0  5]
np.random.permutation(males)[0:n_mar]
[23  6  0]
np.random.permutation(males)[0:n_mar]
[ 8  3 15]
np.random.permutation(males)[0:n_mar]
[15  6  1]
np.random.permutation(males)[0:n_mar]
[14 15  8]
np.random.permutation(males)[0:n_mar]
[14 18 16]
np.random.permutation(males)[0:n_mar]
[12  1 14]
np.random.permutation(males)[0:n_mar]
[19 10  1]
np.random.permutation(males)[0:n_mar]
[20  2 22]
np.random.permutation(males)[0:n_mar]
[ 3 10 19]
np.random.permutation(males)[0:n_mar]
[21 17 14]
np.random.permutation(males)[0:n_mar]
[21 16 11]
np.random.permutation(males)[0:n_mar]
[ 7 23  3]
np.random.permutation(males)[0:n_mar]
[ 9  0 20]
np.random.permutation(males)[0:n_mar]
[14 12  9]
np.random.permutation(males)[0:n_mar]
[20  7  3]
np.random.permutation(males)[0:n_mar]
[13 10 17]
np.random.permutation(males)[0:n_mar]
[ 1  4 10]
np.random.permutation(males)[0:n_mar]
[ 2 19  1]
np.random.permutation(males)[0:n_mar]
[13 12 23]
np.random.permutation(males)[0:n_mar]
[ 2 18 17]
np.random.permutation(males)[0:n_mar]
[14 22  2]
np.random.permutation(males)[0:n_mar]
[20 16  2]
np.random.permutation(males)[0:n_mar]
[19 17  7]
np.random.permutation(males)[0:n_mar]
[21 18  7]
np.random.permutation(males)[0:n_mar]
[14 23  4]
np.random.permutation(males)[0:n_mar]
[ 3  4 18]
np.random.permutation(males)[0:n_mar]
[ 3 20  6]
np.random.permutation(males)[0:n_mar]
[ 5 20 23]
np.random.permutation(males)[0:n_mar]
[ 4 19  9]
np.random.permutation(males)[0:n_mar]
[20 16 14]
np.random.permutation(males)[0:n_mar]
[18 13  6]
np.random.permutation(males)[0:n_mar]
[ 1 23  0]
np.random.permutation(males)[0:n_mar]
[10 22  6]
np.random.permutation(males)[0:n_mar]
[ 7 11 13]
np.random.permutation(males)[0:n_mar]
[17 16 13]
np.random.permutation(males)[0:n_mar]
[12  8 20]
np.random.permutation(males)[0:n_mar]
[21 16 20]
np.random.permutation(males)[0:n_mar]
[11 12 23]
np.random.permutation(males)[0:n_mar]
[ 3  6 16]
np.random.permutation(males)[0:n_mar]
[ 6 18 22]
np.random.permutation(males)[0:n_mar]
[ 9 19 14]
np.random.permutation(males)[0:n_mar]
[18  9 16]
np.random.permutation(males)[0:n_mar]
[ 3 18  4]
np.random.permutation(males)[0:n_mar]
[ 9 20  2]
np.random.permutation(males)[0:n_mar]
[21 12 22]
np.random.permutation(males)[0:n_mar]
[11  0 18]
np.random.permutation(males)[0:n_mar]
[22  2  9]
np.random.permutation(males)[0:n_mar]
[ 2 16  0]
np.random.permutation(males)[0:n_mar]
[10  5  4]
np.random.permutation(males)[0:n_mar]
[18  5 16]
np.random.permutation(males)[0:n_mar]
[17 20 13]
np.random.permutation(males)[0:n_mar]
[16  7 19]
np.random.permutation(males)[0:n_mar]
[ 4 21  6]
np.random.permutation(males)[0:n_mar]
[14  9  8]
np.random.permutation(males)[0:n_mar]
[3 4 0]
np.random.permutation(males)[0:n_mar]
[18  5  0]
np.random.permutation(males)[0:n_mar]
[22 10 13]
np.random.permutation(males)[0:n_mar]
[ 2 10 21]
np.random.permutation(males)[0:n_mar]
[ 6 10 13]
np.random.permutation(males)[0:n_mar]
[ 6 21 19]
np.random.permutation(males)[0:n_mar]
[23 10 12]
np.random.permutation(males)[0:n_mar]
[13  2 16]
np.random.permutation(males)[0:n_mar]
[ 5 16 12]
np.random.permutation(males)[0:n_mar]
[15  0 23]
np.random.permutation(males)[0:n_mar]
[11  9  2]
np.random.permutation(males)[0:n_mar]
[ 6  9 18]
np.random.permutation(males)[0:n_mar]
[ 2 21 18]
np.random.permutation(males)[0:n_mar]
[ 6  5 13]
np.random.permutation(males)[0:n_mar]
[ 1 10 16]
np.random.permutation(males)[0:n_mar]
[16  9 14]
np.random.permutation(males)[0:n_mar]
[17  5 21]
np.random.permutation(males)[0:n_mar]
[8 1 5]
np.random.permutation(males)[0:n_mar]
[18  1 14]
np.random.permutation(males)[0:n_mar]
[14  1 20]
np.random.permutation(males)[0:n_mar]
[ 7  5 11]
np.random.permutation(males)[0:n_mar]
[23 18 12]
np.random.permutation(males)[0:n_mar]
[ 6  8 12]
np.random.permutation(males)[0:n_mar]
[11 14  9]
np.random.permutation(males)[0:n_mar]
[18  2 21]
np.random.permutation(males)[0:n_mar]
[16 21 22]
np.random.permutation(males)[0:n_mar]
[ 7 13 18]
np.random.permutation(males)[0:n_mar]
[17  8  9]
np.random.permutation(males)[0:n_mar]
[ 4  7 14]
np.random.permutation(males)[0:n_mar]
[22 21 18]
np.random.permutation(males)[0:n_mar]
[ 7 21  6]
np.random.permutation(males)[0:n_mar]
[19 16  7]
np.random.permutation(males)[0:n_mar]
[ 9 10  0]
np.random.permutation(males)[0:n_mar]
[ 1  8 15]
np.random.permutation(males)[0:n_mar]
[19  9  1]
np.random.permutation(males)[0:n_mar]
[ 4 14 16]
np.random.permutation(males)[0:n_mar]
[19  5 21]
np.random.permutation(males)[0:n_mar]
[23 16  4]
np.random.permutation(males)[0:n_mar]
[13 23 12]
np.random.permutation(males)[0:n_mar]
[16  6 23]
np.random.permutation(males)[0:n_mar]
[16 13 12]
np.random.permutation(males)[0:n_mar]
[ 3  6 21]
np.random.permutation(males)[0:n_mar]
[11 12  5]
np.random.permutation(males)[0:n_mar]
[16 10 17]
np.random.permutation(males)[0:n_mar]
[10 11 20]
np.random.permutation(males)[0:n_mar]
[14 21 22]
np.random.permutation(males)[0:n_mar]
[20 17 18]
np.random.permutation(males)[0:n_mar]
[11 23  3]
np.random.permutation(males)[0:n_mar]
[22 14 19]
np.random.permutation(males)[0:n_mar]
[22  8 14]
np.random.permutation(males)[0:n_mar]
[ 7  1 21]
np.random.permutation(males)[0:n_mar]
[12 17 21]
np.random.permutation(males)[0:n_mar]
[ 4 21  8]
np.random.permutation(males)[0:n_mar]
[ 9 22  7]
np.random.permutation(males)[0:n_mar]
[7 1 9]
np.random.permutation(males)[0:n_mar]
[17 10 13]
np.random.permutation(males)[0:n_mar]
[14 22  4]
np.random.permutation(males)[0:n_mar]
[18 12 14]
np.random.permutation(males)[0:n_mar]
[ 7 20  5]
np.random.permutation(males)[0:n_mar]
[18 15  2]
np.random.permutation(males)[0:n_mar]
[21  4  3]
np.random.permutation(males)[0:n_mar]
[23 18 17]
np.random.permutation(males)[0:n_mar]
[15 12 19]
np.random.permutation(males)[0:n_mar]
[11  2 20]
np.random.permutation(males)[0:n_mar]
[11 17  6]
np.random.permutation(males)[0:n_mar]
[4 2 3]
np.random.permutation(males)[0:n_mar]
[10 11  0]
np.random.permutation(males)[0:n_mar]
[22 23 16]
np.random.permutation(males)[0:n_mar]
[ 8  2 13]
np.random.permutation(males)[0:n_mar]
[13 11 15]
np.random.permutation(males)[0:n_mar]
[ 5 16  9]
np.random.permutation(males)[0:n_mar]
[ 8 15  7]
np.random.permutation(males)[0:n_mar]
[23 19  1]
np.random.permutation(males)[0:n_mar]
[ 3 16 17]
np.random.permutation(males)[0:n_mar]
[16 14  3]
np.random.permutation(males)[0:n_mar]
[14  5  6]
np.random.permutation(males)[0:n_mar]
[ 9 20  0]
np.random.permutation(males)[0:n_mar]
[ 9 13  3]
np.random.permutation(males)[0:n_mar]
[ 4  7 20]
np.random.permutation(males)[0:n_mar]
[ 0 23  2]
np.random.permutation(males)[0:n_mar]
[17  3  4]
np.random.permutation(males)[0:n_mar]
[6 5 4]
np.random.permutation(males)[0:n_mar]
[19 20 12]
np.random.permutation(males)[0:n_mar]
[15  7 21]
np.random.permutation(males)[0:n_mar]
[ 9 22 23]
np.random.permutation(males)[0:n_mar]
[16  9 20]
np.random.permutation(males)[0:n_mar]
[10  1  2]
np.random.permutation(males)[0:n_mar]
[12  2  7]
np.random.permutation(males)[0:n_mar]
[18  0 16]
np.random.permutation(males)[0:n_mar]
[ 1 20 15]
np.random.permutation(males)[0:n_mar]
[19 14 21]
np.random.permutation(males)[0:n_mar]
[ 2 21  8]
np.random.permutation(males)[0:n_mar]
[21 22 15]
np.random.permutation(males)[0:n_mar]
[23 13  4]
np.random.permutation(males)[0:n_mar]
[18  1  8]
np.random.permutation(males)[0:n_mar]
[11 12  3]
np.random.permutation(males)[0:n_mar]
[ 2 10  1]
np.random.permutation(males)[0:n_mar]
[15 21  6]
np.random.permutation(males)[0:n_mar]
[14 20  5]
np.random.permutation(males)[0:n_mar]
[11  2  5]
np.random.permutation(males)[0:n_mar]
[12  6 23]
np.random.permutation(males)[0:n_mar]
[18  8  2]
np.random.permutation(males)[0:n_mar]
[ 0  4 14]
np.random.permutation(males)[0:n_mar]
[18  4 19]
np.random.permutation(males)[0:n_mar]
[ 8 13 18]
np.random.permutation(males)[0:n_mar]
[4 3 5]
np.random.permutation(males)[0:n_mar]
[14 19 22]
np.random.permutation(males)[0:n_mar]
[19  5  9]
np.random.permutation(males)[0:n_mar]
[ 2 22 16]
np.random.permutation(males)[0:n_mar]
[ 7  3 22]
np.random.permutation(males)[0:n_mar]
[16 12  8]
np.random.permutation(males)[0:n_mar]
[17 14  6]
np.random.permutation(males)[0:n_mar]
[22  0  8]
np.random.permutation(males)[0:n_mar]
[18 14  8]
np.random.permutation(males)[0:n_mar]
[14  3 18]
np.random.permutation(males)[0:n_mar]
[11  2 22]
np.random.permutation(males)[0:n_mar]
[15  7 12]
np.random.permutation(males)[0:n_mar]
[ 5 12  4]
np.random.permutation(males)[0:n_mar]
[ 6 23  3]
np.random.permutation(males)[0:n_mar]
[ 4 12 10]
np.random.permutation(males)[0:n_mar]
[21  7 22]
np.random.permutation(males)[0:n_mar]
[17 19 12]
np.random.permutation(males)[0:n_mar]
[13 14  2]
np.random.permutation(males)[0:n_mar]
[ 9 22  0]
np.random.permutation(males)[0:n_mar]
[23 12 16]
np.random.permutation(males)[0:n_mar]
[23 18 19]
np.random.permutation(males)[0:n_mar]
[10 12 11]
np.random.permutation(males)[0:n_mar]
[23  1  6]
np.random.permutation(males)[0:n_mar]
[12  9  4]
np.random.permutation(males)[0:n_mar]
[ 5 14 17]
np.random.permutation(males)[0:n_mar]
[22 10 15]
np.random.permutation(males)[0:n_mar]
[ 2 11  1]
np.random.permutation(males)[0:n_mar]
[ 0 23 14]
np.random.permutation(males)[0:n_mar]
[17 15 19]
np.random.permutation(males)[0:n_mar]
[21 16  7]
np.random.permutation(males)[0:n_mar]
[14 21 12]
np.random.permutation(males)[0:n_mar]
[11  3  1]
np.random.permutation(males)[0:n_mar]
[23 11 13]
np.random.permutation(males)[0:n_mar]
[ 5  1 14]
np.random.permutation(males)[0:n_mar]
[11 12 21]
np.random.permutation(males)[0:n_mar]
[20  3 14]
np.random.permutation(males)[0:n_mar]
[1 9 2]
np.random.permutation(males)[0:n_mar]
[ 9 11 12]
np.random.permutation(males)[0:n_mar]
[17  2 23]
np.random.permutation(males)[0:n_mar]
[14 11 21]
np.random.permutation(males)[0:n_mar]
[ 4 13 12]
np.random.permutation(males)[0:n_mar]
[15 20 18]
np.random.permutation(males)[0:n_mar]
[4 9 0]
np.random.permutation(males)[0:n_mar]
[ 0 20 21]
np.random.permutation(males)[0:n_mar]
[ 9 10  1]
np.random.permutation(males)[0:n_mar]
[22  3  5]
np.random.permutation(males)[0:n_mar]
[23 17  6]
np.random.permutation(males)[0:n_mar]
[ 6 23 14]
np.random.permutation(males)[0:n_mar]
[22 19  3]
np.random.permutation(males)[0:n_mar]
[17 16  6]
np.random.permutation(males)[0:n_mar]
[13  1 19]
np.random.permutation(males)[0:n_mar]
[ 4  8 23]
np.random.permutation(males)[0:n_mar]
[19 20 16]
np.random.permutation(males)[0:n_mar]
[10 14 23]
np.random.permutation(males)[0:n_mar]
[ 1 22  7]
np.random.permutation(males)[0:n_mar]
[23 17  2]
np.random.permutation(males)[0:n_mar]
[ 3 18  0]
np.random.permutation(males)[0:n_mar]
[23 16  4]
np.random.permutation(males)[0:n_mar]
[15 22 10]
np.random.permutation(males)[0:n_mar]
[ 4 14  2]
np.random.permutation(males)[0:n_mar]
[23 13  5]
np.random.permutation(males)[0:n_mar]
[17 12  3]
np.random.permutation(males)[0:n_mar]
[15  7 20]
np.random.permutation(males)[0:n_mar]
[15 13 10]
np.random.permutation(males)[0:n_mar]
[13 18 14]
np.random.permutation(males)[0:n_mar]
[ 1 21 22]
np.random.permutation(males)[0:n_mar]
[ 5  9 22]
np.random.permutation(males)[0:n_mar]
[14 20  1]
np.random.permutation(males)[0:n_mar]
[ 6 18 11]
np.random.permutation(males)[0:n_mar]
[21  3 14]
np.random.permutation(males)[0:n_mar]
[ 1 18 22]
np.random.permutation(males)[0:n_mar]
[ 3 10  6]
np.random.permutation(males)[0:n_mar]
[ 1 23  2]
np.random.permutation(males)[0:n_mar]
[12 10 21]
np.random.permutation(males)[0:n_mar]
[ 0  8 18]
np.random.permutation(males)[0:n_mar]
[13 16 17]
np.random.permutation(males)[0:n_mar]
[22 17  5]
np.random.permutation(males)[0:n_mar]
[21 22  1]
np.random.permutation(males)[0:n_mar]
[ 1 11  7]
np.random.permutation(males)[0:n_mar]
[ 7  9 21]
np.random.permutation(males)[0:n_mar]
[ 4 19  8]
np.random.permutation(males)[0:n_mar]
[12 19 16]
np.random.permutation(males)[0:n_mar]
[12  3  7]
np.random.permutation(males)[0:n_mar]
[ 1 12 23]
np.random.permutation(males)[0:n_mar]
[14  3 10]
np.random.permutation(males)[0:n_mar]
[ 4 20 22]
np.random.permutation(males)[0:n_mar]
[18  7  5]
np.random.permutation(males)[0:n_mar]
[ 4  6 16]
np.random.permutation(males)[0:n_mar]
[ 1 10 18]
np.random.permutation(males)[0:n_mar]
[18  9  3]
np.random.permutation(males)[0:n_mar]
[ 6 12 22]
np.random.permutation(males)[0:n_mar]
[15 14 23]
np.random.permutation(males)[0:n_mar]
[16  3 11]
np.random.permutation(males)[0:n_mar]
[15 22 16]
np.random.permutation(males)[0:n_mar]
[14 11 22]
np.random.permutation(males)[0:n_mar]
[19 23  9]
np.random.permutation(males)[0:n_mar]
[21 16  6]
np.random.permutation(males)[0:n_mar]
[ 4 22 20]
np.random.permutation(males)[0:n_mar]
[ 5 18 19]
np.random.permutation(males)[0:n_mar]
[14  0 18]
np.random.permutation(males)[0:n_mar]
[ 2  4 23]
np.random.permutation(males)[0:n_mar]
[10  2  5]
np.random.permutation(males)[0:n_mar]
[ 6  1 10]
np.random.permutation(males)[0:n_mar]
[ 1 23 16]
np.random.permutation(males)[0:n_mar]
[ 5 22 10]
np.random.permutation(males)[0:n_mar]
[ 8 11  9]
np.random.permutation(males)[0:n_mar]
[ 0 18 17]
np.random.permutation(males)[0:n_mar]
[15 21  0]
np.random.permutation(males)[0:n_mar]
[12  6  0]
np.random.permutation(males)[0:n_mar]
[20  9 10]
np.random.permutation(males)[0:n_mar]
[ 1 22 19]
np.random.permutation(males)[0:n_mar]
[12 19  4]
np.random.permutation(males)[0:n_mar]
[17 22  0]
np.random.permutation(males)[0:n_mar]
[15  0  3]
np.random.permutation(males)[0:n_mar]
[22 21 14]
np.random.permutation(males)[0:n_mar]
[23 13 22]
np.random.permutation(males)[0:n_mar]
[22  7  9]
np.random.permutation(males)[0:n_mar]
[21 19 17]
np.random.permutation(males)[0:n_mar]
[15 17 21]
np.random.permutation(males)[0:n_mar]
[ 8 13  5]
np.random.permutation(males)[0:n_mar]
[ 7 14 16]
np.random.permutation(males)[0:n_mar]
[17 19 10]
np.random.permutation(males)[0:n_mar]
[20 17  1]
np.random.permutation(males)[0:n_mar]
[15 14  3]
np.random.permutation(males)[0:n_mar]
[16 13  4]
np.random.permutation(males)[0:n_mar]
[ 7 16  3]
np.random.permutation(males)[0:n_mar]
[22  7 11]
np.random.permutation(males)[0:n_mar]
[23 17  7]
np.random.permutation(males)[0:n_mar]
[7 0 3]
np.random.permutation(males)[0:n_mar]
[ 8  3 18]
np.random.permutation(males)[0:n_mar]
[ 5 21  8]
np.random.permutation(males)[0:n_mar]
[ 8  6 23]
np.random.permutation(males)[0:n_mar]
[18  0 17]
np.random.permutation(males)[0:n_mar]
[23  2 15]
np.random.permutation(males)[0:n_mar]
[19 11  5]
np.random.permutation(males)[0:n_mar]
[12  3 23]
np.random.permutation(males)[0:n_mar]
[ 6 10  4]
np.random.permutation(males)[0:n_mar]
[15  7 23]
np.random.permutation(males)[0:n_mar]
[10  1  2]
np.random.permutation(males)[0:n_mar]
[ 0 19 11]
np.random.permutation(males)[0:n_mar]
[22 15  5]
np.random.permutation(males)[0:n_mar]
[18 13  1]
np.random.permutation(males)[0:n_mar]
[ 0 22 15]
np.random.permutation(males)[0:n_mar]
[11  5 15]
np.random.permutation(males)[0:n_mar]
[20  4 11]
np.random.permutation(males)[0:n_mar]
[19 20  3]
np.random.permutation(males)[0:n_mar]
[18 22 13]
np.random.permutation(males)[0:n_mar]
[19  8 17]
np.random.permutation(males)[0:n_mar]
[ 0 19 10]
np.random.permutation(males)[0:n_mar]
[10 21  0]
np.random.permutation(males)[0:n_mar]
[14  2  1]
np.random.permutation(males)[0:n_mar]
[21  9 23]
np.random.permutation(males)[0:n_mar]
[17  4 10]
np.random.permutation(males)[0:n_mar]
[21 10  2]
np.random.permutation(males)[0:n_mar]
[ 7 10 19]
np.random.permutation(males)[0:n_mar]
[ 6  5 12]
np.random.permutation(males)[0:n_mar]
[17 16  6]
np.random.permutation(males)[0:n_mar]
[12 23  4]
np.random.permutation(males)[0:n_mar]
[15 23  7]
np.random.permutation(males)[0:n_mar]
[15 17  3]
np.random.permutation(males)[0:n_mar]
[17  6 20]
np.random.permutation(males)[0:n_mar]
[ 5  1 12]
np.random.permutation(males)[0:n_mar]
[ 3 20  6]
np.random.permutation(males)[0:n_mar]
[ 3  5 10]
np.random.permutation(males)[0:n_mar]
[21 11  5]
np.random.permutation(males)[0:n_mar]
[21 15 16]
np.random.permutation(males)[0:n_mar]
[ 4 21  5]
np.random.permutation(males)[0:n_mar]
[16 23  4]
np.random.permutation(males)[0:n_mar]
[15 22 14]
np.random.permutation(males)[0:n_mar]
[ 4 10 19]
np.random.permutation(males)[0:n_mar]
[21 16 12]
np.random.permutation(males)[0:n_mar]
[0 7 9]
np.random.permutation(males)[0:n_mar]
[18 23 11]
np.random.permutation(males)[0:n_mar]
[22 17  7]
np.random.permutation(males)[0:n_mar]
[ 0 18 10]
np.random.permutation(males)[0:n_mar]
[ 2 13 10]
np.random.permutation(males)[0:n_mar]
[21  8 18]
np.random.permutation(males)[0:n_mar]
[21  8 17]
np.random.permutation(males)[0:n_mar]
[ 5 10 15]
np.random.permutation(males)[0:n_mar]
[16 14  8]
np.random.permutation(males)[0:n_mar]
[ 7 17 15]
np.random.permutation(males)[0:n_mar]
[15 18 12]
np.random.permutation(males)[0:n_mar]
[ 9 14  4]
np.random.permutation(males)[0:n_mar]
[14  9 16]
np.random.permutation(males)[0:n_mar]
[ 6 11  5]
np.random.permutation(males)[0:n_mar]
[18  9 10]
np.random.permutation(males)[0:n_mar]
[ 5  3 18]
np.random.permutation(males)[0:n_mar]
[ 4 16  2]
np.random.permutation(males)[0:n_mar]
[ 0 10 21]
np.random.permutation(males)[0:n_mar]
[11 17 10]
np.random.permutation(males)[0:n_mar]
[21  8  9]
np.random.permutation(males)[0:n_mar]
[16 17 10]
np.random.permutation(males)[0:n_mar]
[18  1 11]
np.random.permutation(males)[0:n_mar]
[ 6 10  8]
np.random.permutation(males)[0:n_mar]
[ 2  7 15]
np.random.permutation(males)[0:n_mar]
[ 9 16 10]
np.random.permutation(males)[0:n_mar]
[16  8  7]
np.random.permutation(males)[0:n_mar]
[12  9  7]
np.random.permutation(males)[0:n_mar]
[17 23 18]
np.random.permutation(males)[0:n_mar]
[14  5 10]
np.random.permutation(males)[0:n_mar]
[18  3  8]
np.random.permutation(males)[0:n_mar]
[22  6  3]
np.random.permutation(males)[0:n_mar]
[ 8 17 20]
np.random.permutation(males)[0:n_mar]
[ 9 18  3]
np.random.permutation(males)[0:n_mar]
[11 19  8]
np.random.permutation(males)[0:n_mar]
[10 23 12]
np.random.permutation(males)[0:n_mar]
[16  8 23]
np.random.permutation(males)[0:n_mar]
[21  3 16]
np.random.permutation(males)[0:n_mar]
[17 18 21]
np.random.permutation(males)[0:n_mar]
[ 5 18 13]
np.random.permutation(males)[0:n_mar]
[17 20  0]
np.random.permutation(males)[0:n_mar]
[22 18 17]
np.random.permutation(males)[0:n_mar]
[ 3 19 23]
np.random.permutation(males)[0:n_mar]
[ 5 19  2]
np.random.permutation(males)[0:n_mar]
[21  8 17]
np.random.permutation(males)[0:n_mar]
[ 6 20  0]
np.random.permutation(males)[0:n_mar]
[ 7  1 19]
np.random.permutation(males)[0:n_mar]
[5 9 0]
np.random.permutation(males)[0:n_mar]
[15 12 10]
np.random.permutation(males)[0:n_mar]
[11  0 14]
np.random.permutation(males)[0:n_mar]
[18  4  2]
np.random.permutation(males)[0:n_mar]
[ 6 13  1]
np.random.permutation(males)[0:n_mar]
[10  2 14]
np.random.permutation(males)[0:n_mar]
[11  5 15]
np.random.permutation(males)[0:n_mar]
[13  9  1]
np.random.permutation(males)[0:n_mar]
[ 2 13  1]
np.random.permutation(males)[0:n_mar]
[4 1 6]
np.random.permutation(males)[0:n_mar]
[18 12 10]
np.random.permutation(males)[0:n_mar]
[15 20 22]
np.random.permutation(males)[0:n_mar]
[ 7 16  9]
np.random.permutation(males)[0:n_mar]
[ 6  0 15]
np.random.permutation(males)[0:n_mar]
[16  3 19]
np.random.permutation(males)[0:n_mar]
[14  5 22]
np.random.permutation(males)[0:n_mar]
[ 1 14 12]
np.random.permutation(males)[0:n_mar]
[ 8  6 17]
np.random.permutation(males)[0:n_mar]
[23 13  2]
np.random.permutation(males)[0:n_mar]
[10 14 12]
np.random.permutation(males)[0:n_mar]
[10  4 22]
np.random.permutation(males)[0:n_mar]
[ 9 21 13]
np.random.permutation(males)[0:n_mar]
[11  9  7]
np.random.permutation(males)[0:n_mar]
[ 8 17 13]
np.random.permutation(males)[0:n_mar]
[18  2 23]
np.random.permutation(males)[0:n_mar]
[15  7  8]
np.random.permutation(males)[0:n_mar]
[14  7  8]
np.random.permutation(males)[0:n_mar]
[16  8 15]
np.random.permutation(males)[0:n_mar]
[ 9 14  4]
np.random.permutation(males)[0:n_mar]
[ 0 13 10]
np.random.permutation(males)[0:n_mar]
[11  0  9]
np.random.permutation(males)[0:n_mar]
[2 7 5]
np.random.permutation(males)[0:n_mar]
[ 8 18  9]
np.random.permutation(males)[0:n_mar]
[ 6 22 16]
np.random.permutation(males)[0:n_mar]
[21 18 13]
np.random.permutation(males)[0:n_mar]
[ 4 23  2]
np.random.permutation(males)[0:n_mar]
[23 13  2]
np.random.permutation(males)[0:n_mar]
[ 5 16  0]
np.random.permutation(males)[0:n_mar]
[14  1  8]
np.random.permutation(males)[0:n_mar]
[21  2  6]
np.random.permutation(males)[0:n_mar]
[10  0 15]
np.random.permutation(males)[0:n_mar]
[15  4  7]
np.random.permutation(males)[0:n_mar]
[13  5 15]
np.random.permutation(males)[0:n_mar]
[12 19  4]
np.random.permutation(males)[0:n_mar]
[ 1 23 13]
np.random.permutation(males)[0:n_mar]
[22 19  0]
np.random.permutation(males)[0:n_mar]
[22  3 17]
np.random.permutation(males)[0:n_mar]
[22  4 21]
np.random.permutation(males)[0:n_mar]
[23  8 15]
np.random.permutation(males)[0:n_mar]
[15  3 13]
np.random.permutation(males)[0:n_mar]
[15  6  2]
np.random.permutation(males)[0:n_mar]
[11 23 15]
np.random.permutation(males)[0:n_mar]
[22  7 20]
np.random.permutation(males)[0:n_mar]
[19 11 12]
np.random.permutation(males)[0:n_mar]
[ 7 23 20]
np.random.permutation(males)[0:n_mar]
[4 7 9]
np.random.permutation(males)[0:n_mar]
[0 2 6]
np.random.permutation(males)[0:n_mar]
[ 6  1 23]
np.random.permutation(males)[0:n_mar]
[10 18 23]
np.random.permutation(males)[0:n_mar]
[ 9 16 12]
np.random.permutation(males)[0:n_mar]
[ 8  9 14]
np.random.permutation(males)[0:n_mar]
[14  3  4]
np.random.permutation(males)[0:n_mar]
[ 4 14 19]
np.random.permutation(males)[0:n_mar]
[18  6 12]
np.random.permutation(males)[0:n_mar]
[13  5 16]
np.random.permutation(males)[0:n_mar]
[ 0  1 12]
np.random.permutation(males)[0:n_mar]
[11 16  0]
np.random.permutation(males)[0:n_mar]
[ 8  2 10]
np.random.permutation(males)[0:n_mar]
[ 8 18 11]
np.random.permutation(males)[0:n_mar]
[13  2  5]
np.random.permutation(males)[0:n_mar]
[18  8  4]
np.random.permutation(males)[0:n_mar]
[16 17 11]
np.random.permutation(males)[0:n_mar]
[13 15 18]
np.random.permutation(males)[0:n_mar]
[20 14  6]
np.random.permutation(males)[0:n_mar]
[19 14  0]
np.random.permutation(males)[0:n_mar]
[11 13  5]
np.random.permutation(males)[0:n_mar]
[18 23 11]
np.random.permutation(males)[0:n_mar]
[14 10  4]
np.random.permutation(males)[0:n_mar]
[ 8  5 23]
np.random.permutation(males)[0:n_mar]
[14 23  3]
np.random.permutation(males)[0:n_mar]
[10  7 20]
np.random.permutation(males)[0:n_mar]
[10  7  5]
np.random.permutation(males)[0:n_mar]
[ 6 18  0]
np.random.permutation(males)[0:n_mar]
[ 2  3 19]
np.random.permutation(males)[0:n_mar]
[ 2 22  4]
np.random.permutation(males)[0:n_mar]
[20  6 15]
np.random.permutation(males)[0:n_mar]
[22  2 15]
np.random.permutation(males)[0:n_mar]
[14 23 10]
np.random.permutation(males)[0:n_mar]
[15  8  7]
np.random.permutation(males)[0:n_mar]
[ 0 22  1]
np.random.permutation(males)[0:n_mar]
[17 14 15]
np.random.permutation(males)[0:n_mar]
[19  3 13]
np.random.permutation(males)[0:n_mar]
[15 14 22]
np.random.permutation(males)[0:n_mar]
[3 1 2]
np.random.permutation(males)[0:n_mar]
[ 2  6 14]
np.random.permutation(males)[0:n_mar]
[22  7 12]
np.random.permutation(males)[0:n_mar]
[21 18 17]
np.random.permutation(males)[0:n_mar]
[ 4 13  8]
np.random.permutation(males)[0:n_mar]
[ 8  6 11]
np.random.permutation(males)[0:n_mar]
[ 8 20 22]
np.random.permutation(males)[0:n_mar]
[18 11 23]
np.random.permutation(males)[0:n_mar]
[23 14 11]
np.random.permutation(males)[0:n_mar]
[ 1  2 17]
np.random.permutation(males)[0:n_mar]
[ 6 12 11]
np.random.permutation(males)[0:n_mar]
[11 10 17]
np.random.permutation(males)[0:n_mar]
[ 3 22  4]
np.random.permutation(males)[0:n_mar]
[ 9  7 20]
np.random.permutation(males)[0:n_mar]
[12  0 23]
np.random.permutation(males)[0:n_mar]
[12  9  3]
np.random.permutation(males)[0:n_mar]
[16 18 12]
np.random.permutation(males)[0:n_mar]
[18  3  5]
np.random.permutation(males)[0:n_mar]
[ 1 15  6]
np.random.permutation(males)[0:n_mar]
[19 18 13]
np.random.permutation(males)[0:n_mar]
[19 22  2]
np.random.permutation(males)[0:n_mar]
[14  0 12]
np.random.permutation(males)[0:n_mar]
[ 6 11 17]
np.random.permutation(males)[0:n_mar]
[21 19 16]
np.random.permutation(males)[0:n_mar]
[ 2  1 12]
np.random.permutation(males)[0:n_mar]
[ 7 19  1]
np.random.permutation(males)[0:n_mar]
[18  7 16]
np.random.permutation(males)[0:n_mar]
[ 7  2 12]
np.random.permutation(males)[0:n_mar]
[ 1 13 11]
np.random.permutation(males)[0:n_mar]
[11  2  3]
np.random.permutation(males)[0:n_mar]
[ 2  8 18]
np.random.permutation(males)[0:n_mar]
[11 10 23]
np.random.permutation(males)[0:n_mar]
[14  5  2]
np.random.permutation(males)[0:n_mar]
[16  1  9]
np.random.permutation(males)[0:n_mar]
[16 20  7]
np.random.permutation(males)[0:n_mar]
[ 2 16 17]
np.random.permutation(males)[0:n_mar]
[11  7 18]
np.random.permutation(males)[0:n_mar]
[ 9 13 22]
np.random.permutation(males)[0:n_mar]
[ 2 21 13]
np.random.permutation(males)[0:n_mar]
[17  7  5]
np.random.permutation(males)[0:n_mar]
[17 23  3]
np.random.permutation(males)[0:n_mar]
[ 9  2 22]
np.random.permutation(males)[0:n_mar]
[ 4 10  7]
np.random.permutation(males)[0:n_mar]
[9 2 6]
np.random.permutation(males)[0:n_mar]
[22 15 18]
np.random.permutation(males)[0:n_mar]
[12 15 20]
np.random.permutation(males)[0:n_mar]
[21 18 19]
np.random.permutation(males)[0:n_mar]
[2 0 6]
np.random.permutation(males)[0:n_mar]
[14  7  4]
np.random.permutation(males)[0:n_mar]
[ 7 19  4]
np.random.permutation(males)[0:n_mar]
[ 4 16 21]
np.random.permutation(males)[0:n_mar]
[23  3  1]
np.random.permutation(males)[0:n_mar]
[10  8 14]
np.random.permutation(males)[0:n_mar]
[18  6 11]
np.random.permutation(males)[0:n_mar]
[17 15  0]
np.random.permutation(males)[0:n_mar]
[ 5 14 21]
np.random.permutation(males)[0:n_mar]
[11  1 17]
np.random.permutation(males)[0:n_mar]
[18  6 15]
np.random.permutation(males)[0:n_mar]
[ 3 14  2]
np.random.permutation(males)[0:n_mar]
[ 5 21 11]
np.random.permutation(males)[0:n_mar]
[ 1 12 15]
np.random.permutation(males)[0:n_mar]
[18  2 22]
np.random.permutation(males)[0:n_mar]
[ 3 14  6]
np.random.permutation(males)[0:n_mar]
[21 16 23]
np.random.permutation(males)[0:n_mar]
[18 13 11]
np.random.permutation(males)[0:n_mar]
[ 4  0 18]
np.random.permutation(males)[0:n_mar]
[13  0 10]
np.random.permutation(males)[0:n_mar]
[20  6  0]
np.random.permutation(males)[0:n_mar]
[17 14  4]
np.random.permutation(males)[0:n_mar]
[11  9 17]
np.random.permutation(males)[0:n_mar]
[16 15 14]
np.random.permutation(males)[0:n_mar]
[1 8 2]
np.random.permutation(males)[0:n_mar]
[13 12  9]
np.random.permutation(males)[0:n_mar]
[21 10  1]
np.random.permutation(males)[0:n_mar]
[ 4  0 13]
np.random.permutation(males)[0:n_mar]
[21 22 10]
np.random.permutation(males)[0:n_mar]
[ 5 21  9]
np.random.permutation(males)[0:n_mar]
[ 7 21 19]
np.random.permutation(males)[0:n_mar]
[ 2  4 20]
np.random.permutation(males)[0:n_mar]
[23 17  6]
np.random.permutation(males)[0:n_mar]
[10  5 22]
np.random.permutation(males)[0:n_mar]
[22 19 21]
np.random.permutation(males)[0:n_mar]
[ 6 16  4]
np.random.permutation(males)[0:n_mar]
[6 4 1]
np.random.permutation(males)[0:n_mar]
[17 12  7]
np.random.permutation(males)[0:n_mar]
[ 5  2 16]
np.random.permutation(males)[0:n_mar]
[ 3 23 21]
np.random.permutation(males)[0:n_mar]
[18 16  0]
np.random.permutation(males)[0:n_mar]
[ 0  2 11]
np.random.permutation(males)[0:n_mar]
[7 8 1]
np.random.permutation(males)[0:n_mar]
[ 2 18  6]
np.random.permutation(males)[0:n_mar]
[23 17 22]
np.random.permutation(males)[0:n_mar]
[10 16 17]
np.random.permutation(males)[0:n_mar]
[11  0  5]
np.random.permutation(males)[0:n_mar]
[23 11 15]
np.random.permutation(males)[0:n_mar]
[19  0  4]
np.random.permutation(males)[0:n_mar]
[ 5 20  6]
np.random.permutation(males)[0:n_mar]
[10  3 15]
np.random.permutation(males)[0:n_mar]
[ 1 23  6]
np.random.permutation(males)[0:n_mar]
[ 9 14 19]
np.random.permutation(males)[0:n_mar]
[ 8  4 12]
np.random.permutation(males)[0:n_mar]
[9 8 7]
np.random.permutation(males)[0:n_mar]
[13 23  8]
np.random.permutation(males)[0:n_mar]
[4 0 1]
np.random.permutation(males)[0:n_mar]
[ 9 14  0]
np.random.permutation(males)[0:n_mar]
[23  5  4]
np.random.permutation(males)[0:n_mar]
[ 9 22  3]
np.random.permutation(males)[0:n_mar]
[17 16 14]
np.random.permutation(males)[0:n_mar]
[ 4  5 11]
np.random.permutation(males)[0:n_mar]
[14 17  4]
np.random.permutation(males)[0:n_mar]
[22  2 19]
np.random.permutation(males)[0:n_mar]
[ 7 13 15]
np.random.permutation(males)[0:n_mar]
[ 9 19 23]
np.random.permutation(males)[0:n_mar]
[10 12  6]
np.random.permutation(males)[0:n_mar]
[11 17 10]
np.random.permutation(males)[0:n_mar]
[ 6  5 16]
np.random.permutation(males)[0:n_mar]
[14 23 13]
np.random.permutation(males)[0:n_mar]
[ 6 16  0]
np.random.permutation(males)[0:n_mar]
[12 15  4]
np.random.permutation(males)[0:n_mar]
[ 4  2 19]
np.random.permutation(males)[0:n_mar]
[16 13 22]
np.random.permutation(males)[0:n_mar]
[4 5 3]
np.random.permutation(males)[0:n_mar]
[23  9  0]
np.random.permutation(males)[0:n_mar]
[ 3 12 18]
np.random.permutation(males)[0:n_mar]
[15 13 10]
np.random.permutation(males)[0:n_mar]
[18  9  2]
np.random.permutation(males)[0:n_mar]
[10  8  0]
np.random.permutation(males)[0:n_mar]
[ 7 14 15]
np.random.permutation(males)[0:n_mar]
[ 0 17 20]
np.random.permutation(males)[0:n_mar]
[15 17  7]
np.random.permutation(males)[0:n_mar]
[ 7 22  5]
np.random.permutation(males)[0:n_mar]
[ 5  4 15]
np.random.permutation(males)[0:n_mar]
[ 7  6 19]
np.random.permutation(males)[0:n_mar]
[20 17  9]
np.random.permutation(males)[0:n_mar]
[11  6 10]
np.random.permutation(males)[0:n_mar]
[14 16 11]
np.random.permutation(males)[0:n_mar]
[21  6  0]
np.random.permutation(males)[0:n_mar]
[11 17  8]
np.random.permutation(males)[0:n_mar]
[ 4  9 13]
np.random.permutation(males)[0:n_mar]
[18 20 22]
np.random.permutation(males)[0:n_mar]
[23 10 22]
np.random.permutation(males)[0:n_mar]
[3 4 5]
np.random.permutation(males)[0:n_mar]
[17 16 23]
np.random.permutation(males)[0:n_mar]
[ 3 13  4]
np.random.permutation(males)[0:n_mar]
[22 19  4]
np.random.permutation(males)[0:n_mar]
[14  8 23]
np.random.permutation(males)[0:n_mar]
[ 2 19 13]
np.random.permutation(males)[0:n_mar]
[ 7 21 19]
np.random.permutation(males)[0:n_mar]
[21 12  6]
np.random.permutation(males)[0:n_mar]
[22 23  3]
np.random.permutation(males)[0:n_mar]
[22 14 11]
np.random.permutation(males)[0:n_mar]
[ 7 12  1]
np.random.permutation(males)[0:n_mar]
[ 5 23 13]
np.random.permutation(males)[0:n_mar]
[11  1 17]
np.random.permutation(males)[0:n_mar]
[18 13  0]
np.random.permutation(males)[0:n_mar]
[16  7 15]
np.random.permutation(males)[0:n_mar]
[ 6 11  1]
np.random.permutation(males)[0:n_mar]
[14 11  7]
np.random.permutation(males)[0:n_mar]
[14 22  4]
np.random.permutation(males)[0:n_mar]
[ 0 21 14]
np.random.permutation(males)[0:n_mar]
[ 4 13  2]
np.random.permutation(males)[0:n_mar]
[23 12  8]
np.random.permutation(males)[0:n_mar]
[17  7 14]
np.random.permutation(males)[0:n_mar]
[11 20  4]
np.random.permutation(males)[0:n_mar]
[ 3 22 16]
np.random.permutation(males)[0:n_mar]
[2 6 3]
np.random.permutation(males)[0:n_mar]
[21 14  9]
np.random.permutation(males)[0:n_mar]
[ 7 23  5]
np.random.permutation(males)[0:n_mar]
[19 15  4]
np.random.permutation(males)[0:n_mar]
[18 14 11]
np.random.permutation(males)[0:n_mar]
[ 4  5 13]
np.random.permutation(males)[0:n_mar]
[21 13  8]
np.random.permutation(males)[0:n_mar]
[ 5 11  4]
np.random.permutation(males)[0:n_mar]
[23  3 16]
np.random.permutation(males)[0:n_mar]
[13 17  3]
np.random.permutation(males)[0:n_mar]
[ 4  8 20]
np.random.permutation(males)[0:n_mar]
[15  1  8]
np.random.permutation(males)[0:n_mar]
[16  3  0]
np.random.permutation(males)[0:n_mar]
[21  0 11]
np.random.permutation(males)[0:n_mar]
[6 5 2]
np.random.permutation(males)[0:n_mar]
[21 23 12]
np.random.permutation(males)[0:n_mar]
[18  1 17]
np.random.permutation(males)[0:n_mar]
[ 6  4 21]
np.random.permutation(males)[0:n_mar]
[13 22  9]
np.random.permutation(males)[0:n_mar]
[15 18  3]
np.random.permutation(males)[0:n_mar]
[20 17  1]
np.random.permutation(males)[0:n_mar]
[ 1 17  3]
np.random.permutation(males)[0:n_mar]
[ 7  0 10]
np.random.permutation(males)[0:n_mar]
[19 17 23]
np.random.permutation(males)[0:n_mar]
[12 15 11]
np.random.permutation(males)[0:n_mar]
[23 17 19]
np.random.permutation(males)[0:n_mar]
[21 10 20]
np.random.permutation(males)[0:n_mar]
[0 6 3]
np.random.permutation(males)[0:n_mar]
[15  3  0]
np.random.permutation(males)[0:n_mar]
[13  5  3]
np.random.permutation(males)[0:n_mar]
[3 9 6]
np.random.permutation(males)[0:n_mar]
[13  7  5]
np.random.permutation(males)[0:n_mar]
[ 9 14 15]
np.random.permutation(males)[0:n_mar]
[ 4  6 13]
np.random.permutation(males)[0:n_mar]
[20 22  9]
np.random.permutation(males)[0:n_mar]
[10 22 13]
np.random.permutation(males)[0:n_mar]
[ 3 16  8]
np.random.permutation(males)[0:n_mar]
[8 7 5]
np.random.permutation(males)[0:n_mar]
[16  5  8]
np.random.permutation(males)[0:n_mar]
[19 14  7]
np.random.permutation(males)[0:n_mar]
[16 19  4]
np.random.permutation(males)[0:n_mar]
[16  7 15]
np.random.permutation(males)[0:n_mar]
[13  1  9]
np.random.permutation(males)[0:n_mar]
[20 21 22]
np.random.permutation(males)[0:n_mar]
[11  0 17]
np.random.permutation(males)[0:n_mar]
[3 2 8]
np.random.permutation(males)[0:n_mar]
[14 16  1]
np.random.permutation(males)[0:n_mar]
[20 16  0]
np.random.permutation(males)[0:n_mar]
[20  4  9]
np.random.permutation(males)[0:n_mar]
[22 13 21]
np.random.permutation(males)[0:n_mar]
[21 13 16]
np.random.permutation(males)[0:n_mar]
[11 15 18]
np.random.permutation(males)[0:n_mar]
[ 2 11  7]
np.random.permutation(males)[0:n_mar]
[6 3 4]
np.random.permutation(males)[0:n_mar]
[22 14 23]
np.random.permutation(males)[0:n_mar]
[10  5 20]
np.random.permutation(males)[0:n_mar]
[ 6 23 13]
np.random.permutation(males)[0:n_mar]
[7 3 8]
np.random.permutation(males)[0:n_mar]
[ 6 18 13]
np.random.permutation(males)[0:n_mar]
[13  7  3]
np.random.permutation(males)[0:n_mar]
[18 17  3]
np.random.permutation(males)[0:n_mar]
[11 15 20]
np.random.permutation(males)[0:n_mar]
[10  2 11]
np.random.permutation(males)[0:n_mar]
[ 4 10  5]
np.random.permutation(males)[0:n_mar]
[18 10 13]
np.random.permutation(males)[0:n_mar]
[ 1  3 19]
np.random.permutation(males)[0:n_mar]
[19  0  5]
np.random.permutation(males)[0:n_mar]
[12 20 19]
np.random.permutation(males)[0:n_mar]
[21 19 20]
np.random.permutation(males)[0:n_mar]
[14  0 20]
np.random.permutation(males)[0:n_mar]
[23 20 11]
np.random.permutation(males)[0:n_mar]
[14 13 19]
np.random.permutation(males)[0:n_mar]
[ 0 13  1]
np.random.permutation(males)[0:n_mar]
[20 23  2]
np.random.permutation(males)[0:n_mar]
[21  6 22]
np.random.permutation(males)[0:n_mar]
[ 6 21 19]
np.random.permutation(males)[0:n_mar]
[18  9  2]
np.random.permutation(males)[0:n_mar]
[15 23 17]
np.random.permutation(males)[0:n_mar]
[ 3 13 22]
np.random.permutation(males)[0:n_mar]
[ 8 18 13]
np.random.permutation(males)[0:n_mar]
[22  7 23]
np.random.permutation(males)[0:n_mar]
[ 0 14 19]
np.random.permutation(males)[0:n_mar]
[14 22  9]
np.random.permutation(males)[0:n_mar]
[10  6 23]
np.random.permutation(males)[0:n_mar]
[21 18 12]
np.random.permutation(males)[0:n_mar]
[ 0  8 10]
np.random.permutation(males)[0:n_mar]
[3 0 6]
np.random.permutation(males)[0:n_mar]
[ 2 21  8]
np.random.permutation(males)[0:n_mar]
[ 4  6 23]
np.random.permutation(males)[0:n_mar]
[18  2 21]
np.random.permutation(males)[0:n_mar]
[15  9  3]
np.random.permutation(males)[0:n_mar]
[ 3 21  6]
np.random.permutation(males)[0:n_mar]
[ 9  5 14]
np.random.permutation(males)[0:n_mar]
[23  1 12]
np.random.permutation(males)[0:n_mar]
[ 1 13 15]
np.random.permutation(males)[0:n_mar]
[10 19  0]
np.random.permutation(males)[0:n_mar]
[ 6 10 19]
np.random.permutation(males)[0:n_mar]
[ 9 10  5]
np.random.permutation(males)[0:n_mar]
[ 9 10  8]
np.random.permutation(males)[0:n_mar]
[ 7  2 21]
np.random.permutation(males)[0:n_mar]
[ 0 19 16]
np.random.permutation(males)[0:n_mar]
[14 12 15]
np.random.permutation(males)[0:n_mar]
[18 23  9]
np.random.permutation(males)[0:n_mar]
[19 15 11]
np.random.permutation(males)[0:n_mar]
[23 10  5]
np.random.permutation(males)[0:n_mar]
[16  3  5]
np.random.permutation(males)[0:n_mar]
[16 19 23]
np.random.permutation(males)[0:n_mar]
[ 9 14 16]
np.random.permutation(males)[0:n_mar]
[22  3 12]
np.random.permutation(males)[0:n_mar]
[18 23  5]
np.random.permutation(males)[0:n_mar]
[18 17  2]
np.random.permutation(males)[0:n_mar]
[ 1 19 15]
np.random.permutation(males)[0:n_mar]
[ 8 11  3]
np.random.permutation(males)[0:n_mar]
[ 3  7 17]
np.random.permutation(males)[0:n_mar]
[ 3 16 13]
np.random.permutation(males)[0:n_mar]
[21  2  1]
np.random.permutation(males)[0:n_mar]
[12 22 17]
np.random.permutation(males)[0:n_mar]
[15 12  5]
np.random.permutation(males)[0:n_mar]
[14 16  3]
np.random.permutation(males)[0:n_mar]
[ 1 12 15]
np.random.permutation(males)[0:n_mar]
[ 3  8 19]
np.random.permutation(males)[0:n_mar]
[19  9 23]
np.random.permutation(males)[0:n_mar]
[12 14 16]
np.random.permutation(males)[0:n_mar]
[ 4 19 14]
np.random.permutation(males)[0:n_mar]
[8 3 6]
np.random.permutation(males)[0:n_mar]
[ 0 19  8]
np.random.permutation(males)[0:n_mar]
[10 17 23]
np.random.permutation(males)[0:n_mar]
[17 11  1]
np.random.permutation(males)[0:n_mar]
[11  7 23]
np.random.permutation(males)[0:n_mar]
[21 20 18]
np.random.permutation(males)[0:n_mar]
[ 6 12 11]
