np.random.permutation(males)[0:n_mar]
[ 9  3  2 11 18 17]
np.random.permutation(males)[0:n_mar]
[ 6 15 10 12  3  7]
np.random.permutation(males)[0:n_mar]
[ 0  1  2  9 20 14]
np.random.permutation(males)[0:n_mar]
[20  5  8  9 12  1]
np.random.permutation(males)[0:n_mar]
[23  0 10 20 15 16]
np.random.permutation(males)[0:n_mar]
[ 5 21  9  2  0 15]
np.random.permutation(males)[0:n_mar]
[19 11  6 12  1 18]
np.random.permutation(males)[0:n_mar]
[11 22 13  5 18 21]
np.random.permutation(males)[0:n_mar]
[ 9 22 14 11 17 15]
np.random.permutation(males)[0:n_mar]
[ 5 22 21 23  1 13]
np.random.permutation(males)[0:n_mar]
[ 2  4 17  9 19 10]
np.random.permutation(males)[0:n_mar]
[22  3  9  4 18 11]
np.random.permutation(males)[0:n_mar]
[15 20  6 13  3 22]
np.random.permutation(males)[0:n_mar]
[ 0  3 18 11  2 15]
np.random.permutation(males)[0:n_mar]
[ 4 15 14 10 11  1]
np.random.permutation(males)[0:n_mar]
[ 0 14  8 11 17 19]
np.random.permutation(males)[0:n_mar]
[10 22  5 15 11  4]
np.random.permutation(males)[0:n_mar]
[22  0  6 13 16  9]
np.random.permutation(males)[0:n_mar]
[ 1 19 21 11 15 22]
np.random.permutation(males)[0:n_mar]
[21 13  9 23  3  4]
np.random.permutation(males)[0:n_mar]
[21  3 12  2 17 22]
np.random.permutation(males)[0:n_mar]
[ 9  6  3  4 20 15]
np.random.permutation(males)[0:n_mar]
[ 1  8  3 23  5 16]
np.random.permutation(males)[0:n_mar]
[11  9  0 14 22 12]
np.random.permutation(males)[0:n_mar]
[ 1 21 11  3 16 23]
np.random.permutation(males)[0:n_mar]
[ 4 17 14  9  2  1]
np.random.permutation(males)[0:n_mar]
[ 0 12 10 21 16 23]
np.random.permutation(males)[0:n_mar]
[11 10 14 19  1  5]
np.random.permutation(males)[0:n_mar]
[ 7 19  2 22  9 14]
np.random.permutation(males)[0:n_mar]
[18  5 11 20 16 23]
np.random.permutation(males)[0:n_mar]
[10 11 20 23  3  5]
np.random.permutation(males)[0:n_mar]
[15 16 14  6 21  9]
np.random.permutation(males)[0:n_mar]
[16 18  4 22  9  0]
np.random.permutation(males)[0:n_mar]
[ 1  4 13 22 14 20]
np.random.permutation(males)[0:n_mar]
[ 3 12 22 23 21 17]
np.random.permutation(males)[0:n_mar]
[ 7  6 15  1 18  3]
np.random.permutation(males)[0:n_mar]
[17 13  0 11  7 22]
np.random.permutation(males)[0:n_mar]
[21 17  6  4 20  7]
np.random.permutation(males)[0:n_mar]
[ 2 20 19 18  7 16]
np.random.permutation(males)[0:n_mar]
[18 10 16 17 20  5]
np.random.permutation(males)[0:n_mar]
[ 2  8  9 13 18  0]
np.random.permutation(males)[0:n_mar]
[11 21 20  2 12  5]
np.random.permutation(males)[0:n_mar]
[ 7 20 19  1 13 14]
np.random.permutation(males)[0:n_mar]
[14 22  7  8  9  4]
np.random.permutation(males)[0:n_mar]
[16  6  7 13 23  9]
np.random.permutation(males)[0:n_mar]
[22 11  9  7 21 10]
np.random.permutation(males)[0:n_mar]
[10 13  5  9  6 23]
np.random.permutation(males)[0:n_mar]
[22 14  1  2 19  8]
np.random.permutation(males)[0:n_mar]
[ 7 23  2 16  3 12]
np.random.permutation(males)[0:n_mar]
[ 0 15  6  5 14 23]
np.random.permutation(males)[0:n_mar]
[ 7  2 12  9  4  0]
np.random.permutation(males)[0:n_mar]
[15  1 19  4 20 10]
np.random.permutation(males)[0:n_mar]
[14  6 10 19 17  1]
np.random.permutation(males)[0:n_mar]
[11  5 10  0 17  2]
np.random.permutation(males)[0:n_mar]
[20  9 10  3 12  6]
np.random.permutation(males)[0:n_mar]
[ 4 18  2 19  6 12]
np.random.permutation(males)[0:n_mar]
[15  1 23 10 22  7]
np.random.permutation(males)[0:n_mar]
[18 20 21  6  0 23]
np.random.permutation(males)[0:n_mar]
[14 13 18 11  1  5]
np.random.permutation(males)[0:n_mar]
[17 18 21 13 22  2]
np.random.permutation(males)[0:n_mar]
[ 5 15 16  1 13 11]
np.random.permutation(males)[0:n_mar]
[20  4 19  3  5  6]
np.random.permutation(males)[0:n_mar]
[10  3  1 20  5  9]
np.random.permutation(males)[0:n_mar]
[ 8 10 23  7  1  4]
np.random.permutation(males)[0:n_mar]
[22  0 18 13 11 17]
np.random.permutation(males)[0:n_mar]
[ 0 16  8 19 17 18]
np.random.permutation(males)[0:n_mar]
[12 20  2 18 19  3]
np.random.permutation(males)[0:n_mar]
[19  6 23 14 20 15]
np.random.permutation(males)[0:n_mar]
[11  2 13  6 15 23]
np.random.permutation(males)[0:n_mar]
[17  1 12  4  0 20]
np.random.permutation(males)[0:n_mar]
[ 4  7 11 18 20 17]
np.random.permutation(males)[0:n_mar]
[12  8 16 21 13 19]
np.random.permutation(males)[0:n_mar]
[ 5 17  4  1  8 11]
np.random.permutation(males)[0:n_mar]
[22 15 20  4  8 10]
np.random.permutation(males)[0:n_mar]
[17  2 21 14  9 13]
np.random.permutation(males)[0:n_mar]
[ 5 14 20 23  7  9]
np.random.permutation(males)[0:n_mar]
[ 8 20 18  2 12 13]
np.random.permutation(males)[0:n_mar]
[14 22 11  3 20  1]
np.random.permutation(males)[0:n_mar]
[11 19  6 21  7 18]
np.random.permutation(males)[0:n_mar]
[19  7 12  5 21  2]
np.random.permutation(males)[0:n_mar]
[17 15  2 19  8 14]
np.random.permutation(males)[0:n_mar]
[20  6  8  1  7  4]
np.random.permutation(males)[0:n_mar]
[ 3  1 14 23 18 16]
np.random.permutation(males)[0:n_mar]
[ 6  0 15 19  5  4]
np.random.permutation(males)[0:n_mar]
[14 10  7 20 11  2]
np.random.permutation(males)[0:n_mar]
[15  6 13  5  9 10]
np.random.permutation(males)[0:n_mar]
[20 15  5 23 10  6]
np.random.permutation(males)[0:n_mar]
[ 0  4  7 11 14 18]
np.random.permutation(males)[0:n_mar]
[17  8  0 15  3 10]
np.random.permutation(males)[0:n_mar]
[12  1 11  8 15 21]
np.random.permutation(males)[0:n_mar]
[23 22  3 17 12 15]
np.random.permutation(males)[0:n_mar]
[ 2 21 22 16 14 10]
np.random.permutation(males)[0:n_mar]
[ 0 17  3  6 14 10]
np.random.permutation(males)[0:n_mar]
[20  8  7 18 17 16]
np.random.permutation(males)[0:n_mar]
[15 11 17 18  7 20]
np.random.permutation(males)[0:n_mar]
[11 23  0 15  2 19]
np.random.permutation(males)[0:n_mar]
[11 18 13 19  8 20]
np.random.permutation(males)[0:n_mar]
[ 8 18 13  7 11 20]
np.random.permutation(males)[0:n_mar]
[19  2 18 14 22  5]
np.random.permutation(males)[0:n_mar]
[21 11  3 12 22 23]
np.random.permutation(males)[0:n_mar]
[ 3 12  7 16 23  1]
np.random.permutation(males)[0:n_mar]
[20 14 12 16  8 15]
np.random.permutation(males)[0:n_mar]
[17 14 12 19  1 15]
np.random.permutation(males)[0:n_mar]
[23 17 21  1  3  5]
np.random.permutation(males)[0:n_mar]
[ 1 13  9 16 15  7]
np.random.permutation(males)[0:n_mar]
[ 2  7 11  3 18 10]
np.random.permutation(males)[0:n_mar]
[ 0 20  4 19  5  8]
np.random.permutation(males)[0:n_mar]
[22  7  2  4 14 21]
np.random.permutation(males)[0:n_mar]
[13 23  3 22 18  5]
np.random.permutation(males)[0:n_mar]
[ 4 18  6 20  9 11]
np.random.permutation(males)[0:n_mar]
[19 15  4 14  2 22]
np.random.permutation(males)[0:n_mar]
[15  9  7 19  5 12]
np.random.permutation(males)[0:n_mar]
[20 11 18  6  2 16]
np.random.permutation(males)[0:n_mar]
[12 13 16 21 20  5]
np.random.permutation(males)[0:n_mar]
[ 6  1  0  8 18  2]
np.random.permutation(males)[0:n_mar]
[19  3 10 23 17 12]
np.random.permutation(males)[0:n_mar]
[21 17  1 14  8 10]
np.random.permutation(males)[0:n_mar]
[ 5 21  3 18 10 17]
np.random.permutation(males)[0:n_mar]
[ 7  2 23 13  0 10]
np.random.permutation(males)[0:n_mar]
[ 5  2  8 10 18 16]
np.random.permutation(males)[0:n_mar]
[11 18 16  6 12  1]
np.random.permutation(males)[0:n_mar]
[21  3  4  6  8 17]
np.random.permutation(males)[0:n_mar]
[17  5 19 23 13  9]
np.random.permutation(males)[0:n_mar]
[12 11 19 10 16  2]
np.random.permutation(males)[0:n_mar]
[ 4  6 10 19 18  8]
np.random.permutation(males)[0:n_mar]
[19 13 21  9  5 15]
np.random.permutation(males)[0:n_mar]
[18 10 13 11  9  7]
np.random.permutation(males)[0:n_mar]
[15  9  5  6 16 22]
np.random.permutation(males)[0:n_mar]
[15  6 17 16  2  3]
np.random.permutation(males)[0:n_mar]
[18  3 21  9 11 22]
np.random.permutation(males)[0:n_mar]
[21  1  8 23  2  0]
np.random.permutation(males)[0:n_mar]
[ 0  5 13 23 21 19]
np.random.permutation(males)[0:n_mar]
[ 7 10  3 14 17  6]
np.random.permutation(males)[0:n_mar]
[17  7  4 23 18 14]
np.random.permutation(males)[0:n_mar]
[22 14 11 20 17 15]
np.random.permutation(males)[0:n_mar]
[21 23 14  9 22 17]
np.random.permutation(males)[0:n_mar]
[ 5  7 19  8 22  4]
np.random.permutation(males)[0:n_mar]
[17 10 22  1 20 21]
np.random.permutation(males)[0:n_mar]
[ 3 17 15  7  1  9]
np.random.permutation(males)[0:n_mar]
[ 4 19 14  5  6  1]
np.random.permutation(males)[0:n_mar]
[16 10  9 15 18 14]
np.random.permutation(males)[0:n_mar]
[14  3  1 19 16  5]
np.random.permutation(males)[0:n_mar]
[14  2  1  6  3  4]
np.random.permutation(males)[0:n_mar]
[ 0 11 19 10 21  6]
np.random.permutation(males)[0:n_mar]
[20 16 17 13 22  7]
np.random.permutation(males)[0:n_mar]
[18 20 16 19 23  4]
np.random.permutation(males)[0:n_mar]
[13 22 14 11 21 18]
np.random.permutation(males)[0:n_mar]
[10  1 19  4  9 13]
np.random.permutation(males)[0:n_mar]
[2 7 4 9 0 6]
np.random.permutation(males)[0:n_mar]
[15  0 17 19  2  1]
np.random.permutation(males)[0:n_mar]
[ 9 13  7  0 10 21]
np.random.permutation(males)[0:n_mar]
[ 0  5  8  2 18 16]
np.random.permutation(males)[0:n_mar]
[ 3 13 19 21  8  1]
np.random.permutation(males)[0:n_mar]
[ 2  7 19  6 16  4]
np.random.permutation(males)[0:n_mar]
[14  0 11 17 21 18]
np.random.permutation(males)[0:n_mar]
[15 18 20 13 19 17]
np.random.permutation(males)[0:n_mar]
[ 7 10 19 13  1  5]
np.random.permutation(males)[0:n_mar]
[ 2 10  0 13  6 11]
np.random.permutation(males)[0:n_mar]
[17 11  7  0 22 19]
np.random.permutation(males)[0:n_mar]
[ 3 14  4 15 19 10]
np.random.permutation(males)[0:n_mar]
[22 20  2  8 17 13]
np.random.permutation(males)[0:n_mar]
[20  8  1 22  5  0]
np.random.permutation(males)[0:n_mar]
[ 6  0 21  3 15  8]
np.random.permutation(males)[0:n_mar]
[ 0 16  8 19 12 18]
np.random.permutation(males)[0:n_mar]
[ 2  8  1  7  4 10]
np.random.permutation(males)[0:n_mar]
[12 18 11 22  2  0]
np.random.permutation(males)[0:n_mar]
[ 1 16 18 21  8 10]
np.random.permutation(males)[0:n_mar]
[ 3  8 12 11 16  5]
np.random.permutation(males)[0:n_mar]
[12  1 18 15  7 11]
np.random.permutation(males)[0:n_mar]
[ 1  6  8 11  2 17]
np.random.permutation(males)[0:n_mar]
[21  1 10 23  5 17]
np.random.permutation(males)[0:n_mar]
[19  6  9  3 13  2]
np.random.permutation(males)[0:n_mar]
[11 12  9  2  5 23]
np.random.permutation(males)[0:n_mar]
[21 11 13  1  8  5]
np.random.permutation(males)[0:n_mar]
[10  2  5  0  8 13]
np.random.permutation(males)[0:n_mar]
[18 15 16  2  6 21]
np.random.permutation(males)[0:n_mar]
[10 20 23 18 14  2]
np.random.permutation(males)[0:n_mar]
[ 7 14 10  5 20  0]
np.random.permutation(males)[0:n_mar]
[ 9  6 15  2 22 12]
np.random.permutation(males)[0:n_mar]
[ 3 21 13  5 10  0]
np.random.permutation(males)[0:n_mar]
[23  1 21  2  4  8]
np.random.permutation(males)[0:n_mar]
[16  7  4  3 17 15]
np.random.permutation(males)[0:n_mar]
[22 15 19  4 18  5]
np.random.permutation(males)[0:n_mar]
[ 6 14 22 11  7  3]
np.random.permutation(males)[0:n_mar]
[21 18 20 16  8  0]
np.random.permutation(males)[0:n_mar]
[17 20 21  5 11  4]
np.random.permutation(males)[0:n_mar]
[ 3 14 16 23  1 21]
np.random.permutation(males)[0:n_mar]
[ 8  7 17 21  9  3]
np.random.permutation(males)[0:n_mar]
[10 18 15  5  1 14]
np.random.permutation(males)[0:n_mar]
[16  9  2 11 17  6]
np.random.permutation(males)[0:n_mar]
[15 14 22  4  9 23]
np.random.permutation(males)[0:n_mar]
[22  9  0 20 12  1]
np.random.permutation(males)[0:n_mar]
[18  4 22  2 10 11]
np.random.permutation(males)[0:n_mar]
[17  8  7  6 23 14]
np.random.permutation(males)[0:n_mar]
[16 20 13  7  0 18]
np.random.permutation(males)[0:n_mar]
[13  5 12  0 11 10]
np.random.permutation(males)[0:n_mar]
[18 21  4 12 23  9]
np.random.permutation(males)[0:n_mar]
[20 10  2  9  7 15]
np.random.permutation(males)[0:n_mar]
[19 12 11 16 10 21]
np.random.permutation(males)[0:n_mar]
[10  2 19 20 12 22]
np.random.permutation(males)[0:n_mar]
[ 7  0  9 11 20  3]
np.random.permutation(males)[0:n_mar]
[ 7 11  9 13 14 15]
np.random.permutation(males)[0:n_mar]
[19  8 10 16 15  3]
np.random.permutation(males)[0:n_mar]
[21  4  7 14 10  5]
np.random.permutation(males)[0:n_mar]
[ 8 19 18 12  4  2]
np.random.permutation(males)[0:n_mar]
[ 5 21  3 16  7 11]
np.random.permutation(males)[0:n_mar]
[13  6 17 15 23 19]
np.random.permutation(males)[0:n_mar]
[11 12 14  9 21  3]
np.random.permutation(males)[0:n_mar]
[12 13  4  2 17 14]
np.random.permutation(males)[0:n_mar]
[ 0 16 14 21  9 10]
np.random.permutation(males)[0:n_mar]
[ 8 12 16  5 11  6]
np.random.permutation(males)[0:n_mar]
[14 15  3  5 16 18]
np.random.permutation(males)[0:n_mar]
[ 6  1 20 21 14  7]
np.random.permutation(males)[0:n_mar]
[ 1  2 21 13 23  7]
np.random.permutation(males)[0:n_mar]
[23 11 10  5 19 17]
np.random.permutation(males)[0:n_mar]
[ 5  1 22 13 23  9]
np.random.permutation(males)[0:n_mar]
[ 3 12 14 20  0 13]
np.random.permutation(males)[0:n_mar]
[ 4  5 21 13  3 10]
np.random.permutation(males)[0:n_mar]
[17 11  4 23 13 18]
np.random.permutation(males)[0:n_mar]
[ 8 22 18 16 21  2]
np.random.permutation(males)[0:n_mar]
[20 18 21  9  2  3]
np.random.permutation(males)[0:n_mar]
[10 14  4 15 22 12]
np.random.permutation(males)[0:n_mar]
[13  1 18  5  9  7]
np.random.permutation(males)[0:n_mar]
[ 3 15  9 13  6 22]
np.random.permutation(males)[0:n_mar]
[17  0 18 23 22 12]
np.random.permutation(males)[0:n_mar]
[13  6  8  5  3 18]
np.random.permutation(males)[0:n_mar]
[15  2  5  7 20 14]
np.random.permutation(males)[0:n_mar]
[ 2  0 22 16 18 17]
np.random.permutation(males)[0:n_mar]
[11 13 17 19  1 22]
np.random.permutation(males)[0:n_mar]
[17  5 22 16  1 11]
np.random.permutation(males)[0:n_mar]
[19  7  5 18  8 15]
np.random.permutation(males)[0:n_mar]
[13 14 23  9 22  3]
np.random.permutation(males)[0:n_mar]
[ 1  4  6  3 13 14]
np.random.permutation(males)[0:n_mar]
[15  7 23 17 22  1]
np.random.permutation(males)[0:n_mar]
[ 3  9 22  5  6 12]
np.random.permutation(males)[0:n_mar]
[22 10  0  8 20  6]
np.random.permutation(males)[0:n_mar]
[15  8  2 13  7  5]
np.random.permutation(males)[0:n_mar]
[13  3  4 21 17  9]
np.random.permutation(males)[0:n_mar]
[ 1 13  4 15 22 21]
np.random.permutation(males)[0:n_mar]
[ 8 10  1 18  9 17]
np.random.permutation(males)[0:n_mar]
[ 5 21 18  4  8 13]
np.random.permutation(males)[0:n_mar]
[ 0 22  1  3 16 14]
np.random.permutation(males)[0:n_mar]
[15  3 18  7 17  0]
np.random.permutation(males)[0:n_mar]
[23 13  4  5  7 11]
np.random.permutation(males)[0:n_mar]
[ 6  3  5  8  2 18]
np.random.permutation(males)[0:n_mar]
[ 1  6  7 15 21  0]
np.random.permutation(males)[0:n_mar]
[ 0 22  2  1 10  3]
np.random.permutation(males)[0:n_mar]
[15 23 19 21  2  7]
np.random.permutation(males)[0:n_mar]
[19 17  6  0  1 18]
np.random.permutation(males)[0:n_mar]
[ 8 22  2  0 23 11]
np.random.permutation(males)[0:n_mar]
[ 5 19 11  7 15 13]
np.random.permutation(males)[0:n_mar]
[ 5 17 12 16  9  1]
np.random.permutation(males)[0:n_mar]
[ 0 23  2 10 11  4]
np.random.permutation(males)[0:n_mar]
[19 18 22  1  0  9]
np.random.permutation(males)[0:n_mar]
[ 6  7 13  1 20 22]
np.random.permutation(males)[0:n_mar]
[ 0  7 22  2 10 15]
np.random.permutation(males)[0:n_mar]
[23 13 21 16 17  7]
np.random.permutation(males)[0:n_mar]
[16  1 18 15 21 17]
np.random.permutation(males)[0:n_mar]
[ 8 21  3 12 13  9]
np.random.permutation(males)[0:n_mar]
[ 5 20 16  2  4 17]
np.random.permutation(males)[0:n_mar]
[14 13  2 11  6 16]
np.random.permutation(males)[0:n_mar]
[ 0 23 11 18  2 15]
np.random.permutation(males)[0:n_mar]
[11 19 10  5  2 15]
np.random.permutation(males)[0:n_mar]
[23 22 17 18  6 16]
np.random.permutation(males)[0:n_mar]
[14 10  7 22  8 23]
np.random.permutation(males)[0:n_mar]
[ 8 19 13  3  1 11]
np.random.permutation(males)[0:n_mar]
[21  5  1  0 13  6]
np.random.permutation(males)[0:n_mar]
[ 3  0 18 19 17 21]
np.random.permutation(males)[0:n_mar]
[ 9 22 11 23 14 10]
np.random.permutation(males)[0:n_mar]
[ 5  9  3 18  8  7]
np.random.permutation(males)[0:n_mar]
[ 6  2 20 15 12 11]
np.random.permutation(males)[0:n_mar]
[20  6  3 22  0 15]
np.random.permutation(males)[0:n_mar]
[16 20 17 11 18 15]
np.random.permutation(males)[0:n_mar]
[ 8 19 17 21 15 23]
np.random.permutation(males)[0:n_mar]
[ 5  8 11  7  1 20]
np.random.permutation(males)[0:n_mar]
[21 10 11 12  5  7]
np.random.permutation(males)[0:n_mar]
[18  3 19  7 21 23]
np.random.permutation(males)[0:n_mar]
[ 1  2 18 13 21 12]
np.random.permutation(males)[0:n_mar]
[15  5 18 16  1  8]
np.random.permutation(males)[0:n_mar]
[ 3  5  0 13 20  4]
np.random.permutation(males)[0:n_mar]
[22 21 20  0  7  9]
np.random.permutation(males)[0:n_mar]
[17  5  3 19 23  8]
np.random.permutation(males)[0:n_mar]
[10  4 20  8  3 14]
np.random.permutation(males)[0:n_mar]
[21 14 15  9 10 16]
np.random.permutation(males)[0:n_mar]
[15 17 12 10  7 18]
np.random.permutation(males)[0:n_mar]
[14 13  6  2  1  8]
np.random.permutation(males)[0:n_mar]
[19  3  6 10 14  5]
np.random.permutation(males)[0:n_mar]
[14  1 19 17 21 12]
np.random.permutation(males)[0:n_mar]
[12 21  6 15 10 11]
np.random.permutation(males)[0:n_mar]
[19 11 22  5 13 16]
np.random.permutation(males)[0:n_mar]
[19  4  5 16 11  3]
np.random.permutation(males)[0:n_mar]
[11 18 20  0  9 16]
np.random.permutation(males)[0:n_mar]
[ 4  2  6 11  1 20]
np.random.permutation(males)[0:n_mar]
[ 5 15 14 12  7  4]
np.random.permutation(males)[0:n_mar]
[17  0 20 22  3 18]
np.random.permutation(males)[0:n_mar]
[ 9 14  4  0  5 20]
np.random.permutation(males)[0:n_mar]
[ 5  2 18  4 23  0]
np.random.permutation(males)[0:n_mar]
[ 4  8 11 14  6  2]
np.random.permutation(males)[0:n_mar]
[23  4 20  9  3 18]
np.random.permutation(males)[0:n_mar]
[21  5  2  4 22  0]
np.random.permutation(males)[0:n_mar]
[20 15  3  8 23 13]
np.random.permutation(males)[0:n_mar]
[22  4  8  6 10 18]
np.random.permutation(males)[0:n_mar]
[ 7  1  5  0 12 17]
np.random.permutation(males)[0:n_mar]
[22  9  6  0 20  3]
np.random.permutation(males)[0:n_mar]
[22 14 10  3 23 21]
np.random.permutation(males)[0:n_mar]
[21 17 10 13  3 19]
np.random.permutation(males)[0:n_mar]
[ 6 23 20  2  5  1]
np.random.permutation(males)[0:n_mar]
[16 15 13 10 17 20]
np.random.permutation(males)[0:n_mar]
[ 5 11 22  0 15  7]
np.random.permutation(males)[0:n_mar]
[21 14 15  4  7  1]
np.random.permutation(males)[0:n_mar]
[ 6  2 14 13  1 18]
np.random.permutation(males)[0:n_mar]
[23 14  1 17  8  0]
np.random.permutation(males)[0:n_mar]
[ 4 18  8 16  5 20]
np.random.permutation(males)[0:n_mar]
[ 2 11  3  1 20 18]
np.random.permutation(males)[0:n_mar]
[ 4 16  0 13  5 14]
np.random.permutation(males)[0:n_mar]
[ 8 18  7 23 12  5]
np.random.permutation(males)[0:n_mar]
[ 8 15 16  3 20  6]
np.random.permutation(males)[0:n_mar]
[ 4 11 10 18 15 13]
np.random.permutation(males)[0:n_mar]
[ 4  8  0  3 23 19]
np.random.permutation(males)[0:n_mar]
[ 4 19  3 17  1 23]
np.random.permutation(males)[0:n_mar]
[18 16 10 23  3  1]
np.random.permutation(males)[0:n_mar]
[14  7 18 16 17  4]
np.random.permutation(males)[0:n_mar]
[15  6  4  1 11  9]
np.random.permutation(males)[0:n_mar]
[18 13  2  7 19 12]
np.random.permutation(males)[0:n_mar]
[22  8  3 20  5 12]
np.random.permutation(males)[0:n_mar]
[ 8 10 16  2 12 23]
np.random.permutation(males)[0:n_mar]
[13 17 16  9 23 18]
np.random.permutation(males)[0:n_mar]
[ 4 11  8 17  1 23]
np.random.permutation(males)[0:n_mar]
[13  3 23 14 19 22]
np.random.permutation(males)[0:n_mar]
[23  7 22  4 20  6]
np.random.permutation(males)[0:n_mar]
[16  4  0  1 21 11]
np.random.permutation(males)[0:n_mar]
[14 20 11  6 16  1]
np.random.permutation(males)[0:n_mar]
[16 15  4  2  3  8]
np.random.permutation(males)[0:n_mar]
[19 14  2 18  7  0]
np.random.permutation(males)[0:n_mar]
[ 7  9 16 19 13 21]
np.random.permutation(males)[0:n_mar]
[11 22 21  2  7  4]
np.random.permutation(males)[0:n_mar]
[ 4  3 12  1 15 10]
np.random.permutation(males)[0:n_mar]
[22 11  9 15  5  7]
np.random.permutation(males)[0:n_mar]
[ 8 10 18 23 19 21]
np.random.permutation(males)[0:n_mar]
[10 23 19 16  4 12]
np.random.permutation(males)[0:n_mar]
[ 0  2 22 16 11 10]
np.random.permutation(males)[0:n_mar]
[16 11 13  4  7  6]
np.random.permutation(males)[0:n_mar]
[ 1  8 14 10  5 16]
np.random.permutation(males)[0:n_mar]
[ 5  3 12  4 13 11]
np.random.permutation(males)[0:n_mar]
[15 12 16 11 20  5]
np.random.permutation(males)[0:n_mar]
[22 21 14 23 11  8]
np.random.permutation(males)[0:n_mar]
[ 6  7 22 23 14  0]
np.random.permutation(males)[0:n_mar]
[ 1 14 19 12 17 21]
np.random.permutation(males)[0:n_mar]
[ 0  7 19 16 15 21]
np.random.permutation(males)[0:n_mar]
[11  9  4 15 20 10]
np.random.permutation(males)[0:n_mar]
[ 3 10  6  2  5 17]
np.random.permutation(males)[0:n_mar]
[ 2 20 16  6 23 18]
np.random.permutation(males)[0:n_mar]
[ 8  0  5 13 10 23]
np.random.permutation(males)[0:n_mar]
[22 23  8 14  6 16]
np.random.permutation(males)[0:n_mar]
[ 1  8 14 19 20  3]
np.random.permutation(males)[0:n_mar]
[ 9 11 14 10 23  6]
np.random.permutation(males)[0:n_mar]
[14 20  3 18 23  2]
np.random.permutation(males)[0:n_mar]
[ 1 21  9 20  7 16]
np.random.permutation(males)[0:n_mar]
[20  3 10 14  7  6]
np.random.permutation(males)[0:n_mar]
[ 0  7 19  3 12 21]
np.random.permutation(males)[0:n_mar]
[ 8  2 13  0  9  4]
np.random.permutation(males)[0:n_mar]
[ 3  0  7 10 18 22]
np.random.permutation(males)[0:n_mar]
[16 10 18  4  7  5]
np.random.permutation(males)[0:n_mar]
[11 22 19 12  3 15]
np.random.permutation(males)[0:n_mar]
[11 21  5 10  0 19]
np.random.permutation(males)[0:n_mar]
[22 15  5 12 10 11]
np.random.permutation(males)[0:n_mar]
[ 2 22  0 15 10 14]
np.random.permutation(males)[0:n_mar]
[12  4 11 21  2  6]
np.random.permutation(males)[0:n_mar]
[ 9 17 12  3 21  4]
np.random.permutation(males)[0:n_mar]
[ 9 16 18  5  3  4]
np.random.permutation(males)[0:n_mar]
[ 1 12 19  5  8 15]
np.random.permutation(males)[0:n_mar]
[12 22  8  0 23 15]
np.random.permutation(males)[0:n_mar]
[12  0 14 18  6 19]
np.random.permutation(males)[0:n_mar]
[23  1  3 21 18  9]
np.random.permutation(males)[0:n_mar]
[16 10 11 15  1  8]
np.random.permutation(males)[0:n_mar]
[14  4  1  9 18 11]
np.random.permutation(males)[0:n_mar]
[ 2 20  6  5  1 16]
np.random.permutation(males)[0:n_mar]
[22 20 23  5  7 17]
np.random.permutation(males)[0:n_mar]
[11 16  7  2 23  4]
np.random.permutation(males)[0:n_mar]
[16 11  4 10  9 22]
np.random.permutation(males)[0:n_mar]
[12 21  1  3 17 13]
np.random.permutation(males)[0:n_mar]
[ 3  8 18  6 11 10]
np.random.permutation(males)[0:n_mar]
[ 7 14  1  6 12  5]
np.random.permutation(males)[0:n_mar]
[ 6  1  5 12 13  0]
np.random.permutation(males)[0:n_mar]
[ 5 21 11 12 10 19]
np.random.permutation(males)[0:n_mar]
[13 23  3  6 18 20]
np.random.permutation(males)[0:n_mar]
[10  1 23 19  8  0]
np.random.permutation(males)[0:n_mar]
[ 5 17  0  6 11  9]
np.random.permutation(males)[0:n_mar]
[ 7  0 18 23 21  1]
np.random.permutation(males)[0:n_mar]
[13 19 21 20  2  4]
np.random.permutation(males)[0:n_mar]
[ 9 18 15 11 19 23]
np.random.permutation(males)[0:n_mar]
[13 20  3  2  5  1]
np.random.permutation(males)[0:n_mar]
[15 12 10  9  2 22]
np.random.permutation(males)[0:n_mar]
[17 19  2 22 11  4]
np.random.permutation(males)[0:n_mar]
[11 17 16 19  4  0]
np.random.permutation(males)[0:n_mar]
[ 6 12  3 13 20 16]
np.random.permutation(males)[0:n_mar]
[ 1 18  4 14  7 17]
np.random.permutation(males)[0:n_mar]
[14  4 11 16 21  1]
np.random.permutation(males)[0:n_mar]
[11  5 16 13  1 12]
np.random.permutation(males)[0:n_mar]
[ 6  9 20  4 16 10]
np.random.permutation(males)[0:n_mar]
[ 4  0 23 21 17 12]
np.random.permutation(males)[0:n_mar]
[21 20 12  3 11  2]
np.random.permutation(males)[0:n_mar]
[ 7  4 18 19 11 10]
np.random.permutation(males)[0:n_mar]
[22  8 19 23 16  6]
np.random.permutation(males)[0:n_mar]
[23 10  9  4 21 13]
np.random.permutation(males)[0:n_mar]
[14 11  1  9 19 15]
np.random.permutation(males)[0:n_mar]
[11  7  1 16 17  5]
np.random.permutation(males)[0:n_mar]
[ 3  0  1 19  8  5]
np.random.permutation(males)[0:n_mar]
[20 11 18  5  2 12]
np.random.permutation(males)[0:n_mar]
[16 15 18 14 12 19]
np.random.permutation(males)[0:n_mar]
[18 20  7 21 11 15]
np.random.permutation(males)[0:n_mar]
[ 9  6 10 15 23 16]
np.random.permutation(males)[0:n_mar]
[20  5 18 21 22  7]
np.random.permutation(males)[0:n_mar]
[ 5  7 19  9 20  0]
np.random.permutation(males)[0:n_mar]
[11 21  3  8 13  7]
np.random.permutation(males)[0:n_mar]
[ 9 19  6 22 21  7]
np.random.permutation(males)[0:n_mar]
[15  0 16 10 22 13]
np.random.permutation(males)[0:n_mar]
[18 15  0  6 20 19]
np.random.permutation(males)[0:n_mar]
[13 11  0 23 18 17]
np.random.permutation(males)[0:n_mar]
[10  0  3  9  1 17]
np.random.permutation(males)[0:n_mar]
[ 4  6  0 17 22 16]
np.random.permutation(males)[0:n_mar]
[23 13 11  6  5 16]
np.random.permutation(males)[0:n_mar]
[17  9 13 14 21 16]
np.random.permutation(males)[0:n_mar]
[14 17 10 12  8 22]
np.random.permutation(males)[0:n_mar]
[ 9  5  7 10 18  2]
np.random.permutation(males)[0:n_mar]
[ 1 10 15 13  7 16]
np.random.permutation(males)[0:n_mar]
[15  6  9  1  3 11]
np.random.permutation(males)[0:n_mar]
[ 2 22  1 15 18  6]
np.random.permutation(males)[0:n_mar]
[19 22  1 13 20 17]
np.random.permutation(males)[0:n_mar]
[ 2  8  6 14  0 15]
np.random.permutation(males)[0:n_mar]
[ 0 13 20 17  2 16]
np.random.permutation(males)[0:n_mar]
[15  9 16  4 14  5]
np.random.permutation(males)[0:n_mar]
[15  7 16 20 22 19]
np.random.permutation(males)[0:n_mar]
[ 4 11 14 21  2  7]
np.random.permutation(males)[0:n_mar]
[12  0  3 11 18 13]
np.random.permutation(males)[0:n_mar]
[18  8 16  5 23 10]
np.random.permutation(males)[0:n_mar]
[ 8  4  6 12 23 11]
np.random.permutation(males)[0:n_mar]
[19 13  4  8  2 10]
np.random.permutation(males)[0:n_mar]
[17 12  8 16 15  9]
np.random.permutation(males)[0:n_mar]
[21 23 17  3  0  6]
np.random.permutation(males)[0:n_mar]
[15 21 19  6  8 14]
np.random.permutation(males)[0:n_mar]
[ 5  0 21 14  9 10]
np.random.permutation(males)[0:n_mar]
[ 1 22 16  8  7  9]
np.random.permutation(males)[0:n_mar]
[ 0 17 18 23 12  9]
np.random.permutation(males)[0:n_mar]
[13 18 11  6 15  3]
np.random.permutation(males)[0:n_mar]
[ 4 19  1 14  9 20]
np.random.permutation(males)[0:n_mar]
[ 5  1 20  7 13  8]
np.random.permutation(males)[0:n_mar]
[19 10 16  3  1  6]
np.random.permutation(males)[0:n_mar]
[18 20 16 22 15  1]
np.random.permutation(males)[0:n_mar]
[ 0  4 15 17  2 12]
np.random.permutation(males)[0:n_mar]
[20 18 16 13  5  9]
np.random.permutation(males)[0:n_mar]
[ 6  0 11 22  1  9]
np.random.permutation(males)[0:n_mar]
[13  0 14  8  2  3]
np.random.permutation(males)[0:n_mar]
[13  5 18 15 14 21]
np.random.permutation(males)[0:n_mar]
[16  2 17 14 20  1]
np.random.permutation(males)[0:n_mar]
[11  8 21  2  6  0]
np.random.permutation(males)[0:n_mar]
[ 2 10  3 21  0  4]
np.random.permutation(males)[0:n_mar]
[16  5 13 19  8  3]
np.random.permutation(males)[0:n_mar]
[ 4 10  2 16  8 20]
np.random.permutation(males)[0:n_mar]
[15  5  3  8 17 14]
np.random.permutation(males)[0:n_mar]
[ 0  5 17  6  9 18]
np.random.permutation(males)[0:n_mar]
[22 13  7  6 14  3]
np.random.permutation(males)[0:n_mar]
[16  5  8 15 11  2]
np.random.permutation(males)[0:n_mar]
[21  3 12 16  0 14]
np.random.permutation(males)[0:n_mar]
[17  8 11  6 13  3]
np.random.permutation(males)[0:n_mar]
[ 7 16 12  4 23  9]
np.random.permutation(males)[0:n_mar]
[12 15 13  6 18  3]
np.random.permutation(males)[0:n_mar]
[ 7 12 11  8 23  1]
np.random.permutation(males)[0:n_mar]
[17 18 16 11  5 19]
np.random.permutation(males)[0:n_mar]
[12 17 13 16  9 23]
np.random.permutation(males)[0:n_mar]
[20  1  0 23 17  2]
np.random.permutation(males)[0:n_mar]
[ 8 17 13 11 23 19]
np.random.permutation(males)[0:n_mar]
[ 9 21 11  1 19  3]
np.random.permutation(males)[0:n_mar]
[23 18 17  3 22 16]
np.random.permutation(males)[0:n_mar]
[ 7 21 23 14 13 18]
np.random.permutation(males)[0:n_mar]
[ 6  9 12 23  1  5]
np.random.permutation(males)[0:n_mar]
[20  3  8 17 15  7]
np.random.permutation(males)[0:n_mar]
[17  1  3 19 16 12]
np.random.permutation(males)[0:n_mar]
[17 23  4  6 18  9]
np.random.permutation(males)[0:n_mar]
[22 23 18  0 14 12]
np.random.permutation(males)[0:n_mar]
[18  7  8  9  6  4]
np.random.permutation(males)[0:n_mar]
[21 11 17 20  6 15]
np.random.permutation(males)[0:n_mar]
[12 13 16  4 19 10]
np.random.permutation(males)[0:n_mar]
[11  7 20  0 14  8]
np.random.permutation(males)[0:n_mar]
[22  4  0  1 18 20]
np.random.permutation(males)[0:n_mar]
[14  3 16 11  4 19]
np.random.permutation(males)[0:n_mar]
[ 1  0 20  6 19  5]
np.random.permutation(males)[0:n_mar]
[2 9 3 6 4 7]
np.random.permutation(males)[0:n_mar]
[17 12  0 11  3 23]
np.random.permutation(males)[0:n_mar]
[17 20 15 11 13  4]
np.random.permutation(males)[0:n_mar]
[ 3 16  0 14 23  9]
np.random.permutation(males)[0:n_mar]
[ 4  1 12 20 21  6]
np.random.permutation(males)[0:n_mar]
[12 20  6 10 18  3]
np.random.permutation(males)[0:n_mar]
[ 9 15  3  7 22 20]
np.random.permutation(males)[0:n_mar]
[17  8  4  2 23 19]
np.random.permutation(males)[0:n_mar]
[11 17  0 20 10 21]
np.random.permutation(males)[0:n_mar]
[ 9  8  1 10  2  7]
np.random.permutation(males)[0:n_mar]
[20 13 12  9  1 11]
np.random.permutation(males)[0:n_mar]
[ 1  8  6 14  9 19]
np.random.permutation(males)[0:n_mar]
[ 2 20 14  3  5 15]
np.random.permutation(males)[0:n_mar]
[ 8 13  0  2  5  6]
np.random.permutation(males)[0:n_mar]
[ 5  2  9 18 20 11]
np.random.permutation(males)[0:n_mar]
[ 3 23 15  6 21 11]
np.random.permutation(males)[0:n_mar]
[21  2  6 20 19 10]
np.random.permutation(males)[0:n_mar]
[ 0  9 16  8 17  1]
np.random.permutation(males)[0:n_mar]
[23 11 21 15  7 12]
np.random.permutation(males)[0:n_mar]
[23 14 21 10 12 17]
np.random.permutation(males)[0:n_mar]
[17  4 21 13 10 19]
np.random.permutation(males)[0:n_mar]
[23  3  8 11  4  2]
np.random.permutation(males)[0:n_mar]
[ 4  1 19 14  2  3]
np.random.permutation(males)[0:n_mar]
[ 8 13 11  0 12 22]
np.random.permutation(males)[0:n_mar]
[20 10  2 12  6 22]
np.random.permutation(males)[0:n_mar]
[21 15 12 19 20  1]
np.random.permutation(males)[0:n_mar]
[22  8 10  7 14 23]
np.random.permutation(males)[0:n_mar]
[13 18 20 17  7 16]
np.random.permutation(males)[0:n_mar]
[ 1  3  2 16 23 15]
np.random.permutation(males)[0:n_mar]
[ 2 22 12 17 20  3]
np.random.permutation(males)[0:n_mar]
[10 22 15 16  9  6]
np.random.permutation(males)[0:n_mar]
[ 5  8  6 22 11 18]
np.random.permutation(males)[0:n_mar]
[ 7 20 14  3 17  9]
np.random.permutation(males)[0:n_mar]
[ 1 10 20 14  5 19]
np.random.permutation(males)[0:n_mar]
[13  5  9 11  6  7]
np.random.permutation(males)[0:n_mar]
[ 5 13  3 22 20 12]
np.random.permutation(males)[0:n_mar]
[14 20  0  8 11  6]
np.random.permutation(males)[0:n_mar]
[ 5  6  4 16 20 11]
np.random.permutation(males)[0:n_mar]
[15 20 16  6 12 23]
np.random.permutation(males)[0:n_mar]
[22 18  9  7  2 11]
np.random.permutation(males)[0:n_mar]
[10  7 16 14 20  9]
np.random.permutation(males)[0:n_mar]
[21  2 11  0 10 15]
np.random.permutation(males)[0:n_mar]
[ 3 15 18  8 13 20]
np.random.permutation(males)[0:n_mar]
[23  5  8 18 12 22]
np.random.permutation(males)[0:n_mar]
[13 11  2  9 21 19]
np.random.permutation(males)[0:n_mar]
[ 8  7 16  1 11 19]
np.random.permutation(males)[0:n_mar]
[ 6  7 10  3 11 15]
np.random.permutation(males)[0:n_mar]
[21  2 20  4 13 16]
np.random.permutation(males)[0:n_mar]
[ 6 15  9  3  1 13]
np.random.permutation(males)[0:n_mar]
[ 5 21 22  1 20  4]
np.random.permutation(males)[0:n_mar]
[21 18 23 20 10  5]
np.random.permutation(males)[0:n_mar]
[18 12 21  4  9 23]
np.random.permutation(males)[0:n_mar]
[21 17 13 12  8  6]
np.random.permutation(males)[0:n_mar]
[ 6  2 20 21 12  7]
np.random.permutation(males)[0:n_mar]
[ 3 23 12 14  4 16]
np.random.permutation(males)[0:n_mar]
[11  1  5 19  4 10]
np.random.permutation(males)[0:n_mar]
[10 18 12  5  1 13]
np.random.permutation(males)[0:n_mar]
[23 14 21  5  7 13]
np.random.permutation(males)[0:n_mar]
[22 11 21 10  9 23]
np.random.permutation(males)[0:n_mar]
[17 18  9  8  5 15]
np.random.permutation(males)[0:n_mar]
[14  0  3  4 20  6]
np.random.permutation(males)[0:n_mar]
[20 11  1 13  0  3]
np.random.permutation(males)[0:n_mar]
[ 8  4  7  9 14  3]
np.random.permutation(males)[0:n_mar]
[21  9 18 19 12 14]
np.random.permutation(males)[0:n_mar]
[14 12  4 13  7  3]
np.random.permutation(males)[0:n_mar]
[18 12 11  6 14  1]
np.random.permutation(males)[0:n_mar]
[ 0 22 19 18  4 14]
np.random.permutation(males)[0:n_mar]
[14 22  6  8 20  1]
np.random.permutation(males)[0:n_mar]
[ 3 23  8  2 19  9]
np.random.permutation(males)[0:n_mar]
[ 0  8 13 20  3 19]
np.random.permutation(males)[0:n_mar]
[ 4  9 17 10 18 15]
np.random.permutation(males)[0:n_mar]
[13 18  7  9  8 14]
np.random.permutation(males)[0:n_mar]
[ 1 15  6 12 17 14]
np.random.permutation(males)[0:n_mar]
[ 3 20 10  2 12  9]
np.random.permutation(males)[0:n_mar]
[ 8 10 12 22  0 23]
np.random.permutation(males)[0:n_mar]
[ 5  8 11 21  6  2]
np.random.permutation(males)[0:n_mar]
[ 9  6  8  4 21 12]
np.random.permutation(males)[0:n_mar]
[ 1  7 17 15  8 10]
np.random.permutation(males)[0:n_mar]
[19 21 13  5 11  4]
np.random.permutation(males)[0:n_mar]
[ 9 22 13 11  3  5]
np.random.permutation(males)[0:n_mar]
[ 0  4 14 12  8  6]
np.random.permutation(males)[0:n_mar]
[22  1 23 16 10  4]
np.random.permutation(males)[0:n_mar]
[16 10  1 20 13 14]
np.random.permutation(males)[0:n_mar]
[23  6 22 14  8 18]
np.random.permutation(males)[0:n_mar]
[21 15 23  8  9 22]
np.random.permutation(males)[0:n_mar]
[17 19  7  3  5 23]
np.random.permutation(males)[0:n_mar]
[17 19 22 10 12 20]
np.random.permutation(males)[0:n_mar]
[19  7 20 22  4 10]
np.random.permutation(males)[0:n_mar]
[ 3  4 11 21  5 20]
np.random.permutation(males)[0:n_mar]
[14 15 23 12 19 18]
np.random.permutation(males)[0:n_mar]
[20 22 15  4 16  3]
np.random.permutation(males)[0:n_mar]
[ 2  5 12 23 22 18]
np.random.permutation(males)[0:n_mar]
[18  0  7 10  6 20]
np.random.permutation(males)[0:n_mar]
[18  5 15 22  6 19]
np.random.permutation(males)[0:n_mar]
[22 21  0  7 11  5]
np.random.permutation(males)[0:n_mar]
[ 0 14  3  4 19 23]
np.random.permutation(males)[0:n_mar]
[ 1  0 21 20 16  6]
np.random.permutation(males)[0:n_mar]
[ 6  7 15 19 23 12]
np.random.permutation(males)[0:n_mar]
[14 10  9 18  5 23]
np.random.permutation(males)[0:n_mar]
[ 9 22 20  2 23  1]
np.random.permutation(males)[0:n_mar]
[ 6 22 15 14 17  3]
np.random.permutation(males)[0:n_mar]
[ 4  0  7 20 21  8]
np.random.permutation(males)[0:n_mar]
[23 11 10 22  8 12]
np.random.permutation(males)[0:n_mar]
[ 8 18  1 23  2 20]
np.random.permutation(males)[0:n_mar]
[ 4 20 14  8 23 22]
np.random.permutation(males)[0:n_mar]
[12  7 20  9 10  1]
np.random.permutation(males)[0:n_mar]
[13  6  9  8 15  5]
np.random.permutation(males)[0:n_mar]
[18  8  5 11 17 19]
np.random.permutation(males)[0:n_mar]
[20 12 13 10  2 21]
np.random.permutation(males)[0:n_mar]
[16 13  9  8 22 23]
np.random.permutation(males)[0:n_mar]
[14 16  7 19 10  3]
np.random.permutation(males)[0:n_mar]
[18  5 11 15 14 19]
np.random.permutation(males)[0:n_mar]
[15 11 18  9 22  3]
np.random.permutation(males)[0:n_mar]
[15  5 13  0 19 16]
np.random.permutation(males)[0:n_mar]
[18  3 11 15 21 10]
np.random.permutation(males)[0:n_mar]
[17 20 19  8  2 16]
np.random.permutation(males)[0:n_mar]
[19 21 20 17 13  0]
np.random.permutation(males)[0:n_mar]
[15  9  1  6  4 18]
np.random.permutation(males)[0:n_mar]
[ 3 15  5  8 16 10]
np.random.permutation(males)[0:n_mar]
[20 12  0  2 19 23]
np.random.permutation(males)[0:n_mar]
[ 5 23 17  7 16  8]
np.random.permutation(males)[0:n_mar]
[ 1 23 16  9 13 11]
np.random.permutation(males)[0:n_mar]
[ 0 20 18 19 22 15]
np.random.permutation(males)[0:n_mar]
[22 14  2  5  8 15]
np.random.permutation(males)[0:n_mar]
[ 1  5 12 18  8  3]
np.random.permutation(males)[0:n_mar]
[11 23 18 15  5  3]
np.random.permutation(males)[0:n_mar]
[ 5  6  8 18 22  3]
np.random.permutation(males)[0:n_mar]
[ 5 18 17 23 19 16]
np.random.permutation(males)[0:n_mar]
[ 5 19  3  4 12 23]
np.random.permutation(males)[0:n_mar]
[19 17  4 20  3  9]
np.random.permutation(males)[0:n_mar]
[23  6 17 22  9  4]
np.random.permutation(males)[0:n_mar]
[ 0 15  5  1 22  3]
np.random.permutation(males)[0:n_mar]
[19 17 18 15  2 12]
np.random.permutation(males)[0:n_mar]
[21  4 20  3  9 23]
np.random.permutation(males)[0:n_mar]
[ 8  3  1 20  0 10]
np.random.permutation(males)[0:n_mar]
[18 21 23 22 11  0]
np.random.permutation(males)[0:n_mar]
[11  5 20  1  0  6]
np.random.permutation(males)[0:n_mar]
[10 19 21 12  9  3]
np.random.permutation(males)[0:n_mar]
[ 7 17 23 18  9 10]
np.random.permutation(males)[0:n_mar]
[21 22 14  8  0 19]
np.random.permutation(males)[0:n_mar]
[ 1 17 16  9 19  8]
np.random.permutation(males)[0:n_mar]
[ 1 20  9  2 17 16]
np.random.permutation(males)[0:n_mar]
[ 8  3  9  2  1 12]
np.random.permutation(males)[0:n_mar]
[23 11 12  0  7 22]
np.random.permutation(males)[0:n_mar]
[21 19 18 10  8 14]
np.random.permutation(males)[0:n_mar]
[15  3 19  0  9 21]
np.random.permutation(males)[0:n_mar]
[22  8  3 19 21 23]
np.random.permutation(males)[0:n_mar]
[ 9  7 21 20 12 18]
np.random.permutation(males)[0:n_mar]
[15 19 16  9 17 21]
np.random.permutation(males)[0:n_mar]
[11  8 22  3 18 23]
np.random.permutation(males)[0:n_mar]
[ 4 13 10  6  7 12]
np.random.permutation(males)[0:n_mar]
[20 12  5  3 21 16]
np.random.permutation(males)[0:n_mar]
[10 22 23 14 15 19]
np.random.permutation(males)[0:n_mar]
[16  8  0 17  4 13]
np.random.permutation(males)[0:n_mar]
[23  1 10 20  0 16]
np.random.permutation(males)[0:n_mar]
[22 14  5  3 11  0]
np.random.permutation(males)[0:n_mar]
[ 0 12  1 22  8 11]
np.random.permutation(males)[0:n_mar]
[ 1  5  3  7 19  8]
np.random.permutation(males)[0:n_mar]
[22 14 17  6 11 21]
np.random.permutation(males)[0:n_mar]
[18 20  2 14  6  7]
np.random.permutation(males)[0:n_mar]
[17  5  8  2 23 18]
np.random.permutation(males)[0:n_mar]
[ 4  3  2 18 17 15]
np.random.permutation(males)[0:n_mar]
[ 5 18  0  6 16 15]
np.random.permutation(males)[0:n_mar]
[ 3  2 21 23 12  1]
np.random.permutation(males)[0:n_mar]
[ 4 22  9 21 13  1]
np.random.permutation(males)[0:n_mar]
[14  0  8 18 21 10]
np.random.permutation(males)[0:n_mar]
[ 0 14  5  3  7 17]
np.random.permutation(males)[0:n_mar]
[12  0  3 11 16 18]
np.random.permutation(males)[0:n_mar]
[15 19  4 21  9  2]
np.random.permutation(males)[0:n_mar]
[ 9 10 21  1 19 15]
np.random.permutation(males)[0:n_mar]
[23  1  7  6 15  2]
np.random.permutation(males)[0:n_mar]
[13 20  0 19  8  1]
np.random.permutation(males)[0:n_mar]
[12  3 10 18  5  0]
np.random.permutation(males)[0:n_mar]
[11  7  9 21 15 13]
np.random.permutation(males)[0:n_mar]
[16  9  0 18  7 13]
np.random.permutation(males)[0:n_mar]
[21  2  7  0 17 13]
np.random.permutation(males)[0:n_mar]
[16 13 20  3 18  9]
np.random.permutation(males)[0:n_mar]
[ 6  5  0 21 22  1]
np.random.permutation(males)[0:n_mar]
[ 3 10 21 16 22 19]
np.random.permutation(males)[0:n_mar]
[12  3  4  1 18 16]
np.random.permutation(males)[0:n_mar]
[19 18 23  9 11  2]
np.random.permutation(males)[0:n_mar]
[12 23 10  2  9 14]
np.random.permutation(males)[0:n_mar]
[ 8 11  5 22 18 16]
np.random.permutation(males)[0:n_mar]
[17  0  3 22 23 15]
np.random.permutation(males)[0:n_mar]
[16  9 14 19  8  6]
np.random.permutation(males)[0:n_mar]
[ 6  8  1 20  7 15]
np.random.permutation(males)[0:n_mar]
[ 1  8 11  9  6  4]
np.random.permutation(males)[0:n_mar]
[ 5  1  0 19 17 16]
np.random.permutation(males)[0:n_mar]
[21  2 13  8 19  0]
np.random.permutation(males)[0:n_mar]
[18  2 15 12 19  1]
np.random.permutation(males)[0:n_mar]
[12 22 23  3 19 13]
np.random.permutation(males)[0:n_mar]
[11 22 10  6  5 19]
np.random.permutation(males)[0:n_mar]
[ 4  8 19 11 21  5]
np.random.permutation(males)[0:n_mar]
[13  1 18 22  0  2]
np.random.permutation(males)[0:n_mar]
[ 9 18  8 14  1  0]
np.random.permutation(males)[0:n_mar]
[22 23 17 21 18 13]
np.random.permutation(males)[0:n_mar]
[ 9 13  5  6 17 18]
np.random.permutation(males)[0:n_mar]
[13 20 18 21 11  6]
np.random.permutation(males)[0:n_mar]
[ 6  1 20  4 10  5]
np.random.permutation(males)[0:n_mar]
[ 5 13 16 20  9 12]
np.random.permutation(males)[0:n_mar]
[11 19 14 23  7  0]
np.random.permutation(males)[0:n_mar]
[ 0 11 16 10 23 19]
np.random.permutation(males)[0:n_mar]
[ 0 19 11  9  3 12]
np.random.permutation(males)[0:n_mar]
[15 22  0 17  6 21]
np.random.permutation(males)[0:n_mar]
[19  6  7 18  3  1]
np.random.permutation(males)[0:n_mar]
[10 18 23  9  1 12]
np.random.permutation(males)[0:n_mar]
[16  7 21  0 15 13]
np.random.permutation(males)[0:n_mar]
[20  3  1 11  9  6]
np.random.permutation(males)[0:n_mar]
[ 8 19 16  4 23  2]
np.random.permutation(males)[0:n_mar]
[20  6 17 22 23  1]
np.random.permutation(males)[0:n_mar]
[18 21  8 11 17  7]
np.random.permutation(males)[0:n_mar]
[22 23 20  9 13  7]
np.random.permutation(males)[0:n_mar]
[22  1 17 16 11  8]
np.random.permutation(males)[0:n_mar]
[16  1 19 21  6 13]
np.random.permutation(males)[0:n_mar]
[ 5 17  7 11 18  8]
np.random.permutation(males)[0:n_mar]
[14 21 17 10  3  0]
np.random.permutation(males)[0:n_mar]
[15  8 18 17 10 20]
np.random.permutation(males)[0:n_mar]
[15  5 14 13  3  1]
np.random.permutation(males)[0:n_mar]
[ 5  7  6  2  4 14]
np.random.permutation(males)[0:n_mar]
[10 16 23 17 22  0]
np.random.permutation(males)[0:n_mar]
[ 0 12 22 21  4 14]
np.random.permutation(males)[0:n_mar]
[21 23 20 19  6  8]
np.random.permutation(males)[0:n_mar]
[ 0 19  3  2 17 11]
np.random.permutation(males)[0:n_mar]
[ 1  4 14  3 13 10]
np.random.permutation(males)[0:n_mar]
[ 0 23 22  2 18 11]
np.random.permutation(males)[0:n_mar]
[ 3 17  6  8 13 11]
np.random.permutation(males)[0:n_mar]
[13  3 18 14 17  6]
np.random.permutation(males)[0:n_mar]
[22 23  6  4 12 18]
np.random.permutation(males)[0:n_mar]
[14  9 18 20 17  6]
np.random.permutation(males)[0:n_mar]
[12 20  1 13 15 18]
np.random.permutation(males)[0:n_mar]
[11  8  1  9 20  4]
np.random.permutation(males)[0:n_mar]
[ 6  3 23  5 10 15]
np.random.permutation(males)[0:n_mar]
[ 8 21  5  7 16 10]
np.random.permutation(males)[0:n_mar]
[ 7 11 17  1  9 15]
np.random.permutation(males)[0:n_mar]
[ 5 20  7  1  2 13]
np.random.permutation(males)[0:n_mar]
[22 15  5  1 16 17]
np.random.permutation(males)[0:n_mar]
[ 5  1 11 13 14  8]
np.random.permutation(males)[0:n_mar]
[16 10 14 21 22 19]
np.random.permutation(males)[0:n_mar]
[11 20  6 23 14  8]
np.random.permutation(males)[0:n_mar]
[ 3 15  5 18 13  6]
np.random.permutation(males)[0:n_mar]
[ 8 13 19  0 23  1]
np.random.permutation(males)[0:n_mar]
[ 0  9  5 17  6 22]
np.random.permutation(males)[0:n_mar]
[ 7 23 22  5 15  0]
np.random.permutation(males)[0:n_mar]
[ 3 11  5  7 12 18]
np.random.permutation(males)[0:n_mar]
[ 8 13 23  2 22  1]
np.random.permutation(males)[0:n_mar]
[17  9 18  6  0 23]
np.random.permutation(males)[0:n_mar]
[ 9 11  6  8 23 22]
np.random.permutation(males)[0:n_mar]
[20 12  2 19  3  5]
np.random.permutation(males)[0:n_mar]
[ 5  8 10  1  9 23]
np.random.permutation(males)[0:n_mar]
[15 12  3  9  0 18]
np.random.permutation(males)[0:n_mar]
[16 11 20  4 21  1]
np.random.permutation(males)[0:n_mar]
[ 5 19 21 15  9  7]
np.random.permutation(males)[0:n_mar]
[ 1 16 23  5  3 19]
np.random.permutation(males)[0:n_mar]
[19 11  1  0  5 12]
np.random.permutation(males)[0:n_mar]
[ 7 20 10 22 13  9]
np.random.permutation(males)[0:n_mar]
[ 4  6 11 14  5  0]
np.random.permutation(males)[0:n_mar]
[ 2 17 14 16  7 20]
np.random.permutation(males)[0:n_mar]
[12 15  3  8  4 16]
np.random.permutation(males)[0:n_mar]
[20  6  8 11  5  4]
np.random.permutation(males)[0:n_mar]
[21 16  8 19 10  0]
np.random.permutation(males)[0:n_mar]
[19  5 22  3 23 14]
np.random.permutation(males)[0:n_mar]
[12 13 11  8  0  7]
np.random.permutation(males)[0:n_mar]
[ 1  6  7 23  4 21]
np.random.permutation(males)[0:n_mar]
[ 4 16 13 21 17 19]
np.random.permutation(males)[0:n_mar]
[ 6 10  0 11 15 20]
np.random.permutation(males)[0:n_mar]
[13 14  5  2  3 15]
np.random.permutation(males)[0:n_mar]
[ 5 18  6 22  8 15]
np.random.permutation(males)[0:n_mar]
[ 4 23  5 16  9  3]
np.random.permutation(males)[0:n_mar]
[ 6 13  0 11  8  3]
np.random.permutation(males)[0:n_mar]
[ 0 10 21 17 19 16]
np.random.permutation(males)[0:n_mar]
[19  7 11 23 15 10]
np.random.permutation(males)[0:n_mar]
[13  9 19 20  6 17]
np.random.permutation(males)[0:n_mar]
[ 9  7 13  5  1 19]
np.random.permutation(males)[0:n_mar]
[ 8 21 11 19  7  4]
np.random.permutation(males)[0:n_mar]
[23 11  2 20 22 18]
np.random.permutation(males)[0:n_mar]
[ 7  0  4 16 19 15]
np.random.permutation(males)[0:n_mar]
[15  8 22  5 20  4]
np.random.permutation(males)[0:n_mar]
[17 23 22  5  4 19]
np.random.permutation(males)[0:n_mar]
[ 1 13 17 10 22 18]
np.random.permutation(males)[0:n_mar]
[ 9  1 18 23 22 17]
np.random.permutation(males)[0:n_mar]
[11 23  4  3 18 10]
np.random.permutation(males)[0:n_mar]
[ 1 21  2 20 13  7]
np.random.permutation(males)[0:n_mar]
[ 3  4 16 14  5  8]
np.random.permutation(males)[0:n_mar]
[18 22 12  9  3 14]
np.random.permutation(males)[0:n_mar]
[16  8  4 23 10 21]
np.random.permutation(males)[0:n_mar]
[17 13  4 19  8 20]
np.random.permutation(males)[0:n_mar]
[ 3 20 22 11  5  4]
np.random.permutation(males)[0:n_mar]
[ 8 23  1 20  5  0]
np.random.permutation(males)[0:n_mar]
[16 14 18  9 22 13]
np.random.permutation(males)[0:n_mar]
[ 6 11  5 23 18  0]
np.random.permutation(males)[0:n_mar]
[ 5 19 14  8  9 11]
np.random.permutation(males)[0:n_mar]
[ 2  5  1 19  0 23]
np.random.permutation(males)[0:n_mar]
[18  6  5 20  4 22]
np.random.permutation(males)[0:n_mar]
[23 13  3 12  6 11]
np.random.permutation(males)[0:n_mar]
[11 20  4 17  6 16]
np.random.permutation(males)[0:n_mar]
[10 13 16  7 11  8]
np.random.permutation(males)[0:n_mar]
[13 19  5  8 17 21]
np.random.permutation(males)[0:n_mar]
[22 21  2 18  7 14]
np.random.permutation(males)[0:n_mar]
[ 6  7 18 15  9 17]
np.random.permutation(males)[0:n_mar]
[ 7  0  1 11  4 20]
np.random.permutation(males)[0:n_mar]
[ 5  4 17 22  8 23]
np.random.permutation(males)[0:n_mar]
[ 3 18 20 17 19  8]
np.random.permutation(males)[0:n_mar]
[11 19 18  4 14  9]
np.random.permutation(males)[0:n_mar]
[ 7 20 14  9 18 15]
np.random.permutation(males)[0:n_mar]
[20 13 17  7 16  3]
np.random.permutation(males)[0:n_mar]
[16 20  1 13  0 15]
np.random.permutation(males)[0:n_mar]
[ 6 22 17  9  5  2]
np.random.permutation(males)[0:n_mar]
[10 12 11  0 17 18]
np.random.permutation(males)[0:n_mar]
[ 0 23 15  1 18  3]
np.random.permutation(males)[0:n_mar]
[11 23  6  3  7  0]
np.random.permutation(males)[0:n_mar]
[12  0 17 21 22 20]
np.random.permutation(males)[0:n_mar]
[15  1 10 13  9 19]
np.random.permutation(males)[0:n_mar]
[ 4  2  3 13 19 12]
np.random.permutation(males)[0:n_mar]
[15  8 18 22  6 11]
np.random.permutation(males)[0:n_mar]
[ 2  4 21  8 22  1]
np.random.permutation(males)[0:n_mar]
[ 9  4 22 17  1  3]
np.random.permutation(males)[0:n_mar]
[19 10 13  9  0 21]
np.random.permutation(males)[0:n_mar]
[15  8  2 23  9 14]
np.random.permutation(males)[0:n_mar]
[16 12  4 21  1  8]
np.random.permutation(males)[0:n_mar]
[16  3 17  5 23 12]
np.random.permutation(males)[0:n_mar]
[ 3 11  0 21 12  8]
np.random.permutation(males)[0:n_mar]
[21 11  6 19 12  1]
np.random.permutation(males)[0:n_mar]
[13  5 22 20 12 11]
np.random.permutation(males)[0:n_mar]
[21 14 12 17 23  8]
np.random.permutation(males)[0:n_mar]
[11 22  4  8 10  6]
np.random.permutation(males)[0:n_mar]
[18 13 14 22 15  0]
np.random.permutation(males)[0:n_mar]
[21  8 19  1 20  5]
np.random.permutation(males)[0:n_mar]
[12  9 21  5  1 14]
np.random.permutation(males)[0:n_mar]
[ 3  6 18  2  1  4]
np.random.permutation(males)[0:n_mar]
[14 21 17  0 11 10]
np.random.permutation(males)[0:n_mar]
[22  9 19  1 16  8]
np.random.permutation(males)[0:n_mar]
[16  7 15 10  0  6]
np.random.permutation(males)[0:n_mar]
[ 5  4 11 16  9  0]
np.random.permutation(males)[0:n_mar]
[ 4 10 21 12 16 22]
np.random.permutation(males)[0:n_mar]
[16 17  6  7 13  2]
np.random.permutation(males)[0:n_mar]
[ 5  3 10  6  2  1]
np.random.permutation(males)[0:n_mar]
[16  2  7  8 10 11]
np.random.permutation(males)[0:n_mar]
[ 2 12  8 15  5 10]
np.random.permutation(males)[0:n_mar]
[17 11  4  7  1  8]
np.random.permutation(males)[0:n_mar]
[16  5  2 19  0  9]
np.random.permutation(males)[0:n_mar]
[22 16 13 20 23 15]
np.random.permutation(males)[0:n_mar]
[17 12 21 20  9  0]
np.random.permutation(males)[0:n_mar]
[ 5 23  1  7  3  2]
np.random.permutation(males)[0:n_mar]
[14  4 12  3  2 17]
np.random.permutation(males)[0:n_mar]
[ 0 23  6 11 13 16]
np.random.permutation(males)[0:n_mar]
[ 6  3 20 19 10 18]
np.random.permutation(males)[0:n_mar]
[10  2  4  8 23  0]
np.random.permutation(males)[0:n_mar]
[ 1 11  9 14  0 15]
np.random.permutation(males)[0:n_mar]
[12 11  5 21 16  0]
np.random.permutation(males)[0:n_mar]
[ 9 14 18 21  7  0]
np.random.permutation(males)[0:n_mar]
[ 1 16 19  8  7 15]
np.random.permutation(males)[0:n_mar]
[ 1  9 21  2 17  6]
np.random.permutation(males)[0:n_mar]
[20  4  2 14  1  9]
np.random.permutation(males)[0:n_mar]
[16 21 11 17 19  4]
np.random.permutation(males)[0:n_mar]
[19 18  9  7  4 21]
np.random.permutation(males)[0:n_mar]
[ 7 23  2  9  4  8]
np.random.permutation(males)[0:n_mar]
[ 2 18 14  4 19  9]
np.random.permutation(males)[0:n_mar]
[14 13  9 15  1 17]
np.random.permutation(males)[0:n_mar]
[ 1 14 10  8  5 11]
np.random.permutation(males)[0:n_mar]
[11 15  8  3 20 16]
np.random.permutation(males)[0:n_mar]
[12  8  7  1  0 19]
np.random.permutation(males)[0:n_mar]
[ 7 18  9  6 10  0]
np.random.permutation(males)[0:n_mar]
[ 6  5  2 20  8  3]
np.random.permutation(males)[0:n_mar]
[15  9 18 20  2 19]
np.random.permutation(males)[0:n_mar]
[21  6 17 22 19 20]
np.random.permutation(males)[0:n_mar]
[ 4 16 18  1 23  5]
np.random.permutation(males)[0:n_mar]
[11  2 15 12  0  1]
np.random.permutation(males)[0:n_mar]
[21  6 23 12 10  5]
np.random.permutation(males)[0:n_mar]
[ 8 22 12  3 19  0]
np.random.permutation(males)[0:n_mar]
[12  0 23 11 13 16]
np.random.permutation(males)[0:n_mar]
[ 2 22 15  1 19 20]
np.random.permutation(males)[0:n_mar]
[12  2  5 13 22 19]
np.random.permutation(males)[0:n_mar]
[13 16 11  1 12  6]
np.random.permutation(males)[0:n_mar]
[ 0 13 14 11 15 12]
np.random.permutation(males)[0:n_mar]
[17  5 16 14 11 10]
np.random.permutation(males)[0:n_mar]
[ 6 18 10 17  2 21]
np.random.permutation(males)[0:n_mar]
[10  1 22  7  0 23]
np.random.permutation(males)[0:n_mar]
[ 1 14  8 23 17 20]
np.random.permutation(males)[0:n_mar]
[ 2 15 20  6 21 17]
np.random.permutation(males)[0:n_mar]
[ 2 23  5  1 11 17]
np.random.permutation(males)[0:n_mar]
[ 5 14 12 17 22 21]
np.random.permutation(males)[0:n_mar]
[ 1 20 16  5  8  0]
np.random.permutation(males)[0:n_mar]
[ 0 10  8 13  4  5]
np.random.permutation(males)[0:n_mar]
[19 16  5 12  0  1]
np.random.permutation(males)[0:n_mar]
[ 9 19  5  4 17 16]
np.random.permutation(males)[0:n_mar]
[ 2  0 23 11 15 19]
np.random.permutation(males)[0:n_mar]
[23  0  7 20 19 21]
np.random.permutation(males)[0:n_mar]
[ 2 20  5 11 19 18]
np.random.permutation(males)[0:n_mar]
[14  6  2 12 23 22]
np.random.permutation(males)[0:n_mar]
[22  3 11 17  6  8]
np.random.permutation(males)[0:n_mar]
[ 8  9 21 23  3  0]
np.random.permutation(males)[0:n_mar]
[ 3 10 22  0 13  9]
np.random.permutation(males)[0:n_mar]
[15 17 16  5  3 18]
np.random.permutation(males)[0:n_mar]
[17 16  5  3  8 22]
np.random.permutation(males)[0:n_mar]
[ 2  7 22 19  8 13]
np.random.permutation(males)[0:n_mar]
[4 0 1 8 6 7]
np.random.permutation(males)[0:n_mar]
[18  6  3 10 22  4]
np.random.permutation(males)[0:n_mar]
[12 13 15 23 14  5]
np.random.permutation(males)[0:n_mar]
[15 10 12 11  4 16]
np.random.permutation(males)[0:n_mar]
[ 4 17 12 19 20  1]
np.random.permutation(males)[0:n_mar]
[22 20 15 11  5 10]
np.random.permutation(males)[0:n_mar]
[ 0 12  2 10  7 20]
np.random.permutation(males)[0:n_mar]
[ 0 12 23 16 21 10]
np.random.permutation(males)[0:n_mar]
[ 5 23 12  6 11 18]
np.random.permutation(males)[0:n_mar]
[18 17  3 21 13  4]
np.random.permutation(males)[0:n_mar]
[20 13 17  4 16 11]
np.random.permutation(males)[0:n_mar]
[ 7 18 12 22 15  3]
np.random.permutation(males)[0:n_mar]
[22  1  4 18 16  3]
np.random.permutation(males)[0:n_mar]
[ 2 14  5 10  0  4]
np.random.permutation(males)[0:n_mar]
[16  7 13 22 23 15]
np.random.permutation(males)[0:n_mar]
[22 18  8  0 15  2]
np.random.permutation(males)[0:n_mar]
[12  6  2 18 11 22]
np.random.permutation(males)[0:n_mar]
[17  9 19  2 15  3]
np.random.permutation(males)[0:n_mar]
[ 5 18 16 13 22  1]
np.random.permutation(males)[0:n_mar]
[ 2  6 12 18 15  0]
np.random.permutation(males)[0:n_mar]
[ 8  3 19  5  7 11]
np.random.permutation(males)[0:n_mar]
[ 4  6  9 12 16 19]
np.random.permutation(males)[0:n_mar]
[22 19 10 17  2 16]
np.random.permutation(males)[0:n_mar]
[16  4 18  7 22 20]
np.random.permutation(males)[0:n_mar]
[ 8  1 19 17 15 11]
np.random.permutation(males)[0:n_mar]
[ 3 13 20 16 19  6]
np.random.permutation(males)[0:n_mar]
[11  8 17 23  0  9]
np.random.permutation(males)[0:n_mar]
[17  3  6  9 14 18]
np.random.permutation(males)[0:n_mar]
[ 3 22  9 18 15 14]
np.random.permutation(males)[0:n_mar]
[13  4  1 23 18 17]
np.random.permutation(males)[0:n_mar]
[ 7 14 17 15 12  8]
np.random.permutation(males)[0:n_mar]
[14  9 12 18  1  8]
np.random.permutation(males)[0:n_mar]
[21  1  5 18  2  4]
np.random.permutation(males)[0:n_mar]
[12 18  3  4 13 17]
np.random.permutation(males)[0:n_mar]
[ 8 17  3  1  2 16]
np.random.permutation(males)[0:n_mar]
[ 0 14  9 21  5 22]
np.random.permutation(males)[0:n_mar]
[ 2  7 22 11 18  6]
np.random.permutation(males)[0:n_mar]
[ 1 18  6 21  0  5]
np.random.permutation(males)[0:n_mar]
[18 16  8 21 17 23]
np.random.permutation(males)[0:n_mar]
[18 15 22  9 13 21]
np.random.permutation(males)[0:n_mar]
[16 13  8 18 10  3]
np.random.permutation(males)[0:n_mar]
[ 9 14  7  1 21  3]
np.random.permutation(males)[0:n_mar]
[ 0  9 17 16 18 12]
np.random.permutation(males)[0:n_mar]
[12  8  2  9 17 11]
np.random.permutation(males)[0:n_mar]
[ 4 21  8 18  3  0]
np.random.permutation(males)[0:n_mar]
[19 15 23  0  8  7]
np.random.permutation(males)[0:n_mar]
[16  5  4  3  7 10]
np.random.permutation(males)[0:n_mar]
[22  0 15 17  1 13]
np.random.permutation(males)[0:n_mar]
[ 4  2 13 16  7  5]
np.random.permutation(males)[0:n_mar]
[12 17  0 15 19 11]
np.random.permutation(males)[0:n_mar]
[11  1  0  9 22  2]
np.random.permutation(males)[0:n_mar]
[11  2 10 16 19 14]
np.random.permutation(males)[0:n_mar]
[ 3  5  9 18 22 15]
np.random.permutation(males)[0:n_mar]
[ 4 15  7  0 19 17]
np.random.permutation(males)[0:n_mar]
[20 22  3  2 21 14]
np.random.permutation(males)[0:n_mar]
[ 9 19 17  5 11  7]
np.random.permutation(males)[0:n_mar]
[ 7  9  1 14 10 23]
np.random.permutation(males)[0:n_mar]
[ 9  1  4 13 21 18]
np.random.permutation(males)[0:n_mar]
[13  1  5 14 16  0]
np.random.permutation(males)[0:n_mar]
[21 16  9  5  2 14]
np.random.permutation(males)[0:n_mar]
[18  6  0 21 15 10]
np.random.permutation(males)[0:n_mar]
[18 22  3  2 21 10]
np.random.permutation(males)[0:n_mar]
[20  2  1 12 11 18]
np.random.permutation(males)[0:n_mar]
[ 8 22 15 13  2  0]
np.random.permutation(males)[0:n_mar]
[ 6 22 11  8  0 10]
np.random.permutation(males)[0:n_mar]
[ 9  4 22 18  3 11]
np.random.permutation(males)[0:n_mar]
[10 18  0  6 23 12]
np.random.permutation(males)[0:n_mar]
[ 8 23  6 13 17 18]
np.random.permutation(males)[0:n_mar]
[16  8 22 14 13 17]
np.random.permutation(males)[0:n_mar]
[ 0 22  4 11 10  2]
np.random.permutation(males)[0:n_mar]
[ 6 21  1 23  0 19]
np.random.permutation(males)[0:n_mar]
[18 12 21 10 15 19]
np.random.permutation(males)[0:n_mar]
[22 13 17  1 18  7]
np.random.permutation(males)[0:n_mar]
[21 19 11 20  4 15]
np.random.permutation(males)[0:n_mar]
[16 18  4 11 12  2]
np.random.permutation(males)[0:n_mar]
[19 16 23 14 15  0]
np.random.permutation(males)[0:n_mar]
[ 8  5 10  7  4 21]
np.random.permutation(males)[0:n_mar]
[13 19  6 23  4  7]
np.random.permutation(males)[0:n_mar]
[22 23 12  5  7  4]
np.random.permutation(males)[0:n_mar]
[23 15  6 11 12 20]
np.random.permutation(males)[0:n_mar]
[16 20 17  7  3 10]
np.random.permutation(males)[0:n_mar]
[ 7 20  2 17 10  3]
np.random.permutation(males)[0:n_mar]
[22  9  1  3 15 17]
np.random.permutation(males)[0:n_mar]
[ 0 15  7 13  5  6]
np.random.permutation(males)[0:n_mar]
[15  3 11  5 12 14]
np.random.permutation(males)[0:n_mar]
[ 4 10  9 15  7 23]
np.random.permutation(males)[0:n_mar]
[ 9 21 13  5 14 16]
np.random.permutation(males)[0:n_mar]
[22 12 21  0  3  5]
np.random.permutation(males)[0:n_mar]
[10 18 11  1 17  7]
np.random.permutation(males)[0:n_mar]
[ 0 17 12  1 20  7]
np.random.permutation(males)[0:n_mar]
[14  3  0  8 11  9]
np.random.permutation(males)[0:n_mar]
[23 15 13 18 20  6]
np.random.permutation(males)[0:n_mar]
[ 5 12 16 18  3  4]
np.random.permutation(males)[0:n_mar]
[18  0  6  4  2 20]
np.random.permutation(males)[0:n_mar]
[13 11  7  3  5  8]
np.random.permutation(males)[0:n_mar]
[11 23  8 16  2 17]
np.random.permutation(males)[0:n_mar]
[22 10  0  3  9  8]
np.random.permutation(males)[0:n_mar]
[ 0 10 17  3  7  4]
np.random.permutation(males)[0:n_mar]
[23 18  6  1 12 16]
np.random.permutation(males)[0:n_mar]
[ 5 18  3  1  4 15]
np.random.permutation(males)[0:n_mar]
[ 6 10  8 20 19  2]
np.random.permutation(males)[0:n_mar]
[22 23  9 21  2 12]
np.random.permutation(males)[0:n_mar]
[12  9 22 16  7  8]
np.random.permutation(males)[0:n_mar]
[13 22  7 18 11 21]
np.random.permutation(males)[0:n_mar]
[12  3 16  4  8 20]
np.random.permutation(males)[0:n_mar]
[12 13  7 10  8  6]
np.random.permutation(males)[0:n_mar]
[20 23 12  5  0 18]
np.random.permutation(males)[0:n_mar]
[11  6  7 21 18 10]
np.random.permutation(males)[0:n_mar]
[ 2 12 10 22 17 23]
np.random.permutation(males)[0:n_mar]
[19 12 13  1  7 14]
np.random.permutation(males)[0:n_mar]
[0 9 3 8 4 6]
np.random.permutation(males)[0:n_mar]
[15 22  1  9  4 19]
np.random.permutation(males)[0:n_mar]
[22  8 13 21  1 16]
np.random.permutation(males)[0:n_mar]
[12 20 13  9  0  3]
np.random.permutation(males)[0:n_mar]
[ 6 17 21 19  2 13]
np.random.permutation(males)[0:n_mar]
[17  8  1  5  2  6]
np.random.permutation(males)[0:n_mar]
[14  3  7 20 10 23]
np.random.permutation(males)[0:n_mar]
[ 4  5 12 19  8  0]
