np.random.permutation(males)[0:n_mar]
[14 17  0 23 11  6 19 12  1 20]
np.random.permutation(males)[0:n_mar]
[ 5  8 23  2  3 18 10 13 22 20]
np.random.permutation(males)[0:n_mar]
[10  0  2  5 14 12 16  8  3  4]
np.random.permutation(males)[0:n_mar]
[16  2 20 21 13  4  0  6 22 18]
np.random.permutation(males)[0:n_mar]
[17  9  6 21 15  4  0 11 23 19]
np.random.permutation(males)[0:n_mar]
[16 14  7  0  2 21  6  3 11 10]
np.random.permutation(males)[0:n_mar]
[12 15 19 22  5 11 13 17 18 16]
np.random.permutation(males)[0:n_mar]
[ 4 12  3 10 22 17  0 11  7 13]
np.random.permutation(males)[0:n_mar]
[23 18  3 17  8  6  2 10  1 15]
np.random.permutation(males)[0:n_mar]
[ 1 18  9  7 23  8 20  6 11  3]
np.random.permutation(males)[0:n_mar]
[22  4 20 14 13  9 16  5 15  1]
np.random.permutation(males)[0:n_mar]
[ 5  0  3 19 12 16 20 10 18  7]
np.random.permutation(males)[0:n_mar]
[20 10 11 16  6 14  9 23  2  5]
np.random.permutation(males)[0:n_mar]
[13  8 23 10  9 11 22 16  7  6]
np.random.permutation(males)[0:n_mar]
[23  2 14 10 11  5  3 12 19 16]
np.random.permutation(males)[0:n_mar]
[14 17  9  0 12 10 13 20  3  6]
np.random.permutation(males)[0:n_mar]
[ 3  0 21  2 17  6 13 20  9 15]
np.random.permutation(males)[0:n_mar]
[13  4 15 20  8 12 11 17  9 19]
np.random.permutation(males)[0:n_mar]
[ 3  8 23 21  1 14 20 16  6 15]
np.random.permutation(males)[0:n_mar]
[23  1  8 17  7  5 18  6  2  9]
np.random.permutation(males)[0:n_mar]
[16 18  0 12 22  2 17 15  3  8]
np.random.permutation(males)[0:n_mar]
[17  1 14 15 19 13 12 18 21  3]
np.random.permutation(males)[0:n_mar]
[ 1  0 14 19 13 11 17  6 18 22]
np.random.permutation(males)[0:n_mar]
[ 1 14 12 13  9  7  5 21  6 22]
np.random.permutation(males)[0:n_mar]
[15 10  3  2 12  0 23 22  5 18]
np.random.permutation(males)[0:n_mar]
[ 5 12 20  9  2 10  7  8 17  1]
np.random.permutation(males)[0:n_mar]
[12 18 19  4  6  0 14  9 23  2]
np.random.permutation(males)[0:n_mar]
[21 10  9 14 13 23  5  7 22  6]
np.random.permutation(males)[0:n_mar]
[10  4 21 13 18 23  6  5  3 17]
np.random.permutation(males)[0:n_mar]
[ 7  6 14 18 13 21  9  8  5 15]
np.random.permutation(males)[0:n_mar]
[10 16  7  0  5  3 22 21  4 13]
np.random.permutation(males)[0:n_mar]
[ 5  3 11 12  7 18  4 13 21 22]
np.random.permutation(males)[0:n_mar]
[20 10 21  2 17  6  3 12 19 23]
np.random.permutation(males)[0:n_mar]
[ 1 10 12  3  0  5  6 21 23  7]
np.random.permutation(males)[0:n_mar]
[ 9  1 21 12  8 10 15 17 14  7]
np.random.permutation(males)[0:n_mar]
[ 4 18  2  7 23 15 12 20  3 16]
np.random.permutation(males)[0:n_mar]
[ 3 18 16  2  7  0  9  1  5 13]
np.random.permutation(males)[0:n_mar]
[12  8  9 10 14  6  1  4 19 18]
np.random.permutation(males)[0:n_mar]
[18 17  2 10  0 15 11  5 16 12]
np.random.permutation(males)[0:n_mar]
[13 22  3  0  8 21  2 20  4  6]
np.random.permutation(males)[0:n_mar]
[ 8  4 17 12 19 20  6  5 14 21]
np.random.permutation(males)[0:n_mar]
[ 5 17 20 22 23 10  4 21  9 19]
np.random.permutation(males)[0:n_mar]
[17 14 18  6  9 11 16 13  0 20]
np.random.permutation(males)[0:n_mar]
[ 8 10  4 23 16  7 20  5 11  2]
np.random.permutation(males)[0:n_mar]
[14  8 16 23  7  5  9  4 20 21]
np.random.permutation(males)[0:n_mar]
[ 7  1 13 20 14  0  2  4 21 18]
np.random.permutation(males)[0:n_mar]
[21  9 23  8 11 12 13  0  3 16]
np.random.permutation(males)[0:n_mar]
[18  6  8 20 21  2  9  0 13  1]
np.random.permutation(males)[0:n_mar]
[ 4  0  3 21  9 23  2  1 11  5]
np.random.permutation(males)[0:n_mar]
[22 20 16  2 19  4  0  8 18 12]
np.random.permutation(males)[0:n_mar]
[19 11  7 23 15  9  8 17 18 10]
np.random.permutation(males)[0:n_mar]
[16  4 20  1  3 17 11 22  9  0]
np.random.permutation(males)[0:n_mar]
[ 2  0 11  6 17  7  4  5 16 10]
np.random.permutation(males)[0:n_mar]
[11  8 23 20  3  0  6 14 15 21]
np.random.permutation(males)[0:n_mar]
[ 4 15 16  9 22  7 23  1 14 10]
np.random.permutation(males)[0:n_mar]
[17 16 12 13 21 20 11 23  1  8]
np.random.permutation(males)[0:n_mar]
[23 17 15  4 18  8  1 13  3 14]
np.random.permutation(males)[0:n_mar]
[16  2 13  5 22 12 23  1 17  7]
np.random.permutation(males)[0:n_mar]
[ 6  1  4 14 12 15 17 22 16 10]
np.random.permutation(males)[0:n_mar]
[19  2 16  3 22  8 15  9 18  5]
np.random.permutation(males)[0:n_mar]
[ 3 12 21 18  0 16 11  8  1 23]
np.random.permutation(males)[0:n_mar]
[22  1 13  2 14  5  9 19 16 18]
np.random.permutation(males)[0:n_mar]
[ 7  1  9 15  0  8 18  2 14 21]
np.random.permutation(males)[0:n_mar]
[23 17 13 11  9  6  2 16  7 10]
np.random.permutation(males)[0:n_mar]
[22 13  1  8 15 10 19  5 14 21]
np.random.permutation(males)[0:n_mar]
[ 1 17 23 12 15 13  0 16 18 20]
np.random.permutation(males)[0:n_mar]
[ 5  4  0  9 21  7 20 19 17  6]
np.random.permutation(males)[0:n_mar]
[20 23  6 21 17 22  9 19  1 14]
np.random.permutation(males)[0:n_mar]
[10 19  0 23  4  9  6 11 21 16]
np.random.permutation(males)[0:n_mar]
[12 11  9 20  4 16 15 17 21 10]
np.random.permutation(males)[0:n_mar]
[11 16  7  3 10 18 12 14 13  0]
np.random.permutation(males)[0:n_mar]
[13  9  8 19 18 16 21  4 17 10]
np.random.permutation(males)[0:n_mar]
[12  3 18 23 21 14  0  7  4  5]
np.random.permutation(males)[0:n_mar]
[10 21 12 19 18  0 16 23 17 11]
np.random.permutation(males)[0:n_mar]
[10 15 16  1  2 21 14  7  4 13]
np.random.permutation(males)[0:n_mar]
[20  2  6  8 21 11 13 16  9 15]
np.random.permutation(males)[0:n_mar]
[ 0 11 18 20 14 13 23 22  3  6]
np.random.permutation(males)[0:n_mar]
[11 18  5 17 20  1  7  8 22 14]
np.random.permutation(males)[0:n_mar]
[16  0  7  4 17 18 19 20  5 21]
np.random.permutation(males)[0:n_mar]
[ 0 10 11  9 16 19 22 13  5  8]
np.random.permutation(males)[0:n_mar]
[ 4  5  1 14  2 19  6  7 23 20]
np.random.permutation(males)[0:n_mar]
[19 18 11  7  4  5  6 23 12 14]
np.random.permutation(males)[0:n_mar]
[ 3  2 12 14 10  9 16 22  0  5]
np.random.permutation(males)[0:n_mar]
[ 3 23 20 18  8 22 13 17  5  1]
np.random.permutation(males)[0:n_mar]
[22 11 10 17 12 15  7 23  4  1]
np.random.permutation(males)[0:n_mar]
[ 6 16 19 22 11  9 23  0 12  7]
np.random.permutation(males)[0:n_mar]
[17 15 22  2  8  6 16 21  4  0]
np.random.permutation(males)[0:n_mar]
[ 6 15 13 14  4 23  2 22  3 18]
np.random.permutation(males)[0:n_mar]
[ 5 15  8 12  2  9 11 13  3  4]
np.random.permutation(males)[0:n_mar]
[15  1  7 16 20 11  5  6  3  0]
np.random.permutation(males)[0:n_mar]
[22 15 18  9 16  8 13  6 14  3]
np.random.permutation(males)[0:n_mar]
[20  8 23 11 12  5 10 14 13  1]
np.random.permutation(males)[0:n_mar]
[14 17  7 10  6 13  9  3  2 12]
np.random.permutation(males)[0:n_mar]
[ 6 22 10  3 19  2 16 11 15 13]
np.random.permutation(males)[0:n_mar]
[20 10  3 15 11  5 12  1  2 13]
np.random.permutation(males)[0:n_mar]
[ 1  0 14 10  8 13 19  7 18 17]
np.random.permutation(males)[0:n_mar]
[12  3 19 22 16 10 23  1 15 21]
np.random.permutation(males)[0:n_mar]
[20 12 17  1 16  2 23  6  3  7]
np.random.permutation(males)[0:n_mar]
[ 7 13  2  3 23 10 11 15 20 18]
np.random.permutation(males)[0:n_mar]
[13 16 10 19 21 17  6  7 11 20]
np.random.permutation(males)[0:n_mar]
[22 11  1  3  0  5  8 17 10 18]
np.random.permutation(males)[0:n_mar]
[ 1  3  2 15  8 13 10  5 14 19]
np.random.permutation(males)[0:n_mar]
[19 11  1 22  5 23  6  9 13 15]
np.random.permutation(males)[0:n_mar]
[ 4 18 12  7 13 17 23 11 10 16]
np.random.permutation(males)[0:n_mar]
[ 1 10 11  7  5 18 19 23 15  2]
np.random.permutation(males)[0:n_mar]
[23  3 10  4 22 15 16  5  7 17]
np.random.permutation(males)[0:n_mar]
[12 13 18 15 23 16  6  5 22  9]
np.random.permutation(males)[0:n_mar]
[20  1 21  7 17  3  9  5  2 15]
np.random.permutation(males)[0:n_mar]
[14 22  8 13  6 20 23 11  5  7]
np.random.permutation(males)[0:n_mar]
[21 19  6  4 12 16  1  5 10  0]
np.random.permutation(males)[0:n_mar]
[ 7  0 13  2  9  3  8 10 14 23]
np.random.permutation(males)[0:n_mar]
[12 13 15  5  3 10  7 18  2  0]
np.random.permutation(males)[0:n_mar]
[22 14  5 17  3 10  7 15  9 16]
np.random.permutation(males)[0:n_mar]
[19 15 14 13  5  1  9 12 17 18]
np.random.permutation(males)[0:n_mar]
[ 1  7  8  3  0 12 21  9 18 17]
np.random.permutation(males)[0:n_mar]
[15  1 11 12 19 17  0  8 20 23]
np.random.permutation(males)[0:n_mar]
[13 17  2  8 20  1 18 14 10 11]
np.random.permutation(males)[0:n_mar]
[10  5  7 21 13 18  6  8 11 16]
np.random.permutation(males)[0:n_mar]
[ 2  5 19 17  7 18  9 12 15 16]
np.random.permutation(males)[0:n_mar]
[20 13 22 21 15 17 19  7 12  4]
np.random.permutation(males)[0:n_mar]
[ 6  4 21  8 12 16  0 20 17  2]
np.random.permutation(males)[0:n_mar]
[ 8  2 15 18  5 16 20 11  0 21]
np.random.permutation(males)[0:n_mar]
[ 1 13  6  0  4 18  5 19 10  7]
np.random.permutation(males)[0:n_mar]
[11  3  5  6 16 12 23 14 19 13]
np.random.permutation(males)[0:n_mar]
[21 19  0  6 22 16  3  1  2 10]
np.random.permutation(males)[0:n_mar]
[ 1 20 23 13 18  2 12  4 14 21]
np.random.permutation(males)[0:n_mar]
[23 18  1  5  0 14 20 10  9 19]
np.random.permutation(males)[0:n_mar]
[21 22 10 23  1  3 18  6  7  8]
np.random.permutation(males)[0:n_mar]
[ 7  9  8 19  4 17 10 15 13 22]
np.random.permutation(males)[0:n_mar]
[12  5 19 10  6 13  4 22 17 11]
np.random.permutation(males)[0:n_mar]
[ 6  9 14 18  3 16  0 17 19 15]
np.random.permutation(males)[0:n_mar]
[21  1 20 17 18  5  8 19 13 11]
np.random.permutation(males)[0:n_mar]
[22  1  6 13 19  0 10  9 16 20]
np.random.permutation(males)[0:n_mar]
[14 22  4  7  2 16  5  6 11  3]
np.random.permutation(males)[0:n_mar]
[ 1 13 21  9  5 14 22  8  2 17]
np.random.permutation(males)[0:n_mar]
[ 4 10  6 20  1 15 18 17  9 22]
np.random.permutation(males)[0:n_mar]
[18 14 23  1 15 20  4  6 17 11]
np.random.permutation(males)[0:n_mar]
[22  8  5  0 17 18 11 14 16  6]
np.random.permutation(males)[0:n_mar]
[ 1  2 21  4 11  3  7  9  6 23]
np.random.permutation(males)[0:n_mar]
[10  7 20  3 21 18 22  8 16  4]
np.random.permutation(males)[0:n_mar]
[15 21 11  7 23  6  5  8 10 20]
np.random.permutation(males)[0:n_mar]
[ 3 22 13  1 15  6  5 23 19 11]
np.random.permutation(males)[0:n_mar]
[13  6 19  9  5 14 21  7  3 12]
np.random.permutation(males)[0:n_mar]
[18 15  2  9  1 16 19 23  6 11]
np.random.permutation(males)[0:n_mar]
[18  0 22 14  4 17  6 10  5 19]
np.random.permutation(males)[0:n_mar]
[ 7 18  2  4 13  1 21  3 19  5]
np.random.permutation(males)[0:n_mar]
[ 6 19 21 20 12  9 16 15 14  2]
np.random.permutation(males)[0:n_mar]
[ 5 16  9 19  7 23 10 15 13  8]
np.random.permutation(males)[0:n_mar]
[ 8 10 21 23  5 14 19 20  4 22]
np.random.permutation(males)[0:n_mar]
[17 23 13  1 18  2 16  8  0  7]
np.random.permutation(males)[0:n_mar]
[12  5 10 22 13 11 20 16  4 19]
np.random.permutation(males)[0:n_mar]
[13 18  0  4  7  9 20 10  2 21]
np.random.permutation(males)[0:n_mar]
[10 13 22 17  5  8  1 14 19 20]
np.random.permutation(males)[0:n_mar]
[ 5 22  4 16  0 13  3 11 23 17]
np.random.permutation(males)[0:n_mar]
[23  5 15 18 20 10 14  4 19  3]
np.random.permutation(males)[0:n_mar]
[14  2  3 20 12 11  7 10  1 13]
np.random.permutation(males)[0:n_mar]
[17 21 16 18  1 13 14  6  7  5]
np.random.permutation(males)[0:n_mar]
[ 6  9 20  8 17 15 10 18  2 19]
np.random.permutation(males)[0:n_mar]
[18  8 22 14 21  6  0  3 23 13]
np.random.permutation(males)[0:n_mar]
[21  9 22 20 19  1 15 23 12  3]
np.random.permutation(males)[0:n_mar]
[ 7  0  8 18 21 20  9 22  2 16]
np.random.permutation(males)[0:n_mar]
[17  0 10 11 19  5 16 14  6 12]
np.random.permutation(males)[0:n_mar]
[13 15  6  0  7 23 18  8 22  5]
np.random.permutation(males)[0:n_mar]
[16  2 18  7  9 14  3  5 13 23]
np.random.permutation(males)[0:n_mar]
[19 12  2 10  8  9 15 22 14 13]
np.random.permutation(males)[0:n_mar]
[11 10  6  3 16  2  0 14 12  9]
np.random.permutation(males)[0:n_mar]
[ 5 10 20  9 22 21  8 16 14 19]
np.random.permutation(males)[0:n_mar]
[ 6  3  1 10 14 23 17  4  0  9]
np.random.permutation(males)[0:n_mar]
[ 7  4  1 18 17 16  6 13 21 12]
np.random.permutation(males)[0:n_mar]
[20  6  7  2  9 13 10 14  4 16]
np.random.permutation(males)[0:n_mar]
[15 14 11 16 21 13 17  6  7 22]
np.random.permutation(males)[0:n_mar]
[ 4 20  7 18 22 16 17 13 11  8]
np.random.permutation(males)[0:n_mar]
[ 3 20  2 13 15 17 10  5 18  0]
np.random.permutation(males)[0:n_mar]
[18 11  5 15  0 12  8  9 21 14]
np.random.permutation(males)[0:n_mar]
[ 6  2  7 18 11 21 19 22 14  9]
np.random.permutation(males)[0:n_mar]
[ 8 19 14 11 18  2 21 16  3 12]
np.random.permutation(males)[0:n_mar]
[ 7  8  5 13  2 17 18  4 14 23]
np.random.permutation(males)[0:n_mar]
[16  9 22 13 12 21 23 15  6 11]
np.random.permutation(males)[0:n_mar]
[ 2  6  5 22  0 13 10  1 21 18]
np.random.permutation(males)[0:n_mar]
[ 2  1  8  6  4  7 19 23 10  5]
np.random.permutation(males)[0:n_mar]
[20 12  4  8 21 23 18  1 16  3]
np.random.permutation(males)[0:n_mar]
[ 7  0  3  8 21 20 18  9 16  6]
np.random.permutation(males)[0:n_mar]
[ 0 15 19 13 18 11 14 10  2 16]
np.random.permutation(males)[0:n_mar]
[16 22 20  3 17  7 10  0 11  4]
np.random.permutation(males)[0:n_mar]
[19 16  1 20 23  8 13 11 12 17]
np.random.permutation(males)[0:n_mar]
[12 23 16  4 14 19  7  8 11 17]
np.random.permutation(males)[0:n_mar]
[17 23 13 10  3 16 22 18 14  1]
np.random.permutation(males)[0:n_mar]
[ 9 16  4  7 19 14 20 10  5  6]
np.random.permutation(males)[0:n_mar]
[21 23  1  6 20  3  0 16 13 10]
np.random.permutation(males)[0:n_mar]
[ 7 10 19  0 11 23 18 22 13  8]
np.random.permutation(males)[0:n_mar]
[ 2  1 12  0  7  8 17  5 11 10]
np.random.permutation(males)[0:n_mar]
[ 3 15  9 13 14  0  5 11  4  2]
np.random.permutation(males)[0:n_mar]
[21 20  7 11 17  8  9 14  6 12]
np.random.permutation(males)[0:n_mar]
[13 17 10 16  0 15 22 18  1  3]
np.random.permutation(males)[0:n_mar]
[ 0 22  6  5  4 17 18  8 21 15]
np.random.permutation(males)[0:n_mar]
[22 10  8  2 19 14  9 12 20  1]
np.random.permutation(males)[0:n_mar]
[10  8 18  7 21 11  1  3  4 22]
np.random.permutation(males)[0:n_mar]
[ 3 18  9  7 19 20  1  2  0  5]
np.random.permutation(males)[0:n_mar]
[ 6 13 20  4  1 22 15 12 17 14]
np.random.permutation(males)[0:n_mar]
[ 6 22 18 19 15  7 10  4  8 14]
np.random.permutation(males)[0:n_mar]
[16 22  3  2 19 10  9  6 13  8]
np.random.permutation(males)[0:n_mar]
[ 4 17  0 14 21  6 23 22  7  8]
np.random.permutation(males)[0:n_mar]
[10  2  9 12  6 19 13 14 20 21]
np.random.permutation(males)[0:n_mar]
[13 10 23 22  0  4 12  1 20  9]
np.random.permutation(males)[0:n_mar]
[ 3  0 20 13 16  8 18  7 17 10]
np.random.permutation(males)[0:n_mar]
[ 8 15 18  5  2 16 11  4 14 20]
np.random.permutation(males)[0:n_mar]
[ 5 21  8 16  7 13 17  6 14 12]
np.random.permutation(males)[0:n_mar]
[12 10 13 21 14  3  2 20 19 23]
np.random.permutation(males)[0:n_mar]
[10  2 19 15 14  9  1  4 13  3]
np.random.permutation(males)[0:n_mar]
[12 18 10  7 16 20  1 22  9 13]
np.random.permutation(males)[0:n_mar]
[ 2 16 15 23  1  0 19 17  4 21]
np.random.permutation(males)[0:n_mar]
[ 5 11  7  0  8 14 13 12 17 15]
np.random.permutation(males)[0:n_mar]
[10 23 11  1 22  5 15 14  0  3]
np.random.permutation(males)[0:n_mar]
[17 19 12  6 14 20 10  8  0 11]
np.random.permutation(males)[0:n_mar]
[10  1 15  2 12 17  5 16  7 19]
np.random.permutation(males)[0:n_mar]
[ 8 21 23 12 10  9 17 18  3  5]
np.random.permutation(males)[0:n_mar]
[ 2 21 15 16 12  8 22  7 18  4]
np.random.permutation(males)[0:n_mar]
[ 3 22 23 10  2 16  1 19 21 13]
np.random.permutation(males)[0:n_mar]
[18  3 12 16 19 22 17  5  7 20]
np.random.permutation(males)[0:n_mar]
[20 16  6 22  0  7 21 11  3  8]
np.random.permutation(males)[0:n_mar]
[13 20 11  8  2  9  6  4 23  1]
np.random.permutation(males)[0:n_mar]
[10 23  8 18 20  7 22 16 12  6]
np.random.permutation(males)[0:n_mar]
[15 21 17 10  9  8 11  7  0 16]
np.random.permutation(males)[0:n_mar]
[13 14  2 23  5  6  0 15  9 16]
np.random.permutation(males)[0:n_mar]
[ 8 22 20 13  0 12 16 18 15  1]
np.random.permutation(males)[0:n_mar]
[ 7 14 13 17  1 19 10  3  5  2]
np.random.permutation(males)[0:n_mar]
[10  4  3 13  8 14  7  1  5 15]
np.random.permutation(males)[0:n_mar]
[16  1 10  3 19  5 15 23  2 13]
np.random.permutation(males)[0:n_mar]
[ 3 14 12  2  0  5 19  4 18 15]
np.random.permutation(males)[0:n_mar]
[15 10 11  5 22  3 21 17  9  8]
np.random.permutation(males)[0:n_mar]
[12 23  7 10  9  0 21 17  2 14]
np.random.permutation(males)[0:n_mar]
[23  8  7 11 21  6  4 16  2  5]
np.random.permutation(males)[0:n_mar]
[ 6  5  2  9  1 16 18 19 12  8]
np.random.permutation(males)[0:n_mar]
[ 5 15 17 23  2  9  8 11 10  0]
np.random.permutation(males)[0:n_mar]
[ 6  2  3  8 18 19 15 22 23 20]
np.random.permutation(males)[0:n_mar]
[ 6 12  1 14 21  5 23  4 18 10]
np.random.permutation(males)[0:n_mar]
[10 13 16 22 17  1  9  5  3  8]
np.random.permutation(males)[0:n_mar]
[15  4  3 21  0  5  1 11 16 22]
np.random.permutation(males)[0:n_mar]
[ 2 15 13  7  6  5  4 21 17 20]
np.random.permutation(males)[0:n_mar]
[14 21 12 17  1  2  7  9 10 15]
np.random.permutation(males)[0:n_mar]
[13 15 22  1  5 23  8 16  6 14]
np.random.permutation(males)[0:n_mar]
[ 0  4 18 22 12  8  3  5  6 15]
np.random.permutation(males)[0:n_mar]
[ 3  4 13  1  0 23 17 18 22  2]
np.random.permutation(males)[0:n_mar]
[ 7  9 16 12 18 21 22 17 13  6]
np.random.permutation(males)[0:n_mar]
[ 7 19 12 17 13  3 20  9  5  2]
np.random.permutation(males)[0:n_mar]
[22 18 17 11  8 10  3  6 21  0]
np.random.permutation(males)[0:n_mar]
[ 1  0 14  7 11  2 16  9 12  4]
np.random.permutation(males)[0:n_mar]
[18 23 13 17  7 12  5 10  8 14]
np.random.permutation(males)[0:n_mar]
[23 18 19  1 16  3  4  6 14 15]
np.random.permutation(males)[0:n_mar]
[ 4 16 13 10 11 20  3 17 23  5]
np.random.permutation(males)[0:n_mar]
[ 8  1 12 20 16 14  7  5  3  0]
np.random.permutation(males)[0:n_mar]
[16  1  5  2 17  4 10 14 20  9]
np.random.permutation(males)[0:n_mar]
[11  3 15 16 20  9 21  0 17  8]
np.random.permutation(males)[0:n_mar]
[19  6 21  3 20  9 12 16 10  0]
np.random.permutation(males)[0:n_mar]
[15  5 18 20 13  7 19 22 14  2]
np.random.permutation(males)[0:n_mar]
[10  4 17  3  9 18 14  8 16  1]
np.random.permutation(males)[0:n_mar]
[16 12 15 18 14 22 13  5  4  7]
np.random.permutation(males)[0:n_mar]
[20  1  4 15  7  6 10  0  2 17]
np.random.permutation(males)[0:n_mar]
[14 11 21 13 17  6  1  9  5  3]
np.random.permutation(males)[0:n_mar]
[10  6  9 11  1 18 13 15  0  5]
np.random.permutation(males)[0:n_mar]
[22 16  4  2 13  1 19  3 18 23]
np.random.permutation(males)[0:n_mar]
[ 1  4  9 12 13 22  2 18 20  5]
np.random.permutation(males)[0:n_mar]
[19 14 13  7 22  8  6 15  9 17]
np.random.permutation(males)[0:n_mar]
[ 9 19 21 15  2 12  0 23 18 16]
np.random.permutation(males)[0:n_mar]
[19 16  4  1  2 11  9 14 22  7]
np.random.permutation(males)[0:n_mar]
[ 5  4 18  8 16 17 21  6  0 12]
np.random.permutation(males)[0:n_mar]
[21 17  0 14 19 11  6 22 16  8]
np.random.permutation(males)[0:n_mar]
[20  7  3 12  5  9 10 17  0 22]
np.random.permutation(males)[0:n_mar]
[ 2 20  5 17  6  0  7 15 18 11]
np.random.permutation(males)[0:n_mar]
[22 14  2 23 19 16 13  5 18 15]
np.random.permutation(males)[0:n_mar]
[11  5 18 20  3  2 10 22  4  1]
np.random.permutation(males)[0:n_mar]
[ 3  2 18 15  5 13 21 11 20 16]
np.random.permutation(males)[0:n_mar]
[19 17  5 10  7 22 12 16  3  1]
np.random.permutation(males)[0:n_mar]
[18 11 16  2 19 17 13 14  0 15]
np.random.permutation(males)[0:n_mar]
[ 2  5 12 15  8  3 16 10  4 18]
np.random.permutation(males)[0:n_mar]
[ 7  1  3 14 19  9 11 22 12 10]
np.random.permutation(males)[0:n_mar]
[ 8 22 20 14  3  7  0 17 16 19]
np.random.permutation(males)[0:n_mar]
[10  3 13  5  1 11 21  6  0 17]
np.random.permutation(males)[0:n_mar]
[14 12  2  8 17  3 23 13 11 15]
np.random.permutation(males)[0:n_mar]
[19 15 17  3  4 23 12 16  0  7]
np.random.permutation(males)[0:n_mar]
[ 8  4 11 22 18 12 15 17  2 10]
np.random.permutation(males)[0:n_mar]
[13 12 11  1 21  3  6 17  8 20]
np.random.permutation(males)[0:n_mar]
[ 6  2 18 20  0  5  8 12 16 13]
np.random.permutation(males)[0:n_mar]
[ 6 13 11 14 18  4  9 20  0  2]
np.random.permutation(males)[0:n_mar]
[ 4 16  7 19 17  0  5  9 10 21]
np.random.permutation(males)[0:n_mar]
[19 13 21  7 11  6  5  1  0 16]
np.random.permutation(males)[0:n_mar]
[ 4 16 22 11 13  6  1 23 12  9]
np.random.permutation(males)[0:n_mar]
[ 7  5 22 23 11  4 12  1  0 16]
np.random.permutation(males)[0:n_mar]
[13 15 11  9 10 16 21 23 14 19]
np.random.permutation(males)[0:n_mar]
[ 7  2  4 13  3 18 10  8  1 20]
np.random.permutation(males)[0:n_mar]
[15  6 10  0 23 21  5 11 19 13]
np.random.permutation(males)[0:n_mar]
[ 6  5 14 22 19  8  0  7 10 20]
np.random.permutation(males)[0:n_mar]
[13 21  1  6  2  0 12  9 20 17]
np.random.permutation(males)[0:n_mar]
[16  0  7 23 10 18 13 17  8  5]
np.random.permutation(males)[0:n_mar]
[18  2 20  4 12  9 23 22 13 15]
np.random.permutation(males)[0:n_mar]
[13 17  4  7 12 21 15  6  3  5]
np.random.permutation(males)[0:n_mar]
[20 13 17  4  3  7  1 21  0  5]
np.random.permutation(males)[0:n_mar]
[11  2 16  7  5  9 21  3 23 10]
np.random.permutation(males)[0:n_mar]
[21 16  9 22  6  8 18  7 17 13]
np.random.permutation(males)[0:n_mar]
[13  8 14  7  0 19 17  4 15 23]
np.random.permutation(males)[0:n_mar]
[15  2  0  3 20 10 23 21 14 22]
np.random.permutation(males)[0:n_mar]
[23 19 11 21 20 14  2  9 18 17]
np.random.permutation(males)[0:n_mar]
[ 7 14 23  1  6 13  8  5  3  9]
np.random.permutation(males)[0:n_mar]
[20  5 12 10  7  9 16 22  3 21]
np.random.permutation(males)[0:n_mar]
[ 2 11 19  8 10 16 14 22  5  4]
np.random.permutation(males)[0:n_mar]
[ 6  4  5 22 11 20 16  3 10 15]
np.random.permutation(males)[0:n_mar]
[22  3 10 18  2  6  9  8  4 12]
np.random.permutation(males)[0:n_mar]
[13  9 14 15  0  6 18 12 20  7]
np.random.permutation(males)[0:n_mar]
[ 0  7 20 21  2  5 23  3 13 17]
np.random.permutation(males)[0:n_mar]
[15 19  4  6 20  2 21  0  3  5]
np.random.permutation(males)[0:n_mar]
[ 4  7  1 15 22 14 16  6  5  9]
np.random.permutation(males)[0:n_mar]
[ 8  9 14 16 22 20 17 12  5 18]
np.random.permutation(males)[0:n_mar]
[ 0  7 20  2  5 22 21 12 18  9]
np.random.permutation(males)[0:n_mar]
[21 14 11  8 22  5 20  1  7 13]
np.random.permutation(males)[0:n_mar]
[ 5 22 21 11 19  1  9  6 15 20]
np.random.permutation(males)[0:n_mar]
[ 1 19  2  5 11 10 20 22 14 12]
np.random.permutation(males)[0:n_mar]
[18 19 10 17  6 16  8  1  5 11]
np.random.permutation(males)[0:n_mar]
[19 22 15 13 14 23  9 20 17  2]
np.random.permutation(males)[0:n_mar]
[18  0 19 21  9 13 14 16 11  4]
np.random.permutation(males)[0:n_mar]
[ 5 19 20 22  9 15  1  7 14  6]
np.random.permutation(males)[0:n_mar]
[11  1 15 12 20  9 19  6 10 21]
np.random.permutation(males)[0:n_mar]
[17 23  5 15  8 10  7  6  0  2]
np.random.permutation(males)[0:n_mar]
[21 11  8 13 23 19  7  3 20  6]
np.random.permutation(males)[0:n_mar]
[ 2 13  3  9 17 16  8  4  6 14]
np.random.permutation(males)[0:n_mar]
[21 19 15  7  4  0 12 10 11 16]
np.random.permutation(males)[0:n_mar]
[ 8 15 16 12 21  3  0 14  7  1]
np.random.permutation(males)[0:n_mar]
[18 16  2  7 21 15 20  0 14 13]
np.random.permutation(males)[0:n_mar]
[18  9 16 15  2 14  0  3 17  8]
np.random.permutation(males)[0:n_mar]
[12 13 22  4 20  5 11 17  2  7]
np.random.permutation(males)[0:n_mar]
[ 6 22 11 15 14 10  7 17 21  3]
np.random.permutation(males)[0:n_mar]
[23 19  4  2  7 18 17 21  8  5]
np.random.permutation(males)[0:n_mar]
[22 15  2  5 18 20 10  6  8 21]
np.random.permutation(males)[0:n_mar]
[ 8  4  5 12 18  7 13 14  3 10]
np.random.permutation(males)[0:n_mar]
[ 3  9 17  1  7 12 13 16 19  5]
np.random.permutation(males)[0:n_mar]
[22  1  9  6 12  3  7 10 18 13]
np.random.permutation(males)[0:n_mar]
[17  8 22 23  9 11 18 16  5  2]
np.random.permutation(males)[0:n_mar]
[ 1 16  5 22  6 20 18  3 10 21]
np.random.permutation(males)[0:n_mar]
[ 7  6  4  3 10 15  2 13  0 21]
np.random.permutation(males)[0:n_mar]
[22 19 23  0  8 10  1  5 16 11]
np.random.permutation(males)[0:n_mar]
[ 2 20 12 18 11 21  9 15  0  5]
np.random.permutation(males)[0:n_mar]
[10 17  5  2 22 12 21  1  8 18]
np.random.permutation(males)[0:n_mar]
[ 0  4 19 22  6 14 21 18  8  2]
np.random.permutation(males)[0:n_mar]
[21 12 19 15  6 22 16  4 10 18]
np.random.permutation(males)[0:n_mar]
[13 19 21 15 17  3 16 11 14 22]
np.random.permutation(males)[0:n_mar]
[ 6  0 18  4  8 14 23 10 19 20]
np.random.permutation(males)[0:n_mar]
[12  6  9 11 18  1 19 21 10 20]
np.random.permutation(males)[0:n_mar]
[16 12 21 23  9  5 22  1  3 13]
np.random.permutation(males)[0:n_mar]
[18 14 20 11  9  1  3  0  7  4]
np.random.permutation(males)[0:n_mar]
[23 10  9 13 17 15  7  1 12  2]
np.random.permutation(males)[0:n_mar]
[ 1 17  4 11  0 12  8 14  2 19]
np.random.permutation(males)[0:n_mar]
[ 6  7  3 17  9  1 10 19 11  2]
np.random.permutation(males)[0:n_mar]
[22  0 14 13  2 19  5 15 12 10]
np.random.permutation(males)[0:n_mar]
[23  9 14 15 13 18  2  3  4  1]
np.random.permutation(males)[0:n_mar]
[22 17 15  4  5 12  3 10 20 11]
np.random.permutation(males)[0:n_mar]
[ 0  6 10 21  5  9  2  1 20  7]
np.random.permutation(males)[0:n_mar]
[ 7 19 11  4 12 21  6 14 13  3]
np.random.permutation(males)[0:n_mar]
[20 14 22 18 15 19  9 17 10 12]
np.random.permutation(males)[0:n_mar]
[14  5  2 16 18 21 12  9  1 19]
np.random.permutation(males)[0:n_mar]
[19  8  7 23 20  0 11  2  6 22]
np.random.permutation(males)[0:n_mar]
[18 15 20 10  4  0 23 17 14  1]
np.random.permutation(males)[0:n_mar]
[18 13 14 21 12 11  6  3  8  2]
np.random.permutation(males)[0:n_mar]
[ 1  9 11 16  3 12 15 21 10 17]
np.random.permutation(males)[0:n_mar]
[ 2  9 18 17 19  6 10 20 22 13]
np.random.permutation(males)[0:n_mar]
[15 22 19 17  2 12 23 16 21 10]
np.random.permutation(males)[0:n_mar]
[ 2 15 13 20  6 19  7  9 21 11]
np.random.permutation(males)[0:n_mar]
[ 7 14 11 22 10 21 18  1 20  8]
np.random.permutation(males)[0:n_mar]
[15  9  1 14  3 20 11 18 13 10]
np.random.permutation(males)[0:n_mar]
[18 10  1  0 20 16 14  3  8  9]
np.random.permutation(males)[0:n_mar]
[18  7  5 17  1  2 13 16 14  9]
np.random.permutation(males)[0:n_mar]
[ 6  9 14  1 18 11  8 13 16 21]
np.random.permutation(males)[0:n_mar]
[12  1  7  0 23 15 16  2 10  9]
np.random.permutation(males)[0:n_mar]
[20  0  4  6 12 10 22  7  5 16]
np.random.permutation(males)[0:n_mar]
[13  3 12  0 16  5 11  4 23 17]
np.random.permutation(males)[0:n_mar]
[ 4 12 23 21  7  2 17 16 22  0]
np.random.permutation(males)[0:n_mar]
[23 13 14 16 19 20 22 15 21  3]
np.random.permutation(males)[0:n_mar]
[17 21  9 22 14  0 13 19 20  6]
np.random.permutation(males)[0:n_mar]
[20 19 16 23 22  5 14  3  2  1]
np.random.permutation(males)[0:n_mar]
[ 9  3 23  4 16 15 22  7  8 18]
np.random.permutation(males)[0:n_mar]
[ 8 12  4  3  1 18  6 22 10 21]
np.random.permutation(males)[0:n_mar]
[ 6  9  7  8 17 21 12 11  3 15]
np.random.permutation(males)[0:n_mar]
[ 6 15  7 23  0 11  4 13 12  5]
np.random.permutation(males)[0:n_mar]
[16  3  9  8 11 14  1  6  2  5]
np.random.permutation(males)[0:n_mar]
[21  6  5 17  0  1  9 22 23 19]
np.random.permutation(males)[0:n_mar]
[21  1 18  3  7 15 13  4 12 11]
np.random.permutation(males)[0:n_mar]
[22 12  1  8  0 19  2  4  7  5]
np.random.permutation(males)[0:n_mar]
[16 20  5  6  9 18 21 22 17  8]
np.random.permutation(males)[0:n_mar]
[ 7  3 11 19  1 10 13 23 20 16]
np.random.permutation(males)[0:n_mar]
[ 1 16 22  5 11 12 14  0 23  3]
np.random.permutation(males)[0:n_mar]
[ 1  6  7  0 15  9 17 14 16 19]
np.random.permutation(males)[0:n_mar]
[ 8  5  1  7 17 14 13 12  9 23]
np.random.permutation(males)[0:n_mar]
[13 19  1  0  6  3  5 18  9 14]
np.random.permutation(males)[0:n_mar]
[ 4  6 23  2 20 18 12 15 16  3]
np.random.permutation(males)[0:n_mar]
[22 18 15  3 13  6 11  8  2 10]
np.random.permutation(males)[0:n_mar]
[ 1 22  9 11 13  3 14 19  0 10]
np.random.permutation(males)[0:n_mar]
[11 19 10 18  8 21  0 15  3 12]
np.random.permutation(males)[0:n_mar]
[ 3  4  8 22  5 20  6 13 10 12]
np.random.permutation(males)[0:n_mar]
[22  3 18 12 20 11 17  8  4  1]
np.random.permutation(males)[0:n_mar]
[ 8  3 22  6 18  5 11  2  9 15]
np.random.permutation(males)[0:n_mar]
[ 9 22 16 23 14 21  8  7 20  6]
np.random.permutation(males)[0:n_mar]
[17  0 19 22 13 11  7  9  1  2]
np.random.permutation(males)[0:n_mar]
[19 12 23 14  7  1  3  4  8  0]
np.random.permutation(males)[0:n_mar]
[15 16 12 13 10 19  3 22  1 14]
np.random.permutation(males)[0:n_mar]
[18  9 10 23  3 17 19  1  7 12]
np.random.permutation(males)[0:n_mar]
[19 11 10  5 20 12  6  9 22 18]
np.random.permutation(males)[0:n_mar]
[ 4  3  1 16 17 11 22 15 19 14]
np.random.permutation(males)[0:n_mar]
[13  0  7 17 20 16  3  8  6 15]
np.random.permutation(males)[0:n_mar]
[14 17 23  7  8  1  0 12  2 15]
np.random.permutation(males)[0:n_mar]
[ 9  1  3 18 19 11  6 17 14 23]
np.random.permutation(males)[0:n_mar]
[10 12 22  1  2  9 19  0  6  7]
np.random.permutation(males)[0:n_mar]
[20  9 11 23  0  5 21 22  4  1]
np.random.permutation(males)[0:n_mar]
[21  1  9  4  7 23 15 13  0 10]
np.random.permutation(males)[0:n_mar]
[12 18 11  4  8 17  0 10 14  1]
np.random.permutation(males)[0:n_mar]
[18  0  1  8 21  2  6 10  3 20]
np.random.permutation(males)[0:n_mar]
[13 19  2 23 14  9 18 15 21 10]
np.random.permutation(males)[0:n_mar]
[19 15  7  0 21  9  2 16  4 20]
np.random.permutation(males)[0:n_mar]
[ 5  2  1  6  9 11 17 10 23 20]
np.random.permutation(males)[0:n_mar]
[ 7 12 22  1 16  0  5 10 20  8]
np.random.permutation(males)[0:n_mar]
[14  6 23  1 10 22 16 17  9  5]
np.random.permutation(males)[0:n_mar]
[ 8 21  1  9 22 13 16 12 18 10]
np.random.permutation(males)[0:n_mar]
[ 9 23 19  6 16 18 13  8 22 21]
np.random.permutation(males)[0:n_mar]
[20  7  2 19 11  4 15  1 12 17]
np.random.permutation(males)[0:n_mar]
[10 23 15 20  1  9  0 21 22  5]
np.random.permutation(males)[0:n_mar]
[ 7 20 12 16 23  5 19  2 14 15]
np.random.permutation(males)[0:n_mar]
[20  0  1 15  3 21 22 18  2 16]
np.random.permutation(males)[0:n_mar]
[13 12  5  0  7 14  8  4 22  1]
np.random.permutation(males)[0:n_mar]
[10 20 21 18 15 13  2 12 17  9]
np.random.permutation(males)[0:n_mar]
[10  4  8 15 22 14  7 19  6  2]
np.random.permutation(males)[0:n_mar]
[20 14 17  5  9 16 12 11  8 19]
np.random.permutation(males)[0:n_mar]
[14 17  4  0  8 20  1  5  7 13]
np.random.permutation(males)[0:n_mar]
[13  5  8 10 21  6 17  7 15 14]
np.random.permutation(males)[0:n_mar]
[21 19 17 22 13  1  3 23  6 18]
np.random.permutation(males)[0:n_mar]
[23 11 18 19  7 13 16 22  2 17]
np.random.permutation(males)[0:n_mar]
[15  6 20  0  4  5 14 18 17 21]
np.random.permutation(males)[0:n_mar]
[12 20 22 13 21  6  5  7 15  1]
np.random.permutation(males)[0:n_mar]
[13  2  1 14  4 23 17 22 15 21]
np.random.permutation(males)[0:n_mar]
[ 5 18 21 13 22  7 14 15  8 10]
np.random.permutation(males)[0:n_mar]
[ 3  0 13  8 22 18  2 23 21 16]
np.random.permutation(males)[0:n_mar]
[ 0 16 23 19 22 20  1  7  9  2]
np.random.permutation(males)[0:n_mar]
[ 4 10  2  5 23  0  3 18 17 13]
np.random.permutation(males)[0:n_mar]
[10 11 20  8  9 22 12 13  1 15]
np.random.permutation(males)[0:n_mar]
[ 8  4  6 10  7 18 19  9  1  0]
np.random.permutation(males)[0:n_mar]
[21 17  0 23  6 20 18  7  2  1]
np.random.permutation(males)[0:n_mar]
[19  3 11 16 12  7  5 15 18 21]
np.random.permutation(males)[0:n_mar]
[12 22  0 23  2  8 10  4 13 19]
np.random.permutation(males)[0:n_mar]
[14  5  2 18 15 21  0 12  6  7]
np.random.permutation(males)[0:n_mar]
[ 2  7  6  9 17 10  4 18  1  3]
np.random.permutation(males)[0:n_mar]
[12 22 11  7 23  4 21 18 17 10]
np.random.permutation(males)[0:n_mar]
[ 0  8  9  6  3 16 15 13  5 17]
np.random.permutation(males)[0:n_mar]
[23  9  5  1  3 22 17 21 16 18]
np.random.permutation(males)[0:n_mar]
[22 10 15  5  3 16 18 21 20  2]
np.random.permutation(males)[0:n_mar]
[ 9 17 23  3 19  8  4 13 18  0]
np.random.permutation(males)[0:n_mar]
[20 19  7  1  0  8 15 18 16 14]
np.random.permutation(males)[0:n_mar]
[ 5 11  3 23  6 18 12 19  7 21]
np.random.permutation(males)[0:n_mar]
[18 22  9 23  8 16 12 20 21  3]
np.random.permutation(males)[0:n_mar]
[20 19  1 17 12  8 18 22  3 23]
np.random.permutation(males)[0:n_mar]
[21 11  0  1  9 19 18 23  6 20]
np.random.permutation(males)[0:n_mar]
[19  5  0  6 14 13 15 20  4  9]
np.random.permutation(males)[0:n_mar]
[17  2 23  6  7 20  0 14 10 19]
np.random.permutation(males)[0:n_mar]
[16  8 14 19 13 10 15 21  2 18]
np.random.permutation(males)[0:n_mar]
[21 11  4  0 18 16 12 13 10 20]
np.random.permutation(males)[0:n_mar]
[ 3  2  7 16  6  0 15 14 20 13]
np.random.permutation(males)[0:n_mar]
[ 9  8  4  7 12  5  0 13 22 15]
np.random.permutation(males)[0:n_mar]
[13  6  8 10  4  7 19  9 18 14]
np.random.permutation(males)[0:n_mar]
[ 6 10  0 13 19  8  5  4 20 17]
np.random.permutation(males)[0:n_mar]
[21 20 11  0  7  8  2  1 22 14]
np.random.permutation(males)[0:n_mar]
[17 10 21  9 15  2 19 18 22 16]
np.random.permutation(males)[0:n_mar]
[11  1 20 12  2  7 19  3  0  8]
np.random.permutation(males)[0:n_mar]
[17 13  3  7 14 20 15  5  6 22]
np.random.permutation(males)[0:n_mar]
[11 12  0 10  3 16  6  8  5  9]
np.random.permutation(males)[0:n_mar]
[10  7  9  2 13  4 23 17  1 21]
np.random.permutation(males)[0:n_mar]
[ 5  1  7  4  6 16 22 12  0 15]
np.random.permutation(males)[0:n_mar]
[20  8 13 21  2 15  9 12 23  4]
np.random.permutation(males)[0:n_mar]
[15  2 11  9  1  4  3 19 20 14]
np.random.permutation(males)[0:n_mar]
[16  7 12 10 23  8  1 14 21  4]
np.random.permutation(males)[0:n_mar]
[ 6 15 19  7  3  2 11 18 21  5]
np.random.permutation(males)[0:n_mar]
[22 20 16  4 19 13  3 18  0 15]
np.random.permutation(males)[0:n_mar]
[ 7 18 19 22  1 11  8 23  6 16]
np.random.permutation(males)[0:n_mar]
[12  0  8  7  6 22 11 21 10  9]
np.random.permutation(males)[0:n_mar]
[10  5  3 14 15 16 17  0  4  1]
np.random.permutation(males)[0:n_mar]
[ 3 12 18 10  0  7  5 23 13 15]
np.random.permutation(males)[0:n_mar]
[ 4 13  5 18 14  0 22 19  1 11]
np.random.permutation(males)[0:n_mar]
[ 1  3 15 11 14 16 10 19  9  5]
np.random.permutation(males)[0:n_mar]
[22 16  4 18  6  8  9 20 21 17]
np.random.permutation(males)[0:n_mar]
[ 5 20 14 13  6  3 19 21 17 18]
np.random.permutation(males)[0:n_mar]
[ 7 15  4  6 20 14 11  3 17  1]
np.random.permutation(males)[0:n_mar]
[11 18 10  6  1  5 14 19 16 13]
np.random.permutation(males)[0:n_mar]
[ 4  2 19  3 10 21  9  7 13  0]
np.random.permutation(males)[0:n_mar]
[ 1  3  5 16 14  2  9 18 11 12]
np.random.permutation(males)[0:n_mar]
[22 14  0 15  6  9  5 16 23 17]
np.random.permutation(males)[0:n_mar]
[ 0 10 17  4 23  2 14 19 13  1]
np.random.permutation(males)[0:n_mar]
[ 1  3 20 19 23 13 10  5 22 11]
np.random.permutation(males)[0:n_mar]
[17  6  4  5 13 12  7 23 20 15]
np.random.permutation(males)[0:n_mar]
[23  3  7  6 14  8 20  2 15 11]
np.random.permutation(males)[0:n_mar]
[14  5  7  6 19 16 11 10 12 18]
np.random.permutation(males)[0:n_mar]
[15 17 11 18 20 13 19  3 10  8]
np.random.permutation(males)[0:n_mar]
[ 3 22  8  2  5  9 23  7 16 15]
np.random.permutation(males)[0:n_mar]
[20  3 22  5 10  4  9 12 11 14]
np.random.permutation(males)[0:n_mar]
[11  0 23  7  5 21 10 14 15  2]
np.random.permutation(males)[0:n_mar]
[ 0  8  9  3 23  5 21  4 13 20]
np.random.permutation(males)[0:n_mar]
[ 2  5 21 14 10  8 11  9 23 13]
np.random.permutation(males)[0:n_mar]
[ 5 12  1  4 22  3  8 18 20 11]
np.random.permutation(males)[0:n_mar]
[16 23  0  8  3 12 15 14  9 20]
np.random.permutation(males)[0:n_mar]
[ 9 16  3 11  4  6 13 12 15 21]
np.random.permutation(males)[0:n_mar]
[ 3 13 19  7 15 14 23 10  8  0]
np.random.permutation(males)[0:n_mar]
[ 4 16 13 14 12  8  0  2 19  9]
np.random.permutation(males)[0:n_mar]
[21  1 11 23 19  4 12 22 16 18]
np.random.permutation(males)[0:n_mar]
[11 23 13 22 17  2  1 12 20  8]
np.random.permutation(males)[0:n_mar]
[ 2 20 22 14 15  7 19  6  3  8]
np.random.permutation(males)[0:n_mar]
[17 22 21  5  0 13 20  8 15  9]
np.random.permutation(males)[0:n_mar]
[17  2 10 20 11 16  3  9 19  7]
np.random.permutation(males)[0:n_mar]
[13 18 20 17 22 10  0 12  6 16]
np.random.permutation(males)[0:n_mar]
[11  7  8 23 19  3 17 12  1 22]
np.random.permutation(males)[0:n_mar]
[22  2 21  0 23 10  4 15 19 11]
np.random.permutation(males)[0:n_mar]
[16  0 19  9 11 13 14 15  4 10]
np.random.permutation(males)[0:n_mar]
[14  6 18 22  3  8 17 23 11  2]
np.random.permutation(males)[0:n_mar]
[10  1 20  0 13 15 16  6  7 22]
np.random.permutation(males)[0:n_mar]
[17  5  9 13 15 14  7  8 20 22]
np.random.permutation(males)[0:n_mar]
[ 8  6 22 14  7 11  2 21  0 13]
np.random.permutation(males)[0:n_mar]
[ 0 21 22  8 20  6  7 18 19 23]
np.random.permutation(males)[0:n_mar]
[ 1  5 18  8 14 23 22  9 16 15]
np.random.permutation(males)[0:n_mar]
[10  7 15 21 23 11 16  4 13  9]
np.random.permutation(males)[0:n_mar]
[11 18  8 10  7  5  6 17 12 23]
np.random.permutation(males)[0:n_mar]
[11  1  9 17 20  4 18  8  2 16]
np.random.permutation(males)[0:n_mar]
[ 6 15 20  5  1 14 11 23 21 17]
np.random.permutation(males)[0:n_mar]
[11  2 23  1  3 22 20 16  6  5]
np.random.permutation(males)[0:n_mar]
[15 22 14  8  9 12  1 10 21 13]
np.random.permutation(males)[0:n_mar]
[ 0  6  8 20 22 16 11  7  1 19]
np.random.permutation(males)[0:n_mar]
[ 8 11 14 21  6  7 15  3 13 17]
np.random.permutation(males)[0:n_mar]
[14  0 18  3 12  8 16 23 19  5]
np.random.permutation(males)[0:n_mar]
[ 8 23 13  9 16 11 17  4 21 12]
np.random.permutation(males)[0:n_mar]
[11 18 22  3  2 12  8 23 14  7]
np.random.permutation(males)[0:n_mar]
[11 14 10  6  8 19  0 22  1  7]
np.random.permutation(males)[0:n_mar]
[23 21  9  3 18 17 12  7 20 15]
np.random.permutation(males)[0:n_mar]
[12 22  4  6 15  3 13 19  5  0]
np.random.permutation(males)[0:n_mar]
[ 4 21 12  9 14 16  5 23  2  1]
np.random.permutation(males)[0:n_mar]
[11 19 22 12  2  7  8  9  1 17]
np.random.permutation(males)[0:n_mar]
[20 18  9 10  4 21 23 17 12 11]
np.random.permutation(males)[0:n_mar]
[11 23 21  6 10 15 14 17  0  9]
np.random.permutation(males)[0:n_mar]
[ 7  0  2 16 21  5 17  3  4 22]
np.random.permutation(males)[0:n_mar]
[13  5 18  1 19 20 21 16  4 10]
np.random.permutation(males)[0:n_mar]
[ 8 16 11 14 13  9 22  6 19 23]
np.random.permutation(males)[0:n_mar]
[12  8 15 10 21 23 18  4  9  3]
np.random.permutation(males)[0:n_mar]
[ 5  1  8 23 20 12  3  4 19  2]
np.random.permutation(males)[0:n_mar]
[20  1  2 23  9 12 19  0  6 18]
np.random.permutation(males)[0:n_mar]
[16  7  0 15  8 19 12  1 23 11]
np.random.permutation(males)[0:n_mar]
[18  0  8  1 21 13  2 20  9 15]
np.random.permutation(males)[0:n_mar]
[20  2 10 14 15  8  4  5  3  9]
np.random.permutation(males)[0:n_mar]
[ 2  5 16 13 20  8  4 17  6 21]
np.random.permutation(males)[0:n_mar]
[ 5  4  1  6 20 23 17  8 19 22]
np.random.permutation(males)[0:n_mar]
[20  1 12  5 21 23  4 13 14  8]
np.random.permutation(males)[0:n_mar]
[20  3  7  9 10 11 17 22 23  6]
np.random.permutation(males)[0:n_mar]
[ 0 14 20 18 17  2 11  6  5 13]
np.random.permutation(males)[0:n_mar]
[11 18 15  7  0  8  1  9 12 19]
np.random.permutation(males)[0:n_mar]
[ 7 14  6  2 15  4  3  0 19  1]
np.random.permutation(males)[0:n_mar]
[23  0 21  6  1  9 11 15  3  2]
np.random.permutation(males)[0:n_mar]
[18  1 14 21 13  6 22 23  3  9]
np.random.permutation(males)[0:n_mar]
[22  6  3 20 14 21 18  9  2  0]
np.random.permutation(males)[0:n_mar]
[12  3  0  2  9  5  7 18 14  6]
np.random.permutation(males)[0:n_mar]
[ 6  0 19 13  3 11 20  2 18 10]
np.random.permutation(males)[0:n_mar]
[23  3  1 17  9 21 20 18 16 13]
np.random.permutation(males)[0:n_mar]
[18  9  3 15  5 11  7 22 10  1]
np.random.permutation(males)[0:n_mar]
[12  9  0 19 22 15  8  5 10 13]
np.random.permutation(males)[0:n_mar]
[14  1 10  8 11  7  3 17 15 23]
np.random.permutation(males)[0:n_mar]
[ 3 12  7 16 15 10 17 11 22 21]
np.random.permutation(males)[0:n_mar]
[ 8 13 11 16 17 19  5  7 21 15]
np.random.permutation(males)[0:n_mar]
[ 8  9 14  0  1  4 22 16 23  6]
np.random.permutation(males)[0:n_mar]
[16 23 20  6  2 22 21  4 13 11]
np.random.permutation(males)[0:n_mar]
[ 6 13  8 12  7 15 14 20 16  9]
np.random.permutation(males)[0:n_mar]
[21  0  7 10 12 11 16 18  3  8]
np.random.permutation(males)[0:n_mar]
[11  9 20  2 10 21  0  1 19 12]
np.random.permutation(males)[0:n_mar]
[ 6 13 15 19  2  1  3  9  8  5]
np.random.permutation(males)[0:n_mar]
[16 15 19 22 20  2  8  9  7 11]
np.random.permutation(males)[0:n_mar]
[ 5 14 16 12 13  0 19  7  3 18]
np.random.permutation(males)[0:n_mar]
[ 0  6 12  4 11 14  7  5 19 20]
np.random.permutation(males)[0:n_mar]
[ 9 13 14  0 23  4  2 19 18 20]
np.random.permutation(males)[0:n_mar]
[14  6 10  0 20 23 15 13  9  5]
np.random.permutation(males)[0:n_mar]
[22  7 21 18 14 15  6  8  0  2]
np.random.permutation(males)[0:n_mar]
[ 9 16 14  1 10  8  7  6 20 13]
np.random.permutation(males)[0:n_mar]
[ 5  9 19  3 16 23 21 11 17 15]
np.random.permutation(males)[0:n_mar]
[15  2 11 10 23  4 13  6 22  5]
np.random.permutation(males)[0:n_mar]
[ 1 12 18  5 11 17 13 16 15 23]
np.random.permutation(males)[0:n_mar]
[20  2  3 12 14 21  6 18 10  0]
np.random.permutation(males)[0:n_mar]
[21  3  8 17 16  6  5  9 13  7]
np.random.permutation(males)[0:n_mar]
[ 2 11  1 18 10 12 17  9 22 20]
np.random.permutation(males)[0:n_mar]
[22  6 21 14  4 17 18  0  3  1]
np.random.permutation(males)[0:n_mar]
[18 19  5  2 13 22  9  8  0  6]
np.random.permutation(males)[0:n_mar]
[10  5  1  7  4 17  9 22 14 15]
np.random.permutation(males)[0:n_mar]
[14 11  0  7  6 10  1  9 19 23]
np.random.permutation(males)[0:n_mar]
[ 5 11 16  8 19  9  6 10 21 23]
np.random.permutation(males)[0:n_mar]
[11 15  9 10  1  0 14  7  5 23]
np.random.permutation(males)[0:n_mar]
[20  8 13 22  5 11  2  3 18 23]
np.random.permutation(males)[0:n_mar]
[13 20 16 11 15 23 10  6 14 17]
np.random.permutation(males)[0:n_mar]
[ 9  7 13  2  5 17  3  1 22  4]
np.random.permutation(males)[0:n_mar]
[ 7  0  9 14  1 20 21 13 23 22]
np.random.permutation(males)[0:n_mar]
[22 10  1  3  8 23  9  4 15  2]
np.random.permutation(males)[0:n_mar]
[17  4  2 21 14 15 10 16 11  5]
np.random.permutation(males)[0:n_mar]
[14  4 10 12  8  7 20  6 22 21]
np.random.permutation(males)[0:n_mar]
[19 22 23 11 14 21 17 10  8  5]
np.random.permutation(males)[0:n_mar]
[ 1 17 13 15 14 21 20 19 10  5]
np.random.permutation(males)[0:n_mar]
[ 6 15  4  1 17 20 14 21 22  0]
np.random.permutation(males)[0:n_mar]
[13  5  2 19 11 10 17  1 18 15]
np.random.permutation(males)[0:n_mar]
[ 3  7 17 12  9 22  1 20 16  2]
np.random.permutation(males)[0:n_mar]
[ 1 15  8  2 18 11  9 10 22 20]
np.random.permutation(males)[0:n_mar]
[10 17 15  8 14  0 12  4  6 23]
np.random.permutation(males)[0:n_mar]
[19  2 10 23 15 11  8 14 22 20]
np.random.permutation(males)[0:n_mar]
[19 20 11 22 16 21 18  9  3  4]
np.random.permutation(males)[0:n_mar]
[23  9  6 20  8 10 22 12 13 11]
np.random.permutation(males)[0:n_mar]
[ 6  0  4  8 19  5 14  3 12 15]
np.random.permutation(males)[0:n_mar]
[ 9  2  4  6  3 22 23 19 18 10]
np.random.permutation(males)[0:n_mar]
[19  2 15 10 18 12  6 22  5 17]
np.random.permutation(males)[0:n_mar]
[ 6 20  0 19 12 17 11  2  1 22]
np.random.permutation(males)[0:n_mar]
[17 19 15 20 18  7 16  1  5 14]
np.random.permutation(males)[0:n_mar]
[14  9 17  3 20 10 12  5 19  1]
np.random.permutation(males)[0:n_mar]
[ 9  4  5 13 10 19 21  8 23  3]
np.random.permutation(males)[0:n_mar]
[15 14  6  8 11 21  4 23  5 18]
np.random.permutation(males)[0:n_mar]
[ 3 16  8  1 14 20 13  4  2  6]
np.random.permutation(males)[0:n_mar]
[ 8 21 13  2 23 10 22 17  7 18]
np.random.permutation(males)[0:n_mar]
[ 9 15 12  3 19 13  8  2  5 20]
np.random.permutation(males)[0:n_mar]
[ 5 13 12 10  2 15  4  1  6 20]
np.random.permutation(males)[0:n_mar]
[11 19  2 16 22 23  9 20  7 10]
np.random.permutation(males)[0:n_mar]
[ 3 11 17  0 16 19 14 12 21 10]
np.random.permutation(males)[0:n_mar]
[20 12  8  5  7 13  2 23  3 11]
np.random.permutation(males)[0:n_mar]
[ 3 22  7 13 23 20  2 12 15  0]
np.random.permutation(males)[0:n_mar]
[15 22 23 14  8  3 12 19  1 17]
np.random.permutation(males)[0:n_mar]
[21  6 20 16  5 22 10 17 12  7]
np.random.permutation(males)[0:n_mar]
[ 8 16 22 18  3  9  6 10  5 17]
np.random.permutation(males)[0:n_mar]
[ 6 12 10 17 13 14  2  3 22  8]
np.random.permutation(males)[0:n_mar]
[17  7 11 15  4 10  6 23  0  2]
np.random.permutation(males)[0:n_mar]
[11 15 18 21  1  4 20  3  0 17]
np.random.permutation(males)[0:n_mar]
[17 23  0  5 16 20  4 19 14 11]
np.random.permutation(males)[0:n_mar]
[ 8  2 20  6  7  5  0  4 22 14]
np.random.permutation(males)[0:n_mar]
[17 21 14  3 22 10  2 15  8 12]
np.random.permutation(males)[0:n_mar]
[ 4  8  5  3 16 17  7 15 10 13]
np.random.permutation(males)[0:n_mar]
[16 21  4  2 11 15  3  6 10  9]
np.random.permutation(males)[0:n_mar]
[19  8 14 23  6 22 13 20  1 12]
np.random.permutation(males)[0:n_mar]
[ 4 15  6 22 10 11  8 23  1  3]
np.random.permutation(males)[0:n_mar]
[22 15 14 17 10 13 23 21 12  2]
np.random.permutation(males)[0:n_mar]
[15  5 13  8  2  7 18 14  6 10]
np.random.permutation(males)[0:n_mar]
[ 4 19 22 15 14 21 11  9  6 23]
np.random.permutation(males)[0:n_mar]
[21  6 23  9  0  2  3 20  5  1]
np.random.permutation(males)[0:n_mar]
[ 4 14 16  2  9 19  6  0 12 11]
np.random.permutation(males)[0:n_mar]
[18 11 20  1  5  0  2 21 15 12]
np.random.permutation(males)[0:n_mar]
[ 6  8 10 22  2 21 18 12 11  1]
np.random.permutation(males)[0:n_mar]
[17 23 21  3 11 19 16  4  9  7]
np.random.permutation(males)[0:n_mar]
[ 7 10 19  8 18 23  2 21 16 22]
np.random.permutation(males)[0:n_mar]
[12  2 18 23 17  7 21 11  6 10]
np.random.permutation(males)[0:n_mar]
[ 9 17 12  1 13 19 10  4 20  3]
np.random.permutation(males)[0:n_mar]
[16 20  6 19 13  4 15 22 23 17]
np.random.permutation(males)[0:n_mar]
[10  4  6  5 11 18 13  8 14 23]
np.random.permutation(males)[0:n_mar]
[ 3  2 18  0 14  9  7 21  8 17]
np.random.permutation(males)[0:n_mar]
[ 4 18  3 22  1  9  5  6 12 17]
np.random.permutation(males)[0:n_mar]
[ 8 14 16 23 22  1 11  2 12 17]
np.random.permutation(males)[0:n_mar]
[15 22 17  4  2 13 23  5  3 14]
np.random.permutation(males)[0:n_mar]
[16 18 15  2  8 19 13  6 10 23]
np.random.permutation(males)[0:n_mar]
[ 5 18 21 20  2  6 15  9 23  3]
np.random.permutation(males)[0:n_mar]
[ 0 22  3 17 16  4 13 11 23 14]
np.random.permutation(males)[0:n_mar]
[ 0 10  3 11 13  2  1  6 16  7]
np.random.permutation(males)[0:n_mar]
[ 2 16 18  1 17  0 19 13 21  4]
np.random.permutation(males)[0:n_mar]
[ 5 15 16  9  3 18 12  6  0 13]
np.random.permutation(males)[0:n_mar]
[ 8 11 10 19 13 18  2 22  7 23]
np.random.permutation(males)[0:n_mar]
[ 1  6 20 15 19 12 16  5  8 17]
np.random.permutation(males)[0:n_mar]
[18  2 12  8 11  0 13 22 20 16]
np.random.permutation(males)[0:n_mar]
[19 16 22  2 21  6 12 13  7  5]
np.random.permutation(males)[0:n_mar]
[13 21 17 23  4  9 10  2  0  5]
np.random.permutation(males)[0:n_mar]
[ 8 12 23  1  2 13 19  3 16 18]
np.random.permutation(males)[0:n_mar]
[ 4 21  8 23  7  0  3 11  6 10]
np.random.permutation(males)[0:n_mar]
[20  0 12 17  3 21 11 14  5 23]
np.random.permutation(males)[0:n_mar]
[14  8  4 16 23 11 15  7 21 22]
np.random.permutation(males)[0:n_mar]
[21 14  3  4  2 23  0 20  9 16]
np.random.permutation(males)[0:n_mar]
[ 0  9 15  6 10 17  2  7  5 23]
np.random.permutation(males)[0:n_mar]
[ 4  5  9  6  0  2  3 21 15  8]
np.random.permutation(males)[0:n_mar]
[10 14  1 13  4 23 11 19 15  7]
np.random.permutation(males)[0:n_mar]
[13  3  2  0  8  6 22 18  1 16]
np.random.permutation(males)[0:n_mar]
[ 8  3  1 11 15  4 10 16  9 21]
np.random.permutation(males)[0:n_mar]
[ 3 20  4 14  1 18  9  5  8 23]
np.random.permutation(males)[0:n_mar]
[ 5 12  3 23 21 17 18 16 15  0]
np.random.permutation(males)[0:n_mar]
[ 9 23  1  2 12 20  6 18 17 19]
np.random.permutation(males)[0:n_mar]
[ 5  0 19 10 15  3  7  4  9 11]
np.random.permutation(males)[0:n_mar]
[ 3 17  8 14  5 20 21  4  7 11]
np.random.permutation(males)[0:n_mar]
[13  4 22 21  0  7  3  9 10 17]
np.random.permutation(males)[0:n_mar]
[ 0 14 18 17 20 15  2 22 10 19]
np.random.permutation(males)[0:n_mar]
[ 1 23  4  0 16  6 20  3 13 17]
np.random.permutation(males)[0:n_mar]
[20  4  8 13  3  7 11 23 14 21]
np.random.permutation(males)[0:n_mar]
[15  3 19 18 10  9  1 21 12  2]
np.random.permutation(males)[0:n_mar]
[12 19 10 15  9  0 17  2  7  1]
np.random.permutation(males)[0:n_mar]
[15 14  1 12  3  4  8  0  7 11]
np.random.permutation(males)[0:n_mar]
[ 8  6 16  4  0  1 10 20 14 13]
np.random.permutation(males)[0:n_mar]
[19 13 23 16 20  9 18 21  8  3]
np.random.permutation(males)[0:n_mar]
[ 4  5  1 22 21 20  8 14 16 12]
np.random.permutation(males)[0:n_mar]
[ 1 18  0  9 16  2  4 15  8  5]
np.random.permutation(males)[0:n_mar]
[ 6 19 22 13  0  7 14  2 10  5]
np.random.permutation(males)[0:n_mar]
[12 17 15  3 20 13 23  2  5  0]
np.random.permutation(males)[0:n_mar]
[20 15  2  8  1 23 12  4 18 16]
np.random.permutation(males)[0:n_mar]
[11  9  1 20 22  2 17 19  5  4]
np.random.permutation(males)[0:n_mar]
[20 22 16 11  5 12  3 23 14  6]
np.random.permutation(males)[0:n_mar]
[20 23  2 13  8 11  3  6 22  7]
np.random.permutation(males)[0:n_mar]
[17  0  6 18 16 12  7  4  3 15]
np.random.permutation(males)[0:n_mar]
[14 15 16  5 19  0 10 23  2  4]
np.random.permutation(males)[0:n_mar]
[19 23 11 12 20  0 18  4  5 10]
np.random.permutation(males)[0:n_mar]
[22 20  4 11 13 19  6 23  2 18]
np.random.permutation(males)[0:n_mar]
[ 1  3  6  0 10  8  2 17 19 15]
np.random.permutation(males)[0:n_mar]
[10 12 22  2  5  3 21  6 15  1]
np.random.permutation(males)[0:n_mar]
[ 9 17 16 20  4  7 19 13 14  5]
np.random.permutation(males)[0:n_mar]
[ 4 23 16 22 18  8  5  3 12  0]
np.random.permutation(males)[0:n_mar]
[ 9 14  0  7 23 17 13 21 11 15]
np.random.permutation(males)[0:n_mar]
[ 6 11  3 18 16 19  5 10 17 13]
np.random.permutation(males)[0:n_mar]
[10  8  5 14 16 13  4 12 11 19]
np.random.permutation(males)[0:n_mar]
[10 19  1  8 12 20  5  9 16  0]
np.random.permutation(males)[0:n_mar]
[10 12 16 15 14 22  3  5 18  4]
np.random.permutation(males)[0:n_mar]
[13  0 16 22 10  5 20  2 23  7]
np.random.permutation(males)[0:n_mar]
[ 4 19  6 14  8  7 21 12 13 15]
np.random.permutation(males)[0:n_mar]
[14 18 13 23  9  8 20 17  6 16]
np.random.permutation(males)[0:n_mar]
[15 19  2  3 18 16 17  4  0 21]
np.random.permutation(males)[0:n_mar]
[ 7 16 14  1 22 23 11 18  8  0]
np.random.permutation(males)[0:n_mar]
[ 7 12 20  0  3  1 22  5 18 23]
np.random.permutation(males)[0:n_mar]
[ 1  9  3 14 13 12 21 11 10  8]
np.random.permutation(males)[0:n_mar]
[15 19 14 13 18 22  3 11  1  5]
np.random.permutation(males)[0:n_mar]
[ 3  1 23 12  9 10  7 20  8  2]
np.random.permutation(males)[0:n_mar]
[20  5 13 17  4  9  8 16 21  7]
np.random.permutation(males)[0:n_mar]
[ 2 10  7  3  4 22 13 17 19 11]
np.random.permutation(males)[0:n_mar]
[22  6  0  9 17 23 10 15  4 16]
np.random.permutation(males)[0:n_mar]
[15  4 11  6  1 13  7 18  5 22]
np.random.permutation(males)[0:n_mar]
[ 0 12 14 11 10  5 18 20 13  6]
np.random.permutation(males)[0:n_mar]
[ 0 18 16  2  5 19  1 23  6  9]
np.random.permutation(males)[0:n_mar]
[11 21 13  4  7  9 18 14 20  2]
np.random.permutation(males)[0:n_mar]
[ 9 13  1  4  0 14 23 18 16  5]
np.random.permutation(males)[0:n_mar]
[13  0 16  9 18 12 20  8  7 14]
np.random.permutation(males)[0:n_mar]
[12 22  9 13 15 18  6 11  8 20]
np.random.permutation(males)[0:n_mar]
[ 4  6  3 19 23 14  2 20  0 18]
np.random.permutation(males)[0:n_mar]
[ 6  9  5 17 22 21  3  7 20 18]
np.random.permutation(males)[0:n_mar]
[ 9 14  3 13  7 12  6  4 23  5]
np.random.permutation(males)[0:n_mar]
[ 3  4  1  7 18 22  6  0 12  5]
np.random.permutation(males)[0:n_mar]
[14  1 19 20  3 22  2  7 18 15]
np.random.permutation(males)[0:n_mar]
[ 7  5  0  3  4 21 11 15  8 20]
np.random.permutation(males)[0:n_mar]
[23 17 14 22  5 10  7 20  6 13]
np.random.permutation(males)[0:n_mar]
[15 11  8 14  5 19 23  1  6 17]
np.random.permutation(males)[0:n_mar]
[15  4 14 11 16 10 20  0  8  3]
np.random.permutation(males)[0:n_mar]
[ 8 21 20 16 19 11 15  3  4  0]
np.random.permutation(males)[0:n_mar]
[18  9  0  6 10 23 11 15  4 19]
np.random.permutation(males)[0:n_mar]
[ 9 15 11 16 22  1 14 21 23 18]
np.random.permutation(males)[0:n_mar]
[ 8  0  2 20 23  7 15  5 21  9]
np.random.permutation(males)[0:n_mar]
[11 14  4  6 17  1  2 16  9 19]
np.random.permutation(males)[0:n_mar]
[ 8 15  1  7  4 22 14 13 10  2]
np.random.permutation(males)[0:n_mar]
[ 1 11 18  0 13  4  5 23 19 12]
np.random.permutation(males)[0:n_mar]
[14  6  5  1  0  9 16  7  2 22]
np.random.permutation(males)[0:n_mar]
[12 13 17 10  5 14 20 15 18  3]
np.random.permutation(males)[0:n_mar]
[ 0  5 12 13  8  2 20 21  9  3]
np.random.permutation(males)[0:n_mar]
[14  8  1 11 16 21  0 13  7 12]
np.random.permutation(males)[0:n_mar]
[ 8  3  9 18  5  4 22 17 19 16]
np.random.permutation(males)[0:n_mar]
[14  1 17 11  2 22  5 19  3  7]
np.random.permutation(males)[0:n_mar]
[ 5 23  8 13 17 12  4  2 10 21]
np.random.permutation(males)[0:n_mar]
[14 18  3 11  5 15  8 17  6  0]
np.random.permutation(males)[0:n_mar]
[ 0 14  3  9 12  8 13  4  1 16]
np.random.permutation(males)[0:n_mar]
[ 1 11  2  8 20 16 19 22 21 18]
np.random.permutation(males)[0:n_mar]
[ 0 11  3 21  7 22 17 23  2  8]
np.random.permutation(males)[0:n_mar]
[16 21  8 13 14 19  7  6 11 18]
np.random.permutation(males)[0:n_mar]
[ 4 16 22 11  0  5 18  1  2 20]
np.random.permutation(males)[0:n_mar]
[21 14 15 16 22  6 17 11  3 12]
np.random.permutation(males)[0:n_mar]
[ 4 23  7 15  3  5 11 19  9 21]
np.random.permutation(males)[0:n_mar]
[10  3 22  2  9 12  7  1  0 23]
np.random.permutation(males)[0:n_mar]
[ 8 21  6 20 13  2  9 18 22 14]
np.random.permutation(males)[0:n_mar]
[16 11 19  9  1 22 18  8 20 15]
np.random.permutation(males)[0:n_mar]
[14 22  3 13  4 15  9 21 19  5]
np.random.permutation(males)[0:n_mar]
[16 12  3 18 20 11  5  9 23 17]
np.random.permutation(males)[0:n_mar]
[ 4  3  0 17 18 22 13 10  8 15]
np.random.permutation(males)[0:n_mar]
[ 4 22  7 17 18 23 16  2  5 21]
np.random.permutation(males)[0:n_mar]
[23  3  2 16 14  7  0 10  9 15]
np.random.permutation(males)[0:n_mar]
[18  4  9  7 11 21 14 10  1  6]
np.random.permutation(males)[0:n_mar]
[15 21  4 17 11 19 16 22  2  9]
np.random.permutation(males)[0:n_mar]
[ 0 21  3  2 12 20 23 18  1 11]
np.random.permutation(males)[0:n_mar]
[13  6 17 21 12 16 10  1 22  3]
np.random.permutation(males)[0:n_mar]
[ 9  6 15 11 19 16 18  4  2 20]
np.random.permutation(males)[0:n_mar]
[13 14  0 19  7 15 22 20  1  4]
np.random.permutation(males)[0:n_mar]
[16  1 23 21 22 10 15 14  5 20]
np.random.permutation(males)[0:n_mar]
[13  9  2 16 15  5  7 18 23  6]
np.random.permutation(males)[0:n_mar]
[17 10  2  9  8 23  0  7 11  1]
np.random.permutation(males)[0:n_mar]
[23 18  3  1 21 20  4 22 13 19]
np.random.permutation(males)[0:n_mar]
[14 16 19  2  3 17 15 12  9 18]
np.random.permutation(males)[0:n_mar]
[ 0  4 16 15  3  2  7  5 20 18]
np.random.permutation(males)[0:n_mar]
[19  2 21 13 14  8 22  5 12 20]
np.random.permutation(males)[0:n_mar]
[ 2 11 13 23  1 14 10  3  5 19]
np.random.permutation(males)[0:n_mar]
[ 9  1  3 10  2 21 22  7 23 17]
np.random.permutation(males)[0:n_mar]
[15 20 17  7  5 21  2 10 12  6]
np.random.permutation(males)[0:n_mar]
[23  9  5 21  3 17 10 20 18 12]
np.random.permutation(males)[0:n_mar]
[23  1  2  9 21  7  6 16 14 17]
np.random.permutation(males)[0:n_mar]
[ 6 13 12 11  9 21  3 16 23  1]
np.random.permutation(males)[0:n_mar]
[16  8  9  6 13  2 10 17  3 11]
np.random.permutation(males)[0:n_mar]
[15  9 23  0 10 18 16  3  1 14]
np.random.permutation(males)[0:n_mar]
[17 15 21  4  5 11 19  1 13 22]
np.random.permutation(males)[0:n_mar]
[14  0 15 19 11 10 22 21  2  7]
np.random.permutation(males)[0:n_mar]
[13 11 17 23 21  7  8 14 12  3]
np.random.permutation(males)[0:n_mar]
[ 2 14  7  1 10  3 22 21  5 11]
np.random.permutation(males)[0:n_mar]
[21 12 17 11  1 10  9 18 19  7]
np.random.permutation(males)[0:n_mar]
[ 9 12 14 18  0  2 20  5  7 15]
np.random.permutation(males)[0:n_mar]
[22 10 19  2  7 13 16 11  4 15]
np.random.permutation(males)[0:n_mar]
[17 11 19  9  2 21  4 23 12 18]
np.random.permutation(males)[0:n_mar]
[ 0  4 23  7 16 13  1 22  5 11]
np.random.permutation(males)[0:n_mar]
[ 4  9 21 22  8 13  0 11 19  6]
np.random.permutation(males)[0:n_mar]
[ 1 15  8 22 16  6  3  4 17 20]
np.random.permutation(males)[0:n_mar]
[18  1  9 17 11 21 14 10  0  3]
np.random.permutation(males)[0:n_mar]
[ 5 10 23 16 17  0 15 21 22  8]
np.random.permutation(males)[0:n_mar]
[20 16 15  8 23  6  9 22 19  0]
np.random.permutation(males)[0:n_mar]
[12  0 18  8 19 21  3  4  6 13]
np.random.permutation(males)[0:n_mar]
[17  9  5  0 12  1 20 10 16 23]
np.random.permutation(males)[0:n_mar]
[11  7 15  1  4  8 18 14 12 23]
np.random.permutation(males)[0:n_mar]
[ 5  8 19 16 14 15  7 22  0 21]
np.random.permutation(males)[0:n_mar]
[23 11 15  2  4 14 13  9 19 21]
np.random.permutation(males)[0:n_mar]
[ 5 14 20  4  6 16  8 23  9  3]
np.random.permutation(males)[0:n_mar]
[12 11  9  1 21  7  6  4  8 22]
np.random.permutation(males)[0:n_mar]
[19 15  2 20  0 13 17 10 23  9]
np.random.permutation(males)[0:n_mar]
[19 18 14 23  5  1  8 21 17  9]
np.random.permutation(males)[0:n_mar]
[21 14 11 18 20  9  7 15  6 13]
np.random.permutation(males)[0:n_mar]
[23 13  3  1 18 22  8  0  2 21]
np.random.permutation(males)[0:n_mar]
[16  9  0  6 19 21 18  1  4  8]
np.random.permutation(males)[0:n_mar]
[14  4 20 15 11 22  1  7 13 10]
np.random.permutation(males)[0:n_mar]
[22 18 14 17  6  0 19  9 20  7]
np.random.permutation(males)[0:n_mar]
[10  4  6  9 23 21  7 15 11 12]
np.random.permutation(males)[0:n_mar]
[ 5  9 10  3 18 16 22 20  4  0]
np.random.permutation(males)[0:n_mar]
[ 0 18 16  8  3  5  7 15 13 12]
np.random.permutation(males)[0:n_mar]
[17 23 16  0  6 12 14  7 15 13]
np.random.permutation(males)[0:n_mar]
[10  9 18 14 22 15 12  4  2  3]
np.random.permutation(males)[0:n_mar]
[ 9  4 16  5 21  0  3 13  8 17]
np.random.permutation(males)[0:n_mar]
[ 9 17 16 21 19  5 10 14  2 20]
np.random.permutation(males)[0:n_mar]
[ 4  9  1 10  0 22  2 14  6 18]
np.random.permutation(males)[0:n_mar]
[23 22 12  5 14 20  4  7  1 13]
np.random.permutation(males)[0:n_mar]
[22  9 14 17 12  6 21 11 13 18]
np.random.permutation(males)[0:n_mar]
[ 6 13 14 11 12  2 20 22 18 16]
np.random.permutation(males)[0:n_mar]
[16 18 15  7 17  9 19 23 11 21]
np.random.permutation(males)[0:n_mar]
[16  4  9  1 13  5 14 20  0 21]
np.random.permutation(males)[0:n_mar]
[ 9  4 19  1 15 22 13 23 14  6]
np.random.permutation(males)[0:n_mar]
[ 5 15  7  9 21 19 18 22 11  2]
np.random.permutation(males)[0:n_mar]
[ 5  8 17  1 23 15 22 19  4  9]
np.random.permutation(males)[0:n_mar]
[ 7 13 10  1 12  9  0 21 20  5]
np.random.permutation(males)[0:n_mar]
[23  1  6  4 12  3 10 16  2 15]
np.random.permutation(males)[0:n_mar]
[ 2  3 20  8 11  4  1 15 23  7]
np.random.permutation(males)[0:n_mar]
[16  1  4 15 23 11 13 10 20  2]
np.random.permutation(males)[0:n_mar]
[23  6  3 14  2  4 18  5 16 12]
np.random.permutation(males)[0:n_mar]
[16 13 14 10  8 23  0  5 21 12]
np.random.permutation(males)[0:n_mar]
[ 5  2  8 16 23 13 22 18  9  0]
np.random.permutation(males)[0:n_mar]
[14 17  6  2  5 20 13 10 22  9]
np.random.permutation(males)[0:n_mar]
[22  9  6  8 11  0  7 20  2 14]
np.random.permutation(males)[0:n_mar]
[10 13  4 21  9 23 22 15 14  6]
np.random.permutation(males)[0:n_mar]
[23 12 16 19  3 14 13  1 21  2]
np.random.permutation(males)[0:n_mar]
[11  3 13 18 20  5  9 14  4 15]
np.random.permutation(males)[0:n_mar]
[ 6  1 21  5 10  0 18  9 20 14]
np.random.permutation(males)[0:n_mar]
[10  3  8 23 17 12  4 14  1 18]
np.random.permutation(males)[0:n_mar]
[20  4  7 18  8 11 17 12  9 23]
np.random.permutation(males)[0:n_mar]
[22 17 20  4  2 12  1  9  7  3]
np.random.permutation(males)[0:n_mar]
[ 9 13 12  0  3 23  8 19  4 11]
np.random.permutation(males)[0:n_mar]
[13 19  4 11 14 23 15 18  9  5]
np.random.permutation(males)[0:n_mar]
[19  0 13  2 22 12  1 11  5 14]
np.random.permutation(males)[0:n_mar]
[10 15 13 22 21 23  4 17  9 14]
np.random.permutation(males)[0:n_mar]
[ 6  2 14 23  4  1 13 10 15  7]
np.random.permutation(males)[0:n_mar]
[ 0 16 17  2 14 11 13  9 10  6]
np.random.permutation(males)[0:n_mar]
[ 8  9 13 19 21  3  4  0 22 14]
np.random.permutation(males)[0:n_mar]
[19  1 22  2 12 23  7  0  9 16]
np.random.permutation(males)[0:n_mar]
[ 5  0 18 19 13 17 10  7 20 15]
np.random.permutation(males)[0:n_mar]
[ 9 22  3 12 11  6 13 14 15  0]
np.random.permutation(males)[0:n_mar]
[18  0 14 16  2  5 13 20 22 23]
np.random.permutation(males)[0:n_mar]
[10  2  7 19 21  0  4  9 16  1]
np.random.permutation(males)[0:n_mar]
[ 5  7 14  0 13 23 18 12 19  4]
np.random.permutation(males)[0:n_mar]
[ 6  7 21 14  2 22 13  8  1  4]
np.random.permutation(males)[0:n_mar]
[20  2 15 13 12  9  8 18  5 23]
np.random.permutation(males)[0:n_mar]
[14  5 17  2 13 20  3  8 21 22]
np.random.permutation(males)[0:n_mar]
[ 2 19  6 17  1  7 15  5 13  4]
np.random.permutation(males)[0:n_mar]
[18 23 22  3  0  2 16  4 15  8]
np.random.permutation(males)[0:n_mar]
[20 22  7  1 18  5  9  0  2 19]
np.random.permutation(males)[0:n_mar]
[12  5 13  7  4 15 22  2 10 18]
np.random.permutation(males)[0:n_mar]
[ 7  1  0 17  5  3 18  6 15 22]
np.random.permutation(males)[0:n_mar]
[12  4 21  9 19  8 22  3 23  7]
np.random.permutation(males)[0:n_mar]
[ 6  4 19 23 20 14 10  2 16 12]
np.random.permutation(males)[0:n_mar]
[16 12  3  2 13 15 18  7 17 10]
np.random.permutation(males)[0:n_mar]
[23 14  7 12  2 21 22  4  0 18]
np.random.permutation(males)[0:n_mar]
[ 2  8  1 15 14 18  7 10 13 16]
np.random.permutation(males)[0:n_mar]
[21  5  1  0 22 15  3 16 23 10]
np.random.permutation(males)[0:n_mar]
[20  5  7  0 21  9 17 13  2  1]
np.random.permutation(males)[0:n_mar]
[10  6 16 14  1 13 19 23 22 21]
np.random.permutation(males)[0:n_mar]
[ 6 21  7  9 13 18 15 10 11 14]
np.random.permutation(males)[0:n_mar]
[15  0  7  9 18 19 23  8 21 12]
np.random.permutation(males)[0:n_mar]
[17 19 21  0  5  2  3  8 23 22]
np.random.permutation(males)[0:n_mar]
[20 23  4  1 18 15  8 16 22  9]
np.random.permutation(males)[0:n_mar]
[ 3 16 11 17 21 15  6 18  4 10]
np.random.permutation(males)[0:n_mar]
[ 5 17  7 16  4 12 23 19  9  2]
np.random.permutation(males)[0:n_mar]
[18 17 15 14 16  5  3 22  9  1]
np.random.permutation(males)[0:n_mar]
[ 0 15  5 17 18 14 10 12 22  4]
np.random.permutation(males)[0:n_mar]
[19  3 15 23  7 16  2 21  4 17]
np.random.permutation(males)[0:n_mar]
[ 0  4 21  2 22 18  9 23 10  6]
np.random.permutation(males)[0:n_mar]
[18  8 19 17  5  1  0 10 12 16]
np.random.permutation(males)[0:n_mar]
[ 3 12 21 18 10  2  8 23  5 16]
np.random.permutation(males)[0:n_mar]
[ 4  9  8 21  7  1  3 15  0 14]
np.random.permutation(males)[0:n_mar]
[ 4 15  8  7 18  3 19  2 23  6]
np.random.permutation(males)[0:n_mar]
[ 3 19 22 11  4  0  2 20  9  7]
np.random.permutation(males)[0:n_mar]
[13  2 21 19 14 12  3  0 23  7]
np.random.permutation(males)[0:n_mar]
[ 1 11  8 19 23 18  2  0 22  7]
np.random.permutation(males)[0:n_mar]
[10 14 18 19  0 12 11 23  2 17]
np.random.permutation(males)[0:n_mar]
[15 20  9 17  1  6 12  4  0 10]
np.random.permutation(males)[0:n_mar]
[14 22  2 15  1 12 10  6 13  4]
np.random.permutation(males)[0:n_mar]
[11  5 23 13 15  1  3  8  0 19]
np.random.permutation(males)[0:n_mar]
[ 7 11 18  2 15  1 17 10 23  8]
np.random.permutation(males)[0:n_mar]
[17 11 12  0 23  6 21 22  3 15]
np.random.permutation(males)[0:n_mar]
[12 15 23 21 22 14  4 11  2  8]
np.random.permutation(males)[0:n_mar]
[ 8 16 13  3  0 14  6 10 12 20]
np.random.permutation(males)[0:n_mar]
[21  4  7  6 14  0  3 11  1 10]
np.random.permutation(males)[0:n_mar]
[ 9 19  6 15  4 11  0  3 13 14]
np.random.permutation(males)[0:n_mar]
[11  0  1 13 14 22  6 18 10  7]
np.random.permutation(males)[0:n_mar]
[17 20  2 22 13  8 23  6  4  3]
np.random.permutation(males)[0:n_mar]
[ 2 12 21 16 11  1 18  6  4 14]
np.random.permutation(males)[0:n_mar]
[17 13 16 20 18  2 22  7  6 12]
np.random.permutation(males)[0:n_mar]
[16  9  2 10  1 13  4  3 15 22]
np.random.permutation(males)[0:n_mar]
[22 12 17 23  4  8  3  6 18 19]
np.random.permutation(males)[0:n_mar]
[12 22  6 15 10 14 21 23 18 13]
np.random.permutation(males)[0:n_mar]
[ 7  2 16 22 21 12  8 11  0 23]
np.random.permutation(males)[0:n_mar]
[ 2 21  8  5 13  4 23 16  7 15]
np.random.permutation(males)[0:n_mar]
[ 1  8 12 11  2  6 14  5 22 13]
np.random.permutation(males)[0:n_mar]
[11  5 20 16  9 13 14 17 21 10]
np.random.permutation(males)[0:n_mar]
[15 11  5  0 22  2  1  4 21  3]
np.random.permutation(males)[0:n_mar]
[ 7  4  2 17  6 12 23 11 10 13]
np.random.permutation(males)[0:n_mar]
[19 12 10 13  3  7 16  2 14  9]
np.random.permutation(males)[0:n_mar]
[21 15 22 20  2 11 23  1  0 14]
np.random.permutation(males)[0:n_mar]
[22  1  9  4 17 15  5 16  7  2]
np.random.permutation(males)[0:n_mar]
[ 3  9 11  7 16 17 13  0  2  4]
np.random.permutation(males)[0:n_mar]
[ 6 22  0 12 19 21 15 14  9  2]
np.random.permutation(males)[0:n_mar]
[21  7  0 14 19 23  8  6 10  1]
np.random.permutation(males)[0:n_mar]
[ 8 16  4 20 21 23 12  6 17  1]
np.random.permutation(males)[0:n_mar]
[13 16 11 23 22  6  5 14  4  8]
np.random.permutation(males)[0:n_mar]
[ 6  3  5  7 18 10 15  4 22 16]
np.random.permutation(males)[0:n_mar]
[ 2 17 23  0 21  4 14 11  6  1]
np.random.permutation(males)[0:n_mar]
[ 3  8 21 18 12  1 10 22 11  4]
np.random.permutation(males)[0:n_mar]
[11 10 22 17 15  3  1  7  5  4]
np.random.permutation(males)[0:n_mar]
[15  4  6  1 12 21 20 22 17 11]
np.random.permutation(males)[0:n_mar]
[ 1 10  0 12 23  6 20 19  4  8]
np.random.permutation(males)[0:n_mar]
[20  1 22 13 17  6  0 12  3  9]
np.random.permutation(males)[0:n_mar]
[18 19  0 21  6  9  5 23 10 14]
np.random.permutation(males)[0:n_mar]
[20 10 13  6  8  1  4 18 21 15]
np.random.permutation(males)[0:n_mar]
[ 5 17  4 12  2 11 13 22  3 18]
np.random.permutation(males)[0:n_mar]
[ 2 15 17  0 16  1  8  3 23 11]
np.random.permutation(males)[0:n_mar]
[ 7 15 23  5 19 20 16 13 18 11]
np.random.permutation(males)[0:n_mar]
[11 18  0 17 16  4 12  3  1 21]
np.random.permutation(males)[0:n_mar]
[17 11 18 10 20  8  9 22 14 15]
np.random.permutation(males)[0:n_mar]
[22  7 16  4 13 18  5  2 11 10]
np.random.permutation(males)[0:n_mar]
[18  5 20  1  3 14  4 21 11 15]
np.random.permutation(males)[0:n_mar]
[10  2 19  8 11 18 16  1  7 21]
np.random.permutation(males)[0:n_mar]
[17 21 10 11  7 22  0 14  2 15]
np.random.permutation(males)[0:n_mar]
[18 20 12  1 10 21  9  0 17 11]
np.random.permutation(males)[0:n_mar]
[20  1 18 13  9 14 15  8 19 11]
np.random.permutation(males)[0:n_mar]
[ 7  5 18  2 11  4 14 22 12 16]
np.random.permutation(males)[0:n_mar]
[15  4 20 19 17  6 16 22  5 14]
np.random.permutation(males)[0:n_mar]
[16  6 12 22 21 10  3  7  1 11]
np.random.permutation(males)[0:n_mar]
[15  4  1 21 18 22 19 17  8 13]
np.random.permutation(males)[0:n_mar]
[ 0  2 13 12 16 11  3  7  9 17]
np.random.permutation(males)[0:n_mar]
[ 8 21 11  3 15 16  0 18  1 10]
np.random.permutation(males)[0:n_mar]
[12 19 18  2 10 11  3  8 23 15]
np.random.permutation(males)[0:n_mar]
[17 20  8  2 10  6  9 18  5 16]
np.random.permutation(males)[0:n_mar]
[23 20 13 22 19  1  2 15  4 17]
np.random.permutation(males)[0:n_mar]
[12 23 14 11  3  4 16 21  6  2]
np.random.permutation(males)[0:n_mar]
[ 3 17 16 15 12 21 22 14  7 23]
np.random.permutation(males)[0:n_mar]
[ 9  0  1  6 15 17  5 10 12 20]
np.random.permutation(males)[0:n_mar]
[11 17 16 23 13  8 10 12 21  2]
np.random.permutation(males)[0:n_mar]
[10 16  0 17  5 15 18  1 22 23]
np.random.permutation(males)[0:n_mar]
[ 0 16  4 20 12 18 17 19  1 23]
np.random.permutation(males)[0:n_mar]
[ 0 12 22 14 10 16  4 18 19  2]
np.random.permutation(males)[0:n_mar]
[19 22  6  5 12 23 13  9 18 15]
np.random.permutation(males)[0:n_mar]
[ 1 13  8 12  7 16  6 19 22  0]
np.random.permutation(males)[0:n_mar]
[ 6 19 10  4  2 16  3 17 12 22]
np.random.permutation(males)[0:n_mar]
[18  4 20  7 12  5 15  2 10 16]
np.random.permutation(males)[0:n_mar]
[ 8 16  4  1  7  6 19 11 23 18]
np.random.permutation(males)[0:n_mar]
[17 10  2  5 21  7 20 23  4  0]
np.random.permutation(males)[0:n_mar]
[ 4 16 23 11 17  9  0 21  5 12]
np.random.permutation(males)[0:n_mar]
[ 9  8 16 12  3 13 15 22  1 19]
np.random.permutation(males)[0:n_mar]
[ 2 17  3 23 14  8 12  1 19  0]
np.random.permutation(males)[0:n_mar]
[16  8  7 15 12 14 13  2 18 11]
np.random.permutation(males)[0:n_mar]
[12 23 10  8 16 11 20  0  4  2]
np.random.permutation(males)[0:n_mar]
[19  6  4  2 10 22 14 18 20 16]
np.random.permutation(males)[0:n_mar]
[18  1  4 15 19 22 23 11 13  2]
np.random.permutation(males)[0:n_mar]
[ 6 19 13  4 11  2  1 15  9  7]
np.random.permutation(males)[0:n_mar]
[ 6 17  9  0 19  5 14 18 21  3]
np.random.permutation(males)[0:n_mar]
[16 22  9 23 17  6 10  8 21 12]
np.random.permutation(males)[0:n_mar]
[ 4 22 13  9  3 20 19 18  0  1]
np.random.permutation(males)[0:n_mar]
[13 23 20 15  4 17  6  7  0 18]
np.random.permutation(males)[0:n_mar]
[11 22  0 19  5 13  9 16  6  7]
np.random.permutation(males)[0:n_mar]
[21 12 19  8 16  1  2  9  5 23]
np.random.permutation(males)[0:n_mar]
[18 14 12  5  7  6 11  3  9 19]
np.random.permutation(males)[0:n_mar]
[20  4 16 19 21  0 13 22 14 23]
np.random.permutation(males)[0:n_mar]
[12 11 20 22 16 13 21  7 10  0]
np.random.permutation(males)[0:n_mar]
[11 22  1 17 23  9 16 20  8 10]
np.random.permutation(males)[0:n_mar]
[ 6 16 20  3 18 14 21 23 13 19]
np.random.permutation(males)[0:n_mar]
[ 2  3 15 18 20 23  7 12 17 19]
np.random.permutation(males)[0:n_mar]
[ 8 22  0 19  3 23  5 18 14 17]
np.random.permutation(males)[0:n_mar]
[ 8 22  3 18 16  2 14  5 11  9]
np.random.permutation(males)[0:n_mar]
[ 7 12 22 14 23  9 21  0 19 20]
np.random.permutation(males)[0:n_mar]
[22 12 17 15  4 20 11  1  0 16]
np.random.permutation(males)[0:n_mar]
[ 7 22 13  0  8 16 10 23 18 14]
np.random.permutation(males)[0:n_mar]
[ 3 18 11  6 19 10  5 16  4  0]
np.random.permutation(males)[0:n_mar]
[ 3  4 12 13 22  1 17 10 18 15]
np.random.permutation(males)[0:n_mar]
[17 22 23 20  6 11  8 13  3  7]
np.random.permutation(males)[0:n_mar]
[ 2  5 20  4 11 21 13 22  8  6]
np.random.permutation(males)[0:n_mar]
[11 23  1  2 22  6  4  0 20 14]
np.random.permutation(males)[0:n_mar]
[ 8 20 11 15  1 22 13  9  4 23]
np.random.permutation(males)[0:n_mar]
[ 4 21 16 23  8 17  7  9  3 14]
np.random.permutation(males)[0:n_mar]
[18 10  5 15 16  3  1 12  6  8]
