np.random.permutation(males)[0:n_mar]
[15  7  3 18  6]
np.random.permutation(males)[0:n_mar]
[ 4 10 14  2 23]
np.random.permutation(males)[0:n_mar]
[ 8 21 22 17 18]
np.random.permutation(males)[0:n_mar]
[11 14 16  3 12]
np.random.permutation(males)[0:n_mar]
[21  1 15 10 23]
np.random.permutation(males)[0:n_mar]
[22  8 21 23  4]
np.random.permutation(males)[0:n_mar]
[20  8 21 10  2]
np.random.permutation(males)[0:n_mar]
[ 8 20 23 18 19]
np.random.permutation(males)[0:n_mar]
[ 3  6  7 18 17]
np.random.permutation(males)[0:n_mar]
[ 9  2  3 11 20]
np.random.permutation(males)[0:n_mar]
[ 2  8 23 22 10]
np.random.permutation(males)[0:n_mar]
[ 3 20 18 22 13]
np.random.permutation(males)[0:n_mar]
[11  1  8 20 22]
np.random.permutation(males)[0:n_mar]
[17  3  8 11 10]
np.random.permutation(males)[0:n_mar]
[11  5  8 14 21]
np.random.permutation(males)[0:n_mar]
[15 17  7 12 10]
np.random.permutation(males)[0:n_mar]
[ 7 21 10  2 20]
np.random.permutation(males)[0:n_mar]
[21  0 11 22  7]
np.random.permutation(males)[0:n_mar]
[ 1  9 15 18  8]
np.random.permutation(males)[0:n_mar]
[20  1  9  5  2]
np.random.permutation(males)[0:n_mar]
[11  6 23 12  5]
np.random.permutation(males)[0:n_mar]
[ 8 11 13 23 14]
np.random.permutation(males)[0:n_mar]
[ 8  1 23 18 15]
np.random.permutation(males)[0:n_mar]
[12  1 16 11  8]
np.random.permutation(males)[0:n_mar]
[ 9 15 14 10  8]
np.random.permutation(males)[0:n_mar]
[21  8 16 13 17]
np.random.permutation(males)[0:n_mar]
[10  9 16 19  7]
np.random.permutation(males)[0:n_mar]
[14 19 21 18 20]
np.random.permutation(males)[0:n_mar]
[ 3 12 23 13 10]
np.random.permutation(males)[0:n_mar]
[15 22  3  7 12]
np.random.permutation(males)[0:n_mar]
[ 2 21 19  8  9]
np.random.permutation(males)[0:n_mar]
[ 1 16  0  7 23]
np.random.permutation(males)[0:n_mar]
[ 8 19  1  5 22]
np.random.permutation(males)[0:n_mar]
[ 4  8  3 16 22]
np.random.permutation(males)[0:n_mar]
[ 7 13  3  2 11]
np.random.permutation(males)[0:n_mar]
[11 16 18  9  5]
np.random.permutation(males)[0:n_mar]
[15 14 12  5 17]
np.random.permutation(males)[0:n_mar]
[19  3 12 20 10]
np.random.permutation(males)[0:n_mar]
[22 12 23  1  2]
np.random.permutation(males)[0:n_mar]
[16 14  0 18  4]
np.random.permutation(males)[0:n_mar]
[ 6  3 17 15  7]
np.random.permutation(males)[0:n_mar]
[ 9 20  2 14  0]
np.random.permutation(males)[0:n_mar]
[10  7  1 15 20]
np.random.permutation(males)[0:n_mar]
[ 6 19 14 22  2]
np.random.permutation(males)[0:n_mar]
[ 8  1 12 18  0]
np.random.permutation(males)[0:n_mar]
[23  7 14 12  1]
np.random.permutation(males)[0:n_mar]
[21 15  4 22 11]
np.random.permutation(males)[0:n_mar]
[18 12 15  4 11]
np.random.permutation(males)[0:n_mar]
[22 20 13 16  9]
np.random.permutation(males)[0:n_mar]
[10 12  4  0 11]
np.random.permutation(males)[0:n_mar]
[17 16  7 15 23]
np.random.permutation(males)[0:n_mar]
[16 22 11  0 19]
np.random.permutation(males)[0:n_mar]
[16 11  8  3 17]
np.random.permutation(males)[0:n_mar]
[12  7 15  3 23]
np.random.permutation(males)[0:n_mar]
[ 0  6 12  3 21]
np.random.permutation(males)[0:n_mar]
[20 16 22  8 11]
np.random.permutation(males)[0:n_mar]
[16 19 22 21  6]
np.random.permutation(males)[0:n_mar]
[ 2 18 11 22  4]
np.random.permutation(males)[0:n_mar]
[ 7  3 10 19  5]
np.random.permutation(males)[0:n_mar]
[ 8 19  1 11  7]
np.random.permutation(males)[0:n_mar]
[21 15 12  0  3]
np.random.permutation(males)[0:n_mar]
[12 13 23 20 16]
np.random.permutation(males)[0:n_mar]
[ 2  8  0 22  5]
np.random.permutation(males)[0:n_mar]
[ 6 21 18  0  1]
np.random.permutation(males)[0:n_mar]
[14 21  6  4  0]
np.random.permutation(males)[0:n_mar]
[15  3 19  2 18]
np.random.permutation(males)[0:n_mar]
[16  6 14  1 23]
np.random.permutation(males)[0:n_mar]
[22 19  6  8 23]
np.random.permutation(males)[0:n_mar]
[ 0  6 22  3  8]
np.random.permutation(males)[0:n_mar]
[ 1 21 17  2  7]
np.random.permutation(males)[0:n_mar]
[10 16  3 21 22]
np.random.permutation(males)[0:n_mar]
[18 19  8 22  1]
np.random.permutation(males)[0:n_mar]
[11  2  0  1  9]
np.random.permutation(males)[0:n_mar]
[16 12  4 13 19]
np.random.permutation(males)[0:n_mar]
[17 18  3 23  8]
np.random.permutation(males)[0:n_mar]
[ 1 19  9 18 15]
np.random.permutation(males)[0:n_mar]
[23 21  9  2 16]
np.random.permutation(males)[0:n_mar]
[15  9 17 18  6]
np.random.permutation(males)[0:n_mar]
[13 15  5 19  1]
np.random.permutation(males)[0:n_mar]
[ 5  0 11 21 17]
np.random.permutation(males)[0:n_mar]
[ 9  0 18  1  6]
np.random.permutation(males)[0:n_mar]
[13 12 18  4  6]
np.random.permutation(males)[0:n_mar]
[18  5  1  6 23]
np.random.permutation(males)[0:n_mar]
[ 4 23 18 15 13]
np.random.permutation(males)[0:n_mar]
[ 5  6 18 14  9]
np.random.permutation(males)[0:n_mar]
[23 17 10  3 11]
np.random.permutation(males)[0:n_mar]
[16 13 11  9 23]
np.random.permutation(males)[0:n_mar]
[16  4 11 22  1]
np.random.permutation(males)[0:n_mar]
[ 6 20  9  4 12]
np.random.permutation(males)[0:n_mar]
[ 5 13  1 10 12]
np.random.permutation(males)[0:n_mar]
[ 9 16  0 19 12]
np.random.permutation(males)[0:n_mar]
[11  0  1 16 17]
np.random.permutation(males)[0:n_mar]
[ 3 13  4 20 12]
np.random.permutation(males)[0:n_mar]
[ 4  1  5  2 18]
np.random.permutation(males)[0:n_mar]
[20 10 19  7 17]
np.random.permutation(males)[0:n_mar]
[ 1 13  0 14 11]
np.random.permutation(males)[0:n_mar]
[ 9  7 14 20 21]
np.random.permutation(males)[0:n_mar]
[ 4 22 12  5 11]
np.random.permutation(males)[0:n_mar]
[10 19  6  7  1]
np.random.permutation(males)[0:n_mar]
[ 5 13  4  6  3]
np.random.permutation(males)[0:n_mar]
[12  0 17 21  3]
np.random.permutation(males)[0:n_mar]
[22 18 23 13  0]
np.random.permutation(males)[0:n_mar]
[ 9 12 16 18 21]
np.random.permutation(males)[0:n_mar]
[ 3 19  6 12 11]
np.random.permutation(males)[0:n_mar]
[10 22 17  7  8]
np.random.permutation(males)[0:n_mar]
[ 0  2 20 11  6]
np.random.permutation(males)[0:n_mar]
[18  7 21 23  3]
np.random.permutation(males)[0:n_mar]
[22 21  8 10  2]
np.random.permutation(males)[0:n_mar]
[ 2  3 12  8 13]
np.random.permutation(males)[0:n_mar]
[22 20  2 19  1]
np.random.permutation(males)[0:n_mar]
[10  1  3  6 14]
np.random.permutation(males)[0:n_mar]
[ 7  3  9  6 17]
np.random.permutation(males)[0:n_mar]
[13  6 22  3 16]
np.random.permutation(males)[0:n_mar]
[14 17 15 12  0]
np.random.permutation(males)[0:n_mar]
[19  8  6 18 21]
np.random.permutation(males)[0:n_mar]
[ 8 22 13  2 23]
np.random.permutation(males)[0:n_mar]
[10 11 12  9  0]
np.random.permutation(males)[0:n_mar]
[ 2 10 14 11 19]
np.random.permutation(males)[0:n_mar]
[ 7  9  4  1 12]
np.random.permutation(males)[0:n_mar]
[ 2 22  3 17  6]
np.random.permutation(males)[0:n_mar]
[12  0 18 21 11]
np.random.permutation(males)[0:n_mar]
[ 0 20 10 21 22]
np.random.permutation(males)[0:n_mar]
[17 16 15 20 19]
np.random.permutation(males)[0:n_mar]
[19  5  9  1  4]
np.random.permutation(males)[0:n_mar]
[23  0 10  6  5]
np.random.permutation(males)[0:n_mar]
[13 11 23  9  3]
np.random.permutation(males)[0:n_mar]
[17 21  7 23  8]
np.random.permutation(males)[0:n_mar]
[12 15 18  5 23]
np.random.permutation(males)[0:n_mar]
[13 12  5 11  0]
np.random.permutation(males)[0:n_mar]
[ 1 19  4  3  5]
np.random.permutation(males)[0:n_mar]
[18  6  4 21 15]
np.random.permutation(males)[0:n_mar]
[13  5  0  6  4]
np.random.permutation(males)[0:n_mar]
[ 0 18  8  9 23]
np.random.permutation(males)[0:n_mar]
[14  0  6 10  4]
np.random.permutation(males)[0:n_mar]
[ 8  5 17 14 15]
np.random.permutation(males)[0:n_mar]
[16  6  7  1  0]
np.random.permutation(males)[0:n_mar]
[13 19 17 14  7]
np.random.permutation(males)[0:n_mar]
[10 12  1 19  7]
np.random.permutation(males)[0:n_mar]
[ 0 15  4 23  5]
np.random.permutation(males)[0:n_mar]
[ 1 11  6 18 21]
np.random.permutation(males)[0:n_mar]
[20 12 23 19 17]
np.random.permutation(males)[0:n_mar]
[19 18  7 12  8]
np.random.permutation(males)[0:n_mar]
[12 22  2  9 15]
np.random.permutation(males)[0:n_mar]
[ 3  0  2 17 16]
np.random.permutation(males)[0:n_mar]
[ 5  3 14  9  8]
np.random.permutation(males)[0:n_mar]
[20 21  6  4 17]
np.random.permutation(males)[0:n_mar]
[12 15 23  7 17]
np.random.permutation(males)[0:n_mar]
[ 6 16  7 10  1]
np.random.permutation(males)[0:n_mar]
[21 15  2 23 20]
np.random.permutation(males)[0:n_mar]
[15  6 14  1  3]
np.random.permutation(males)[0:n_mar]
[ 5 14  3 11  1]
np.random.permutation(males)[0:n_mar]
[10 16 14  1 17]
np.random.permutation(males)[0:n_mar]
[ 8 16  6 22 23]
np.random.permutation(males)[0:n_mar]
[ 9 21 13  3 18]
np.random.permutation(males)[0:n_mar]
[ 3 19 21 11 12]
np.random.permutation(males)[0:n_mar]
[ 6  7  5  2 17]
np.random.permutation(males)[0:n_mar]
[20  9  8 23  7]
np.random.permutation(males)[0:n_mar]
[ 1 18 20  6 15]
np.random.permutation(males)[0:n_mar]
[ 0  9 21 22 15]
np.random.permutation(males)[0:n_mar]
[21 15 23 12  7]
np.random.permutation(males)[0:n_mar]
[ 8  6 13 12 22]
np.random.permutation(males)[0:n_mar]
[17  6  5  8 10]
np.random.permutation(males)[0:n_mar]
[ 0  4 21 20 17]
np.random.permutation(males)[0:n_mar]
[15 19 21  7 13]
np.random.permutation(males)[0:n_mar]
[ 6 12 18  3 17]
np.random.permutation(males)[0:n_mar]
[ 0  9 16  8 21]
np.random.permutation(males)[0:n_mar]
[21 17  5 18  4]
np.random.permutation(males)[0:n_mar]
[ 1  9 16  8 10]
np.random.permutation(males)[0:n_mar]
[ 9 11 14  1 23]
np.random.permutation(males)[0:n_mar]
[22  9 15 21 18]
np.random.permutation(males)[0:n_mar]
[10  5 16 19  3]
np.random.permutation(males)[0:n_mar]
[ 5 18 23  8 12]
np.random.permutation(males)[0:n_mar]
[13 20 16  0 17]
np.random.permutation(males)[0:n_mar]
[18  3  1 22 19]
np.random.permutation(males)[0:n_mar]
[20  9 23 11 15]
np.random.permutation(males)[0:n_mar]
[ 2 18 10 23 19]
np.random.permutation(males)[0:n_mar]
[22  5 23  6 12]
np.random.permutation(males)[0:n_mar]
[15 13 23  1  2]
np.random.permutation(males)[0:n_mar]
[ 4 11 14 20 18]
np.random.permutation(males)[0:n_mar]
[14  3 18 17 13]
np.random.permutation(males)[0:n_mar]
[17  1 21 20 13]
np.random.permutation(males)[0:n_mar]
[19 13 16 15  9]
np.random.permutation(males)[0:n_mar]
[ 7  4 13 15 21]
np.random.permutation(males)[0:n_mar]
[16 15 17 12  0]
np.random.permutation(males)[0:n_mar]
[11  0 21 12 15]
np.random.permutation(males)[0:n_mar]
[ 6 23 12  2 17]
np.random.permutation(males)[0:n_mar]
[18  3  4  6 14]
np.random.permutation(males)[0:n_mar]
[21  2 15 22  8]
np.random.permutation(males)[0:n_mar]
[11 21 14  5  1]
np.random.permutation(males)[0:n_mar]
[ 5  4  3 14  9]
np.random.permutation(males)[0:n_mar]
[ 1 15 16  3  4]
np.random.permutation(males)[0:n_mar]
[18  1 11 13 22]
np.random.permutation(males)[0:n_mar]
[14 10  6  2 12]
np.random.permutation(males)[0:n_mar]
[22 15 17  9 23]
np.random.permutation(males)[0:n_mar]
[13 17  5 14  1]
np.random.permutation(males)[0:n_mar]
[5 6 9 4 3]
np.random.permutation(males)[0:n_mar]
[ 9 11 14  4  2]
np.random.permutation(males)[0:n_mar]
[ 3 18 14  1  0]
np.random.permutation(males)[0:n_mar]
[15  7 10 12 23]
np.random.permutation(males)[0:n_mar]
[16 23  9  8  0]
np.random.permutation(males)[0:n_mar]
[16 22 20  7 18]
np.random.permutation(males)[0:n_mar]
[10  0 16 22 20]
np.random.permutation(males)[0:n_mar]
[11  0  2  6 12]
np.random.permutation(males)[0:n_mar]
[ 2  7 20 13 12]
np.random.permutation(males)[0:n_mar]
[21 13  6  8  2]
np.random.permutation(males)[0:n_mar]
[17 19  8 14 22]
np.random.permutation(males)[0:n_mar]
[ 3  0 16  5 10]
np.random.permutation(males)[0:n_mar]
[22  6 11 10  5]
np.random.permutation(males)[0:n_mar]
[ 6 23  3 12  0]
np.random.permutation(males)[0:n_mar]
[ 8 16  3  6  5]
np.random.permutation(males)[0:n_mar]
[20  5 10  3 19]
np.random.permutation(males)[0:n_mar]
[ 3 19  5  7  8]
np.random.permutation(males)[0:n_mar]
[ 2  8 14  9 12]
np.random.permutation(males)[0:n_mar]
[23 14 21  6 18]
np.random.permutation(males)[0:n_mar]
[ 6 19  8 14  0]
np.random.permutation(males)[0:n_mar]
[19 23  2  8  7]
np.random.permutation(males)[0:n_mar]
[23  7 17  5 13]
np.random.permutation(males)[0:n_mar]
[ 0 20 21 13 18]
np.random.permutation(males)[0:n_mar]
[ 4 21  6 20 18]
np.random.permutation(males)[0:n_mar]
[18 19  0  8 14]
np.random.permutation(males)[0:n_mar]
[14  3 23 19  4]
np.random.permutation(males)[0:n_mar]
[ 0  4 19 23  7]
np.random.permutation(males)[0:n_mar]
[20  3  1  9  2]
np.random.permutation(males)[0:n_mar]
[11 10 17  3 19]
np.random.permutation(males)[0:n_mar]
[13  0  3 18 23]
np.random.permutation(males)[0:n_mar]
[ 5 18  7 15 10]
np.random.permutation(males)[0:n_mar]
[ 0 10 13 14 21]
np.random.permutation(males)[0:n_mar]
[22  9  5  1 10]
np.random.permutation(males)[0:n_mar]
[17 16 14 15 10]
np.random.permutation(males)[0:n_mar]
[11  9 23 10  8]
np.random.permutation(males)[0:n_mar]
[12  8 14 20  0]
np.random.permutation(males)[0:n_mar]
[ 6 19 23 17 10]
np.random.permutation(males)[0:n_mar]
[19 18  7  0 10]
np.random.permutation(males)[0:n_mar]
[13  1 15 19  8]
np.random.permutation(males)[0:n_mar]
[15 19 18 23 10]
np.random.permutation(males)[0:n_mar]
[15  8 16  1 18]
np.random.permutation(males)[0:n_mar]
[19  9  4 17 13]
np.random.permutation(males)[0:n_mar]
[21 18 23  1 10]
np.random.permutation(males)[0:n_mar]
[ 0  7  9 21 23]
np.random.permutation(males)[0:n_mar]
[ 6 18 22 12 17]
np.random.permutation(males)[0:n_mar]
[19 13 23  7 22]
np.random.permutation(males)[0:n_mar]
[ 5 10  7 21  6]
np.random.permutation(males)[0:n_mar]
[13  7  3 12 10]
np.random.permutation(males)[0:n_mar]
[23 19  1 16  6]
np.random.permutation(males)[0:n_mar]
[21 15  8 13 17]
np.random.permutation(males)[0:n_mar]
[13 23  0  2 18]
np.random.permutation(males)[0:n_mar]
[19 14 16  5  2]
np.random.permutation(males)[0:n_mar]
[14 19 11  5 23]
np.random.permutation(males)[0:n_mar]
[ 0 16  8 14  9]
np.random.permutation(males)[0:n_mar]
[22 18  6 15 19]
np.random.permutation(males)[0:n_mar]
[20  2  7 14  4]
np.random.permutation(males)[0:n_mar]
[ 0 19  9 11 12]
np.random.permutation(males)[0:n_mar]
[ 6  5  7 18 16]
np.random.permutation(males)[0:n_mar]
[11  2 14  8 23]
np.random.permutation(males)[0:n_mar]
[17  0 23 20 13]
np.random.permutation(males)[0:n_mar]
[23 11 15  4 21]
np.random.permutation(males)[0:n_mar]
[17 23 19  9 14]
np.random.permutation(males)[0:n_mar]
[11 21 13 17 12]
np.random.permutation(males)[0:n_mar]
[10 16  7  8 17]
np.random.permutation(males)[0:n_mar]
[ 7 21  0 12 22]
np.random.permutation(males)[0:n_mar]
[ 6 23  0 20  3]
np.random.permutation(males)[0:n_mar]
[10 14  7 11 18]
np.random.permutation(males)[0:n_mar]
[ 9 14 13  1 17]
np.random.permutation(males)[0:n_mar]
[20  2 23 21 22]
np.random.permutation(males)[0:n_mar]
[14 12  4 17 15]
np.random.permutation(males)[0:n_mar]
[12 22  1  0 18]
np.random.permutation(males)[0:n_mar]
[14 11  2 18 19]
np.random.permutation(males)[0:n_mar]
[17  0 21 14  6]
np.random.permutation(males)[0:n_mar]
[ 2 11 20  1  0]
np.random.permutation(males)[0:n_mar]
[12 22 17  9 20]
np.random.permutation(males)[0:n_mar]
[21  0  3 16  6]
np.random.permutation(males)[0:n_mar]
[22 21  5 18  9]
np.random.permutation(males)[0:n_mar]
[15 10 19 12 21]
np.random.permutation(males)[0:n_mar]
[14 11  3 22  6]
np.random.permutation(males)[0:n_mar]
[21 13 22  4  5]
np.random.permutation(males)[0:n_mar]
[23 20 17 21 10]
np.random.permutation(males)[0:n_mar]
[ 3 18 20  8 16]
np.random.permutation(males)[0:n_mar]
[20 13 17  9 22]
np.random.permutation(males)[0:n_mar]
[18  1  4  3 21]
np.random.permutation(males)[0:n_mar]
[22 23  5 19 11]
np.random.permutation(males)[0:n_mar]
[19 13 21  1 17]
np.random.permutation(males)[0:n_mar]
[15  1 12 10  4]
np.random.permutation(males)[0:n_mar]
[ 7  0 14 23 11]
np.random.permutation(males)[0:n_mar]
[17  5 15  2  0]
np.random.permutation(males)[0:n_mar]
[18  9 16  2  7]
np.random.permutation(males)[0:n_mar]
[19 16 23 17 21]
np.random.permutation(males)[0:n_mar]
[10 20 12 11 14]
np.random.permutation(males)[0:n_mar]
[ 1  7  6 11  8]
np.random.permutation(males)[0:n_mar]
[ 4 18 16 15  0]
np.random.permutation(males)[0:n_mar]
[ 9  2 22 10  5]
np.random.permutation(males)[0:n_mar]
[20  5  2 15  6]
np.random.permutation(males)[0:n_mar]
[ 4 11 10 23  8]
np.random.permutation(males)[0:n_mar]
[18  5  7 16  2]
np.random.permutation(males)[0:n_mar]
[13  1 20  7 17]
np.random.permutation(males)[0:n_mar]
[14  5  3  8 11]
np.random.permutation(males)[0:n_mar]
[22 14  2 10  6]
np.random.permutation(males)[0:n_mar]
[ 7  1 18 10  2]
np.random.permutation(males)[0:n_mar]
[13  6  7 23  3]
np.random.permutation(males)[0:n_mar]
[ 6 21  5 10 12]
np.random.permutation(males)[0:n_mar]
[23 15  0 13  8]
np.random.permutation(males)[0:n_mar]
[15 22 12  9 13]
np.random.permutation(males)[0:n_mar]
[17  8  9  7 15]
np.random.permutation(males)[0:n_mar]
[12  6 18 15  9]
np.random.permutation(males)[0:n_mar]
[16  3 15  4  6]
np.random.permutation(males)[0:n_mar]
[10  4  5 23 14]
np.random.permutation(males)[0:n_mar]
[ 8  6 20  5 19]
np.random.permutation(males)[0:n_mar]
[ 9 11 20  1 17]
np.random.permutation(males)[0:n_mar]
[23 15  8 14 10]
np.random.permutation(males)[0:n_mar]
[ 0 17 13 22  6]
np.random.permutation(males)[0:n_mar]
[ 4 21 14 17 19]
np.random.permutation(males)[0:n_mar]
[ 0 18 22 21 14]
np.random.permutation(males)[0:n_mar]
[ 7 10 16 18  8]
np.random.permutation(males)[0:n_mar]
[20  7 15  2  0]
np.random.permutation(males)[0:n_mar]
[22 19 16  9 17]
np.random.permutation(males)[0:n_mar]
[16 12 22 14  2]
np.random.permutation(males)[0:n_mar]
[10 12  4 21 20]
np.random.permutation(males)[0:n_mar]
[17 10 19 11 12]
np.random.permutation(males)[0:n_mar]
[21  0  2 17 20]
np.random.permutation(males)[0:n_mar]
[10 12  5  2  4]
np.random.permutation(males)[0:n_mar]
[20  4  8 16 10]
np.random.permutation(males)[0:n_mar]
[18 22  1  7 14]
np.random.permutation(males)[0:n_mar]
[ 0 12 15 20  1]
np.random.permutation(males)[0:n_mar]
[20  2  5  1  4]
np.random.permutation(males)[0:n_mar]
[14 16  9  6 15]
np.random.permutation(males)[0:n_mar]
[18 21 11  0 19]
np.random.permutation(males)[0:n_mar]
[ 6  7  0  9 21]
np.random.permutation(males)[0:n_mar]
[10 18 21  2 20]
np.random.permutation(males)[0:n_mar]
[ 1  0  2 14 20]
np.random.permutation(males)[0:n_mar]
[ 1  0  9  6 21]
np.random.permutation(males)[0:n_mar]
[ 6 22 10  1 15]
np.random.permutation(males)[0:n_mar]
[ 2 21 19 18 17]
np.random.permutation(males)[0:n_mar]
[13  3 20 12  1]
np.random.permutation(males)[0:n_mar]
[21  4 18 13 14]
np.random.permutation(males)[0:n_mar]
[ 2  1 21  0 17]
np.random.permutation(males)[0:n_mar]
[20  8 18  3  7]
np.random.permutation(males)[0:n_mar]
[ 6 14  9  8 19]
np.random.permutation(males)[0:n_mar]
[ 6 22  7 10 17]
np.random.permutation(males)[0:n_mar]
[14  8 19 15 13]
np.random.permutation(males)[0:n_mar]
[ 1  0 17  9 18]
np.random.permutation(males)[0:n_mar]
[ 7 18  1  0 22]
np.random.permutation(males)[0:n_mar]
[ 3  4 20  0  8]
np.random.permutation(males)[0:n_mar]
[22  6  5  2  1]
np.random.permutation(males)[0:n_mar]
[11 19 15 20 17]
np.random.permutation(males)[0:n_mar]
[18  5 16  7  1]
np.random.permutation(males)[0:n_mar]
[23  4 16 14  6]
np.random.permutation(males)[0:n_mar]
[ 6  0 18  2 10]
np.random.permutation(males)[0:n_mar]
[ 3 22 21 19 23]
np.random.permutation(males)[0:n_mar]
[17 21 20  9 23]
np.random.permutation(males)[0:n_mar]
[22 19  5 15 17]
np.random.permutation(males)[0:n_mar]
[ 8 16 19 23  0]
np.random.permutation(males)[0:n_mar]
[ 2 10 23 19 22]
np.random.permutation(males)[0:n_mar]
[ 3 12  9  8  4]
np.random.permutation(males)[0:n_mar]
[10  9 19 20 23]
np.random.permutation(males)[0:n_mar]
[ 9 16  7 13 22]
np.random.permutation(males)[0:n_mar]
[ 7 15  0  8 23]
np.random.permutation(males)[0:n_mar]
[ 3 11  8  7 18]
np.random.permutation(males)[0:n_mar]
[ 1  8 22  3  7]
np.random.permutation(males)[0:n_mar]
[ 9 16  3 23 21]
np.random.permutation(males)[0:n_mar]
[17 13  2  7  5]
np.random.permutation(males)[0:n_mar]
[ 0  9  3 19  5]
np.random.permutation(males)[0:n_mar]
[ 3 14  9 19  7]
np.random.permutation(males)[0:n_mar]
[15  2 17  4  5]
np.random.permutation(males)[0:n_mar]
[22 11  9  6 15]
np.random.permutation(males)[0:n_mar]
[ 0 14  4 12 15]
np.random.permutation(males)[0:n_mar]
[19 11 15 17  7]
np.random.permutation(males)[0:n_mar]
[ 7 15 19  3  1]
np.random.permutation(males)[0:n_mar]
[ 4 19  1 16 11]
np.random.permutation(males)[0:n_mar]
[19 21 22 13  5]
np.random.permutation(males)[0:n_mar]
[13  9  3 20 21]
np.random.permutation(males)[0:n_mar]
[14  8  5 22 13]
np.random.permutation(males)[0:n_mar]
[ 4  5 15 16  1]
np.random.permutation(males)[0:n_mar]
[13 18 23 10  7]
np.random.permutation(males)[0:n_mar]
[ 7 22  8  9 19]
np.random.permutation(males)[0:n_mar]
[12 14  4 19  0]
np.random.permutation(males)[0:n_mar]
[20  5 10 13  9]
np.random.permutation(males)[0:n_mar]
[12  7  9 22 17]
np.random.permutation(males)[0:n_mar]
[ 1 12  7 19  6]
np.random.permutation(males)[0:n_mar]
[ 4 19  8  2  1]
np.random.permutation(males)[0:n_mar]
[13 10  2  5 11]
np.random.permutation(males)[0:n_mar]
[ 5  7  4  8 13]
np.random.permutation(males)[0:n_mar]
[ 2 11  9  5 17]
np.random.permutation(males)[0:n_mar]
[15 10  5  4 12]
np.random.permutation(males)[0:n_mar]
[12 10 16 15 19]
np.random.permutation(males)[0:n_mar]
[17 23  1 22 20]
np.random.permutation(males)[0:n_mar]
[10  5 18 23  2]
np.random.permutation(males)[0:n_mar]
[ 2 23 18  1  3]
np.random.permutation(males)[0:n_mar]
[ 5 14 11 18  0]
np.random.permutation(males)[0:n_mar]
[20  3 11 19 21]
np.random.permutation(males)[0:n_mar]
[15  2  7  0 21]
np.random.permutation(males)[0:n_mar]
[21 12  4  2 17]
np.random.permutation(males)[0:n_mar]
[ 9 19 23  0 15]
np.random.permutation(males)[0:n_mar]
[ 5  7 16  6 21]
np.random.permutation(males)[0:n_mar]
[ 4 21  6  7 14]
np.random.permutation(males)[0:n_mar]
[18  8  5 21 12]
np.random.permutation(males)[0:n_mar]
[23  8 15 10  9]
np.random.permutation(males)[0:n_mar]
[17 18  6 23  9]
np.random.permutation(males)[0:n_mar]
[20  7 11  1  8]
np.random.permutation(males)[0:n_mar]
[14 20 12 13  7]
np.random.permutation(males)[0:n_mar]
[23  2 14  7 18]
np.random.permutation(males)[0:n_mar]
[19  8  0  3  7]
np.random.permutation(males)[0:n_mar]
[18 14  4  3 17]
np.random.permutation(males)[0:n_mar]
[11 19 15  0 20]
np.random.permutation(males)[0:n_mar]
[ 3  1  0 16 11]
np.random.permutation(males)[0:n_mar]
[ 3  9 12 20  0]
np.random.permutation(males)[0:n_mar]
[20 11  0 22 15]
np.random.permutation(males)[0:n_mar]
[ 5  2 22  9  6]
np.random.permutation(males)[0:n_mar]
[14 13  8 20  3]
np.random.permutation(males)[0:n_mar]
[10  2 18 19  8]
np.random.permutation(males)[0:n_mar]
[19 16  8  9  3]
np.random.permutation(males)[0:n_mar]
[18  7 13  1 15]
np.random.permutation(males)[0:n_mar]
[ 3  7 20 10  1]
np.random.permutation(males)[0:n_mar]
[11  3 20 22 19]
np.random.permutation(males)[0:n_mar]
[14 13 17 19  2]
np.random.permutation(males)[0:n_mar]
[ 4 15 17 13 21]
np.random.permutation(males)[0:n_mar]
[13  8 16 18 21]
np.random.permutation(males)[0:n_mar]
[11  7  0  6 13]
np.random.permutation(males)[0:n_mar]
[ 5 17  4 23  3]
np.random.permutation(males)[0:n_mar]
[15  0 22  7  5]
np.random.permutation(males)[0:n_mar]
[1 2 5 6 4]
np.random.permutation(males)[0:n_mar]
[13  2 19 23 17]
np.random.permutation(males)[0:n_mar]
[13  3  8 10 12]
np.random.permutation(males)[0:n_mar]
[ 5  3  2  8 23]
np.random.permutation(males)[0:n_mar]
[22 17  3  4 21]
np.random.permutation(males)[0:n_mar]
[ 9 16  6  2 14]
np.random.permutation(males)[0:n_mar]
[13 17  6  4 12]
np.random.permutation(males)[0:n_mar]
[23  9  1  2 14]
np.random.permutation(males)[0:n_mar]
[12 15  4  2 16]
np.random.permutation(males)[0:n_mar]
[20 22 13  4 11]
np.random.permutation(males)[0:n_mar]
[19 14  3 12 13]
np.random.permutation(males)[0:n_mar]
[18 13 11 22 21]
np.random.permutation(males)[0:n_mar]
[19 21  8  6 14]
np.random.permutation(males)[0:n_mar]
[10 21 13  2 11]
np.random.permutation(males)[0:n_mar]
[ 1  3 17  6 14]
np.random.permutation(males)[0:n_mar]
[ 6 18 13 11 14]
np.random.permutation(males)[0:n_mar]
[10 17  1 18  0]
np.random.permutation(males)[0:n_mar]
[11 14 10 18  0]
np.random.permutation(males)[0:n_mar]
[ 3  6 11 17 21]
np.random.permutation(males)[0:n_mar]
[ 0 23 21 11 13]
np.random.permutation(males)[0:n_mar]
[11  2  8  7 23]
np.random.permutation(males)[0:n_mar]
[ 0 23 12 20 18]
np.random.permutation(males)[0:n_mar]
[ 6 19 10  2 15]
np.random.permutation(males)[0:n_mar]
[13  1  7  9 17]
np.random.permutation(males)[0:n_mar]
[ 3 21 18 23  1]
np.random.permutation(males)[0:n_mar]
[ 0  3 21 23  2]
np.random.permutation(males)[0:n_mar]
[ 2 17  7 21  6]
np.random.permutation(males)[0:n_mar]
[15 19 20 21  0]
np.random.permutation(males)[0:n_mar]
[17 10 16  1  2]
np.random.permutation(males)[0:n_mar]
[ 1  7 21  8 10]
np.random.permutation(males)[0:n_mar]
[23 19 18 10 20]
np.random.permutation(males)[0:n_mar]
[22 18 20 14 21]
np.random.permutation(males)[0:n_mar]
[13 16  8  6 20]
np.random.permutation(males)[0:n_mar]
[ 8  9  0  7 15]
np.random.permutation(males)[0:n_mar]
[15 17  3 10 23]
np.random.permutation(males)[0:n_mar]
[ 4 20 10 19 18]
np.random.permutation(males)[0:n_mar]
[ 5 20  0 23 10]
np.random.permutation(males)[0:n_mar]
[10  6 20 21  9]
np.random.permutation(males)[0:n_mar]
[ 5 20 14 22 18]
np.random.permutation(males)[0:n_mar]
[ 3 16 15  8 23]
np.random.permutation(males)[0:n_mar]
[11  1 15  8  0]
np.random.permutation(males)[0:n_mar]
[18 13 23  2 22]
np.random.permutation(males)[0:n_mar]
[14  3  1  2 16]
np.random.permutation(males)[0:n_mar]
[14 21 16  4  0]
np.random.permutation(males)[0:n_mar]
[ 7  4  3  5 16]
np.random.permutation(males)[0:n_mar]
[11 17  5 10 14]
np.random.permutation(males)[0:n_mar]
[ 0  1 21  2 14]
np.random.permutation(males)[0:n_mar]
[11 22 20 14 18]
np.random.permutation(males)[0:n_mar]
[ 7 11  8  5 14]
np.random.permutation(males)[0:n_mar]
[20 13  7  2 14]
np.random.permutation(males)[0:n_mar]
[21 10  7  4 14]
np.random.permutation(males)[0:n_mar]
[21 18 12 13 16]
np.random.permutation(males)[0:n_mar]
[21 14  3 23 13]
np.random.permutation(males)[0:n_mar]
[18  6 23 11 13]
np.random.permutation(males)[0:n_mar]
[22 20 23 11  2]
np.random.permutation(males)[0:n_mar]
[ 1 19 15 21 23]
np.random.permutation(males)[0:n_mar]
[20 23 16 21  8]
np.random.permutation(males)[0:n_mar]
[22 16  9  3 17]
np.random.permutation(males)[0:n_mar]
[17  4 10 12 20]
np.random.permutation(males)[0:n_mar]
[12  5  9  1  4]
np.random.permutation(males)[0:n_mar]
[14 13 23  8  7]
np.random.permutation(males)[0:n_mar]
[15 21  6  1 17]
np.random.permutation(males)[0:n_mar]
[ 3 14 20 10 13]
np.random.permutation(males)[0:n_mar]
[20 14 23 18  6]
np.random.permutation(males)[0:n_mar]
[13  5  9  1 12]
np.random.permutation(males)[0:n_mar]
[ 6 14  0 19 10]
np.random.permutation(males)[0:n_mar]
[14 21 23 19  0]
np.random.permutation(males)[0:n_mar]
[ 3 19 22 17 11]
np.random.permutation(males)[0:n_mar]
[ 3  2  5 14 22]
np.random.permutation(males)[0:n_mar]
[23  9  0 22  4]
np.random.permutation(males)[0:n_mar]
[ 0 11  1  7 16]
np.random.permutation(males)[0:n_mar]
[19 17 10 12  9]
np.random.permutation(males)[0:n_mar]
[23 21  7  9 11]
np.random.permutation(males)[0:n_mar]
[ 1  2  3 13  6]
np.random.permutation(males)[0:n_mar]
[ 1  9  2  8 14]
np.random.permutation(males)[0:n_mar]
[10 20 11  2  0]
np.random.permutation(males)[0:n_mar]
[22 11  5  9 17]
np.random.permutation(males)[0:n_mar]
[20 10 13 14  7]
np.random.permutation(males)[0:n_mar]
[22 12 17 18  6]
np.random.permutation(males)[0:n_mar]
[18 23  5  3 13]
np.random.permutation(males)[0:n_mar]
[20  9 13  8 15]
np.random.permutation(males)[0:n_mar]
[20  1  6 19 23]
np.random.permutation(males)[0:n_mar]
[14 12  5 19  3]
np.random.permutation(males)[0:n_mar]
[ 9 17 14 21  6]
np.random.permutation(males)[0:n_mar]
[ 5 22 21  9  3]
np.random.permutation(males)[0:n_mar]
[ 7 11  9  4  8]
np.random.permutation(males)[0:n_mar]
[10  9  3  2 21]
np.random.permutation(males)[0:n_mar]
[16 10  4  2  0]
np.random.permutation(males)[0:n_mar]
[ 3  6 20 12  0]
np.random.permutation(males)[0:n_mar]
[ 5 14  2  4  1]
np.random.permutation(males)[0:n_mar]
[21 23  6 16  2]
np.random.permutation(males)[0:n_mar]
[22 11  9 20  3]
np.random.permutation(males)[0:n_mar]
[19 11  2 18 13]
np.random.permutation(males)[0:n_mar]
[ 9 21  4  5  0]
np.random.permutation(males)[0:n_mar]
[ 8  6  5 11 13]
np.random.permutation(males)[0:n_mar]
[12  5 20  8 13]
np.random.permutation(males)[0:n_mar]
[16 14 19  4  2]
np.random.permutation(males)[0:n_mar]
[14  8  1 11  2]
np.random.permutation(males)[0:n_mar]
[17 13 18 22  0]
np.random.permutation(males)[0:n_mar]
[13 17  8  2 12]
np.random.permutation(males)[0:n_mar]
[ 0 16  3  2 13]
np.random.permutation(males)[0:n_mar]
[ 1  3 15 20 21]
np.random.permutation(males)[0:n_mar]
[19  6  0  5 15]
np.random.permutation(males)[0:n_mar]
[ 8 19 22  0  2]
np.random.permutation(males)[0:n_mar]
[ 5 18  2 16 21]
np.random.permutation(males)[0:n_mar]
[17  2  0  6 12]
np.random.permutation(males)[0:n_mar]
[ 4  3 14 10 20]
np.random.permutation(males)[0:n_mar]
[ 4 23 18  1  3]
np.random.permutation(males)[0:n_mar]
[21  0  8  9 11]
np.random.permutation(males)[0:n_mar]
[11 17 10  2 14]
np.random.permutation(males)[0:n_mar]
[ 6 12 20 10 21]
np.random.permutation(males)[0:n_mar]
[23  8  9  0 18]
np.random.permutation(males)[0:n_mar]
[22 15 23  0 10]
np.random.permutation(males)[0:n_mar]
[22 16 17  7  0]
np.random.permutation(males)[0:n_mar]
[22 23  0  8 12]
np.random.permutation(males)[0:n_mar]
[ 3 22 23  2 15]
np.random.permutation(males)[0:n_mar]
[11 14 19 21  3]
np.random.permutation(males)[0:n_mar]
[20  7  1  4  6]
np.random.permutation(males)[0:n_mar]
[21 12  0 14 23]
np.random.permutation(males)[0:n_mar]
[ 8  6 18 15 21]
np.random.permutation(males)[0:n_mar]
[ 2 12  9  3  5]
np.random.permutation(males)[0:n_mar]
[22 12  1 21 23]
np.random.permutation(males)[0:n_mar]
[ 7  5 16 18  1]
np.random.permutation(males)[0:n_mar]
[19  4  8 14  2]
np.random.permutation(males)[0:n_mar]
[10 15 12 13  9]
np.random.permutation(males)[0:n_mar]
[16 14 11  4  8]
np.random.permutation(males)[0:n_mar]
[ 6  7  1  5 22]
np.random.permutation(males)[0:n_mar]
[16 18 15  8 19]
np.random.permutation(males)[0:n_mar]
[19  5 20 12  7]
np.random.permutation(males)[0:n_mar]
[11  0  8  9  6]
np.random.permutation(males)[0:n_mar]
[ 0 23 17 10 18]
np.random.permutation(males)[0:n_mar]
[18  3 12 14 20]
np.random.permutation(males)[0:n_mar]
[17  2  6 13 11]
np.random.permutation(males)[0:n_mar]
[ 9 22  7  4  6]
np.random.permutation(males)[0:n_mar]
[10  8 22  1  6]
np.random.permutation(males)[0:n_mar]
[10 22  1 14  5]
np.random.permutation(males)[0:n_mar]
[19 11  6 16 17]
np.random.permutation(males)[0:n_mar]
[ 3  2  7 19 18]
np.random.permutation(males)[0:n_mar]
[ 0  3 20 16  6]
np.random.permutation(males)[0:n_mar]
[ 8  3 23 13  5]
np.random.permutation(males)[0:n_mar]
[ 3 13  5 14 17]
np.random.permutation(males)[0:n_mar]
[ 4 10 12  5 20]
np.random.permutation(males)[0:n_mar]
[ 2 19 16 12 23]
np.random.permutation(males)[0:n_mar]
[10 15  8 11 19]
np.random.permutation(males)[0:n_mar]
[ 1  2 13 18  8]
np.random.permutation(males)[0:n_mar]
[14  4  6  2 17]
np.random.permutation(males)[0:n_mar]
[ 4  9  5 19 21]
np.random.permutation(males)[0:n_mar]
[16 12 21 20  4]
np.random.permutation(males)[0:n_mar]
[21  4  3  0 19]
np.random.permutation(males)[0:n_mar]
[12  4 11  6 17]
np.random.permutation(males)[0:n_mar]
[ 2 22 19  5 11]
np.random.permutation(males)[0:n_mar]
[ 3 10 13  9 22]
np.random.permutation(males)[0:n_mar]
[ 6  2  3 18 10]
np.random.permutation(males)[0:n_mar]
[ 2 12  4 13 14]
np.random.permutation(males)[0:n_mar]
[ 0  5  3 13 15]
np.random.permutation(males)[0:n_mar]
[ 0 17 22 18 23]
np.random.permutation(males)[0:n_mar]
[ 9 17 20 12 16]
np.random.permutation(males)[0:n_mar]
[12  7  3 15 19]
np.random.permutation(males)[0:n_mar]
[ 1  9 18 21 13]
np.random.permutation(males)[0:n_mar]
[11 10  1  7 15]
np.random.permutation(males)[0:n_mar]
[11  3  0 18 23]
np.random.permutation(males)[0:n_mar]
[13 19 23  5 12]
np.random.permutation(males)[0:n_mar]
[ 7 20 11  1 14]
np.random.permutation(males)[0:n_mar]
[ 0 13 11 22 19]
np.random.permutation(males)[0:n_mar]
[ 3  1 14 15 17]
np.random.permutation(males)[0:n_mar]
[22  6 20  4 18]
np.random.permutation(males)[0:n_mar]
[13 16 15 12 18]
np.random.permutation(males)[0:n_mar]
[19 12  2  1  6]
np.random.permutation(males)[0:n_mar]
[ 8 12  3 10 16]
np.random.permutation(males)[0:n_mar]
[15  0  8  5  7]
np.random.permutation(males)[0:n_mar]
[ 3 16  5 22  6]
np.random.permutation(males)[0:n_mar]
[ 6 17  8 23  4]
np.random.permutation(males)[0:n_mar]
[ 0  2 17 10 21]
np.random.permutation(males)[0:n_mar]
[20  9 21  0  5]
np.random.permutation(males)[0:n_mar]
[20 14  7 17 23]
np.random.permutation(males)[0:n_mar]
[17  7  0 18  2]
np.random.permutation(males)[0:n_mar]
[14  6  1 11 21]
np.random.permutation(males)[0:n_mar]
[15 23  5 13 14]
np.random.permutation(males)[0:n_mar]
[ 5  0 13 11 15]
np.random.permutation(males)[0:n_mar]
[14 11  2  4 13]
np.random.permutation(males)[0:n_mar]
[ 6 13 16  0  2]
np.random.permutation(males)[0:n_mar]
[ 2 10 17  1  0]
np.random.permutation(males)[0:n_mar]
[ 5 17  0  6 19]
np.random.permutation(males)[0:n_mar]
[ 8 16 15 11  0]
np.random.permutation(males)[0:n_mar]
[ 5  8  6 23 22]
np.random.permutation(males)[0:n_mar]
[19  0 11 22  1]
np.random.permutation(males)[0:n_mar]
[ 0 23 17 12 14]
np.random.permutation(males)[0:n_mar]
[15  7  4 14 17]
np.random.permutation(males)[0:n_mar]
[ 8 10  4 18 22]
np.random.permutation(males)[0:n_mar]
[10 23 22  3 21]
np.random.permutation(males)[0:n_mar]
[ 8 18  9 23  1]
np.random.permutation(males)[0:n_mar]
[14 19  8 15 18]
np.random.permutation(males)[0:n_mar]
[ 6  7 16 22 15]
np.random.permutation(males)[0:n_mar]
[11 10 21  5  1]
np.random.permutation(males)[0:n_mar]
[12 20 13 17 10]
np.random.permutation(males)[0:n_mar]
[18 11 10 14  5]
np.random.permutation(males)[0:n_mar]
[21  3 15  4 11]
np.random.permutation(males)[0:n_mar]
[ 1  0  8 18  9]
np.random.permutation(males)[0:n_mar]
[19 17 16  7  5]
np.random.permutation(males)[0:n_mar]
[11  5  0 19 10]
np.random.permutation(males)[0:n_mar]
[18 21  5 13 23]
np.random.permutation(males)[0:n_mar]
[20 14  0  6 10]
np.random.permutation(males)[0:n_mar]
[ 1 18  0  2  4]
np.random.permutation(males)[0:n_mar]
[ 2 15 13 14  1]
np.random.permutation(males)[0:n_mar]
[11  2  9  7  3]
np.random.permutation(males)[0:n_mar]
[ 1  4 23 13 11]
np.random.permutation(males)[0:n_mar]
[20 11  2  4 15]
np.random.permutation(males)[0:n_mar]
[ 3 14 17 18  6]
np.random.permutation(males)[0:n_mar]
[12 14 23  6  3]
np.random.permutation(males)[0:n_mar]
[ 0  2  8 13  6]
np.random.permutation(males)[0:n_mar]
[12  5  7 23 19]
np.random.permutation(males)[0:n_mar]
[ 8 18  6  0  5]
np.random.permutation(males)[0:n_mar]
[21 17 23 18  0]
np.random.permutation(males)[0:n_mar]
[15  5 19 17  3]
np.random.permutation(males)[0:n_mar]
[18 16 10 13  0]
np.random.permutation(males)[0:n_mar]
[12  1  2  8 14]
np.random.permutation(males)[0:n_mar]
[10 17  5 11  3]
np.random.permutation(males)[0:n_mar]
[ 0 13 16  3 23]
np.random.permutation(males)[0:n_mar]
[11 16 21  0  2]
np.random.permutation(males)[0:n_mar]
[ 6  1 19 13 10]
np.random.permutation(males)[0:n_mar]
[21  3 13 11  5]
np.random.permutation(males)[0:n_mar]
[ 7 10 17 22  2]
np.random.permutation(males)[0:n_mar]
[ 2 12  7 18  5]
np.random.permutation(males)[0:n_mar]
[16  8 17 14 15]
np.random.permutation(males)[0:n_mar]
[18 16 13  8 17]
np.random.permutation(males)[0:n_mar]
[18  7 21  9 22]
np.random.permutation(males)[0:n_mar]
[21  1 23  4 20]
np.random.permutation(males)[0:n_mar]
[19  9  2 22 21]
np.random.permutation(males)[0:n_mar]
[11 12  3  8  5]
np.random.permutation(males)[0:n_mar]
[21 10 19  3  8]
np.random.permutation(males)[0:n_mar]
[20 21  4  3  1]
np.random.permutation(males)[0:n_mar]
[17 19  5 13 21]
np.random.permutation(males)[0:n_mar]
[11  7 18  8 15]
np.random.permutation(males)[0:n_mar]
[ 3 18 12 17  7]
np.random.permutation(males)[0:n_mar]
[18  6  4  3 15]
np.random.permutation(males)[0:n_mar]
[12 23 10 13  6]
np.random.permutation(males)[0:n_mar]
[15 17 18  8 22]
np.random.permutation(males)[0:n_mar]
[20 10  5 13  4]
np.random.permutation(males)[0:n_mar]
[10  9  1  0  5]
np.random.permutation(males)[0:n_mar]
[3 1 6 7 9]
np.random.permutation(males)[0:n_mar]
[ 2 13  3 10  0]
np.random.permutation(males)[0:n_mar]
[22 15 10 11  7]
np.random.permutation(males)[0:n_mar]
[ 7 11 18 21 13]
np.random.permutation(males)[0:n_mar]
[ 9 15  6  8 18]
np.random.permutation(males)[0:n_mar]
[ 0 11 13 17  1]
np.random.permutation(males)[0:n_mar]
[16  1  8 17 22]
np.random.permutation(males)[0:n_mar]
[ 8 21 10  0 12]
np.random.permutation(males)[0:n_mar]
[16 15 18  1 23]
np.random.permutation(males)[0:n_mar]
[ 5 11 16  9 14]
np.random.permutation(males)[0:n_mar]
[11  6 16  7  5]
np.random.permutation(males)[0:n_mar]
[23 14 18  7  4]
np.random.permutation(males)[0:n_mar]
[17  8 13 20 18]
np.random.permutation(males)[0:n_mar]
[13 18 11 10  8]
np.random.permutation(males)[0:n_mar]
[12 18  2  3 23]
np.random.permutation(males)[0:n_mar]
[0 8 7 6 2]
np.random.permutation(males)[0:n_mar]
[21 11  8 14  3]
np.random.permutation(males)[0:n_mar]
[12  0 11  3  4]
np.random.permutation(males)[0:n_mar]
[21  5 11  0 18]
np.random.permutation(males)[0:n_mar]
[ 1 15 17  8 23]
np.random.permutation(males)[0:n_mar]
[ 8 19 18  3  2]
np.random.permutation(males)[0:n_mar]
[19 18 15  5  6]
np.random.permutation(males)[0:n_mar]
[ 6 13  2  4 11]
np.random.permutation(males)[0:n_mar]
[17  4 11  8 10]
np.random.permutation(males)[0:n_mar]
[15 21 10 16 13]
np.random.permutation(males)[0:n_mar]
[ 5 20  6 17  3]
np.random.permutation(males)[0:n_mar]
[18 13  7  6 16]
np.random.permutation(males)[0:n_mar]
[11  3  5 22  2]
np.random.permutation(males)[0:n_mar]
[19  7 15 21 18]
np.random.permutation(males)[0:n_mar]
[ 3  9  5  2 22]
np.random.permutation(males)[0:n_mar]
[ 3  5 12  6 10]
np.random.permutation(males)[0:n_mar]
[17 12  6 15  7]
np.random.permutation(males)[0:n_mar]
[ 6 11 23 19 21]
np.random.permutation(males)[0:n_mar]
[ 2 23  7 20  8]
np.random.permutation(males)[0:n_mar]
[10 12  3 23  6]
np.random.permutation(males)[0:n_mar]
[18 12 23  6 16]
np.random.permutation(males)[0:n_mar]
[ 5 23  3 19 14]
np.random.permutation(males)[0:n_mar]
[11  9 21  4 17]
np.random.permutation(males)[0:n_mar]
[18 14 10 15  7]
np.random.permutation(males)[0:n_mar]
[ 5  7  6 15 14]
np.random.permutation(males)[0:n_mar]
[ 5 18  6 13  7]
np.random.permutation(males)[0:n_mar]
[ 2 22  5  4 10]
np.random.permutation(males)[0:n_mar]
[12  0  8 19  7]
np.random.permutation(males)[0:n_mar]
[14  2 18 13 21]
np.random.permutation(males)[0:n_mar]
[22 21 16 10 17]
np.random.permutation(males)[0:n_mar]
[ 7  6 19 21  2]
np.random.permutation(males)[0:n_mar]
[18 22  1 13 20]
np.random.permutation(males)[0:n_mar]
[21  2 15 23 17]
np.random.permutation(males)[0:n_mar]
[ 5  8 17 10  2]
np.random.permutation(males)[0:n_mar]
[ 5  3 13  9  8]
np.random.permutation(males)[0:n_mar]
[21 22  9 12 23]
np.random.permutation(males)[0:n_mar]
[18 14 19  8 16]
np.random.permutation(males)[0:n_mar]
[21  6 14  9 22]
np.random.permutation(males)[0:n_mar]
[ 6  3 22 16 17]
np.random.permutation(males)[0:n_mar]
[15  8 10 13  2]
np.random.permutation(males)[0:n_mar]
[ 0 12 22  6 21]
np.random.permutation(males)[0:n_mar]
[18 11  3  8  2]
np.random.permutation(males)[0:n_mar]
[20  3 10  7  9]
np.random.permutation(males)[0:n_mar]
[ 5 10 22 12 15]
np.random.permutation(males)[0:n_mar]
[ 9  6 17  3  7]
np.random.permutation(males)[0:n_mar]
[ 3 16  1  9  5]
np.random.permutation(males)[0:n_mar]
[ 6 23 19  4 17]
np.random.permutation(males)[0:n_mar]
[15 23  1 18 19]
np.random.permutation(males)[0:n_mar]
[ 7 23  2 20  3]
np.random.permutation(males)[0:n_mar]
[22  3 15 12  6]
np.random.permutation(males)[0:n_mar]
[ 0 11 15 16  7]
np.random.permutation(males)[0:n_mar]
[16 21 14 22  7]
np.random.permutation(males)[0:n_mar]
[17  0  4 13  7]
np.random.permutation(males)[0:n_mar]
[15 21  3 14  9]
np.random.permutation(males)[0:n_mar]
[ 5  7 13  1 22]
np.random.permutation(males)[0:n_mar]
[14 13 19 21  2]
np.random.permutation(males)[0:n_mar]
[11  0  6  4 12]
np.random.permutation(males)[0:n_mar]
[ 7 10 14 23 18]
np.random.permutation(males)[0:n_mar]
[ 9 15  0 21 10]
np.random.permutation(males)[0:n_mar]
[ 4 11 13  9  1]
np.random.permutation(males)[0:n_mar]
[14  0  7 16  6]
np.random.permutation(males)[0:n_mar]
[ 6  2 16 17 11]
np.random.permutation(males)[0:n_mar]
[ 3 23 17  1 15]
np.random.permutation(males)[0:n_mar]
[ 2 22 12 19  8]
np.random.permutation(males)[0:n_mar]
[ 6 20  2  4 15]
np.random.permutation(males)[0:n_mar]
[19 13 14 17  9]
np.random.permutation(males)[0:n_mar]
[23  1  8 13  0]
np.random.permutation(males)[0:n_mar]
[13 11 21 12  2]
np.random.permutation(males)[0:n_mar]
[ 8 23 15  0  7]
np.random.permutation(males)[0:n_mar]
[ 1 18 11 13 22]
np.random.permutation(males)[0:n_mar]
[16  0 15  4 23]
np.random.permutation(males)[0:n_mar]
[ 1 22 23 14 21]
np.random.permutation(males)[0:n_mar]
[ 0 14  1 23 20]
np.random.permutation(males)[0:n_mar]
[14  0  7  1 23]
np.random.permutation(males)[0:n_mar]
[18  6 11  5 22]
np.random.permutation(males)[0:n_mar]
[13  6 16 21 19]
np.random.permutation(males)[0:n_mar]
[10 11 14  9 23]
np.random.permutation(males)[0:n_mar]
[21 19  7 22 15]
np.random.permutation(males)[0:n_mar]
[16  4 19  6  5]
np.random.permutation(males)[0:n_mar]
[ 8 10  1 14  5]
np.random.permutation(males)[0:n_mar]
[ 0  9 16  6 11]
np.random.permutation(males)[0:n_mar]
[ 9 13  2 23  4]
np.random.permutation(males)[0:n_mar]
[21  1  4  3 18]
np.random.permutation(males)[0:n_mar]
[16 17  2 22  8]
np.random.permutation(males)[0:n_mar]
[16 15  4 12  6]
np.random.permutation(males)[0:n_mar]
[14  9  6  7 19]
np.random.permutation(males)[0:n_mar]
[12 21 16 14 23]
np.random.permutation(males)[0:n_mar]
[13 20 15  3 16]
np.random.permutation(males)[0:n_mar]
[ 0 16  9 18 19]
np.random.permutation(males)[0:n_mar]
[ 5  8  3 19 13]
np.random.permutation(males)[0:n_mar]
[19 11  2 10  8]
np.random.permutation(males)[0:n_mar]
[ 3 19  1 15 23]
np.random.permutation(males)[0:n_mar]
[ 6 12 16  2 13]
np.random.permutation(males)[0:n_mar]
[19  5 12  2  3]
np.random.permutation(males)[0:n_mar]
[12 16 23 14 17]
np.random.permutation(males)[0:n_mar]
[18 19  8  5 14]
np.random.permutation(males)[0:n_mar]
[11 19 15 21  4]
np.random.permutation(males)[0:n_mar]
[11 15 18  5 21]
np.random.permutation(males)[0:n_mar]
[ 2 17 11 18  4]
np.random.permutation(males)[0:n_mar]
[14 23 15 22 21]
np.random.permutation(males)[0:n_mar]
[ 6  2  5 11 15]
np.random.permutation(males)[0:n_mar]
[19  2 15  4 12]
np.random.permutation(males)[0:n_mar]
[17 20 15 11 16]
np.random.permutation(males)[0:n_mar]
[10 22  4  0 11]
np.random.permutation(males)[0:n_mar]
[ 5 17 23  4  3]
np.random.permutation(males)[0:n_mar]
[17  5  2 23 14]
np.random.permutation(males)[0:n_mar]
[21  0 16  7 23]
np.random.permutation(males)[0:n_mar]
[15  0  7 20 13]
np.random.permutation(males)[0:n_mar]
[13 22  6 23 17]
np.random.permutation(males)[0:n_mar]
[11 19 20  9  2]
np.random.permutation(males)[0:n_mar]
[23 21 13 16 20]
np.random.permutation(males)[0:n_mar]
[19  6 12 18 14]
np.random.permutation(males)[0:n_mar]
[ 7  8 16 12 11]
np.random.permutation(males)[0:n_mar]
[17  3 21 20 16]
np.random.permutation(males)[0:n_mar]
[13 19 16  8 10]
np.random.permutation(males)[0:n_mar]
[17 22  7 16 10]
np.random.permutation(males)[0:n_mar]
[ 0  6  1 23 17]
np.random.permutation(males)[0:n_mar]
[17 12 20  1  5]
np.random.permutation(males)[0:n_mar]
[ 0 14  4 15 23]
np.random.permutation(males)[0:n_mar]
[ 6 14 20 12 16]
np.random.permutation(males)[0:n_mar]
[ 4 13  5 10  8]
np.random.permutation(males)[0:n_mar]
[23 22  6 11 16]
np.random.permutation(males)[0:n_mar]
[21  1  2 15  6]
np.random.permutation(males)[0:n_mar]
[19  4 23 20  9]
np.random.permutation(males)[0:n_mar]
[14 20  4 23 22]
np.random.permutation(males)[0:n_mar]
[ 3 16 14 11 10]
np.random.permutation(males)[0:n_mar]
[19 10  0 20  6]
np.random.permutation(males)[0:n_mar]
[ 9 17  7 15  3]
np.random.permutation(males)[0:n_mar]
[19 22  5  0  8]
np.random.permutation(males)[0:n_mar]
[23 15 16  0 21]
np.random.permutation(males)[0:n_mar]
[ 6 13  4 10 11]
np.random.permutation(males)[0:n_mar]
[ 0  2 20  9 19]
np.random.permutation(males)[0:n_mar]
[ 9 16 19 13  3]
np.random.permutation(males)[0:n_mar]
[10  8  1 21  5]
np.random.permutation(males)[0:n_mar]
[11  6 14 21 23]
np.random.permutation(males)[0:n_mar]
[ 5  4  7 11  0]
np.random.permutation(males)[0:n_mar]
[19 18  1 22 11]
np.random.permutation(males)[0:n_mar]
[19 10  4 16 15]
np.random.permutation(males)[0:n_mar]
[17 13  2  9 15]
np.random.permutation(males)[0:n_mar]
[18  9 23 12  0]
np.random.permutation(males)[0:n_mar]
[ 9 14  8 10  6]
np.random.permutation(males)[0:n_mar]
[ 0 12 15  7  8]
np.random.permutation(males)[0:n_mar]
[ 8 12 17 10  2]
np.random.permutation(males)[0:n_mar]
[21 12 10  0  3]
np.random.permutation(males)[0:n_mar]
[16 20  6 15  8]
np.random.permutation(males)[0:n_mar]
[10 23  0  9  7]
np.random.permutation(males)[0:n_mar]
[12  4  8  6  0]
np.random.permutation(males)[0:n_mar]
[16 20 13 18 17]
np.random.permutation(males)[0:n_mar]
[10  5 12 15 11]
np.random.permutation(males)[0:n_mar]
[10 20  8  6 11]
np.random.permutation(males)[0:n_mar]
[ 7 23  1 18 11]
np.random.permutation(males)[0:n_mar]
[ 5 11 17 10 21]
np.random.permutation(males)[0:n_mar]
[11  0 23 14 19]
np.random.permutation(males)[0:n_mar]
[20 21  0 22 17]
np.random.permutation(males)[0:n_mar]
[11  7 12 22  2]
np.random.permutation(males)[0:n_mar]
[22 17 16 23 15]
np.random.permutation(males)[0:n_mar]
[ 8 21 22 13 16]
np.random.permutation(males)[0:n_mar]
[16  3 12 15  5]
np.random.permutation(males)[0:n_mar]
[ 6  4 20  2 13]
np.random.permutation(males)[0:n_mar]
[20 15 23 12  2]
np.random.permutation(males)[0:n_mar]
[19  3  0  7  9]
np.random.permutation(males)[0:n_mar]
[ 7 21 23 11  6]
np.random.permutation(males)[0:n_mar]
[17  9 18  1 10]
np.random.permutation(males)[0:n_mar]
[12  8 14  6  7]
np.random.permutation(males)[0:n_mar]
[12 18  2  5 22]
np.random.permutation(males)[0:n_mar]
[10  6 20  9 23]
np.random.permutation(males)[0:n_mar]
[11  9 10 13 15]
np.random.permutation(males)[0:n_mar]
[19 18 14  7 21]
np.random.permutation(males)[0:n_mar]
[ 3  9 22  0 23]
np.random.permutation(males)[0:n_mar]
[ 6 14 11 12  7]
np.random.permutation(males)[0:n_mar]
[ 9 21  5 19  8]
np.random.permutation(males)[0:n_mar]
[ 6  1  8 21 17]
np.random.permutation(males)[0:n_mar]
[11 19  9 10 22]
np.random.permutation(males)[0:n_mar]
[12 15 19 23 10]
np.random.permutation(males)[0:n_mar]
[ 5 14 21  6  4]
np.random.permutation(males)[0:n_mar]
[19  0 18  6  3]
np.random.permutation(males)[0:n_mar]
[ 5  4 17 11  8]
np.random.permutation(males)[0:n_mar]
[ 8  5 21 18 14]
np.random.permutation(males)[0:n_mar]
[22 21  9 18 14]
np.random.permutation(males)[0:n_mar]
[ 0 19  3  4 21]
np.random.permutation(males)[0:n_mar]
[16  1 14 15 23]
np.random.permutation(males)[0:n_mar]
[17 11 13 22  7]
np.random.permutation(males)[0:n_mar]
[ 6  0 16  7 11]
np.random.permutation(males)[0:n_mar]
[ 8  1  9 11  6]
np.random.permutation(males)[0:n_mar]
[17  7  9 10 18]
np.random.permutation(males)[0:n_mar]
[11 20  7  2 21]
np.random.permutation(males)[0:n_mar]
[17  2  8 22 12]
np.random.permutation(males)[0:n_mar]
[14  3 22  5 16]
np.random.permutation(males)[0:n_mar]
[14 12 19 22 20]
np.random.permutation(males)[0:n_mar]
[ 8  9 14 10 20]
np.random.permutation(males)[0:n_mar]
[11  8 12  7 18]
np.random.permutation(males)[0:n_mar]
[ 3  9 14 16 21]
np.random.permutation(males)[0:n_mar]
[ 3  7 22 15 11]
np.random.permutation(males)[0:n_mar]
[ 3  8 13 23  9]
np.random.permutation(males)[0:n_mar]
[ 9 23  3  5  0]
np.random.permutation(males)[0:n_mar]
[18 21 22 14 17]
np.random.permutation(males)[0:n_mar]
[ 1  5  2 10 20]
np.random.permutation(males)[0:n_mar]
[18 15  3  7 20]
np.random.permutation(males)[0:n_mar]
[20  1 14 21  0]
np.random.permutation(males)[0:n_mar]
[10  5  2 17  4]
np.random.permutation(males)[0:n_mar]
[ 2  7  5 11  3]
np.random.permutation(males)[0:n_mar]
[ 2 22  3 13  6]
np.random.permutation(males)[0:n_mar]
[17  1 18 15 12]
np.random.permutation(males)[0:n_mar]
[ 4 21  6 17 12]
np.random.permutation(males)[0:n_mar]
[22 15  4  6  1]
np.random.permutation(males)[0:n_mar]
[19 21 14  2  9]
np.random.permutation(males)[0:n_mar]
[15 21 20  7  5]
np.random.permutation(males)[0:n_mar]
[11 22 12 10 16]
np.random.permutation(males)[0:n_mar]
[20  7  8  9 23]
np.random.permutation(males)[0:n_mar]
[ 1  6 14 12 20]
np.random.permutation(males)[0:n_mar]
[10  0  2 23  6]
np.random.permutation(males)[0:n_mar]
[16  8 13 21 10]
np.random.permutation(males)[0:n_mar]
[20  1 10 19 11]
np.random.permutation(males)[0:n_mar]
[ 2  5  4 14 18]
np.random.permutation(males)[0:n_mar]
[13  3 14 22  2]
np.random.permutation(males)[0:n_mar]
[18 22  8  2  7]
np.random.permutation(males)[0:n_mar]
[ 9 12  7 17 15]
np.random.permutation(males)[0:n_mar]
[10  3 16 22 17]
np.random.permutation(males)[0:n_mar]
[17  6  3 12  8]
np.random.permutation(males)[0:n_mar]
[ 3 11 23 17 18]
np.random.permutation(males)[0:n_mar]
[23  8  6 19 14]
np.random.permutation(males)[0:n_mar]
[ 1 18  5  0  4]
np.random.permutation(males)[0:n_mar]
[ 1 16 17  6 14]
np.random.permutation(males)[0:n_mar]
[ 7 12 11  6 21]
np.random.permutation(males)[0:n_mar]
[11  8  6  4  1]
np.random.permutation(males)[0:n_mar]
[11 19 23 17 14]
np.random.permutation(males)[0:n_mar]
[10 16 15 14 12]
np.random.permutation(males)[0:n_mar]
[20  8 18  2  1]
np.random.permutation(males)[0:n_mar]
[20 11  9 10  2]
np.random.permutation(males)[0:n_mar]
[23  8  1 20 22]
np.random.permutation(males)[0:n_mar]
[11  4 18 21 20]
np.random.permutation(males)[0:n_mar]
[20  0 17 19  6]
np.random.permutation(males)[0:n_mar]
[ 4 22  5  6  9]
np.random.permutation(males)[0:n_mar]
[ 7 19  4  0 20]
np.random.permutation(males)[0:n_mar]
[15 11  2  5  3]
np.random.permutation(males)[0:n_mar]
[22  6  8 14 23]
np.random.permutation(males)[0:n_mar]
[21 12  1  6  9]
np.random.permutation(males)[0:n_mar]
[21  1 14 17 22]
np.random.permutation(males)[0:n_mar]
[12  9  7 19  8]
np.random.permutation(males)[0:n_mar]
[14  1 21  5  6]
np.random.permutation(males)[0:n_mar]
[13 10  0 15  6]
np.random.permutation(males)[0:n_mar]
[ 7 17 19  3 11]
np.random.permutation(males)[0:n_mar]
[ 2  1 17 15 13]
np.random.permutation(males)[0:n_mar]
[ 2  1 23  7  6]
np.random.permutation(males)[0:n_mar]
[ 1  5  8 17 11]
np.random.permutation(males)[0:n_mar]
[19  9 13 14 11]
np.random.permutation(males)[0:n_mar]
[20 22 19 10  3]
np.random.permutation(males)[0:n_mar]
[ 7  8 19 21 18]
np.random.permutation(males)[0:n_mar]
[14  2  6  0 13]
np.random.permutation(males)[0:n_mar]
[13  3 23 11  9]
np.random.permutation(males)[0:n_mar]
[11  5  0  3  8]
np.random.permutation(males)[0:n_mar]
[23 10  5 18  8]
np.random.permutation(males)[0:n_mar]
[ 8 10  4  5 18]
np.random.permutation(males)[0:n_mar]
[ 4 15  2  5  7]
np.random.permutation(males)[0:n_mar]
[20 12  6  3 10]
np.random.permutation(males)[0:n_mar]
[20  2 16  5 19]
np.random.permutation(males)[0:n_mar]
[ 3  7 21 22  5]
np.random.permutation(males)[0:n_mar]
[12 21 20 17 22]
np.random.permutation(males)[0:n_mar]
[12  5 20 14  3]
np.random.permutation(males)[0:n_mar]
[23 21 10 14  2]
np.random.permutation(males)[0:n_mar]
[21  4  0 10 23]
np.random.permutation(males)[0:n_mar]
[23  2 13 11 19]
np.random.permutation(males)[0:n_mar]
[17 14  9 20 10]
np.random.permutation(males)[0:n_mar]
[10  4 13 21  1]
np.random.permutation(males)[0:n_mar]
[10 16  2 18 13]
np.random.permutation(males)[0:n_mar]
[23 10  0 16 22]
np.random.permutation(males)[0:n_mar]
[23 20  9 13 18]
np.random.permutation(males)[0:n_mar]
[15  5  4  1  0]
np.random.permutation(males)[0:n_mar]
[ 5  6  0 21 13]
np.random.permutation(males)[0:n_mar]
[ 4 13 22 15  6]
np.random.permutation(males)[0:n_mar]
[ 8 14 21 19  7]
np.random.permutation(males)[0:n_mar]
[ 0 11 18  2  7]
np.random.permutation(males)[0:n_mar]
[20  2 17 18 14]
np.random.permutation(males)[0:n_mar]
[ 4 13 23 15  0]
np.random.permutation(males)[0:n_mar]
[12 14  1  4 16]
np.random.permutation(males)[0:n_mar]
[ 4  3 10 20 17]
np.random.permutation(males)[0:n_mar]
[ 9  7  0  6 16]
np.random.permutation(males)[0:n_mar]
[12  9 15  4  1]
np.random.permutation(males)[0:n_mar]
[10 20  5  9  0]
np.random.permutation(males)[0:n_mar]
[13 12 21 20 22]
np.random.permutation(males)[0:n_mar]
[12 16  3 22 23]
np.random.permutation(males)[0:n_mar]
[ 3 15 13  0  4]
np.random.permutation(males)[0:n_mar]
[10 13  6 14  5]
np.random.permutation(males)[0:n_mar]
[ 8  9 20 22 23]
np.random.permutation(males)[0:n_mar]
[ 3 13  9  5 12]
np.random.permutation(males)[0:n_mar]
[ 4 16  0 19  1]
np.random.permutation(males)[0:n_mar]
[ 3  8 12  9 20]
np.random.permutation(males)[0:n_mar]
[13 10 22  7 23]
np.random.permutation(males)[0:n_mar]
[16 15  5 22 14]
np.random.permutation(males)[0:n_mar]
[ 5 15  1  3 17]
np.random.permutation(males)[0:n_mar]
[ 7  6  3 17 18]
np.random.permutation(males)[0:n_mar]
[19  0 10 11 22]
np.random.permutation(males)[0:n_mar]
[23  3 19 22 15]
np.random.permutation(males)[0:n_mar]
[ 4 11  2 15 23]
np.random.permutation(males)[0:n_mar]
[17 12 23 22 11]
np.random.permutation(males)[0:n_mar]
[ 3  4 14 22 23]
np.random.permutation(males)[0:n_mar]
[ 1  0 21  8  6]
np.random.permutation(males)[0:n_mar]
[10 22  8 14  3]
np.random.permutation(males)[0:n_mar]
[10  7 20 19  1]
np.random.permutation(males)[0:n_mar]
[19 23 10  0 22]
np.random.permutation(males)[0:n_mar]
[ 0 17 10 20  8]
np.random.permutation(males)[0:n_mar]
[11  1  2 15 19]
np.random.permutation(males)[0:n_mar]
[10 14  5 20  4]
np.random.permutation(males)[0:n_mar]
[18 21  9 10 22]
np.random.permutation(males)[0:n_mar]
[17 13 20 10  1]
np.random.permutation(males)[0:n_mar]
[ 5 22 13 14 11]
np.random.permutation(males)[0:n_mar]
[14 11 20  7 17]
np.random.permutation(males)[0:n_mar]
[ 2  6 14  3  8]
np.random.permutation(males)[0:n_mar]
[ 7 16 11  8  4]
np.random.permutation(males)[0:n_mar]
[23 16  0  6  8]
np.random.permutation(males)[0:n_mar]
[12 17  4 16  6]
np.random.permutation(males)[0:n_mar]
[ 6 21  4 10 13]
np.random.permutation(males)[0:n_mar]
[14 19  1 16 20]
np.random.permutation(males)[0:n_mar]
[ 8 10 15  7 21]
np.random.permutation(males)[0:n_mar]
[21  3 15 20  7]
np.random.permutation(males)[0:n_mar]
[ 6 14 18  2 13]
np.random.permutation(males)[0:n_mar]
[ 3 22 13 15  2]
np.random.permutation(males)[0:n_mar]
[ 1 18  4  6 21]
np.random.permutation(males)[0:n_mar]
[17 18 22  5 13]
np.random.permutation(males)[0:n_mar]
[ 0 21 17 11 19]
np.random.permutation(males)[0:n_mar]
[ 9 21  7 17 13]
np.random.permutation(males)[0:n_mar]
[ 5  7  4 10  3]
np.random.permutation(males)[0:n_mar]
[14 22 11  9 10]
np.random.permutation(males)[0:n_mar]
[ 3 16 21 10 13]
np.random.permutation(males)[0:n_mar]
[23 14  5 11  3]
np.random.permutation(males)[0:n_mar]
[ 6  3 11  2  0]
np.random.permutation(males)[0:n_mar]
[19 15 21 14  8]
np.random.permutation(males)[0:n_mar]
[ 6 18 10 22 12]
